CC(C)(C)C(C)(C)C(C)C
CC(C)(C)C(C)(C)CCC
CC(C)(C)C(C)C(C)(C)C
CC(C)(C)C(C)C(C)CC
CC(C)(C)C(C)CC(C)C
CC(C)(C)C(C)CCCC
CC(C)(C)C(CC)(C)CC
CC(C)(C)C(CC)C(C)C
CC(C)(C)C(CC)CCC
CC(C)(C)CC(C)(C)CC
CC(C)(C)CC(C)C(C)C
CC(C)(C)CC(C)CCC
CC(C)(C)CC(CC)CC
CC(C)(C)CCC(C)(C)C
CC(C)(C)CCC(C)CC
CC(C)(C)CCCC(C)C
CC(C)(C)CCCCCC
CC(C)C(C(C)C)C(C)C
CC(C)C(C(C)C)CCC
CC(C)C(C)(C)C(C)CC
CC(C)C(C)(C)CC(C)C
CC(C)C(C)(C)CCCC
CC(C)C(C)C(C)(C)CC
CC(C)C(C)C(C)C(C)C
CC(C)C(C)C(C)CCC
CC(C)C(C)C(CC)CC
CC(C)C(C)CC(C)CC
CC(C)C(C)CCC(C)C
CC(C)C(C)CCCCC
CC(C)C(CC)(C)C(C)C
CC(C)C(CC)(C)CCC
CC(C)C(CC)(CC)CC
CC(C)C(CC)C(C)CC
CC(C)C(CC)CC(C)C
CC(C)C(CC)CCCC
CC(C)CC(C)(C)CCC
CC(C)CC(C)C(C)CC
CC(C)CC(C)CC(C)C
CC(C)CC(C)CCCC
CC(C)CC(CC)(C)CC
CC(C)CC(CC)CCC
CC(C)CCC(C)(C)CC
CC(C)CCC(C)CCC
CC(C)CCC(CC)CC
CC(C)CCCC(C)CC
CC(C)CCCCC(C)C
CC(C)CCCCCCC
CCC(C)(C)C(C)(C)CC
CCC(C)(C)C(C)CCC
CCC(C)(C)C(CC)CC
CCC(C)(C)CC(C)CC
CCC(C)(C)CCCCC
CCC(C)C(C)(C)CCC
CCC(C)C(C)C(C)CC
CCC(C)C(C)CCCC
CCC(C)C(CC)CCC
CCC(C)CC(C)CCC
CCC(C)CCC(C)CC
CCC(C)CCCCCC
CCC(CC)(C)C(C)CC
CCC(CC)(C)CCCC
CCC(CC)(CC)CCC
CCC(CC)C(C)CCC
CCC(CC)C(CC)CC
CCC(CC)CC(C)CC
CCC(CC)CCCCC
CCCC(C(C)C)CCC
CCCC(C)(C)CCCC
CCCC(C)C(C)CCC
CCCC(C)CCCCC
CCCC(CC)(C)CCC
CCCC(CC)CCCC
CCCC(CCC)CCC
CCCCC(C)CCCC
CCCCCCCCCC
