NN(C)N(N)N(N)NNN
NN(C)N(N)N(NN)NN
NN(C)N(N)NN(N)NN
NN(C)N(N)NNNNN
NN(C)N(NN)N(N)NN
NN(C)N(NN)NNNN
NN(C)NN(N)N(N)NN
NN(C)NN(N)NNNN
NN(C)NN(NN)NNN
NN(C)NNN(N)NNN
NN(C)NNN(NN)NN
NN(C)NNNN(N)NN
NN(C)NNNNNNN
NN(N)C(N(N)N)N(N)N
NN(N)C(N(N)N)NNN
NN(N)C(N)(N)N(N)NN
NN(N)C(N)(N)NNNN
NN(N)C(N)N(N)NNN
NN(N)C(N)N(NN)NN
NN(N)C(N)NN(N)NN
NN(N)C(N)NNNNN
NN(N)C(NN)(N)N(N)N
NN(N)C(NN)(N)NNN
NN(N)C(NN)(NN)NN
NN(N)C(NN)N(N)NN
NN(N)C(NN)NNNN
NN(N)CN(N)N(N)NN
NN(N)CN(N)NNNN
NN(N)CN(NN)NNN
NN(N)CNN(N)NNN
NN(N)CNN(NN)NN
NN(N)CNNN(N)NN
NN(N)CNNNNNN
NN(N)N(C(N)(N)N)NN
NN(N)N(C(N)N)N(N)N
NN(N)N(C(N)N)NNN
NN(N)N(C)N(N)NNN
NN(N)N(C)N(NN)NN
NN(N)N(C)NN(N)NN
NN(N)N(C)NNN(N)N
NN(N)N(C)NNNNN
NN(N)N(CN)N(N)NN
NN(N)N(CN)NN(N)N
NN(N)N(CN)NNNN
NN(N)N(N(C)N)N(N)N
NN(N)N(N(C)N)NNN
NN(N)N(N(N)N)CNN
NN(N)N(N(N)N)NCN
NN(N)N(N(N)N)NNC
NN(N)N(N)C(N)(N)NN
NN(N)N(N)C(N)N(N)N
NN(N)N(N)C(N)NNN
NN(N)N(N)C(NN)NN
NN(N)N(N)CN(N)NN
NN(N)N(N)CNN(N)N
NN(N)N(N)CNNNN
NN(N)N(N)N(C)N(N)N
NN(N)N(N)N(C)NNN
NN(N)N(N)N(CN)NN
NN(N)N(N)N(N)C(N)N
NN(N)N(N)N(N)CNN
NN(N)N(N)N(N)N(C)N
NN(N)N(N)N(N)NCN
NN(N)N(N)N(N)NNC
NN(N)N(N)N(NC)NN
NN(N)N(N)NC(N)(N)N
NN(N)N(N)NC(N)NN
NN(N)N(N)NCN(N)N
NN(N)N(N)NCNNN
NN(N)N(N)NN(C)NN
NN(N)N(N)NN(N)CN
NN(N)N(N)NN(N)NC
NN(N)N(N)NNC(N)N
NN(N)N(N)NNCNN
NN(N)N(N)NNN(C)N
NN(N)N(N)NNNCN
NN(N)N(N)NNNNC
NN(N)N(NC)N(N)NN
NN(N)N(NC)NN(N)N
NN(N)N(NC)NNNN
NN(N)N(NN)C(N)NN
NN(N)N(NN)CN(N)N
NN(N)N(NN)CNNN
NN(N)N(NN)N(C)NN
NN(N)N(NN)N(N)CN
NN(N)N(NN)N(N)NC
NN(N)N(NN)NC(N)N
NN(N)N(NN)NCNN
NN(N)N(NN)NN(C)N
NN(N)N(NN)NNCN
NN(N)N(NN)NNNC
NN(N)NC(N)(N)N(N)N
NN(N)NC(N)(N)NNN
NN(N)NC(N)N(N)NN
NN(N)NC(N)NN(N)N
NN(N)NC(N)NNNN
NN(N)NC(NN)(N)NN
NN(N)NC(NN)N(N)N
NN(N)NC(NN)NNN
NN(N)NCN(N)NNN
NN(N)NCN(NN)NN
NN(N)NCNN(N)NN
NN(N)NCNNNNN
NN(N)NN(C(N)N)NN
NN(N)NN(C)N(N)NN
NN(N)NN(C)NN(N)N
NN(N)NN(C)NNNN
NN(N)NN(CN)NNN
NN(N)NN(N)C(N)(N)N
NN(N)NN(N)C(N)NN
NN(N)NN(N)CN(N)N
NN(N)NN(N)CNNN
NN(N)NN(N)N(C)NN
NN(N)NN(N)N(N)CN
NN(N)NN(N)N(N)NC
NN(N)NN(N)NC(N)N
NN(N)NN(N)NCNN
NN(N)NN(N)NN(C)N
NN(N)NN(N)NNCN
NN(N)NN(N)NNNC
NN(N)NN(NC)NNN
NN(N)NN(NN)CNN
NN(N)NN(NN)N(C)N
NN(N)NN(NN)NCN
NN(N)NN(NN)NNC
NN(N)NNC(N)(N)NN
NN(N)NNC(N)N(N)N
NN(N)NNC(N)NNN
NN(N)NNC(NN)NN
NN(N)NNCN(N)NN
NN(N)NNCNN(N)N
NN(N)NNCNNNN
NN(N)NNN(C)NNN
NN(N)NNN(CN)NN
NN(N)NNN(N)C(N)N
NN(N)NNN(N)CNN
NN(N)NNN(N)N(C)N
NN(N)NNN(N)NCN
NN(N)NNN(N)NNC
NN(N)NNN(NC)NN
NN(N)NNNC(N)(N)N
NN(N)NNNC(N)NN
NN(N)NNNCN(N)N
NN(N)NNNCNNN
NN(N)NNNN(C)NN
NN(N)NNNN(N)CN
NN(N)NNNN(N)NC
NN(N)NNNNC(N)N
NN(N)NNNNCNN
NN(N)NNNNN(C)N
NN(N)NNNNNCN
NN(N)NNNNNNC
NNN(C(N)(N)N)NNN
NNN(C(N)N)N(N)NN
NNN(C(N)N)NNNN
NNN(C)N(N)NNNN
NNN(C)N(NN)NNN
NNN(C)NN(N)NNN
NNN(C)NNNNNN
NNN(CN)N(N)NNN
NNN(CN)NN(N)NN
NNN(CN)NNNNN
NNN(N)C(N)(N)NNN
NNN(N)C(N)N(N)NN
NNN(N)C(N)NNNN
NNN(N)C(NN)(N)NN
NNN(N)C(NN)NNN
NNN(N)CN(N)NNN
NNN(N)CNNNNN
NNN(N)N(C)N(N)NN
NNN(N)N(C)NNNN
NNN(N)N(CN)NNN
NNN(N)N(N)C(N)(N)N
NNN(N)N(N)C(N)NN
NNN(N)N(N)CNNN
NNN(N)N(N)N(C)NN
NNN(N)N(N)N(N)CN
NNN(N)N(N)N(N)NC
NNN(N)N(N)NC(N)N
NNN(N)N(N)NCNN
NNN(N)N(N)NNCN
NNN(N)N(N)NNNC
NNN(N)N(NC)NNN
NNN(N)N(NN)CNN
NNN(N)N(NN)NCN
NNN(N)N(NN)NNC
NNN(N)NC(N)(N)NN
NNN(N)NC(N)NNN
NNN(N)NC(NN)NN
NNN(N)NCN(N)NN
NNN(N)NCNNNN
NNN(N)NN(C)NNN
NNN(N)NN(N)C(N)N
NNN(N)NN(N)CNN
NNN(N)NN(N)NCN
NNN(N)NN(N)NNC
NNN(N)NNC(N)(N)N
NNN(N)NNC(N)NN
NNN(N)NNCNNN
NNN(N)NNN(C)NN
NNN(N)NNN(N)CN
NNN(N)NNN(N)NC
NNN(N)NNNC(N)N
NNN(N)NNNCNN
NNN(N)NNNNCN
NNN(N)NNNNNC
NNN(NC)N(N)NNN
NNN(NC)NN(N)NN
NNN(NC)NNNNN
NNN(NN)C(N)(N)NN
NNN(NN)C(N)NNN
NNN(NN)C(NN)NN
NNN(NN)CN(N)NN
NNN(NN)CNNNN
NNN(NN)N(C)NNN
NNN(NN)N(CN)NN
NNN(NN)N(N)C(N)N
NNN(NN)N(N)CNN
NNN(NN)N(N)NCN
NNN(NN)N(N)NNC
NNN(NN)N(NC)NN
NNN(NN)NC(N)(N)N
NNN(NN)NC(N)NN
NNN(NN)NCNNN
NNN(NN)NN(C)NN
NNN(NN)NN(N)CN
NNN(NN)NN(N)NC
NNN(NN)NNC(N)N
NNN(NN)NNCNN
NNN(NN)NNNCN
NNN(NN)NNNNC
NNNC(N(N)N)NNN
NNNC(NN)(N)NNN
NNNC(NN)(NN)NN
NNNC(NNN)NNN
NNNN(C(N)N)NNN
NNNN(C)NNNNN
NNNN(CN)NNNN
NNNN(CNN)NNN
NNNN(N(C)N)NNN
NNNN(N(N)N)CNN
NNNN(N(N)N)NCN
NNNN(N(N)N)NNC
NNNN(N)C(N)(N)NN
NNNN(N)C(N)NNN
NNNN(N)C(NN)NN
NNNN(N)CNNNN
NNNN(N)N(C)NNN
NNNN(N)N(N)C(N)N
NNNN(N)N(N)CNN
NNNN(N)N(N)NCN
NNNN(N)N(N)NNC
NNNN(N)NC(N)(N)N
NNNN(N)NC(N)NN
NNNN(N)NCNNN
NNNN(N)NN(N)CN
NNNN(N)NN(N)NC
NNNN(N)NNC(N)N
NNNN(N)NNCNN
NNNN(N)NNNCN
NNNN(N)NNNNC
NNNN(NC)NNNN
NNNN(NCN)NNN
NNNN(NN)C(N)NN
NNNN(NN)CNNN
NNNN(NN)N(N)CN
NNNN(NN)N(N)NC
NNNN(NN)NC(N)N
NNNN(NN)NCNN
NNNN(NN)NNCN
NNNN(NN)NNNC
NNNN(NNC)NNN
NNNNC(N)(N)NNN
NNNNC(N)NNNN
NNNNC(NN)(N)NN
NNNNC(NN)NNN
NNNNN(C)NNNN
NNNNN(N)C(N)(N)N
NNNNN(N)C(N)NN
NNNNN(N)CNNN
NNNNN(N)N(N)CN
NNNNN(N)N(N)NC
NNNNN(N)NC(N)N
NNNNN(N)NCNN
NNNNN(N)NNCN
NNNNN(N)NNNC
NNNNN(NN)CNN
NNNNN(NN)NCN
NNNNN(NN)NNC
NNNNNC(N)(N)NN
NNNNNC(N)NNN
NNNNNC(NN)NN
NNNNNCNNNN
NNNNNN(N)C(N)N
NNNNNN(N)CNN
NNNNNN(N)NCN
NNNNNN(N)NNC
NNNNNNC(N)(N)N
NNNNNNC(N)NN
NNNNNNCNNN
NNNNNNN(N)CN
NNNNNNN(N)NC
NNNNNNNC(N)N
NNNNNNNCNN
NNNNNNNNCN
NNNNNNNNNC
