SiSi(C)Si(Si)(Si)Si(Si)SiSi
SiSi(C)Si(Si)(Si)SiSiSiSi
SiSi(C)Si(Si)Si(Si)(Si)SiSi
SiSi(C)Si(Si)Si(Si)SiSiSi
SiSi(C)Si(Si)Si(SiSi)SiSi
SiSi(C)Si(Si)SiSi(Si)SiSi
SiSi(C)Si(Si)SiSiSiSiSi
SiSi(C)Si(SiSi)(Si)SiSiSi
SiSi(C)Si(SiSi)(SiSi)SiSi
SiSi(C)Si(SiSi)Si(Si)SiSi
SiSi(C)Si(SiSi)SiSiSiSi
SiSi(C)SiSi(Si)(Si)SiSiSi
SiSi(C)SiSi(Si)Si(Si)SiSi
SiSi(C)SiSi(Si)SiSiSiSi
SiSi(C)SiSi(SiSi)(Si)SiSi
SiSi(C)SiSi(SiSi)SiSiSi
SiSi(C)SiSiSi(Si)(Si)SiSi
SiSi(C)SiSiSi(Si)SiSiSi
SiSi(C)SiSiSi(SiSi)SiSi
SiSi(C)SiSiSiSi(Si)SiSi
SiSi(C)SiSiSiSiSiSiSi
SiSi(Si)(C)Si(Si)(Si)Si(Si)Si
SiSi(Si)(C)Si(Si)(Si)SiSiSi
SiSi(Si)(C)Si(Si)Si(Si)SiSi
SiSi(Si)(C)Si(Si)SiSi(Si)Si
SiSi(Si)(C)Si(Si)SiSiSiSi
SiSi(Si)(C)Si(SiSi)(Si)SiSi
SiSi(Si)(C)Si(SiSi)Si(Si)Si
SiSi(Si)(C)Si(SiSi)SiSiSi
SiSi(Si)(C)SiSi(Si)(Si)SiSi
SiSi(Si)(C)SiSi(Si)Si(Si)Si
SiSi(Si)(C)SiSi(Si)SiSiSi
SiSi(Si)(C)SiSi(SiSi)SiSi
SiSi(Si)(C)SiSiSi(Si)SiSi
SiSi(Si)(C)SiSiSiSi(Si)Si
SiSi(Si)(C)SiSiSiSiSiSi
SiSi(Si)(Si)C(Si)(Si)Si(Si)Si
SiSi(Si)(Si)C(Si)(Si)SiSiSi
SiSi(Si)(Si)C(Si)Si(Si)(Si)Si
SiSi(Si)(Si)C(Si)Si(Si)SiSi
SiSi(Si)(Si)C(Si)SiSi(Si)Si
SiSi(Si)(Si)C(Si)SiSiSiSi
SiSi(Si)(Si)C(SiSi)(Si)SiSi
SiSi(Si)(Si)C(SiSi)Si(Si)Si
SiSi(Si)(Si)C(SiSi)SiSiSi
SiSi(Si)(Si)CSi(Si)(Si)SiSi
SiSi(Si)(Si)CSi(Si)Si(Si)Si
SiSi(Si)(Si)CSi(Si)SiSiSi
SiSi(Si)(Si)CSi(SiSi)SiSi
SiSi(Si)(Si)CSiSi(Si)SiSi
SiSi(Si)(Si)CSiSiSi(Si)Si
SiSi(Si)(Si)CSiSiSiSiSi
SiSi(Si)(Si)Si(C(Si)Si)SiSi
SiSi(Si)(Si)Si(C)Si(Si)(Si)Si
SiSi(Si)(Si)Si(C)Si(Si)SiSi
SiSi(Si)(Si)Si(C)SiSi(Si)Si
SiSi(Si)(Si)Si(C)SiSiSiSi
SiSi(Si)(Si)Si(CSi)(Si)SiSi
SiSi(Si)(Si)Si(CSi)Si(Si)Si
SiSi(Si)(Si)Si(CSi)SiSiSi
SiSi(Si)(Si)Si(Si)(C)Si(Si)Si
SiSi(Si)(Si)Si(Si)(C)SiSiSi
SiSi(Si)(Si)Si(Si)(Si)C(Si)Si
SiSi(Si)(Si)Si(Si)(Si)CSiSi
SiSi(Si)(Si)Si(Si)(Si)Si(C)Si
SiSi(Si)(Si)Si(Si)(Si)SiCSi
SiSi(Si)(Si)Si(Si)(Si)SiSiC
SiSi(Si)(Si)Si(Si)C(Si)(Si)Si
SiSi(Si)(Si)Si(Si)C(Si)SiSi
SiSi(Si)(Si)Si(Si)CSi(Si)Si
SiSi(Si)(Si)Si(Si)CSiSiSi
SiSi(Si)(Si)Si(Si)Si(C)SiSi
SiSi(Si)(Si)Si(Si)Si(Si)(C)Si
SiSi(Si)(Si)Si(Si)Si(Si)CSi
SiSi(Si)(Si)Si(Si)Si(Si)SiC
SiSi(Si)(Si)Si(Si)SiC(Si)Si
SiSi(Si)(Si)Si(Si)SiCSiSi
SiSi(Si)(Si)Si(Si)SiSi(C)Si
SiSi(Si)(Si)Si(Si)SiSiCSi
SiSi(Si)(Si)Si(Si)SiSiSiC
SiSi(Si)(Si)Si(SiC)(Si)SiSi
SiSi(Si)(Si)Si(SiC)Si(Si)Si
SiSi(Si)(Si)Si(SiC)SiSiSi
SiSi(Si)(Si)Si(SiSi)(C)SiSi
SiSi(Si)(Si)Si(SiSi)CSiSi
SiSi(Si)(Si)Si(SiSi)Si(C)Si
SiSi(Si)(Si)Si(SiSi)SiCSi
SiSi(Si)(Si)Si(SiSi)SiSiC
SiSi(Si)(Si)SiC(Si)(Si)SiSi
SiSi(Si)(Si)SiC(Si)Si(Si)Si
SiSi(Si)(Si)SiC(Si)SiSiSi
SiSi(Si)(Si)SiC(SiSi)SiSi
SiSi(Si)(Si)SiCSi(Si)(Si)Si
SiSi(Si)(Si)SiCSi(Si)SiSi
SiSi(Si)(Si)SiCSiSi(Si)Si
SiSi(Si)(Si)SiCSiSiSiSi
SiSi(Si)(Si)SiSi(C)Si(Si)Si
SiSi(Si)(Si)SiSi(C)SiSiSi
SiSi(Si)(Si)SiSi(CSi)SiSi
SiSi(Si)(Si)SiSi(Si)(C)SiSi
SiSi(Si)(Si)SiSi(Si)(Si)CSi
SiSi(Si)(Si)SiSi(Si)(Si)SiC
SiSi(Si)(Si)SiSi(Si)C(Si)Si
SiSi(Si)(Si)SiSi(Si)CSiSi
SiSi(Si)(Si)SiSi(Si)Si(C)Si
SiSi(Si)(Si)SiSi(Si)SiCSi
SiSi(Si)(Si)SiSi(Si)SiSiC
SiSi(Si)(Si)SiSi(SiC)SiSi
SiSi(Si)(Si)SiSiC(Si)(Si)Si
SiSi(Si)(Si)SiSiC(Si)SiSi
SiSi(Si)(Si)SiSiCSi(Si)Si
SiSi(Si)(Si)SiSiCSiSiSi
SiSi(Si)(Si)SiSiSi(C)SiSi
SiSi(Si)(Si)SiSiSi(Si)(C)Si
SiSi(Si)(Si)SiSiSi(Si)CSi
SiSi(Si)(Si)SiSiSi(Si)SiC
SiSi(Si)(Si)SiSiSiC(Si)Si
SiSi(Si)(Si)SiSiSiCSiSi
SiSi(Si)(Si)SiSiSiSi(C)Si
SiSi(Si)(Si)SiSiSiSiCSi
SiSi(Si)(Si)SiSiSiSiSiC
SiSi(Si)C(Si(Si)Si)Si(Si)Si
SiSi(Si)C(Si(Si)Si)SiSiSi
SiSi(Si)C(Si)(Si)Si(Si)SiSi
SiSi(Si)C(Si)(Si)SiSiSiSi
SiSi(Si)C(Si)Si(Si)(Si)SiSi
SiSi(Si)C(Si)Si(Si)SiSiSi
SiSi(Si)C(Si)Si(SiSi)SiSi
SiSi(Si)C(Si)SiSi(Si)SiSi
SiSi(Si)C(Si)SiSiSiSiSi
SiSi(Si)C(SiSi)(Si)Si(Si)Si
SiSi(Si)C(SiSi)(Si)SiSiSi
SiSi(Si)C(SiSi)(SiSi)SiSi
SiSi(Si)C(SiSi)Si(Si)SiSi
SiSi(Si)C(SiSi)SiSiSiSi
SiSi(Si)CSi(Si)(Si)SiSiSi
SiSi(Si)CSi(Si)Si(Si)SiSi
SiSi(Si)CSi(Si)SiSiSiSi
SiSi(Si)CSi(SiSi)(Si)SiSi
SiSi(Si)CSi(SiSi)SiSiSi
SiSi(Si)CSiSi(Si)(Si)SiSi
SiSi(Si)CSiSi(Si)SiSiSi
SiSi(Si)CSiSi(SiSi)SiSi
SiSi(Si)CSiSiSi(Si)SiSi
SiSi(Si)CSiSiSiSiSiSi
SiSi(Si)Si(C(Si)(Si)Si)SiSi
SiSi(Si)Si(C(Si)Si)(Si)SiSi
SiSi(Si)Si(C(Si)Si)Si(Si)Si
SiSi(Si)Si(C(Si)Si)SiSiSi
SiSi(Si)Si(C)Si(Si)(Si)SiSi
SiSi(Si)Si(C)Si(Si)SiSiSi
SiSi(Si)Si(C)Si(SiSi)SiSi
SiSi(Si)Si(C)SiSi(Si)SiSi
SiSi(Si)Si(C)SiSiSi(Si)Si
SiSi(Si)Si(C)SiSiSiSiSi
SiSi(Si)Si(CSi)(Si)Si(Si)Si
SiSi(Si)Si(CSi)(Si)SiSiSi
SiSi(Si)Si(CSi)Si(Si)SiSi
SiSi(Si)Si(CSi)SiSi(Si)Si
SiSi(Si)Si(CSi)SiSiSiSi
SiSi(Si)Si(Si(C)Si)Si(Si)Si
SiSi(Si)Si(Si(C)Si)SiSiSi
SiSi(Si)Si(Si(Si)Si)CSiSi
SiSi(Si)Si(Si(Si)Si)SiCSi
SiSi(Si)Si(Si(Si)Si)SiSiC
SiSi(Si)Si(Si)(C)Si(Si)SiSi
SiSi(Si)Si(Si)(C)SiSi(Si)Si
SiSi(Si)Si(Si)(C)SiSiSiSi
SiSi(Si)Si(Si)(Si)C(Si)(Si)Si
SiSi(Si)Si(Si)(Si)C(Si)SiSi
SiSi(Si)Si(Si)(Si)CSi(Si)Si
SiSi(Si)Si(Si)(Si)CSiSiSi
SiSi(Si)Si(Si)(Si)Si(C)SiSi
SiSi(Si)Si(Si)(Si)Si(Si)CSi
SiSi(Si)Si(Si)(Si)Si(Si)SiC
SiSi(Si)Si(Si)(Si)SiC(Si)Si
SiSi(Si)Si(Si)(Si)SiCSiSi
SiSi(Si)Si(Si)(Si)SiSi(C)Si
SiSi(Si)Si(Si)(Si)SiSiCSi
SiSi(Si)Si(Si)(Si)SiSiSiC
SiSi(Si)Si(Si)C(Si)(Si)SiSi
SiSi(Si)Si(Si)C(Si)Si(Si)Si
SiSi(Si)Si(Si)C(Si)SiSiSi
SiSi(Si)Si(Si)C(SiSi)SiSi
SiSi(Si)Si(Si)CSi(Si)SiSi
SiSi(Si)Si(Si)CSiSi(Si)Si
SiSi(Si)Si(Si)CSiSiSiSi
SiSi(Si)Si(Si)Si(C)Si(Si)Si
SiSi(Si)Si(Si)Si(C)SiSiSi
SiSi(Si)Si(Si)Si(CSi)SiSi
SiSi(Si)Si(Si)Si(Si)(C)SiSi
SiSi(Si)Si(Si)Si(Si)(Si)CSi
SiSi(Si)Si(Si)Si(Si)(Si)SiC
SiSi(Si)Si(Si)Si(Si)C(Si)Si
SiSi(Si)Si(Si)Si(Si)CSiSi
SiSi(Si)Si(Si)Si(Si)Si(C)Si
SiSi(Si)Si(Si)Si(Si)SiCSi
SiSi(Si)Si(Si)Si(Si)SiSiC
SiSi(Si)Si(Si)Si(SiC)SiSi
SiSi(Si)Si(Si)SiC(Si)(Si)Si
SiSi(Si)Si(Si)SiC(Si)SiSi
SiSi(Si)Si(Si)SiCSi(Si)Si
SiSi(Si)Si(Si)SiCSiSiSi
SiSi(Si)Si(Si)SiSi(C)SiSi
SiSi(Si)Si(Si)SiSi(Si)CSi
SiSi(Si)Si(Si)SiSi(Si)SiC
SiSi(Si)Si(Si)SiSiC(Si)Si
SiSi(Si)Si(Si)SiSiCSiSi
SiSi(Si)Si(Si)SiSiSi(C)Si
SiSi(Si)Si(Si)SiSiSiCSi
SiSi(Si)Si(Si)SiSiSiSiC
SiSi(Si)Si(SiC)(Si)Si(Si)Si
SiSi(Si)Si(SiC)(Si)SiSiSi
SiSi(Si)Si(SiC)Si(Si)SiSi
SiSi(Si)Si(SiC)SiSi(Si)Si
SiSi(Si)Si(SiC)SiSiSiSi
SiSi(Si)Si(SiSi)(C)Si(Si)Si
SiSi(Si)Si(SiSi)(C)SiSiSi
SiSi(Si)Si(SiSi)(CSi)SiSi
SiSi(Si)Si(SiSi)(Si)CSiSi
SiSi(Si)Si(SiSi)(Si)Si(C)Si
SiSi(Si)Si(SiSi)(Si)SiCSi
SiSi(Si)Si(SiSi)(Si)SiSiC
SiSi(Si)Si(SiSi)(SiC)SiSi
SiSi(Si)Si(SiSi)C(Si)SiSi
SiSi(Si)Si(SiSi)CSi(Si)Si
SiSi(Si)Si(SiSi)CSiSiSi
SiSi(Si)Si(SiSi)Si(C)SiSi
SiSi(Si)Si(SiSi)Si(Si)CSi
SiSi(Si)Si(SiSi)Si(Si)SiC
SiSi(Si)Si(SiSi)SiC(Si)Si
SiSi(Si)Si(SiSi)SiCSiSi
SiSi(Si)Si(SiSi)SiSi(C)Si
SiSi(Si)Si(SiSi)SiSiCSi
SiSi(Si)Si(SiSi)SiSiSiC
SiSi(Si)SiC(Si)(Si)Si(Si)Si
SiSi(Si)SiC(Si)(Si)SiSiSi
SiSi(Si)SiC(Si)Si(Si)SiSi
SiSi(Si)SiC(Si)SiSi(Si)Si
SiSi(Si)SiC(Si)SiSiSiSi
SiSi(Si)SiC(SiSi)(Si)SiSi
SiSi(Si)SiC(SiSi)Si(Si)Si
SiSi(Si)SiC(SiSi)SiSiSi
SiSi(Si)SiCSi(Si)(Si)SiSi
SiSi(Si)SiCSi(Si)SiSiSi
SiSi(Si)SiCSi(SiSi)SiSi
SiSi(Si)SiCSiSi(Si)SiSi
SiSi(Si)SiCSiSiSiSiSi
SiSi(Si)SiSi(C(Si)Si)SiSi
SiSi(Si)SiSi(C)Si(Si)SiSi
SiSi(Si)SiSi(C)SiSi(Si)Si
SiSi(Si)SiSi(C)SiSiSiSi
SiSi(Si)SiSi(CSi)(Si)SiSi
SiSi(Si)SiSi(CSi)SiSiSi
SiSi(Si)SiSi(Si)(C)SiSiSi
SiSi(Si)SiSi(Si)(Si)C(Si)Si
SiSi(Si)SiSi(Si)(Si)CSiSi
SiSi(Si)SiSi(Si)(Si)Si(C)Si
SiSi(Si)SiSi(Si)(Si)SiCSi
SiSi(Si)SiSi(Si)(Si)SiSiC
SiSi(Si)SiSi(Si)C(Si)(Si)Si
SiSi(Si)SiSi(Si)C(Si)SiSi
SiSi(Si)SiSi(Si)CSi(Si)Si
SiSi(Si)SiSi(Si)CSiSiSi
SiSi(Si)SiSi(Si)Si(C)SiSi
SiSi(Si)SiSi(Si)Si(Si)CSi
SiSi(Si)SiSi(Si)Si(Si)SiC
SiSi(Si)SiSi(Si)SiC(Si)Si
SiSi(Si)SiSi(Si)SiCSiSi
SiSi(Si)SiSi(Si)SiSi(C)Si
SiSi(Si)SiSi(Si)SiSiCSi
SiSi(Si)SiSi(Si)SiSiSiC
SiSi(Si)SiSi(SiC)(Si)SiSi
SiSi(Si)SiSi(SiC)SiSiSi
SiSi(Si)SiSi(SiSi)(C)SiSi
SiSi(Si)SiSi(SiSi)CSiSi
SiSi(Si)SiSi(SiSi)Si(C)Si
SiSi(Si)SiSi(SiSi)SiCSi
SiSi(Si)SiSi(SiSi)SiSiC
SiSi(Si)SiSiC(Si)(Si)SiSi
SiSi(Si)SiSiC(Si)Si(Si)Si
SiSi(Si)SiSiC(Si)SiSiSi
SiSi(Si)SiSiC(SiSi)SiSi
SiSi(Si)SiSiCSi(Si)SiSi
SiSi(Si)SiSiCSiSi(Si)Si
SiSi(Si)SiSiCSiSiSiSi
SiSi(Si)SiSiSi(C)SiSiSi
SiSi(Si)SiSiSi(CSi)SiSi
SiSi(Si)SiSiSi(Si)(C)SiSi
SiSi(Si)SiSiSi(Si)(Si)CSi
SiSi(Si)SiSiSi(Si)(Si)SiC
SiSi(Si)SiSiSi(Si)C(Si)Si
SiSi(Si)SiSiSi(Si)CSiSi
SiSi(Si)SiSiSi(Si)Si(C)Si
SiSi(Si)SiSiSi(Si)SiCSi
SiSi(Si)SiSiSi(Si)SiSiC
SiSi(Si)SiSiSi(SiC)SiSi
SiSi(Si)SiSiSiC(Si)(Si)Si
SiSi(Si)SiSiSiC(Si)SiSi
SiSi(Si)SiSiSiCSi(Si)Si
SiSi(Si)SiSiSiCSiSiSi
SiSi(Si)SiSiSiSi(C)SiSi
SiSi(Si)SiSiSiSi(Si)CSi
SiSi(Si)SiSiSiSi(Si)SiC
SiSi(Si)SiSiSiSiC(Si)Si
SiSi(Si)SiSiSiSiCSiSi
SiSi(Si)SiSiSiSiSi(C)Si
SiSi(Si)SiSiSiSiSiCSi
SiSi(Si)SiSiSiSiSiSiC
SiSiSi(C(Si)(Si)Si)(Si)SiSi
SiSiSi(C(Si)(Si)Si)SiSiSi
SiSiSi(C(Si)Si)(Si)SiSiSi
SiSiSi(C(Si)Si)Si(Si)SiSi
SiSiSi(C(Si)Si)SiSiSiSi
SiSiSi(C)Si(Si)(Si)SiSiSi
SiSiSi(C)Si(Si)SiSiSiSi
SiSiSi(C)Si(SiSi)SiSiSi
SiSiSi(C)SiSi(Si)SiSiSi
SiSiSi(C)SiSiSiSiSiSi
SiSiSi(CSi)(Si)Si(Si)SiSi
SiSiSi(CSi)(Si)SiSiSiSi
SiSiSi(CSi)Si(Si)SiSiSi
SiSiSi(CSi)SiSi(Si)SiSi
SiSiSi(CSi)SiSiSiSiSi
SiSiSi(Si)(C)Si(Si)SiSiSi
SiSiSi(Si)(C)Si(SiSi)SiSi
SiSiSi(Si)(C)SiSi(Si)SiSi
SiSiSi(Si)(C)SiSiSiSiSi
SiSiSi(Si)(Si)C(Si)(Si)SiSi
SiSiSi(Si)(Si)C(Si)SiSiSi
SiSiSi(Si)(Si)C(SiSi)SiSi
SiSiSi(Si)(Si)CSi(Si)SiSi
SiSiSi(Si)(Si)CSiSiSiSi
SiSiSi(Si)(Si)Si(C)SiSiSi
SiSiSi(Si)(Si)Si(CSi)SiSi
SiSiSi(Si)(Si)Si(Si)(C)SiSi
SiSiSi(Si)(Si)Si(Si)(Si)CSi
SiSiSi(Si)(Si)Si(Si)(Si)SiC
SiSiSi(Si)(Si)Si(Si)C(Si)Si
SiSiSi(Si)(Si)Si(Si)CSiSi
SiSiSi(Si)(Si)Si(Si)SiCSi
SiSiSi(Si)(Si)Si(Si)SiSiC
SiSiSi(Si)(Si)Si(SiC)SiSi
SiSiSi(Si)(Si)SiC(Si)(Si)Si
SiSiSi(Si)(Si)SiC(Si)SiSi
SiSiSi(Si)(Si)SiCSiSiSi
SiSiSi(Si)(Si)SiSi(C)SiSi
SiSiSi(Si)(Si)SiSi(Si)CSi
SiSiSi(Si)(Si)SiSi(Si)SiC
SiSiSi(Si)(Si)SiSiC(Si)Si
SiSiSi(Si)(Si)SiSiCSiSi
SiSiSi(Si)(Si)SiSiSiCSi
SiSiSi(Si)(Si)SiSiSiSiC
SiSiSi(Si)C(Si)(Si)SiSiSi
SiSiSi(Si)C(Si)Si(Si)SiSi
SiSiSi(Si)C(Si)SiSiSiSi
SiSiSi(Si)C(SiSi)(Si)SiSi
SiSiSi(Si)C(SiSi)SiSiSi
SiSiSi(Si)CSi(Si)SiSiSi
SiSiSi(Si)CSiSiSiSiSi
SiSiSi(Si)Si(C)Si(Si)SiSi
SiSiSi(Si)Si(C)SiSiSiSi
SiSiSi(Si)Si(CSi)SiSiSi
SiSiSi(Si)Si(Si)(C)SiSiSi
SiSiSi(Si)Si(Si)(Si)C(Si)Si
SiSiSi(Si)Si(Si)(Si)CSiSi
SiSiSi(Si)Si(Si)(Si)SiCSi
SiSiSi(Si)Si(Si)(Si)SiSiC
SiSiSi(Si)Si(Si)C(Si)(Si)Si
SiSiSi(Si)Si(Si)C(Si)SiSi
SiSiSi(Si)Si(Si)CSiSiSi
SiSiSi(Si)Si(Si)Si(C)SiSi
SiSiSi(Si)Si(Si)Si(Si)CSi
SiSiSi(Si)Si(Si)Si(Si)SiC
SiSiSi(Si)Si(Si)SiC(Si)Si
SiSiSi(Si)Si(Si)SiCSiSi
SiSiSi(Si)Si(Si)SiSiCSi
SiSiSi(Si)Si(Si)SiSiSiC
SiSiSi(Si)Si(SiC)SiSiSi
SiSiSi(Si)Si(SiSi)CSiSi
SiSiSi(Si)Si(SiSi)SiCSi
SiSiSi(Si)Si(SiSi)SiSiC
SiSiSi(Si)SiC(Si)(Si)SiSi
SiSiSi(Si)SiC(Si)SiSiSi
SiSiSi(Si)SiC(SiSi)SiSi
SiSiSi(Si)SiCSi(Si)SiSi
SiSiSi(Si)SiCSiSiSiSi
SiSiSi(Si)SiSi(C)SiSiSi
SiSiSi(Si)SiSi(Si)(Si)CSi
SiSiSi(Si)SiSi(Si)(Si)SiC
SiSiSi(Si)SiSi(Si)C(Si)Si
SiSiSi(Si)SiSi(Si)CSiSi
SiSiSi(Si)SiSi(Si)SiCSi
SiSiSi(Si)SiSi(Si)SiSiC
SiSiSi(Si)SiSiC(Si)(Si)Si
SiSiSi(Si)SiSiC(Si)SiSi
SiSiSi(Si)SiSiCSiSiSi
SiSiSi(Si)SiSiSi(C)SiSi
SiSiSi(Si)SiSiSi(Si)CSi
SiSiSi(Si)SiSiSi(Si)SiC
SiSiSi(Si)SiSiSiC(Si)Si
SiSiSi(Si)SiSiSiCSiSi
SiSiSi(Si)SiSiSiSiCSi
SiSiSi(Si)SiSiSiSiSiC
SiSiSi(SiC)(Si)Si(Si)SiSi
SiSiSi(SiC)(Si)SiSiSiSi
SiSiSi(SiC)Si(Si)SiSiSi
SiSiSi(SiC)SiSi(Si)SiSi
SiSiSi(SiC)SiSiSiSiSi
SiSiSi(SiSi)(C(Si)Si)SiSi
SiSiSi(SiSi)(C)Si(Si)SiSi
SiSiSi(SiSi)(C)SiSiSiSi
SiSiSi(SiSi)(CSi)SiSiSi
SiSiSi(SiSi)(Si)C(Si)SiSi
SiSiSi(SiSi)(Si)CSiSiSi
SiSiSi(SiSi)(Si)Si(C)SiSi
SiSiSi(SiSi)(Si)Si(Si)CSi
SiSiSi(SiSi)(Si)Si(Si)SiC
SiSiSi(SiSi)(Si)SiC(Si)Si
SiSiSi(SiSi)(Si)SiCSiSi
SiSiSi(SiSi)(Si)SiSiCSi
SiSiSi(SiSi)(Si)SiSiSiC
SiSiSi(SiSi)(SiC)SiSiSi
SiSiSi(SiSi)(SiSi)CSiSi
SiSiSi(SiSi)(SiSi)SiCSi
SiSiSi(SiSi)(SiSi)SiSiC
SiSiSi(SiSi)C(Si)(Si)SiSi
SiSiSi(SiSi)C(Si)SiSiSi
SiSiSi(SiSi)C(SiSi)SiSi
SiSiSi(SiSi)CSi(Si)SiSi
SiSiSi(SiSi)CSiSiSiSi
SiSiSi(SiSi)Si(C)SiSiSi
SiSiSi(SiSi)Si(CSi)SiSi
SiSiSi(SiSi)Si(Si)(Si)CSi
SiSiSi(SiSi)Si(Si)(Si)SiC
SiSiSi(SiSi)Si(Si)C(Si)Si
SiSiSi(SiSi)Si(Si)CSiSi
SiSiSi(SiSi)Si(Si)SiCSi
SiSiSi(SiSi)Si(Si)SiSiC
SiSiSi(SiSi)Si(SiC)SiSi
SiSiSi(SiSi)SiC(Si)(Si)Si
SiSiSi(SiSi)SiC(Si)SiSi
SiSiSi(SiSi)SiCSiSiSi
SiSiSi(SiSi)SiSi(C)SiSi
SiSiSi(SiSi)SiSi(Si)CSi
SiSiSi(SiSi)SiSi(Si)SiC
SiSiSi(SiSi)SiSiC(Si)Si
SiSiSi(SiSi)SiSiCSiSi
SiSiSi(SiSi)SiSiSiCSi
SiSiSi(SiSi)SiSiSiSiC
SiSiSiC(Si(Si)Si)SiSiSi
SiSiSiC(SiSi)(Si)SiSiSi
SiSiSiC(SiSi)(SiSi)SiSi
SiSiSiC(SiSiSi)SiSiSi
SiSiSiSi(C(Si)Si)SiSiSi
SiSiSiSi(C)SiSiSiSiSi
SiSiSiSi(CSi)(Si)SiSiSi
SiSiSiSi(CSi)SiSiSiSi
SiSiSiSi(CSiSi)SiSiSi
SiSiSiSi(Si(C)Si)SiSiSi
SiSiSiSi(Si(Si)Si)CSiSi
SiSiSiSi(Si(Si)Si)SiCSi
SiSiSiSi(Si(Si)Si)SiSiC
SiSiSiSi(Si)(C)SiSiSiSi
SiSiSiSi(Si)(Si)C(Si)(Si)Si
SiSiSiSi(Si)(Si)C(Si)SiSi
SiSiSiSi(Si)(Si)CSiSiSi
SiSiSiSi(Si)(Si)Si(Si)CSi
SiSiSiSi(Si)(Si)Si(Si)SiC
SiSiSiSi(Si)(Si)SiC(Si)Si
SiSiSiSi(Si)(Si)SiCSiSi
SiSiSiSi(Si)(Si)SiSiCSi
SiSiSiSi(Si)(Si)SiSiSiC
SiSiSiSi(Si)C(Si)(Si)SiSi
SiSiSiSi(Si)C(Si)SiSiSi
SiSiSiSi(Si)C(SiSi)SiSi
SiSiSiSi(Si)CSiSiSiSi
SiSiSiSi(Si)Si(C)SiSiSi
SiSiSiSi(Si)Si(Si)(Si)CSi
SiSiSiSi(Si)Si(Si)(Si)SiC
SiSiSiSi(Si)Si(Si)C(Si)Si
SiSiSiSi(Si)Si(Si)CSiSi
SiSiSiSi(Si)Si(Si)SiCSi
SiSiSiSi(Si)Si(Si)SiSiC
SiSiSiSi(Si)SiC(Si)(Si)Si
SiSiSiSi(Si)SiC(Si)SiSi
SiSiSiSi(Si)SiCSiSiSi
SiSiSiSi(Si)SiSi(Si)CSi
SiSiSiSi(Si)SiSi(Si)SiC
SiSiSiSi(Si)SiSiC(Si)Si
SiSiSiSi(Si)SiSiCSiSi
SiSiSiSi(Si)SiSiSiCSi
SiSiSiSi(Si)SiSiSiSiC
SiSiSiSi(SiC)(Si)SiSiSi
SiSiSiSi(SiC)SiSiSiSi
SiSiSiSi(SiCSi)SiSiSi
SiSiSiSi(SiSi)(C)SiSiSi
SiSiSiSi(SiSi)(Si)CSiSi
SiSiSiSi(SiSi)(Si)SiCSi
SiSiSiSi(SiSi)(Si)SiSiC
SiSiSiSi(SiSi)C(Si)SiSi
SiSiSiSi(SiSi)CSiSiSi
SiSiSiSi(SiSi)Si(Si)CSi
SiSiSiSi(SiSi)Si(Si)SiC
SiSiSiSi(SiSi)SiC(Si)Si
SiSiSiSi(SiSi)SiCSiSi
SiSiSiSi(SiSi)SiSiCSi
SiSiSiSi(SiSi)SiSiSiC
SiSiSiSi(SiSiC)SiSiSi
SiSiSiSiC(Si)(Si)SiSiSi
SiSiSiSiC(Si)SiSiSiSi
SiSiSiSiC(SiSi)(Si)SiSi
SiSiSiSiC(SiSi)SiSiSi
SiSiSiSiSi(C)SiSiSiSi
SiSiSiSiSi(Si)(Si)C(Si)Si
SiSiSiSiSi(Si)(Si)CSiSi
SiSiSiSiSi(Si)(Si)SiCSi
SiSiSiSiSi(Si)(Si)SiSiC
SiSiSiSiSi(Si)C(Si)(Si)Si
SiSiSiSiSi(Si)C(Si)SiSi
SiSiSiSiSi(Si)CSiSiSi
SiSiSiSiSi(Si)Si(Si)CSi
SiSiSiSiSi(Si)Si(Si)SiC
SiSiSiSiSi(Si)SiC(Si)Si
SiSiSiSiSi(Si)SiCSiSi
SiSiSiSiSi(Si)SiSiCSi
SiSiSiSiSi(Si)SiSiSiC
SiSiSiSiSi(SiSi)CSiSi
SiSiSiSiSi(SiSi)SiCSi
SiSiSiSiSi(SiSi)SiSiC
SiSiSiSiSiC(Si)(Si)SiSi
SiSiSiSiSiC(Si)SiSiSi
SiSiSiSiSiC(SiSi)SiSi
SiSiSiSiSiCSiSiSiSi
SiSiSiSiSiSi(Si)(Si)CSi
SiSiSiSiSiSi(Si)(Si)SiC
SiSiSiSiSiSi(Si)C(Si)Si
SiSiSiSiSiSi(Si)CSiSi
SiSiSiSiSiSi(Si)SiCSi
SiSiSiSiSiSi(Si)SiSiC
SiSiSiSiSiSiC(Si)(Si)Si
SiSiSiSiSiSiC(Si)SiSi
SiSiSiSiSiSiCSiSiSi
SiSiSiSiSiSiSi(Si)CSi
SiSiSiSiSiSiSi(Si)SiC
SiSiSiSiSiSiSiC(Si)Si
SiSiSiSiSiSiSiCSiSi
SiSiSiSiSiSiSiSiCSi
SiSiSiSiSiSiSiSiSiC
