CNN(N)N(N)N(N)NC
CNN(N)N(N)NNNC
CNN(N)N(NN)NNC
CNN(N)NN(N)NNC
CNN(N)NNN(N)NC
CNN(N)NNNNNC
CNNN(N(N)N)NNC
CNNN(N)N(N)NNC
CNNN(N)NNNNC
CNNN(NN)NNNC
CNNNN(N)NNNC
CNNNNNNNNC
NC(N)(N)N(N)C(N)(N)N
NC(N)(N)N(N)N(N)CN
NC(N)(N)N(N)N(N)NC
NC(N)(N)N(N)NC(N)N
NC(N)(N)N(N)NNCN
NC(N)(N)N(N)NNNC
NC(N)(N)NN(N)C(N)N
NC(N)(N)NN(N)NCN
NC(N)(N)NN(N)NNC
NC(N)(N)NNC(N)(N)N
NC(N)(N)NNN(N)CN
NC(N)(N)NNN(N)NC
NC(N)(N)NNNC(N)N
NC(N)(N)NNNNCN
NC(N)(N)NNNNNC
NC(N)N(N)N(N)C(N)N
NC(N)N(N)N(N)NCN
NC(N)N(N)N(N)NNC
NC(N)N(N)NN(N)CN
NC(N)N(N)NN(N)NC
NC(N)N(N)NNC(N)N
NC(N)N(N)NNNCN
NC(N)N(N)NNNNC
NC(N)NN(N)N(N)CN
NC(N)NN(N)N(N)NC
NC(N)NN(N)NC(N)N
NC(N)NN(N)NNCN
NC(N)NN(N)NNNC
NC(N)NN(NN)NCN
NC(N)NN(NN)NNC
NC(N)NNN(N)NCN
NC(N)NNN(N)NNC
NC(N)NNNN(N)CN
NC(N)NNNN(N)NC
NC(N)NNNNC(N)N
NC(N)NNNNNCN
NC(N)NNNNNNC
NCN(N)N(N)N(N)CN
NCN(N)N(N)N(N)NC
NCN(N)N(N)NNCN
NCN(N)N(N)NNNC
NCN(N)N(NN)NCN
NCN(N)N(NN)NNC
NCN(N)NN(N)NCN
NCN(N)NN(N)NNC
NCN(N)NNN(N)CN
NCN(N)NNN(N)NC
NCN(N)NNNNCN
NCN(N)NNNNNC
NCNN(N(N)N)NCN
NCNN(N(N)N)NNC
NCNN(N)N(N)NCN
NCNN(N)N(N)NNC
NCNN(N)NN(N)NC
NCNN(N)NNNCN
NCNN(N)NNNNC
NCNN(NN)N(N)NC
NCNN(NN)NNCN
NCNN(NN)NNNC
NCNNN(N)N(N)NC
NCNNN(N)NNCN
NCNNN(N)NNNC
NCNNN(NN)NNC
NCNNNN(N)NNC
NCNNNNN(N)NC
NCNNNNNNCN
NCNNNNNNNC
NN(C)C(N)(N)N(N)NN
NN(C)C(N)(N)NNNN
NN(C)C(N)N(N)NNN
NN(C)C(N)N(NN)NN
NN(C)C(N)NN(N)NN
NN(C)C(N)NNNNN
NN(C)C(NN)(N)NNN
NN(C)C(NN)(NN)NN
NN(C)C(NN)N(N)NN
NN(C)C(NN)NNNN
NN(C)CN(N)N(N)NN
NN(C)CN(N)NNNN
NN(C)CN(NN)NNN
NN(C)CNN(N)NNN
NN(C)CNN(NN)NN
NN(C)CNNN(N)NN
NN(C)CNNNNNN
NN(C)N(C(N)(N)N)NN
NN(C)N(C(N)N)NNN
NN(C)N(C)N(N)NNN
NN(C)N(C)N(NN)NN
NN(C)N(C)NN(N)NN
NN(C)N(C)NNNNN
NN(C)N(CN)N(N)NN
NN(C)N(CN)NNNN
NN(C)N(N(C)N)NNN
NN(C)N(N)C(N)(N)NN
NN(C)N(N)C(N)NNN
NN(C)N(N)C(NN)NN
NN(C)N(N)CN(N)NN
NN(C)N(N)CNNNN
NN(C)N(N)N(C)NNN
NN(C)N(N)N(CN)NN
NN(C)N(N)N(N)C(N)N
NN(C)N(N)N(N)CNN
NN(C)N(N)N(N)N(N)C
NN(C)N(N)N(N)NCN
NN(C)N(N)N(N)NNC
NN(C)N(N)N(NC)NN
NN(C)N(N)NC(N)(N)N
NN(C)N(N)NC(N)NN
NN(C)N(N)NCNNN
NN(C)N(N)NN(C)NN
NN(C)N(N)NN(N)CN
NN(C)N(N)NN(N)NC
NN(C)N(N)NNC(N)N
NN(C)N(N)NNCNN
NN(C)N(N)NNN(C)N
NN(C)N(N)NNNCN
NN(C)N(N)NNNNC
NN(C)N(NC)N(N)NN
NN(C)N(NC)NNNN
NN(C)N(NN)C(N)NN
NN(C)N(NN)CNNN
NN(C)N(NN)N(C)NN
NN(C)N(NN)N(N)CN
NN(C)N(NN)N(N)NC
NN(C)N(NN)NC(N)N
NN(C)N(NN)NCNN
NN(C)N(NN)NN(C)N
NN(C)N(NN)NNCN
NN(C)N(NN)NNNC
NN(C)NC(N)(N)NNN
NN(C)NC(N)N(N)NN
NN(C)NC(N)NNNN
NN(C)NC(NN)(N)NN
NN(C)NC(NN)NNN
NN(C)NCN(N)NNN
NN(C)NCN(NN)NN
NN(C)NCNN(N)NN
NN(C)NCNNNNN
NN(C)NN(C(N)N)NN
NN(C)NN(C)N(N)NN
NN(C)NN(C)NNNN
NN(C)NN(CN)NNN
NN(C)NN(N)C(N)(N)N
NN(C)NN(N)C(N)NN
NN(C)NN(N)CNNN
NN(C)NN(N)N(C)NN
NN(C)NN(N)N(N)CN
NN(C)NN(N)N(N)NC
NN(C)NN(N)NC(N)N
NN(C)NN(N)NCNN
NN(C)NN(N)NN(N)C
NN(C)NN(N)NNCN
NN(C)NN(N)NNNC
NN(C)NN(NC)NNN
NN(C)NN(NN)CNN
NN(C)NN(NN)NCN
NN(C)NN(NN)NNC
NN(C)NNC(N)(N)NN
NN(C)NNC(N)NNN
NN(C)NNC(NN)NN
NN(C)NNCN(N)NN
NN(C)NNCNNNN
NN(C)NNN(C)NNN
NN(C)NNN(CN)NN
NN(C)NNN(N)C(N)N
NN(C)NNN(N)CNN
NN(C)NNN(N)NCN
NN(C)NNN(N)NNC
NN(C)NNN(NC)NN
NN(C)NNNC(N)(N)N
NN(C)NNNC(N)NN
NN(C)NNNCNNN
NN(C)NNNN(C)NN
NN(C)NNNN(N)CN
NN(C)NNNN(N)NC
NN(C)NNNNC(N)N
NN(C)NNNNCNN
NN(C)NNNNN(N)C
NN(C)NNNNNCN
NN(C)NNNNNNC
NN(N)C(C(N)(N)N)NN
NN(N)C(C(N)N)(N)NN
NN(N)C(C(N)N)N(N)N
NN(N)C(C(N)N)NNN
NN(N)C(C)N(N)NNN
NN(N)C(C)N(NN)NN
NN(N)C(C)NN(N)NN
NN(N)C(C)NNNNN
NN(N)C(CN)(N)N(N)N
NN(N)C(CN)(N)NNN
NN(N)C(CN)N(N)NN
NN(N)C(CN)NNNN
NN(N)C(N(C)N)N(N)N
NN(N)C(N(C)N)NNN
NN(N)C(N(N)N)CNN
NN(N)C(N(N)N)NCN
NN(N)C(N(N)N)NNC
NN(N)C(N)(C)N(N)NN
NN(N)C(N)(C)NNNN
NN(N)C(N)(N)C(N)(N)N
NN(N)C(N)(N)C(N)NN
NN(N)C(N)(N)CN(N)N
NN(N)C(N)(N)CNNN
NN(N)C(N)(N)N(C)NN
NN(N)C(N)(N)N(N)CN
NN(N)C(N)(N)N(N)NC
NN(N)C(N)(N)NC(N)N
NN(N)C(N)(N)NCNN
NN(N)C(N)(N)NN(C)N
NN(N)C(N)(N)NNCN
NN(N)C(N)(N)NNNC
NN(N)C(N)C(N)(N)NN
NN(N)C(N)C(N)N(N)N
NN(N)C(N)C(N)NNN
NN(N)C(N)C(NN)NN
NN(N)C(N)CN(N)NN
NN(N)C(N)CNNNN
NN(N)C(N)N(C)NNN
NN(N)C(N)N(CN)NN
NN(N)C(N)N(N)C(N)N
NN(N)C(N)N(N)CNN
NN(N)C(N)N(N)N(C)N
NN(N)C(N)N(N)NCN
NN(N)C(N)N(N)NNC
NN(N)C(N)N(NC)NN
NN(N)C(N)NC(N)(N)N
NN(N)C(N)NC(N)NN
NN(N)C(N)NCN(N)N
NN(N)C(N)NCNNN
NN(N)C(N)NN(C)NN
NN(N)C(N)NN(N)CN
NN(N)C(N)NN(N)NC
NN(N)C(N)NNC(N)N
NN(N)C(N)NNCNN
NN(N)C(N)NNN(C)N
NN(N)C(N)NNNCN
NN(N)C(N)NNNNC
NN(N)C(NC)(N)N(N)N
NN(N)C(NC)(N)NNN
NN(N)C(NC)N(N)NN
NN(N)C(NC)NNNN
NN(N)C(NN)(C)N(N)N
NN(N)C(NN)(C)NNN
NN(N)C(NN)(CN)NN
NN(N)C(NN)(N)CNN
NN(N)C(NN)(N)N(C)N
NN(N)C(NN)(N)NCN
NN(N)C(NN)(N)NNC
NN(N)C(NN)(NC)NN
NN(N)C(NN)C(N)NN
NN(N)C(NN)CN(N)N
NN(N)C(NN)CNNN
NN(N)C(NN)N(C)NN
NN(N)C(NN)N(N)CN
NN(N)C(NN)N(N)NC
NN(N)C(NN)NC(N)N
NN(N)C(NN)NCNN
NN(N)C(NN)NN(C)N
NN(N)C(NN)NNCN
NN(N)C(NN)NNNC
NN(N)CC(N)(N)NNN
NN(N)CC(N)N(N)NN
NN(N)CC(N)NNNN
NN(N)CC(NN)(N)NN
NN(N)CC(NN)NNN
NN(N)CCN(N)NNN
NN(N)CCN(NN)NN
NN(N)CCNN(N)NN
NN(N)CCNNNNN
NN(N)CN(C(N)N)NN
NN(N)CN(C)N(N)NN
NN(N)CN(C)NNNN
NN(N)CN(CN)NNN
NN(N)CN(N)C(N)(N)N
NN(N)CN(N)C(N)NN
NN(N)CN(N)CN(N)N
NN(N)CN(N)CNNN
NN(N)CN(N)N(C)NN
NN(N)CN(N)N(N)CN
NN(N)CN(N)N(N)NC
NN(N)CN(N)NC(N)N
NN(N)CN(N)NCNN
NN(N)CN(N)NN(C)N
NN(N)CN(N)NNCN
NN(N)CN(N)NNNC
NN(N)CN(NC)NNN
NN(N)CN(NN)CNN
NN(N)CN(NN)N(C)N
NN(N)CN(NN)NCN
NN(N)CN(NN)NNC
NN(N)CNC(N)(N)NN
NN(N)CNC(N)NNN
NN(N)CNC(NN)NN
NN(N)CNCN(N)NN
NN(N)CNCNNNN
NN(N)CNN(C)NNN
NN(N)CNN(CN)NN
NN(N)CNN(N)C(N)N
NN(N)CNN(N)CNN
NN(N)CNN(N)N(C)N
NN(N)CNN(N)NCN
NN(N)CNN(N)NNC
NN(N)CNN(NC)NN
NN(N)CNNC(N)(N)N
NN(N)CNNC(N)NN
NN(N)CNNCN(N)N
NN(N)CNNCNNN
NN(N)CNNN(C)NN
NN(N)CNNN(N)CN
NN(N)CNNN(N)NC
NN(N)CNNNC(N)N
NN(N)CNNNCNN
NN(N)CNNNN(C)N
NN(N)CNNNNCN
NN(N)CNNNNNC
NN(N)N(C(C)N)N(N)N
NN(N)N(C(C)N)NNN
NN(N)N(C(N)(C)N)NN
NN(N)N(C(N)(N)N)NC
NN(N)N(C(N)N)C(N)N
NN(N)N(C(N)N)CNN
NN(N)N(C(N)N)N(C)N
NN(N)N(C(N)N)NCN
NN(N)N(C(N)N)NNC
NN(N)N(C)C(N)(N)NN
NN(N)N(C)C(N)N(N)N
NN(N)N(C)C(N)NNN
NN(N)N(C)C(NN)NN
NN(N)N(C)CN(N)NN
NN(N)N(C)CNN(N)N
NN(N)N(C)CNNNN
NN(N)N(C)N(C)N(N)N
NN(N)N(C)N(C)NNN
NN(N)N(C)N(CN)NN
NN(N)N(C)N(N)C(N)N
NN(N)N(C)N(N)CNN
NN(N)N(C)N(N)N(C)N
NN(N)N(C)N(N)NCN
NN(N)N(C)N(N)NNC
NN(N)N(C)N(NC)NN
NN(N)N(C)NC(N)(N)N
NN(N)N(C)NC(N)NN
NN(N)N(C)NCN(N)N
NN(N)N(C)NCNNN
NN(N)N(C)NN(C)NN
NN(N)N(C)NN(N)CN
NN(N)N(C)NN(N)NC
NN(N)N(C)NNC(N)N
NN(N)N(C)NNCNN
NN(N)N(C)NNN(C)N
NN(N)N(C)NNNCN
NN(N)N(C)NNNNC
NN(N)N(CC)N(N)NN
NN(N)N(CC)NN(N)N
NN(N)N(CC)NNNN
NN(N)N(CN)C(N)(N)N
NN(N)N(CN)C(N)NN
NN(N)N(CN)CN(N)N
NN(N)N(CN)CNNN
NN(N)N(CN)N(C)NN
NN(N)N(CN)N(N)CN
NN(N)N(CN)N(N)NC
NN(N)N(CN)NC(N)N
NN(N)N(CN)NCNN
NN(N)N(CN)NN(C)N
NN(N)N(CN)NNCN
NN(N)N(CN)NNNC
NN(N)N(N(C)C)N(N)N
NN(N)N(N(C)C)NNN
NN(N)N(N(C)N)CNN
NN(N)N(N(C)N)N(N)C
NN(N)N(N(C)N)NCN
NN(N)N(N(C)N)NNC
NN(N)N(N(N)N)CCN
NN(N)N(N(N)N)CNC
NN(N)N(N(N)N)NCC
NN(N)N(N)C(C)N(N)N
NN(N)N(N)C(C)NNN
NN(N)N(N)C(CN)NN
NN(N)N(N)C(N)(C)NN
NN(N)N(N)C(N)(N)CN
NN(N)N(N)C(N)(N)NC
NN(N)N(N)C(N)C(N)N
NN(N)N(N)C(N)CNN
NN(N)N(N)C(N)N(C)N
NN(N)N(N)C(N)NCN
NN(N)N(N)C(N)NNC
NN(N)N(N)C(NC)NN
NN(N)N(N)CC(N)(N)N
NN(N)N(N)CC(N)NN
NN(N)N(N)CCN(N)N
NN(N)N(N)CCNNN
NN(N)N(N)CN(C)NN
NN(N)N(N)CN(N)CN
NN(N)N(N)CN(N)NC
NN(N)N(N)CNC(N)N
NN(N)N(N)CNCNN
NN(N)N(N)CNN(C)N
NN(N)N(N)CNNCN
NN(N)N(N)CNNNC
NN(N)N(N)N(C)C(N)N
NN(N)N(N)N(C)CNN
NN(N)N(N)N(C)N(C)N
NN(N)N(N)N(C)NCN
NN(N)N(N)N(C)NNC
NN(N)N(N)N(CC)NN
NN(N)N(N)N(CN)CN
NN(N)N(N)N(CN)NC
NN(N)N(N)N(N)C(C)N
NN(N)N(N)N(N)CCN
NN(N)N(N)N(N)CNC
NN(N)N(N)N(N)N(C)C
NN(N)N(N)N(N)NCC
NN(N)N(N)N(NC)NC
NN(N)N(N)NC(C)NN
NN(N)N(N)NC(N)(C)N
NN(N)N(N)NC(N)CN
NN(N)N(N)NC(N)NC
NN(N)N(N)NCC(N)N
NN(N)N(N)NCCNN
NN(N)N(N)NCN(C)N
NN(N)N(N)NCNCN
NN(N)N(N)NCNNC
NN(N)N(N)NN(C)CN
NN(N)N(N)NN(C)NC
NN(N)N(N)NN(N)CC
NN(N)N(N)NNC(C)N
NN(N)N(N)NNCCN
NN(N)N(N)NNCNC
NN(N)N(N)NNN(C)C
NN(N)N(N)NNNCC
NN(N)N(NC)C(N)NN
NN(N)N(NC)CN(N)N
NN(N)N(NC)CNNN
NN(N)N(NC)N(C)NN
NN(N)N(NC)N(N)CN
NN(N)N(NC)N(N)NC
NN(N)N(NC)NC(N)N
NN(N)N(NC)NCNN
NN(N)N(NC)NN(C)N
NN(N)N(NC)NNCN
NN(N)N(NC)NNNC
NN(N)N(NN)C(C)NN
NN(N)N(NN)C(N)CN
NN(N)N(NN)C(N)NC
NN(N)N(NN)CC(N)N
NN(N)N(NN)CCNN
NN(N)N(NN)CN(C)N
NN(N)N(NN)CNCN
NN(N)N(NN)CNNC
NN(N)N(NN)N(C)CN
NN(N)N(NN)N(C)NC
NN(N)N(NN)N(N)CC
NN(N)N(NN)NC(C)N
NN(N)N(NN)NCCN
NN(N)N(NN)NCNC
NN(N)N(NN)NN(C)C
NN(N)N(NN)NNCC
NN(N)NC(C(N)N)NN
NN(N)NC(C)N(N)NN
NN(N)NC(C)NN(N)N
NN(N)NC(C)NNNN
NN(N)NC(CN)(N)NN
NN(N)NC(CN)N(N)N
NN(N)NC(CN)NNN
NN(N)NC(N)(C)N(N)N
NN(N)NC(N)(C)NNN
NN(N)NC(N)(N)C(N)N
NN(N)NC(N)(N)CNN
NN(N)NC(N)(N)N(C)N
NN(N)NC(N)(N)NCN
NN(N)NC(N)(N)NNC
NN(N)NC(N)C(N)(N)N
NN(N)NC(N)C(N)NN
NN(N)NC(N)CN(N)N
NN(N)NC(N)CNNN
NN(N)NC(N)N(C)NN
NN(N)NC(N)N(N)CN
NN(N)NC(N)N(N)NC
NN(N)NC(N)NC(N)N
NN(N)NC(N)NCNN
NN(N)NC(N)NN(C)N
NN(N)NC(N)NNCN
NN(N)NC(N)NNNC
NN(N)NC(NC)(N)NN
NN(N)NC(NC)N(N)N
NN(N)NC(NC)NNN
NN(N)NC(NN)(C)NN
NN(N)NC(NN)CNN
NN(N)NC(NN)N(C)N
NN(N)NC(NN)NCN
NN(N)NC(NN)NNC
NN(N)NCC(N)(N)NN
NN(N)NCC(N)N(N)N
NN(N)NCC(N)NNN
NN(N)NCC(NN)NN
NN(N)NCCN(N)NN
NN(N)NCCNN(N)N
NN(N)NCCNNNN
NN(N)NCN(C)NNN
NN(N)NCN(CN)NN
NN(N)NCN(N)C(N)N
NN(N)NCN(N)CNN
NN(N)NCN(N)N(C)N
NN(N)NCN(N)NCN
NN(N)NCN(N)NNC
NN(N)NCN(NC)NN
NN(N)NCNC(N)(N)N
NN(N)NCNC(N)NN
NN(N)NCNCN(N)N
NN(N)NCNCNNN
NN(N)NCNN(C)NN
NN(N)NCNN(N)CN
NN(N)NCNN(N)NC
NN(N)NCNNC(N)N
NN(N)NCNNCNN
NN(N)NCNNN(C)N
NN(N)NCNNNCN
NN(N)NCNNNNC
NN(N)NN(C(C)N)NN
NN(N)NN(C(N)N)NC
NN(N)NN(C)C(N)(N)N
NN(N)NN(C)C(N)NN
NN(N)NN(C)CN(N)N
NN(N)NN(C)CNNN
NN(N)NN(C)N(C)NN
NN(N)NN(C)N(N)CN
NN(N)NN(C)N(N)NC
NN(N)NN(C)NC(N)N
NN(N)NN(C)NCNN
NN(N)NN(C)NN(C)N
NN(N)NN(C)NNCN
NN(N)NN(C)NNNC
NN(N)NN(CC)NNN
NN(N)NN(CN)C(N)N
NN(N)NN(CN)CNN
NN(N)NN(CN)N(C)N
NN(N)NN(CN)NCN
NN(N)NN(CN)NNC
NN(N)NN(N)C(C)NN
NN(N)NN(N)C(N)(C)N
NN(N)NN(N)C(N)CN
NN(N)NN(N)C(N)NC
NN(N)NN(N)CC(N)N
NN(N)NN(N)CCNN
NN(N)NN(N)CN(C)N
NN(N)NN(N)CNCN
NN(N)NN(N)CNNC
NN(N)NN(N)N(C)CN
NN(N)NN(N)N(C)NC
NN(N)NN(N)N(N)CC
NN(N)NN(N)NC(C)N
NN(N)NN(N)NCCN
NN(N)NN(N)NCNC
NN(N)NN(N)NN(C)C
NN(N)NN(N)NNCC
NN(N)NN(NC)CNN
NN(N)NN(NC)N(C)N
NN(N)NN(NC)NCN
NN(N)NN(NC)NNC
NN(N)NN(NN)CCN
NN(N)NN(NN)CNC
NN(N)NN(NN)N(C)C
NN(N)NN(NN)NCC
NN(N)NNC(C)N(N)N
NN(N)NNC(C)NNN
NN(N)NNC(CN)NN
NN(N)NNC(N)(C)NN
NN(N)NNC(N)(N)CN
NN(N)NNC(N)(N)NC
NN(N)NNC(N)C(N)N
NN(N)NNC(N)CNN
NN(N)NNC(N)N(C)N
NN(N)NNC(N)NCN
NN(N)NNC(N)NNC
NN(N)NNC(NC)NN
NN(N)NNCC(N)(N)N
NN(N)NNCC(N)NN
NN(N)NNCCN(N)N
NN(N)NNCCNNN
NN(N)NNCN(C)NN
NN(N)NNCN(N)CN
NN(N)NNCN(N)NC
NN(N)NNCNC(N)N
NN(N)NNCNCNN
NN(N)NNCNN(C)N
NN(N)NNCNNCN
NN(N)NNCNNNC
NN(N)NNN(C)C(N)N
NN(N)NNN(C)CNN
NN(N)NNN(C)N(C)N
NN(N)NNN(C)NCN
NN(N)NNN(C)NNC
NN(N)NNN(CC)NN
NN(N)NNN(CN)CN
NN(N)NNN(CN)NC
NN(N)NNN(N)C(C)N
NN(N)NNN(N)CCN
NN(N)NNN(N)CNC
NN(N)NNN(N)N(C)C
NN(N)NNN(N)NCC
NN(N)NNN(NC)NC
NN(N)NNNC(C)NN
NN(N)NNNC(N)(C)N
NN(N)NNNC(N)CN
NN(N)NNNC(N)NC
NN(N)NNNCC(N)N
NN(N)NNNCCNN
NN(N)NNNCN(C)N
NN(N)NNNCNCN
NN(N)NNNCNNC
NN(N)NNNN(C)CN
NN(N)NNNN(C)NC
NN(N)NNNN(N)CC
NN(N)NNNNC(C)N
NN(N)NNNNCCN
NN(N)NNNNCNC
NN(N)NNNNN(C)C
NN(N)NNNNNCC
NNC(C(N)(N)N)(N)NN
NNC(N)(N)C(N)(N)NN
NNC(N)(N)C(NN)NN
NNC(N)(N)N(N)C(N)N
NNC(N)(N)N(N)CNN
NNC(N)(N)N(N)NCN
NNC(N)(N)N(N)NNC
NNC(N)(N)NC(N)(N)N
NNC(N)(N)NC(N)NN
NNC(N)(N)NN(N)CN
NNC(N)(N)NN(N)NC
NNC(N)(N)NNC(N)N
NNC(N)(N)NNCNN
NNC(N)(N)NNNCN
NNC(N)(N)NNNNC
NNC(N)N(N)C(N)(N)N
NNC(N)N(N)C(N)NN
NNC(N)N(N)N(N)CN
NNC(N)N(N)N(N)NC
NNC(N)N(N)NC(N)N
NNC(N)N(N)NCNN
NNC(N)N(N)NNCN
NNC(N)N(N)NNNC
NNC(N)N(NN)CNN
NNC(N)N(NN)NCN
NNC(N)N(NN)NNC
NNC(N)NN(N)C(N)N
NNC(N)NN(N)CNN
NNC(N)NN(N)NCN
NNC(N)NN(N)NNC
NNC(N)NNC(N)(N)N
NNC(N)NNC(N)NN
NNC(N)NNN(N)CN
NNC(N)NNN(N)NC
NNC(N)NNNC(N)N
NNC(N)NNNCNN
NNC(N)NNNNCN
NNC(N)NNNNNC
NNC(NN)(C(N)N)NN
NNC(NN)(N)C(N)NN
NNC(NN)(N)N(N)CN
NNC(NN)(N)N(N)NC
NNC(NN)(N)NC(N)N
NNC(NN)(N)NCNN
NNC(NN)(N)NNCN
NNC(NN)(N)NNNC
NNC(NN)(NN)CNN
NNC(NN)(NN)NCN
NNC(NN)(NN)NNC
NNC(NN)C(NN)NN
NNC(NN)N(N)C(N)N
NNC(NN)N(N)CNN
NNC(NN)N(N)NCN
NNC(NN)N(N)NNC
NNC(NN)NC(N)(N)N
NNC(NN)NC(N)NN
NNC(NN)NN(N)CN
NNC(NN)NN(N)NC
NNC(NN)NNC(N)N
NNC(NN)NNCNN
NNC(NN)NNNCN
NNC(NN)NNNNC
NNCN(N(N)N)CNN
NNCN(N(N)N)NCN
NNCN(N(N)N)NNC
NNCN(N)N(N)C(N)N
NNCN(N)N(N)CNN
NNCN(N)N(N)NCN
NNCN(N)N(N)NNC
NNCN(N)NC(N)(N)N
NNCN(N)NN(N)CN
NNCN(N)NN(N)NC
NNCN(N)NNC(N)N
NNCN(N)NNCNN
NNCN(N)NNNCN
NNCN(N)NNNNC
NNCN(NN)N(N)CN
NNCN(NN)N(N)NC
NNCN(NN)NC(N)N
NNCN(NN)NCNN
NNCN(NN)NNCN
NNCN(NN)NNNC
NNCNN(N)C(N)(N)N
NNCNN(N)N(N)CN
NNCNN(N)N(N)NC
NNCNN(N)NC(N)N
NNCNN(N)NCNN
NNCNN(N)NNCN
NNCNN(N)NNNC
NNCNN(NN)NCN
NNCNN(NN)NNC
NNCNNN(N)C(N)N
NNCNNN(N)NCN
NNCNNN(N)NNC
NNCNNNC(N)(N)N
NNCNNNN(N)CN
NNCNNNN(N)NC
NNCNNNNC(N)N
NNCNNNNCNN
NNCNNNNNCN
NNCNNNNNNC
NNN(C(C)N)N(N)NN
NNN(C(C)N)NNNN
NNN(C(N)(C)N)NNN
NNN(C(N)(N)N)CNN
NNN(C(N)(N)N)NCN
NNN(C(N)(N)N)NNC
NNN(C(N)N)C(N)(N)N
NNN(C(N)N)C(N)NN
NNN(C(N)N)CNNN
NNN(C(N)N)N(C)NN
NNN(C(N)N)N(N)CN
NNN(C(N)N)N(N)NC
NNN(C(N)N)NC(N)N
NNN(C(N)N)NCNN
NNN(C(N)N)NNCN
NNN(C(N)N)NNNC
NNN(C)C(N)(N)NNN
NNN(C)C(N)NNNN
NNN(C)C(NN)(N)NN
NNN(C)C(NN)NNN
NNN(C)CN(N)NNN
NNN(C)CNNNNN
NNN(C)N(C)NNNN
NNN(C)N(CN)NNN
NNN(C)N(N)C(N)(N)N
NNN(C)N(N)C(N)NN
NNN(C)N(N)CNNN
NNN(C)N(N)N(C)NN
NNN(C)N(N)N(N)CN
NNN(C)N(N)N(N)NC
NNN(C)N(N)NC(N)N
NNN(C)N(N)NCNN
NNN(C)N(N)NNCN
NNN(C)N(N)NNNC
NNN(C)N(NC)NNN
NNN(C)N(NN)CNN
NNN(C)N(NN)NCN
NNN(C)N(NN)NNC
NNN(C)NC(N)(N)NN
NNN(C)NC(N)NNN
NNN(C)NC(NN)NN
NNN(C)NCNNNN
NNN(C)NN(C)NNN
NNN(C)NN(N)C(N)N
NNN(C)NN(N)CNN
NNN(C)NN(N)NCN
NNN(C)NN(N)NNC
NNN(C)NNC(N)(N)N
NNN(C)NNC(N)NN
NNN(C)NNCNNN
NNN(C)NNN(C)NN
NNN(C)NNN(N)CN
NNN(C)NNN(N)NC
NNN(C)NNNC(N)N
NNN(C)NNNCNN
NNN(C)NNNNCN
NNN(C)NNNNNC
NNN(CC)N(N)NNN
NNN(CC)NN(N)NN
NNN(CC)NNNNN
NNN(CN)C(N)(N)NN
NNN(CN)C(N)NNN
NNN(CN)C(NN)NN
NNN(CN)CN(N)NN
NNN(CN)CNNNN
NNN(CN)N(C)NNN
NNN(CN)N(N)C(N)N
NNN(CN)N(N)CNN
NNN(CN)N(N)NCN
NNN(CN)N(N)NNC
NNN(CN)N(NN)CN
NNN(CN)NC(N)(N)N
NNN(CN)NC(N)NN
NNN(CN)NCNNN
NNN(CN)NN(C)NN
NNN(CN)NN(N)CN
NNN(CN)NN(N)NC
NNN(CN)NNC(N)N
NNN(CN)NNCNN
NNN(CN)NNNCN
NNN(CN)NNNNC
NNN(N(C)C)N(N)NN
NNN(N(C)C)NNNN
NNN(N)C(C(N)N)NN
NNN(N)C(C)N(N)NN
NNN(N)C(C)NNNN
NNN(N)C(CN)(N)NN
NNN(N)C(CN)NNN
NNN(N)C(N)(C)NNN
NNN(N)C(N)(N)C(N)N
NNN(N)C(N)(N)CNN
NNN(N)C(N)(N)NCN
NNN(N)C(N)(N)NNC
NNN(N)C(N)C(N)(N)N
NNN(N)C(N)C(N)NN
NNN(N)C(N)CNNN
NNN(N)C(N)N(C)NN
NNN(N)C(N)N(N)CN
NNN(N)C(N)N(N)NC
NNN(N)C(N)NC(N)N
NNN(N)C(N)NCNN
NNN(N)C(N)NNCN
NNN(N)C(N)NNNC
NNN(N)C(NC)(N)NN
NNN(N)C(NC)NNN
NNN(N)C(NN)(C)NN
NNN(N)C(NN)CNN
NNN(N)C(NN)NCN
NNN(N)C(NN)NNC
NNN(N)CC(N)(N)NN
NNN(N)CC(N)NNN
NNN(N)CC(NN)NN
NNN(N)CCN(N)NN
NNN(N)CCNNNN
NNN(N)CN(C)NNN
NNN(N)CN(N)C(N)N
NNN(N)CN(N)CNN
NNN(N)CN(N)NCN
NNN(N)CN(N)NNC
NNN(N)CNC(N)(N)N
NNN(N)CNC(N)NN
NNN(N)CNCNNN
NNN(N)CNN(C)NN
NNN(N)CNN(N)CN
NNN(N)CNN(N)NC
NNN(N)CNNC(N)N
NNN(N)CNNCNN
NNN(N)CNNNCN
NNN(N)CNNNNC
NNN(N)N(C(N)N)NC
NNN(N)N(C)C(N)(N)N
NNN(N)N(C)C(N)NN
NNN(N)N(C)CNNN
NNN(N)N(C)N(C)NN
NNN(N)N(C)N(N)CN
NNN(N)N(C)N(N)NC
NNN(N)N(C)NC(N)N
NNN(N)N(C)NCNN
NNN(N)N(C)NNCN
NNN(N)N(C)NNNC
NNN(N)N(CC)NNN
NNN(N)N(CN)C(N)N
NNN(N)N(CN)CNN
NNN(N)N(CN)NCN
NNN(N)N(CN)NNC
NNN(N)N(N)C(C)NN
NNN(N)N(N)C(N)(C)N
NNN(N)N(N)C(N)CN
NNN(N)N(N)C(N)NC
NNN(N)N(N)CC(N)N
NNN(N)N(N)CCNN
NNN(N)N(N)CNCN
NNN(N)N(N)CNNC
NNN(N)N(N)N(C)CN
NNN(N)N(N)N(C)NC
NNN(N)N(N)N(N)CC
NNN(N)N(N)NC(C)N
NNN(N)N(N)NCCN
NNN(N)N(N)NCNC
NNN(N)N(N)NN(C)C
NNN(N)N(N)NNCC
NNN(N)N(NC)CNN
NNN(N)N(NC)NCN
NNN(N)N(NC)NNC
NNN(N)N(NN)CCN
NNN(N)N(NN)CNC
NNN(N)N(NN)NCC
NNN(N)NC(C)NNN
NNN(N)NC(CN)NN
NNN(N)NC(N)(C)NN
NNN(N)NC(N)(N)CN
NNN(N)NC(N)(N)NC
NNN(N)NC(N)C(N)N
NNN(N)NC(N)CNN
NNN(N)NC(N)NCN
NNN(N)NC(N)NNC
NNN(N)NC(NC)NN
NNN(N)NCC(N)(N)N
NNN(N)NCC(N)NN
NNN(N)NCCNNN
NNN(N)NCN(C)NN
NNN(N)NCN(N)CN
NNN(N)NCN(N)NC
NNN(N)NCNC(N)N
NNN(N)NCNCNN
NNN(N)NCNNCN
NNN(N)NCNNNC
NNN(N)NN(C)C(N)N
NNN(N)NN(C)CNN
NNN(N)NN(C)NCN
NNN(N)NN(C)NNC
NNN(N)NN(CN)CN
NNN(N)NN(CN)NC
NNN(N)NN(N)C(C)N
NNN(N)NN(N)CCN
NNN(N)NN(N)CNC
NNN(N)NN(N)N(C)C
NNN(N)NN(N)NCC
NNN(N)NN(NC)NC
NNN(N)NNC(C)NN
NNN(N)NNC(N)(C)N
NNN(N)NNC(N)CN
NNN(N)NNC(N)NC
NNN(N)NNCC(N)N
NNN(N)NNCCNN
NNN(N)NNCNCN
NNN(N)NNCNNC
NNN(N)NNN(C)CN
NNN(N)NNN(C)NC
NNN(N)NNN(N)CC
NNN(N)NNNC(C)N
NNN(N)NNNCCN
NNN(N)NNNCNC
NNN(N)NNNN(C)C
NNN(N)NNNNCC
NNN(NC)C(N)(N)NN
NNN(NC)C(N)NNN
NNN(NC)C(NN)NN
NNN(NC)CN(N)NN
NNN(NC)CNNNN
NNN(NC)N(C)NNN
NNN(NC)N(CN)NN
NNN(NC)N(N)C(N)N
NNN(NC)N(N)CNN
NNN(NC)N(N)NCN
NNN(NC)N(N)NNC
NNN(NC)N(NN)NC
NNN(NC)NC(N)(N)N
NNN(NC)NC(N)NN
NNN(NC)NCNNN
NNN(NC)NN(C)NN
NNN(NC)NN(N)CN
NNN(NC)NN(N)NC
NNN(NC)NNC(N)N
NNN(NC)NNCNN
NNN(NC)NNNCN
NNN(NC)NNNNC
NNN(NN)C(C)NNN
NNN(NN)C(CN)NN
NNN(NN)C(N)(C)NN
NNN(NN)C(N)(N)CN
NNN(NN)C(N)(N)NC
NNN(NN)C(N)C(N)N
NNN(NN)C(N)CNN
NNN(NN)C(N)NCN
NNN(NN)C(N)NNC
NNN(NN)C(NC)NN
NNN(NN)CC(N)(N)N
NNN(NN)CC(N)NN
NNN(NN)CCNNN
NNN(NN)CN(C)NN
NNN(NN)CN(N)CN
NNN(NN)CN(N)NC
NNN(NN)CNC(N)N
NNN(NN)CNCNN
NNN(NN)CNNCN
NNN(NN)CNNNC
NNN(NN)N(C)C(N)N
NNN(NN)N(C)CNN
NNN(NN)N(C)NCN
NNN(NN)N(C)NNC
NNN(NN)N(CC)NN
NNN(NN)N(CN)CN
NNN(NN)N(CN)NC
NNN(NN)N(N)C(C)N
NNN(NN)N(N)CCN
NNN(NN)N(N)CNC
NNN(NN)N(N)N(C)C
NNN(NN)N(N)NCC
NNN(NN)N(NC)NC
NNN(NN)NC(C)NN
NNN(NN)NC(N)(C)N
NNN(NN)NC(N)CN
NNN(NN)NC(N)NC
NNN(NN)NCC(N)N
NNN(NN)NCCNN
NNN(NN)NCNCN
NNN(NN)NCNNC
NNN(NN)NN(C)CN
NNN(NN)NN(C)NC
NNN(NN)NN(N)CC
NNN(NN)NNC(C)N
NNN(NN)NNCCN
NNN(NN)NNCNC
NNN(NN)NNN(C)C
NNN(NN)NNNCC
NNNC(C(N)(N)N)NN
NNNC(C(N)N)(N)NN
NNNC(C(N)N)NNN
NNNC(CN)(N)NNN
NNNC(CNN)NNN
NNNC(N(C)N)NNN
NNNC(N(N)N)CNN
NNNC(N(N)N)NCN
NNNC(N(N)N)NNC
NNNC(N)(N)C(N)(N)N
NNNC(N)(N)C(N)NN
NNNC(N)(N)CNNN
NNNC(N)(N)N(N)CN
NNNC(N)(N)N(N)NC
NNNC(N)(N)NC(N)N
NNNC(N)(N)NCNN
NNNC(N)(N)NNCN
NNNC(N)(N)NNNC
NNNC(N)C(N)(N)NN
NNNC(N)C(N)NNN
NNNC(N)C(NN)NN
NNNC(N)N(N)C(N)N
NNNC(N)N(N)CNN
NNNC(N)N(N)NCN
NNNC(N)N(N)NNC
NNNC(N)NC(N)(N)N
NNNC(N)NC(N)NN
NNNC(N)NCNNN
NNNC(N)NN(N)CN
NNNC(N)NN(N)NC
NNNC(N)NNC(N)N
NNNC(N)NNCNN
NNNC(N)NNNCN
NNNC(N)NNNNC
NNNC(NC)(N)NNN
NNNC(NCN)NNN
NNNC(NN)(C)NNN
NNNC(NN)(CN)NN
NNNC(NN)(N)CNN
NNNC(NN)(N)NCN
NNNC(NN)(N)NNC
NNNC(NN)(NC)NN
NNNC(NN)C(N)NN
NNNC(NN)CNNN
NNNC(NN)N(N)CN
NNNC(NN)N(N)NC
NNNC(NN)NC(N)N
NNNC(NN)NCNN
NNNC(NN)NNCN
NNNC(NN)NNNC
NNNC(NNC)NNN
NNNCC(NN)(N)NN
NNNCN(N)C(N)(N)N
NNNCN(N)C(N)NN
NNNCN(N)CNNN
NNNCN(N)N(N)CN
NNNCN(N)N(N)NC
NNNCN(N)NC(N)N
NNNCN(N)NCNN
NNNCN(N)NNCN
NNNCN(N)NNNC
NNNCN(NN)CNN
NNNCN(NN)NCN
NNNCN(NN)NNC
NNNCNC(N)(N)NN
NNNCNC(NN)NN
NNNCNN(N)C(N)N
NNNCNN(N)CNN
NNNCNN(N)NCN
NNNCNN(N)NNC
NNNCNNC(N)(N)N
NNNCNNC(N)NN
NNNCNNCNNN
NNNCNNN(N)CN
NNNCNNN(N)NC
NNNCNNNC(N)N
NNNCNNNCNN
NNNCNNNNCN
NNNCNNNNNC
NNNN(C(C)N)NNN
NNNN(C(N)(N)N)NC
NNNN(C(N)N)C(N)N
NNNN(C(N)N)CNN
NNNN(C(N)N)NCN
NNNN(C(N)N)NNC
NNNN(C)C(N)(N)NN
NNNN(C)C(N)NNN
NNNN(C)C(NN)NN
NNNN(C)CNNNN
NNNN(C)N(C)NNN
NNNN(C)N(N)C(N)N
NNNN(C)N(N)CNN
NNNN(C)N(N)NCN
NNNN(C)N(N)NNC
NNNN(C)NC(N)(N)N
NNNN(C)NC(N)NN
NNNN(C)NCNNN
NNNN(C)NN(N)CN
NNNN(C)NN(N)NC
NNNN(C)NNC(N)N
NNNN(C)NNCNN
NNNN(C)NNNCN
NNNN(C)NNNNC
NNNN(CC)NNNN
NNNN(CCN)NNN
NNNN(CN)C(N)(N)N
NNNN(CN)C(N)NN
NNNN(CN)CNNN
NNNN(CN)N(N)CN
NNNN(CN)N(N)NC
NNNN(CN)NC(N)N
NNNN(CN)NCNN
NNNN(CN)NNCN
NNNN(CN)NNNC
NNNN(CNC)NNN
NNNN(CNN)CNN
NNNN(CNN)NCN
NNNN(CNN)NNC
NNNN(N(C)C)NNN
NNNN(N(C)N)CNN
NNNN(N(C)N)NCN
NNNN(N(C)N)NNC
NNNN(N(N)N)CCN
NNNN(N(N)N)CNC
NNNN(N(N)N)NCC
NNNN(N)C(C)NNN
NNNN(N)C(CN)NN
NNNN(N)C(N)(C)NN
NNNN(N)C(N)(N)CN
NNNN(N)C(N)(N)NC
NNNN(N)C(N)C(N)N
NNNN(N)C(N)CNN
NNNN(N)C(N)NCN
NNNN(N)C(N)NNC
NNNN(N)C(NC)NN
NNNN(N)CC(N)(N)N
NNNN(N)CC(N)NN
NNNN(N)CCNNN
NNNN(N)CN(N)CN
NNNN(N)CN(N)NC
NNNN(N)CNC(N)N
NNNN(N)CNCNN
NNNN(N)CNNCN
NNNN(N)CNNNC
NNNN(N)N(C)C(N)N
NNNN(N)N(C)CNN
NNNN(N)N(C)NCN
NNNN(N)N(C)NNC
NNNN(N)N(CN)CN
NNNN(N)N(CN)NC
NNNN(N)N(N)C(C)N
NNNN(N)N(N)CCN
NNNN(N)N(N)CNC
NNNN(N)N(N)N(C)C
NNNN(N)N(N)NCC
NNNN(N)N(NC)NC
NNNN(N)NC(C)NN
NNNN(N)NC(N)(C)N
NNNN(N)NC(N)CN
NNNN(N)NC(N)NC
NNNN(N)NCC(N)N
NNNN(N)NCCNN
NNNN(N)NCNCN
NNNN(N)NCNNC
NNNN(N)NN(C)CN
NNNN(N)NN(C)NC
NNNN(N)NN(N)CC
NNNN(N)NNC(C)N
NNNN(N)NNCCN
NNNN(N)NNCNC
NNNN(N)NNN(C)C
NNNN(N)NNNCC
NNNN(NC)C(N)NN
NNNN(NC)CNNN
NNNN(NC)N(N)CN
NNNN(NC)N(N)NC
NNNN(NC)NC(N)N
NNNN(NC)NCNN
NNNN(NC)NNCN
NNNN(NC)NNNC
NNNN(NCC)NNN
NNNN(NCN)NCN
NNNN(NCN)NNC
NNNN(NN)C(C)NN
NNNN(NN)C(N)CN
NNNN(NN)C(N)NC
NNNN(NN)CC(N)N
NNNN(NN)CCNN
NNNN(NN)CNCN
NNNN(NN)CNNC
NNNN(NN)N(C)CN
NNNN(NN)N(C)NC
NNNN(NN)N(N)CC
NNNN(NN)NC(C)N
NNNN(NN)NCCN
NNNN(NN)NCNC
NNNN(NN)NN(C)C
NNNN(NN)NNCC
NNNN(NNC)NNC
NNNNC(C(N)N)NN
NNNNC(C)NNNN
NNNNC(CN)(N)NN
NNNNC(CN)NNN
NNNNC(N)(C)NNN
NNNNC(N)(N)C(N)N
NNNNC(N)(N)CNN
NNNNC(N)(N)NCN
NNNNC(N)(N)NNC
NNNNC(N)C(N)(N)N
NNNNC(N)C(N)NN
NNNNC(N)CNNN
NNNNC(N)N(N)CN
NNNNC(N)N(N)NC
NNNNC(N)NC(N)N
NNNNC(N)NCNN
NNNNC(N)NNCN
NNNNC(N)NNNC
NNNNC(NC)(N)NN
NNNNC(NC)NNN
NNNNC(NN)(C)NN
NNNNC(NN)CNN
NNNNC(NN)NCN
NNNNC(NN)NNC
NNNNCC(N)(N)NN
NNNNCC(N)NNN
NNNNCC(NN)NN
NNNNCCNNNN
NNNNCN(N)C(N)N
NNNNCN(N)CNN
NNNNCN(N)NCN
NNNNCN(N)NNC
NNNNCNC(N)(N)N
NNNNCNC(N)NN
NNNNCNCNNN
NNNNCNN(N)CN
NNNNCNN(N)NC
NNNNCNNC(N)N
NNNNCNNCNN
NNNNCNNNCN
NNNNCNNNNC
NNNNN(C(N)N)NC
NNNNN(C)C(N)(N)N
NNNNN(C)C(N)NN
NNNNN(C)CNNN
NNNNN(C)N(N)CN
NNNNN(C)N(N)NC
NNNNN(C)NC(N)N
NNNNN(C)NCNN
NNNNN(C)NNCN
NNNNN(C)NNNC
NNNNN(CN)C(N)N
NNNNN(CN)CNN
NNNNN(CN)NCN
NNNNN(CN)NNC
NNNNN(N)C(C)NN
NNNNN(N)C(N)(C)N
NNNNN(N)C(N)CN
NNNNN(N)C(N)NC
NNNNN(N)CC(N)N
NNNNN(N)CCNN
NNNNN(N)CNCN
NNNNN(N)CNNC
NNNNN(N)N(C)CN
NNNNN(N)N(C)NC
NNNNN(N)N(N)CC
NNNNN(N)NC(C)N
NNNNN(N)NCCN
NNNNN(N)NCNC
NNNNN(N)NN(C)C
NNNNN(N)NNCC
NNNNN(NC)CNN
NNNNN(NC)NCN
NNNNN(NC)NNC
NNNNN(NN)CCN
NNNNN(NN)CNC
NNNNN(NN)NCC
NNNNNC(C)NNN
NNNNNC(CN)NN
NNNNNC(N)(C)NN
NNNNNC(N)(N)CN
NNNNNC(N)(N)NC
NNNNNC(N)C(N)N
NNNNNC(N)CNN
NNNNNC(N)NCN
NNNNNC(N)NNC
NNNNNC(NC)NN
NNNNNCC(N)(N)N
NNNNNCC(N)NN
NNNNNCCNNN
NNNNNCN(N)CN
NNNNNCN(N)NC
NNNNNCNC(N)N
NNNNNCNCNN
NNNNNCNNCN
NNNNNCNNNC
NNNNNN(C)C(N)N
NNNNNN(C)CNN
NNNNNN(C)NCN
NNNNNN(C)NNC
NNNNNN(CN)CN
NNNNNN(CN)NC
NNNNNN(N)C(C)N
NNNNNN(N)CCN
NNNNNN(N)CNC
NNNNNN(N)N(C)C
NNNNNN(N)NCC
NNNNNN(NC)NC
NNNNNNC(C)NN
NNNNNNC(N)(C)N
NNNNNNC(N)CN
NNNNNNC(N)NC
NNNNNNCC(N)N
NNNNNNCCNN
NNNNNNCNCN
NNNNNNCNNC
NNNNNNN(C)CN
NNNNNNN(C)NC
NNNNNNN(N)CC
NNNNNNNC(C)N
NNNNNNNCCN
NNNNNNNCNC
NNNNNNNN(C)C
NNNNNNNNCC
