COOOOOOOOC
OC(O)(O)OOC(O)(O)O
OC(O)(O)OOOC(O)O
OC(O)(O)OOOOCO
OC(O)(O)OOOOOC
OC(O)OOOOC(O)O
OC(O)OOOOOCO
OC(O)OOOOOOC
OCOOOOOOCO
OCOOOOOOOC
OOC(C(O)(O)O)(O)OO
OOC(O)(O)C(O)(O)OO
OOC(O)(O)C(OO)OO
OOC(O)(O)OC(O)(O)O
OOC(O)(O)OC(O)OO
OOC(O)(O)OOC(O)O
OOC(O)(O)OOCOO
OOC(O)(O)OOOCO
OOC(O)(O)OOOOC
OOC(O)OOC(O)(O)O
OOC(O)OOC(O)OO
OOC(O)OOOC(O)O
OOC(O)OOOCOO
OOC(O)OOOOCO
OOC(O)OOOOOC
OOC(OO)(C(O)O)OO
OOC(OO)(O)C(O)OO
OOC(OO)(O)OC(O)O
OOC(OO)(O)OCOO
OOC(OO)(O)OOCO
OOC(OO)(O)OOOC
OOC(OO)(OO)COO
OOC(OO)(OO)OCO
OOC(OO)(OO)OOC
OOC(OO)C(OO)OO
OOC(OO)OC(O)(O)O
OOC(OO)OC(O)OO
OOC(OO)OOC(O)O
OOC(OO)OOCOO
OOC(OO)OOOCO
OOC(OO)OOOOC
OOCOOOC(O)(O)O
OOCOOOOC(O)O
OOCOOOOCOO
OOCOOOOOCO
OOCOOOOOOC
OOOC(C(O)(O)O)OO
OOOC(C(O)O)(O)OO
OOOC(C(O)O)OOO
OOOC(CO)(O)OOO
OOOC(COO)OOO
OOOC(O)(O)C(O)(O)O
OOOC(O)(O)C(O)OO
OOOC(O)(O)COOO
OOOC(O)(O)OC(O)O
OOOC(O)(O)OCOO
OOOC(O)(O)OOCO
OOOC(O)(O)OOOC
OOOC(O)C(O)(O)OO
OOOC(O)C(O)OOO
OOOC(O)C(OO)OO
OOOC(O)OC(O)(O)O
OOOC(O)OC(O)OO
OOOC(O)OCOOO
OOOC(O)OOC(O)O
OOOC(O)OOCOO
OOOC(O)OOOCO
OOOC(O)OOOOC
OOOC(OC)(O)OOO
OOOC(OCO)OOO
OOOC(OO)(C)OOO
OOOC(OO)(CO)OO
OOOC(OO)(O)COO
OOOC(OO)(O)OCO
OOOC(OO)(O)OOC
OOOC(OO)(OC)OO
OOOC(OO)C(O)OO
OOOC(OO)COOO
OOOC(OO)OC(O)O
OOOC(OO)OCOO
OOOC(OO)OOCO
OOOC(OO)OOOC
OOOC(OOC)OOO
OOOCC(OO)(O)OO
OOOCOC(O)(O)OO
OOOCOC(OO)OO
OOOCOOC(O)(O)O
OOOCOOC(O)OO
OOOCOOCOOO
OOOCOOOC(O)O
OOOCOOOCOO
OOOCOOOOCO
OOOCOOOOOC
OOOOC(C(O)O)OO
OOOOC(C)OOOO
OOOOC(CO)(O)OO
OOOOC(CO)OOO
OOOOC(O)(C)OOO
OOOOC(O)(O)C(O)O
OOOOC(O)(O)COO
OOOOC(O)(O)OCO
OOOOC(O)(O)OOC
OOOOC(O)C(O)(O)O
OOOOC(O)C(O)OO
OOOOC(O)COOO
OOOOC(O)OC(O)O
OOOOC(O)OCOO
OOOOC(O)OOCO
OOOOC(O)OOOC
OOOOC(OC)(O)OO
OOOOC(OC)OOO
OOOOC(OO)(C)OO
OOOOC(OO)COO
OOOOC(OO)OCO
OOOOC(OO)OOC
OOOOCC(O)(O)OO
OOOOCC(O)OOO
OOOOCC(OO)OO
OOOOCCOOOO
OOOOCOC(O)(O)O
OOOOCOC(O)OO
OOOOCOCOOO
OOOOCOOC(O)O
OOOOCOOCOO
OOOOCOOOCO
OOOOCOOOOC
OOOOOC(C)OOO
OOOOOC(CO)OO
OOOOOC(O)(C)OO
OOOOOC(O)(O)CO
OOOOOC(O)(O)OC
OOOOOC(O)C(O)O
OOOOOC(O)COO
OOOOOC(O)OCO
OOOOOC(O)OOC
OOOOOC(OC)OO
OOOOOCC(O)(O)O
OOOOOCC(O)OO
OOOOOCCOOO
OOOOOCOC(O)O
OOOOOCOCOO
OOOOOCOOCO
OOOOOCOOOC
OOOOOOC(C)OO
OOOOOOC(O)(C)O
OOOOOOC(O)CO
OOOOOOC(O)OC
OOOOOOCC(O)O
OOOOOOCCOO
OOOOOOCOCO
OOOOOOCOOC
OOOOOOOC(C)O
OOOOOOOCCO
OOOOOOOCOC
OOOOOOOOCC
