CSiSi(Si)(Si)Si(Si)(Si)SiC
CSiSi(Si)(Si)Si(Si)SiSiC
CSiSi(Si)(Si)SiSi(Si)SiC
CSiSi(Si)(Si)SiSiSiSiC
CSiSi(Si)Si(Si)(Si)SiSiC
CSiSi(Si)Si(Si)Si(Si)SiC
CSiSi(Si)Si(Si)SiSiSiC
CSiSi(Si)Si(SiSi)SiSiC
CSiSi(Si)SiSi(Si)SiSiC
CSiSi(Si)SiSiSi(Si)SiC
CSiSi(Si)SiSiSiSiSiC
CSiSiSi(Si(Si)Si)SiSiC
CSiSiSi(Si)(Si)SiSiSiC
CSiSiSi(Si)Si(Si)SiSiC
CSiSiSi(Si)SiSiSiSiC
CSiSiSi(SiSi)(Si)SiSiC
CSiSiSi(SiSi)SiSiSiC
CSiSiSiSi(Si)SiSiSiC
CSiSiSiSiSiSiSiSiC
SiC(Si)(Si)Si(Si)(Si)C(Si)Si
SiC(Si)(Si)Si(Si)(Si)SiCSi
SiC(Si)(Si)Si(Si)(Si)SiSiC
SiC(Si)(Si)Si(Si)C(Si)(Si)Si
SiC(Si)(Si)Si(Si)Si(Si)CSi
SiC(Si)(Si)Si(Si)Si(Si)SiC
SiC(Si)(Si)Si(Si)SiC(Si)Si
SiC(Si)(Si)Si(Si)SiSiCSi
SiC(Si)(Si)Si(Si)SiSiSiC
SiC(Si)(Si)SiSi(Si)(Si)CSi
SiC(Si)(Si)SiSi(Si)(Si)SiC
SiC(Si)(Si)SiSi(Si)C(Si)Si
SiC(Si)(Si)SiSi(Si)SiCSi
SiC(Si)(Si)SiSi(Si)SiSiC
SiC(Si)(Si)SiSiC(Si)(Si)Si
SiC(Si)(Si)SiSiSi(Si)CSi
SiC(Si)(Si)SiSiSi(Si)SiC
SiC(Si)(Si)SiSiSiC(Si)Si
SiC(Si)(Si)SiSiSiSiCSi
SiC(Si)(Si)SiSiSiSiSiC
SiC(Si)Si(Si)(Si)Si(Si)CSi
SiC(Si)Si(Si)(Si)Si(Si)SiC
SiC(Si)Si(Si)(Si)SiC(Si)Si
SiC(Si)Si(Si)(Si)SiSiCSi
SiC(Si)Si(Si)(Si)SiSiSiC
SiC(Si)Si(Si)Si(Si)(Si)CSi
SiC(Si)Si(Si)Si(Si)(Si)SiC
SiC(Si)Si(Si)Si(Si)C(Si)Si
SiC(Si)Si(Si)Si(Si)SiCSi
SiC(Si)Si(Si)Si(Si)SiSiC
SiC(Si)Si(Si)SiSi(Si)CSi
SiC(Si)Si(Si)SiSi(Si)SiC
SiC(Si)Si(Si)SiSiC(Si)Si
SiC(Si)Si(Si)SiSiSiCSi
SiC(Si)Si(Si)SiSiSiSiC
SiC(Si)SiSi(Si)(Si)SiCSi
SiC(Si)SiSi(Si)(Si)SiSiC
SiC(Si)SiSi(Si)Si(Si)CSi
SiC(Si)SiSi(Si)Si(Si)SiC
SiC(Si)SiSi(Si)SiC(Si)Si
SiC(Si)SiSi(Si)SiSiCSi
SiC(Si)SiSi(Si)SiSiSiC
SiC(Si)SiSi(SiSi)SiCSi
SiC(Si)SiSi(SiSi)SiSiC
SiC(Si)SiSiSi(Si)(Si)CSi
SiC(Si)SiSiSi(Si)(Si)SiC
SiC(Si)SiSiSi(Si)SiCSi
SiC(Si)SiSiSi(Si)SiSiC
SiC(Si)SiSiSiSi(Si)CSi
SiC(Si)SiSiSiSi(Si)SiC
SiC(Si)SiSiSiSiC(Si)Si
SiC(Si)SiSiSiSiSiCSi
SiC(Si)SiSiSiSiSiSiC
SiCSi(Si)(Si)Si(Si)(Si)CSi
SiCSi(Si)(Si)Si(Si)(Si)SiC
SiCSi(Si)(Si)Si(Si)SiCSi
SiCSi(Si)(Si)Si(Si)SiSiC
SiCSi(Si)(Si)SiSi(Si)CSi
SiCSi(Si)(Si)SiSi(Si)SiC
SiCSi(Si)(Si)SiSiSiCSi
SiCSi(Si)(Si)SiSiSiSiC
SiCSi(Si)Si(Si)(Si)SiCSi
SiCSi(Si)Si(Si)(Si)SiSiC
SiCSi(Si)Si(Si)Si(Si)CSi
SiCSi(Si)Si(Si)Si(Si)SiC
SiCSi(Si)Si(Si)SiSiCSi
SiCSi(Si)Si(Si)SiSiSiC
SiCSi(Si)Si(SiSi)SiCSi
SiCSi(Si)Si(SiSi)SiSiC
SiCSi(Si)SiSi(Si)(Si)SiC
SiCSi(Si)SiSi(Si)SiCSi
SiCSi(Si)SiSi(Si)SiSiC
SiCSi(Si)SiSiSi(Si)CSi
SiCSi(Si)SiSiSi(Si)SiC
SiCSi(Si)SiSiSiSiCSi
SiCSi(Si)SiSiSiSiSiC
SiCSiSi(Si(Si)Si)SiCSi
SiCSiSi(Si(Si)Si)SiSiC
SiCSiSi(Si)(Si)Si(Si)SiC
SiCSiSi(Si)(Si)SiSiCSi
SiCSiSi(Si)(Si)SiSiSiC
SiCSiSi(Si)Si(Si)(Si)SiC
SiCSiSi(Si)Si(Si)SiCSi
SiCSiSi(Si)Si(Si)SiSiC
SiCSiSi(Si)SiSi(Si)SiC
SiCSiSi(Si)SiSiSiCSi
SiCSiSi(Si)SiSiSiSiC
SiCSiSi(SiSi)(Si)SiCSi
SiCSiSi(SiSi)(Si)SiSiC
SiCSiSi(SiSi)Si(Si)SiC
SiCSiSi(SiSi)SiSiCSi
SiCSiSi(SiSi)SiSiSiC
SiCSiSiSi(Si)(Si)SiSiC
SiCSiSiSi(Si)Si(Si)SiC
SiCSiSiSi(Si)SiSiCSi
SiCSiSiSi(Si)SiSiSiC
SiCSiSiSi(SiSi)SiSiC
SiCSiSiSiSi(Si)(Si)SiC
SiCSiSiSiSi(Si)SiSiC
SiCSiSiSiSiSi(Si)SiC
SiCSiSiSiSiSiSiCSi
SiCSiSiSiSiSiSiSiC
SiSi(C)(C)Si(Si)(Si)Si(Si)Si
SiSi(C)(C)Si(Si)(Si)SiSiSi
SiSi(C)(C)Si(Si)Si(Si)SiSi
SiSi(C)(C)Si(Si)SiSi(Si)Si
SiSi(C)(C)Si(Si)SiSiSiSi
SiSi(C)(C)Si(SiSi)(Si)SiSi
SiSi(C)(C)Si(SiSi)Si(Si)Si
SiSi(C)(C)Si(SiSi)SiSiSi
SiSi(C)(C)SiSi(Si)(Si)SiSi
SiSi(C)(C)SiSi(Si)Si(Si)Si
SiSi(C)(C)SiSi(Si)SiSiSi
SiSi(C)(C)SiSi(SiSi)SiSi
SiSi(C)(C)SiSiSi(Si)SiSi
SiSi(C)(C)SiSiSiSi(Si)Si
SiSi(C)(C)SiSiSiSiSiSi
SiSi(C)C(Si)(Si)Si(Si)SiSi
SiSi(C)C(Si)(Si)SiSiSiSi
SiSi(C)C(Si)Si(Si)(Si)SiSi
SiSi(C)C(Si)Si(Si)SiSiSi
SiSi(C)C(Si)Si(SiSi)SiSi
SiSi(C)C(Si)SiSi(Si)SiSi
SiSi(C)C(Si)SiSiSiSiSi
SiSi(C)C(SiSi)(Si)SiSiSi
SiSi(C)C(SiSi)(SiSi)SiSi
SiSi(C)C(SiSi)Si(Si)SiSi
SiSi(C)C(SiSi)SiSiSiSi
SiSi(C)CSi(Si)(Si)SiSiSi
SiSi(C)CSi(Si)Si(Si)SiSi
SiSi(C)CSi(Si)SiSiSiSi
SiSi(C)CSi(SiSi)(Si)SiSi
SiSi(C)CSi(SiSi)SiSiSi
SiSi(C)CSiSi(Si)(Si)SiSi
SiSi(C)CSiSi(Si)SiSiSi
SiSi(C)CSiSi(SiSi)SiSi
SiSi(C)CSiSiSi(Si)SiSi
SiSi(C)CSiSiSiSiSiSi
SiSi(C)Si(C(Si)(Si)Si)SiSi
SiSi(C)Si(C(Si)Si)(Si)SiSi
SiSi(C)Si(C(Si)Si)SiSiSi
SiSi(C)Si(C)Si(Si)(Si)SiSi
SiSi(C)Si(C)Si(Si)SiSiSi
SiSi(C)Si(C)Si(SiSi)SiSi
SiSi(C)Si(C)SiSi(Si)SiSi
SiSi(C)Si(C)SiSiSiSiSi
SiSi(C)Si(CSi)(Si)SiSiSi
SiSi(C)Si(CSi)Si(Si)SiSi
SiSi(C)Si(CSi)SiSiSiSi
SiSi(C)Si(Si(C)Si)SiSiSi
SiSi(C)Si(Si)(C)Si(Si)SiSi
SiSi(C)Si(Si)(C)SiSiSiSi
SiSi(C)Si(Si)(Si)C(Si)(Si)Si
SiSi(C)Si(Si)(Si)C(Si)SiSi
SiSi(C)Si(Si)(Si)CSiSiSi
SiSi(C)Si(Si)(Si)Si(C)SiSi
SiSi(C)Si(Si)(Si)Si(Si)CSi
SiSi(C)Si(Si)(Si)Si(Si)SiC
SiSi(C)Si(Si)(Si)SiC(Si)Si
SiSi(C)Si(Si)(Si)SiCSiSi
SiSi(C)Si(Si)(Si)SiSi(C)Si
SiSi(C)Si(Si)(Si)SiSiCSi
SiSi(C)Si(Si)(Si)SiSiSiC
SiSi(C)Si(Si)C(Si)(Si)SiSi
SiSi(C)Si(Si)C(Si)SiSiSi
SiSi(C)Si(Si)C(SiSi)SiSi
SiSi(C)Si(Si)CSi(Si)SiSi
SiSi(C)Si(Si)CSiSiSiSi
SiSi(C)Si(Si)Si(C)SiSiSi
SiSi(C)Si(Si)Si(CSi)SiSi
SiSi(C)Si(Si)Si(Si)(C)SiSi
SiSi(C)Si(Si)Si(Si)(Si)CSi
SiSi(C)Si(Si)Si(Si)(Si)SiC
SiSi(C)Si(Si)Si(Si)C(Si)Si
SiSi(C)Si(Si)Si(Si)CSiSi
SiSi(C)Si(Si)Si(Si)Si(Si)C
SiSi(C)Si(Si)Si(Si)SiCSi
SiSi(C)Si(Si)Si(Si)SiSiC
SiSi(C)Si(Si)Si(SiC)SiSi
SiSi(C)Si(Si)SiC(Si)(Si)Si
SiSi(C)Si(Si)SiC(Si)SiSi
SiSi(C)Si(Si)SiCSiSiSi
SiSi(C)Si(Si)SiSi(C)SiSi
SiSi(C)Si(Si)SiSi(Si)CSi
SiSi(C)Si(Si)SiSi(Si)SiC
SiSi(C)Si(Si)SiSiC(Si)Si
SiSi(C)Si(Si)SiSiCSiSi
SiSi(C)Si(Si)SiSiSi(C)Si
SiSi(C)Si(Si)SiSiSiCSi
SiSi(C)Si(Si)SiSiSiSiC
SiSi(C)Si(SiC)(Si)SiSiSi
SiSi(C)Si(SiC)Si(Si)SiSi
SiSi(C)Si(SiC)SiSiSiSi
SiSi(C)Si(SiSi)(C)SiSiSi
SiSi(C)Si(SiSi)(CSi)SiSi
SiSi(C)Si(SiSi)(Si)CSiSi
SiSi(C)Si(SiSi)(Si)Si(Si)C
SiSi(C)Si(SiSi)(Si)SiCSi
SiSi(C)Si(SiSi)(Si)SiSiC
SiSi(C)Si(SiSi)(SiC)SiSi
SiSi(C)Si(SiSi)C(Si)SiSi
SiSi(C)Si(SiSi)CSiSiSi
SiSi(C)Si(SiSi)Si(C)SiSi
SiSi(C)Si(SiSi)Si(Si)CSi
SiSi(C)Si(SiSi)Si(Si)SiC
SiSi(C)Si(SiSi)SiC(Si)Si
SiSi(C)Si(SiSi)SiCSiSi
SiSi(C)Si(SiSi)SiSi(C)Si
SiSi(C)Si(SiSi)SiSiCSi
SiSi(C)Si(SiSi)SiSiSiC
SiSi(C)SiC(Si)(Si)SiSiSi
SiSi(C)SiC(Si)Si(Si)SiSi
SiSi(C)SiC(Si)SiSiSiSi
SiSi(C)SiC(SiSi)(Si)SiSi
SiSi(C)SiC(SiSi)SiSiSi
SiSi(C)SiCSi(Si)(Si)SiSi
SiSi(C)SiCSi(Si)SiSiSi
SiSi(C)SiCSi(SiSi)SiSi
SiSi(C)SiCSiSi(Si)SiSi
SiSi(C)SiCSiSiSiSiSi
SiSi(C)SiSi(C(Si)Si)SiSi
SiSi(C)SiSi(C)Si(Si)SiSi
SiSi(C)SiSi(C)SiSiSiSi
SiSi(C)SiSi(CSi)(Si)SiSi
SiSi(C)SiSi(CSi)SiSiSi
SiSi(C)SiSi(Si)(C)SiSiSi
SiSi(C)SiSi(Si)(Si)C(Si)Si
SiSi(C)SiSi(Si)(Si)CSiSi
SiSi(C)SiSi(Si)(Si)SiCSi
SiSi(C)SiSi(Si)(Si)SiSiC
SiSi(C)SiSi(Si)C(Si)(Si)Si
SiSi(C)SiSi(Si)C(Si)SiSi
SiSi(C)SiSi(Si)CSiSiSi
SiSi(C)SiSi(Si)Si(C)SiSi
SiSi(C)SiSi(Si)Si(Si)CSi
SiSi(C)SiSi(Si)Si(Si)SiC
SiSi(C)SiSi(Si)SiC(Si)Si
SiSi(C)SiSi(Si)SiCSiSi
SiSi(C)SiSi(Si)SiSi(Si)C
SiSi(C)SiSi(Si)SiSiCSi
SiSi(C)SiSi(Si)SiSiSiC
SiSi(C)SiSi(SiC)(Si)SiSi
SiSi(C)SiSi(SiC)SiSiSi
SiSi(C)SiSi(SiSi)(C)SiSi
SiSi(C)SiSi(SiSi)CSiSi
SiSi(C)SiSi(SiSi)SiCSi
SiSi(C)SiSi(SiSi)SiSiC
SiSi(C)SiSiC(Si)(Si)SiSi
SiSi(C)SiSiC(Si)SiSiSi
SiSi(C)SiSiC(SiSi)SiSi
SiSi(C)SiSiCSi(Si)SiSi
SiSi(C)SiSiCSiSiSiSi
SiSi(C)SiSiSi(C)SiSiSi
SiSi(C)SiSiSi(CSi)SiSi
SiSi(C)SiSiSi(Si)(C)SiSi
SiSi(C)SiSiSi(Si)(Si)CSi
SiSi(C)SiSiSi(Si)(Si)SiC
SiSi(C)SiSiSi(Si)C(Si)Si
SiSi(C)SiSiSi(Si)CSiSi
SiSi(C)SiSiSi(Si)SiCSi
SiSi(C)SiSiSi(Si)SiSiC
SiSi(C)SiSiSi(SiC)SiSi
SiSi(C)SiSiSiC(Si)(Si)Si
SiSi(C)SiSiSiC(Si)SiSi
SiSi(C)SiSiSiCSiSiSi
SiSi(C)SiSiSiSi(C)SiSi
SiSi(C)SiSiSiSi(Si)CSi
SiSi(C)SiSiSiSi(Si)SiC
SiSi(C)SiSiSiSiC(Si)Si
SiSi(C)SiSiSiSiCSiSi
SiSi(C)SiSiSiSiSi(Si)C
SiSi(C)SiSiSiSiSiCSi
SiSi(C)SiSiSiSiSiSiC
SiSi(Si)(C)C(Si)(Si)Si(Si)Si
SiSi(Si)(C)C(Si)(Si)SiSiSi
SiSi(Si)(C)C(Si)Si(Si)SiSi
SiSi(Si)(C)C(Si)SiSi(Si)Si
SiSi(Si)(C)C(Si)SiSiSiSi
SiSi(Si)(C)C(SiSi)(Si)SiSi
SiSi(Si)(C)C(SiSi)Si(Si)Si
SiSi(Si)(C)C(SiSi)SiSiSi
SiSi(Si)(C)CSi(Si)(Si)SiSi
SiSi(Si)(C)CSi(Si)Si(Si)Si
SiSi(Si)(C)CSi(Si)SiSiSi
SiSi(Si)(C)CSi(SiSi)SiSi
SiSi(Si)(C)CSiSi(Si)SiSi
SiSi(Si)(C)CSiSiSi(Si)Si
SiSi(Si)(C)CSiSiSiSiSi
SiSi(Si)(C)Si(C(Si)Si)SiSi
SiSi(Si)(C)Si(C)Si(Si)SiSi
SiSi(Si)(C)Si(C)SiSi(Si)Si
SiSi(Si)(C)Si(C)SiSiSiSi
SiSi(Si)(C)Si(CSi)(Si)SiSi
SiSi(Si)(C)Si(CSi)Si(Si)Si
SiSi(Si)(C)Si(CSi)SiSiSi
SiSi(Si)(C)Si(Si)(C)Si(Si)Si
SiSi(Si)(C)Si(Si)(C)SiSiSi
SiSi(Si)(C)Si(Si)(Si)C(Si)Si
SiSi(Si)(C)Si(Si)(Si)CSiSi
SiSi(Si)(C)Si(Si)(Si)Si(C)Si
SiSi(Si)(C)Si(Si)(Si)SiCSi
SiSi(Si)(C)Si(Si)(Si)SiSiC
SiSi(Si)(C)Si(Si)C(Si)(Si)Si
SiSi(Si)(C)Si(Si)C(Si)SiSi
SiSi(Si)(C)Si(Si)CSi(Si)Si
SiSi(Si)(C)Si(Si)CSiSiSi
SiSi(Si)(C)Si(Si)Si(C)SiSi
SiSi(Si)(C)Si(Si)Si(Si)(Si)C
SiSi(Si)(C)Si(Si)Si(Si)CSi
SiSi(Si)(C)Si(Si)Si(Si)SiC
SiSi(Si)(C)Si(Si)SiC(Si)Si
SiSi(Si)(C)Si(Si)SiCSiSi
SiSi(Si)(C)Si(Si)SiSi(C)Si
SiSi(Si)(C)Si(Si)SiSiCSi
SiSi(Si)(C)Si(Si)SiSiSiC
SiSi(Si)(C)Si(SiC)(Si)SiSi
SiSi(Si)(C)Si(SiC)Si(Si)Si
SiSi(Si)(C)Si(SiC)SiSiSi
SiSi(Si)(C)Si(SiSi)(C)SiSi
SiSi(Si)(C)Si(SiSi)CSiSi
SiSi(Si)(C)Si(SiSi)Si(C)Si
SiSi(Si)(C)Si(SiSi)SiCSi
SiSi(Si)(C)Si(SiSi)SiSiC
SiSi(Si)(C)SiC(Si)(Si)SiSi
SiSi(Si)(C)SiC(Si)Si(Si)Si
SiSi(Si)(C)SiC(Si)SiSiSi
SiSi(Si)(C)SiC(SiSi)SiSi
SiSi(Si)(C)SiCSi(Si)SiSi
SiSi(Si)(C)SiCSiSi(Si)Si
SiSi(Si)(C)SiCSiSiSiSi
SiSi(Si)(C)SiSi(C)Si(Si)Si
SiSi(Si)(C)SiSi(C)SiSiSi
SiSi(Si)(C)SiSi(CSi)SiSi
SiSi(Si)(C)SiSi(Si)(C)SiSi
SiSi(Si)(C)SiSi(Si)(Si)CSi
SiSi(Si)(C)SiSi(Si)(Si)SiC
SiSi(Si)(C)SiSi(Si)C(Si)Si
SiSi(Si)(C)SiSi(Si)CSiSi
SiSi(Si)(C)SiSi(Si)Si(C)Si
SiSi(Si)(C)SiSi(Si)SiCSi
SiSi(Si)(C)SiSi(Si)SiSiC
SiSi(Si)(C)SiSi(SiC)SiSi
SiSi(Si)(C)SiSiC(Si)(Si)Si
SiSi(Si)(C)SiSiC(Si)SiSi
SiSi(Si)(C)SiSiCSi(Si)Si
SiSi(Si)(C)SiSiCSiSiSi
SiSi(Si)(C)SiSiSi(C)SiSi
SiSi(Si)(C)SiSiSi(Si)(Si)C
SiSi(Si)(C)SiSiSi(Si)CSi
SiSi(Si)(C)SiSiSi(Si)SiC
SiSi(Si)(C)SiSiSiC(Si)Si
SiSi(Si)(C)SiSiSiCSiSi
SiSi(Si)(C)SiSiSiSi(C)Si
SiSi(Si)(C)SiSiSiSiCSi
SiSi(Si)(C)SiSiSiSiSiC
SiSi(Si)(Si)C(C(Si)Si)SiSi
SiSi(Si)(Si)C(C)Si(Si)(Si)Si
SiSi(Si)(Si)C(C)Si(Si)SiSi
SiSi(Si)(Si)C(C)SiSi(Si)Si
SiSi(Si)(Si)C(C)SiSiSiSi
SiSi(Si)(Si)C(CSi)(Si)SiSi
SiSi(Si)(Si)C(CSi)Si(Si)Si
SiSi(Si)(Si)C(CSi)SiSiSi
SiSi(Si)(Si)C(Si)(C)Si(Si)Si
SiSi(Si)(Si)C(Si)(C)SiSiSi
SiSi(Si)(Si)C(Si)(Si)C(Si)Si
SiSi(Si)(Si)C(Si)(Si)CSiSi
SiSi(Si)(Si)C(Si)(Si)Si(C)Si
SiSi(Si)(Si)C(Si)(Si)SiCSi
SiSi(Si)(Si)C(Si)(Si)SiSiC
SiSi(Si)(Si)C(Si)C(Si)(Si)Si
SiSi(Si)(Si)C(Si)C(Si)SiSi
SiSi(Si)(Si)C(Si)CSi(Si)Si
SiSi(Si)(Si)C(Si)CSiSiSi
SiSi(Si)(Si)C(Si)Si(C)SiSi
SiSi(Si)(Si)C(Si)Si(Si)(C)Si
SiSi(Si)(Si)C(Si)Si(Si)CSi
SiSi(Si)(Si)C(Si)Si(Si)SiC
SiSi(Si)(Si)C(Si)SiC(Si)Si
SiSi(Si)(Si)C(Si)SiCSiSi
SiSi(Si)(Si)C(Si)SiSi(C)Si
SiSi(Si)(Si)C(Si)SiSiCSi
SiSi(Si)(Si)C(Si)SiSiSiC
SiSi(Si)(Si)C(SiC)(Si)SiSi
SiSi(Si)(Si)C(SiC)Si(Si)Si
SiSi(Si)(Si)C(SiC)SiSiSi
SiSi(Si)(Si)C(SiSi)(C)SiSi
SiSi(Si)(Si)C(SiSi)CSiSi
SiSi(Si)(Si)C(SiSi)Si(C)Si
SiSi(Si)(Si)C(SiSi)SiCSi
SiSi(Si)(Si)C(SiSi)SiSiC
SiSi(Si)(Si)CC(Si)(Si)SiSi
SiSi(Si)(Si)CC(Si)Si(Si)Si
SiSi(Si)(Si)CC(Si)SiSiSi
SiSi(Si)(Si)CC(SiSi)SiSi
SiSi(Si)(Si)CCSi(Si)(Si)Si
SiSi(Si)(Si)CCSi(Si)SiSi
SiSi(Si)(Si)CCSiSi(Si)Si
SiSi(Si)(Si)CCSiSiSiSi
SiSi(Si)(Si)CSi(C)Si(Si)Si
SiSi(Si)(Si)CSi(C)SiSiSi
SiSi(Si)(Si)CSi(CSi)SiSi
SiSi(Si)(Si)CSi(Si)(C)SiSi
SiSi(Si)(Si)CSi(Si)(Si)CSi
SiSi(Si)(Si)CSi(Si)(Si)SiC
SiSi(Si)(Si)CSi(Si)C(Si)Si
SiSi(Si)(Si)CSi(Si)CSiSi
SiSi(Si)(Si)CSi(Si)Si(C)Si
SiSi(Si)(Si)CSi(Si)SiCSi
SiSi(Si)(Si)CSi(Si)SiSiC
SiSi(Si)(Si)CSi(SiC)SiSi
SiSi(Si)(Si)CSiC(Si)(Si)Si
SiSi(Si)(Si)CSiC(Si)SiSi
SiSi(Si)(Si)CSiCSi(Si)Si
SiSi(Si)(Si)CSiCSiSiSi
SiSi(Si)(Si)CSiSi(C)SiSi
SiSi(Si)(Si)CSiSi(Si)(C)Si
SiSi(Si)(Si)CSiSi(Si)CSi
SiSi(Si)(Si)CSiSi(Si)SiC
SiSi(Si)(Si)CSiSiC(Si)Si
SiSi(Si)(Si)CSiSiCSiSi
SiSi(Si)(Si)CSiSiSi(C)Si
SiSi(Si)(Si)CSiSiSiCSi
SiSi(Si)(Si)CSiSiSiSiC
SiSi(Si)(Si)Si(C(C)Si)SiSi
SiSi(Si)(Si)Si(C(Si)Si)SiC
SiSi(Si)(Si)Si(C)(C)Si(Si)Si
SiSi(Si)(Si)Si(C)(C)SiSiSi
SiSi(Si)(Si)Si(C)C(Si)(Si)Si
SiSi(Si)(Si)Si(C)C(Si)SiSi
SiSi(Si)(Si)Si(C)CSi(Si)Si
SiSi(Si)(Si)Si(C)CSiSiSi
SiSi(Si)(Si)Si(C)Si(C)SiSi
SiSi(Si)(Si)Si(C)Si(Si)(C)Si
SiSi(Si)(Si)Si(C)Si(Si)CSi
SiSi(Si)(Si)Si(C)Si(Si)SiC
SiSi(Si)(Si)Si(C)SiC(Si)Si
SiSi(Si)(Si)Si(C)SiCSiSi
SiSi(Si)(Si)Si(C)SiSi(C)Si
SiSi(Si)(Si)Si(C)SiSiCSi
SiSi(Si)(Si)Si(C)SiSiSiC
SiSi(Si)(Si)Si(CC)(Si)SiSi
SiSi(Si)(Si)Si(CC)Si(Si)Si
SiSi(Si)(Si)Si(CC)SiSiSi
SiSi(Si)(Si)Si(CSi)(C)SiSi
SiSi(Si)(Si)Si(CSi)(Si)CSi
SiSi(Si)(Si)Si(CSi)(Si)SiC
SiSi(Si)(Si)Si(CSi)C(Si)Si
SiSi(Si)(Si)Si(CSi)CSiSi
SiSi(Si)(Si)Si(CSi)Si(C)Si
SiSi(Si)(Si)Si(CSi)SiCSi
SiSi(Si)(Si)Si(CSi)SiSiC
SiSi(Si)(Si)Si(Si)(C)C(Si)Si
SiSi(Si)(Si)Si(Si)(C)CSiSi
SiSi(Si)(Si)Si(Si)(C)Si(C)Si
SiSi(Si)(Si)Si(Si)(C)SiCSi
SiSi(Si)(Si)Si(Si)(C)SiSiC
SiSi(Si)(Si)Si(Si)(Si)C(C)Si
SiSi(Si)(Si)Si(Si)(Si)CCSi
SiSi(Si)(Si)Si(Si)(Si)CSiC
SiSi(Si)(Si)Si(Si)(Si)Si(C)C
SiSi(Si)(Si)Si(Si)(Si)SiCC
SiSi(Si)(Si)Si(Si)C(C)SiSi
SiSi(Si)(Si)Si(Si)C(Si)(C)Si
SiSi(Si)(Si)Si(Si)C(Si)CSi
SiSi(Si)(Si)Si(Si)C(Si)SiC
SiSi(Si)(Si)Si(Si)CC(Si)Si
SiSi(Si)(Si)Si(Si)CCSiSi
SiSi(Si)(Si)Si(Si)CSi(C)Si
SiSi(Si)(Si)Si(Si)CSiCSi
SiSi(Si)(Si)Si(Si)CSiSiC
SiSi(Si)(Si)Si(Si)Si(C)(C)Si
SiSi(Si)(Si)Si(Si)Si(C)CSi
SiSi(Si)(Si)Si(Si)Si(C)SiC
SiSi(Si)(Si)Si(Si)Si(Si)CC
SiSi(Si)(Si)Si(Si)SiC(C)Si
SiSi(Si)(Si)Si(Si)SiCCSi
SiSi(Si)(Si)Si(Si)SiCSiC
SiSi(Si)(Si)Si(Si)SiSi(C)C
SiSi(Si)(Si)Si(Si)SiSiCC
SiSi(Si)(Si)Si(SiC)(C)SiSi
SiSi(Si)(Si)Si(SiC)(Si)SiC
SiSi(Si)(Si)Si(SiC)CSiSi
SiSi(Si)(Si)Si(SiC)Si(C)Si
SiSi(Si)(Si)Si(SiC)SiCSi
SiSi(Si)(Si)Si(SiC)SiSiC
SiSi(Si)(Si)Si(SiSi)CCSi
SiSi(Si)(Si)Si(SiSi)CSiC
SiSi(Si)(Si)Si(SiSi)Si(C)C
SiSi(Si)(Si)Si(SiSi)SiCC
SiSi(Si)(Si)SiC(C)Si(Si)Si
SiSi(Si)(Si)SiC(C)SiSiSi
SiSi(Si)(Si)SiC(CSi)SiSi
SiSi(Si)(Si)SiC(Si)(C)SiSi
SiSi(Si)(Si)SiC(Si)(Si)CSi
SiSi(Si)(Si)SiC(Si)(Si)SiC
SiSi(Si)(Si)SiC(Si)C(Si)Si
SiSi(Si)(Si)SiC(Si)CSiSi
SiSi(Si)(Si)SiC(Si)Si(C)Si
SiSi(Si)(Si)SiC(Si)SiCSi
SiSi(Si)(Si)SiC(Si)SiSiC
SiSi(Si)(Si)SiC(SiC)SiSi
SiSi(Si)(Si)SiCC(Si)(Si)Si
SiSi(Si)(Si)SiCC(Si)SiSi
SiSi(Si)(Si)SiCCSi(Si)Si
SiSi(Si)(Si)SiCCSiSiSi
SiSi(Si)(Si)SiCSi(C)SiSi
SiSi(Si)(Si)SiCSi(Si)(C)Si
SiSi(Si)(Si)SiCSi(Si)CSi
SiSi(Si)(Si)SiCSi(Si)SiC
SiSi(Si)(Si)SiCSiC(Si)Si
SiSi(Si)(Si)SiCSiCSiSi
SiSi(Si)(Si)SiCSiSi(C)Si
SiSi(Si)(Si)SiCSiSiCSi
SiSi(Si)(Si)SiCSiSiSiC
SiSi(Si)(Si)SiSi(C)(C)SiSi
SiSi(Si)(Si)SiSi(C)C(Si)Si
SiSi(Si)(Si)SiSi(C)CSiSi
SiSi(Si)(Si)SiSi(C)Si(C)Si
SiSi(Si)(Si)SiSi(C)SiCSi
SiSi(Si)(Si)SiSi(C)SiSiC
SiSi(Si)(Si)SiSi(CC)SiSi
SiSi(Si)(Si)SiSi(CSi)CSi
SiSi(Si)(Si)SiSi(CSi)SiC
SiSi(Si)(Si)SiSi(Si)(C)CSi
SiSi(Si)(Si)SiSi(Si)(C)SiC
SiSi(Si)(Si)SiSi(Si)(Si)CC
SiSi(Si)(Si)SiSi(Si)C(C)Si
SiSi(Si)(Si)SiSi(Si)CCSi
SiSi(Si)(Si)SiSi(Si)CSiC
SiSi(Si)(Si)SiSi(Si)Si(C)C
SiSi(Si)(Si)SiSi(Si)SiCC
SiSi(Si)(Si)SiSi(SiC)SiC
SiSi(Si)(Si)SiSiC(C)SiSi
SiSi(Si)(Si)SiSiC(Si)(C)Si
SiSi(Si)(Si)SiSiC(Si)CSi
SiSi(Si)(Si)SiSiC(Si)SiC
SiSi(Si)(Si)SiSiCC(Si)Si
SiSi(Si)(Si)SiSiCCSiSi
SiSi(Si)(Si)SiSiCSi(C)Si
SiSi(Si)(Si)SiSiCSiCSi
SiSi(Si)(Si)SiSiCSiSiC
SiSi(Si)(Si)SiSiSi(C)(C)Si
SiSi(Si)(Si)SiSiSi(C)CSi
SiSi(Si)(Si)SiSiSi(C)SiC
SiSi(Si)(Si)SiSiSi(Si)CC
SiSi(Si)(Si)SiSiSiC(C)Si
SiSi(Si)(Si)SiSiSiCCSi
SiSi(Si)(Si)SiSiSiCSiC
SiSi(Si)(Si)SiSiSiSi(C)C
SiSi(Si)(Si)SiSiSiSiCC
SiSi(Si)C(C(Si)(Si)Si)SiSi
SiSi(Si)C(C(Si)Si)(Si)SiSi
SiSi(Si)C(C(Si)Si)Si(Si)Si
SiSi(Si)C(C(Si)Si)SiSiSi
SiSi(Si)C(C)Si(Si)(Si)SiSi
SiSi(Si)C(C)Si(Si)SiSiSi
SiSi(Si)C(C)Si(SiSi)SiSi
SiSi(Si)C(C)SiSi(Si)SiSi
SiSi(Si)C(C)SiSiSiSiSi
SiSi(Si)C(CSi)(Si)Si(Si)Si
SiSi(Si)C(CSi)(Si)SiSiSi
SiSi(Si)C(CSi)Si(Si)SiSi
SiSi(Si)C(CSi)SiSiSiSi
SiSi(Si)C(Si(C)Si)Si(Si)Si
SiSi(Si)C(Si(C)Si)SiSiSi
SiSi(Si)C(Si(Si)Si)CSiSi
SiSi(Si)C(Si(Si)Si)SiCSi
SiSi(Si)C(Si(Si)Si)SiSiC
SiSi(Si)C(Si)(C)Si(Si)SiSi
SiSi(Si)C(Si)(C)SiSiSiSi
SiSi(Si)C(Si)(Si)C(Si)(Si)Si
SiSi(Si)C(Si)(Si)C(Si)SiSi
SiSi(Si)C(Si)(Si)CSi(Si)Si
SiSi(Si)C(Si)(Si)CSiSiSi
SiSi(Si)C(Si)(Si)Si(C)SiSi
SiSi(Si)C(Si)(Si)Si(Si)CSi
SiSi(Si)C(Si)(Si)Si(Si)SiC
SiSi(Si)C(Si)(Si)SiC(Si)Si
SiSi(Si)C(Si)(Si)SiCSiSi
SiSi(Si)C(Si)(Si)SiSi(C)Si
SiSi(Si)C(Si)(Si)SiSiCSi
SiSi(Si)C(Si)(Si)SiSiSiC
SiSi(Si)C(Si)C(Si)(Si)SiSi
SiSi(Si)C(Si)C(Si)Si(Si)Si
SiSi(Si)C(Si)C(Si)SiSiSi
SiSi(Si)C(Si)C(SiSi)SiSi
SiSi(Si)C(Si)CSi(Si)SiSi
SiSi(Si)C(Si)CSiSiSiSi
SiSi(Si)C(Si)Si(C)SiSiSi
SiSi(Si)C(Si)Si(CSi)SiSi
SiSi(Si)C(Si)Si(Si)(C)SiSi
SiSi(Si)C(Si)Si(Si)(Si)CSi
SiSi(Si)C(Si)Si(Si)(Si)SiC
SiSi(Si)C(Si)Si(Si)C(Si)Si
SiSi(Si)C(Si)Si(Si)CSiSi
SiSi(Si)C(Si)Si(Si)Si(C)Si
SiSi(Si)C(Si)Si(Si)SiCSi
SiSi(Si)C(Si)Si(Si)SiSiC
SiSi(Si)C(Si)Si(SiC)SiSi
SiSi(Si)C(Si)SiC(Si)(Si)Si
SiSi(Si)C(Si)SiC(Si)SiSi
SiSi(Si)C(Si)SiCSi(Si)Si
SiSi(Si)C(Si)SiCSiSiSi
SiSi(Si)C(Si)SiSi(C)SiSi
SiSi(Si)C(Si)SiSi(Si)CSi
SiSi(Si)C(Si)SiSi(Si)SiC
SiSi(Si)C(Si)SiSiC(Si)Si
SiSi(Si)C(Si)SiSiCSiSi
SiSi(Si)C(Si)SiSiSi(C)Si
SiSi(Si)C(Si)SiSiSiCSi
SiSi(Si)C(Si)SiSiSiSiC
SiSi(Si)C(SiC)(Si)Si(Si)Si
SiSi(Si)C(SiC)(Si)SiSiSi
SiSi(Si)C(SiC)Si(Si)SiSi
SiSi(Si)C(SiC)SiSiSiSi
SiSi(Si)C(SiSi)(C)Si(Si)Si
SiSi(Si)C(SiSi)(C)SiSiSi
SiSi(Si)C(SiSi)(CSi)SiSi
SiSi(Si)C(SiSi)(Si)CSiSi
SiSi(Si)C(SiSi)(Si)Si(C)Si
SiSi(Si)C(SiSi)(Si)SiCSi
SiSi(Si)C(SiSi)(Si)SiSiC
SiSi(Si)C(SiSi)(SiC)SiSi
SiSi(Si)C(SiSi)C(Si)SiSi
SiSi(Si)C(SiSi)CSi(Si)Si
SiSi(Si)C(SiSi)CSiSiSi
SiSi(Si)C(SiSi)Si(C)SiSi
SiSi(Si)C(SiSi)Si(Si)CSi
SiSi(Si)C(SiSi)Si(Si)SiC
SiSi(Si)C(SiSi)SiC(Si)Si
SiSi(Si)C(SiSi)SiCSiSi
SiSi(Si)C(SiSi)SiSi(C)Si
SiSi(Si)C(SiSi)SiSiCSi
SiSi(Si)C(SiSi)SiSiSiC
SiSi(Si)CC(Si)(Si)SiSiSi
SiSi(Si)CC(Si)Si(Si)SiSi
SiSi(Si)CC(Si)SiSiSiSi
SiSi(Si)CC(SiSi)(Si)SiSi
SiSi(Si)CC(SiSi)SiSiSi
SiSi(Si)CCSi(Si)(Si)SiSi
SiSi(Si)CCSi(Si)SiSiSi
SiSi(Si)CCSi(SiSi)SiSi
SiSi(Si)CCSiSi(Si)SiSi
SiSi(Si)CCSiSiSiSiSi
SiSi(Si)CSi(C(Si)Si)SiSi
SiSi(Si)CSi(C)Si(Si)SiSi
SiSi(Si)CSi(C)SiSiSiSi
SiSi(Si)CSi(CSi)(Si)SiSi
SiSi(Si)CSi(CSi)SiSiSi
SiSi(Si)CSi(Si)(C)SiSiSi
SiSi(Si)CSi(Si)(Si)C(Si)Si
SiSi(Si)CSi(Si)(Si)CSiSi
SiSi(Si)CSi(Si)(Si)Si(C)Si
SiSi(Si)CSi(Si)(Si)SiCSi
SiSi(Si)CSi(Si)(Si)SiSiC
SiSi(Si)CSi(Si)C(Si)(Si)Si
SiSi(Si)CSi(Si)C(Si)SiSi
SiSi(Si)CSi(Si)CSi(Si)Si
SiSi(Si)CSi(Si)CSiSiSi
SiSi(Si)CSi(Si)Si(C)SiSi
SiSi(Si)CSi(Si)Si(Si)CSi
SiSi(Si)CSi(Si)Si(Si)SiC
SiSi(Si)CSi(Si)SiC(Si)Si
SiSi(Si)CSi(Si)SiCSiSi
SiSi(Si)CSi(Si)SiSi(C)Si
SiSi(Si)CSi(Si)SiSiCSi
SiSi(Si)CSi(Si)SiSiSiC
SiSi(Si)CSi(SiC)(Si)SiSi
SiSi(Si)CSi(SiC)SiSiSi
SiSi(Si)CSi(SiSi)(C)SiSi
SiSi(Si)CSi(SiSi)CSiSi
SiSi(Si)CSi(SiSi)Si(C)Si
SiSi(Si)CSi(SiSi)SiCSi
SiSi(Si)CSi(SiSi)SiSiC
SiSi(Si)CSiC(Si)(Si)SiSi
SiSi(Si)CSiC(Si)SiSiSi
SiSi(Si)CSiC(SiSi)SiSi
SiSi(Si)CSiCSi(Si)SiSi
SiSi(Si)CSiCSiSiSiSi
SiSi(Si)CSiSi(C)SiSiSi
SiSi(Si)CSiSi(CSi)SiSi
SiSi(Si)CSiSi(Si)(C)SiSi
SiSi(Si)CSiSi(Si)(Si)CSi
SiSi(Si)CSiSi(Si)(Si)SiC
SiSi(Si)CSiSi(Si)C(Si)Si
SiSi(Si)CSiSi(Si)CSiSi
SiSi(Si)CSiSi(Si)Si(C)Si
SiSi(Si)CSiSi(Si)SiCSi
SiSi(Si)CSiSi(Si)SiSiC
SiSi(Si)CSiSi(SiC)SiSi
SiSi(Si)CSiSiC(Si)(Si)Si
SiSi(Si)CSiSiC(Si)SiSi
SiSi(Si)CSiSiCSi(Si)Si
SiSi(Si)CSiSiCSiSiSi
SiSi(Si)CSiSiSi(C)SiSi
SiSi(Si)CSiSiSi(Si)CSi
SiSi(Si)CSiSiSi(Si)SiC
SiSi(Si)CSiSiSiC(Si)Si
SiSi(Si)CSiSiSiCSiSi
SiSi(Si)CSiSiSiSi(C)Si
SiSi(Si)CSiSiSiSiCSi
SiSi(Si)CSiSiSiSiSiC
SiSi(Si)Si(C(C)Si)(Si)SiSi
SiSi(Si)Si(C(C)Si)Si(Si)Si
SiSi(Si)Si(C(C)Si)SiSiSi
SiSi(Si)Si(C(Si)(C)Si)SiSi
SiSi(Si)Si(C(Si)(Si)Si)SiC
SiSi(Si)Si(C(Si)Si)(C)SiSi
SiSi(Si)Si(C(Si)Si)(Si)SiC
SiSi(Si)Si(C(Si)Si)C(Si)Si
SiSi(Si)Si(C(Si)Si)CSiSi
SiSi(Si)Si(C(Si)Si)Si(C)Si
SiSi(Si)Si(C(Si)Si)SiCSi
SiSi(Si)Si(C(Si)Si)SiSiC
SiSi(Si)Si(C)(C)Si(Si)SiSi
SiSi(Si)Si(C)(C)SiSi(Si)Si
SiSi(Si)Si(C)(C)SiSiSiSi
SiSi(Si)Si(C)C(Si)(Si)SiSi
SiSi(Si)Si(C)C(Si)Si(Si)Si
SiSi(Si)Si(C)C(Si)SiSiSi
SiSi(Si)Si(C)C(SiSi)SiSi
SiSi(Si)Si(C)CSi(Si)SiSi
SiSi(Si)Si(C)CSiSi(Si)Si
SiSi(Si)Si(C)CSiSiSiSi
SiSi(Si)Si(C)Si(C)Si(Si)Si
SiSi(Si)Si(C)Si(C)SiSiSi
SiSi(Si)Si(C)Si(CSi)SiSi
SiSi(Si)Si(C)Si(Si)(C)SiSi
SiSi(Si)Si(C)Si(Si)(Si)CSi
SiSi(Si)Si(C)Si(Si)(Si)SiC
SiSi(Si)Si(C)Si(Si)C(Si)Si
SiSi(Si)Si(C)Si(Si)CSiSi
SiSi(Si)Si(C)Si(Si)Si(C)Si
SiSi(Si)Si(C)Si(Si)SiCSi
SiSi(Si)Si(C)Si(Si)SiSiC
SiSi(Si)Si(C)Si(SiC)SiSi
SiSi(Si)Si(C)SiC(Si)(Si)Si
SiSi(Si)Si(C)SiC(Si)SiSi
SiSi(Si)Si(C)SiCSi(Si)Si
SiSi(Si)Si(C)SiCSiSiSi
SiSi(Si)Si(C)SiSi(C)SiSi
SiSi(Si)Si(C)SiSi(Si)CSi
SiSi(Si)Si(C)SiSi(Si)SiC
SiSi(Si)Si(C)SiSiC(Si)Si
SiSi(Si)Si(C)SiSiCSiSi
SiSi(Si)Si(C)SiSiSi(C)Si
SiSi(Si)Si(C)SiSiSiCSi
SiSi(Si)Si(C)SiSiSiSiC
SiSi(Si)Si(CC)(Si)Si(Si)Si
SiSi(Si)Si(CC)(Si)SiSiSi
SiSi(Si)Si(CC)Si(Si)SiSi
SiSi(Si)Si(CC)SiSi(Si)Si
SiSi(Si)Si(CC)SiSiSiSi
SiSi(Si)Si(CSi)(C)Si(Si)Si
SiSi(Si)Si(CSi)(C)SiSiSi
SiSi(Si)Si(CSi)(CSi)SiSi
SiSi(Si)Si(CSi)(Si)C(Si)Si
SiSi(Si)Si(CSi)(Si)CSiSi
SiSi(Si)Si(CSi)(Si)Si(C)Si
SiSi(Si)Si(CSi)(Si)SiCSi
SiSi(Si)Si(CSi)(Si)SiSiC
SiSi(Si)Si(CSi)C(Si)(Si)Si
SiSi(Si)Si(CSi)C(Si)SiSi
SiSi(Si)Si(CSi)CSi(Si)Si
SiSi(Si)Si(CSi)CSiSiSi
SiSi(Si)Si(CSi)Si(C)SiSi
SiSi(Si)Si(CSi)Si(Si)CSi
SiSi(Si)Si(CSi)Si(Si)SiC
SiSi(Si)Si(CSi)SiC(Si)Si
SiSi(Si)Si(CSi)SiCSiSi
SiSi(Si)Si(CSi)SiSi(C)Si
SiSi(Si)Si(CSi)SiSiCSi
SiSi(Si)Si(CSi)SiSiSiC
SiSi(Si)Si(Si(C)C)Si(Si)Si
SiSi(Si)Si(Si(C)C)SiSiSi
SiSi(Si)Si(Si(C)Si)CSiSi
SiSi(Si)Si(Si(C)Si)Si(Si)C
SiSi(Si)Si(Si(C)Si)SiCSi
SiSi(Si)Si(Si(C)Si)SiSiC
SiSi(Si)Si(Si(Si)Si)CCSi
SiSi(Si)Si(Si(Si)Si)CSiC
SiSi(Si)Si(Si(Si)Si)SiCC
SiSi(Si)Si(Si)(C)C(Si)(Si)Si
SiSi(Si)Si(Si)(C)C(Si)SiSi
SiSi(Si)Si(Si)(C)CSi(Si)Si
SiSi(Si)Si(Si)(C)CSiSiSi
SiSi(Si)Si(Si)(C)Si(C)SiSi
SiSi(Si)Si(Si)(C)Si(Si)CSi
SiSi(Si)Si(Si)(C)Si(Si)SiC
SiSi(Si)Si(Si)(C)SiC(Si)Si
SiSi(Si)Si(Si)(C)SiCSiSi
SiSi(Si)Si(Si)(C)SiSi(C)Si
SiSi(Si)Si(Si)(C)SiSiCSi
SiSi(Si)Si(Si)(C)SiSiSiC
SiSi(Si)Si(Si)(Si)C(C)SiSi
SiSi(Si)Si(Si)(Si)C(Si)(C)Si
SiSi(Si)Si(Si)(Si)C(Si)CSi
SiSi(Si)Si(Si)(Si)C(Si)SiC
SiSi(Si)Si(Si)(Si)CC(Si)Si
SiSi(Si)Si(Si)(Si)CCSiSi
SiSi(Si)Si(Si)(Si)CSi(C)Si
SiSi(Si)Si(Si)(Si)CSiCSi
SiSi(Si)Si(Si)(Si)CSiSiC
SiSi(Si)Si(Si)(Si)Si(C)CSi
SiSi(Si)Si(Si)(Si)Si(C)SiC
SiSi(Si)Si(Si)(Si)Si(Si)CC
SiSi(Si)Si(Si)(Si)SiC(C)Si
SiSi(Si)Si(Si)(Si)SiCCSi
SiSi(Si)Si(Si)(Si)SiCSiC
SiSi(Si)Si(Si)(Si)SiSi(C)C
SiSi(Si)Si(Si)(Si)SiSiCC
SiSi(Si)Si(Si)C(C)Si(Si)Si
SiSi(Si)Si(Si)C(C)SiSiSi
SiSi(Si)Si(Si)C(CSi)SiSi
SiSi(Si)Si(Si)C(Si)(C)SiSi
SiSi(Si)Si(Si)C(Si)(Si)CSi
SiSi(Si)Si(Si)C(Si)(Si)SiC
SiSi(Si)Si(Si)C(Si)C(Si)Si
SiSi(Si)Si(Si)C(Si)CSiSi
SiSi(Si)Si(Si)C(Si)Si(C)Si
SiSi(Si)Si(Si)C(Si)SiCSi
SiSi(Si)Si(Si)C(Si)SiSiC
SiSi(Si)Si(Si)C(SiC)SiSi
SiSi(Si)Si(Si)CC(Si)(Si)Si
SiSi(Si)Si(Si)CC(Si)SiSi
SiSi(Si)Si(Si)CCSi(Si)Si
SiSi(Si)Si(Si)CCSiSiSi
SiSi(Si)Si(Si)CSi(C)SiSi
SiSi(Si)Si(Si)CSi(Si)CSi
SiSi(Si)Si(Si)CSi(Si)SiC
SiSi(Si)Si(Si)CSiC(Si)Si
SiSi(Si)Si(Si)CSiCSiSi
SiSi(Si)Si(Si)CSiSi(C)Si
SiSi(Si)Si(Si)CSiSiCSi
SiSi(Si)Si(Si)CSiSiSiC
SiSi(Si)Si(Si)Si(C)(C)SiSi
SiSi(Si)Si(Si)Si(C)C(Si)Si
SiSi(Si)Si(Si)Si(C)CSiSi
SiSi(Si)Si(Si)Si(C)Si(C)Si
SiSi(Si)Si(Si)Si(C)SiCSi
SiSi(Si)Si(Si)Si(C)SiSiC
SiSi(Si)Si(Si)Si(CC)SiSi
SiSi(Si)Si(Si)Si(CSi)CSi
SiSi(Si)Si(Si)Si(CSi)SiC
SiSi(Si)Si(Si)Si(Si)(C)CSi
SiSi(Si)Si(Si)Si(Si)(C)SiC
SiSi(Si)Si(Si)Si(Si)(Si)CC
SiSi(Si)Si(Si)Si(Si)C(C)Si
SiSi(Si)Si(Si)Si(Si)CCSi
SiSi(Si)Si(Si)Si(Si)CSiC
SiSi(Si)Si(Si)Si(Si)Si(C)C
SiSi(Si)Si(Si)Si(Si)SiCC
SiSi(Si)Si(Si)Si(SiC)SiC
SiSi(Si)Si(Si)SiC(C)SiSi
SiSi(Si)Si(Si)SiC(Si)(C)Si
SiSi(Si)Si(Si)SiC(Si)CSi
SiSi(Si)Si(Si)SiC(Si)SiC
SiSi(Si)Si(Si)SiCC(Si)Si
SiSi(Si)Si(Si)SiCCSiSi
SiSi(Si)Si(Si)SiCSi(C)Si
SiSi(Si)Si(Si)SiCSiCSi
SiSi(Si)Si(Si)SiCSiSiC
SiSi(Si)Si(Si)SiSi(C)CSi
SiSi(Si)Si(Si)SiSi(C)SiC
SiSi(Si)Si(Si)SiSi(Si)CC
SiSi(Si)Si(Si)SiSiC(C)Si
SiSi(Si)Si(Si)SiSiCCSi
SiSi(Si)Si(Si)SiSiCSiC
SiSi(Si)Si(Si)SiSiSi(C)C
SiSi(Si)Si(Si)SiSiSiCC
SiSi(Si)Si(SiC)(C)Si(Si)Si
SiSi(Si)Si(SiC)(C)SiSiSi
SiSi(Si)Si(SiC)(CSi)SiSi
SiSi(Si)Si(SiC)(Si)CSiSi
SiSi(Si)Si(SiC)(Si)Si(C)Si
SiSi(Si)Si(SiC)(Si)SiCSi
SiSi(Si)Si(SiC)(Si)SiSiC
SiSi(Si)Si(SiC)(SiC)SiSi
SiSi(Si)Si(SiC)C(Si)SiSi
SiSi(Si)Si(SiC)CSi(Si)Si
SiSi(Si)Si(SiC)CSiSiSi
SiSi(Si)Si(SiC)Si(C)SiSi
SiSi(Si)Si(SiC)Si(Si)CSi
SiSi(Si)Si(SiC)Si(Si)SiC
SiSi(Si)Si(SiC)SiC(Si)Si
SiSi(Si)Si(SiC)SiCSiSi
SiSi(Si)Si(SiC)SiSi(C)Si
SiSi(Si)Si(SiC)SiSiCSi
SiSi(Si)Si(SiC)SiSiSiC
SiSi(Si)Si(SiSi)(C)CSiSi
SiSi(Si)Si(SiSi)(C)Si(C)Si
SiSi(Si)Si(SiSi)(C)SiCSi
SiSi(Si)Si(SiSi)(C)SiSiC
SiSi(Si)Si(SiSi)(CC)SiSi
SiSi(Si)Si(SiSi)(Si)CCSi
SiSi(Si)Si(SiSi)(Si)CSiC
SiSi(Si)Si(SiSi)(Si)Si(C)C
SiSi(Si)Si(SiSi)(Si)SiCC
SiSi(Si)Si(SiSi)C(C)SiSi
SiSi(Si)Si(SiSi)C(Si)CSi
SiSi(Si)Si(SiSi)C(Si)SiC
SiSi(Si)Si(SiSi)CC(Si)Si
SiSi(Si)Si(SiSi)CCSiSi
SiSi(Si)Si(SiSi)CSi(C)Si
SiSi(Si)Si(SiSi)CSiCSi
SiSi(Si)Si(SiSi)CSiSiC
SiSi(Si)Si(SiSi)Si(C)CSi
SiSi(Si)Si(SiSi)Si(C)SiC
SiSi(Si)Si(SiSi)Si(Si)CC
SiSi(Si)Si(SiSi)SiC(C)Si
SiSi(Si)Si(SiSi)SiCCSi
SiSi(Si)Si(SiSi)SiCSiC
SiSi(Si)Si(SiSi)SiSi(C)C
SiSi(Si)Si(SiSi)SiSiCC
SiSi(Si)SiC(C(Si)Si)SiSi
SiSi(Si)SiC(C)Si(Si)SiSi
SiSi(Si)SiC(C)SiSi(Si)Si
SiSi(Si)SiC(C)SiSiSiSi
SiSi(Si)SiC(CSi)(Si)SiSi
SiSi(Si)SiC(CSi)Si(Si)Si
SiSi(Si)SiC(CSi)SiSiSi
SiSi(Si)SiC(Si)(C)Si(Si)Si
SiSi(Si)SiC(Si)(C)SiSiSi
SiSi(Si)SiC(Si)(Si)C(Si)Si
SiSi(Si)SiC(Si)(Si)CSiSi
SiSi(Si)SiC(Si)(Si)Si(C)Si
SiSi(Si)SiC(Si)(Si)SiCSi
SiSi(Si)SiC(Si)(Si)SiSiC
SiSi(Si)SiC(Si)C(Si)(Si)Si
SiSi(Si)SiC(Si)C(Si)SiSi
SiSi(Si)SiC(Si)CSi(Si)Si
SiSi(Si)SiC(Si)CSiSiSi
SiSi(Si)SiC(Si)Si(C)SiSi
SiSi(Si)SiC(Si)Si(Si)CSi
SiSi(Si)SiC(Si)Si(Si)SiC
SiSi(Si)SiC(Si)SiC(Si)Si
SiSi(Si)SiC(Si)SiCSiSi
SiSi(Si)SiC(Si)SiSi(C)Si
SiSi(Si)SiC(Si)SiSiCSi
SiSi(Si)SiC(Si)SiSiSiC
SiSi(Si)SiC(SiC)(Si)SiSi
SiSi(Si)SiC(SiC)Si(Si)Si
SiSi(Si)SiC(SiC)SiSiSi
SiSi(Si)SiC(SiSi)(C)SiSi
SiSi(Si)SiC(SiSi)CSiSi
SiSi(Si)SiC(SiSi)Si(C)Si
SiSi(Si)SiC(SiSi)SiCSi
SiSi(Si)SiC(SiSi)SiSiC
SiSi(Si)SiCC(Si)(Si)SiSi
SiSi(Si)SiCC(Si)Si(Si)Si
SiSi(Si)SiCC(Si)SiSiSi
SiSi(Si)SiCC(SiSi)SiSi
SiSi(Si)SiCCSi(Si)SiSi
SiSi(Si)SiCCSiSi(Si)Si
SiSi(Si)SiCCSiSiSiSi
SiSi(Si)SiCSi(C)SiSiSi
SiSi(Si)SiCSi(CSi)SiSi
SiSi(Si)SiCSi(Si)(C)SiSi
SiSi(Si)SiCSi(Si)(Si)CSi
SiSi(Si)SiCSi(Si)(Si)SiC
SiSi(Si)SiCSi(Si)C(Si)Si
SiSi(Si)SiCSi(Si)CSiSi
SiSi(Si)SiCSi(Si)Si(C)Si
SiSi(Si)SiCSi(Si)SiCSi
SiSi(Si)SiCSi(Si)SiSiC
SiSi(Si)SiCSi(SiC)SiSi
SiSi(Si)SiCSiC(Si)(Si)Si
SiSi(Si)SiCSiC(Si)SiSi
SiSi(Si)SiCSiCSi(Si)Si
SiSi(Si)SiCSiCSiSiSi
SiSi(Si)SiCSiSi(C)SiSi
SiSi(Si)SiCSiSi(Si)CSi
SiSi(Si)SiCSiSi(Si)SiC
SiSi(Si)SiCSiSiC(Si)Si
SiSi(Si)SiCSiSiCSiSi
SiSi(Si)SiCSiSiSi(C)Si
SiSi(Si)SiCSiSiSiCSi
SiSi(Si)SiCSiSiSiSiC
SiSi(Si)SiSi(C(C)Si)SiSi
SiSi(Si)SiSi(C(Si)Si)SiC
SiSi(Si)SiSi(C)(C)SiSiSi
SiSi(Si)SiSi(C)C(Si)(Si)Si
SiSi(Si)SiSi(C)C(Si)SiSi
SiSi(Si)SiSi(C)CSi(Si)Si
SiSi(Si)SiSi(C)CSiSiSi
SiSi(Si)SiSi(C)Si(C)SiSi
SiSi(Si)SiSi(C)Si(Si)CSi
SiSi(Si)SiSi(C)Si(Si)SiC
SiSi(Si)SiSi(C)SiC(Si)Si
SiSi(Si)SiSi(C)SiCSiSi
SiSi(Si)SiSi(C)SiSi(C)Si
SiSi(Si)SiSi(C)SiSiCSi
SiSi(Si)SiSi(C)SiSiSiC
SiSi(Si)SiSi(CC)(Si)SiSi
SiSi(Si)SiSi(CC)SiSiSi
SiSi(Si)SiSi(CSi)(C)SiSi
SiSi(Si)SiSi(CSi)(Si)CSi
SiSi(Si)SiSi(CSi)(Si)SiC
SiSi(Si)SiSi(CSi)C(Si)Si
SiSi(Si)SiSi(CSi)CSiSi
SiSi(Si)SiSi(CSi)Si(C)Si
SiSi(Si)SiSi(CSi)SiCSi
SiSi(Si)SiSi(CSi)SiSiC
SiSi(Si)SiSi(Si)(C)C(Si)Si
SiSi(Si)SiSi(Si)(C)CSiSi
SiSi(Si)SiSi(Si)(C)Si(C)Si
SiSi(Si)SiSi(Si)(C)SiCSi
SiSi(Si)SiSi(Si)(C)SiSiC
SiSi(Si)SiSi(Si)(Si)C(C)Si
SiSi(Si)SiSi(Si)(Si)CCSi
SiSi(Si)SiSi(Si)(Si)CSiC
SiSi(Si)SiSi(Si)(Si)Si(C)C
SiSi(Si)SiSi(Si)(Si)SiCC
SiSi(Si)SiSi(Si)C(C)SiSi
SiSi(Si)SiSi(Si)C(Si)(C)Si
SiSi(Si)SiSi(Si)C(Si)CSi
SiSi(Si)SiSi(Si)C(Si)SiC
SiSi(Si)SiSi(Si)CC(Si)Si
SiSi(Si)SiSi(Si)CCSiSi
SiSi(Si)SiSi(Si)CSi(C)Si
SiSi(Si)SiSi(Si)CSiCSi
SiSi(Si)SiSi(Si)CSiSiC
SiSi(Si)SiSi(Si)Si(C)CSi
SiSi(Si)SiSi(Si)Si(C)SiC
SiSi(Si)SiSi(Si)Si(Si)CC
SiSi(Si)SiSi(Si)SiC(C)Si
SiSi(Si)SiSi(Si)SiCCSi
SiSi(Si)SiSi(Si)SiCSiC
SiSi(Si)SiSi(Si)SiSi(C)C
SiSi(Si)SiSi(Si)SiSiCC
SiSi(Si)SiSi(SiC)(C)SiSi
SiSi(Si)SiSi(SiC)(Si)SiC
SiSi(Si)SiSi(SiC)CSiSi
SiSi(Si)SiSi(SiC)Si(C)Si
SiSi(Si)SiSi(SiC)SiCSi
SiSi(Si)SiSi(SiC)SiSiC
SiSi(Si)SiSi(SiSi)CCSi
SiSi(Si)SiSi(SiSi)CSiC
SiSi(Si)SiSi(SiSi)Si(C)C
SiSi(Si)SiSi(SiSi)SiCC
SiSi(Si)SiSiC(C)Si(Si)Si
SiSi(Si)SiSiC(C)SiSiSi
SiSi(Si)SiSiC(CSi)SiSi
SiSi(Si)SiSiC(Si)(C)SiSi
SiSi(Si)SiSiC(Si)(Si)CSi
SiSi(Si)SiSiC(Si)(Si)SiC
SiSi(Si)SiSiC(Si)C(Si)Si
SiSi(Si)SiSiC(Si)CSiSi
SiSi(Si)SiSiC(Si)Si(C)Si
SiSi(Si)SiSiC(Si)SiCSi
SiSi(Si)SiSiC(Si)SiSiC
SiSi(Si)SiSiC(SiC)SiSi
SiSi(Si)SiSiCC(Si)(Si)Si
SiSi(Si)SiSiCC(Si)SiSi
SiSi(Si)SiSiCCSi(Si)Si
SiSi(Si)SiSiCCSiSiSi
SiSi(Si)SiSiCSi(C)SiSi
SiSi(Si)SiSiCSi(Si)CSi
SiSi(Si)SiSiCSi(Si)SiC
SiSi(Si)SiSiCSiC(Si)Si
SiSi(Si)SiSiCSiCSiSi
SiSi(Si)SiSiCSiSi(C)Si
SiSi(Si)SiSiCSiSiCSi
SiSi(Si)SiSiCSiSiSiC
SiSi(Si)SiSiSi(C)(C)SiSi
SiSi(Si)SiSiSi(C)C(Si)Si
SiSi(Si)SiSiSi(C)CSiSi
SiSi(Si)SiSiSi(C)Si(C)Si
SiSi(Si)SiSiSi(C)SiCSi
SiSi(Si)SiSiSi(C)SiSiC
SiSi(Si)SiSiSi(CC)SiSi
SiSi(Si)SiSiSi(CSi)CSi
SiSi(Si)SiSiSi(CSi)SiC
SiSi(Si)SiSiSi(Si)(C)CSi
SiSi(Si)SiSiSi(Si)(C)SiC
SiSi(Si)SiSiSi(Si)(Si)CC
SiSi(Si)SiSiSi(Si)C(C)Si
SiSi(Si)SiSiSi(Si)CCSi
SiSi(Si)SiSiSi(Si)CSiC
SiSi(Si)SiSiSi(Si)Si(C)C
SiSi(Si)SiSiSi(Si)SiCC
SiSi(Si)SiSiSi(SiC)SiC
SiSi(Si)SiSiSiC(C)SiSi
SiSi(Si)SiSiSiC(Si)(C)Si
SiSi(Si)SiSiSiC(Si)CSi
SiSi(Si)SiSiSiC(Si)SiC
SiSi(Si)SiSiSiCC(Si)Si
SiSi(Si)SiSiSiCCSiSi
SiSi(Si)SiSiSiCSi(C)Si
SiSi(Si)SiSiSiCSiCSi
SiSi(Si)SiSiSiCSiSiC
SiSi(Si)SiSiSiSi(C)CSi
SiSi(Si)SiSiSiSi(C)SiC
SiSi(Si)SiSiSiSi(Si)CC
SiSi(Si)SiSiSiSiC(C)Si
SiSi(Si)SiSiSiSiCCSi
SiSi(Si)SiSiSiSiCSiC
SiSi(Si)SiSiSiSiSi(C)C
SiSi(Si)SiSiSiSiSiCC
SiSiC(C(Si)(Si)Si)(Si)SiSi
SiSiC(Si)(Si)C(Si)(Si)SiSi
SiSiC(Si)(Si)C(SiSi)SiSi
SiSiC(Si)(Si)Si(Si)(Si)CSi
SiSiC(Si)(Si)Si(Si)(Si)SiC
SiSiC(Si)(Si)Si(Si)C(Si)Si
SiSiC(Si)(Si)Si(Si)CSiSi
SiSiC(Si)(Si)Si(Si)SiCSi
SiSiC(Si)(Si)Si(Si)SiSiC
SiSiC(Si)(Si)SiC(Si)(Si)Si
SiSiC(Si)(Si)SiC(Si)SiSi
SiSiC(Si)(Si)SiSi(Si)CSi
SiSiC(Si)(Si)SiSi(Si)SiC
SiSiC(Si)(Si)SiSiC(Si)Si
SiSiC(Si)(Si)SiSiCSiSi
SiSiC(Si)(Si)SiSiSiCSi
SiSiC(Si)(Si)SiSiSiSiC
SiSiC(Si)Si(Si)(Si)C(Si)Si
SiSiC(Si)Si(Si)(Si)CSiSi
SiSiC(Si)Si(Si)(Si)SiCSi
SiSiC(Si)Si(Si)(Si)SiSiC
SiSiC(Si)Si(Si)C(Si)(Si)Si
SiSiC(Si)Si(Si)C(Si)SiSi
SiSiC(Si)Si(Si)Si(Si)CSi
SiSiC(Si)Si(Si)Si(Si)SiC
SiSiC(Si)Si(Si)SiC(Si)Si
SiSiC(Si)Si(Si)SiCSiSi
SiSiC(Si)Si(Si)SiSiCSi
SiSiC(Si)Si(Si)SiSiSiC
SiSiC(Si)Si(SiSi)CSiSi
SiSiC(Si)Si(SiSi)SiCSi
SiSiC(Si)Si(SiSi)SiSiC
SiSiC(Si)SiSi(Si)(Si)CSi
SiSiC(Si)SiSi(Si)(Si)SiC
SiSiC(Si)SiSi(Si)C(Si)Si
SiSiC(Si)SiSi(Si)CSiSi
SiSiC(Si)SiSi(Si)SiCSi
SiSiC(Si)SiSi(Si)SiSiC
SiSiC(Si)SiSiC(Si)(Si)Si
SiSiC(Si)SiSiC(Si)SiSi
SiSiC(Si)SiSiSi(Si)CSi
SiSiC(Si)SiSiSi(Si)SiC
SiSiC(Si)SiSiSiC(Si)Si
SiSiC(Si)SiSiSiCSiSi
SiSiC(Si)SiSiSiSiCSi
SiSiC(Si)SiSiSiSiSiC
SiSiC(SiSi)(C(Si)Si)SiSi
SiSiC(SiSi)(Si)C(Si)SiSi
SiSiC(SiSi)(Si)Si(Si)CSi
SiSiC(SiSi)(Si)Si(Si)SiC
SiSiC(SiSi)(Si)SiC(Si)Si
SiSiC(SiSi)(Si)SiCSiSi
SiSiC(SiSi)(Si)SiSiCSi
SiSiC(SiSi)(Si)SiSiSiC
SiSiC(SiSi)(SiSi)CSiSi
SiSiC(SiSi)(SiSi)SiCSi
SiSiC(SiSi)(SiSi)SiSiC
SiSiC(SiSi)C(SiSi)SiSi
SiSiC(SiSi)Si(Si)(Si)CSi
SiSiC(SiSi)Si(Si)(Si)SiC
SiSiC(SiSi)Si(Si)C(Si)Si
SiSiC(SiSi)Si(Si)CSiSi
SiSiC(SiSi)Si(Si)SiCSi
SiSiC(SiSi)Si(Si)SiSiC
SiSiC(SiSi)SiC(Si)(Si)Si
SiSiC(SiSi)SiC(Si)SiSi
SiSiC(SiSi)SiSi(Si)CSi
SiSiC(SiSi)SiSi(Si)SiC
SiSiC(SiSi)SiSiC(Si)Si
SiSiC(SiSi)SiSiCSiSi
SiSiC(SiSi)SiSiSiCSi
SiSiC(SiSi)SiSiSiSiC
SiSiCSi(Si(Si)Si)CSiSi
SiSiCSi(Si(Si)Si)SiCSi
SiSiCSi(Si(Si)Si)SiSiC
SiSiCSi(Si)(Si)C(Si)(Si)Si
SiSiCSi(Si)(Si)Si(Si)CSi
SiSiCSi(Si)(Si)Si(Si)SiC
SiSiCSi(Si)(Si)SiC(Si)Si
SiSiCSi(Si)(Si)SiCSiSi
SiSiCSi(Si)(Si)SiSiCSi
SiSiCSi(Si)(Si)SiSiSiC
SiSiCSi(Si)Si(Si)(Si)CSi
SiSiCSi(Si)Si(Si)(Si)SiC
SiSiCSi(Si)Si(Si)C(Si)Si
SiSiCSi(Si)Si(Si)CSiSi
SiSiCSi(Si)Si(Si)SiCSi
SiSiCSi(Si)Si(Si)SiSiC
SiSiCSi(Si)SiC(Si)(Si)Si
SiSiCSi(Si)SiSi(Si)CSi
SiSiCSi(Si)SiSi(Si)SiC
SiSiCSi(Si)SiSiC(Si)Si
SiSiCSi(Si)SiSiCSiSi
SiSiCSi(Si)SiSiSiCSi
SiSiCSi(Si)SiSiSiSiC
SiSiCSi(SiSi)(Si)CSiSi
SiSiCSi(SiSi)(Si)SiCSi
SiSiCSi(SiSi)(Si)SiSiC
SiSiCSi(SiSi)Si(Si)CSi
SiSiCSi(SiSi)Si(Si)SiC
SiSiCSi(SiSi)SiC(Si)Si
SiSiCSi(SiSi)SiCSiSi
SiSiCSi(SiSi)SiSiCSi
SiSiCSi(SiSi)SiSiSiC
SiSiCSiSi(Si)(Si)C(Si)Si
SiSiCSiSi(Si)(Si)SiCSi
SiSiCSiSi(Si)(Si)SiSiC
SiSiCSiSi(Si)C(Si)(Si)Si
SiSiCSiSi(Si)Si(Si)CSi
SiSiCSiSi(Si)Si(Si)SiC
SiSiCSiSi(Si)SiC(Si)Si
SiSiCSiSi(Si)SiCSiSi
SiSiCSiSi(Si)SiSiCSi
SiSiCSiSi(Si)SiSiSiC
SiSiCSiSi(SiSi)SiCSi
SiSiCSiSi(SiSi)SiSiC
SiSiCSiSiSi(Si)(Si)CSi
SiSiCSiSiSi(Si)(Si)SiC
SiSiCSiSiSi(Si)C(Si)Si
SiSiCSiSiSi(Si)SiCSi
SiSiCSiSiSi(Si)SiSiC
SiSiCSiSiSiC(Si)(Si)Si
SiSiCSiSiSiSi(Si)CSi
SiSiCSiSiSiSi(Si)SiC
SiSiCSiSiSiSiC(Si)Si
SiSiCSiSiSiSiCSiSi
SiSiCSiSiSiSiSiCSi
SiSiCSiSiSiSiSiSiC
SiSiSi(C(C)Si)(Si)SiSiSi
SiSiSi(C(C)Si)Si(Si)SiSi
SiSiSi(C(C)Si)SiSiSiSi
SiSiSi(C(Si)(C)Si)(Si)SiSi
SiSiSi(C(Si)(C)Si)SiSiSi
SiSiSi(C(Si)(Si)Si)(C)SiSi
SiSiSi(C(Si)(Si)Si)(Si)SiC
SiSiSi(C(Si)(Si)Si)CSiSi
SiSiSi(C(Si)(Si)Si)SiCSi
SiSiSi(C(Si)(Si)Si)SiSiC
SiSiSi(C(Si)Si)(C)SiSiSi
SiSiSi(C(Si)Si)(CSi)SiSi
SiSiSi(C(Si)Si)(Si)C(Si)Si
SiSiSi(C(Si)Si)(Si)CSiSi
SiSiSi(C(Si)Si)(Si)SiCSi
SiSiSi(C(Si)Si)(Si)SiSiC
SiSiSi(C(Si)Si)C(Si)(Si)Si
SiSiSi(C(Si)Si)C(Si)SiSi
SiSiSi(C(Si)Si)CSiSiSi
SiSiSi(C(Si)Si)Si(C)SiSi
SiSiSi(C(Si)Si)Si(Si)CSi
SiSiSi(C(Si)Si)Si(Si)SiC
SiSiSi(C(Si)Si)SiC(Si)Si
SiSiSi(C(Si)Si)SiCSiSi
SiSiSi(C(Si)Si)SiSiCSi
SiSiSi(C(Si)Si)SiSiSiC
SiSiSi(C)(C)Si(Si)SiSiSi
SiSiSi(C)(C)Si(SiSi)SiSi
SiSiSi(C)(C)SiSi(Si)SiSi
SiSiSi(C)(C)SiSiSiSiSi
SiSiSi(C)C(Si)(Si)SiSiSi
SiSiSi(C)C(Si)SiSiSiSi
SiSiSi(C)C(SiSi)(Si)SiSi
SiSiSi(C)C(SiSi)SiSiSi
SiSiSi(C)CSi(Si)SiSiSi
SiSiSi(C)CSiSiSiSiSi
SiSiSi(C)Si(C)SiSiSiSi
SiSiSi(C)Si(CSi)SiSiSi
SiSiSi(C)Si(Si)(C)SiSiSi
SiSiSi(C)Si(Si)(Si)C(Si)Si
SiSiSi(C)Si(Si)(Si)CSiSi
SiSiSi(C)Si(Si)(Si)SiCSi
SiSiSi(C)Si(Si)(Si)SiSiC
SiSiSi(C)Si(Si)C(Si)(Si)Si
SiSiSi(C)Si(Si)C(Si)SiSi
SiSiSi(C)Si(Si)CSiSiSi
SiSiSi(C)Si(Si)Si(C)SiSi
SiSiSi(C)Si(Si)Si(Si)CSi
SiSiSi(C)Si(Si)Si(Si)SiC
SiSiSi(C)Si(Si)SiC(Si)Si
SiSiSi(C)Si(Si)SiCSiSi
SiSiSi(C)Si(Si)SiSiCSi
SiSiSi(C)Si(Si)SiSiSiC
SiSiSi(C)Si(SiC)SiSiSi
SiSiSi(C)Si(SiSi)CSiSi
SiSiSi(C)Si(SiSi)SiCSi
SiSiSi(C)Si(SiSi)SiSiC
SiSiSi(C)SiC(Si)(Si)SiSi
SiSiSi(C)SiC(Si)SiSiSi
SiSiSi(C)SiC(SiSi)SiSi
SiSiSi(C)SiCSiSiSiSi
SiSiSi(C)SiSi(C)SiSiSi
SiSiSi(C)SiSi(Si)(Si)CSi
SiSiSi(C)SiSi(Si)(Si)SiC
SiSiSi(C)SiSi(Si)C(Si)Si
SiSiSi(C)SiSi(Si)CSiSi
SiSiSi(C)SiSi(Si)SiCSi
SiSiSi(C)SiSi(Si)SiSiC
SiSiSi(C)SiSiC(Si)(Si)Si
SiSiSi(C)SiSiC(Si)SiSi
SiSiSi(C)SiSiCSiSiSi
SiSiSi(C)SiSiSi(C)SiSi
SiSiSi(C)SiSiSi(Si)CSi
SiSiSi(C)SiSiSi(Si)SiC
SiSiSi(C)SiSiSiC(Si)Si
SiSiSi(C)SiSiSiCSiSi
SiSiSi(C)SiSiSiSiCSi
SiSiSi(C)SiSiSiSiSiC
SiSiSi(CC)(Si)Si(Si)SiSi
SiSiSi(CC)(Si)SiSiSiSi
SiSiSi(CC)Si(Si)SiSiSi
SiSiSi(CC)SiSi(Si)SiSi
SiSiSi(CC)SiSiSiSiSi
SiSiSi(CSi)(C)Si(Si)SiSi
SiSiSi(CSi)(C)SiSiSiSi
SiSiSi(CSi)(CSi)SiSiSi
SiSiSi(CSi)(Si)C(Si)(Si)Si
SiSiSi(CSi)(Si)C(Si)SiSi
SiSiSi(CSi)(Si)CSiSiSi
SiSiSi(CSi)(Si)Si(C)SiSi
SiSiSi(CSi)(Si)Si(Si)CSi
SiSiSi(CSi)(Si)Si(Si)SiC
SiSiSi(CSi)(Si)SiC(Si)Si
SiSiSi(CSi)(Si)SiCSiSi
SiSiSi(CSi)(Si)SiSiCSi
SiSiSi(CSi)(Si)SiSiSiC
SiSiSi(CSi)C(Si)(Si)SiSi
SiSiSi(CSi)C(Si)SiSiSi
SiSiSi(CSi)C(SiSi)SiSi
SiSiSi(CSi)CSi(Si)SiSi
SiSiSi(CSi)CSiSiSiSi
SiSiSi(CSi)Si(C)SiSiSi
SiSiSi(CSi)Si(Si)(Si)CSi
SiSiSi(CSi)Si(Si)(Si)SiC
SiSiSi(CSi)Si(Si)C(Si)Si
SiSiSi(CSi)Si(Si)CSiSi
SiSiSi(CSi)Si(Si)SiCSi
SiSiSi(CSi)Si(Si)SiSiC
SiSiSi(CSi)Si(SiSi)CSi
SiSiSi(CSi)SiC(Si)(Si)Si
SiSiSi(CSi)SiC(Si)SiSi
SiSiSi(CSi)SiCSiSiSi
SiSiSi(CSi)SiSi(C)SiSi
SiSiSi(CSi)SiSi(Si)CSi
SiSiSi(CSi)SiSi(Si)SiC
SiSiSi(CSi)SiSiC(Si)Si
SiSiSi(CSi)SiSiCSiSi
SiSiSi(CSi)SiSiSiCSi
SiSiSi(CSi)SiSiSiSiC
SiSiSi(Si(C)C)(Si)SiSiSi
SiSiSi(Si(C)C)Si(Si)SiSi
SiSiSi(Si(C)C)SiSiSiSi
SiSiSi(Si)(C)C(Si)(Si)SiSi
SiSiSi(Si)(C)C(Si)SiSiSi
SiSiSi(Si)(C)C(SiSi)SiSi
SiSiSi(Si)(C)CSi(Si)SiSi
SiSiSi(Si)(C)CSiSiSiSi
SiSiSi(Si)(C)Si(C)SiSiSi
SiSiSi(Si)(C)Si(CSi)SiSi
SiSiSi(Si)(C)Si(Si)(C)SiSi
SiSiSi(Si)(C)Si(Si)(Si)CSi
SiSiSi(Si)(C)Si(Si)(Si)SiC
SiSiSi(Si)(C)Si(Si)C(Si)Si
SiSiSi(Si)(C)Si(Si)CSiSi
SiSiSi(Si)(C)Si(Si)SiCSi
SiSiSi(Si)(C)Si(Si)SiSiC
SiSiSi(Si)(C)Si(SiC)SiSi
SiSiSi(Si)(C)SiC(Si)(Si)Si
SiSiSi(Si)(C)SiC(Si)SiSi
SiSiSi(Si)(C)SiCSiSiSi
SiSiSi(Si)(C)SiSi(C)SiSi
SiSiSi(Si)(C)SiSi(Si)CSi
SiSiSi(Si)(C)SiSi(Si)SiC
SiSiSi(Si)(C)SiSiC(Si)Si
SiSiSi(Si)(C)SiSiCSiSi
SiSiSi(Si)(C)SiSiSiCSi
SiSiSi(Si)(C)SiSiSiSiC
SiSiSi(Si)(Si)C(C)SiSiSi
SiSiSi(Si)(Si)C(CSi)SiSi
SiSiSi(Si)(Si)C(Si)(C)SiSi
SiSiSi(Si)(Si)C(Si)(Si)CSi
SiSiSi(Si)(Si)C(Si)(Si)SiC
SiSiSi(Si)(Si)C(Si)C(Si)Si
SiSiSi(Si)(Si)C(Si)CSiSi
SiSiSi(Si)(Si)C(Si)SiCSi
SiSiSi(Si)(Si)C(Si)SiSiC
SiSiSi(Si)(Si)C(SiC)SiSi
SiSiSi(Si)(Si)CC(Si)(Si)Si
SiSiSi(Si)(Si)CC(Si)SiSi
SiSiSi(Si)(Si)CCSiSiSi
SiSiSi(Si)(Si)CSi(C)SiSi
SiSiSi(Si)(Si)CSi(Si)CSi
SiSiSi(Si)(Si)CSi(Si)SiC
SiSiSi(Si)(Si)CSiC(Si)Si
SiSiSi(Si)(Si)CSiCSiSi
SiSiSi(Si)(Si)CSiSiCSi
SiSiSi(Si)(Si)CSiSiSiC
SiSiSi(Si)(Si)Si(C)(C)SiSi
SiSiSi(Si)(Si)Si(C)C(Si)Si
SiSiSi(Si)(Si)Si(C)CSiSi
SiSiSi(Si)(Si)Si(C)SiCSi
SiSiSi(Si)(Si)Si(C)SiSiC
SiSiSi(Si)(Si)Si(CC)SiSi
SiSiSi(Si)(Si)Si(CSi)CSi
SiSiSi(Si)(Si)Si(CSi)SiC
SiSiSi(Si)(Si)Si(Si)(C)CSi
SiSiSi(Si)(Si)Si(Si)(C)SiC
SiSiSi(Si)(Si)Si(Si)(Si)CC
SiSiSi(Si)(Si)Si(Si)C(C)Si
SiSiSi(Si)(Si)Si(Si)CCSi
SiSiSi(Si)(Si)Si(Si)CSiC
SiSiSi(Si)(Si)Si(Si)Si(C)C
SiSiSi(Si)(Si)Si(Si)SiCC
SiSiSi(Si)(Si)Si(SiC)SiC
SiSiSi(Si)(Si)SiC(C)SiSi
SiSiSi(Si)(Si)SiC(Si)(C)Si
SiSiSi(Si)(Si)SiC(Si)CSi
SiSiSi(Si)(Si)SiC(Si)SiC
SiSiSi(Si)(Si)SiCC(Si)Si
SiSiSi(Si)(Si)SiCCSiSi
SiSiSi(Si)(Si)SiCSiCSi
SiSiSi(Si)(Si)SiCSiSiC
SiSiSi(Si)(Si)SiSi(C)CSi
SiSiSi(Si)(Si)SiSi(C)SiC
SiSiSi(Si)(Si)SiSi(Si)CC
SiSiSi(Si)(Si)SiSiC(C)Si
SiSiSi(Si)(Si)SiSiCCSi
SiSiSi(Si)(Si)SiSiCSiC
SiSiSi(Si)(Si)SiSiSi(C)C
SiSiSi(Si)(Si)SiSiSiCC
SiSiSi(Si)C(C(Si)Si)SiSi
SiSiSi(Si)C(C)Si(Si)SiSi
SiSiSi(Si)C(C)SiSiSiSi
SiSiSi(Si)C(CSi)(Si)SiSi
SiSiSi(Si)C(CSi)SiSiSi
SiSiSi(Si)C(Si)(C)SiSiSi
SiSiSi(Si)C(Si)(Si)C(Si)Si
SiSiSi(Si)C(Si)(Si)CSiSi
SiSiSi(Si)C(Si)(Si)SiCSi
SiSiSi(Si)C(Si)(Si)SiSiC
SiSiSi(Si)C(Si)C(Si)(Si)Si
SiSiSi(Si)C(Si)C(Si)SiSi
SiSiSi(Si)C(Si)CSiSiSi
SiSiSi(Si)C(Si)Si(C)SiSi
SiSiSi(Si)C(Si)Si(Si)CSi
SiSiSi(Si)C(Si)Si(Si)SiC
SiSiSi(Si)C(Si)SiC(Si)Si
SiSiSi(Si)C(Si)SiCSiSi
SiSiSi(Si)C(Si)SiSiCSi
SiSiSi(Si)C(Si)SiSiSiC
SiSiSi(Si)C(SiC)(Si)SiSi
SiSiSi(Si)C(SiC)SiSiSi
SiSiSi(Si)C(SiSi)(C)SiSi
SiSiSi(Si)C(SiSi)CSiSi
SiSiSi(Si)C(SiSi)SiCSi
SiSiSi(Si)C(SiSi)SiSiC
SiSiSi(Si)CC(Si)(Si)SiSi
SiSiSi(Si)CC(Si)SiSiSi
SiSiSi(Si)CC(SiSi)SiSi
SiSiSi(Si)CCSi(Si)SiSi
SiSiSi(Si)CCSiSiSiSi
SiSiSi(Si)CSi(C)SiSiSi
SiSiSi(Si)CSi(Si)(Si)CSi
SiSiSi(Si)CSi(Si)(Si)SiC
SiSiSi(Si)CSi(Si)C(Si)Si
SiSiSi(Si)CSi(Si)CSiSi
SiSiSi(Si)CSi(Si)SiCSi
SiSiSi(Si)CSi(Si)SiSiC
SiSiSi(Si)CSiC(Si)(Si)Si
SiSiSi(Si)CSiC(Si)SiSi
SiSiSi(Si)CSiCSiSiSi
SiSiSi(Si)CSiSi(C)SiSi
SiSiSi(Si)CSiSi(Si)CSi
SiSiSi(Si)CSiSi(Si)SiC
SiSiSi(Si)CSiSiC(Si)Si
SiSiSi(Si)CSiSiCSiSi
SiSiSi(Si)CSiSiSiCSi
SiSiSi(Si)CSiSiSiSiC
SiSiSi(Si)Si(C(Si)Si)SiC
SiSiSi(Si)Si(C)(C)SiSiSi
SiSiSi(Si)Si(C)C(Si)(Si)Si
SiSiSi(Si)Si(C)C(Si)SiSi
SiSiSi(Si)Si(C)CSiSiSi
SiSiSi(Si)Si(C)Si(C)SiSi
SiSiSi(Si)Si(C)Si(Si)CSi
SiSiSi(Si)Si(C)Si(Si)SiC
SiSiSi(Si)Si(C)SiC(Si)Si
SiSiSi(Si)Si(C)SiCSiSi
SiSiSi(Si)Si(C)SiSiCSi
SiSiSi(Si)Si(C)SiSiSiC
SiSiSi(Si)Si(CC)SiSiSi
SiSiSi(Si)Si(CSi)(Si)CSi
SiSiSi(Si)Si(CSi)(Si)SiC
SiSiSi(Si)Si(CSi)C(Si)Si
SiSiSi(Si)Si(CSi)CSiSi
SiSiSi(Si)Si(CSi)SiCSi
SiSiSi(Si)Si(CSi)SiSiC
SiSiSi(Si)Si(Si)(C)C(Si)Si
SiSiSi(Si)Si(Si)(C)CSiSi
SiSiSi(Si)Si(Si)(C)SiCSi
SiSiSi(Si)Si(Si)(C)SiSiC
SiSiSi(Si)Si(Si)(Si)C(C)Si
SiSiSi(Si)Si(Si)(Si)CCSi
SiSiSi(Si)Si(Si)(Si)CSiC
SiSiSi(Si)Si(Si)(Si)Si(C)C
SiSiSi(Si)Si(Si)(Si)SiCC
SiSiSi(Si)Si(Si)C(C)SiSi
SiSiSi(Si)Si(Si)C(Si)(C)Si
SiSiSi(Si)Si(Si)C(Si)CSi
SiSiSi(Si)Si(Si)C(Si)SiC
SiSiSi(Si)Si(Si)CC(Si)Si
SiSiSi(Si)Si(Si)CCSiSi
SiSiSi(Si)Si(Si)CSiCSi
SiSiSi(Si)Si(Si)CSiSiC
SiSiSi(Si)Si(Si)Si(C)CSi
SiSiSi(Si)Si(Si)Si(C)SiC
SiSiSi(Si)Si(Si)Si(Si)CC
SiSiSi(Si)Si(Si)SiC(C)Si
SiSiSi(Si)Si(Si)SiCCSi
SiSiSi(Si)Si(Si)SiCSiC
SiSiSi(Si)Si(Si)SiSi(C)C
SiSiSi(Si)Si(Si)SiSiCC
SiSiSi(Si)Si(SiC)(Si)SiC
SiSiSi(Si)Si(SiC)CSiSi
SiSiSi(Si)Si(SiC)SiCSi
SiSiSi(Si)Si(SiC)SiSiC
SiSiSi(Si)Si(SiSi)CCSi
SiSiSi(Si)Si(SiSi)CSiC
SiSiSi(Si)Si(SiSi)SiCC
SiSiSi(Si)SiC(C)SiSiSi
SiSiSi(Si)SiC(CSi)SiSi
SiSiSi(Si)SiC(Si)(C)SiSi
SiSiSi(Si)SiC(Si)(Si)CSi
SiSiSi(Si)SiC(Si)(Si)SiC
SiSiSi(Si)SiC(Si)C(Si)Si
SiSiSi(Si)SiC(Si)CSiSi
SiSiSi(Si)SiC(Si)SiCSi
SiSiSi(Si)SiC(Si)SiSiC
SiSiSi(Si)SiC(SiC)SiSi
SiSiSi(Si)SiCC(Si)(Si)Si
SiSiSi(Si)SiCC(Si)SiSi
SiSiSi(Si)SiCCSiSiSi
SiSiSi(Si)SiCSi(C)SiSi
SiSiSi(Si)SiCSi(Si)CSi
SiSiSi(Si)SiCSi(Si)SiC
SiSiSi(Si)SiCSiC(Si)Si
SiSiSi(Si)SiCSiCSiSi
SiSiSi(Si)SiCSiSiCSi
SiSiSi(Si)SiCSiSiSiC
SiSiSi(Si)SiSi(C)C(Si)Si
SiSiSi(Si)SiSi(C)CSiSi
SiSiSi(Si)SiSi(C)SiCSi
SiSiSi(Si)SiSi(C)SiSiC
SiSiSi(Si)SiSi(CSi)CSi
SiSiSi(Si)SiSi(CSi)SiC
SiSiSi(Si)SiSi(Si)(C)CSi
SiSiSi(Si)SiSi(Si)(C)SiC
SiSiSi(Si)SiSi(Si)(Si)CC
SiSiSi(Si)SiSi(Si)C(C)Si
SiSiSi(Si)SiSi(Si)CCSi
SiSiSi(Si)SiSi(Si)CSiC
SiSiSi(Si)SiSi(Si)Si(C)C
SiSiSi(Si)SiSi(Si)SiCC
SiSiSi(Si)SiSi(SiC)SiC
SiSiSi(Si)SiSiC(C)SiSi
SiSiSi(Si)SiSiC(Si)(C)Si
SiSiSi(Si)SiSiC(Si)CSi
SiSiSi(Si)SiSiC(Si)SiC
SiSiSi(Si)SiSiCC(Si)Si
SiSiSi(Si)SiSiCCSiSi
SiSiSi(Si)SiSiCSiCSi
SiSiSi(Si)SiSiCSiSiC
SiSiSi(Si)SiSiSi(C)CSi
SiSiSi(Si)SiSiSi(C)SiC
SiSiSi(Si)SiSiSi(Si)CC
SiSiSi(Si)SiSiSiC(C)Si
SiSiSi(Si)SiSiSiCCSi
SiSiSi(Si)SiSiSiCSiC
SiSiSi(Si)SiSiSiSi(C)C
SiSiSi(Si)SiSiSiSiCC
SiSiSi(SiC)(C(Si)Si)SiSi
SiSiSi(SiC)(C)Si(Si)SiSi
SiSiSi(SiC)(C)SiSiSiSi
SiSiSi(SiC)(CSi)SiSiSi
SiSiSi(SiC)(Si)C(Si)SiSi
SiSiSi(SiC)(Si)CSiSiSi
SiSiSi(SiC)(Si)Si(C)SiSi
SiSiSi(SiC)(Si)Si(Si)CSi
SiSiSi(SiC)(Si)Si(Si)SiC
SiSiSi(SiC)(Si)SiC(Si)Si
SiSiSi(SiC)(Si)SiCSiSi
SiSiSi(SiC)(Si)SiSiCSi
SiSiSi(SiC)(Si)SiSiSiC
SiSiSi(SiC)(SiC)SiSiSi
SiSiSi(SiC)C(Si)(Si)SiSi
SiSiSi(SiC)C(Si)SiSiSi
SiSiSi(SiC)C(SiSi)SiSi
SiSiSi(SiC)CSi(Si)SiSi
SiSiSi(SiC)CSiSiSiSi
SiSiSi(SiC)Si(C)SiSiSi
SiSiSi(SiC)Si(CSi)SiSi
SiSiSi(SiC)Si(Si)(Si)CSi
SiSiSi(SiC)Si(Si)(Si)SiC
SiSiSi(SiC)Si(Si)C(Si)Si
SiSiSi(SiC)Si(Si)CSiSi
SiSiSi(SiC)Si(Si)SiCSi
SiSiSi(SiC)Si(Si)SiSiC
SiSiSi(SiC)Si(SiSi)SiC
SiSiSi(SiC)SiC(Si)(Si)Si
SiSiSi(SiC)SiC(Si)SiSi
SiSiSi(SiC)SiCSiSiSi
SiSiSi(SiC)SiSi(C)SiSi
SiSiSi(SiC)SiSi(Si)CSi
SiSiSi(SiC)SiSi(Si)SiC
SiSiSi(SiC)SiSiC(Si)Si
SiSiSi(SiC)SiSiCSiSi
SiSiSi(SiC)SiSiSiCSi
SiSiSi(SiC)SiSiSiSiC
SiSiSi(SiSi)(C(C)Si)SiSi
SiSiSi(SiSi)(C)C(Si)SiSi
SiSiSi(SiSi)(C)CSiSiSi
SiSiSi(SiSi)(C)Si(C)SiSi
SiSiSi(SiSi)(C)Si(Si)CSi
SiSiSi(SiSi)(C)Si(Si)SiC
SiSiSi(SiSi)(C)SiC(Si)Si
SiSiSi(SiSi)(C)SiCSiSi
SiSiSi(SiSi)(C)SiSiCSi
SiSiSi(SiSi)(C)SiSiSiC
SiSiSi(SiSi)(CC)SiSiSi
SiSiSi(SiSi)(CSi)CSiSi
SiSiSi(SiSi)(CSi)SiCSi
SiSiSi(SiSi)(CSi)SiSiC
SiSiSi(SiSi)(Si)C(C)SiSi
SiSiSi(SiSi)(Si)C(Si)CSi
SiSiSi(SiSi)(Si)C(Si)SiC
SiSiSi(SiSi)(Si)CC(Si)Si
SiSiSi(SiSi)(Si)CCSiSi
SiSiSi(SiSi)(Si)CSiCSi
SiSiSi(SiSi)(Si)CSiSiC
SiSiSi(SiSi)(Si)Si(C)CSi
SiSiSi(SiSi)(Si)Si(C)SiC
SiSiSi(SiSi)(Si)Si(Si)CC
SiSiSi(SiSi)(Si)SiC(C)Si
SiSiSi(SiSi)(Si)SiCCSi
SiSiSi(SiSi)(Si)SiCSiC
SiSiSi(SiSi)(Si)SiSi(C)C
SiSiSi(SiSi)(Si)SiSiCC
SiSiSi(SiSi)(SiC)CSiSi
SiSiSi(SiSi)(SiC)SiCSi
SiSiSi(SiSi)(SiC)SiSiC
SiSiSi(SiSi)(SiSi)CCSi
SiSiSi(SiSi)(SiSi)CSiC
SiSiSi(SiSi)(SiSi)Si(C)C
SiSiSi(SiSi)(SiSi)SiCC
SiSiSi(SiSi)C(C)SiSiSi
SiSiSi(SiSi)C(CSi)SiSi
SiSiSi(SiSi)C(Si)(C)SiSi
SiSiSi(SiSi)C(Si)(Si)CSi
SiSiSi(SiSi)C(Si)(Si)SiC
SiSiSi(SiSi)C(Si)C(Si)Si
SiSiSi(SiSi)C(Si)CSiSi
SiSiSi(SiSi)C(Si)SiCSi
SiSiSi(SiSi)C(Si)SiSiC
SiSiSi(SiSi)C(SiC)SiSi
SiSiSi(SiSi)CC(Si)(Si)Si
SiSiSi(SiSi)CC(Si)SiSi
SiSiSi(SiSi)CCSiSiSi
SiSiSi(SiSi)CSi(C)SiSi
SiSiSi(SiSi)CSi(Si)CSi
SiSiSi(SiSi)CSi(Si)SiC
SiSiSi(SiSi)CSiC(Si)Si
SiSiSi(SiSi)CSiCSiSi
SiSiSi(SiSi)CSiSiCSi
SiSiSi(SiSi)CSiSiSiC
SiSiSi(SiSi)Si(C)C(Si)Si
SiSiSi(SiSi)Si(C)CSiSi
SiSiSi(SiSi)Si(C)SiCSi
SiSiSi(SiSi)Si(C)SiSiC
SiSiSi(SiSi)Si(CC)SiSi
SiSiSi(SiSi)Si(CSi)CSi
SiSiSi(SiSi)Si(CSi)SiC
SiSiSi(SiSi)Si(Si)(C)CSi
SiSiSi(SiSi)Si(Si)(C)SiC
SiSiSi(SiSi)Si(Si)(Si)CC
SiSiSi(SiSi)Si(Si)C(C)Si
SiSiSi(SiSi)Si(Si)CCSi
SiSiSi(SiSi)Si(Si)CSiC
SiSiSi(SiSi)Si(Si)Si(C)C
SiSiSi(SiSi)Si(Si)SiCC
SiSiSi(SiSi)Si(SiC)SiC
SiSiSi(SiSi)SiC(C)SiSi
SiSiSi(SiSi)SiC(Si)(C)Si
SiSiSi(SiSi)SiC(Si)CSi
SiSiSi(SiSi)SiC(Si)SiC
SiSiSi(SiSi)SiCC(Si)Si
SiSiSi(SiSi)SiCCSiSi
SiSiSi(SiSi)SiCSiCSi
SiSiSi(SiSi)SiCSiSiC
SiSiSi(SiSi)SiSi(C)CSi
SiSiSi(SiSi)SiSi(C)SiC
SiSiSi(SiSi)SiSi(Si)CC
SiSiSi(SiSi)SiSiC(C)Si
SiSiSi(SiSi)SiSiCCSi
SiSiSi(SiSi)SiSiCSiC
SiSiSi(SiSi)SiSiSi(C)C
SiSiSi(SiSi)SiSiSiCC
SiSiSiC(C(Si)(Si)Si)SiSi
SiSiSiC(C(Si)Si)(Si)SiSi
SiSiSiC(C(Si)Si)SiSiSi
SiSiSiC(CSi)(Si)SiSiSi
SiSiSiC(CSiSi)SiSiSi
SiSiSiC(Si(C)Si)SiSiSi
SiSiSiC(Si(Si)Si)CSiSi
SiSiSiC(Si(Si)Si)SiCSi
SiSiSiC(Si(Si)Si)SiSiC
SiSiSiC(Si)(Si)C(Si)(Si)Si
SiSiSiC(Si)(Si)C(Si)SiSi
SiSiSiC(Si)(Si)CSiSiSi
SiSiSiC(Si)(Si)Si(Si)CSi
SiSiSiC(Si)(Si)Si(Si)SiC
SiSiSiC(Si)(Si)SiC(Si)Si
SiSiSiC(Si)(Si)SiCSiSi
SiSiSiC(Si)(Si)SiSiCSi
SiSiSiC(Si)(Si)SiSiSiC
SiSiSiC(Si)C(Si)(Si)SiSi
SiSiSiC(Si)C(Si)SiSiSi
SiSiSiC(Si)C(SiSi)SiSi
SiSiSiC(Si)Si(Si)(Si)CSi
SiSiSiC(Si)Si(Si)(Si)SiC
SiSiSiC(Si)Si(Si)C(Si)Si
SiSiSiC(Si)Si(Si)CSiSi
SiSiSiC(Si)Si(Si)SiCSi
SiSiSiC(Si)Si(Si)SiSiC
SiSiSiC(Si)SiC(Si)(Si)Si
SiSiSiC(Si)SiC(Si)SiSi
SiSiSiC(Si)SiCSiSiSi
SiSiSiC(Si)SiSi(Si)CSi
SiSiSiC(Si)SiSi(Si)SiC
SiSiSiC(Si)SiSiC(Si)Si
SiSiSiC(Si)SiSiCSiSi
SiSiSiC(Si)SiSiSiCSi
SiSiSiC(Si)SiSiSiSiC
SiSiSiC(SiC)(Si)SiSiSi
SiSiSiC(SiCSi)SiSiSi
SiSiSiC(SiSi)(C)SiSiSi
SiSiSiC(SiSi)(CSi)SiSi
SiSiSiC(SiSi)(Si)CSiSi
SiSiSiC(SiSi)(Si)SiCSi
SiSiSiC(SiSi)(Si)SiSiC
SiSiSiC(SiSi)(SiC)SiSi
SiSiSiC(SiSi)C(Si)SiSi
SiSiSiC(SiSi)CSiSiSi
SiSiSiC(SiSi)Si(Si)CSi
SiSiSiC(SiSi)Si(Si)SiC
SiSiSiC(SiSi)SiC(Si)Si
SiSiSiC(SiSi)SiCSiSi
SiSiSiC(SiSi)SiSiCSi
SiSiSiC(SiSi)SiSiSiC
SiSiSiC(SiSiC)SiSiSi
SiSiSiCC(SiSi)(Si)SiSi
SiSiSiCSi(Si)(Si)C(Si)Si
SiSiSiCSi(Si)(Si)CSiSi
SiSiSiCSi(Si)(Si)SiCSi
SiSiSiCSi(Si)(Si)SiSiC
SiSiSiCSi(Si)C(Si)(Si)Si
SiSiSiCSi(Si)C(Si)SiSi
SiSiSiCSi(Si)CSiSiSi
SiSiSiCSi(Si)Si(Si)CSi
SiSiSiCSi(Si)Si(Si)SiC
SiSiSiCSi(Si)SiC(Si)Si
SiSiSiCSi(Si)SiCSiSi
SiSiSiCSi(Si)SiSiCSi
SiSiSiCSi(Si)SiSiSiC
SiSiSiCSi(SiSi)CSiSi
SiSiSiCSi(SiSi)SiCSi
SiSiSiCSi(SiSi)SiSiC
SiSiSiCSiC(Si)(Si)SiSi
SiSiSiCSiC(SiSi)SiSi
SiSiSiCSiSi(Si)(Si)CSi
SiSiSiCSiSi(Si)(Si)SiC
SiSiSiCSiSi(Si)C(Si)Si
SiSiSiCSiSi(Si)CSiSi
SiSiSiCSiSi(Si)SiCSi
SiSiSiCSiSi(Si)SiSiC
SiSiSiCSiSiC(Si)(Si)Si
SiSiSiCSiSiC(Si)SiSi
SiSiSiCSiSiCSiSiSi
SiSiSiCSiSiSi(Si)CSi
SiSiSiCSiSiSi(Si)SiC
SiSiSiCSiSiSiC(Si)Si
SiSiSiCSiSiSiCSiSi
SiSiSiCSiSiSiSiCSi
SiSiSiCSiSiSiSiSiC
SiSiSiSi(C(C)Si)SiSiSi
SiSiSiSi(C(Si)(Si)Si)SiC
SiSiSiSi(C(Si)Si)(Si)SiC
SiSiSiSi(C(Si)Si)C(Si)Si
SiSiSiSi(C(Si)Si)CSiSi
SiSiSiSi(C(Si)Si)SiCSi
SiSiSiSi(C(Si)Si)SiSiC
SiSiSiSi(C)(C)SiSiSiSi
SiSiSiSi(C)C(Si)(Si)SiSi
SiSiSiSi(C)C(Si)SiSiSi
SiSiSiSi(C)C(SiSi)SiSi
SiSiSiSi(C)CSiSiSiSi
SiSiSiSi(C)Si(C)SiSiSi
SiSiSiSi(C)Si(Si)(Si)CSi
SiSiSiSi(C)Si(Si)(Si)SiC
SiSiSiSi(C)Si(Si)C(Si)Si
SiSiSiSi(C)Si(Si)CSiSi
SiSiSiSi(C)Si(Si)SiCSi
SiSiSiSi(C)Si(Si)SiSiC
SiSiSiSi(C)SiC(Si)(Si)Si
SiSiSiSi(C)SiC(Si)SiSi
SiSiSiSi(C)SiCSiSiSi
SiSiSiSi(C)SiSi(Si)CSi
SiSiSiSi(C)SiSi(Si)SiC
SiSiSiSi(C)SiSiC(Si)Si
SiSiSiSi(C)SiSiCSiSi
SiSiSiSi(C)SiSiSiCSi
SiSiSiSi(C)SiSiSiSiC
SiSiSiSi(CC)(Si)SiSiSi
SiSiSiSi(CC)SiSiSiSi
SiSiSiSi(CCSi)SiSiSi
SiSiSiSi(CSi)(C)SiSiSi
SiSiSiSi(CSi)(Si)C(Si)Si
SiSiSiSi(CSi)(Si)CSiSi
SiSiSiSi(CSi)(Si)SiCSi
SiSiSiSi(CSi)(Si)SiSiC
SiSiSiSi(CSi)C(Si)(Si)Si
SiSiSiSi(CSi)C(Si)SiSi
SiSiSiSi(CSi)CSiSiSi
SiSiSiSi(CSi)Si(Si)CSi
SiSiSiSi(CSi)Si(Si)SiC
SiSiSiSi(CSi)SiC(Si)Si
SiSiSiSi(CSi)SiCSiSi
SiSiSiSi(CSi)SiSiCSi
SiSiSiSi(CSi)SiSiSiC
SiSiSiSi(CSiC)SiSiSi
SiSiSiSi(CSiSi)CSiSi
SiSiSiSi(CSiSi)SiCSi
SiSiSiSi(CSiSi)SiSiC
SiSiSiSi(Si(C)C)SiSiSi
SiSiSiSi(Si(C)Si)CSiSi
SiSiSiSi(Si(C)Si)SiCSi
SiSiSiSi(Si(C)Si)SiSiC
SiSiSiSi(Si(Si)Si)CCSi
SiSiSiSi(Si(Si)Si)CSiC
SiSiSiSi(Si(Si)Si)SiCC
SiSiSiSi(Si)(C)C(Si)(Si)Si
SiSiSiSi(Si)(C)C(Si)SiSi
SiSiSiSi(Si)(C)CSiSiSi
SiSiSiSi(Si)(C)Si(Si)CSi
SiSiSiSi(Si)(C)Si(Si)SiC
SiSiSiSi(Si)(C)SiC(Si)Si
SiSiSiSi(Si)(C)SiCSiSi
SiSiSiSi(Si)(C)SiSiCSi
SiSiSiSi(Si)(C)SiSiSiC
SiSiSiSi(Si)(Si)C(C)SiSi
SiSiSiSi(Si)(Si)C(Si)(C)Si
SiSiSiSi(Si)(Si)C(Si)CSi
SiSiSiSi(Si)(Si)C(Si)SiC
SiSiSiSi(Si)(Si)CC(Si)Si
SiSiSiSi(Si)(Si)CCSiSi
SiSiSiSi(Si)(Si)CSiCSi
SiSiSiSi(Si)(Si)CSiSiC
SiSiSiSi(Si)(Si)Si(C)CSi
SiSiSiSi(Si)(Si)Si(C)SiC
SiSiSiSi(Si)(Si)Si(Si)CC
SiSiSiSi(Si)(Si)SiC(C)Si
SiSiSiSi(Si)(Si)SiCCSi
SiSiSiSi(Si)(Si)SiCSiC
SiSiSiSi(Si)(Si)SiSi(C)C
SiSiSiSi(Si)(Si)SiSiCC
SiSiSiSi(Si)C(C)SiSiSi
SiSiSiSi(Si)C(CSi)SiSi
SiSiSiSi(Si)C(Si)(C)SiSi
SiSiSiSi(Si)C(Si)(Si)CSi
SiSiSiSi(Si)C(Si)(Si)SiC
SiSiSiSi(Si)C(Si)C(Si)Si
SiSiSiSi(Si)C(Si)CSiSi
SiSiSiSi(Si)C(Si)SiCSi
SiSiSiSi(Si)C(Si)SiSiC
SiSiSiSi(Si)C(SiC)SiSi
SiSiSiSi(Si)CC(Si)(Si)Si
SiSiSiSi(Si)CC(Si)SiSi
SiSiSiSi(Si)CCSiSiSi
SiSiSiSi(Si)CSi(Si)CSi
SiSiSiSi(Si)CSi(Si)SiC
SiSiSiSi(Si)CSiC(Si)Si
SiSiSiSi(Si)CSiCSiSi
SiSiSiSi(Si)CSiSiCSi
SiSiSiSi(Si)CSiSiSiC
SiSiSiSi(Si)Si(C)C(Si)Si
SiSiSiSi(Si)Si(C)CSiSi
SiSiSiSi(Si)Si(C)SiCSi
SiSiSiSi(Si)Si(C)SiSiC
SiSiSiSi(Si)Si(CSi)CSi
SiSiSiSi(Si)Si(CSi)SiC
SiSiSiSi(Si)Si(Si)(C)CSi
SiSiSiSi(Si)Si(Si)(C)SiC
SiSiSiSi(Si)Si(Si)(Si)CC
SiSiSiSi(Si)Si(Si)C(C)Si
SiSiSiSi(Si)Si(Si)CCSi
SiSiSiSi(Si)Si(Si)CSiC
SiSiSiSi(Si)Si(Si)Si(C)C
SiSiSiSi(Si)Si(Si)SiCC
SiSiSiSi(Si)Si(SiC)SiC
SiSiSiSi(Si)SiC(C)SiSi
SiSiSiSi(Si)SiC(Si)(C)Si
SiSiSiSi(Si)SiC(Si)CSi
SiSiSiSi(Si)SiC(Si)SiC
SiSiSiSi(Si)SiCC(Si)Si
SiSiSiSi(Si)SiCCSiSi
SiSiSiSi(Si)SiCSiCSi
SiSiSiSi(Si)SiCSiSiC
SiSiSiSi(Si)SiSi(C)CSi
SiSiSiSi(Si)SiSi(C)SiC
SiSiSiSi(Si)SiSi(Si)CC
SiSiSiSi(Si)SiSiC(C)Si
SiSiSiSi(Si)SiSiCCSi
SiSiSiSi(Si)SiSiCSiC
SiSiSiSi(Si)SiSiSi(C)C
SiSiSiSi(Si)SiSiSiCC
SiSiSiSi(SiC)(C)SiSiSi
SiSiSiSi(SiC)(Si)CSiSi
SiSiSiSi(SiC)(Si)SiCSi
SiSiSiSi(SiC)(Si)SiSiC
SiSiSiSi(SiC)C(Si)SiSi
SiSiSiSi(SiC)CSiSiSi
SiSiSiSi(SiC)Si(Si)CSi
SiSiSiSi(SiC)Si(Si)SiC
SiSiSiSi(SiC)SiC(Si)Si
SiSiSiSi(SiC)SiCSiSi
SiSiSiSi(SiC)SiSiCSi
SiSiSiSi(SiC)SiSiSiC
SiSiSiSi(SiCC)SiSiSi
SiSiSiSi(SiCSi)SiCSi
SiSiSiSi(SiCSi)SiSiC
SiSiSiSi(SiSi)(C)CSiSi
SiSiSiSi(SiSi)(C)SiCSi
SiSiSiSi(SiSi)(C)SiSiC
SiSiSiSi(SiSi)(Si)CCSi
SiSiSiSi(SiSi)(Si)CSiC
SiSiSiSi(SiSi)(Si)SiCC
SiSiSiSi(SiSi)C(C)SiSi
SiSiSiSi(SiSi)C(Si)CSi
SiSiSiSi(SiSi)C(Si)SiC
SiSiSiSi(SiSi)CC(Si)Si
SiSiSiSi(SiSi)CCSiSi
SiSiSiSi(SiSi)CSiCSi
SiSiSiSi(SiSi)CSiSiC
SiSiSiSi(SiSi)Si(C)CSi
SiSiSiSi(SiSi)Si(C)SiC
SiSiSiSi(SiSi)Si(Si)CC
SiSiSiSi(SiSi)SiC(C)Si
SiSiSiSi(SiSi)SiCCSi
SiSiSiSi(SiSi)SiCSiC
SiSiSiSi(SiSi)SiSi(C)C
SiSiSiSi(SiSi)SiSiCC
SiSiSiSi(SiSiC)SiSiC
SiSiSiSiC(C(Si)Si)SiSi
SiSiSiSiC(C)SiSiSiSi
SiSiSiSiC(CSi)(Si)SiSi
SiSiSiSiC(CSi)SiSiSi
SiSiSiSiC(Si)(C)SiSiSi
SiSiSiSiC(Si)(Si)C(Si)Si
SiSiSiSiC(Si)(Si)CSiSi
SiSiSiSiC(Si)(Si)SiCSi
SiSiSiSiC(Si)(Si)SiSiC
SiSiSiSiC(Si)C(Si)(Si)Si
SiSiSiSiC(Si)C(Si)SiSi
SiSiSiSiC(Si)CSiSiSi
SiSiSiSiC(Si)Si(Si)CSi
SiSiSiSiC(Si)Si(Si)SiC
SiSiSiSiC(Si)SiC(Si)Si
SiSiSiSiC(Si)SiCSiSi
SiSiSiSiC(Si)SiSiCSi
SiSiSiSiC(Si)SiSiSiC
SiSiSiSiC(SiC)(Si)SiSi
SiSiSiSiC(SiC)SiSiSi
SiSiSiSiC(SiSi)(C)SiSi
SiSiSiSiC(SiSi)CSiSi
SiSiSiSiC(SiSi)SiCSi
SiSiSiSiC(SiSi)SiSiC
SiSiSiSiCC(Si)(Si)SiSi
SiSiSiSiCC(Si)SiSiSi
SiSiSiSiCC(SiSi)SiSi
SiSiSiSiCCSiSiSiSi
SiSiSiSiCSi(Si)(Si)CSi
SiSiSiSiCSi(Si)(Si)SiC
SiSiSiSiCSi(Si)C(Si)Si
SiSiSiSiCSi(Si)CSiSi
SiSiSiSiCSi(Si)SiCSi
SiSiSiSiCSi(Si)SiSiC
SiSiSiSiCSiC(Si)(Si)Si
SiSiSiSiCSiC(Si)SiSi
SiSiSiSiCSiCSiSiSi
SiSiSiSiCSiSi(Si)CSi
SiSiSiSiCSiSi(Si)SiC
SiSiSiSiCSiSiC(Si)Si
SiSiSiSiCSiSiCSiSi
SiSiSiSiCSiSiSiCSi
SiSiSiSiCSiSiSiSiC
SiSiSiSiSi(C(Si)Si)SiC
SiSiSiSiSi(C)C(Si)(Si)Si
SiSiSiSiSi(C)C(Si)SiSi
SiSiSiSiSi(C)CSiSiSi
SiSiSiSiSi(C)Si(Si)CSi
SiSiSiSiSi(C)Si(Si)SiC
SiSiSiSiSi(C)SiC(Si)Si
SiSiSiSiSi(C)SiCSiSi
SiSiSiSiSi(C)SiSiCSi
SiSiSiSiSi(C)SiSiSiC
SiSiSiSiSi(CSi)(Si)CSi
SiSiSiSiSi(CSi)(Si)SiC
SiSiSiSiSi(CSi)C(Si)Si
SiSiSiSiSi(CSi)CSiSi
SiSiSiSiSi(CSi)SiCSi
SiSiSiSiSi(CSi)SiSiC
SiSiSiSiSi(Si)(C)C(Si)Si
SiSiSiSiSi(Si)(C)CSiSi
SiSiSiSiSi(Si)(C)SiCSi
SiSiSiSiSi(Si)(C)SiSiC
SiSiSiSiSi(Si)(Si)C(C)Si
SiSiSiSiSi(Si)(Si)CCSi
SiSiSiSiSi(Si)(Si)CSiC
SiSiSiSiSi(Si)(Si)Si(C)C
SiSiSiSiSi(Si)(Si)SiCC
SiSiSiSiSi(Si)C(C)SiSi
SiSiSiSiSi(Si)C(Si)(C)Si
SiSiSiSiSi(Si)C(Si)CSi
SiSiSiSiSi(Si)C(Si)SiC
SiSiSiSiSi(Si)CC(Si)Si
SiSiSiSiSi(Si)CCSiSi
SiSiSiSiSi(Si)CSiCSi
SiSiSiSiSi(Si)CSiSiC
SiSiSiSiSi(Si)Si(C)CSi
SiSiSiSiSi(Si)Si(C)SiC
SiSiSiSiSi(Si)Si(Si)CC
SiSiSiSiSi(Si)SiC(C)Si
SiSiSiSiSi(Si)SiCCSi
SiSiSiSiSi(Si)SiCSiC
SiSiSiSiSi(Si)SiSi(C)C
SiSiSiSiSi(Si)SiSiCC
SiSiSiSiSi(SiC)(Si)SiC
SiSiSiSiSi(SiC)CSiSi
SiSiSiSiSi(SiC)SiCSi
SiSiSiSiSi(SiC)SiSiC
SiSiSiSiSi(SiSi)CCSi
SiSiSiSiSi(SiSi)CSiC
SiSiSiSiSi(SiSi)SiCC
SiSiSiSiSiC(C)SiSiSi
SiSiSiSiSiC(CSi)SiSi
SiSiSiSiSiC(Si)(C)SiSi
SiSiSiSiSiC(Si)(Si)CSi
SiSiSiSiSiC(Si)(Si)SiC
SiSiSiSiSiC(Si)C(Si)Si
SiSiSiSiSiC(Si)CSiSi
SiSiSiSiSiC(Si)SiCSi
SiSiSiSiSiC(Si)SiSiC
SiSiSiSiSiC(SiC)SiSi
SiSiSiSiSiCC(Si)(Si)Si
SiSiSiSiSiCC(Si)SiSi
SiSiSiSiSiCCSiSiSi
SiSiSiSiSiCSi(Si)CSi
SiSiSiSiSiCSi(Si)SiC
SiSiSiSiSiCSiC(Si)Si
SiSiSiSiSiCSiCSiSi
SiSiSiSiSiCSiSiCSi
SiSiSiSiSiCSiSiSiC
SiSiSiSiSiSi(C)C(Si)Si
SiSiSiSiSiSi(C)CSiSi
SiSiSiSiSiSi(C)SiCSi
SiSiSiSiSiSi(C)SiSiC
SiSiSiSiSiSi(CSi)CSi
SiSiSiSiSiSi(CSi)SiC
SiSiSiSiSiSi(Si)(C)CSi
SiSiSiSiSiSi(Si)(C)SiC
SiSiSiSiSiSi(Si)(Si)CC
SiSiSiSiSiSi(Si)C(C)Si
SiSiSiSiSiSi(Si)CCSi
SiSiSiSiSiSi(Si)CSiC
SiSiSiSiSiSi(Si)Si(C)C
SiSiSiSiSiSi(Si)SiCC
SiSiSiSiSiSi(SiC)SiC
SiSiSiSiSiSiC(C)SiSi
SiSiSiSiSiSiC(Si)(C)Si
SiSiSiSiSiSiC(Si)CSi
SiSiSiSiSiSiC(Si)SiC
SiSiSiSiSiSiCC(Si)Si
SiSiSiSiSiSiCCSiSi
SiSiSiSiSiSiCSiCSi
SiSiSiSiSiSiCSiSiC
SiSiSiSiSiSiSi(C)CSi
SiSiSiSiSiSiSi(C)SiC
SiSiSiSiSiSiSi(Si)CC
SiSiSiSiSiSiSiC(C)Si
SiSiSiSiSiSiSiCCSi
SiSiSiSiSiSiSiCSiC
SiSiSiSiSiSiSiSi(C)C
SiSiSiSiSiSiSiSiCC
