CN(C)N(N)N(N)NNC
CN(C)N(N)NN(N)NC
CN(C)N(N)NNNNC
CN(C)NN(N)N(N)NC
CN(C)NN(N)NNNC
CN(C)NN(NN)NNC
CN(C)NNN(N)NNC
CN(C)NNNN(N)NC
CN(C)NNNNNNC
CNN(C)N(N)NNNC
CNN(C)N(NN)NNC
CNN(C)NN(N)NNC
CNN(C)NNNNNC
CNN(N)C(N)(N)NNC
CNN(N)C(N)N(N)NC
CNN(N)C(N)NNNC
CNN(N)C(NN)NNC
CNN(N)CN(N)NNC
CNN(N)CNNNNC
CNN(N)N(C)N(N)NC
CNN(N)N(C)NNNC
CNN(N)N(CN)NNC
CNN(N)N(N)C(N)NC
CNN(N)N(N)CNNC
CNN(N)N(N)N(C)NC
CNN(N)N(N)N(N)CC
CNN(N)N(N)NCNC
CNN(N)N(N)NNCC
CNN(N)N(NC)NNC
CNN(N)N(NN)CNC
CNN(N)N(NN)NCC
CNN(N)NC(N)(N)NC
CNN(N)NC(N)NNC
CNN(N)NCN(N)NC
CNN(N)NCNNNC
CNN(N)NN(C)NNC
CNN(N)NN(N)CNC
CNN(N)NN(N)NCC
CNN(N)NNC(N)NC
CNN(N)NNCNNC
CNN(N)NNN(C)NC
CNN(N)NNN(N)CC
CNN(N)NNNCNC
CNN(N)NNNNCC
CNN(NC)N(N)NNC
CNN(NC)NN(N)NC
CNN(NC)NNNNC
CNNC(N(N)N)NNC
CNNC(NN)(N)NNC
CNNN(C(N)N)NNC
CNNN(C)NNNNC
CNNN(CN)NNNC
CNNN(N(C)N)NNC
CNNN(N(N)N)CNC
CNNN(N(N)N)NCC
CNNN(N)C(N)(N)NC
CNNN(N)C(N)NNC
CNNN(N)CNNNC
CNNN(N)N(C)NNC
CNNN(N)N(N)CNC
CNNN(N)N(N)NCC
CNNN(N)NC(N)NC
CNNN(N)NCNNC
CNNN(N)NN(N)CC
CNNN(N)NNCNC
CNNN(N)NNNCC
CNNN(NC)NNNC
CNNN(NN)C(N)NC
CNNN(NN)CNNC
CNNN(NN)N(N)CC
CNNN(NN)NCNC
CNNN(NN)NNCC
CNNN(NNC)NNC
CNNNC(N)(N)NNC
CNNNC(N)NNNC
CNNNC(NN)NNC
CNNNN(C)NNNC
CNNNN(N)C(N)NC
CNNNN(N)CNNC
CNNNN(N)N(N)CC
CNNNN(N)NCNC
CNNNN(N)NNCC
CNNNN(NN)CNC
CNNNN(NN)NCC
CNNNNC(N)(N)NC
CNNNNC(N)NNC
CNNNNCNNNC
CNNNNN(N)CNC
CNNNNN(N)NCC
CNNNNNC(N)NC
CNNNNNCNNC
CNNNNNN(N)CC
CNNNNNNCNC
CNNNNNNNCC
NC(C)N(N)N(N)NCN
NC(C)N(N)N(N)NNC
NC(C)N(N)NN(N)CN
NC(C)N(N)NN(N)NC
NC(C)N(N)NNNCN
NC(C)N(N)NNNNC
NC(C)NN(N)N(N)CN
NC(C)NN(N)N(N)NC
NC(C)NN(N)NNCN
NC(C)NN(N)NNNC
NC(C)NN(NN)NCN
NC(C)NN(NN)NNC
NC(C)NNN(N)NCN
NC(C)NNN(N)NNC
NC(C)NNNN(N)CN
NC(C)NNNN(N)NC
NC(C)NNNNNCN
NC(C)NNNNNNC
NC(N)(C)N(N)N(N)CN
NC(N)(C)N(N)N(N)NC
NC(N)(C)N(N)NC(N)N
NC(N)(C)N(N)NNCN
NC(N)(C)N(N)NNNC
NC(N)(C)NN(N)C(N)N
NC(N)(C)NN(N)NCN
NC(N)(C)NN(N)NNC
NC(N)(C)NNN(N)CN
NC(N)(C)NNN(N)NC
NC(N)(C)NNNC(N)N
NC(N)(C)NNNNCN
NC(N)(C)NNNNNC
NC(N)(N)C(N)(N)C(N)N
NC(N)(N)C(N)(N)NCN
NC(N)(N)C(N)(N)NNC
NC(N)(N)C(N)C(N)(N)N
NC(N)(N)C(N)N(N)CN
NC(N)(N)C(N)N(N)NC
NC(N)(N)C(N)NC(N)N
NC(N)(N)C(N)NNCN
NC(N)(N)C(N)NNNC
NC(N)(N)CN(N)C(N)N
NC(N)(N)CN(N)NCN
NC(N)(N)CN(N)NNC
NC(N)(N)CNN(N)CN
NC(N)(N)CNN(N)NC
NC(N)(N)CNNC(N)N
NC(N)(N)CNNNCN
NC(N)(N)CNNNNC
NC(N)(N)N(C(N)N)NC
NC(N)(N)N(C)C(N)(N)N
NC(N)(N)N(C)N(N)CN
NC(N)(N)N(C)N(N)NC
NC(N)(N)N(C)NC(N)N
NC(N)(N)N(C)NNCN
NC(N)(N)N(C)NNNC
NC(N)(N)N(CN)C(N)N
NC(N)(N)N(CN)NCN
NC(N)(N)N(CN)NNC
NC(N)(N)N(N)C(N)(C)N
NC(N)(N)N(N)C(N)CN
NC(N)(N)N(N)C(N)NC
NC(N)(N)N(N)CC(N)N
NC(N)(N)N(N)CNCN
NC(N)(N)N(N)CNNC
NC(N)(N)N(N)N(C)CN
NC(N)(N)N(N)N(C)NC
NC(N)(N)N(N)N(N)CC
NC(N)(N)N(N)NC(C)N
NC(N)(N)N(N)NCCN
NC(N)(N)N(N)NCNC
NC(N)(N)N(N)NN(C)C
NC(N)(N)N(N)NNCC
NC(N)(N)N(NC)NCN
NC(N)(N)N(NC)NNC
NC(N)(N)NC(N)(N)CN
NC(N)(N)NC(N)(N)NC
NC(N)(N)NC(N)C(N)N
NC(N)(N)NC(N)NCN
NC(N)(N)NC(N)NNC
NC(N)(N)NCC(N)(N)N
NC(N)(N)NCN(N)CN
NC(N)(N)NCN(N)NC
NC(N)(N)NCNC(N)N
NC(N)(N)NCNNCN
NC(N)(N)NCNNNC
NC(N)(N)NN(C)C(N)N
NC(N)(N)NN(C)NCN
NC(N)(N)NN(C)NNC
NC(N)(N)NN(CN)CN
NC(N)(N)NN(CN)NC
NC(N)(N)NN(N)C(C)N
NC(N)(N)NN(N)CCN
NC(N)(N)NN(N)CNC
NC(N)(N)NN(N)N(C)C
NC(N)(N)NN(N)NCC
NC(N)(N)NN(NC)NC
NC(N)(N)NNC(N)(C)N
NC(N)(N)NNC(N)CN
NC(N)(N)NNC(N)NC
NC(N)(N)NNCC(N)N
NC(N)(N)NNCNCN
NC(N)(N)NNCNNC
NC(N)(N)NNN(C)CN
NC(N)(N)NNN(C)NC
NC(N)(N)NNN(N)CC
NC(N)(N)NNNC(C)N
NC(N)(N)NNNCCN
NC(N)(N)NNNCNC
NC(N)(N)NNNN(C)C
NC(N)(N)NNNNCC
NC(N)C(N)(N)N(N)CN
NC(N)C(N)(N)N(N)NC
NC(N)C(N)(N)NNCN
NC(N)C(N)(N)NNNC
NC(N)C(N)N(N)NCN
NC(N)C(N)N(N)NNC
NC(N)C(N)NN(N)CN
NC(N)C(N)NN(N)NC
NC(N)C(N)NNNCN
NC(N)C(N)NNNNC
NC(N)CN(N)N(N)CN
NC(N)CN(N)N(N)NC
NC(N)CN(N)NNCN
NC(N)CN(N)NNNC
NC(N)CN(NN)NCN
NC(N)CN(NN)NNC
NC(N)CNN(N)NCN
NC(N)CNN(N)NNC
NC(N)CNNN(N)CN
NC(N)CNNN(N)NC
NC(N)CNNNNCN
NC(N)CNNNNNC
NC(N)N(C(N)N)C(N)N
NC(N)N(C(N)N)NCN
NC(N)N(C(N)N)NNC
NC(N)N(C)N(N)NCN
NC(N)N(C)N(N)NNC
NC(N)N(C)NN(N)CN
NC(N)N(C)NN(N)NC
NC(N)N(C)NNC(N)N
NC(N)N(C)NNNCN
NC(N)N(C)NNNNC
NC(N)N(CN)N(N)CN
NC(N)N(CN)N(N)NC
NC(N)N(CN)NC(N)N
NC(N)N(CN)NNCN
NC(N)N(CN)NNNC
NC(N)N(N)C(N)(N)CN
NC(N)N(N)C(N)(N)NC
NC(N)N(N)C(N)C(N)N
NC(N)N(N)C(N)NCN
NC(N)N(N)C(N)NNC
NC(N)N(N)CN(N)CN
NC(N)N(N)CN(N)NC
NC(N)N(N)CNC(N)N
NC(N)N(N)CNNCN
NC(N)N(N)CNNNC
NC(N)N(N)N(C)C(N)N
NC(N)N(N)N(C)NCN
NC(N)N(N)N(C)NNC
NC(N)N(N)N(CN)CN
NC(N)N(N)N(CN)NC
NC(N)N(N)N(N)C(C)N
NC(N)N(N)N(N)CCN
NC(N)N(N)N(N)CNC
NC(N)N(N)N(N)N(C)C
NC(N)N(N)N(N)NCC
NC(N)N(N)N(NC)NC
NC(N)N(N)NC(N)CN
NC(N)N(N)NC(N)NC
NC(N)N(N)NCC(N)N
NC(N)N(N)NCNCN
NC(N)N(N)NCNNC
NC(N)N(N)NN(C)CN
NC(N)N(N)NN(C)NC
NC(N)N(N)NN(N)CC
NC(N)N(N)NNC(C)N
NC(N)N(N)NNCCN
NC(N)N(N)NNCNC
NC(N)N(N)NNN(C)C
NC(N)N(N)NNNCC
NC(N)N(NC)N(N)CN
NC(N)N(NC)N(N)NC
NC(N)N(NC)NC(N)N
NC(N)N(NC)NNCN
NC(N)N(NC)NNNC
NC(N)NC(N)(N)C(N)N
NC(N)NC(N)(N)NCN
NC(N)NC(N)(N)NNC
NC(N)NC(N)N(N)CN
NC(N)NC(N)N(N)NC
NC(N)NC(N)NC(N)N
NC(N)NC(N)NNCN
NC(N)NC(N)NNNC
NC(N)NC(NN)NCN
NC(N)NC(NN)NNC
NC(N)NCN(N)NCN
NC(N)NCN(N)NNC
NC(N)NCNN(N)CN
NC(N)NCNN(N)NC
NC(N)NCNNNCN
NC(N)NCNNNNC
NC(N)NN(C)N(N)CN
NC(N)NN(C)N(N)NC
NC(N)NN(C)NC(N)N
NC(N)NN(C)NNCN
NC(N)NN(C)NNNC
NC(N)NN(CN)NCN
NC(N)NN(CN)NNC
NC(N)NN(N)C(N)CN
NC(N)NN(N)C(N)NC
NC(N)NN(N)CC(N)N
NC(N)NN(N)CNCN
NC(N)NN(N)CNNC
NC(N)NN(N)N(C)CN
NC(N)NN(N)N(C)NC
NC(N)NN(N)N(N)CC
NC(N)NN(N)NC(C)N
NC(N)NN(N)NCCN
NC(N)NN(N)NCNC
NC(N)NN(N)NN(C)C
NC(N)NN(N)NNCC
NC(N)NN(NC)NCN
NC(N)NN(NC)NNC
NC(N)NN(NN)CCN
NC(N)NN(NN)CNC
NC(N)NN(NN)NCC
NC(N)NNC(N)(N)CN
NC(N)NNC(N)(N)NC
NC(N)NNC(N)C(N)N
NC(N)NNC(N)NCN
NC(N)NNC(N)NNC
NC(N)NNCN(N)CN
NC(N)NNCN(N)NC
NC(N)NNCNC(N)N
NC(N)NNCNNCN
NC(N)NNCNNNC
NC(N)NNN(C)NCN
NC(N)NNN(C)NNC
NC(N)NNN(CN)CN
NC(N)NNN(CN)NC
NC(N)NNN(N)C(C)N
NC(N)NNN(N)CCN
NC(N)NNN(N)CNC
NC(N)NNN(N)N(C)C
NC(N)NNN(N)NCC
NC(N)NNN(NC)NC
NC(N)NNNC(N)CN
NC(N)NNNC(N)NC
NC(N)NNNCC(N)N
NC(N)NNNCNCN
NC(N)NNNCNNC
NC(N)NNNN(C)CN
NC(N)NNNN(C)NC
NC(N)NNNN(N)CC
NC(N)NNNNC(C)N
NC(N)NNNNCCN
NC(N)NNNNCNC
NC(N)NNNNN(C)C
NC(N)NNNNNCC
NCC(N)(N)N(N)NNC
NCC(N)(N)NN(N)NC
NCC(N)(N)NNNNC
NCC(N)N(N)N(N)NC
NCC(N)N(N)NNNC
NCC(N)N(NN)NNC
NCC(N)NN(N)NNC
NCC(N)NNN(N)NC
NCC(N)NNNNNC
NCCN(N(N)N)NNC
NCCN(N)N(N)NNC
NCCN(N)NN(N)NC
NCCN(N)NNNNC
NCCN(NN)N(N)NC
NCCN(NN)NNNC
NCCNN(N)N(N)NC
NCCNN(N)NNNC
NCCNN(NN)NNC
NCCNNN(N)NNC
NCCNNNN(N)NC
NCCNNNNNNC
NCN(C)N(N)N(N)NC
NCN(C)N(N)NNCN
NCN(C)N(N)NNNC
NCN(C)N(NN)NCN
NCN(C)N(NN)NNC
NCN(C)NN(N)NCN
NCN(C)NN(N)NNC
NCN(C)NNN(N)NC
NCN(C)NNNNCN
NCN(C)NNNNNC
NCN(CN)N(N)NCN
NCN(CN)N(N)NNC
NCN(CN)NN(N)CN
NCN(CN)NN(N)NC
NCN(CN)NNNCN
NCN(CN)NNNNC
NCN(N)C(N)(N)NCN
NCN(N)C(N)(N)NNC
NCN(N)C(N)N(N)CN
NCN(N)C(N)N(N)NC
NCN(N)C(N)NNCN
NCN(N)C(N)NNNC
NCN(N)C(NN)NCN
NCN(N)C(NN)NNC
NCN(N)CN(N)NCN
NCN(N)CN(N)NNC
NCN(N)CNN(N)NC
NCN(N)CNNNCN
NCN(N)CNNNNC
NCN(N)N(C)N(N)CN
NCN(N)N(C)N(N)NC
NCN(N)N(C)NNCN
NCN(N)N(C)NNNC
NCN(N)N(CN)NCN
NCN(N)N(CN)NNC
NCN(N)N(N)C(N)CN
NCN(N)N(N)C(N)NC
NCN(N)N(N)CNCN
NCN(N)N(N)CNNC
NCN(N)N(N)N(C)CN
NCN(N)N(N)N(C)NC
NCN(N)N(N)N(N)CC
NCN(N)N(N)NCCN
NCN(N)N(N)NCNC
NCN(N)N(N)NN(C)C
NCN(N)N(N)NNCC
NCN(N)N(NC)NCN
NCN(N)N(NC)NNC
NCN(N)N(NN)CCN
NCN(N)N(NN)CNC
NCN(N)N(NN)NCC
NCN(N)NC(N)(N)CN
NCN(N)NC(N)(N)NC
NCN(N)NC(N)NCN
NCN(N)NC(N)NNC
NCN(N)NCN(N)CN
NCN(N)NCN(N)NC
NCN(N)NCNNCN
NCN(N)NCNNNC
NCN(N)NN(C)NCN
NCN(N)NN(C)NNC
NCN(N)NN(N)CCN
NCN(N)NN(N)CNC
NCN(N)NN(N)N(C)C
NCN(N)NN(N)NCC
NCN(N)NN(NC)NC
NCN(N)NNC(N)CN
NCN(N)NNC(N)NC
NCN(N)NNCNCN
NCN(N)NNCNNC
NCN(N)NNN(C)CN
NCN(N)NNN(C)NC
NCN(N)NNN(N)CC
NCN(N)NNNCCN
NCN(N)NNNCNC
NCN(N)NNNN(C)C
NCN(N)NNNNCC
NCN(NC)N(N)NCN
NCN(NC)N(N)NNC
NCN(NC)NN(N)CN
NCN(NC)NN(N)NC
NCN(NC)NNNCN
NCN(NC)NNNNC
NCNC(N(N)N)NCN
NCNC(N(N)N)NNC
NCNC(N)(N)N(N)NC
NCNC(N)(N)NNNC
NCNC(N)N(N)NNC
NCNC(N)NN(N)NC
NCNC(N)NNNNC
NCNC(NN)(N)NCN
NCNC(NN)(N)NNC
NCNC(NN)N(N)NC
NCNC(NN)NNNC
NCNCN(N)N(N)NC
NCNCN(N)NNNC
NCNCN(NN)NNC
NCNCNN(N)NNC
NCNCNNN(N)NC
NCNCNNNNNC
NCNN(C(N)N)NCN
NCNN(C(N)N)NNC
NCNN(C)N(N)NNC
NCNN(C)NN(N)NC
NCNN(C)NNNCN
NCNN(C)NNNNC
NCNN(CN)N(N)NC
NCNN(CN)NNCN
NCNN(CN)NNNC
NCNN(N(C)N)NCN
NCNN(N(C)N)NNC
NCNN(N(N)N)CCN
NCNN(N(N)N)CNC
NCNN(N(N)N)NCC
NCNN(N)C(N)(N)CN
NCNN(N)C(N)(N)NC
NCNN(N)C(N)NCN
NCNN(N)C(N)NNC
NCNN(N)CN(N)NC
NCNN(N)CNNCN
NCNN(N)CNNNC
NCNN(N)N(C)NCN
NCNN(N)N(C)NNC
NCNN(N)N(N)CCN
NCNN(N)N(N)CNC
NCNN(N)N(N)N(C)C
NCNN(N)N(N)NCC
NCNN(N)N(NC)NC
NCNN(N)NC(N)CN
NCNN(N)NC(N)NC
NCNN(N)NCNCN
NCNN(N)NCNNC
NCNN(N)NN(C)NC
NCNN(N)NN(N)CC
NCNN(N)NNCCN
NCNN(N)NNCNC
NCNN(N)NNN(C)C
NCNN(N)NNNCC
NCNN(NC)N(N)NC
NCNN(NC)NNCN
NCNN(NC)NNNC
NCNN(NCN)NCN
NCNN(NCN)NNC
NCNN(NN)C(N)CN
NCNN(NN)C(N)NC
NCNN(NN)CNCN
NCNN(NN)CNNC
NCNN(NN)N(C)NC
NCNN(NN)N(N)CC
NCNN(NN)NCCN
NCNN(NN)NCNC
NCNN(NN)NN(C)C
NCNN(NN)NNCC
NCNN(NNC)NNC
NCNNC(N)(N)NCN
NCNNC(N)(N)NNC
NCNNC(N)N(N)NC
NCNNC(N)NNCN
NCNNC(N)NNNC
NCNNC(NN)NCN
NCNNC(NN)NNC
NCNNCN(N)NNC
NCNNCNN(N)NC
NCNNCNNNNC
NCNNN(C)N(N)NC
NCNNN(C)NNCN
NCNNN(C)NNNC
NCNNN(CN)NNC
NCNNN(N)C(N)CN
NCNNN(N)C(N)NC
NCNNN(N)CNCN
NCNNN(N)CNNC
NCNNN(N)N(C)NC
NCNNN(N)N(N)CC
NCNNN(N)NCCN
NCNNN(N)NCNC
NCNNN(N)NN(C)C
NCNNN(N)NNCC
NCNNN(NC)NNC
NCNNN(NN)CCN
NCNNN(NN)CNC
NCNNN(NN)NCC
NCNNNC(N)(N)CN
NCNNNC(N)(N)NC
NCNNNC(N)NCN
NCNNNC(N)NNC
NCNNNCN(N)NC
NCNNNCNNCN
NCNNNCNNNC
NCNNNN(C)NNC
NCNNNN(N)CCN
NCNNNN(N)CNC
NCNNNN(N)N(C)C
NCNNNN(N)NCC
NCNNNN(NC)NC
NCNNNNC(N)CN
NCNNNNC(N)NC
NCNNNNCNCN
NCNNNNCNNC
NCNNNNN(C)NC
NCNNNNN(N)CC
NCNNNNNCCN
NCNNNNNCNC
NCNNNNNN(C)C
NCNNNNNNCC
NN(C)C(C(N)(N)N)NN
NN(C)C(C(N)N)(N)NN
NN(C)C(C(N)N)NNN
NN(C)C(C)N(N)NNN
NN(C)C(C)N(NN)NN
NN(C)C(C)NN(N)NN
NN(C)C(C)NNNNN
NN(C)C(CN)(N)NNN
NN(C)C(CN)N(N)NN
NN(C)C(CN)NNNN
NN(C)C(N(C)N)NNN
NN(C)C(N)(C)N(N)NN
NN(C)C(N)(C)NNNN
NN(C)C(N)(N)C(N)(N)N
NN(C)C(N)(N)C(N)NN
NN(C)C(N)(N)CNNN
NN(C)C(N)(N)N(C)NN
NN(C)C(N)(N)N(N)CN
NN(C)C(N)(N)N(N)NC
NN(C)C(N)(N)NC(N)N
NN(C)C(N)(N)NCNN
NN(C)C(N)(N)NNCN
NN(C)C(N)(N)NNNC
NN(C)C(N)C(N)(N)NN
NN(C)C(N)C(N)NNN
NN(C)C(N)C(NN)NN
NN(C)C(N)CN(N)NN
NN(C)C(N)CNNNN
NN(C)C(N)N(C)NNN
NN(C)C(N)N(CN)NN
NN(C)C(N)N(N)C(N)N
NN(C)C(N)N(N)CNN
NN(C)C(N)N(N)NCN
NN(C)C(N)N(N)NNC
NN(C)C(N)N(NC)NN
NN(C)C(N)NC(N)(N)N
NN(C)C(N)NC(N)NN
NN(C)C(N)NCNNN
NN(C)C(N)NN(C)NN
NN(C)C(N)NN(N)CN
NN(C)C(N)NN(N)NC
NN(C)C(N)NNC(N)N
NN(C)C(N)NNCNN
NN(C)C(N)NNNCN
NN(C)C(N)NNNNC
NN(C)C(NC)(N)NNN
NN(C)C(NC)N(N)NN
NN(C)C(NC)NNNN
NN(C)C(NN)(C)NNN
NN(C)C(NN)(CN)NN
NN(C)C(NN)(N)CNN
NN(C)C(NN)(N)N(N)C
NN(C)C(NN)(N)NCN
NN(C)C(NN)(N)NNC
NN(C)C(NN)(NC)NN
NN(C)C(NN)C(N)NN
NN(C)C(NN)CNNN
NN(C)C(NN)N(C)NN
NN(C)C(NN)N(N)CN
NN(C)C(NN)N(N)NC
NN(C)C(NN)NC(N)N
NN(C)C(NN)NCNN
NN(C)C(NN)NNCN
NN(C)C(NN)NNNC
NN(C)CC(N)(N)NNN
NN(C)CC(N)N(N)NN
NN(C)CC(N)NNNN
NN(C)CC(NN)(N)NN
NN(C)CC(NN)NNN
NN(C)CCN(N)NNN
NN(C)CCN(NN)NN
NN(C)CCNN(N)NN
NN(C)CCNNNNN
NN(C)CN(C(N)N)NN
NN(C)CN(C)N(N)NN
NN(C)CN(C)NNNN
NN(C)CN(CN)NNN
NN(C)CN(N)C(N)(N)N
NN(C)CN(N)C(N)NN
NN(C)CN(N)CNNN
NN(C)CN(N)N(C)NN
NN(C)CN(N)N(N)CN
NN(C)CN(N)N(N)NC
NN(C)CN(N)NC(N)N
NN(C)CN(N)NCNN
NN(C)CN(N)NNCN
NN(C)CN(N)NNNC
NN(C)CN(NC)NNN
NN(C)CN(NN)CNN
NN(C)CN(NN)NCN
NN(C)CN(NN)NNC
NN(C)CNC(N)(N)NN
NN(C)CNC(N)NNN
NN(C)CNC(NN)NN
NN(C)CNCN(N)NN
NN(C)CNCNNNN
NN(C)CNN(C)NNN
NN(C)CNN(CN)NN
NN(C)CNN(N)C(N)N
NN(C)CNN(N)CNN
NN(C)CNN(N)NCN
NN(C)CNN(N)NNC
NN(C)CNN(NC)NN
NN(C)CNNC(N)(N)N
NN(C)CNNC(N)NN
NN(C)CNNCNNN
NN(C)CNNN(C)NN
NN(C)CNNN(N)CN
NN(C)CNNN(N)NC
NN(C)CNNNC(N)N
NN(C)CNNNCNN
NN(C)CNNNNCN
NN(C)CNNNNNC
NN(C)N(C(C)N)NNN
NN(C)N(C(N)(C)N)NN
NN(C)N(C(N)(N)N)NC
NN(C)N(C(N)N)C(N)N
NN(C)N(C(N)N)CNN
NN(C)N(C(N)N)N(N)C
NN(C)N(C(N)N)NCN
NN(C)N(C(N)N)NNC
NN(C)N(C)C(N)(N)NN
NN(C)N(C)C(N)NNN
NN(C)N(C)C(NN)NN
NN(C)N(C)CN(N)NN
NN(C)N(C)CNNNN
NN(C)N(C)N(C)NNN
NN(C)N(C)N(CN)NN
NN(C)N(C)N(N)C(N)N
NN(C)N(C)N(N)CNN
NN(C)N(C)N(N)NCN
NN(C)N(C)N(N)NNC
NN(C)N(C)N(NC)NN
NN(C)N(C)NC(N)(N)N
NN(C)N(C)NC(N)NN
NN(C)N(C)NCNNN
NN(C)N(C)NN(C)NN
NN(C)N(C)NN(N)CN
NN(C)N(C)NN(N)NC
NN(C)N(C)NNC(N)N
NN(C)N(C)NNCNN
NN(C)N(C)NNN(C)N
NN(C)N(C)NNNCN
NN(C)N(C)NNNNC
NN(C)N(CC)N(N)NN
NN(C)N(CC)NNNN
NN(C)N(CN)C(N)(N)N
NN(C)N(CN)C(N)NN
NN(C)N(CN)CNNN
NN(C)N(CN)N(C)NN
NN(C)N(CN)N(N)CN
NN(C)N(CN)N(N)NC
NN(C)N(CN)NC(N)N
NN(C)N(CN)NCNN
NN(C)N(CN)NN(C)N
NN(C)N(CN)NNCN
NN(C)N(CN)NNNC
NN(C)N(N(C)C)NNN
NN(C)N(N(C)N)CNN
NN(C)N(N(C)N)N(N)C
NN(C)N(N(C)N)NCN
NN(C)N(N(C)N)NNC
NN(C)N(N)C(C)NNN
NN(C)N(N)C(CN)NN
NN(C)N(N)C(N)(C)NN
NN(C)N(N)C(N)(N)CN
NN(C)N(N)C(N)(N)NC
NN(C)N(N)C(N)C(N)N
NN(C)N(N)C(N)CNN
NN(C)N(N)C(N)N(C)N
NN(C)N(N)C(N)NCN
NN(C)N(N)C(N)NNC
NN(C)N(N)C(NC)NN
NN(C)N(N)CC(N)(N)N
NN(C)N(N)CC(N)NN
NN(C)N(N)CCNNN
NN(C)N(N)CN(C)NN
NN(C)N(N)CN(N)CN
NN(C)N(N)CN(N)NC
NN(C)N(N)CNC(N)N
NN(C)N(N)CNCNN
NN(C)N(N)CNN(C)N
NN(C)N(N)CNNCN
NN(C)N(N)CNNNC
NN(C)N(N)N(C)C(N)N
NN(C)N(N)N(C)CNN
NN(C)N(N)N(C)N(C)N
NN(C)N(N)N(C)NCN
NN(C)N(N)N(C)NNC
NN(C)N(N)N(CC)NN
NN(C)N(N)N(CN)CN
NN(C)N(N)N(CN)NC
NN(C)N(N)N(N)C(C)N
NN(C)N(N)N(N)CCN
NN(C)N(N)N(N)CNC
NN(C)N(N)N(N)N(C)C
NN(C)N(N)N(N)NCC
NN(C)N(N)N(NC)NC
NN(C)N(N)NC(C)NN
NN(C)N(N)NC(N)(C)N
NN(C)N(N)NC(N)CN
NN(C)N(N)NC(N)NC
NN(C)N(N)NCC(N)N
NN(C)N(N)NCCNN
NN(C)N(N)NCN(C)N
NN(C)N(N)NCNCN
NN(C)N(N)NCNNC
NN(C)N(N)NN(C)CN
NN(C)N(N)NN(C)NC
NN(C)N(N)NN(N)CC
NN(C)N(N)NNC(C)N
NN(C)N(N)NNCCN
NN(C)N(N)NNCNC
NN(C)N(N)NNN(C)C
NN(C)N(N)NNNCC
NN(C)N(NC)C(N)NN
NN(C)N(NC)CNNN
NN(C)N(NC)N(C)NN
NN(C)N(NC)N(N)CN
NN(C)N(NC)N(N)NC
NN(C)N(NC)NC(N)N
NN(C)N(NC)NCNN
NN(C)N(NC)NN(C)N
NN(C)N(NC)NNCN
NN(C)N(NC)NNNC
NN(C)N(NN)C(C)NN
NN(C)N(NN)C(N)CN
NN(C)N(NN)C(N)NC
NN(C)N(NN)CC(N)N
NN(C)N(NN)CCNN
NN(C)N(NN)CN(C)N
NN(C)N(NN)CNCN
NN(C)N(NN)CNNC
NN(C)N(NN)N(C)CN
NN(C)N(NN)N(C)NC
NN(C)N(NN)N(N)CC
NN(C)N(NN)NC(C)N
NN(C)N(NN)NCCN
NN(C)N(NN)NCNC
NN(C)N(NN)NN(C)C
NN(C)N(NN)NNCC
NN(C)NC(C(N)N)NN
NN(C)NC(C)N(N)NN
NN(C)NC(C)NNNN
NN(C)NC(CN)(N)NN
NN(C)NC(CN)NNN
NN(C)NC(N)(C)NNN
NN(C)NC(N)(N)C(N)N
NN(C)NC(N)(N)CNN
NN(C)NC(N)(N)N(C)N
NN(C)NC(N)(N)NCN
NN(C)NC(N)(N)NNC
NN(C)NC(N)C(N)(N)N
NN(C)NC(N)C(N)NN
NN(C)NC(N)CNNN
NN(C)NC(N)N(C)NN
NN(C)NC(N)N(N)CN
NN(C)NC(N)N(N)NC
NN(C)NC(N)NC(N)N
NN(C)NC(N)NCNN
NN(C)NC(N)NN(N)C
NN(C)NC(N)NNCN
NN(C)NC(N)NNNC
NN(C)NC(NC)(N)NN
NN(C)NC(NC)NNN
NN(C)NC(NN)(C)NN
NN(C)NC(NN)CNN
NN(C)NC(NN)N(C)N
NN(C)NC(NN)NCN
NN(C)NC(NN)NNC
NN(C)NCC(N)(N)NN
NN(C)NCC(N)NNN
NN(C)NCC(NN)NN
NN(C)NCCN(N)NN
NN(C)NCCNNNN
NN(C)NCN(C)NNN
NN(C)NCN(CN)NN
NN(C)NCN(N)C(N)N
NN(C)NCN(N)CNN
NN(C)NCN(N)NCN
NN(C)NCN(N)NNC
NN(C)NCN(NC)NN
NN(C)NCNC(N)(N)N
NN(C)NCNC(N)NN
NN(C)NCNCNNN
NN(C)NCNN(C)NN
NN(C)NCNN(N)CN
NN(C)NCNN(N)NC
NN(C)NCNNC(N)N
NN(C)NCNNCNN
NN(C)NCNNNCN
NN(C)NCNNNNC
NN(C)NN(C(C)N)NN
NN(C)NN(C(N)N)NC
NN(C)NN(C)C(N)(N)N
NN(C)NN(C)C(N)NN
NN(C)NN(C)CNNN
NN(C)NN(C)N(C)NN
NN(C)NN(C)N(N)CN
NN(C)NN(C)N(N)NC
NN(C)NN(C)NC(N)N
NN(C)NN(C)NCNN
NN(C)NN(C)NN(N)C
NN(C)NN(C)NNCN
NN(C)NN(C)NNNC
NN(C)NN(CC)NNN
NN(C)NN(CN)C(N)N
NN(C)NN(CN)CNN
NN(C)NN(CN)NCN
NN(C)NN(CN)NNC
NN(C)NN(N)C(C)NN
NN(C)NN(N)C(N)(C)N
NN(C)NN(N)C(N)CN
NN(C)NN(N)C(N)NC
NN(C)NN(N)CC(N)N
NN(C)NN(N)CCNN
NN(C)NN(N)CN(C)N
NN(C)NN(N)CNCN
NN(C)NN(N)CNNC
NN(C)NN(N)N(C)CN
NN(C)NN(N)N(C)NC
NN(C)NN(N)N(N)CC
NN(C)NN(N)NC(C)N
NN(C)NN(N)NCCN
NN(C)NN(N)NCNC
NN(C)NN(N)NN(C)C
NN(C)NN(N)NNCC
NN(C)NN(NC)CNN
NN(C)NN(NC)NCN
NN(C)NN(NC)NNC
NN(C)NN(NN)CCN
NN(C)NN(NN)CNC
NN(C)NN(NN)N(C)C
NN(C)NN(NN)NCC
NN(C)NNC(C)NNN
NN(C)NNC(CN)NN
NN(C)NNC(N)(C)NN
NN(C)NNC(N)(N)CN
NN(C)NNC(N)(N)NC
NN(C)NNC(N)C(N)N
NN(C)NNC(N)CNN
NN(C)NNC(N)N(C)N
NN(C)NNC(N)NCN
NN(C)NNC(N)NNC
NN(C)NNC(NC)NN
NN(C)NNCC(N)(N)N
NN(C)NNCC(N)NN
NN(C)NNCCNNN
NN(C)NNCN(C)NN
NN(C)NNCN(N)CN
NN(C)NNCN(N)NC
NN(C)NNCNC(N)N
NN(C)NNCNCNN
NN(C)NNCNN(C)N
NN(C)NNCNNCN
NN(C)NNCNNNC
NN(C)NNN(C)C(N)N
NN(C)NNN(C)CNN
NN(C)NNN(C)NCN
NN(C)NNN(C)NNC
NN(C)NNN(CC)NN
NN(C)NNN(CN)CN
NN(C)NNN(CN)NC
NN(C)NNN(N)C(C)N
NN(C)NNN(N)CCN
NN(C)NNN(N)CNC
NN(C)NNN(N)N(C)C
NN(C)NNN(N)NCC
NN(C)NNN(NC)NC
NN(C)NNNC(C)NN
NN(C)NNNC(N)(C)N
NN(C)NNNC(N)CN
NN(C)NNNC(N)NC
NN(C)NNNCC(N)N
NN(C)NNNCCNN
NN(C)NNNCN(C)N
NN(C)NNNCNCN
NN(C)NNNCNNC
NN(C)NNNN(C)CN
NN(C)NNNN(C)NC
NN(C)NNNN(N)CC
NN(C)NNNNC(C)N
NN(C)NNNNCCN
NN(C)NNNNCNC
NN(C)NNNNN(C)C
NN(C)NNNNNCC
NN(N)C(C(C)N)(N)NN
NN(N)C(C(C)N)N(N)N
NN(N)C(C(C)N)NNN
NN(N)C(C(N)(C)N)NN
NN(N)C(C(N)(N)N)NC
NN(N)C(C(N)N)(C)NN
NN(N)C(C(N)N)(N)NC
NN(N)C(C(N)N)C(N)N
NN(N)C(C(N)N)CNN
NN(N)C(C(N)N)N(C)N
NN(N)C(C(N)N)NCN
NN(N)C(C(N)N)NNC
NN(N)C(C)(C)N(N)NN
NN(N)C(C)(C)NNNN
NN(N)C(C)C(N)(N)NN
NN(N)C(C)C(N)NNN
NN(N)C(C)C(NN)NN
NN(N)C(C)CN(N)NN
NN(N)C(C)CNNNN
NN(N)C(C)N(C)NNN
NN(N)C(C)N(CN)NN
NN(N)C(C)N(N)C(N)N
NN(N)C(C)N(N)CNN
NN(N)C(C)N(N)N(C)N
NN(N)C(C)N(N)NCN
NN(N)C(C)N(N)NNC
NN(N)C(C)N(NC)NN
NN(N)C(C)NC(N)(N)N
NN(N)C(C)NC(N)NN
NN(N)C(C)NCN(N)N
NN(N)C(C)NCNNN
NN(N)C(C)NN(C)NN
NN(N)C(C)NN(N)CN
NN(N)C(C)NN(N)NC
NN(N)C(C)NNC(N)N
NN(N)C(C)NNCNN
NN(N)C(C)NNN(C)N
NN(N)C(C)NNNCN
NN(N)C(C)NNNNC
NN(N)C(CC)(N)N(N)N
NN(N)C(CC)(N)NNN
NN(N)C(CC)N(N)NN
NN(N)C(CC)NNNN
NN(N)C(CN)(C)N(N)N
NN(N)C(CN)(C)NNN
NN(N)C(CN)(CN)NN
NN(N)C(CN)(N)C(N)N
NN(N)C(CN)(N)CNN
NN(N)C(CN)(N)N(C)N
NN(N)C(CN)(N)NCN
NN(N)C(CN)(N)NNC
NN(N)C(CN)C(N)(N)N
NN(N)C(CN)C(N)NN
NN(N)C(CN)CN(N)N
NN(N)C(CN)CNNN
NN(N)C(CN)N(C)NN
NN(N)C(CN)N(N)CN
NN(N)C(CN)N(N)NC
NN(N)C(CN)NC(N)N
NN(N)C(CN)NCNN
NN(N)C(CN)NN(C)N
NN(N)C(CN)NNCN
NN(N)C(CN)NNNC
NN(N)C(N(C)C)N(N)N
NN(N)C(N(C)C)NNN
NN(N)C(N(C)N)CNN
NN(N)C(N(C)N)N(N)C
NN(N)C(N(C)N)NCN
NN(N)C(N(C)N)NNC
NN(N)C(N(N)N)CCN
NN(N)C(N(N)N)CNC
NN(N)C(N(N)N)NCC
NN(N)C(N)(C)C(N)(N)N
NN(N)C(N)(C)C(N)NN
NN(N)C(N)(C)CN(N)N
NN(N)C(N)(C)CNNN
NN(N)C(N)(C)N(C)NN
NN(N)C(N)(C)N(N)CN
NN(N)C(N)(C)N(N)NC
NN(N)C(N)(C)NC(N)N
NN(N)C(N)(C)NCNN
NN(N)C(N)(C)NN(C)N
NN(N)C(N)(C)NNCN
NN(N)C(N)(C)NNNC
NN(N)C(N)(N)C(C)NN
NN(N)C(N)(N)C(N)(C)N
NN(N)C(N)(N)C(N)CN
NN(N)C(N)(N)C(N)NC
NN(N)C(N)(N)CC(N)N
NN(N)C(N)(N)CCNN
NN(N)C(N)(N)CN(C)N
NN(N)C(N)(N)CNCN
NN(N)C(N)(N)CNNC
NN(N)C(N)(N)N(C)CN
NN(N)C(N)(N)N(C)NC
NN(N)C(N)(N)N(N)CC
NN(N)C(N)(N)NC(C)N
NN(N)C(N)(N)NCCN
NN(N)C(N)(N)NCNC
NN(N)C(N)(N)NN(C)C
NN(N)C(N)(N)NNCC
NN(N)C(N)C(C)N(N)N
NN(N)C(N)C(C)NNN
NN(N)C(N)C(CN)NN
NN(N)C(N)C(N)(C)NN
NN(N)C(N)C(N)(N)CN
NN(N)C(N)C(N)(N)NC
NN(N)C(N)C(N)C(N)N
NN(N)C(N)C(N)CNN
NN(N)C(N)C(N)N(C)N
NN(N)C(N)C(N)NCN
NN(N)C(N)C(N)NNC
NN(N)C(N)C(NC)NN
NN(N)C(N)CC(N)(N)N
NN(N)C(N)CC(N)NN
NN(N)C(N)CCN(N)N
NN(N)C(N)CCNNN
NN(N)C(N)CN(C)NN
NN(N)C(N)CN(N)CN
NN(N)C(N)CN(N)NC
NN(N)C(N)CNC(N)N
NN(N)C(N)CNCNN
NN(N)C(N)CNN(C)N
NN(N)C(N)CNNCN
NN(N)C(N)CNNNC
NN(N)C(N)N(C)C(N)N
NN(N)C(N)N(C)CNN
NN(N)C(N)N(C)N(C)N
NN(N)C(N)N(C)NCN
NN(N)C(N)N(C)NNC
NN(N)C(N)N(CC)NN
NN(N)C(N)N(CN)CN
NN(N)C(N)N(CN)NC
NN(N)C(N)N(N)C(C)N
NN(N)C(N)N(N)CCN
NN(N)C(N)N(N)CNC
NN(N)C(N)N(N)N(C)C
NN(N)C(N)N(N)NCC
NN(N)C(N)N(NC)NC
NN(N)C(N)NC(C)NN
NN(N)C(N)NC(N)(C)N
NN(N)C(N)NC(N)CN
NN(N)C(N)NC(N)NC
NN(N)C(N)NCC(N)N
NN(N)C(N)NCCNN
NN(N)C(N)NCN(C)N
NN(N)C(N)NCNCN
NN(N)C(N)NCNNC
NN(N)C(N)NN(C)CN
NN(N)C(N)NN(C)NC
NN(N)C(N)NN(N)CC
NN(N)C(N)NNC(C)N
NN(N)C(N)NNCCN
NN(N)C(N)NNCNC
NN(N)C(N)NNN(C)C
NN(N)C(N)NNNCC
NN(N)C(NC)(C)N(N)N
NN(N)C(NC)(C)NNN
NN(N)C(NC)(CN)NN
NN(N)C(NC)(N)CNN
NN(N)C(NC)(N)N(C)N
NN(N)C(NC)(N)NCN
NN(N)C(NC)(N)NNC
NN(N)C(NC)(NC)NN
NN(N)C(NC)C(N)NN
NN(N)C(NC)CN(N)N
NN(N)C(NC)CNNN
NN(N)C(NC)N(C)NN
NN(N)C(NC)N(N)CN
NN(N)C(NC)N(N)NC
NN(N)C(NC)NC(N)N
NN(N)C(NC)NCNN
NN(N)C(NC)NN(C)N
NN(N)C(NC)NNCN
NN(N)C(NC)NNNC
NN(N)C(NN)(C)CNN
NN(N)C(NN)(C)N(C)N
NN(N)C(NN)(C)NCN
NN(N)C(NN)(C)NNC
NN(N)C(NN)(CC)NN
NN(N)C(NN)(N)CCN
NN(N)C(NN)(N)CNC
NN(N)C(NN)(N)N(C)C
NN(N)C(NN)(N)NCC
NN(N)C(NN)C(C)NN
NN(N)C(NN)C(N)CN
NN(N)C(NN)C(N)NC
NN(N)C(NN)CC(N)N
NN(N)C(NN)CCNN
NN(N)C(NN)CN(C)N
NN(N)C(NN)CNCN
NN(N)C(NN)CNNC
NN(N)C(NN)N(C)CN
NN(N)C(NN)N(C)NC
NN(N)C(NN)N(N)CC
NN(N)C(NN)NC(C)N
NN(N)C(NN)NCCN
NN(N)C(NN)NCNC
NN(N)C(NN)NN(C)C
NN(N)C(NN)NNCC
NN(N)CC(C(N)N)NN
NN(N)CC(C)N(N)NN
NN(N)CC(C)NNNN
NN(N)CC(CN)(N)NN
NN(N)CC(CN)NNN
NN(N)CC(N)(C)NNN
NN(N)CC(N)(N)C(N)N
NN(N)CC(N)(N)CNN
NN(N)CC(N)(N)N(C)N
NN(N)CC(N)(N)NCN
NN(N)CC(N)(N)NNC
NN(N)CC(N)C(N)(N)N
NN(N)CC(N)C(N)NN
NN(N)CC(N)CN(N)N
NN(N)CC(N)CNNN
NN(N)CC(N)N(C)NN
NN(N)CC(N)N(N)CN
NN(N)CC(N)N(N)NC
NN(N)CC(N)NC(N)N
NN(N)CC(N)NCNN
NN(N)CC(N)NN(C)N
NN(N)CC(N)NNCN
NN(N)CC(N)NNNC
NN(N)CC(NC)(N)NN
NN(N)CC(NC)NNN
NN(N)CC(NN)(C)NN
NN(N)CC(NN)CNN
NN(N)CC(NN)N(C)N
NN(N)CC(NN)NCN
NN(N)CC(NN)NNC
NN(N)CCC(N)(N)NN
NN(N)CCC(N)NNN
NN(N)CCC(NN)NN
NN(N)CCCN(N)NN
NN(N)CCCNNNN
NN(N)CCN(C)NNN
NN(N)CCN(CN)NN
NN(N)CCN(N)C(N)N
NN(N)CCN(N)CNN
NN(N)CCN(N)N(C)N
NN(N)CCN(N)NCN
NN(N)CCN(N)NNC
NN(N)CCN(NC)NN
NN(N)CCNC(N)(N)N
NN(N)CCNC(N)NN
NN(N)CCNCNNN
NN(N)CCNN(C)NN
NN(N)CCNN(N)CN
NN(N)CCNN(N)NC
NN(N)CCNNC(N)N
NN(N)CCNNCNN
NN(N)CCNNN(C)N
NN(N)CCNNNCN
NN(N)CCNNNNC
NN(N)CN(C(C)N)NN
NN(N)CN(C(N)N)NC
NN(N)CN(C)C(N)(N)N
NN(N)CN(C)C(N)NN
NN(N)CN(C)CN(N)N
NN(N)CN(C)CNNN
NN(N)CN(C)N(C)NN
NN(N)CN(C)N(N)CN
NN(N)CN(C)N(N)NC
NN(N)CN(C)NC(N)N
NN(N)CN(C)NCNN
NN(N)CN(C)NN(C)N
NN(N)CN(C)NNCN
NN(N)CN(C)NNNC
NN(N)CN(CC)NNN
NN(N)CN(CN)C(N)N
NN(N)CN(CN)CNN
NN(N)CN(CN)N(C)N
NN(N)CN(CN)NCN
NN(N)CN(CN)NNC
NN(N)CN(N)C(C)NN
NN(N)CN(N)C(N)(C)N
NN(N)CN(N)C(N)CN
NN(N)CN(N)C(N)NC
NN(N)CN(N)CC(N)N
NN(N)CN(N)CCNN
NN(N)CN(N)CN(C)N
NN(N)CN(N)CNCN
NN(N)CN(N)CNNC
NN(N)CN(N)N(C)CN
NN(N)CN(N)N(C)NC
NN(N)CN(N)N(N)CC
NN(N)CN(N)NC(C)N
NN(N)CN(N)NCCN
NN(N)CN(N)NCNC
NN(N)CN(N)NN(C)C
NN(N)CN(N)NNCC
NN(N)CN(NC)CNN
NN(N)CN(NC)N(C)N
NN(N)CN(NC)NCN
NN(N)CN(NC)NNC
NN(N)CN(NN)CCN
NN(N)CN(NN)CNC
NN(N)CN(NN)N(C)C
NN(N)CN(NN)NCC
NN(N)CNC(C)NNN
NN(N)CNC(CN)NN
NN(N)CNC(N)(C)NN
NN(N)CNC(N)(N)CN
NN(N)CNC(N)(N)NC
NN(N)CNC(N)C(N)N
NN(N)CNC(N)CNN
NN(N)CNC(N)N(C)N
NN(N)CNC(N)NCN
NN(N)CNC(N)NNC
NN(N)CNC(NC)NN
NN(N)CNCC(N)(N)N
NN(N)CNCC(N)NN
NN(N)CNCCN(N)N
NN(N)CNCCNNN
NN(N)CNCN(C)NN
NN(N)CNCN(N)CN
NN(N)CNCN(N)NC
NN(N)CNCNC(N)N
NN(N)CNCNCNN
NN(N)CNCNN(C)N
NN(N)CNCNNCN
NN(N)CNCNNNC
NN(N)CNN(C)C(N)N
NN(N)CNN(C)CNN
NN(N)CNN(C)N(C)N
NN(N)CNN(C)NCN
NN(N)CNN(C)NNC
NN(N)CNN(CC)NN
NN(N)CNN(CN)CN
NN(N)CNN(CN)NC
NN(N)CNN(N)C(C)N
NN(N)CNN(N)CCN
NN(N)CNN(N)CNC
NN(N)CNN(N)N(C)C
NN(N)CNN(N)NCC
NN(N)CNN(NC)NC
NN(N)CNNC(C)NN
NN(N)CNNC(N)(C)N
NN(N)CNNC(N)CN
NN(N)CNNC(N)NC
NN(N)CNNCC(N)N
NN(N)CNNCCNN
NN(N)CNNCN(C)N
NN(N)CNNCNCN
NN(N)CNNCNNC
NN(N)CNNN(C)CN
NN(N)CNNN(C)NC
NN(N)CNNN(N)CC
NN(N)CNNNC(C)N
NN(N)CNNNCCN
NN(N)CNNNCNC
NN(N)CNNNN(C)C
NN(N)CNNNNCC
NN(N)N(C(C)(C)N)NN
NN(N)N(C(C)C)N(N)N
NN(N)N(C(C)C)NNN
NN(N)N(C(C)N)C(N)N
NN(N)N(C(C)N)CNN
NN(N)N(C(C)N)N(C)N
NN(N)N(C(C)N)NCN
NN(N)N(C(C)N)NNC
NN(N)N(C(N)(C)N)NC
NN(N)N(C(N)N)CCN
NN(N)N(C(N)N)CNC
NN(N)N(C(N)N)N(C)C
NN(N)N(C(N)N)NCC
NN(N)N(C)C(C)N(N)N
NN(N)N(C)C(C)NNN
NN(N)N(C)C(CN)NN
NN(N)N(C)C(N)(C)NN
NN(N)N(C)C(N)(N)CN
NN(N)N(C)C(N)(N)NC
NN(N)N(C)C(N)C(N)N
NN(N)N(C)C(N)CNN
NN(N)N(C)C(N)N(C)N
NN(N)N(C)C(N)NCN
NN(N)N(C)C(N)NNC
NN(N)N(C)C(NC)NN
NN(N)N(C)CC(N)(N)N
NN(N)N(C)CC(N)NN
NN(N)N(C)CCN(N)N
NN(N)N(C)CCNNN
NN(N)N(C)CN(C)NN
NN(N)N(C)CN(N)CN
NN(N)N(C)CN(N)NC
NN(N)N(C)CNC(N)N
NN(N)N(C)CNCNN
NN(N)N(C)CNN(C)N
NN(N)N(C)CNNCN
NN(N)N(C)CNNNC
NN(N)N(C)N(C)C(N)N
NN(N)N(C)N(C)CNN
NN(N)N(C)N(C)N(C)N
NN(N)N(C)N(C)NCN
NN(N)N(C)N(C)NNC
NN(N)N(C)N(CC)NN
NN(N)N(C)N(CN)CN
NN(N)N(C)N(CN)NC
NN(N)N(C)N(N)C(C)N
NN(N)N(C)N(N)CCN
NN(N)N(C)N(N)CNC
NN(N)N(C)N(N)N(C)C
NN(N)N(C)N(N)NCC
NN(N)N(C)N(NC)NC
NN(N)N(C)NC(C)NN
NN(N)N(C)NC(N)(C)N
NN(N)N(C)NC(N)CN
NN(N)N(C)NC(N)NC
NN(N)N(C)NCC(N)N
NN(N)N(C)NCCNN
NN(N)N(C)NCN(C)N
NN(N)N(C)NCNCN
NN(N)N(C)NCNNC
NN(N)N(C)NN(C)CN
NN(N)N(C)NN(C)NC
NN(N)N(C)NN(N)CC
NN(N)N(C)NNC(C)N
NN(N)N(C)NNCCN
NN(N)N(C)NNCNC
NN(N)N(C)NNN(C)C
NN(N)N(C)NNNCC
NN(N)N(CC)C(N)(N)N
NN(N)N(CC)C(N)NN
NN(N)N(CC)CN(N)N
NN(N)N(CC)CNNN
NN(N)N(CC)N(C)NN
NN(N)N(CC)N(N)CN
NN(N)N(CC)N(N)NC
NN(N)N(CC)NC(N)N
NN(N)N(CC)NCNN
NN(N)N(CC)NN(C)N
NN(N)N(CC)NNCN
NN(N)N(CC)NNNC
NN(N)N(CN)C(C)NN
NN(N)N(CN)C(N)(C)N
NN(N)N(CN)C(N)CN
NN(N)N(CN)C(N)NC
NN(N)N(CN)CC(N)N
NN(N)N(CN)CCNN
NN(N)N(CN)CN(C)N
NN(N)N(CN)CNCN
NN(N)N(CN)CNNC
NN(N)N(CN)N(C)CN
NN(N)N(CN)N(C)NC
NN(N)N(CN)N(N)CC
NN(N)N(CN)NC(C)N
NN(N)N(CN)NCCN
NN(N)N(CN)NCNC
NN(N)N(CN)NN(C)C
NN(N)N(CN)NNCC
NN(N)N(N(C)C)CNN
NN(N)N(N(C)C)N(N)C
NN(N)N(N(C)C)NCN
NN(N)N(N(C)C)NNC
NN(N)N(N(C)N)CCN
NN(N)N(N(C)N)CNC
NN(N)N(N(C)N)NCC
NN(N)N(N(N)N)CCC
NN(N)N(N)C(C)(C)NN
NN(N)N(N)C(C)C(N)N
NN(N)N(N)C(C)CNN
NN(N)N(N)C(C)N(C)N
NN(N)N(N)C(C)NCN
NN(N)N(N)C(C)NNC
NN(N)N(N)C(CC)NN
NN(N)N(N)C(CN)CN
NN(N)N(N)C(CN)NC
NN(N)N(N)C(N)(C)CN
NN(N)N(N)C(N)(C)NC
NN(N)N(N)C(N)(N)CC
NN(N)N(N)C(N)C(C)N
NN(N)N(N)C(N)CCN
NN(N)N(N)C(N)CNC
NN(N)N(N)C(N)N(C)C
NN(N)N(N)C(N)NCC
NN(N)N(N)C(NC)NC
NN(N)N(N)CC(C)NN
NN(N)N(N)CC(N)(C)N
NN(N)N(N)CC(N)CN
NN(N)N(N)CC(N)NC
NN(N)N(N)CCC(N)N
NN(N)N(N)CCCNN
NN(N)N(N)CCN(C)N
NN(N)N(N)CCNCN
NN(N)N(N)CCNNC
NN(N)N(N)CN(C)CN
NN(N)N(N)CN(C)NC
NN(N)N(N)CN(N)CC
NN(N)N(N)CNC(C)N
NN(N)N(N)CNCCN
NN(N)N(N)CNCNC
NN(N)N(N)CNN(C)C
NN(N)N(N)CNNCC
NN(N)N(N)N(C)C(C)N
NN(N)N(N)N(C)CCN
NN(N)N(N)N(C)CNC
NN(N)N(N)N(C)N(C)C
NN(N)N(N)N(C)NCC
NN(N)N(N)N(CC)CN
NN(N)N(N)N(CC)NC
NN(N)N(N)N(N)C(C)C
NN(N)N(N)N(N)CCC
NN(N)N(N)NC(C)(C)N
NN(N)N(N)NC(C)CN
NN(N)N(N)NC(C)NC
NN(N)N(N)NC(N)CC
NN(N)N(N)NCC(C)N
NN(N)N(N)NCCCN
NN(N)N(N)NCCNC
NN(N)N(N)NCN(C)C
NN(N)N(N)NCNCC
NN(N)N(N)NN(C)CC
NN(N)N(N)NNC(C)C
NN(N)N(N)NNCCC
NN(N)N(NC)C(C)NN
NN(N)N(NC)C(N)CN
NN(N)N(NC)C(N)NC
NN(N)N(NC)CC(N)N
NN(N)N(NC)CCNN
NN(N)N(NC)CN(C)N
NN(N)N(NC)CNCN
NN(N)N(NC)CNNC
NN(N)N(NC)N(C)CN
NN(N)N(NC)N(C)NC
NN(N)N(NC)N(N)CC
NN(N)N(NC)NC(C)N
NN(N)N(NC)NCCN
NN(N)N(NC)NCNC
NN(N)N(NC)NN(C)C
NN(N)N(NC)NNCC
NN(N)N(NN)C(C)CN
NN(N)N(NN)C(C)NC
NN(N)N(NN)C(N)CC
NN(N)N(NN)CC(C)N
NN(N)N(NN)CCCN
NN(N)N(NN)CCNC
NN(N)N(NN)CN(C)C
NN(N)N(NN)CNCC
NN(N)N(NN)N(C)CC
NN(N)N(NN)NC(C)C
NN(N)N(NN)NCCC
NN(N)NC(C(C)N)NN
NN(N)NC(C(N)N)NC
NN(N)NC(C)(C)N(N)N
NN(N)NC(C)(C)NNN
NN(N)NC(C)C(N)(N)N
NN(N)NC(C)C(N)NN
NN(N)NC(C)CN(N)N
NN(N)NC(C)CNNN
NN(N)NC(C)N(C)NN
NN(N)NC(C)N(N)CN
NN(N)NC(C)N(N)NC
NN(N)NC(C)NC(N)N
NN(N)NC(C)NCNN
NN(N)NC(C)NN(C)N
NN(N)NC(C)NNCN
NN(N)NC(C)NNNC
NN(N)NC(CC)(N)NN
NN(N)NC(CC)N(N)N
NN(N)NC(CC)NNN
NN(N)NC(CN)(C)NN
NN(N)NC(CN)(N)CN
NN(N)NC(CN)(N)NC
NN(N)NC(CN)C(N)N
NN(N)NC(CN)CNN
NN(N)NC(CN)N(C)N
NN(N)NC(CN)NCN
NN(N)NC(CN)NNC
NN(N)NC(N)(C)C(N)N
NN(N)NC(N)(C)CNN
NN(N)NC(N)(C)N(C)N
NN(N)NC(N)(C)NCN
NN(N)NC(N)(C)NNC
NN(N)NC(N)(N)C(C)N
NN(N)NC(N)(N)CCN
NN(N)NC(N)(N)CNC
NN(N)NC(N)(N)N(C)C
NN(N)NC(N)(N)NCC
NN(N)NC(N)C(C)NN
NN(N)NC(N)C(N)(C)N
NN(N)NC(N)C(N)CN
NN(N)NC(N)C(N)NC
NN(N)NC(N)CC(N)N
NN(N)NC(N)CCNN
NN(N)NC(N)CN(C)N
NN(N)NC(N)CNCN
NN(N)NC(N)CNNC
NN(N)NC(N)N(C)CN
NN(N)NC(N)N(C)NC
NN(N)NC(N)N(N)CC
NN(N)NC(N)NC(C)N
NN(N)NC(N)NCCN
NN(N)NC(N)NCNC
NN(N)NC(N)NN(C)C
NN(N)NC(N)NNCC
NN(N)NC(NC)(C)NN
NN(N)NC(NC)(N)NC
NN(N)NC(NC)CNN
NN(N)NC(NC)N(C)N
NN(N)NC(NC)NCN
NN(N)NC(NC)NNC
NN(N)NC(NN)CCN
NN(N)NC(NN)CNC
NN(N)NC(NN)N(C)C
NN(N)NC(NN)NCC
NN(N)NCC(C)N(N)N
NN(N)NCC(C)NNN
NN(N)NCC(CN)NN
NN(N)NCC(N)(C)NN
NN(N)NCC(N)(N)CN
NN(N)NCC(N)(N)NC
NN(N)NCC(N)C(N)N
NN(N)NCC(N)CNN
NN(N)NCC(N)N(C)N
NN(N)NCC(N)NCN
NN(N)NCC(N)NNC
NN(N)NCC(NC)NN
NN(N)NCCC(N)(N)N
NN(N)NCCC(N)NN
NN(N)NCCCN(N)N
NN(N)NCCCNNN
NN(N)NCCN(C)NN
NN(N)NCCN(N)CN
NN(N)NCCN(N)NC
NN(N)NCCNC(N)N
NN(N)NCCNCNN
NN(N)NCCNN(C)N
NN(N)NCCNNCN
NN(N)NCCNNNC
NN(N)NCN(C)C(N)N
NN(N)NCN(C)CNN
NN(N)NCN(C)N(C)N
NN(N)NCN(C)NCN
NN(N)NCN(C)NNC
NN(N)NCN(CC)NN
NN(N)NCN(CN)CN
NN(N)NCN(CN)NC
NN(N)NCN(N)C(C)N
NN(N)NCN(N)CCN
NN(N)NCN(N)CNC
NN(N)NCN(N)N(C)C
NN(N)NCN(N)NCC
NN(N)NCN(NC)NC
NN(N)NCNC(C)NN
NN(N)NCNC(N)(C)N
NN(N)NCNC(N)CN
NN(N)NCNC(N)NC
NN(N)NCNCC(N)N
NN(N)NCNCCNN
NN(N)NCNCN(C)N
NN(N)NCNCNCN
NN(N)NCNCNNC
NN(N)NCNN(C)CN
NN(N)NCNN(C)NC
NN(N)NCNN(N)CC
NN(N)NCNNC(C)N
NN(N)NCNNCCN
NN(N)NCNNCNC
NN(N)NCNNN(C)C
NN(N)NCNNNCC
NN(N)NN(C(C)C)NN
NN(N)NN(C(C)N)NC
NN(N)NN(C)C(C)NN
NN(N)NN(C)C(N)(C)N
NN(N)NN(C)C(N)CN
NN(N)NN(C)C(N)NC
NN(N)NN(C)CC(N)N
NN(N)NN(C)CCNN
NN(N)NN(C)CN(C)N
NN(N)NN(C)CNCN
NN(N)NN(C)CNNC
NN(N)NN(C)N(C)CN
NN(N)NN(C)N(C)NC
NN(N)NN(C)N(N)CC
NN(N)NN(C)NC(C)N
NN(N)NN(C)NCCN
NN(N)NN(C)NCNC
NN(N)NN(C)NN(C)C
NN(N)NN(C)NNCC
NN(N)NN(CC)C(N)N
NN(N)NN(CC)CNN
NN(N)NN(CC)N(C)N
NN(N)NN(CC)NCN
NN(N)NN(CC)NNC
NN(N)NN(CN)C(C)N
NN(N)NN(CN)CCN
NN(N)NN(CN)CNC
NN(N)NN(CN)N(C)C
NN(N)NN(CN)NCC
NN(N)NN(N)C(C)(C)N
NN(N)NN(N)C(C)CN
NN(N)NN(N)C(C)NC
NN(N)NN(N)C(N)CC
NN(N)NN(N)CC(C)N
NN(N)NN(N)CCCN
NN(N)NN(N)CCNC
NN(N)NN(N)CN(C)C
NN(N)NN(N)CNCC
NN(N)NN(N)N(C)CC
NN(N)NN(N)NC(C)C
NN(N)NN(N)NCCC
NN(N)NN(NC)CCN
NN(N)NN(NC)CNC
NN(N)NN(NC)N(C)C
NN(N)NN(NC)NCC
NN(N)NN(NN)CCC
NN(N)NNC(C)(C)NN
NN(N)NNC(C)C(N)N
NN(N)NNC(C)CNN
NN(N)NNC(C)N(C)N
NN(N)NNC(C)NCN
NN(N)NNC(C)NNC
NN(N)NNC(CC)NN
NN(N)NNC(CN)CN
NN(N)NNC(CN)NC
NN(N)NNC(N)(C)CN
NN(N)NNC(N)(C)NC
NN(N)NNC(N)(N)CC
NN(N)NNC(N)C(C)N
NN(N)NNC(N)CCN
NN(N)NNC(N)CNC
NN(N)NNC(N)N(C)C
NN(N)NNC(N)NCC
NN(N)NNC(NC)NC
NN(N)NNCC(C)NN
NN(N)NNCC(N)(C)N
NN(N)NNCC(N)CN
NN(N)NNCC(N)NC
NN(N)NNCCC(N)N
NN(N)NNCCCNN
NN(N)NNCCN(C)N
NN(N)NNCCNCN
NN(N)NNCCNNC
NN(N)NNCN(C)CN
NN(N)NNCN(C)NC
NN(N)NNCN(N)CC
NN(N)NNCNC(C)N
NN(N)NNCNCCN
NN(N)NNCNCNC
NN(N)NNCNN(C)C
NN(N)NNCNNCC
NN(N)NNN(C)C(C)N
NN(N)NNN(C)CCN
NN(N)NNN(C)CNC
NN(N)NNN(C)N(C)C
NN(N)NNN(C)NCC
NN(N)NNN(CC)CN
NN(N)NNN(CC)NC
NN(N)NNN(N)C(C)C
NN(N)NNN(N)CCC
NN(N)NNNC(C)(C)N
NN(N)NNNC(C)CN
NN(N)NNNC(C)NC
NN(N)NNNC(N)CC
NN(N)NNNCC(C)N
NN(N)NNNCCCN
NN(N)NNNCCNC
NN(N)NNNCN(C)C
NN(N)NNNCNCC
NN(N)NNNN(C)CC
NN(N)NNNNC(C)C
NN(N)NNNNCCC
NNC(C(N)(C)N)(N)NN
NNC(C(N)(N)N)(C)NN
NNC(C(N)(N)N)(N)NC
NNC(C(N)(N)N)CNN
NNC(C(N)(N)N)NCN
NNC(C(N)(N)N)NNC
NNC(C(N)N)(CN)NN
NNC(C(N)N)(N)C(N)N
NNC(C(N)N)(N)CNN
NNC(C(N)N)(N)NCN
NNC(C(N)N)(N)NNC
NNC(C(N)N)C(N)(N)N
NNC(C(N)N)C(N)NN
NNC(C(N)N)N(N)CN
NNC(C(N)N)N(N)NC
NNC(C(N)N)NC(N)N
NNC(C(N)N)NCNN
NNC(C(N)N)NNCN
NNC(C(N)N)NNNC
NNC(C)N(N)C(N)(N)N
NNC(C)N(N)N(N)CN
NNC(C)N(N)N(N)NC
NNC(C)N(N)NC(N)N
NNC(C)N(N)NCNN
NNC(C)N(N)NNCN
NNC(C)N(N)NNNC
NNC(C)N(NN)CNN
NNC(C)N(NN)NCN
NNC(C)N(NN)NNC
NNC(C)NN(N)C(N)N
NNC(C)NN(N)CNN
NNC(C)NN(N)NCN
NNC(C)NN(N)NNC
NNC(C)NNC(N)(N)N
NNC(C)NNN(N)CN
NNC(C)NNN(N)NC
NNC(C)NNNC(N)N
NNC(C)NNNCNN
NNC(C)NNNNCN
NNC(C)NNNNNC
NNC(CN)(N)C(N)(N)N
NNC(CN)(N)C(N)NN
NNC(CN)(N)N(N)CN
NNC(CN)(N)N(N)NC
NNC(CN)(N)NC(N)N
NNC(CN)(N)NCNN
NNC(CN)(N)NNCN
NNC(CN)(N)NNNC
NNC(CN)N(N)C(N)N
NNC(CN)N(N)CNN
NNC(CN)N(N)NCN
NNC(CN)N(N)NNC
NNC(CN)NC(N)(N)N
NNC(CN)NC(N)NN
NNC(CN)NN(N)CN
NNC(CN)NN(N)NC
NNC(CN)NNC(N)N
NNC(CN)NNCNN
NNC(CN)NNNCN
NNC(CN)NNNNC
NNC(N)(C)C(NN)NN
NNC(N)(C)N(N)C(N)N
NNC(N)(C)N(N)CNN
NNC(N)(C)N(N)NCN
NNC(N)(C)N(N)NNC
NNC(N)(C)NC(N)(N)N
NNC(N)(C)NC(N)NN
NNC(N)(C)NN(N)CN
NNC(N)(C)NN(N)NC
NNC(N)(C)NNC(N)N
NNC(N)(C)NNCNN
NNC(N)(C)NNNCN
NNC(N)(C)NNNNC
NNC(N)(N)C(CN)NN
NNC(N)(N)C(N)(C)NN
NNC(N)(N)C(N)(N)CN
NNC(N)(N)C(N)(N)NC
NNC(N)(N)C(N)C(N)N
NNC(N)(N)C(N)CNN
NNC(N)(N)C(N)NCN
NNC(N)(N)C(N)NNC
NNC(N)(N)C(NC)NN
NNC(N)(N)CC(N)(N)N
NNC(N)(N)CC(N)NN
NNC(N)(N)CN(N)CN
NNC(N)(N)CN(N)NC
NNC(N)(N)CNC(N)N
NNC(N)(N)CNCNN
NNC(N)(N)CNNCN
NNC(N)(N)CNNNC
NNC(N)(N)N(C)C(N)N
NNC(N)(N)N(C)CNN
NNC(N)(N)N(C)NCN
NNC(N)(N)N(C)NNC
NNC(N)(N)N(CN)CN
NNC(N)(N)N(CN)NC
NNC(N)(N)N(N)C(C)N
NNC(N)(N)N(N)CCN
NNC(N)(N)N(N)CNC
NNC(N)(N)N(N)N(C)C
NNC(N)(N)N(N)NCC
NNC(N)(N)N(NC)NC
NNC(N)(N)NC(C)NN
NNC(N)(N)NC(N)(C)N
NNC(N)(N)NC(N)CN
NNC(N)(N)NC(N)NC
NNC(N)(N)NCC(N)N
NNC(N)(N)NCCNN
NNC(N)(N)NCNCN
NNC(N)(N)NCNNC
NNC(N)(N)NN(C)CN
NNC(N)(N)NN(C)NC
NNC(N)(N)NN(N)CC
NNC(N)(N)NNC(C)N
NNC(N)(N)NNCCN
NNC(N)(N)NNCNC
NNC(N)(N)NNN(C)C
NNC(N)(N)NNNCC
NNC(N)C(N)(N)C(N)N
NNC(N)C(N)(N)CNN
NNC(N)C(N)(N)NCN
NNC(N)C(N)(N)NNC
NNC(N)C(N)C(N)(N)N
NNC(N)C(N)C(N)NN
NNC(N)C(N)N(N)CN
NNC(N)C(N)N(N)NC
NNC(N)C(N)NC(N)N
NNC(N)C(N)NCNN
NNC(N)C(N)NNCN
NNC(N)C(N)NNNC
NNC(N)C(NN)CNN
NNC(N)C(NN)NCN
NNC(N)C(NN)NNC
NNC(N)CN(N)C(N)N
NNC(N)CN(N)CNN
NNC(N)CN(N)NCN
NNC(N)CN(N)NNC
NNC(N)CNC(N)(N)N
NNC(N)CNN(N)CN
NNC(N)CNN(N)NC
NNC(N)CNNC(N)N
NNC(N)CNNCNN
NNC(N)CNNNCN
NNC(N)CNNNNC
NNC(N)N(C(N)N)NC
NNC(N)N(C)C(N)(N)N
NNC(N)N(C)C(N)NN
NNC(N)N(C)N(N)CN
NNC(N)N(C)N(N)NC
NNC(N)N(C)NC(N)N
NNC(N)N(C)NCNN
NNC(N)N(C)NNCN
NNC(N)N(C)NNNC
NNC(N)N(CN)C(N)N
NNC(N)N(CN)CNN
NNC(N)N(CN)NCN
NNC(N)N(CN)NNC
NNC(N)N(N)C(C)NN
NNC(N)N(N)C(N)(C)N
NNC(N)N(N)C(N)CN
NNC(N)N(N)C(N)NC
NNC(N)N(N)CC(N)N
NNC(N)N(N)CCNN
NNC(N)N(N)CNCN
NNC(N)N(N)CNNC
NNC(N)N(N)N(C)CN
NNC(N)N(N)N(C)NC
NNC(N)N(N)N(N)CC
NNC(N)N(N)NC(C)N
NNC(N)N(N)NCCN
NNC(N)N(N)NCNC
NNC(N)N(N)NN(C)C
NNC(N)N(N)NNCC
NNC(N)N(NC)CNN
NNC(N)N(NC)NCN
NNC(N)N(NC)NNC
NNC(N)N(NN)CCN
NNC(N)N(NN)CNC
NNC(N)N(NN)NCC
NNC(N)NC(N)(N)CN
NNC(N)NC(N)(N)NC
NNC(N)NC(N)C(N)N
NNC(N)NC(N)CNN
NNC(N)NC(N)NCN
NNC(N)NC(N)NNC
NNC(N)NCC(N)(N)N
NNC(N)NCC(N)NN
NNC(N)NCN(N)CN
NNC(N)NCN(N)NC
NNC(N)NCNC(N)N
NNC(N)NCNCNN
NNC(N)NCNNCN
NNC(N)NCNNNC
NNC(N)NN(C)C(N)N
NNC(N)NN(C)CNN
NNC(N)NN(C)NCN
NNC(N)NN(C)NNC
NNC(N)NN(CN)CN
NNC(N)NN(CN)NC
NNC(N)NN(N)C(C)N
NNC(N)NN(N)CCN
NNC(N)NN(N)CNC
NNC(N)NN(N)N(C)C
NNC(N)NN(N)NCC
NNC(N)NN(NC)NC
NNC(N)NNC(C)NN
NNC(N)NNC(N)(C)N
NNC(N)NNC(N)CN
NNC(N)NNC(N)NC
NNC(N)NNCC(N)N
NNC(N)NNCCNN
NNC(N)NNCNCN
NNC(N)NNCNNC
NNC(N)NNN(C)CN
NNC(N)NNN(C)NC
NNC(N)NNN(N)CC
NNC(N)NNNC(C)N
NNC(N)NNNCCN
NNC(N)NNNCNC
NNC(N)NNNN(C)C
NNC(N)NNNNCC
NNC(NC)(C(N)N)NN
NNC(NC)(N)C(N)NN
NNC(NC)(N)N(N)CN
NNC(NC)(N)N(N)NC
NNC(NC)(N)NC(N)N
NNC(NC)(N)NCNN
NNC(NC)(N)NNCN
NNC(NC)(N)NNNC
NNC(NC)N(N)C(N)N
NNC(NC)N(N)CNN
NNC(NC)N(N)NCN
NNC(NC)N(N)NNC
NNC(NC)NC(N)(N)N
NNC(NC)NC(N)NN
NNC(NC)NN(N)CN
NNC(NC)NN(N)NC
NNC(NC)NNC(N)N
NNC(NC)NNCNN
NNC(NC)NNNCN
NNC(NC)NNNNC
NNC(NN)(C(C)N)NN
NNC(NN)(C)C(N)NN
NNC(NN)(C)N(N)CN
NNC(NN)(C)N(N)NC
NNC(NN)(C)NC(N)N
NNC(NN)(C)NCNN
NNC(NN)(C)NNCN
NNC(NN)(C)NNNC
NNC(NN)(CN)CNN
NNC(NN)(CN)NCN
NNC(NN)(CN)NNC
NNC(NN)(N)C(C)NN
NNC(NN)(N)C(N)CN
NNC(NN)(N)C(N)NC
NNC(NN)(N)CC(N)N
NNC(NN)(N)CCNN
NNC(NN)(N)CNCN
NNC(NN)(N)CNNC
NNC(NN)(N)N(C)CN
NNC(NN)(N)N(C)NC
NNC(NN)(N)N(N)CC
NNC(NN)(N)NC(C)N
NNC(NN)(N)NCCN
NNC(NN)(N)NCNC
NNC(NN)(N)NN(C)C
NNC(NN)(N)NNCC
NNC(NN)(NC)CNN
NNC(NN)(NC)NCN
NNC(NN)(NC)NNC
NNC(NN)(NN)CCN
NNC(NN)(NN)CNC
NNC(NN)(NN)N(C)C
NNC(NN)(NN)NCC
NNC(NN)C(CN)NN
NNC(NN)C(N)(N)CN
NNC(NN)C(N)(N)NC
NNC(NN)C(N)C(N)N
NNC(NN)C(N)CNN
NNC(NN)C(N)NCN
NNC(NN)C(N)NNC
NNC(NN)C(NC)NN
NNC(NN)CC(N)(N)N
NNC(NN)CC(N)NN
NNC(NN)CN(N)CN
NNC(NN)CN(N)NC
NNC(NN)CNC(N)N
NNC(NN)CNCNN
NNC(NN)CNNCN
NNC(NN)CNNNC
NNC(NN)N(C)C(N)N
NNC(NN)N(C)CNN
NNC(NN)N(C)NCN
NNC(NN)N(C)NNC
NNC(NN)N(CN)CN
NNC(NN)N(CN)NC
NNC(NN)N(N)C(C)N
NNC(NN)N(N)CCN
NNC(NN)N(N)CNC
NNC(NN)N(N)N(C)C
NNC(NN)N(N)NCC
NNC(NN)N(NC)NC
NNC(NN)NC(C)NN
NNC(NN)NC(N)(C)N
NNC(NN)NC(N)CN
NNC(NN)NC(N)NC
NNC(NN)NCC(N)N
NNC(NN)NCCNN
NNC(NN)NCNCN
NNC(NN)NCNNC
NNC(NN)NN(C)CN
NNC(NN)NN(C)NC
NNC(NN)NN(N)CC
NNC(NN)NNC(C)N
NNC(NN)NNCCN
NNC(NN)NNCNC
NNC(NN)NNN(C)C
NNC(NN)NNNCC
NNCC(N(N)N)CNN
NNCC(N(N)N)NCN
NNCC(N(N)N)NNC
NNCC(N)(N)C(N)(N)N
NNCC(N)(N)N(N)CN
NNCC(N)(N)N(N)NC
NNCC(N)(N)NC(N)N
NNCC(N)(N)NNCN
NNCC(N)(N)NNNC
NNCC(N)N(N)C(N)N
NNCC(N)N(N)NCN
NNCC(N)N(N)NNC
NNCC(N)NC(N)(N)N
NNCC(N)NN(N)CN
NNCC(N)NN(N)NC
NNCC(N)NNC(N)N
NNCC(N)NNNCN
NNCC(N)NNNNC
NNCC(NN)(N)CNN
NNCC(NN)(N)NCN
NNCC(NN)(N)NNC
NNCC(NN)N(N)CN
NNCC(NN)N(N)NC
NNCC(NN)NC(N)N
NNCC(NN)NNCN
NNCC(NN)NNNC
NNCCN(N)C(N)(N)N
NNCCN(N)N(N)CN
NNCCN(N)N(N)NC
NNCCN(N)NC(N)N
NNCCN(N)NNCN
NNCCN(N)NNNC
NNCCN(NN)NCN
NNCCN(NN)NNC
NNCCNN(N)C(N)N
NNCCNN(N)NCN
NNCCNN(N)NNC
NNCCNNC(N)(N)N
NNCCNNN(N)CN
NNCCNNN(N)NC
NNCCNNNC(N)N
NNCCNNNNCN
NNCCNNNNNC
NNCN(C(N)(N)N)NC
NNCN(C(N)N)C(N)N
NNCN(C(N)N)CNN
NNCN(C(N)N)NCN
NNCN(C(N)N)NNC
NNCN(C)N(N)C(N)N
NNCN(C)N(N)NCN
NNCN(C)N(N)NNC
NNCN(C)NC(N)(N)N
NNCN(C)NN(N)CN
NNCN(C)NN(N)NC
NNCN(C)NNC(N)N
NNCN(C)NNCNN
NNCN(C)NNNCN
NNCN(C)NNNNC
NNCN(CN)C(N)(N)N
NNCN(CN)N(N)CN
NNCN(CN)N(N)NC
NNCN(CN)NC(N)N
NNCN(CN)NCNN
NNCN(CN)NNCN
NNCN(CN)NNNC
NNCN(CNN)CNN
NNCN(CNN)NCN
NNCN(CNN)NNC
NNCN(N(C)N)CNN
NNCN(N(C)N)NCN
NNCN(N(C)N)NNC
NNCN(N(N)N)CCN
NNCN(N(N)N)CNC
NNCN(N(N)N)NCC
NNCN(N)C(N)(N)CN
NNCN(N)C(N)(N)NC
NNCN(N)C(N)C(N)N
NNCN(N)C(N)CNN
NNCN(N)C(N)NCN
NNCN(N)C(N)NNC
NNCN(N)CC(N)(N)N
NNCN(N)CN(N)CN
NNCN(N)CN(N)NC
NNCN(N)CNC(N)N
NNCN(N)CNCNN
NNCN(N)CNNCN
NNCN(N)CNNNC
NNCN(N)N(C)C(N)N
NNCN(N)N(C)CNN
NNCN(N)N(C)NCN
NNCN(N)N(C)NNC
NNCN(N)N(CN)CN
NNCN(N)N(CN)NC
NNCN(N)N(N)C(C)N
NNCN(N)N(N)CCN
NNCN(N)N(N)CNC
NNCN(N)N(N)N(C)C
NNCN(N)N(N)NCC
NNCN(N)N(NC)NC
NNCN(N)NC(N)(C)N
NNCN(N)NC(N)CN
NNCN(N)NC(N)NC
NNCN(N)NCC(N)N
NNCN(N)NCCNN
NNCN(N)NCNCN
NNCN(N)NCNNC
NNCN(N)NN(C)CN
NNCN(N)NN(C)NC
NNCN(N)NN(N)CC
NNCN(N)NNC(C)N
NNCN(N)NNCCN
NNCN(N)NNCNC
NNCN(N)NNN(C)C
NNCN(N)NNNCC
NNCN(NC)N(N)CN
NNCN(NC)N(N)NC
NNCN(NC)NC(N)N
NNCN(NC)NCNN
NNCN(NC)NNCN
NNCN(NC)NNNC
NNCN(NCN)NCN
NNCN(NCN)NNC
NNCN(NN)C(N)CN
NNCN(NN)C(N)NC
NNCN(NN)CC(N)N
NNCN(NN)CCNN
NNCN(NN)CNCN
NNCN(NN)CNNC
NNCN(NN)N(C)CN
NNCN(NN)N(C)NC
NNCN(NN)N(N)CC
NNCN(NN)NC(C)N
NNCN(NN)NCCN
NNCN(NN)NCNC
NNCN(NN)NN(C)C
NNCN(NN)NNCC
NNCN(NNC)NNC
NNCNC(N)(N)C(N)N
NNCNC(N)(N)CNN
NNCNC(N)(N)NCN
NNCNC(N)(N)NNC
NNCNC(N)C(N)(N)N
NNCNC(N)N(N)CN
NNCNC(N)N(N)NC
NNCNC(N)NC(N)N
NNCNC(N)NCNN
NNCNC(N)NNCN
NNCNC(N)NNNC
NNCNC(NN)CNN
NNCNC(NN)NCN
NNCNC(NN)NNC
NNCNCN(N)C(N)N
NNCNCN(N)NCN
NNCNCN(N)NNC
NNCNCNC(N)(N)N
NNCNCNN(N)CN
NNCNCNN(N)NC
NNCNCNNC(N)N
NNCNCNNNCN
NNCNCNNNNC
NNCNN(C(N)N)NC
NNCNN(C)C(N)(N)N
NNCNN(C)N(N)CN
NNCNN(C)N(N)NC
NNCNN(C)NC(N)N
NNCNN(C)NCNN
NNCNN(C)NNCN
NNCNN(C)NNNC
NNCNN(CN)C(N)N
NNCNN(CN)NCN
NNCNN(CN)NNC
NNCNN(N)C(N)(C)N
NNCNN(N)C(N)CN
NNCNN(N)C(N)NC
NNCNN(N)CC(N)N
NNCNN(N)CCNN
NNCNN(N)CNCN
NNCNN(N)CNNC
NNCNN(N)N(C)CN
NNCNN(N)N(C)NC
NNCNN(N)N(N)CC
NNCNN(N)NC(C)N
NNCNN(N)NCCN
NNCNN(N)NCNC
NNCNN(N)NN(C)C
NNCNN(N)NNCC
NNCNN(NC)NCN
NNCNN(NC)NNC
NNCNN(NN)CCN
NNCNN(NN)CNC
NNCNN(NN)NCC
NNCNNC(N)(N)CN
NNCNNC(N)(N)NC
NNCNNC(N)C(N)N
NNCNNC(N)CNN
NNCNNC(N)NCN
NNCNNC(N)NNC
NNCNNCC(N)(N)N
NNCNNCN(N)CN
NNCNNCN(N)NC
NNCNNCNC(N)N
NNCNNCNCNN
NNCNNCNNCN
NNCNNCNNNC
NNCNNN(C)C(N)N
NNCNNN(C)NCN
NNCNNN(C)NNC
NNCNNN(CN)CN
NNCNNN(CN)NC
NNCNNN(N)C(C)N
NNCNNN(N)CCN
NNCNNN(N)CNC
NNCNNN(N)N(C)C
NNCNNN(N)NCC
NNCNNN(NC)NC
NNCNNNC(N)(C)N
NNCNNNC(N)CN
NNCNNNC(N)NC
NNCNNNCC(N)N
NNCNNNCCNN
NNCNNNCNCN
NNCNNNCNNC
NNCNNNN(C)CN
NNCNNNN(C)NC
NNCNNNN(N)CC
NNCNNNNC(C)N
NNCNNNNCCN
NNCNNNNCNC
NNCNNNNN(C)C
NNCNNNNNCC
NNN(C(C)(C)N)NNN
NNN(C(C)C)N(N)NN
NNN(C(C)C)NNNN
NNN(C(C)N)C(N)(N)N
NNN(C(C)N)C(N)NN
NNN(C(C)N)CNNN
NNN(C(C)N)N(C)NN
NNN(C(C)N)N(N)CN
NNN(C(C)N)N(N)NC
NNN(C(C)N)NC(N)N
NNN(C(C)N)NCNN
NNN(C(C)N)NNCN
NNN(C(C)N)NNNC
NNN(C(N)(C)N)CNN
NNN(C(N)(C)N)NCN
NNN(C(N)(C)N)NNC
NNN(C(N)(N)N)CCN
NNN(C(N)(N)N)CNC
NNN(C(N)(N)N)N(C)C
NNN(C(N)(N)N)NCC
NNN(C(N)N)C(C)NN
NNN(C(N)N)C(N)(C)N
NNN(C(N)N)C(N)CN
NNN(C(N)N)C(N)NC
NNN(C(N)N)CC(N)N
NNN(C(N)N)CCNN
NNN(C(N)N)CNCN
NNN(C(N)N)CNNC
NNN(C(N)N)N(C)CN
NNN(C(N)N)N(C)NC
NNN(C(N)N)N(N)CC
NNN(C(N)N)NC(C)N
NNN(C(N)N)NCCN
NNN(C(N)N)NCNC
NNN(C(N)N)NN(C)C
NNN(C(N)N)NNCC
NNN(C)C(C(N)N)NN
NNN(C)C(C)NNNN
NNN(C)C(CN)(N)NN
NNN(C)C(CN)NNN
NNN(C)C(N)(C)NNN
NNN(C)C(N)(N)C(N)N
NNN(C)C(N)(N)CNN
NNN(C)C(N)(N)NCN
NNN(C)C(N)(N)NNC
NNN(C)C(N)C(N)(N)N
NNN(C)C(N)C(N)NN
NNN(C)C(N)CNNN
NNN(C)C(N)N(C)NN
NNN(C)C(N)N(N)CN
NNN(C)C(N)N(N)NC
NNN(C)C(N)NC(N)N
NNN(C)C(N)NCNN
NNN(C)C(N)NNCN
NNN(C)C(N)NNNC
NNN(C)C(NC)(N)NN
NNN(C)C(NC)NNN
NNN(C)C(NN)(C)NN
NNN(C)C(NN)CNN
NNN(C)C(NN)NCN
NNN(C)C(NN)NNC
NNN(C)CC(N)(N)NN
NNN(C)CC(N)NNN
NNN(C)CC(NN)NN
NNN(C)CCNNNN
NNN(C)CN(C)NNN
NNN(C)CN(N)C(N)N
NNN(C)CN(N)CNN
NNN(C)CN(N)NCN
NNN(C)CN(N)NNC
NNN(C)CNC(N)(N)N
NNN(C)CNC(N)NN
NNN(C)CNCNNN
NNN(C)CNN(N)CN
NNN(C)CNN(N)NC
NNN(C)CNNC(N)N
NNN(C)CNNCNN
NNN(C)CNNNCN
NNN(C)CNNNNC
NNN(C)N(C(N)N)NC
NNN(C)N(C)C(N)(N)N
NNN(C)N(C)C(N)NN
NNN(C)N(C)CNNN
NNN(C)N(C)N(C)NN
NNN(C)N(C)N(N)CN
NNN(C)N(C)N(N)NC
NNN(C)N(C)NC(N)N
NNN(C)N(C)NCNN
NNN(C)N(C)NNCN
NNN(C)N(C)NNNC
NNN(C)N(CC)NNN
NNN(C)N(CN)C(N)N
NNN(C)N(CN)CNN
NNN(C)N(CN)NCN
NNN(C)N(CN)NNC
NNN(C)N(N)C(C)NN
NNN(C)N(N)C(N)(C)N
NNN(C)N(N)C(N)CN
NNN(C)N(N)C(N)NC
NNN(C)N(N)CC(N)N
NNN(C)N(N)CCNN
NNN(C)N(N)CNCN
NNN(C)N(N)CNNC
NNN(C)N(N)N(C)CN
NNN(C)N(N)N(C)NC
NNN(C)N(N)N(N)CC
NNN(C)N(N)NC(C)N
NNN(C)N(N)NCCN
NNN(C)N(N)NCNC
NNN(C)N(N)NN(C)C
NNN(C)N(N)NNCC
NNN(C)N(NC)CNN
NNN(C)N(NC)NCN
NNN(C)N(NC)NNC
NNN(C)N(NN)CCN
NNN(C)N(NN)CNC
NNN(C)N(NN)NCC
NNN(C)NC(C)NNN
NNN(C)NC(CN)NN
NNN(C)NC(N)(C)NN
NNN(C)NC(N)(N)CN
NNN(C)NC(N)(N)NC
NNN(C)NC(N)C(N)N
NNN(C)NC(N)CNN
NNN(C)NC(N)NCN
NNN(C)NC(N)NNC
NNN(C)NC(NC)NN
NNN(C)NCC(N)(N)N
NNN(C)NCC(N)NN
NNN(C)NCCNNN
NNN(C)NCN(C)NN
NNN(C)NCN(N)CN
NNN(C)NCN(N)NC
NNN(C)NCNC(N)N
NNN(C)NCNCNN
NNN(C)NCNNCN
NNN(C)NCNNNC
NNN(C)NN(C)C(N)N
NNN(C)NN(C)CNN
NNN(C)NN(C)NCN
NNN(C)NN(C)NNC
NNN(C)NN(CN)CN
NNN(C)NN(CN)NC
NNN(C)NN(N)C(C)N
NNN(C)NN(N)CCN
NNN(C)NN(N)CNC
NNN(C)NN(N)N(C)C
NNN(C)NN(N)NCC
NNN(C)NN(NC)NC
NNN(C)NNC(C)NN
NNN(C)NNC(N)(C)N
NNN(C)NNC(N)CN
NNN(C)NNC(N)NC
NNN(C)NNCC(N)N
NNN(C)NNCCNN
NNN(C)NNCNCN
NNN(C)NNCNNC
NNN(C)NNN(C)CN
NNN(C)NNN(C)NC
NNN(C)NNN(N)CC
NNN(C)NNNC(C)N
NNN(C)NNNCCN
NNN(C)NNNCNC
NNN(C)NNNN(C)C
NNN(C)NNNNCC
NNN(CC)C(N)(N)NN
NNN(CC)C(N)NNN
NNN(CC)C(NN)NN
NNN(CC)CN(N)NN
NNN(CC)CNNNN
NNN(CC)N(C)NNN
NNN(CC)N(N)C(N)N
NNN(CC)N(N)CNN
NNN(CC)N(N)NCN
NNN(CC)N(N)NNC
NNN(CC)NC(N)(N)N
NNN(CC)NC(N)NN
NNN(CC)NCNNN
NNN(CC)NN(C)NN
NNN(CC)NN(N)CN
NNN(CC)NN(N)NC
NNN(CC)NNC(N)N
NNN(CC)NNCNN
NNN(CC)NNNCN
NNN(CC)NNNNC
NNN(CN)C(C)NNN
NNN(CN)C(CN)NN
NNN(CN)C(N)(C)NN
NNN(CN)C(N)(N)CN
NNN(CN)C(N)(N)NC
NNN(CN)C(N)C(N)N
NNN(CN)C(N)CNN
NNN(CN)C(N)NCN
NNN(CN)C(N)NNC
NNN(CN)C(NC)NN
NNN(CN)CC(N)(N)N
NNN(CN)CC(N)NN
NNN(CN)CCNNN
NNN(CN)CN(C)NN
NNN(CN)CN(N)CN
NNN(CN)CN(N)NC
NNN(CN)CNC(N)N
NNN(CN)CNCNN
NNN(CN)CNNCN
NNN(CN)CNNNC
NNN(CN)N(C)C(N)N
NNN(CN)N(C)CNN
NNN(CN)N(C)NCN
NNN(CN)N(C)NNC
NNN(CN)N(CC)NN
NNN(CN)N(CN)CN
NNN(CN)N(CN)NC
NNN(CN)N(N)C(C)N
NNN(CN)N(N)CCN
NNN(CN)N(N)CNC
NNN(CN)N(N)N(C)C
NNN(CN)N(N)NCC
NNN(CN)N(NC)NC
NNN(CN)NC(C)NN
NNN(CN)NC(N)(C)N
NNN(CN)NC(N)CN
NNN(CN)NC(N)NC
NNN(CN)NCC(N)N
NNN(CN)NCCNN
NNN(CN)NCNCN
NNN(CN)NCNNC
NNN(CN)NN(C)CN
NNN(CN)NN(C)NC
NNN(CN)NN(N)CC
NNN(CN)NNC(C)N
NNN(CN)NNCCN
NNN(CN)NNCNC
NNN(CN)NNN(C)C
NNN(CN)NNNCC
NNN(N(C)C)C(N)NN
NNN(N(C)C)CNNN
NNN(N(C)C)N(C)NN
NNN(N(C)C)N(N)CN
NNN(N(C)C)N(N)NC
NNN(N(C)C)NC(N)N
NNN(N(C)C)NCNN
NNN(N(C)C)NNCN
NNN(N(C)C)NNNC
NNN(N)C(C(C)N)NN
NNN(N)C(C(N)N)NC
NNN(N)C(C)(C)NNN
NNN(N)C(C)C(N)(N)N
NNN(N)C(C)C(N)NN
NNN(N)C(C)CNNN
NNN(N)C(C)N(C)NN
NNN(N)C(C)N(N)CN
NNN(N)C(C)N(N)NC
NNN(N)C(C)NC(N)N
NNN(N)C(C)NCNN
NNN(N)C(C)NNCN
NNN(N)C(C)NNNC
NNN(N)C(CC)(N)NN
NNN(N)C(CC)NNN
NNN(N)C(CN)(C)NN
NNN(N)C(CN)(N)CN
NNN(N)C(CN)(N)NC
NNN(N)C(CN)C(N)N
NNN(N)C(CN)CNN
NNN(N)C(CN)NCN
NNN(N)C(CN)NNC
NNN(N)C(N)(C)C(N)N
NNN(N)C(N)(C)CNN
NNN(N)C(N)(C)NCN
NNN(N)C(N)(C)NNC
NNN(N)C(N)(N)C(C)N
NNN(N)C(N)(N)CCN
NNN(N)C(N)(N)CNC
NNN(N)C(N)(N)N(C)C
NNN(N)C(N)(N)NCC
NNN(N)C(N)C(C)NN
NNN(N)C(N)C(N)(C)N
NNN(N)C(N)C(N)CN
NNN(N)C(N)C(N)NC
NNN(N)C(N)CC(N)N
NNN(N)C(N)CCNN
NNN(N)C(N)CNCN
NNN(N)C(N)CNNC
NNN(N)C(N)N(C)CN
NNN(N)C(N)N(C)NC
NNN(N)C(N)N(N)CC
NNN(N)C(N)NC(C)N
NNN(N)C(N)NCCN
NNN(N)C(N)NCNC
NNN(N)C(N)NN(C)C
NNN(N)C(N)NNCC
NNN(N)C(NC)(C)NN
NNN(N)C(NC)(N)NC
NNN(N)C(NC)CNN
NNN(N)C(NC)NCN
NNN(N)C(NC)NNC
NNN(N)C(NN)CCN
NNN(N)C(NN)CNC
NNN(N)C(NN)N(C)C
NNN(N)C(NN)NCC
NNN(N)CC(C)NNN
NNN(N)CC(CN)NN
NNN(N)CC(N)(C)NN
NNN(N)CC(N)(N)CN
NNN(N)CC(N)(N)NC
NNN(N)CC(N)C(N)N
NNN(N)CC(N)CNN
NNN(N)CC(N)NCN
NNN(N)CC(N)NNC
NNN(N)CC(NC)NN
NNN(N)CCC(N)(N)N
NNN(N)CCC(N)NN
NNN(N)CCCNNN
NNN(N)CCN(C)NN
NNN(N)CCN(N)CN
NNN(N)CCN(N)NC
NNN(N)CCNC(N)N
NNN(N)CCNCNN
NNN(N)CCNNCN
NNN(N)CCNNNC
NNN(N)CN(C)C(N)N
NNN(N)CN(C)CNN
NNN(N)CN(C)NCN
NNN(N)CN(C)NNC
NNN(N)CN(CN)CN
NNN(N)CN(CN)NC
NNN(N)CN(N)C(C)N
NNN(N)CN(N)CCN
NNN(N)CN(N)CNC
NNN(N)CN(N)N(C)C
NNN(N)CN(N)NCC
NNN(N)CN(NC)NC
NNN(N)CNC(C)NN
NNN(N)CNC(N)(C)N
NNN(N)CNC(N)CN
NNN(N)CNC(N)NC
NNN(N)CNCC(N)N
NNN(N)CNCCNN
NNN(N)CNCNCN
NNN(N)CNCNNC
NNN(N)CNN(C)CN
NNN(N)CNN(C)NC
NNN(N)CNN(N)CC
NNN(N)CNNC(C)N
NNN(N)CNNCCN
NNN(N)CNNCNC
NNN(N)CNNN(C)C
NNN(N)CNNNCC
NNN(N)N(C(C)N)NC
NNN(N)N(C)C(C)NN
NNN(N)N(C)C(N)(C)N
NNN(N)N(C)C(N)CN
NNN(N)N(C)C(N)NC
NNN(N)N(C)CC(N)N
NNN(N)N(C)CCNN
NNN(N)N(C)CNCN
NNN(N)N(C)CNNC
NNN(N)N(C)N(C)CN
NNN(N)N(C)N(C)NC
NNN(N)N(C)N(N)CC
NNN(N)N(C)NC(C)N
NNN(N)N(C)NCCN
NNN(N)N(C)NCNC
NNN(N)N(C)NN(C)C
NNN(N)N(C)NNCC
NNN(N)N(CC)C(N)N
NNN(N)N(CC)CNN
NNN(N)N(CC)NCN
NNN(N)N(CC)NNC
NNN(N)N(CN)C(C)N
NNN(N)N(CN)CCN
NNN(N)N(CN)CNC
NNN(N)N(CN)N(C)C
NNN(N)N(CN)NCC
NNN(N)N(N)C(C)(C)N
NNN(N)N(N)C(C)CN
NNN(N)N(N)C(C)NC
NNN(N)N(N)C(N)CC
NNN(N)N(N)CC(C)N
NNN(N)N(N)CCCN
NNN(N)N(N)CCNC
NNN(N)N(N)CN(C)C
NNN(N)N(N)CNCC
NNN(N)N(N)N(C)CC
NNN(N)N(N)NC(C)C
NNN(N)N(N)NCCC
NNN(N)N(NC)CCN
NNN(N)N(NC)CNC
NNN(N)N(NC)N(C)C
NNN(N)N(NC)NCC
NNN(N)N(NN)CCC
NNN(N)NC(C)(C)NN
NNN(N)NC(C)C(N)N
NNN(N)NC(C)CNN
NNN(N)NC(C)NCN
NNN(N)NC(C)NNC
NNN(N)NC(CC)NN
NNN(N)NC(CN)CN
NNN(N)NC(CN)NC
NNN(N)NC(N)(C)CN
NNN(N)NC(N)(C)NC
NNN(N)NC(N)(N)CC
NNN(N)NC(N)C(C)N
NNN(N)NC(N)CCN
NNN(N)NC(N)CNC
NNN(N)NC(N)N(C)C
NNN(N)NC(N)NCC
NNN(N)NC(NC)NC
NNN(N)NCC(C)NN
NNN(N)NCC(N)(C)N
NNN(N)NCC(N)CN
NNN(N)NCC(N)NC
NNN(N)NCCC(N)N
NNN(N)NCCCNN
NNN(N)NCCNCN
NNN(N)NCCNNC
NNN(N)NCN(C)CN
NNN(N)NCN(C)NC
NNN(N)NCN(N)CC
NNN(N)NCNC(C)N
NNN(N)NCNCCN
NNN(N)NCNCNC
NNN(N)NCNN(C)C
NNN(N)NCNNCC
NNN(N)NN(C)C(C)N
NNN(N)NN(C)CCN
NNN(N)NN(C)CNC
NNN(N)NN(C)N(C)C
NNN(N)NN(C)NCC
NNN(N)NN(CC)CN
NNN(N)NN(CC)NC
NNN(N)NN(N)C(C)C
NNN(N)NN(N)CCC
NNN(N)NNC(C)(C)N
NNN(N)NNC(C)CN
NNN(N)NNC(C)NC
NNN(N)NNC(N)CC
NNN(N)NNCC(C)N
NNN(N)NNCCCN
NNN(N)NNCCNC
NNN(N)NNCN(C)C
NNN(N)NNCNCC
NNN(N)NNN(C)CC
NNN(N)NNNC(C)C
NNN(N)NNNCCC
NNN(NC)C(C)NNN
NNN(NC)C(CN)NN
NNN(NC)C(N)(C)NN
NNN(NC)C(N)(N)CN
NNN(NC)C(N)(N)NC
NNN(NC)C(N)C(N)N
NNN(NC)C(N)CNN
NNN(NC)C(N)NCN
NNN(NC)C(N)NNC
NNN(NC)C(NC)NN
NNN(NC)CC(N)(N)N
NNN(NC)CC(N)NN
NNN(NC)CCNNN
NNN(NC)CN(C)NN
NNN(NC)CN(N)CN
NNN(NC)CN(N)NC
NNN(NC)CNC(N)N
NNN(NC)CNCNN
NNN(NC)CNNCN
NNN(NC)CNNNC
NNN(NC)N(C)C(N)N
NNN(NC)N(C)CNN
NNN(NC)N(C)NCN
NNN(NC)N(C)NNC
NNN(NC)N(CC)NN
NNN(NC)N(CN)CN
NNN(NC)N(CN)NC
NNN(NC)N(N)C(C)N
NNN(NC)N(N)CCN
NNN(NC)N(N)CNC
NNN(NC)N(N)N(C)C
NNN(NC)N(N)NCC
NNN(NC)N(NC)NC
NNN(NC)NC(C)NN
NNN(NC)NC(N)(C)N
NNN(NC)NC(N)CN
NNN(NC)NC(N)NC
NNN(NC)NCC(N)N
NNN(NC)NCCNN
NNN(NC)NCNCN
NNN(NC)NCNNC
NNN(NC)NN(C)CN
NNN(NC)NN(C)NC
NNN(NC)NN(N)CC
NNN(NC)NNC(C)N
NNN(NC)NNCCN
NNN(NC)NNCNC
NNN(NC)NNN(C)C
NNN(NC)NNNCC
NNN(NN)C(C)(C)NN
NNN(NN)C(C)C(N)N
NNN(NN)C(C)CNN
NNN(NN)C(C)NCN
NNN(NN)C(C)NNC
NNN(NN)C(CC)NN
NNN(NN)C(CN)CN
NNN(NN)C(CN)NC
NNN(NN)C(N)(C)CN
NNN(NN)C(N)(C)NC
NNN(NN)C(N)(N)CC
NNN(NN)C(N)C(C)N
NNN(NN)C(N)CCN
NNN(NN)C(N)CNC
NNN(NN)C(N)N(C)C
NNN(NN)C(N)NCC
NNN(NN)C(NC)NC
NNN(NN)CC(C)NN
NNN(NN)CC(N)(C)N
NNN(NN)CC(N)CN
NNN(NN)CC(N)NC
NNN(NN)CCC(N)N
NNN(NN)CCCNN
NNN(NN)CCNCN
NNN(NN)CCNNC
NNN(NN)CN(C)CN
NNN(NN)CN(C)NC
NNN(NN)CN(N)CC
NNN(NN)CNC(C)N
NNN(NN)CNCCN
NNN(NN)CNCNC
NNN(NN)CNN(C)C
NNN(NN)CNNCC
NNN(NN)N(C)C(C)N
NNN(NN)N(C)CCN
NNN(NN)N(C)CNC
NNN(NN)N(C)N(C)C
NNN(NN)N(C)NCC
NNN(NN)N(CC)CN
NNN(NN)N(CC)NC
NNN(NN)N(N)C(C)C
NNN(NN)N(N)CCC
NNN(NN)NC(C)(C)N
NNN(NN)NC(C)CN
NNN(NN)NC(C)NC
NNN(NN)NC(N)CC
NNN(NN)NCC(C)N
NNN(NN)NCCCN
NNN(NN)NCCNC
NNN(NN)NCN(C)C
NNN(NN)NCNCC
NNN(NN)NN(C)CC
NNN(NN)NNC(C)C
NNN(NN)NNCCC
NNNC(C(C)N)(N)NN
NNNC(C(C)N)NNN
NNNC(C(N)(C)N)NN
NNNC(C(N)(N)N)NC
NNNC(C(N)N)(C)NN
NNNC(C(N)N)(N)NC
NNNC(C(N)N)C(N)N
NNNC(C(N)N)CNN
NNNC(C(N)N)NCN
NNNC(C(N)N)NNC
NNNC(C)C(N)(N)NN
NNNC(C)C(NN)NN
NNNC(C)N(N)C(N)N
NNNC(C)N(N)CNN
NNNC(C)N(N)NCN
NNNC(C)N(N)NNC
NNNC(C)NC(N)(N)N
NNNC(C)NC(N)NN
NNNC(C)NCNNN
NNNC(C)NN(N)CN
NNNC(C)NN(N)NC
NNNC(C)NNC(N)N
NNNC(C)NNCNN
NNNC(C)NNNCN
NNNC(C)NNNNC
NNNC(CC)(N)NNN
NNNC(CCN)NNN
NNNC(CN)(C)NNN
NNNC(CN)(CN)NN
NNNC(CN)(N)C(N)N
NNNC(CN)(N)CNN
NNNC(CN)(N)NCN
NNNC(CN)(N)NNC
NNNC(CN)C(N)(N)N
NNNC(CN)C(N)NN
NNNC(CN)CNNN
NNNC(CN)N(N)CN
NNNC(CN)N(N)NC
NNNC(CN)NC(N)N
NNNC(CN)NCNN
NNNC(CN)NNCN
NNNC(CN)NNNC
NNNC(CNC)NNN
NNNC(CNN)CNN
NNNC(CNN)NCN
NNNC(CNN)NNC
NNNC(N(C)C)NNN
NNNC(N(C)N)CNN
NNNC(N(C)N)NCN
NNNC(N(C)N)NNC
NNNC(N(N)N)CCN
NNNC(N(N)N)CNC
NNNC(N(N)N)NCC
NNNC(N)(C)C(N)(N)N
NNNC(N)(C)C(N)NN
NNNC(N)(C)CNNN
NNNC(N)(C)N(N)CN
NNNC(N)(C)N(N)NC
NNNC(N)(C)NC(N)N
NNNC(N)(C)NCNN
NNNC(N)(C)NNCN
NNNC(N)(C)NNNC
NNNC(N)(N)C(C)NN
NNNC(N)(N)C(N)(C)N
NNNC(N)(N)C(N)CN
NNNC(N)(N)C(N)NC
NNNC(N)(N)CC(N)N
NNNC(N)(N)CCNN
NNNC(N)(N)CNCN
NNNC(N)(N)CNNC
NNNC(N)(N)N(C)CN
NNNC(N)(N)N(C)NC
NNNC(N)(N)N(N)CC
NNNC(N)(N)NC(C)N
NNNC(N)(N)NCCN
NNNC(N)(N)NCNC
NNNC(N)(N)NN(C)C
NNNC(N)(N)NNCC
NNNC(N)C(C)NNN
NNNC(N)C(CN)NN
NNNC(N)C(N)(C)NN
NNNC(N)C(N)(N)CN
NNNC(N)C(N)(N)NC
NNNC(N)C(N)C(N)N
NNNC(N)C(N)CNN
NNNC(N)C(N)NCN
NNNC(N)C(N)NNC
NNNC(N)C(NC)NN
NNNC(N)CC(N)(N)N
NNNC(N)CC(N)NN
NNNC(N)CCNNN
NNNC(N)CN(N)CN
NNNC(N)CN(N)NC
NNNC(N)CNC(N)N
NNNC(N)CNCNN
NNNC(N)CNNCN
NNNC(N)CNNNC
NNNC(N)N(C)C(N)N
NNNC(N)N(C)CNN
NNNC(N)N(C)NCN
NNNC(N)N(C)NNC
NNNC(N)N(CN)CN
NNNC(N)N(CN)NC
NNNC(N)N(N)C(C)N
NNNC(N)N(N)CCN
NNNC(N)N(N)CNC
NNNC(N)N(N)N(C)C
NNNC(N)N(N)NCC
NNNC(N)N(NC)NC
NNNC(N)NC(C)NN
NNNC(N)NC(N)(C)N
NNNC(N)NC(N)CN
NNNC(N)NC(N)NC
NNNC(N)NCC(N)N
NNNC(N)NCCNN
NNNC(N)NCNCN
NNNC(N)NCNNC
NNNC(N)NN(C)CN
NNNC(N)NN(C)NC
NNNC(N)NN(N)CC
NNNC(N)NNC(C)N
NNNC(N)NNCCN
NNNC(N)NNCNC
NNNC(N)NNN(C)C
NNNC(N)NNNCC
NNNC(NC)(C)NNN
NNNC(NC)(CN)NN
NNNC(NC)(N)CNN
NNNC(NC)(N)NCN
NNNC(NC)(N)NNC
NNNC(NC)(NC)NN
NNNC(NC)C(N)NN
NNNC(NC)CNNN
NNNC(NC)N(N)CN
NNNC(NC)N(N)NC
NNNC(NC)NC(N)N
NNNC(NC)NCNN
NNNC(NC)NNCN
NNNC(NC)NNNC
NNNC(NCC)NNN
NNNC(NCN)NCN
NNNC(NCN)NNC
NNNC(NN)(C)CNN
NNNC(NN)(C)NCN
NNNC(NN)(C)NNC
NNNC(NN)(CC)NN
NNNC(NN)(N)CCN
NNNC(NN)(N)CNC
NNNC(NN)(N)N(C)C
NNNC(NN)(N)NCC
NNNC(NN)C(C)NN
NNNC(NN)C(N)CN
NNNC(NN)C(N)NC
NNNC(NN)CC(N)N
NNNC(NN)CCNN
NNNC(NN)CNCN
NNNC(NN)CNNC
NNNC(NN)N(C)CN
NNNC(NN)N(C)NC
NNNC(NN)N(N)CC
NNNC(NN)NC(C)N
NNNC(NN)NCCN
NNNC(NN)NCNC
NNNC(NN)NN(C)C
NNNC(NN)NNCC
NNNC(NNC)NNC
NNNCC(C(N)N)NN
NNNCC(CN)(N)NN
NNNCC(N)(N)C(N)N
NNNCC(N)(N)CNN
NNNCC(N)(N)NCN
NNNCC(N)(N)NNC
NNNCC(N)C(N)(N)N
NNNCC(N)C(N)NN
NNNCC(N)CNNN
NNNCC(N)N(N)CN
NNNCC(N)N(N)NC
NNNCC(N)NC(N)N
NNNCC(N)NCNN
NNNCC(N)NNCN
NNNCC(N)NNNC
NNNCC(NC)(N)NN
NNNCC(NN)(C)NN
NNNCC(NN)CNN
NNNCC(NN)NCN
NNNCC(NN)NNC
NNNCCC(N)(N)NN
NNNCCC(NN)NN
NNNCCN(N)C(N)N
NNNCCN(N)CNN
NNNCCN(N)NCN
NNNCCN(N)NNC
NNNCCNC(N)(N)N
NNNCCNC(N)NN
NNNCCNN(N)CN
NNNCCNN(N)NC
NNNCCNNC(N)N
NNNCCNNCNN
NNNCCNNNCN
NNNCCNNNNC
NNNCN(C(N)N)NC
NNNCN(C)C(N)(N)N
NNNCN(C)C(N)NN
NNNCN(C)CNNN
NNNCN(C)N(N)CN
NNNCN(C)N(N)NC
NNNCN(C)NC(N)N
NNNCN(C)NCNN
NNNCN(C)NNCN
NNNCN(C)NNNC
NNNCN(CN)C(N)N
NNNCN(CN)CNN
NNNCN(CN)NCN
NNNCN(CN)NNC
NNNCN(N)C(C)NN
NNNCN(N)C(N)(C)N
NNNCN(N)C(N)CN
NNNCN(N)C(N)NC
NNNCN(N)CC(N)N
NNNCN(N)CCNN
NNNCN(N)CNCN
NNNCN(N)CNNC
NNNCN(N)N(C)CN
NNNCN(N)N(C)NC
NNNCN(N)N(N)CC
NNNCN(N)NC(C)N
NNNCN(N)NCCN
NNNCN(N)NCNC
NNNCN(N)NN(C)C
NNNCN(N)NNCC
NNNCN(NC)CNN
NNNCN(NC)NCN
NNNCN(NC)NNC
NNNCN(NN)CCN
NNNCN(NN)CNC
NNNCN(NN)NCC
NNNCNC(CN)NN
NNNCNC(N)(C)NN
NNNCNC(N)(N)CN
NNNCNC(N)(N)NC
NNNCNC(N)C(N)N
NNNCNC(N)CNN
NNNCNC(N)NCN
NNNCNC(N)NNC
NNNCNC(NC)NN
NNNCNCC(N)(N)N
NNNCNCC(N)NN
NNNCNCCNNN
NNNCNCN(N)CN
NNNCNCN(N)NC
NNNCNCNC(N)N
NNNCNCNCNN
NNNCNCNNCN
NNNCNCNNNC
NNNCNN(C)C(N)N
NNNCNN(C)CNN
NNNCNN(C)NCN
NNNCNN(C)NNC
NNNCNN(CN)CN
NNNCNN(CN)NC
NNNCNN(N)C(C)N
NNNCNN(N)CCN
NNNCNN(N)CNC
NNNCNN(N)N(C)C
NNNCNN(N)NCC
NNNCNN(NC)NC
NNNCNNC(C)NN
NNNCNNC(N)(C)N
NNNCNNC(N)CN
NNNCNNC(N)NC
NNNCNNCC(N)N
NNNCNNCCNN
NNNCNNCNCN
NNNCNNCNNC
NNNCNNN(C)CN
NNNCNNN(C)NC
NNNCNNN(N)CC
NNNCNNNC(C)N
NNNCNNNCCN
NNNCNNNCNC
NNNCNNNN(C)C
NNNCNNNNCC
NNNN(C(C)C)NNN
NNNN(C(C)N)C(N)N
NNNN(C(C)N)CNN
NNNN(C(C)N)NCN
NNNN(C(C)N)NNC
NNNN(C(N)(C)N)NC
NNNN(C(N)N)CCN
NNNN(C(N)N)CNC
NNNN(C(N)N)N(C)C
NNNN(C(N)N)NCC
NNNN(C)C(C)NNN
NNNN(C)C(CN)NN
NNNN(C)C(N)(C)NN
NNNN(C)C(N)(N)CN
NNNN(C)C(N)(N)NC
NNNN(C)C(N)C(N)N
NNNN(C)C(N)CNN
NNNN(C)C(N)NCN
NNNN(C)C(N)NNC
NNNN(C)C(NC)NN
NNNN(C)CC(N)(N)N
NNNN(C)CC(N)NN
NNNN(C)CCNNN
NNNN(C)CN(N)CN
NNNN(C)CN(N)NC
NNNN(C)CNC(N)N
NNNN(C)CNCNN
NNNN(C)CNNCN
NNNN(C)CNNNC
NNNN(C)N(C)C(N)N
NNNN(C)N(C)CNN
NNNN(C)N(C)NCN
NNNN(C)N(C)NNC
NNNN(C)N(CN)CN
NNNN(C)N(CN)NC
NNNN(C)N(N)C(C)N
NNNN(C)N(N)CCN
NNNN(C)N(N)CNC
NNNN(C)N(N)N(C)C
NNNN(C)N(N)NCC
NNNN(C)N(NC)NC
NNNN(C)NC(C)NN
NNNN(C)NC(N)(C)N
NNNN(C)NC(N)CN
NNNN(C)NC(N)NC
NNNN(C)NCC(N)N
NNNN(C)NCCNN
NNNN(C)NCNCN
NNNN(C)NCNNC
NNNN(C)NN(C)CN
NNNN(C)NN(C)NC
NNNN(C)NN(N)CC
NNNN(C)NNC(C)N
NNNN(C)NNCCN
NNNN(C)NNCNC
NNNN(C)NNN(C)C
NNNN(C)NNNCC
NNNN(CC)C(N)(N)N
NNNN(CC)C(N)NN
NNNN(CC)CNNN
NNNN(CC)N(N)CN
NNNN(CC)N(N)NC
NNNN(CC)NC(N)N
NNNN(CC)NCNN
NNNN(CC)NNCN
NNNN(CC)NNNC
NNNN(CCC)NNN
NNNN(CCN)CNN
NNNN(CCN)NCN
NNNN(CCN)NNC
NNNN(CN)C(C)NN
NNNN(CN)C(N)(C)N
NNNN(CN)C(N)CN
NNNN(CN)C(N)NC
NNNN(CN)CC(N)N
NNNN(CN)CCNN
NNNN(CN)CNCN
NNNN(CN)CNNC
NNNN(CN)N(C)CN
NNNN(CN)N(C)NC
NNNN(CN)N(N)CC
NNNN(CN)NC(C)N
NNNN(CN)NCCN
NNNN(CN)NCNC
NNNN(CN)NN(C)C
NNNN(CN)NNCC
NNNN(CNC)CNN
NNNN(CNC)NCN
NNNN(CNC)NNC
NNNN(CNN)NCC
NNNN(N(C)C)CNN
NNNN(N(C)C)NCN
NNNN(N(C)C)NNC
NNNN(N(C)N)CCN
NNNN(N(C)N)CNC
NNNN(N(C)N)NCC
NNNN(N(N)N)CCC
NNNN(N)C(C)(C)NN
NNNN(N)C(C)C(N)N
NNNN(N)C(C)CNN
NNNN(N)C(C)NCN
NNNN(N)C(C)NNC
NNNN(N)C(CC)NN
NNNN(N)C(CN)CN
NNNN(N)C(CN)NC
NNNN(N)C(N)(C)CN
NNNN(N)C(N)(C)NC
NNNN(N)C(N)(N)CC
NNNN(N)C(N)C(C)N
NNNN(N)C(N)CCN
NNNN(N)C(N)CNC
NNNN(N)C(N)N(C)C
NNNN(N)C(N)NCC
NNNN(N)C(NC)NC
NNNN(N)CC(C)NN
NNNN(N)CC(N)(C)N
NNNN(N)CC(N)CN
NNNN(N)CC(N)NC
NNNN(N)CCC(N)N
NNNN(N)CCCNN
NNNN(N)CCNCN
NNNN(N)CCNNC
NNNN(N)CN(C)CN
NNNN(N)CN(C)NC
NNNN(N)CN(N)CC
NNNN(N)CNC(C)N
NNNN(N)CNCCN
NNNN(N)CNCNC
NNNN(N)CNN(C)C
NNNN(N)CNNCC
NNNN(N)N(C)C(C)N
NNNN(N)N(C)CCN
NNNN(N)N(C)CNC
NNNN(N)N(C)N(C)C
NNNN(N)N(C)NCC
NNNN(N)N(CC)CN
NNNN(N)N(CC)NC
NNNN(N)N(N)C(C)C
NNNN(N)N(N)CCC
NNNN(N)NC(C)(C)N
NNNN(N)NC(C)CN
NNNN(N)NC(C)NC
NNNN(N)NC(N)CC
NNNN(N)NCC(C)N
NNNN(N)NCCCN
NNNN(N)NCCNC
NNNN(N)NCN(C)C
NNNN(N)NCNCC
NNNN(N)NN(C)CC
NNNN(N)NNC(C)C
NNNN(N)NNCCC
NNNN(NC)C(C)NN
NNNN(NC)C(N)CN
NNNN(NC)C(N)NC
NNNN(NC)CC(N)N
NNNN(NC)CCNN
NNNN(NC)CNCN
NNNN(NC)CNNC
NNNN(NC)N(C)CN
NNNN(NC)N(C)NC
NNNN(NC)N(N)CC
NNNN(NC)NC(C)N
NNNN(NC)NCCN
NNNN(NC)NCNC
NNNN(NC)NN(C)C
NNNN(NC)NNCC
NNNN(NCC)NCN
NNNN(NCC)NNC
NNNN(NN)C(C)CN
NNNN(NN)C(C)NC
NNNN(NN)C(N)CC
NNNN(NN)CC(C)N
NNNN(NN)CCCN
NNNN(NN)CCNC
NNNN(NN)CN(C)C
NNNN(NN)CNCC
NNNN(NN)N(C)CC
NNNN(NN)NC(C)C
NNNN(NN)NCCC
NNNNC(C(C)N)NN
NNNNC(C(N)N)NC
NNNNC(C)(C)NNN
NNNNC(C)C(N)(N)N
NNNNC(C)C(N)NN
NNNNC(C)CNNN
NNNNC(C)N(N)CN
NNNNC(C)N(N)NC
NNNNC(C)NC(N)N
NNNNC(C)NCNN
NNNNC(C)NNCN
NNNNC(C)NNNC
NNNNC(CC)(N)NN
NNNNC(CC)NNN
NNNNC(CN)(C)NN
NNNNC(CN)(N)CN
NNNNC(CN)(N)NC
NNNNC(CN)C(N)N
NNNNC(CN)CNN
NNNNC(CN)NCN
NNNNC(CN)NNC
NNNNC(N)(C)C(N)N
NNNNC(N)(C)CNN
NNNNC(N)(C)NCN
NNNNC(N)(C)NNC
NNNNC(N)(N)C(C)N
NNNNC(N)(N)CCN
NNNNC(N)(N)CNC
NNNNC(N)(N)N(C)C
NNNNC(N)(N)NCC
NNNNC(N)C(C)NN
NNNNC(N)C(N)(C)N
NNNNC(N)C(N)CN
NNNNC(N)C(N)NC
NNNNC(N)CC(N)N
NNNNC(N)CCNN
NNNNC(N)CNCN
NNNNC(N)CNNC
NNNNC(N)N(C)CN
NNNNC(N)N(C)NC
NNNNC(N)N(N)CC
NNNNC(N)NC(C)N
NNNNC(N)NCCN
NNNNC(N)NCNC
NNNNC(N)NN(C)C
NNNNC(N)NNCC
NNNNC(NC)(C)NN
NNNNC(NC)(N)NC
NNNNC(NC)CNN
NNNNC(NC)NCN
NNNNC(NC)NNC
NNNNC(NN)CCN
NNNNC(NN)CNC
NNNNC(NN)N(C)C
NNNNC(NN)NCC
NNNNCC(C)NNN
NNNNCC(CN)NN
NNNNCC(N)(C)NN
NNNNCC(N)(N)CN
NNNNCC(N)(N)NC
NNNNCC(N)C(N)N
NNNNCC(N)CNN
NNNNCC(N)NCN
NNNNCC(N)NNC
NNNNCC(NC)NN
NNNNCCC(N)(N)N
NNNNCCC(N)NN
NNNNCCCNNN
NNNNCCN(N)CN
NNNNCCN(N)NC
NNNNCCNC(N)N
NNNNCCNCNN
NNNNCCNNCN
NNNNCCNNNC
NNNNCN(C)C(N)N
NNNNCN(C)CNN
NNNNCN(C)NCN
NNNNCN(C)NNC
NNNNCN(CN)CN
NNNNCN(CN)NC
NNNNCN(N)C(C)N
NNNNCN(N)CCN
NNNNCN(N)CNC
NNNNCN(N)N(C)C
NNNNCN(N)NCC
NNNNCN(NC)NC
NNNNCNC(C)NN
NNNNCNC(N)(C)N
NNNNCNC(N)CN
NNNNCNC(N)NC
NNNNCNCC(N)N
NNNNCNCCNN
NNNNCNCNCN
NNNNCNCNNC
NNNNCNN(C)CN
NNNNCNN(C)NC
NNNNCNN(N)CC
NNNNCNNC(C)N
NNNNCNNCCN
NNNNCNNCNC
NNNNCNNN(C)C
NNNNCNNNCC
NNNNN(C(C)N)NC
NNNNN(C)C(C)NN
NNNNN(C)C(N)(C)N
NNNNN(C)C(N)CN
NNNNN(C)C(N)NC
NNNNN(C)CC(N)N
NNNNN(C)CCNN
NNNNN(C)CNCN
NNNNN(C)CNNC
NNNNN(C)N(C)CN
NNNNN(C)N(C)NC
NNNNN(C)N(N)CC
NNNNN(C)NC(C)N
NNNNN(C)NCCN
NNNNN(C)NCNC
NNNNN(C)NN(C)C
NNNNN(C)NNCC
NNNNN(CC)C(N)N
NNNNN(CC)CNN
NNNNN(CC)NCN
NNNNN(CC)NNC
NNNNN(CN)C(C)N
NNNNN(CN)CCN
NNNNN(CN)CNC
NNNNN(CN)N(C)C
NNNNN(CN)NCC
NNNNN(N)C(C)(C)N
NNNNN(N)C(C)CN
NNNNN(N)C(C)NC
NNNNN(N)C(N)CC
NNNNN(N)CC(C)N
NNNNN(N)CCCN
NNNNN(N)CCNC
NNNNN(N)CN(C)C
NNNNN(N)CNCC
NNNNN(N)N(C)CC
NNNNN(N)NC(C)C
NNNNN(N)NCCC
NNNNN(NC)CCN
NNNNN(NC)CNC
NNNNN(NC)N(C)C
NNNNN(NC)NCC
NNNNN(NN)CCC
NNNNNC(C)(C)NN
NNNNNC(C)C(N)N
NNNNNC(C)CNN
NNNNNC(C)NCN
NNNNNC(C)NNC
NNNNNC(CC)NN
NNNNNC(CN)CN
NNNNNC(CN)NC
NNNNNC(N)(C)CN
NNNNNC(N)(C)NC
NNNNNC(N)(N)CC
NNNNNC(N)C(C)N
NNNNNC(N)CCN
NNNNNC(N)CNC
NNNNNC(N)N(C)C
NNNNNC(N)NCC
NNNNNC(NC)NC
NNNNNCC(C)NN
NNNNNCC(N)(C)N
NNNNNCC(N)CN
NNNNNCC(N)NC
NNNNNCCC(N)N
NNNNNCCCNN
NNNNNCCNCN
NNNNNCCNNC
NNNNNCN(C)CN
NNNNNCN(C)NC
NNNNNCN(N)CC
NNNNNCNC(C)N
NNNNNCNCCN
NNNNNCNCNC
NNNNNCNN(C)C
NNNNNCNNCC
NNNNNN(C)C(C)N
NNNNNN(C)CCN
NNNNNN(C)CNC
NNNNNN(C)N(C)C
NNNNNN(C)NCC
NNNNNN(CC)CN
NNNNNN(CC)NC
NNNNNN(N)C(C)C
NNNNNN(N)CCC
NNNNNNC(C)(C)N
NNNNNNC(C)CN
NNNNNNC(C)NC
NNNNNNC(N)CC
NNNNNNCC(C)N
NNNNNNCCCN
NNNNNNCCNC
NNNNNNCN(C)C
NNNNNNCNCC
NNNNNNN(C)CC
NNNNNNNC(C)C
NNNNNNNCCC
