COOC(OO)(O)OOC
COOOC(O)(O)OOC
COOOC(O)OOOC
COOOC(OO)OOC
COOOOC(O)(O)OC
COOOOC(O)OOC
COOOOCOOOC
COOOOOC(O)OC
COOOOOCOOC
COOOOOOCOC
COOOOOOOCC
OC(C)OOOOOCO
OC(C)OOOOOOC
OC(O)(C)OOOC(O)O
OC(O)(C)OOOOCO
OC(O)(C)OOOOOC
OC(O)(O)C(O)(O)C(O)O
OC(O)(O)C(O)(O)OCO
OC(O)(O)C(O)(O)OOC
OC(O)(O)C(O)C(O)(O)O
OC(O)(O)C(O)OC(O)O
OC(O)(O)C(O)OOCO
OC(O)(O)C(O)OOOC
OC(O)(O)COOC(O)O
OC(O)(O)COOOCO
OC(O)(O)COOOOC
OC(O)(O)OC(O)(O)CO
OC(O)(O)OC(O)(O)OC
OC(O)(O)OC(O)C(O)O
OC(O)(O)OC(O)OCO
OC(O)(O)OC(O)OOC
OC(O)(O)OCC(O)(O)O
OC(O)(O)OCOC(O)O
OC(O)(O)OCOOCO
OC(O)(O)OCOOOC
OC(O)(O)OOC(O)(C)O
OC(O)(O)OOC(O)CO
OC(O)(O)OOC(O)OC
OC(O)(O)OOCC(O)O
OC(O)(O)OOCOCO
OC(O)(O)OOCOOC
OC(O)(O)OOOC(C)O
OC(O)(O)OOOCCO
OC(O)(O)OOOCOC
OC(O)(O)OOOOCC
OC(O)C(O)(O)OOCO
OC(O)C(O)(O)OOOC
OC(O)C(O)OOOCO
OC(O)C(O)OOOOC
OC(O)COOOOCO
OC(O)COOOOOC
OC(O)OC(O)(O)C(O)O
OC(O)OC(O)(O)OCO
OC(O)OC(O)(O)OOC
OC(O)OC(O)OC(O)O
OC(O)OC(O)OOCO
OC(O)OC(O)OOOC
OC(O)OC(OO)OCO
OC(O)OC(OO)OOC
OC(O)OCOOOCO
OC(O)OCOOOOC
OC(O)OOC(O)(O)CO
OC(O)OOC(O)(O)OC
OC(O)OOC(O)C(O)O
OC(O)OOC(O)OCO
OC(O)OOC(O)OOC
OC(O)OOCOC(O)O
OC(O)OOCOOCO
OC(O)OOCOOOC
OC(O)OOOC(O)CO
OC(O)OOOC(O)OC
OC(O)OOOCC(O)O
OC(O)OOOCOCO
OC(O)OOOCOOC
OC(O)OOOOC(C)O
OC(O)OOOOCCO
OC(O)OOOOCOC
OC(O)OOOOOCC
OCC(O)(O)OOOOC
OCC(O)OOOOOC
OCCOOOOOOC
OCOC(O)(O)OOOC
OCOC(O)OOOOC
OCOC(OO)(O)OCO
OCOC(OO)(O)OOC
OCOC(OO)OOOC
OCOCOOOOOC
OCOOC(O)(O)OCO
OCOOC(O)(O)OOC
OCOOC(O)OOCO
OCOOC(O)OOOC
OCOOC(OO)OCO
OCOOC(OO)OOC
OCOOCOOOOC
OCOOOC(O)(O)CO
OCOOOC(O)(O)OC
OCOOOC(O)OCO
OCOOOC(O)OOC
OCOOOCOOCO
OCOOOCOOOC
OCOOOOC(O)CO
OCOOOOC(O)OC
OCOOOOCOCO
OCOOOOCOOC
OCOOOOOCCO
OCOOOOOCOC
OCOOOOOOCC
OOC(C(O)(C)O)(O)OO
OOC(C(O)(O)O)(C)OO
OOC(C(O)(O)O)(O)OC
OOC(C(O)(O)O)COO
OOC(C(O)(O)O)OCO
OOC(C(O)(O)O)OOC
OOC(C(O)O)(CO)OO
OOC(C(O)O)(O)C(O)O
OOC(C(O)O)(O)COO
OOC(C(O)O)(O)OCO
OOC(C(O)O)(O)OOC
OOC(C(O)O)C(O)(O)O
OOC(C(O)O)C(O)OO
OOC(C(O)O)OC(O)O
OOC(C(O)O)OCOO
OOC(C(O)O)OOCO
OOC(C(O)O)OOOC
OOC(C)OOC(O)(O)O
OOC(C)OOOC(O)O
OOC(C)OOOCOO
OOC(C)OOOOCO
OOC(C)OOOOOC
OOC(CO)(O)C(O)(O)O
OOC(CO)(O)C(O)OO
OOC(CO)(O)OC(O)O
OOC(CO)(O)OCOO
OOC(CO)(O)OOCO
OOC(CO)(O)OOOC
OOC(CO)OC(O)(O)O
OOC(CO)OC(O)OO
OOC(CO)OOC(O)O
OOC(CO)OOCOO
OOC(CO)OOOCO
OOC(CO)OOOOC
OOC(O)(C)C(OO)OO
OOC(O)(C)OC(O)(O)O
OOC(O)(C)OC(O)OO
OOC(O)(C)OOC(O)O
OOC(O)(C)OOCOO
OOC(O)(C)OOOCO
OOC(O)(C)OOOOC
OOC(O)(O)C(CO)OO
OOC(O)(O)C(O)(C)OO
OOC(O)(O)C(O)(O)CO
OOC(O)(O)C(O)(O)OC
OOC(O)(O)C(O)C(O)O
OOC(O)(O)C(O)COO
OOC(O)(O)C(O)OCO
OOC(O)(O)C(O)OOC
OOC(O)(O)C(OC)OO
OOC(O)(O)CC(O)(O)O
OOC(O)(O)CC(O)OO
OOC(O)(O)COC(O)O
OOC(O)(O)COCOO
OOC(O)(O)COOCO
OOC(O)(O)COOOC
OOC(O)(O)OC(C)OO
OOC(O)(O)OC(O)(C)O
OOC(O)(O)OC(O)CO
OOC(O)(O)OC(O)OC
OOC(O)(O)OCC(O)O
OOC(O)(O)OCCOO
OOC(O)(O)OCOCO
OOC(O)(O)OCOOC
OOC(O)(O)OOC(C)O
OOC(O)(O)OOCCO
OOC(O)(O)OOCOC
OOC(O)(O)OOOCC
OOC(O)C(O)(O)C(O)O
OOC(O)C(O)(O)COO
OOC(O)C(O)(O)OCO
OOC(O)C(O)(O)OOC
OOC(O)C(O)C(O)(O)O
OOC(O)C(O)C(O)OO
OOC(O)C(O)OC(O)O
OOC(O)C(O)OCOO
OOC(O)C(O)OOCO
OOC(O)C(O)OOOC
OOC(O)C(OO)COO
OOC(O)C(OO)OCO
OOC(O)C(OO)OOC
OOC(O)COC(O)(O)O
OOC(O)COOC(O)O
OOC(O)COOCOO
OOC(O)COOOCO
OOC(O)COOOOC
OOC(O)OC(O)(O)CO
OOC(O)OC(O)(O)OC
OOC(O)OC(O)C(O)O
OOC(O)OC(O)COO
OOC(O)OC(O)OCO
OOC(O)OC(O)OOC
OOC(O)OCC(O)(O)O
OOC(O)OCC(O)OO
OOC(O)OCOC(O)O
OOC(O)OCOCOO
OOC(O)OCOOCO
OOC(O)OCOOOC
OOC(O)OOC(C)OO
OOC(O)OOC(O)(C)O
OOC(O)OOC(O)CO
OOC(O)OOC(O)OC
OOC(O)OOCC(O)O
OOC(O)OOCCOO
OOC(O)OOCOCO
OOC(O)OOCOOC
OOC(O)OOOC(C)O
OOC(O)OOOCCO
OOC(O)OOOCOC
OOC(O)OOOOCC
OOC(OC)(C(O)O)OO
OOC(OC)(O)C(O)OO
OOC(OC)(O)OC(O)O
OOC(OC)(O)OCOO
OOC(OC)(O)OOCO
OOC(OC)(O)OOOC
OOC(OC)OC(O)(O)O
OOC(OC)OC(O)OO
OOC(OC)OOC(O)O
OOC(OC)OOCOO
OOC(OC)OOOCO
OOC(OC)OOOOC
OOC(OO)(C(C)O)OO
OOC(OO)(C)C(O)OO
OOC(OO)(C)OC(O)O
OOC(OO)(C)OCOO
OOC(OO)(C)OOCO
OOC(OO)(C)OOOC
OOC(OO)(CO)COO
OOC(OO)(CO)OCO
OOC(OO)(CO)OOC
OOC(OO)(O)C(C)OO
OOC(OO)(O)C(O)CO
OOC(OO)(O)C(O)OC
OOC(OO)(O)CC(O)O
OOC(OO)(O)CCOO
OOC(OO)(O)COCO
OOC(OO)(O)COOC
OOC(OO)(O)OC(C)O
OOC(OO)(O)OCCO
OOC(OO)(O)OCOC
OOC(OO)(O)OOCC
OOC(OO)(OC)COO
OOC(OO)(OC)OCO
OOC(OO)(OC)OOC
OOC(OO)(OO)CCO
OOC(OO)(OO)COC
OOC(OO)(OO)OCC
OOC(OO)C(CO)OO
OOC(OO)C(O)(O)CO
OOC(OO)C(O)(O)OC
OOC(OO)C(O)C(O)O
OOC(OO)C(O)COO
OOC(OO)C(O)OCO
OOC(OO)C(O)OOC
OOC(OO)C(OC)OO
OOC(OO)CC(O)(O)O
OOC(OO)CC(O)OO
OOC(OO)COC(O)O
OOC(OO)COCOO
OOC(OO)COOCO
OOC(OO)COOOC
OOC(OO)OC(C)OO
OOC(OO)OC(O)(C)O
OOC(OO)OC(O)CO
OOC(OO)OC(O)OC
OOC(OO)OCC(O)O
OOC(OO)OCCOO
OOC(OO)OCOCO
OOC(OO)OCOOC
OOC(OO)OOC(C)O
OOC(OO)OOCCO
OOC(OO)OOCOC
OOC(OO)OOOCC
OOCC(O)(O)C(O)(O)O
OOCC(O)(O)OC(O)O
OOCC(O)(O)OOCO
OOCC(O)(O)OOOC
OOCC(O)OC(O)(O)O
OOCC(O)OOC(O)O
OOCC(O)OOOCO
OOCC(O)OOOOC
OOCC(OO)(O)COO
OOCC(OO)(O)OCO
OOCC(OO)(O)OOC
OOCC(OO)OC(O)O
OOCC(OO)OOCO
OOCC(OO)OOOC
OOCCOOC(O)(O)O
OOCCOOOC(O)O
OOCCOOOOCO
OOCCOOOOOC
OOCOC(O)(O)C(O)O
OOCOC(O)(O)COO
OOCOC(O)(O)OCO
OOCOC(O)(O)OOC
OOCOC(O)C(O)(O)O
OOCOC(O)OC(O)O
OOCOC(O)OCOO
OOCOC(O)OOCO
OOCOC(O)OOOC
OOCOC(OO)COO
OOCOC(OO)OCO
OOCOC(OO)OOC
OOCOCOC(O)(O)O
OOCOCOOC(O)O
OOCOCOOOCO
OOCOCOOOOC
OOCOOC(O)(O)CO
OOCOOC(O)(O)OC
OOCOOC(O)C(O)O
OOCOOC(O)COO
OOCOOC(O)OCO
OOCOOC(O)OOC
OOCOOCC(O)(O)O
OOCOOCOC(O)O
OOCOOCOCOO
OOCOOCOOCO
OOCOOCOOOC
OOCOOOC(O)(C)O
OOCOOOC(O)CO
OOCOOOC(O)OC
OOCOOOCC(O)O
OOCOOOCCOO
OOCOOOCOCO
OOCOOOCOOC
OOCOOOOC(C)O
OOCOOOOCCO
OOCOOOOCOC
OOCOOOOOCC
OOOC(C(C)O)(O)OO
OOOC(C(C)O)OOO
OOOC(C(O)(C)O)OO
OOOC(C(O)(O)O)OC
OOOC(C(O)O)(C)OO
OOOC(C(O)O)(O)OC
OOOC(C(O)O)C(O)O
OOOC(C(O)O)COO
OOOC(C(O)O)OCO
OOOC(C(O)O)OOC
OOOC(C)C(O)(O)OO
OOOC(C)C(OO)OO
OOOC(C)OC(O)(O)O
OOOC(C)OC(O)OO
OOOC(C)OCOOO
OOOC(C)OOC(O)O
OOOC(C)OOCOO
OOOC(C)OOOCO
OOOC(C)OOOOC
OOOC(CC)(O)OOO
OOOC(CCO)OOO
OOOC(CO)(C)OOO
OOOC(CO)(CO)OO
OOOC(CO)(O)C(O)O
OOOC(CO)(O)COO
OOOC(CO)(O)OCO
OOOC(CO)(O)OOC
OOOC(CO)C(O)(O)O
OOOC(CO)C(O)OO
OOOC(CO)COOO
OOOC(CO)OC(O)O
OOOC(CO)OCOO
OOOC(CO)OOCO
OOOC(CO)OOOC
OOOC(COC)OOO
OOOC(COO)COO
OOOC(COO)OCO
OOOC(COO)OOC
OOOC(O)(C)C(O)(O)O
OOOC(O)(C)C(O)OO
OOOC(O)(C)COOO
OOOC(O)(C)OC(O)O
OOOC(O)(C)OCOO
OOOC(O)(C)OOCO
OOOC(O)(C)OOOC
OOOC(O)(O)C(C)OO
OOOC(O)(O)C(O)(C)O
OOOC(O)(O)C(O)CO
OOOC(O)(O)C(O)OC
OOOC(O)(O)CC(O)O
OOOC(O)(O)CCOO
OOOC(O)(O)COCO
OOOC(O)(O)COOC
OOOC(O)(O)OC(C)O
OOOC(O)(O)OCCO
OOOC(O)(O)OCOC
OOOC(O)(O)OOCC
OOOC(O)C(C)OOO
OOOC(O)C(CO)OO
OOOC(O)C(O)(C)OO
OOOC(O)C(O)(O)CO
OOOC(O)C(O)(O)OC
OOOC(O)C(O)C(O)O
OOOC(O)C(O)COO
OOOC(O)C(O)OCO
OOOC(O)C(O)OOC
OOOC(O)C(OC)OO
OOOC(O)CC(O)(O)O
OOOC(O)CC(O)OO
OOOC(O)CCOOO
OOOC(O)COC(O)O
OOOC(O)COCOO
OOOC(O)COOCO
OOOC(O)COOOC
OOOC(O)OC(C)OO
OOOC(O)OC(O)(C)O
OOOC(O)OC(O)CO
OOOC(O)OC(O)OC
OOOC(O)OCC(O)O
OOOC(O)OCCOO
OOOC(O)OCOCO
OOOC(O)OCOOC
OOOC(O)OOC(C)O
OOOC(O)OOCCO
OOOC(O)OOCOC
OOOC(O)OOOCC
OOOC(OC)(C)OOO
OOOC(OC)(CO)OO
OOOC(OC)(O)COO
OOOC(OC)(O)OCO
OOOC(OC)(O)OOC
OOOC(OC)(OC)OO
OOOC(OC)C(O)OO
OOOC(OC)COOO
OOOC(OC)OC(O)O
OOOC(OC)OCOO
OOOC(OC)OOCO
OOOC(OC)OOOC
OOOC(OCC)OOO
OOOC(OCO)OCO
OOOC(OCO)OOC
OOOC(OO)(C)COO
OOOC(OO)(C)OCO
OOOC(OO)(C)OOC
OOOC(OO)(CC)OO
OOOC(OO)(O)CCO
OOOC(OO)(O)COC
OOOC(OO)(O)OCC
OOOC(OO)C(C)OO
OOOC(OO)C(O)CO
OOOC(OO)C(O)OC
OOOC(OO)CC(O)O
OOOC(OO)CCOO
OOOC(OO)COCO
OOOC(OO)COOC
OOOC(OO)OC(C)O
OOOC(OO)OCCO
OOOC(OO)OCOC
OOOC(OO)OOCC
OOOC(OOC)OOC
OOOCC(C(O)O)OO
OOOCC(CO)(O)OO
OOOCC(O)(O)C(O)O
OOOCC(O)(O)COO
OOOCC(O)(O)OCO
OOOCC(O)(O)OOC
OOOCC(O)C(O)(O)O
OOOCC(O)C(O)OO
OOOCC(O)COOO
OOOCC(O)OC(O)O
OOOCC(O)OCOO
OOOCC(O)OOCO
OOOCC(O)OOOC
OOOCC(OC)(O)OO
OOOCC(OO)(C)OO
OOOCC(OO)COO
OOOCC(OO)OCO
OOOCC(OO)OOC
OOOCCC(O)(O)OO
OOOCCC(OO)OO
OOOCCOC(O)(O)O
OOOCCOC(O)OO
OOOCCOOC(O)O
OOOCCOOCOO
OOOCCOOOCO
OOOCCOOOOC
OOOCOC(CO)OO
OOOCOC(O)(C)OO
OOOCOC(O)(O)CO
OOOCOC(O)(O)OC
OOOCOC(O)C(O)O
OOOCOC(O)COO
OOOCOC(O)OCO
OOOCOC(O)OOC
OOOCOC(OC)OO
OOOCOCC(O)(O)O
OOOCOCC(O)OO
OOOCOCCOOO
OOOCOCOC(O)O
OOOCOCOCOO
OOOCOCOOCO
OOOCOCOOOC
OOOCOOC(C)OO
OOOCOOC(O)(C)O
OOOCOOC(O)CO
OOOCOOC(O)OC
OOOCOOCC(O)O
OOOCOOCCOO
OOOCOOCOCO
OOOCOOCOOC
OOOCOOOC(C)O
OOOCOOOCCO
OOOCOOOCOC
OOOCOOOOCC
OOOOC(C(C)O)OO
OOOOC(C(O)O)OC
OOOOC(C)(C)OOO
OOOOC(C)C(O)(O)O
OOOOC(C)C(O)OO
OOOOC(C)COOO
OOOOC(C)OC(O)O
OOOOC(C)OCOO
OOOOC(C)OOCO
OOOOC(C)OOOC
OOOOC(CC)(O)OO
OOOOC(CC)OOO
OOOOC(CO)(C)OO
OOOOC(CO)(O)CO
OOOOC(CO)(O)OC
OOOOC(CO)C(O)O
OOOOC(CO)COO
OOOOC(CO)OCO
OOOOC(CO)OOC
OOOOC(O)(C)C(O)O
OOOOC(O)(C)COO
OOOOC(O)(C)OCO
OOOOC(O)(C)OOC
OOOOC(O)(O)C(C)O
OOOOC(O)(O)CCO
OOOOC(O)(O)COC
OOOOC(O)(O)OCC
OOOOC(O)C(C)OO
OOOOC(O)C(O)(C)O
OOOOC(O)C(O)CO
OOOOC(O)C(O)OC
OOOOC(O)CC(O)O
OOOOC(O)CCOO
OOOOC(O)COCO
OOOOC(O)COOC
OOOOC(O)OC(C)O
OOOOC(O)OCCO
OOOOC(O)OCOC
OOOOC(O)OOCC
OOOOC(OC)(C)OO
OOOOC(OC)(O)OC
OOOOC(OC)COO
OOOOC(OC)OCO
OOOOC(OC)OOC
OOOOC(OO)CCO
OOOOC(OO)COC
OOOOC(OO)OCC
OOOOCC(C)OOO
OOOOCC(CO)OO
OOOOCC(O)(C)OO
OOOOCC(O)(O)CO
OOOOCC(O)(O)OC
OOOOCC(O)C(O)O
OOOOCC(O)COO
OOOOCC(O)OCO
OOOOCC(O)OOC
OOOOCC(OC)OO
OOOOCCC(O)(O)O
OOOOCCC(O)OO
OOOOCCCOOO
OOOOCCOC(O)O
OOOOCCOCOO
OOOOCCOOCO
OOOOCCOOOC
OOOOCOC(C)OO
OOOOCOC(O)(C)O
OOOOCOC(O)CO
OOOOCOC(O)OC
OOOOCOCC(O)O
OOOOCOCCOO
OOOOCOCOCO
OOOOCOCOOC
OOOOCOOC(C)O
OOOOCOOCCO
OOOOCOOCOC
OOOOCOOOCC
OOOOOC(C)(C)OO
OOOOOC(C)C(O)O
OOOOOC(C)COO
OOOOOC(C)OCO
OOOOOC(C)OOC
OOOOOC(CC)OO
OOOOOC(CO)CO
OOOOOC(CO)OC
OOOOOC(O)(C)CO
OOOOOC(O)(C)OC
OOOOOC(O)(O)CC
OOOOOC(O)C(C)O
OOOOOC(O)CCO
OOOOOC(O)COC
OOOOOC(O)OCC
OOOOOC(OC)OC
OOOOOCC(C)OO
OOOOOCC(O)(C)O
OOOOOCC(O)CO
OOOOOCC(O)OC
OOOOOCCC(O)O
OOOOOCCCOO
OOOOOCCOCO
OOOOOCCOOC
OOOOOCOC(C)O
OOOOOCOCCO
OOOOOCOCOC
OOOOOCOOCC
OOOOOOC(C)(C)O
OOOOOOC(C)CO
OOOOOOC(C)OC
OOOOOOC(O)CC
OOOOOOCC(C)O
OOOOOOCCCO
OOOOOOCCOC
OOOOOOCOCC
OOOOOOOC(C)C
OOOOOOOCCC
