ClC(Cl)(C)C(Cl)(Cl)C(Cl)Cl
ClC(Cl)(Cl)C(C)C(Cl)(Cl)Cl
ClC(Cl)(Cl)C(CCl)(Cl)CCl
ClC(Cl)(Cl)C(CCl)C(Cl)Cl
ClC(Cl)(Cl)C(Cl)(C)C(Cl)Cl
ClC(Cl)(Cl)C(Cl)(Cl)C(C)Cl
ClC(Cl)(Cl)C(Cl)(Cl)CCCl
ClC(Cl)(Cl)C(Cl)C(Cl)(C)Cl
ClC(Cl)(Cl)C(Cl)C(Cl)CCl
ClC(Cl)(Cl)C(Cl)CC(Cl)Cl
ClC(Cl)(Cl)CC(Cl)(Cl)CCl
ClC(Cl)(Cl)CC(Cl)C(Cl)Cl
ClC(Cl)(Cl)CCC(Cl)(Cl)Cl
ClC(Cl)C(C(Cl)Cl)C(Cl)Cl
ClC(Cl)C(CCl)(Cl)C(Cl)Cl
ClC(Cl)C(Cl)(Cl)C(Cl)CCl
ClC(Cl)C(Cl)(Cl)CC(Cl)Cl
ClC(Cl)C(Cl)C(Cl)(Cl)CCl
ClC(Cl)C(Cl)C(Cl)C(Cl)Cl
ClCC(Cl)(Cl)C(Cl)(Cl)CCl
