CCN(N)N(N)N(N)CC
CCN(N)N(N)NNCC
CCN(N)N(NN)NCC
CCN(N)NN(N)NCC
CCN(N)NNN(N)CC
CCN(N)NNNNCC
CCNN(N(N)N)NCC
CCNN(N)N(N)NCC
CCNN(N)NNNCC
CCNN(NN)NNCC
CCNNN(N)NNCC
CCNNNNNNCC
CN(C)C(N)(N)N(N)NC
CN(C)C(N)(N)NNNC
CN(C)C(N)N(N)NNC
CN(C)C(N)NN(N)NC
CN(C)C(N)NNNNC
CN(C)CN(N)N(N)NC
CN(C)CN(N)NNNC
CN(C)CN(NN)NNC
CN(C)CNN(N)NNC
CN(C)CNNN(N)NC
CN(C)CNNNNNC
CN(C)N(C)N(N)NNC
CN(C)N(C)NN(N)NC
CN(C)N(C)NNNNC
CN(C)N(N)C(N)(N)NC
CN(C)N(N)C(N)NNC
CN(C)N(N)CN(N)NC
CN(C)N(N)CNNNC
CN(C)N(N)N(C)NNC
CN(C)N(N)N(N)CNC
CN(C)N(N)N(N)N(C)C
CN(C)N(N)N(N)NCC
CN(C)N(N)N(NC)NC
CN(C)N(N)NC(N)NC
CN(C)N(N)NCNNC
CN(C)N(N)NN(C)NC
CN(C)N(N)NN(N)CC
CN(C)N(N)NNCNC
CN(C)N(N)NNN(C)C
CN(C)N(N)NNNCC
CN(C)N(NC)N(N)NC
CN(C)N(NC)NNNC
CN(C)NC(N)(N)NNC
CN(C)NC(N)N(N)NC
CN(C)NC(N)NNNC
CN(C)NC(NN)NNC
CN(C)NCN(N)NNC
CN(C)NCNN(N)NC
CN(C)NCNNNNC
CN(C)NN(C)N(N)NC
CN(C)NN(C)NNNC
CN(C)NN(CN)NNC
CN(C)NN(N)C(N)NC
CN(C)NN(N)CNNC
CN(C)NN(N)N(C)NC
CN(C)NN(N)N(N)CC
CN(C)NN(N)NCNC
CN(C)NN(N)NN(C)C
CN(C)NN(N)NNCC
CN(C)NN(NC)NNC
CN(C)NN(NN)CNC
CN(C)NN(NN)NCC
CN(C)NNC(N)(N)NC
CN(C)NNC(N)NNC
CN(C)NNCN(N)NC
CN(C)NNCNNNC
CN(C)NNN(C)NNC
CN(C)NNN(N)CNC
CN(C)NNN(N)NCC
CN(C)NNN(NC)NC
CN(C)NNNC(N)NC
CN(C)NNNCNNC
CN(C)NNNN(C)NC
CN(C)NNNN(N)CC
CN(C)NNNNCNC
CN(C)NNNNN(C)C
CN(C)NNNNNCC
CNC(N)(N)C(N)(N)NC
CNC(N)(N)N(N)CNC
CNC(N)(N)N(N)NCC
CNC(N)(N)NC(N)NC
CNC(N)(N)NN(N)CC
CNC(N)(N)NNCNC
CNC(N)(N)NNNCC
CNC(N)N(N)C(N)NC
CNC(N)N(N)N(N)CC
CNC(N)N(N)NCNC
CNC(N)N(N)NNCC
CNC(N)N(NN)CNC
CNC(N)N(NN)NCC
CNC(N)NN(N)CNC
CNC(N)NN(N)NCC
CNC(N)NNC(N)NC
CNC(N)NNN(N)CC
CNC(N)NNNCNC
CNC(N)NNNNCC
CNCN(N(N)N)CNC
CNCN(N(N)N)NCC
CNCN(N)N(N)CNC
CNCN(N)N(N)NCC
CNCN(N)NN(N)CC
CNCN(N)NNCNC
CNCN(N)NNNCC
CNCN(NN)N(N)CC
CNCN(NN)NCNC
CNCN(NN)NNCC
CNCNN(N)N(N)CC
CNCNN(N)NCNC
CNCNN(N)NNCC
CNCNN(NN)NCC
CNCNNN(N)NCC
CNCNNNN(N)CC
CNCNNNNCNC
CNCNNNNNCC
CNN(C)C(N)(N)NNC
CNN(C)C(N)NNNC
CNN(C)C(NN)NNC
CNN(C)CN(N)NNC
CNN(C)CNNNNC
CNN(C)N(C)NNNC
CNN(C)N(CN)NNC
CNN(C)N(N)C(N)NC
CNN(C)N(N)CNNC
CNN(C)N(N)N(C)NC
CNN(C)N(N)N(N)CC
CNN(C)N(N)NCNC
CNN(C)N(N)NNCC
CNN(C)N(NC)NNC
CNN(C)N(NN)CNC
CNN(C)N(NN)NCC
CNN(C)NC(N)(N)NC
CNN(C)NC(N)NNC
CNN(C)NCNNNC
CNN(C)NN(C)NNC
CNN(C)NN(N)CNC
CNN(C)NN(N)NCC
CNN(C)NNC(N)NC
CNN(C)NNCNNC
CNN(C)NNN(C)NC
CNN(C)NNN(N)CC
CNN(C)NNNCNC
CNN(C)NNNNCC
CNN(CC)N(N)NNC
CNN(CC)NN(N)NC
CNN(CC)NNNNC
CNN(N)C(C)N(N)NC
CNN(N)C(C)NNNC
CNN(N)C(CN)NNC
CNN(N)C(N)(C)NNC
CNN(N)C(N)(N)CNC
CNN(N)C(N)(N)NCC
CNN(N)C(N)C(N)NC
CNN(N)C(N)CNNC
CNN(N)C(N)N(C)NC
CNN(N)C(N)N(N)CC
CNN(N)C(N)NCNC
CNN(N)C(N)NNCC
CNN(N)C(NC)(N)NC
CNN(N)C(NC)NNC
CNN(N)C(NN)CNC
CNN(N)C(NN)NCC
CNN(N)CC(N)(N)NC
CNN(N)CC(N)NNC
CNN(N)CCN(N)NC
CNN(N)CCNNNC
CNN(N)CN(C)NNC
CNN(N)CN(N)CNC
CNN(N)CN(N)NCC
CNN(N)CNC(N)NC
CNN(N)CNCNNC
CNN(N)CNN(C)NC
CNN(N)CNN(N)CC
CNN(N)CNNCNC
CNN(N)CNNNCC
CNN(N)N(C)C(N)NC
CNN(N)N(C)CNNC
CNN(N)N(C)N(C)NC
CNN(N)N(C)N(N)CC
CNN(N)N(C)NCNC
CNN(N)N(C)NNCC
CNN(N)N(CC)NNC
CNN(N)N(CN)CNC
CNN(N)N(CN)NCC
CNN(N)N(N)C(C)NC
CNN(N)N(N)C(N)CC
CNN(N)N(N)CCNC
CNN(N)N(N)CNCC
CNN(N)N(N)N(C)CC
CNN(N)N(N)NC(C)C
CNN(N)N(N)NCCC
CNN(N)N(NC)CNC
CNN(N)N(NC)NCC
CNN(N)N(NN)CCC
CNN(N)NC(C)NNC
CNN(N)NC(N)(C)NC
CNN(N)NC(N)(N)CC
CNN(N)NC(N)CNC
CNN(N)NC(N)NCC
CNN(N)NC(NC)NC
CNN(N)NCC(N)NC
CNN(N)NCCNNC
CNN(N)NCN(C)NC
CNN(N)NCN(N)CC
CNN(N)NCNCNC
CNN(N)NCNNCC
CNN(N)NN(C)CNC
CNN(N)NN(C)NCC
CNN(N)NN(N)C(C)C
CNN(N)NN(N)CCC
CNN(N)NNC(C)NC
CNN(N)NNC(N)CC
CNN(N)NNCCNC
CNN(N)NNCNCC
CNN(N)NNN(C)CC
CNN(N)NNNC(C)C
CNN(N)NNNCCC
CNN(NC)C(N)(N)NC
CNN(NC)C(N)NNC
CNN(NC)CN(N)NC
CNN(NC)CNNNC
CNN(NC)N(C)NNC
CNN(NC)N(N)CNC
CNN(NC)N(N)NCC
CNN(NC)N(NC)NC
CNN(NC)NC(N)NC
CNN(NC)NCNNC
CNN(NC)NN(C)NC
CNN(NC)NN(N)CC
CNN(NC)NNCNC
CNN(NC)NNNCC
CNNC(C(N)N)NNC
CNNC(CN)(N)NNC
CNNC(N(C)N)NNC
CNNC(N(N)N)CNC
CNNC(N(N)N)NCC
CNNC(N)(N)C(N)NC
CNNC(N)(N)CNNC
CNNC(N)(N)N(N)CC
CNNC(N)(N)NCNC
CNNC(N)(N)NNCC
CNNC(N)C(N)(N)NC
CNNC(N)C(N)NNC
CNNC(N)N(N)CNC
CNNC(N)N(N)NCC
CNNC(N)NC(N)NC
CNNC(N)NCNNC
CNNC(N)NN(N)CC
CNNC(N)NNCNC
CNNC(N)NNNCC
CNNC(NC)(N)NNC
CNNC(NN)(C)NNC
CNNC(NN)(N)CNC
CNNC(NN)(N)NCC
CNNC(NN)C(N)NC
CNNC(NN)CNNC
CNNC(NN)N(N)CC
CNNC(NN)NCNC
CNNC(NN)NNCC
CNNC(NNC)NNC
CNNCN(N)C(N)NC
CNNCN(N)CNNC
CNNCN(N)N(N)CC
CNNCN(N)NCNC
CNNCN(N)NNCC
CNNCN(NN)CNC
CNNCN(NN)NCC
CNNCNC(N)(N)NC
CNNCNN(N)CNC
CNNCNN(N)NCC
CNNCNNC(N)NC
CNNCNNCNNC
CNNCNNN(N)CC
CNNCNNNCNC
CNNCNNNNCC
CNNN(C(C)N)NNC
CNNN(C(N)N)CNC
CNNN(C(N)N)NCC
CNNN(C)C(N)(N)NC
CNNN(C)C(N)NNC
CNNN(C)CNNNC
CNNN(C)N(C)NNC
CNNN(C)N(N)CNC
CNNN(C)N(N)NCC
CNNN(C)NC(N)NC
CNNN(C)NCNNC
CNNN(C)NN(N)CC
CNNN(C)NNCNC
CNNN(C)NNNCC
CNNN(CC)NNNC
CNNN(CN)C(N)NC
CNNN(CN)CNNC
CNNN(CN)N(N)CC
CNNN(CN)NCNC
CNNN(CN)NNCC
CNNN(CNC)NNC
CNNN(N(C)C)NNC
CNNN(N(C)N)CNC
CNNN(N(C)N)NCC
CNNN(N(N)N)CCC
CNNN(N)C(C)NNC
CNNN(N)C(N)(C)NC
CNNN(N)C(N)(N)CC
CNNN(N)C(N)CNC
CNNN(N)C(N)NCC
CNNN(N)C(NC)NC
CNNN(N)CC(N)NC
CNNN(N)CCNNC
CNNN(N)CN(N)CC
CNNN(N)CNCNC
CNNN(N)CNNCC
CNNN(N)N(C)CNC
CNNN(N)N(C)NCC
CNNN(N)N(N)C(C)C
CNNN(N)N(N)CCC
CNNN(N)NC(C)NC
CNNN(N)NC(N)CC
CNNN(N)NCCNC
CNNN(N)NCNCC
CNNN(N)NN(C)CC
CNNN(N)NNC(C)C
CNNN(N)NNCCC
CNNN(NC)C(N)NC
CNNN(NC)CNNC
CNNN(NC)N(N)CC
CNNN(NC)NCNC
CNNN(NC)NNCC
CNNN(NCC)NNC
CNNN(NN)C(C)NC
CNNN(NN)C(N)CC
CNNN(NN)CCNC
CNNN(NN)CNCC
CNNN(NN)N(C)CC
CNNN(NN)NC(C)C
CNNN(NN)NCCC
CNNNC(C)NNNC
CNNNC(CN)NNC
CNNNC(N)(C)NNC
CNNNC(N)(N)CNC
CNNNC(N)(N)NCC
CNNNC(N)C(N)NC
CNNNC(N)CNNC
CNNNC(N)N(N)CC
CNNNC(N)NCNC
CNNNC(N)NNCC
CNNNC(NC)(N)NC
CNNNC(NC)NNC
CNNNC(NN)CNC
CNNNC(NN)NCC
CNNNCC(N)(N)NC
CNNNCC(N)NNC
CNNNCCNNNC
CNNNCN(N)CNC
CNNNCN(N)NCC
CNNNCNC(N)NC
CNNNCNCNNC
CNNNCNN(N)CC
CNNNCNNCNC
CNNNCNNNCC
CNNNN(C)C(N)NC
CNNNN(C)CNNC
CNNNN(C)N(N)CC
CNNNN(C)NCNC
CNNNN(C)NNCC
CNNNN(CN)CNC
CNNNN(CN)NCC
CNNNN(N)C(C)NC
CNNNN(N)C(N)CC
CNNNN(N)CCNC
CNNNN(N)CNCC
CNNNN(N)N(C)CC
CNNNN(N)NC(C)C
CNNNN(N)NCCC
CNNNN(NC)CNC
CNNNN(NC)NCC
CNNNN(NN)CCC
CNNNNC(C)NNC
CNNNNC(N)(C)NC
CNNNNC(N)(N)CC
CNNNNC(N)CNC
CNNNNC(N)NCC
CNNNNC(NC)NC
CNNNNCC(N)NC
CNNNNCCNNC
CNNNNCN(N)CC
CNNNNCNCNC
CNNNNCNNCC
CNNNNN(C)CNC
CNNNNN(C)NCC
CNNNNN(N)C(C)C
CNNNNN(N)CCC
CNNNNNC(C)NC
CNNNNNC(N)CC
CNNNNNCCNC
CNNNNNCNCC
CNNNNNN(C)CC
CNNNNNNC(C)C
CNNNNNNCCC
NC(C)(C)N(N)N(N)CN
NC(C)(C)N(N)N(N)NC
NC(C)(C)N(N)NC(N)N
NC(C)(C)N(N)NNCN
NC(C)(C)N(N)NNNC
NC(C)(C)NN(N)C(N)N
NC(C)(C)NN(N)NCN
NC(C)(C)NN(N)NNC
NC(C)(C)NNN(N)CN
NC(C)(C)NNN(N)NC
NC(C)(C)NNNC(N)N
NC(C)(C)NNNNCN
NC(C)(C)NNNNNC
NC(C)C(N)(N)N(N)CN
NC(C)C(N)(N)N(N)NC
NC(C)C(N)(N)NNCN
NC(C)C(N)(N)NNNC
NC(C)C(N)N(N)NCN
NC(C)C(N)N(N)NNC
NC(C)C(N)NN(N)CN
NC(C)C(N)NN(N)NC
NC(C)C(N)NNNCN
NC(C)C(N)NNNNC
NC(C)CN(N)N(N)CN
NC(C)CN(N)N(N)NC
NC(C)CN(N)NNCN
NC(C)CN(N)NNNC
NC(C)CN(NN)NCN
NC(C)CN(NN)NNC
NC(C)CNN(N)NCN
NC(C)CNN(N)NNC
NC(C)CNNN(N)CN
NC(C)CNNN(N)NC
NC(C)CNNNNCN
NC(C)CNNNNNC
NC(C)N(C)N(N)NCN
NC(C)N(C)N(N)NNC
NC(C)N(C)NN(N)CN
NC(C)N(C)NN(N)NC
NC(C)N(C)NNNCN
NC(C)N(C)NNNNC
NC(C)N(CN)N(N)CN
NC(C)N(CN)N(N)NC
NC(C)N(CN)NNCN
NC(C)N(CN)NNNC
NC(C)N(N)C(N)(N)CN
NC(C)N(N)C(N)(N)NC
NC(C)N(N)C(N)NCN
NC(C)N(N)C(N)NNC
NC(C)N(N)CN(N)CN
NC(C)N(N)CN(N)NC
NC(C)N(N)CNNCN
NC(C)N(N)CNNNC
NC(C)N(N)N(C)NCN
NC(C)N(N)N(C)NNC
NC(C)N(N)N(CN)CN
NC(C)N(N)N(CN)NC
NC(C)N(N)N(N)C(N)C
NC(C)N(N)N(N)CCN
NC(C)N(N)N(N)CNC
NC(C)N(N)N(N)N(C)C
NC(C)N(N)N(N)NCC
NC(C)N(N)N(NC)NC
NC(C)N(N)NC(N)CN
NC(C)N(N)NC(N)NC
NC(C)N(N)NCNCN
NC(C)N(N)NCNNC
NC(C)N(N)NN(C)CN
NC(C)N(N)NN(C)NC
NC(C)N(N)NN(N)CC
NC(C)N(N)NNC(C)N
NC(C)N(N)NNCCN
NC(C)N(N)NNCNC
NC(C)N(N)NNN(C)C
NC(C)N(N)NNNCC
NC(C)N(NC)N(N)CN
NC(C)N(NC)N(N)NC
NC(C)N(NC)NNCN
NC(C)N(NC)NNNC
NC(C)NC(N)(N)NCN
NC(C)NC(N)(N)NNC
NC(C)NC(N)N(N)CN
NC(C)NC(N)N(N)NC
NC(C)NC(N)NNCN
NC(C)NC(N)NNNC
NC(C)NC(NN)NCN
NC(C)NC(NN)NNC
NC(C)NCN(N)NCN
NC(C)NCN(N)NNC
NC(C)NCNN(N)CN
NC(C)NCNN(N)NC
NC(C)NCNNNCN
NC(C)NCNNNNC
NC(C)NN(C)N(N)CN
NC(C)NN(C)N(N)NC
NC(C)NN(C)NNCN
NC(C)NN(C)NNNC
NC(C)NN(CN)NCN
NC(C)NN(CN)NNC
NC(C)NN(N)C(N)CN
NC(C)NN(N)C(N)NC
NC(C)NN(N)CNCN
NC(C)NN(N)CNNC
NC(C)NN(N)N(C)CN
NC(C)NN(N)N(C)NC
NC(C)NN(N)N(N)CC
NC(C)NN(N)NC(N)C
NC(C)NN(N)NCCN
NC(C)NN(N)NCNC
NC(C)NN(N)NN(C)C
NC(C)NN(N)NNCC
NC(C)NN(NC)NCN
NC(C)NN(NC)NNC
NC(C)NN(NN)CCN
NC(C)NN(NN)CNC
NC(C)NN(NN)NCC
NC(C)NNC(N)(N)CN
NC(C)NNC(N)(N)NC
NC(C)NNC(N)NCN
NC(C)NNC(N)NNC
NC(C)NNCN(N)CN
NC(C)NNCN(N)NC
NC(C)NNCNNCN
NC(C)NNCNNNC
NC(C)NNN(C)NCN
NC(C)NNN(C)NNC
NC(C)NNN(CN)CN
NC(C)NNN(CN)NC
NC(C)NNN(N)CCN
NC(C)NNN(N)CNC
NC(C)NNN(N)N(C)C
NC(C)NNN(N)NCC
NC(C)NNN(NC)NC
NC(C)NNNC(N)CN
NC(C)NNNC(N)NC
NC(C)NNNCNCN
NC(C)NNNCNNC
NC(C)NNNN(C)CN
NC(C)NNNN(C)NC
NC(C)NNNN(N)CC
NC(C)NNNNC(N)C
NC(C)NNNNCCN
NC(C)NNNNCNC
NC(C)NNNNN(C)C
NC(C)NNNNNCC
NC(N)(C)C(N)(N)C(N)N
NC(N)(C)C(N)(N)NCN
NC(N)(C)C(N)(N)NNC
NC(N)(C)C(N)N(N)CN
NC(N)(C)C(N)N(N)NC
NC(N)(C)C(N)NC(N)N
NC(N)(C)C(N)NNCN
NC(N)(C)C(N)NNNC
NC(N)(C)CN(N)C(N)N
NC(N)(C)CN(N)NCN
NC(N)(C)CN(N)NNC
NC(N)(C)CNN(N)CN
NC(N)(C)CNN(N)NC
NC(N)(C)CNNC(N)N
NC(N)(C)CNNNCN
NC(N)(C)CNNNNC
NC(N)(C)N(C(N)N)NC
NC(N)(C)N(C)N(N)CN
NC(N)(C)N(C)N(N)NC
NC(N)(C)N(C)NC(N)N
NC(N)(C)N(C)NNCN
NC(N)(C)N(C)NNNC
NC(N)(C)N(CN)C(N)N
NC(N)(C)N(CN)NCN
NC(N)(C)N(CN)NNC
NC(N)(C)N(N)C(N)(N)C
NC(N)(C)N(N)C(N)CN
NC(N)(C)N(N)C(N)NC
NC(N)(C)N(N)CC(N)N
NC(N)(C)N(N)CNCN
NC(N)(C)N(N)CNNC
NC(N)(C)N(N)N(C)CN
NC(N)(C)N(N)N(C)NC
NC(N)(C)N(N)N(N)CC
NC(N)(C)N(N)NC(C)N
NC(N)(C)N(N)NCCN
NC(N)(C)N(N)NCNC
NC(N)(C)N(N)NN(C)C
NC(N)(C)N(N)NNCC
NC(N)(C)N(NC)NCN
NC(N)(C)N(NC)NNC
NC(N)(C)NC(N)(N)CN
NC(N)(C)NC(N)(N)NC
NC(N)(C)NC(N)C(N)N
NC(N)(C)NC(N)NCN
NC(N)(C)NC(N)NNC
NC(N)(C)NCN(N)CN
NC(N)(C)NCN(N)NC
NC(N)(C)NCNC(N)N
NC(N)(C)NCNNCN
NC(N)(C)NCNNNC
NC(N)(C)NN(C)C(N)N
NC(N)(C)NN(C)NCN
NC(N)(C)NN(C)NNC
NC(N)(C)NN(CN)CN
NC(N)(C)NN(CN)NC
NC(N)(C)NN(N)C(C)N
NC(N)(C)NN(N)CCN
NC(N)(C)NN(N)CNC
NC(N)(C)NN(N)N(C)C
NC(N)(C)NN(N)NCC
NC(N)(C)NN(NC)NC
NC(N)(C)NNC(N)(N)C
NC(N)(C)NNC(N)CN
NC(N)(C)NNC(N)NC
NC(N)(C)NNCC(N)N
NC(N)(C)NNCNCN
NC(N)(C)NNCNNC
NC(N)(C)NNN(C)CN
NC(N)(C)NNN(C)NC
NC(N)(C)NNN(N)CC
NC(N)(C)NNNC(C)N
NC(N)(C)NNNCCN
NC(N)(C)NNNCNC
NC(N)(C)NNNN(C)C
NC(N)(C)NNNNCC
NC(N)(N)C(C(N)N)NC
NC(N)(N)C(C)C(N)(N)N
NC(N)(N)C(C)N(N)CN
NC(N)(N)C(C)N(N)NC
NC(N)(N)C(C)NC(N)N
NC(N)(N)C(C)NNCN
NC(N)(N)C(C)NNNC
NC(N)(N)C(CN)(N)CN
NC(N)(N)C(CN)(N)NC
NC(N)(N)C(CN)C(N)N
NC(N)(N)C(CN)NCN
NC(N)(N)C(CN)NNC
NC(N)(N)C(N)(C)C(N)N
NC(N)(N)C(N)(C)NCN
NC(N)(N)C(N)(C)NNC
NC(N)(N)C(N)(N)C(C)N
NC(N)(N)C(N)(N)CCN
NC(N)(N)C(N)(N)CNC
NC(N)(N)C(N)(N)N(C)C
NC(N)(N)C(N)(N)NCC
NC(N)(N)C(N)C(N)(C)N
NC(N)(N)C(N)C(N)CN
NC(N)(N)C(N)C(N)NC
NC(N)(N)C(N)CC(N)N
NC(N)(N)C(N)CNCN
NC(N)(N)C(N)CNNC
NC(N)(N)C(N)N(C)CN
NC(N)(N)C(N)N(C)NC
NC(N)(N)C(N)N(N)CC
NC(N)(N)C(N)NC(C)N
NC(N)(N)C(N)NCCN
NC(N)(N)C(N)NCNC
NC(N)(N)C(N)NN(C)C
NC(N)(N)C(N)NNCC
NC(N)(N)C(NC)(N)NC
NC(N)(N)C(NC)NCN
NC(N)(N)C(NC)NNC
NC(N)(N)CC(N)(N)CN
NC(N)(N)CC(N)(N)NC
NC(N)(N)CC(N)C(N)N
NC(N)(N)CC(N)NCN
NC(N)(N)CC(N)NNC
NC(N)(N)CCC(N)(N)N
NC(N)(N)CCN(N)CN
NC(N)(N)CCN(N)NC
NC(N)(N)CCNC(N)N
NC(N)(N)CCNNCN
NC(N)(N)CCNNNC
NC(N)(N)CN(C)C(N)N
NC(N)(N)CN(C)NCN
NC(N)(N)CN(C)NNC
NC(N)(N)CN(CN)CN
NC(N)(N)CN(CN)NC
NC(N)(N)CN(N)C(C)N
NC(N)(N)CN(N)CCN
NC(N)(N)CN(N)CNC
NC(N)(N)CN(N)N(C)C
NC(N)(N)CN(N)NCC
NC(N)(N)CN(NC)NC
NC(N)(N)CNC(N)(C)N
NC(N)(N)CNC(N)CN
NC(N)(N)CNC(N)NC
NC(N)(N)CNCC(N)N
NC(N)(N)CNCNCN
NC(N)(N)CNCNNC
NC(N)(N)CNN(C)CN
NC(N)(N)CNN(C)NC
NC(N)(N)CNN(N)CC
NC(N)(N)CNNC(C)N
NC(N)(N)CNNCCN
NC(N)(N)CNNCNC
NC(N)(N)CNNN(C)C
NC(N)(N)CNNNCC
NC(N)(N)N(C(C)N)NC
NC(N)(N)N(C)C(N)(C)N
NC(N)(N)N(C)C(N)CN
NC(N)(N)N(C)C(N)NC
NC(N)(N)N(C)CC(N)N
NC(N)(N)N(C)CNCN
NC(N)(N)N(C)CNNC
NC(N)(N)N(C)N(C)CN
NC(N)(N)N(C)N(C)NC
NC(N)(N)N(C)N(N)CC
NC(N)(N)N(C)NC(C)N
NC(N)(N)N(C)NCCN
NC(N)(N)N(C)NCNC
NC(N)(N)N(C)NN(C)C
NC(N)(N)N(C)NNCC
NC(N)(N)N(CC)C(N)N
NC(N)(N)N(CC)NCN
NC(N)(N)N(CC)NNC
NC(N)(N)N(CN)C(C)N
NC(N)(N)N(CN)CCN
NC(N)(N)N(CN)CNC
NC(N)(N)N(CN)N(C)C
NC(N)(N)N(CN)NCC
NC(N)(N)N(N)C(C)(C)N
NC(N)(N)N(N)C(C)CN
NC(N)(N)N(N)C(C)NC
NC(N)(N)N(N)C(N)CC
NC(N)(N)N(N)CC(C)N
NC(N)(N)N(N)CCCN
NC(N)(N)N(N)CCNC
NC(N)(N)N(N)CN(C)C
NC(N)(N)N(N)CNCC
NC(N)(N)N(N)N(C)CC
NC(N)(N)N(N)NC(C)C
NC(N)(N)N(N)NCCC
NC(N)(N)N(NC)CCN
NC(N)(N)N(NC)CNC
NC(N)(N)N(NC)N(C)C
NC(N)(N)N(NC)NCC
NC(N)(N)NC(C)C(N)N
NC(N)(N)NC(C)NCN
NC(N)(N)NC(C)NNC
NC(N)(N)NC(CN)CN
NC(N)(N)NC(CN)NC
NC(N)(N)NC(N)(C)CN
NC(N)(N)NC(N)(C)NC
NC(N)(N)NC(N)(N)CC
NC(N)(N)NC(N)C(C)N
NC(N)(N)NC(N)CCN
NC(N)(N)NC(N)CNC
NC(N)(N)NC(N)N(C)C
NC(N)(N)NC(N)NCC
NC(N)(N)NC(NC)NC
NC(N)(N)NCC(N)(C)N
NC(N)(N)NCC(N)CN
NC(N)(N)NCC(N)NC
NC(N)(N)NCCC(N)N
NC(N)(N)NCCNCN
NC(N)(N)NCCNNC
NC(N)(N)NCN(C)CN
NC(N)(N)NCN(C)NC
NC(N)(N)NCN(N)CC
NC(N)(N)NCNC(C)N
NC(N)(N)NCNCCN
NC(N)(N)NCNCNC
NC(N)(N)NCNN(C)C
NC(N)(N)NCNNCC
NC(N)(N)NN(C)C(C)N
NC(N)(N)NN(C)CCN
NC(N)(N)NN(C)CNC
NC(N)(N)NN(C)N(C)C
NC(N)(N)NN(C)NCC
NC(N)(N)NN(CC)CN
NC(N)(N)NN(CC)NC
NC(N)(N)NN(N)C(C)C
NC(N)(N)NN(N)CCC
NC(N)(N)NNC(C)(C)N
NC(N)(N)NNC(C)CN
NC(N)(N)NNC(C)NC
NC(N)(N)NNC(N)CC
NC(N)(N)NNCC(C)N
NC(N)(N)NNCCCN
NC(N)(N)NNCCNC
NC(N)(N)NNCN(C)C
NC(N)(N)NNCNCC
NC(N)(N)NNN(C)CC
NC(N)(N)NNNC(C)C
NC(N)(N)NNNCCC
NC(N)C(C(N)N)(N)NC
NC(N)C(C(N)N)C(N)N
NC(N)C(C(N)N)NCN
NC(N)C(C(N)N)NNC
NC(N)C(C)N(N)NCN
NC(N)C(C)N(N)NNC
NC(N)C(C)NN(N)CN
NC(N)C(C)NN(N)NC
NC(N)C(C)NNNCN
NC(N)C(C)NNNNC
NC(N)C(CN)(N)C(N)N
NC(N)C(CN)(N)NCN
NC(N)C(CN)(N)NNC
NC(N)C(CN)N(N)CN
NC(N)C(CN)N(N)NC
NC(N)C(CN)NNCN
NC(N)C(CN)NNNC
NC(N)C(N)(C)N(N)CN
NC(N)C(N)(C)N(N)NC
NC(N)C(N)(C)NNCN
NC(N)C(N)(C)NNNC
NC(N)C(N)(N)C(N)CN
NC(N)C(N)(N)C(N)NC
NC(N)C(N)(N)CC(N)N
NC(N)C(N)(N)CNCN
NC(N)C(N)(N)CNNC
NC(N)C(N)(N)N(C)CN
NC(N)C(N)(N)N(C)NC
NC(N)C(N)(N)N(N)CC
NC(N)C(N)(N)NC(C)N
NC(N)C(N)(N)NCCN
NC(N)C(N)(N)NCNC
NC(N)C(N)(N)NN(C)C
NC(N)C(N)(N)NNCC
NC(N)C(N)C(N)(N)CN
NC(N)C(N)C(N)(N)NC
NC(N)C(N)C(N)C(N)N
NC(N)C(N)C(N)NCN
NC(N)C(N)C(N)NNC
NC(N)C(N)CN(N)CN
NC(N)C(N)CN(N)NC
NC(N)C(N)CNNCN
NC(N)C(N)CNNNC
NC(N)C(N)N(C)NCN
NC(N)C(N)N(C)NNC
NC(N)C(N)N(CN)CN
NC(N)C(N)N(CN)NC
NC(N)C(N)N(N)C(C)N
NC(N)C(N)N(N)CCN
NC(N)C(N)N(N)CNC
NC(N)C(N)N(N)N(C)C
NC(N)C(N)N(N)NCC
NC(N)C(N)N(NC)NC
NC(N)C(N)NC(N)CN
NC(N)C(N)NC(N)NC
NC(N)C(N)NCC(N)N
NC(N)C(N)NCNCN
NC(N)C(N)NCNNC
NC(N)C(N)NN(C)CN
NC(N)C(N)NN(C)NC
NC(N)C(N)NN(N)CC
NC(N)C(N)NNC(C)N
NC(N)C(N)NNCCN
NC(N)C(N)NNCNC
NC(N)C(N)NNN(C)C
NC(N)C(N)NNNCC
NC(N)C(NC)(N)NCN
NC(N)C(NC)(N)NNC
NC(N)C(NC)N(N)CN
NC(N)C(NC)N(N)NC
NC(N)C(NC)NNCN
NC(N)C(NC)NNNC
NC(N)CC(N)(N)NCN
NC(N)CC(N)(N)NNC
NC(N)CC(N)N(N)CN
NC(N)CC(N)N(N)NC
NC(N)CC(N)NNCN
NC(N)CC(N)NNNC
NC(N)CC(NN)NCN
NC(N)CC(NN)NNC
NC(N)CCN(N)NCN
NC(N)CCN(N)NNC
NC(N)CCNN(N)CN
NC(N)CCNN(N)NC
NC(N)CCNNNCN
NC(N)CCNNNNC
NC(N)CN(C)N(N)CN
NC(N)CN(C)N(N)NC
NC(N)CN(C)NNCN
NC(N)CN(C)NNNC
NC(N)CN(CN)NCN
NC(N)CN(CN)NNC
NC(N)CN(N)C(N)CN
NC(N)CN(N)C(N)NC
NC(N)CN(N)CC(N)N
NC(N)CN(N)CNCN
NC(N)CN(N)CNNC
NC(N)CN(N)N(C)CN
NC(N)CN(N)N(C)NC
NC(N)CN(N)N(N)CC
NC(N)CN(N)NC(C)N
NC(N)CN(N)NCCN
NC(N)CN(N)NCNC
NC(N)CN(N)NN(C)C
NC(N)CN(N)NNCC
NC(N)CN(NC)NCN
NC(N)CN(NC)NNC
NC(N)CN(NN)CCN
NC(N)CN(NN)CNC
NC(N)CN(NN)NCC
NC(N)CNC(N)(N)CN
NC(N)CNC(N)(N)NC
NC(N)CNC(N)NCN
NC(N)CNC(N)NNC
NC(N)CNCN(N)CN
NC(N)CNCN(N)NC
NC(N)CNCNNCN
NC(N)CNCNNNC
NC(N)CNN(C)NCN
NC(N)CNN(C)NNC
NC(N)CNN(CN)CN
NC(N)CNN(CN)NC
NC(N)CNN(N)C(C)N
NC(N)CNN(N)CCN
NC(N)CNN(N)CNC
NC(N)CNN(N)N(C)C
NC(N)CNN(N)NCC
NC(N)CNN(NC)NC
NC(N)CNNC(N)CN
NC(N)CNNC(N)NC
NC(N)CNNCC(N)N
NC(N)CNNCNCN
NC(N)CNNCNNC
NC(N)CNNN(C)CN
NC(N)CNNN(C)NC
NC(N)CNNN(N)CC
NC(N)CNNNC(C)N
NC(N)CNNNCCN
NC(N)CNNNCNC
NC(N)CNNNN(C)C
NC(N)CNNNNCC
NC(N)N(C(C)N)C(N)N
NC(N)N(C(C)N)NCN
NC(N)N(C(C)N)NNC
NC(N)N(C(N)N)CCN
NC(N)N(C(N)N)CNC
NC(N)N(C(N)N)N(C)C
NC(N)N(C(N)N)NCC
NC(N)N(C)C(N)(N)CN
NC(N)N(C)C(N)(N)NC
NC(N)N(C)C(N)C(N)N
NC(N)N(C)C(N)NCN
NC(N)N(C)C(N)NNC
NC(N)N(C)CN(N)CN
NC(N)N(C)CN(N)NC
NC(N)N(C)CNC(N)N
NC(N)N(C)CNNCN
NC(N)N(C)CNNNC
NC(N)N(C)N(C)C(N)N
NC(N)N(C)N(C)NCN
NC(N)N(C)N(C)NNC
NC(N)N(C)N(CN)CN
NC(N)N(C)N(CN)NC
NC(N)N(C)N(N)C(C)N
NC(N)N(C)N(N)CCN
NC(N)N(C)N(N)CNC
NC(N)N(C)N(N)N(C)C
NC(N)N(C)N(N)NCC
NC(N)N(C)N(NC)NC
NC(N)N(C)NC(N)CN
NC(N)N(C)NC(N)NC
NC(N)N(C)NCC(N)N
NC(N)N(C)NCNCN
NC(N)N(C)NCNNC
NC(N)N(C)NN(C)CN
NC(N)N(C)NN(C)NC
NC(N)N(C)NN(N)CC
NC(N)N(C)NNC(C)N
NC(N)N(C)NNCCN
NC(N)N(C)NNCNC
NC(N)N(C)NNN(C)C
NC(N)N(C)NNNCC
NC(N)N(CC)N(N)CN
NC(N)N(CC)N(N)NC
NC(N)N(CC)NC(N)N
NC(N)N(CC)NNCN
NC(N)N(CC)NNNC
NC(N)N(CN)C(N)CN
NC(N)N(CN)C(N)NC
NC(N)N(CN)CC(N)N
NC(N)N(CN)CNCN
NC(N)N(CN)CNNC
NC(N)N(CN)N(C)CN
NC(N)N(CN)N(C)NC
NC(N)N(CN)N(N)CC
NC(N)N(CN)NC(C)N
NC(N)N(CN)NCCN
NC(N)N(CN)NCNC
NC(N)N(CN)NN(C)C
NC(N)N(CN)NNCC
NC(N)N(N(C)C)NCN
NC(N)N(N(C)C)NNC
NC(N)N(N)C(C)C(N)N
NC(N)N(N)C(C)NCN
NC(N)N(N)C(C)NNC
NC(N)N(N)C(CN)CN
NC(N)N(N)C(CN)NC
NC(N)N(N)C(N)(C)CN
NC(N)N(N)C(N)(C)NC
NC(N)N(N)C(N)(N)CC
NC(N)N(N)C(N)C(C)N
NC(N)N(N)C(N)CCN
NC(N)N(N)C(N)CNC
NC(N)N(N)C(N)N(C)C
NC(N)N(N)C(N)NCC
NC(N)N(N)C(NC)NC
NC(N)N(N)CC(N)CN
NC(N)N(N)CC(N)NC
NC(N)N(N)CCC(N)N
NC(N)N(N)CCNCN
NC(N)N(N)CCNNC
NC(N)N(N)CN(C)CN
NC(N)N(N)CN(C)NC
NC(N)N(N)CN(N)CC
NC(N)N(N)CNC(C)N
NC(N)N(N)CNCCN
NC(N)N(N)CNCNC
NC(N)N(N)CNN(C)C
NC(N)N(N)CNNCC
NC(N)N(N)N(C)C(C)N
NC(N)N(N)N(C)CCN
NC(N)N(N)N(C)CNC
NC(N)N(N)N(C)N(C)C
NC(N)N(N)N(C)NCC
NC(N)N(N)N(CC)CN
NC(N)N(N)N(CC)NC
NC(N)N(N)N(N)C(C)C
NC(N)N(N)N(N)CCC
NC(N)N(N)NC(C)CN
NC(N)N(N)NC(C)NC
NC(N)N(N)NC(N)CC
NC(N)N(N)NCC(C)N
NC(N)N(N)NCCCN
NC(N)N(N)NCCNC
NC(N)N(N)NCN(C)C
NC(N)N(N)NCNCC
NC(N)N(N)NN(C)CC
NC(N)N(N)NNC(C)C
NC(N)N(N)NNCCC
NC(N)N(NC)C(N)CN
NC(N)N(NC)C(N)NC
NC(N)N(NC)CC(N)N
NC(N)N(NC)CNCN
NC(N)N(NC)CNNC
NC(N)N(NC)N(C)CN
NC(N)N(NC)N(C)NC
NC(N)N(NC)N(N)CC
NC(N)N(NC)NC(C)N
NC(N)N(NC)NCCN
NC(N)N(NC)NCNC
NC(N)N(NC)NN(C)C
NC(N)N(NC)NNCC
NC(N)NC(C(N)N)NC
NC(N)NC(C)N(N)CN
NC(N)NC(C)N(N)NC
NC(N)NC(C)NC(N)N
NC(N)NC(C)NNCN
NC(N)NC(C)NNNC
NC(N)NC(CN)(N)CN
NC(N)NC(CN)(N)NC
NC(N)NC(CN)C(N)N
NC(N)NC(CN)NCN
NC(N)NC(CN)NNC
NC(N)NC(N)(C)C(N)N
NC(N)NC(N)(C)NCN
NC(N)NC(N)(C)NNC
NC(N)NC(N)(N)C(C)N
NC(N)NC(N)(N)CCN
NC(N)NC(N)(N)CNC
NC(N)NC(N)(N)N(C)C
NC(N)NC(N)(N)NCC
NC(N)NC(N)C(N)CN
NC(N)NC(N)C(N)NC
NC(N)NC(N)CC(N)N
NC(N)NC(N)CNCN
NC(N)NC(N)CNNC
NC(N)NC(N)N(C)CN
NC(N)NC(N)N(C)NC
NC(N)NC(N)N(N)CC
NC(N)NC(N)NC(C)N
NC(N)NC(N)NCCN
NC(N)NC(N)NCNC
NC(N)NC(N)NN(C)C
NC(N)NC(N)NNCC
NC(N)NC(NC)(N)NC
NC(N)NC(NC)NCN
NC(N)NC(NC)NNC
NC(N)NC(NN)CCN
NC(N)NC(NN)CNC
NC(N)NC(NN)NCC
NC(N)NCC(N)(N)CN
NC(N)NCC(N)(N)NC
NC(N)NCC(N)C(N)N
NC(N)NCC(N)NCN
NC(N)NCC(N)NNC
NC(N)NCCN(N)CN
NC(N)NCCN(N)NC
NC(N)NCCNC(N)N
NC(N)NCCNNCN
NC(N)NCCNNNC
NC(N)NCN(C)NCN
NC(N)NCN(C)NNC
NC(N)NCN(CN)CN
NC(N)NCN(CN)NC
NC(N)NCN(N)C(C)N
NC(N)NCN(N)CCN
NC(N)NCN(N)CNC
NC(N)NCN(N)N(C)C
NC(N)NCN(N)NCC
NC(N)NCN(NC)NC
NC(N)NCNC(N)CN
NC(N)NCNC(N)NC
NC(N)NCNCC(N)N
NC(N)NCNCNCN
NC(N)NCNCNNC
NC(N)NCNN(C)CN
NC(N)NCNN(C)NC
NC(N)NCNN(N)CC
NC(N)NCNNC(C)N
NC(N)NCNNCCN
NC(N)NCNNCNC
NC(N)NCNNN(C)C
NC(N)NCNNNCC
NC(N)NN(C(C)N)NC
NC(N)NN(C)C(N)CN
NC(N)NN(C)C(N)NC
NC(N)NN(C)CC(N)N
NC(N)NN(C)CNCN
NC(N)NN(C)CNNC
NC(N)NN(C)N(C)CN
NC(N)NN(C)N(C)NC
NC(N)NN(C)N(N)CC
NC(N)NN(C)NC(C)N
NC(N)NN(C)NCCN
NC(N)NN(C)NCNC
NC(N)NN(C)NN(C)C
NC(N)NN(C)NNCC
NC(N)NN(CC)NCN
NC(N)NN(CC)NNC
NC(N)NN(CN)C(C)N
NC(N)NN(CN)CCN
NC(N)NN(CN)CNC
NC(N)NN(CN)N(C)C
NC(N)NN(CN)NCC
NC(N)NN(N)C(C)CN
NC(N)NN(N)C(C)NC
NC(N)NN(N)C(N)CC
NC(N)NN(N)CC(C)N
NC(N)NN(N)CCCN
NC(N)NN(N)CCNC
NC(N)NN(N)CN(C)C
NC(N)NN(N)CNCC
NC(N)NN(N)N(C)CC
NC(N)NN(N)NC(C)C
NC(N)NN(N)NCCC
NC(N)NN(NC)CCN
NC(N)NN(NC)CNC
NC(N)NN(NC)N(C)C
NC(N)NN(NC)NCC
NC(N)NN(NN)CCC
NC(N)NNC(C)C(N)N
NC(N)NNC(C)NCN
NC(N)NNC(C)NNC
NC(N)NNC(CN)CN
NC(N)NNC(CN)NC
NC(N)NNC(N)(C)CN
NC(N)NNC(N)(C)NC
NC(N)NNC(N)(N)CC
NC(N)NNC(N)C(C)N
NC(N)NNC(N)CCN
NC(N)NNC(N)CNC
NC(N)NNC(N)N(C)C
NC(N)NNC(N)NCC
NC(N)NNC(NC)NC
NC(N)NNCC(N)CN
NC(N)NNCC(N)NC
NC(N)NNCCC(N)N
NC(N)NNCCNCN
NC(N)NNCCNNC
NC(N)NNCN(C)CN
NC(N)NNCN(C)NC
NC(N)NNCN(N)CC
NC(N)NNCNC(C)N
NC(N)NNCNCCN
NC(N)NNCNCNC
NC(N)NNCNN(C)C
NC(N)NNCNNCC
NC(N)NNN(C)C(C)N
NC(N)NNN(C)CCN
NC(N)NNN(C)CNC
NC(N)NNN(C)N(C)C
NC(N)NNN(C)NCC
NC(N)NNN(CC)CN
NC(N)NNN(CC)NC
NC(N)NNN(N)C(C)C
NC(N)NNN(N)CCC
NC(N)NNNC(C)CN
NC(N)NNNC(C)NC
NC(N)NNNC(N)CC
NC(N)NNNCC(C)N
NC(N)NNNCCCN
NC(N)NNNCCNC
NC(N)NNNCN(C)C
NC(N)NNNCNCC
NC(N)NNNN(C)CC
NC(N)NNNNC(C)C
NC(N)NNNNCCC
NCC(C)N(N)N(N)NC
NCC(C)N(N)NNNC
NCC(C)N(NN)NNC
NCC(C)NN(N)NNC
NCC(C)NNN(N)NC
NCC(C)NNNNNC
NCC(CN)(N)N(N)NC
NCC(CN)(N)NNNC
NCC(CN)N(N)NNC
NCC(CN)NN(N)NC
NCC(CN)NNNNC
NCC(N)(C)N(N)NNC
NCC(N)(C)NN(N)NC
NCC(N)(C)NNNNC
NCC(N)(N)C(N)(N)CN
NCC(N)(N)C(N)(N)NC
NCC(N)(N)C(N)NNC
NCC(N)(N)CN(N)NC
NCC(N)(N)CNNNC
NCC(N)(N)N(C)NNC
NCC(N)(N)N(N)CCN
NCC(N)(N)N(N)CNC
NCC(N)(N)N(N)N(C)C
NCC(N)(N)N(N)NCC
NCC(N)(N)N(NC)NC
NCC(N)(N)NC(N)CN
NCC(N)(N)NC(N)NC
NCC(N)(N)NCNNC
NCC(N)(N)NN(C)NC
NCC(N)(N)NN(N)CC
NCC(N)(N)NNCCN
NCC(N)(N)NNCNC
NCC(N)(N)NNN(C)C
NCC(N)(N)NNNCC
NCC(N)C(N)(N)NNC
NCC(N)C(N)N(N)NC
NCC(N)C(N)NNNC
NCC(N)C(NN)NNC
NCC(N)CN(N)NNC
NCC(N)CNN(N)NC
NCC(N)CNNNNC
NCC(N)N(C)N(N)NC
NCC(N)N(C)NNNC
NCC(N)N(CN)NNC
NCC(N)N(N)C(N)CN
NCC(N)N(N)C(N)NC
NCC(N)N(N)CNNC
NCC(N)N(N)N(C)NC
NCC(N)N(N)N(N)CC
NCC(N)N(N)NCCN
NCC(N)N(N)NCNC
NCC(N)N(N)NN(C)C
NCC(N)N(N)NNCC
NCC(N)N(NC)NNC
NCC(N)N(NN)CCN
NCC(N)N(NN)CNC
NCC(N)N(NN)NCC
NCC(N)NC(N)(N)NC
NCC(N)NC(N)NNC
NCC(N)NCN(N)NC
NCC(N)NCNNNC
NCC(N)NN(C)NNC
NCC(N)NN(N)CCN
NCC(N)NN(N)CNC
NCC(N)NN(N)N(C)C
NCC(N)NN(N)NCC
NCC(N)NN(NC)NC
NCC(N)NNC(N)CN
NCC(N)NNC(N)NC
NCC(N)NNCNNC
NCC(N)NNN(C)NC
NCC(N)NNN(N)CC
NCC(N)NNNCCN
NCC(N)NNNCNC
NCC(N)NNNN(C)C
NCC(N)NNNNCC
NCC(NC)(N)N(N)NC
NCC(NC)(N)NNNC
NCC(NC)N(N)NNC
NCC(NC)NN(N)NC
NCC(NC)NNNNC
NCCC(N(N)N)NNC
NCCC(N)(N)N(N)NC
NCCC(N)(N)NNNC
NCCC(N)N(N)NNC
NCCC(N)NN(N)NC
NCCC(N)NNNNC
NCCC(NN)(N)NNC
NCCC(NN)N(N)NC
NCCC(NN)NNNC
NCCCN(N)N(N)NC
NCCCN(N)NNNC
NCCCN(NN)NNC
NCCCNN(N)NNC
NCCCNNN(N)NC
NCCCNNNNNC
NCCN(C(N)N)NNC
NCCN(C)N(N)NNC
NCCN(C)NN(N)NC
NCCN(C)NNNNC
NCCN(CN)N(N)NC
NCCN(CN)NNNC
NCCN(N(C)N)NNC
NCCN(N(N)N)CCN
NCCN(N(N)N)CNC
NCCN(N(N)N)NCC
NCCN(N)C(N)(N)NC
NCCN(N)C(N)NNC
NCCN(N)CN(N)NC
NCCN(N)CNNNC
NCCN(N)N(C)NNC
NCCN(N)N(N)CCN
NCCN(N)N(N)CNC
NCCN(N)N(N)N(C)C
NCCN(N)N(N)NCC
NCCN(N)N(NC)NC
NCCN(N)NC(N)NC
NCCN(N)NCNNC
NCCN(N)NN(C)NC
NCCN(N)NN(N)CC
NCCN(N)NNCCN
NCCN(N)NNCNC
NCCN(N)NNN(C)C
NCCN(N)NNNCC
NCCN(NC)N(N)NC
NCCN(NC)NNNC
NCCN(NN)C(N)NC
NCCN(NN)CNNC
NCCN(NN)N(C)NC
NCCN(NN)N(N)CC
NCCN(NN)NCCN
NCCN(NN)NCNC
NCCN(NN)NN(C)C
NCCN(NN)NNCC
NCCN(NNC)NNC
NCCNC(N)(N)NNC
NCCNC(N)N(N)NC
NCCNC(N)NNNC
NCCNC(NN)NNC
NCCNCN(N)NNC
NCCNCNN(N)NC
NCCNCNNNNC
NCCNN(C)N(N)NC
NCCNN(C)NNNC
NCCNN(CN)NNC
NCCNN(N)C(N)NC
NCCNN(N)CNNC
NCCNN(N)N(C)NC
NCCNN(N)N(N)CC
NCCNN(N)NCCN
NCCNN(N)NCNC
NCCNN(N)NN(C)C
NCCNN(N)NNCC
NCCNN(NC)NNC
NCCNN(NN)CNC
NCCNN(NN)NCC
NCCNNC(N)(N)NC
NCCNNC(N)NNC
NCCNNCN(N)NC
NCCNNCNNNC
NCCNNN(C)NNC
NCCNNN(N)CNC
NCCNNN(N)N(C)C
NCCNNN(N)NCC
NCCNNN(NC)NC
NCCNNNC(N)NC
NCCNNNCNNC
NCCNNNN(C)NC
NCCNNNN(N)CC
NCCNNNNCCN
NCCNNNNCNC
NCCNNNNN(C)C
NCCNNNNNCC
NCN(C)C(N)(N)NCN
NCN(C)C(N)(N)NNC
NCN(C)C(N)N(N)NC
NCN(C)C(N)NNCN
NCN(C)C(N)NNNC
NCN(C)C(NN)NCN
NCN(C)C(NN)NNC
NCN(C)CN(N)NCN
NCN(C)CN(N)NNC
NCN(C)CNN(N)NC
NCN(C)CNNNCN
NCN(C)CNNNNC
NCN(C)N(C)N(N)NC
NCN(C)N(C)NNCN
NCN(C)N(C)NNNC
NCN(C)N(CN)NCN
NCN(C)N(CN)NNC
NCN(C)N(N)C(N)CN
NCN(C)N(N)C(N)NC
NCN(C)N(N)CNCN
NCN(C)N(N)CNNC
NCN(C)N(N)N(C)CN
NCN(C)N(N)N(C)NC
NCN(C)N(N)N(N)CC
NCN(C)N(N)NCCN
NCN(C)N(N)NCNC
NCN(C)N(N)NN(C)C
NCN(C)N(N)NNCC
NCN(C)N(NC)NCN
NCN(C)N(NC)NNC
NCN(C)N(NN)CCN
NCN(C)N(NN)CNC
NCN(C)N(NN)NCC
NCN(C)NC(N)(N)CN
NCN(C)NC(N)(N)NC
NCN(C)NC(N)NCN
NCN(C)NC(N)NNC
NCN(C)NCN(N)NC
NCN(C)NCNNCN
NCN(C)NCNNNC
NCN(C)NN(C)NCN
NCN(C)NN(C)NNC
NCN(C)NN(N)CCN
NCN(C)NN(N)CNC
NCN(C)NN(N)N(C)C
NCN(C)NN(N)NCC
NCN(C)NN(NC)NC
NCN(C)NNC(N)CN
NCN(C)NNC(N)NC
NCN(C)NNCNCN
NCN(C)NNCNNC
NCN(C)NNN(C)CN
NCN(C)NNN(C)NC
NCN(C)NNN(N)CC
NCN(C)NNNCCN
NCN(C)NNNCNC
NCN(C)NNNN(C)C
NCN(C)NNNNCC
NCN(CC)N(N)NCN
NCN(CC)N(N)NNC
NCN(CC)NN(N)CN
NCN(CC)NN(N)NC
NCN(CC)NNNCN
NCN(CC)NNNNC
NCN(CN)C(N)(N)CN
NCN(CN)C(N)(N)NC
NCN(CN)C(N)NCN
NCN(CN)C(N)NNC
NCN(CN)CN(N)CN
NCN(CN)CN(N)NC
NCN(CN)CNNCN
NCN(CN)CNNNC
NCN(CN)N(C)NCN
NCN(CN)N(C)NNC
NCN(CN)N(CN)CN
NCN(CN)N(N)CCN
NCN(CN)N(N)CNC
NCN(CN)N(N)N(C)C
NCN(CN)N(N)NCC
NCN(CN)N(NC)NC
NCN(CN)NC(N)CN
NCN(CN)NC(N)NC
NCN(CN)NCNCN
NCN(CN)NCNNC
NCN(CN)NN(C)CN
NCN(CN)NN(C)NC
NCN(CN)NN(N)CC
NCN(CN)NNCCN
NCN(CN)NNCNC
NCN(CN)NNN(C)C
NCN(CN)NNNCC
NCN(N(C)C)N(N)CN
NCN(N(C)C)N(N)NC
NCN(N(C)C)NNCN
NCN(N(C)C)NNNC
NCN(N)C(C)N(N)CN
NCN(N)C(C)N(N)NC
NCN(N)C(C)NNCN
NCN(N)C(C)NNNC
NCN(N)C(CN)(N)CN
NCN(N)C(CN)(N)NC
NCN(N)C(CN)NCN
NCN(N)C(CN)NNC
NCN(N)C(N)(C)NCN
NCN(N)C(N)(C)NNC
NCN(N)C(N)(N)CCN
NCN(N)C(N)(N)CNC
NCN(N)C(N)(N)N(C)C
NCN(N)C(N)(N)NCC
NCN(N)C(N)C(N)CN
NCN(N)C(N)C(N)NC
NCN(N)C(N)CNCN
NCN(N)C(N)CNNC
NCN(N)C(N)N(C)CN
NCN(N)C(N)N(C)NC
NCN(N)C(N)N(N)CC
NCN(N)C(N)NCCN
NCN(N)C(N)NCNC
NCN(N)C(N)NN(C)C
NCN(N)C(N)NNCC
NCN(N)C(NC)(N)NC
NCN(N)C(NC)NCN
NCN(N)C(NC)NNC
NCN(N)C(NN)CCN
NCN(N)C(NN)CNC
NCN(N)C(NN)NCC
NCN(N)CC(N)(N)CN
NCN(N)CC(N)(N)NC
NCN(N)CC(N)NCN
NCN(N)CC(N)NNC
NCN(N)CCN(N)CN
NCN(N)CCN(N)NC
NCN(N)CCNNCN
NCN(N)CCNNNC
NCN(N)CN(C)NCN
NCN(N)CN(C)NNC
NCN(N)CN(N)CCN
NCN(N)CN(N)CNC
NCN(N)CN(N)N(C)C
NCN(N)CN(N)NCC
NCN(N)CN(NC)NC
NCN(N)CNC(N)CN
NCN(N)CNC(N)NC
NCN(N)CNCNCN
NCN(N)CNCNNC
NCN(N)CNN(C)CN
NCN(N)CNN(C)NC
NCN(N)CNN(N)CC
NCN(N)CNNCCN
NCN(N)CNNCNC
NCN(N)CNNN(C)C
NCN(N)CNNNCC
NCN(N)N(C)C(N)CN
NCN(N)N(C)C(N)NC
NCN(N)N(C)CNCN
NCN(N)N(C)CNNC
NCN(N)N(C)N(C)CN
NCN(N)N(C)N(C)NC
NCN(N)N(C)N(N)CC
NCN(N)N(C)NCCN
NCN(N)N(C)NCNC
NCN(N)N(C)NN(C)C
NCN(N)N(C)NNCC
NCN(N)N(CC)NCN
NCN(N)N(CC)NNC
NCN(N)N(CN)CCN
NCN(N)N(CN)CNC
NCN(N)N(CN)NCC
NCN(N)N(N)C(C)CN
NCN(N)N(N)C(C)NC
NCN(N)N(N)C(N)CC
NCN(N)N(N)CCCN
NCN(N)N(N)CCNC
NCN(N)N(N)CN(C)C
NCN(N)N(N)CNCC
NCN(N)N(N)N(C)CC
NCN(N)N(N)NC(C)C
NCN(N)N(N)NCCC
NCN(N)N(NC)CCN
NCN(N)N(NC)CNC
NCN(N)N(NC)N(C)C
NCN(N)N(NC)NCC
NCN(N)N(NN)CCC
NCN(N)NC(C)NCN
NCN(N)NC(C)NNC
NCN(N)NC(CN)CN
NCN(N)NC(CN)NC
NCN(N)NC(N)(C)CN
NCN(N)NC(N)(C)NC
NCN(N)NC(N)(N)CC
NCN(N)NC(N)CCN
NCN(N)NC(N)CNC
NCN(N)NC(N)N(C)C
NCN(N)NC(N)NCC
NCN(N)NC(NC)NC
NCN(N)NCC(N)CN
NCN(N)NCC(N)NC
NCN(N)NCCNCN
NCN(N)NCCNNC
NCN(N)NCN(C)CN
NCN(N)NCN(C)NC
NCN(N)NCN(N)CC
NCN(N)NCNCCN
NCN(N)NCNCNC
NCN(N)NCNN(C)C
NCN(N)NCNNCC
NCN(N)NN(C)CCN
NCN(N)NN(C)CNC
NCN(N)NN(C)N(C)C
NCN(N)NN(C)NCC
NCN(N)NN(CC)NC
NCN(N)NN(N)C(C)C
NCN(N)NN(N)CCC
NCN(N)NNC(C)CN
NCN(N)NNC(C)NC
NCN(N)NNC(N)CC
NCN(N)NNCCCN
NCN(N)NNCCNC
NCN(N)NNCN(C)C
NCN(N)NNCNCC
NCN(N)NNN(C)CC
NCN(N)NNNC(C)C
NCN(N)NNNCCC
NCN(NC)C(N)(N)CN
NCN(NC)C(N)(N)NC
NCN(NC)C(N)NCN
NCN(NC)C(N)NNC
NCN(NC)CN(N)CN
NCN(NC)CN(N)NC
NCN(NC)CNNCN
NCN(NC)CNNNC
NCN(NC)N(C)NCN
NCN(NC)N(C)NNC
NCN(NC)N(CN)CN
NCN(NC)N(N)CCN
NCN(NC)N(N)CNC
NCN(NC)N(N)N(C)C
NCN(NC)N(N)NCC
NCN(NC)N(NC)CN
NCN(NC)N(NC)NC
NCN(NC)NC(N)CN
NCN(NC)NC(N)NC
NCN(NC)NCNCN
NCN(NC)NCNNC
NCN(NC)NN(C)CN
NCN(NC)NN(C)NC
NCN(NC)NN(N)CC
NCN(NC)NNCCN
NCN(NC)NNCNC
NCN(NC)NNN(C)C
NCN(NC)NNNCC
NCNC(C(N)N)NCN
NCNC(C(N)N)NNC
NCNC(C)N(N)NNC
NCNC(C)NN(N)NC
NCNC(C)NNNNC
NCNC(CN)(N)NCN
NCNC(CN)(N)NNC
NCNC(CN)N(N)NC
NCNC(CN)NNNC
NCNC(N(C)N)NCN
NCNC(N(C)N)NNC
NCNC(N(N)N)CCN
NCNC(N(N)N)CNC
NCNC(N(N)N)NCC
NCNC(N)(C)N(N)NC
NCNC(N)(C)NNNC
NCNC(N)(N)C(N)CN
NCNC(N)(N)C(N)NC
NCNC(N)(N)CNCN
NCNC(N)(N)CNNC
NCNC(N)(N)N(C)NC
NCNC(N)(N)N(N)CC
NCNC(N)(N)NCCN
NCNC(N)(N)NCNC
NCNC(N)(N)NN(C)C
NCNC(N)(N)NNCC
NCNC(N)C(N)(N)CN
NCNC(N)C(N)(N)NC
NCNC(N)C(N)NCN
NCNC(N)C(N)NNC
NCNC(N)CN(N)NC
NCNC(N)CNNNC
NCNC(N)N(C)NNC
NCNC(N)N(N)CCN
NCNC(N)N(N)CNC
NCNC(N)N(N)N(C)C
NCNC(N)N(N)NCC
NCNC(N)N(NC)NC
NCNC(N)NC(N)CN
NCNC(N)NC(N)NC
NCNC(N)NCNCN
NCNC(N)NCNNC
NCNC(N)NN(C)NC
NCNC(N)NN(N)CC
NCNC(N)NNCCN
NCNC(N)NNCNC
NCNC(N)NNN(C)C
NCNC(N)NNNCC
NCNC(NC)(N)NCN
NCNC(NC)(N)NNC
NCNC(NC)N(N)NC
NCNC(NC)NNNC
NCNC(NCN)NCN
NCNC(NCN)NNC
NCNC(NN)(C)NCN
NCNC(NN)(C)NNC
NCNC(NN)(N)CCN
NCNC(NN)(N)CNC
NCNC(NN)(N)NCC
NCNC(NN)C(N)CN
NCNC(NN)C(N)NC
NCNC(NN)CNCN
NCNC(NN)CNNC
NCNC(NN)N(C)NC
NCNC(NN)N(N)CC
NCNC(NN)NCCN
NCNC(NN)NCNC
NCNC(NN)NN(C)C
NCNC(NN)NNCC
NCNC(NNC)NNC
NCNCC(N)(N)NNC
NCNCC(N)N(N)NC
NCNCC(N)NNNC
NCNCC(NN)NNC
NCNCCN(N)NNC
NCNCCNN(N)NC
NCNCCNNNNC
NCNCN(C)N(N)NC
NCNCN(C)NNNC
NCNCN(CN)NNC
NCNCN(N)C(N)CN
NCNCN(N)C(N)NC
NCNCN(N)CNCN
NCNCN(N)CNNC
NCNCN(N)N(C)NC
NCNCN(N)N(N)CC
NCNCN(N)NCCN
NCNCN(N)NCNC
NCNCN(N)NN(C)C
NCNCN(N)NNCC
NCNCN(NC)NNC
NCNCN(NN)CCN
NCNCN(NN)CNC
NCNCN(NN)NCC
NCNCNC(N)(N)CN
NCNCNC(N)(N)NC
NCNCNC(N)NNC
NCNCNCN(N)NC
NCNCNCNNNC
NCNCNN(C)NNC
NCNCNN(N)CCN
NCNCNN(N)CNC
NCNCNN(N)N(C)C
NCNCNN(N)NCC
NCNCNN(NC)NC
NCNCNNC(N)CN
NCNCNNC(N)NC
NCNCNNCNCN
NCNCNNCNNC
NCNCNNN(C)NC
NCNCNNN(N)CC
NCNCNNNCCN
NCNCNNNCNC
NCNCNNNN(C)C
NCNCNNNNCC
NCNN(C(C)N)NCN
NCNN(C(C)N)NNC
NCNN(C(N)N)CCN
NCNN(C(N)N)CNC
NCNN(C(N)N)NCC
NCNN(C)C(N)(N)CN
NCNN(C)C(N)(N)NC
NCNN(C)C(N)NCN
NCNN(C)C(N)NNC
NCNN(C)CN(N)NC
NCNN(C)CNNCN
NCNN(C)CNNNC
NCNN(C)N(C)NCN
NCNN(C)N(C)NNC
NCNN(C)N(N)CCN
NCNN(C)N(N)CNC
NCNN(C)N(N)N(C)C
NCNN(C)N(N)NCC
NCNN(C)N(NC)NC
NCNN(C)NC(N)CN
NCNN(C)NC(N)NC
NCNN(C)NCNCN
NCNN(C)NCNNC
NCNN(C)NN(C)NC
NCNN(C)NN(N)CC
NCNN(C)NNCCN
NCNN(C)NNCNC
NCNN(C)NNN(C)C
NCNN(C)NNNCC
NCNN(CC)N(N)NC
NCNN(CC)NNCN
NCNN(CC)NNNC
NCNN(CCN)NCN
NCNN(CCN)NNC
NCNN(CN)C(N)CN
NCNN(CN)C(N)NC
NCNN(CN)CNCN
NCNN(CN)CNNC
NCNN(CN)N(C)NC
NCNN(CN)N(N)CC
NCNN(CN)NCCN
NCNN(CN)NCNC
NCNN(CN)NN(C)C
NCNN(CN)NNCC
NCNN(CNC)NCN
NCNN(CNC)NNC
NCNN(N(C)C)NCN
NCNN(N(C)C)NNC
NCNN(N(C)N)CCN
NCNN(N(C)N)CNC
NCNN(N(C)N)NCC
NCNN(N(N)N)CCC
NCNN(N)C(C)NCN
NCNN(N)C(C)NNC
NCNN(N)C(CN)CN
NCNN(N)C(CN)NC
NCNN(N)C(N)(C)CN
NCNN(N)C(N)(C)NC
NCNN(N)C(N)(N)CC
NCNN(N)C(N)CCN
NCNN(N)C(N)CNC
NCNN(N)C(N)N(C)C
NCNN(N)C(N)NCC
NCNN(N)C(NC)NC
NCNN(N)CC(N)CN
NCNN(N)CC(N)NC
NCNN(N)CCNCN
NCNN(N)CCNNC
NCNN(N)CN(C)NC
NCNN(N)CN(N)CC
NCNN(N)CNCCN
NCNN(N)CNCNC
NCNN(N)CNN(C)C
NCNN(N)CNNCC
NCNN(N)N(C)CCN
NCNN(N)N(C)CNC
NCNN(N)N(C)N(C)C
NCNN(N)N(C)NCC
NCNN(N)N(CC)NC
NCNN(N)N(N)C(C)C
NCNN(N)N(N)CCC
NCNN(N)NC(C)CN
NCNN(N)NC(C)NC
NCNN(N)NC(N)CC
NCNN(N)NCCCN
NCNN(N)NCCNC
NCNN(N)NCN(C)C
NCNN(N)NCNCC
NCNN(N)NN(C)CC
NCNN(N)NNC(C)C
NCNN(N)NNCCC
NCNN(NC)C(N)CN
NCNN(NC)C(N)NC
NCNN(NC)CNCN
NCNN(NC)CNNC
NCNN(NC)N(C)NC
NCNN(NC)N(N)CC
NCNN(NC)NCCN
NCNN(NC)NCNC
NCNN(NC)NN(C)C
NCNN(NC)NNCC
NCNN(NCC)NCN
NCNN(NCC)NNC
NCNN(NN)C(C)CN
NCNN(NN)C(C)NC
NCNN(NN)C(N)CC
NCNN(NN)CCCN
NCNN(NN)CCNC
NCNN(NN)CN(C)C
NCNN(NN)CNCC
NCNN(NN)N(C)CC
NCNN(NN)NC(C)C
NCNN(NN)NCCC
NCNNC(C)N(N)NC
NCNNC(C)NNCN
NCNNC(C)NNNC
NCNNC(CN)(N)CN
NCNNC(CN)(N)NC
NCNNC(CN)NCN
NCNNC(CN)NNC
NCNNC(N)(C)NCN
NCNNC(N)(C)NNC
NCNNC(N)(N)CCN
NCNNC(N)(N)CNC
NCNNC(N)(N)N(C)C
NCNNC(N)(N)NCC
NCNNC(N)C(N)CN
NCNNC(N)C(N)NC
NCNNC(N)CNCN
NCNNC(N)CNNC
NCNNC(N)N(C)NC
NCNNC(N)N(N)CC
NCNNC(N)NCCN
NCNNC(N)NCNC
NCNNC(N)NN(C)C
NCNNC(N)NNCC
NCNNC(NC)(N)NC
NCNNC(NC)NCN
NCNNC(NC)NNC
NCNNC(NN)CCN
NCNNC(NN)CNC
NCNNC(NN)NCC
NCNNCC(N)(N)CN
NCNNCC(N)(N)NC
NCNNCC(N)NCN
NCNNCC(N)NNC
NCNNCCN(N)NC
NCNNCCNNCN
NCNNCCNNNC
NCNNCN(C)NNC
NCNNCN(N)CCN
NCNNCN(N)CNC
NCNNCN(N)N(C)C
NCNNCN(N)NCC
NCNNCN(NC)NC
NCNNCNC(N)CN
NCNNCNC(N)NC
NCNNCNCNCN
NCNNCNCNNC
NCNNCNN(C)NC
NCNNCNN(N)CC
NCNNCNNCCN
NCNNCNNCNC
NCNNCNNN(C)C
NCNNCNNNCC
NCNNN(C)C(N)CN
NCNNN(C)C(N)NC
NCNNN(C)CNCN
NCNNN(C)CNNC
NCNNN(C)N(C)NC
NCNNN(C)N(N)CC
NCNNN(C)NCCN
NCNNN(C)NCNC
NCNNN(C)NN(C)C
NCNNN(C)NNCC
NCNNN(CC)NNC
NCNNN(CN)CCN
NCNNN(CN)CNC
NCNNN(CN)NCC
NCNNN(N)C(C)CN
NCNNN(N)C(C)NC
NCNNN(N)C(N)CC
NCNNN(N)CCCN
NCNNN(N)CCNC
NCNNN(N)CN(C)C
NCNNN(N)CNCC
NCNNN(N)N(C)CC
NCNNN(N)NC(C)C
NCNNN(N)NCCC
NCNNN(NC)CCN
NCNNN(NC)CNC
NCNNN(NC)N(C)C
NCNNN(NC)NCC
NCNNN(NN)CCC
NCNNNC(C)NCN
NCNNNC(C)NNC
NCNNNC(CN)CN
NCNNNC(CN)NC
NCNNNC(N)(C)CN
NCNNNC(N)(C)NC
NCNNNC(N)(N)CC
NCNNNC(N)CCN
NCNNNC(N)CNC
NCNNNC(N)N(C)C
NCNNNC(N)NCC
NCNNNC(NC)NC
NCNNNCC(N)CN
NCNNNCC(N)NC
NCNNNCCNCN
NCNNNCCNNC
NCNNNCN(C)NC
NCNNNCN(N)CC
NCNNNCNCCN
NCNNNCNCNC
NCNNNCNN(C)C
NCNNNCNNCC
NCNNNN(C)CCN
NCNNNN(C)CNC
NCNNNN(C)N(C)C
NCNNNN(C)NCC
NCNNNN(CC)NC
NCNNNN(N)C(C)C
NCNNNN(N)CCC
NCNNNNC(C)CN
NCNNNNC(C)NC
NCNNNNC(N)CC
NCNNNNCCCN
NCNNNNCCNC
NCNNNNCN(C)C
NCNNNNCNCC
NCNNNNN(C)CC
NCNNNNNC(C)C
NCNNNNNCCC
NN(C)C(C(C)N)(N)NN
NN(C)C(C(C)N)NNN
NN(C)C(C(N)(C)N)NN
NN(C)C(C(N)(N)N)NC
NN(C)C(C(N)N)(C)NN
NN(C)C(C(N)N)(N)NC
NN(C)C(C(N)N)C(N)N
NN(C)C(C(N)N)CNN
NN(C)C(C(N)N)N(N)C
NN(C)C(C(N)N)NCN
NN(C)C(C(N)N)NNC
NN(C)C(C)(C)N(N)NN
NN(C)C(C)(C)NNNN
NN(C)C(C)C(N)(N)NN
NN(C)C(C)C(N)NNN
NN(C)C(C)C(NN)NN
NN(C)C(C)CN(N)NN
NN(C)C(C)CNNNN
NN(C)C(C)N(C)NNN
NN(C)C(C)N(CN)NN
NN(C)C(C)N(N)C(N)N
NN(C)C(C)N(N)CNN
NN(C)C(C)N(N)NCN
NN(C)C(C)N(N)NNC
NN(C)C(C)N(NC)NN
NN(C)C(C)NC(N)(N)N
NN(C)C(C)NC(N)NN
NN(C)C(C)NCNNN
NN(C)C(C)NN(C)NN
NN(C)C(C)NN(N)CN
NN(C)C(C)NN(N)NC
NN(C)C(C)NNC(N)N
NN(C)C(C)NNCNN
NN(C)C(C)NNNCN
NN(C)C(C)NNNNC
NN(C)C(CC)(N)NNN
NN(C)C(CC)N(N)NN
NN(C)C(CC)NNNN
NN(C)C(CN)(C)NNN
NN(C)C(CN)(CN)NN
NN(C)C(CN)(N)C(N)N
NN(C)C(CN)(N)CNN
NN(C)C(CN)(N)N(N)C
NN(C)C(CN)(N)NCN
NN(C)C(CN)(N)NNC
NN(C)C(CN)C(N)(N)N
NN(C)C(CN)C(N)NN
NN(C)C(CN)CNNN
NN(C)C(CN)N(C)NN
NN(C)C(CN)N(N)CN
NN(C)C(CN)N(N)NC
NN(C)C(CN)NC(N)N
NN(C)C(CN)NCNN
NN(C)C(CN)NNCN
NN(C)C(CN)NNNC
NN(C)C(N(C)C)NNN
NN(C)C(N(C)N)CNN
NN(C)C(N(C)N)N(N)C
NN(C)C(N(C)N)NCN
NN(C)C(N(C)N)NNC
NN(C)C(N)(C)C(N)(N)N
NN(C)C(N)(C)C(N)NN
NN(C)C(N)(C)CNNN
NN(C)C(N)(C)N(C)NN
NN(C)C(N)(C)N(N)CN
NN(C)C(N)(C)N(N)NC
NN(C)C(N)(C)NC(N)N
NN(C)C(N)(C)NCNN
NN(C)C(N)(C)NNCN
NN(C)C(N)(C)NNNC
NN(C)C(N)(N)C(C)NN
NN(C)C(N)(N)C(N)(C)N
NN(C)C(N)(N)C(N)CN
NN(C)C(N)(N)C(N)NC
NN(C)C(N)(N)CC(N)N
NN(C)C(N)(N)CCNN
NN(C)C(N)(N)CN(C)N
NN(C)C(N)(N)CNCN
NN(C)C(N)(N)CNNC
NN(C)C(N)(N)N(C)CN
NN(C)C(N)(N)N(C)NC
NN(C)C(N)(N)N(N)CC
NN(C)C(N)(N)NC(C)N
NN(C)C(N)(N)NCCN
NN(C)C(N)(N)NCNC
NN(C)C(N)(N)NN(C)C
NN(C)C(N)(N)NNCC
NN(C)C(N)C(C)NNN
NN(C)C(N)C(CN)NN
NN(C)C(N)C(N)(C)NN
NN(C)C(N)C(N)(N)CN
NN(C)C(N)C(N)(N)NC
NN(C)C(N)C(N)C(N)N
NN(C)C(N)C(N)CNN
NN(C)C(N)C(N)N(N)C
NN(C)C(N)C(N)NCN
NN(C)C(N)C(N)NNC
NN(C)C(N)C(NC)NN
NN(C)C(N)CC(N)(N)N
NN(C)C(N)CC(N)NN
NN(C)C(N)CCNNN
NN(C)C(N)CN(C)NN
NN(C)C(N)CN(N)CN
NN(C)C(N)CN(N)NC
NN(C)C(N)CNC(N)N
NN(C)C(N)CNCNN
NN(C)C(N)CNNCN
NN(C)C(N)CNNNC
NN(C)C(N)N(C)C(N)N
NN(C)C(N)N(C)CNN
NN(C)C(N)N(C)NCN
NN(C)C(N)N(C)NNC
NN(C)C(N)N(CC)NN
NN(C)C(N)N(CN)CN
NN(C)C(N)N(CN)NC
NN(C)C(N)N(N)C(C)N
NN(C)C(N)N(N)CCN
NN(C)C(N)N(N)CNC
NN(C)C(N)N(N)N(C)C
NN(C)C(N)N(N)NCC
NN(C)C(N)N(NC)NC
NN(C)C(N)NC(C)NN
NN(C)C(N)NC(N)(C)N
NN(C)C(N)NC(N)CN
NN(C)C(N)NC(N)NC
NN(C)C(N)NCC(N)N
NN(C)C(N)NCCNN
NN(C)C(N)NCN(C)N
NN(C)C(N)NCNCN
NN(C)C(N)NCNNC
NN(C)C(N)NN(C)CN
NN(C)C(N)NN(C)NC
NN(C)C(N)NN(N)CC
NN(C)C(N)NNC(C)N
NN(C)C(N)NNCCN
NN(C)C(N)NNCNC
NN(C)C(N)NNN(C)C
NN(C)C(N)NNNCC
NN(C)C(NC)(C)NNN
NN(C)C(NC)(CN)NN
NN(C)C(NC)(N)CNN
NN(C)C(NC)(N)N(N)C
NN(C)C(NC)(N)NCN
NN(C)C(NC)(N)NNC
NN(C)C(NC)(NC)NN
NN(C)C(NC)C(N)NN
NN(C)C(NC)CNNN
NN(C)C(NC)N(C)NN
NN(C)C(NC)N(N)CN
NN(C)C(NC)N(N)NC
NN(C)C(NC)NC(N)N
NN(C)C(NC)NCNN
NN(C)C(NC)NNCN
NN(C)C(NC)NNNC
NN(C)C(NN)(C)CNN
NN(C)C(NN)(C)N(N)C
NN(C)C(NN)(C)NCN
NN(C)C(NN)(C)NNC
NN(C)C(NN)(CC)NN
NN(C)C(NN)(N)CCN
NN(C)C(NN)(N)CNC
NN(C)C(NN)(N)N(C)C
NN(C)C(NN)(N)NCC
NN(C)C(NN)C(C)NN
NN(C)C(NN)C(N)CN
NN(C)C(NN)C(N)NC
NN(C)C(NN)CC(N)N
NN(C)C(NN)CCNN
NN(C)C(NN)CN(C)N
NN(C)C(NN)CNCN
NN(C)C(NN)CNNC
NN(C)C(NN)N(C)CN
NN(C)C(NN)N(C)NC
NN(C)C(NN)N(N)CC
NN(C)C(NN)NC(C)N
NN(C)C(NN)NCCN
NN(C)C(NN)NCNC
NN(C)C(NN)NN(C)C
NN(C)C(NN)NNCC
NN(C)CC(C(N)N)NN
NN(C)CC(C)N(N)NN
NN(C)CC(C)NNNN
NN(C)CC(CN)(N)NN
NN(C)CC(CN)NNN
NN(C)CC(N)(C)NNN
NN(C)CC(N)(N)C(N)N
NN(C)CC(N)(N)CNN
NN(C)CC(N)(N)NCN
NN(C)CC(N)(N)NNC
NN(C)CC(N)C(N)(N)N
NN(C)CC(N)C(N)NN
NN(C)CC(N)CNNN
NN(C)CC(N)N(C)NN
NN(C)CC(N)N(N)CN
NN(C)CC(N)N(N)NC
NN(C)CC(N)NC(N)N
NN(C)CC(N)NCNN
NN(C)CC(N)NNCN
NN(C)CC(N)NNNC
NN(C)CC(NC)(N)NN
NN(C)CC(NC)NNN
NN(C)CC(NN)(C)NN
NN(C)CC(NN)CNN
NN(C)CC(NN)NCN
NN(C)CC(NN)NNC
NN(C)CCC(N)(N)NN
NN(C)CCC(N)NNN
NN(C)CCC(NN)NN
NN(C)CCCN(N)NN
NN(C)CCCNNNN
NN(C)CCN(C)NNN
NN(C)CCN(CN)NN
NN(C)CCN(N)C(N)N
NN(C)CCN(N)CNN
NN(C)CCN(N)NCN
NN(C)CCN(N)NNC
NN(C)CCN(NC)NN
NN(C)CCNC(N)(N)N
NN(C)CCNC(N)NN
NN(C)CCNCNNN
NN(C)CCNN(C)NN
NN(C)CCNN(N)CN
NN(C)CCNN(N)NC
NN(C)CCNNC(N)N
NN(C)CCNNCNN
NN(C)CCNNNCN
NN(C)CCNNNNC
NN(C)CN(C(C)N)NN
NN(C)CN(C(N)N)NC
NN(C)CN(C)C(N)(N)N
NN(C)CN(C)C(N)NN
NN(C)CN(C)CNNN
NN(C)CN(C)N(C)NN
NN(C)CN(C)N(N)CN
NN(C)CN(C)N(N)NC
NN(C)CN(C)NC(N)N
NN(C)CN(C)NCNN
NN(C)CN(C)NNCN
NN(C)CN(C)NNNC
NN(C)CN(CC)NNN
NN(C)CN(CN)C(N)N
NN(C)CN(CN)CNN
NN(C)CN(CN)NCN
NN(C)CN(CN)NNC
NN(C)CN(N)C(C)NN
NN(C)CN(N)C(N)(C)N
NN(C)CN(N)C(N)CN
NN(C)CN(N)C(N)NC
NN(C)CN(N)CC(N)N
NN(C)CN(N)CCNN
NN(C)CN(N)CN(N)C
NN(C)CN(N)CNCN
NN(C)CN(N)CNNC
NN(C)CN(N)N(C)CN
NN(C)CN(N)N(C)NC
NN(C)CN(N)N(N)CC
NN(C)CN(N)NC(C)N
NN(C)CN(N)NCCN
NN(C)CN(N)NCNC
NN(C)CN(N)NN(C)C
NN(C)CN(N)NNCC
NN(C)CN(NC)CNN
NN(C)CN(NC)NCN
NN(C)CN(NC)NNC
NN(C)CN(NN)CCN
NN(C)CN(NN)CNC
NN(C)CN(NN)N(C)C
NN(C)CN(NN)NCC
NN(C)CNC(C)NNN
NN(C)CNC(CN)NN
NN(C)CNC(N)(C)NN
NN(C)CNC(N)(N)CN
NN(C)CNC(N)(N)NC
NN(C)CNC(N)C(N)N
NN(C)CNC(N)CNN
NN(C)CNC(N)NCN
NN(C)CNC(N)NNC
NN(C)CNC(NC)NN
NN(C)CNCC(N)(N)N
NN(C)CNCC(N)NN
NN(C)CNCCNNN
NN(C)CNCN(C)NN
NN(C)CNCN(N)CN
NN(C)CNCN(N)NC
NN(C)CNCNC(N)N
NN(C)CNCNCNN
NN(C)CNCNNCN
NN(C)CNCNNNC
NN(C)CNN(C)C(N)N
NN(C)CNN(C)CNN
NN(C)CNN(C)NCN
NN(C)CNN(C)NNC
NN(C)CNN(CC)NN
NN(C)CNN(CN)CN
NN(C)CNN(CN)NC
NN(C)CNN(N)C(C)N
NN(C)CNN(N)CCN
NN(C)CNN(N)CNC
NN(C)CNN(N)N(C)C
NN(C)CNN(N)NCC
NN(C)CNN(NC)NC
NN(C)CNNC(C)NN
NN(C)CNNC(N)(C)N
NN(C)CNNC(N)CN
NN(C)CNNC(N)NC
NN(C)CNNCC(N)N
NN(C)CNNCCNN
NN(C)CNNCN(N)C
NN(C)CNNCNCN
NN(C)CNNCNNC
NN(C)CNNN(C)CN
NN(C)CNNN(C)NC
NN(C)CNNN(N)CC
NN(C)CNNNC(C)N
NN(C)CNNNCCN
NN(C)CNNNCNC
NN(C)CNNNN(C)C
NN(C)CNNNNCC
NN(C)N(C(C)(C)N)NN
NN(C)N(C(C)C)NNN
NN(C)N(C(C)N)C(N)N
NN(C)N(C(C)N)CNN
NN(C)N(C(C)N)N(N)C
NN(C)N(C(C)N)NCN
NN(C)N(C(C)N)NNC
NN(C)N(C(N)(C)N)NC
NN(C)N(C(N)N)CCN
NN(C)N(C(N)N)CNC
NN(C)N(C(N)N)N(C)C
NN(C)N(C(N)N)NCC
NN(C)N(C)C(C)NNN
NN(C)N(C)C(CN)NN
NN(C)N(C)C(N)(C)NN
NN(C)N(C)C(N)(N)CN
NN(C)N(C)C(N)(N)NC
NN(C)N(C)C(N)C(N)N
NN(C)N(C)C(N)CNN
NN(C)N(C)C(N)N(C)N
NN(C)N(C)C(N)NCN
NN(C)N(C)C(N)NNC
NN(C)N(C)C(NC)NN
NN(C)N(C)CC(N)(N)N
NN(C)N(C)CC(N)NN
NN(C)N(C)CCNNN
NN(C)N(C)CN(C)NN
NN(C)N(C)CN(N)CN
NN(C)N(C)CN(N)NC
NN(C)N(C)CNC(N)N
NN(C)N(C)CNCNN
NN(C)N(C)CNN(C)N
NN(C)N(C)CNNCN
NN(C)N(C)CNNNC
NN(C)N(C)N(C)C(N)N
NN(C)N(C)N(C)CNN
NN(C)N(C)N(C)N(N)C
NN(C)N(C)N(C)NCN
NN(C)N(C)N(C)NNC
NN(C)N(C)N(CC)NN
NN(C)N(C)N(CN)CN
NN(C)N(C)N(CN)NC
NN(C)N(C)N(N)C(C)N
NN(C)N(C)N(N)CCN
NN(C)N(C)N(N)CNC
NN(C)N(C)N(N)N(C)C
NN(C)N(C)N(N)NCC
NN(C)N(C)N(NC)NC
NN(C)N(C)NC(C)NN
NN(C)N(C)NC(N)(C)N
NN(C)N(C)NC(N)CN
NN(C)N(C)NC(N)NC
NN(C)N(C)NCC(N)N
NN(C)N(C)NCCNN
NN(C)N(C)NCN(C)N
NN(C)N(C)NCNCN
NN(C)N(C)NCNNC
NN(C)N(C)NN(C)CN
NN(C)N(C)NN(C)NC
NN(C)N(C)NN(N)CC
NN(C)N(C)NNC(C)N
NN(C)N(C)NNCCN
NN(C)N(C)NNCNC
NN(C)N(C)NNN(C)C
NN(C)N(C)NNNCC
NN(C)N(CC)C(N)(N)N
NN(C)N(CC)C(N)NN
NN(C)N(CC)CNNN
NN(C)N(CC)N(C)NN
NN(C)N(CC)N(N)CN
NN(C)N(CC)N(N)NC
NN(C)N(CC)NC(N)N
NN(C)N(CC)NCNN
NN(C)N(CC)NN(C)N
NN(C)N(CC)NNCN
NN(C)N(CC)NNNC
NN(C)N(CN)C(C)NN
NN(C)N(CN)C(N)(C)N
NN(C)N(CN)C(N)CN
NN(C)N(CN)C(N)NC
NN(C)N(CN)CC(N)N
NN(C)N(CN)CCNN
NN(C)N(CN)CN(C)N
NN(C)N(CN)CNCN
NN(C)N(CN)CNNC
NN(C)N(CN)N(C)CN
NN(C)N(CN)N(C)NC
NN(C)N(CN)N(N)CC
NN(C)N(CN)NC(C)N
NN(C)N(CN)NCCN
NN(C)N(CN)NCNC
NN(C)N(CN)NN(C)C
NN(C)N(CN)NNCC
NN(C)N(N(C)C)CNN
NN(C)N(N(C)C)N(N)C
NN(C)N(N(C)C)NCN
NN(C)N(N(C)C)NNC
NN(C)N(N(C)N)CCN
NN(C)N(N(C)N)CNC
NN(C)N(N(C)N)NCC
NN(C)N(N)C(C)(C)NN
NN(C)N(N)C(C)C(N)N
NN(C)N(N)C(C)CNN
NN(C)N(N)C(C)N(C)N
NN(C)N(N)C(C)NCN
NN(C)N(N)C(C)NNC
NN(C)N(N)C(CC)NN
NN(C)N(N)C(CN)CN
NN(C)N(N)C(CN)NC
NN(C)N(N)C(N)(C)CN
NN(C)N(N)C(N)(C)NC
NN(C)N(N)C(N)(N)CC
NN(C)N(N)C(N)C(C)N
NN(C)N(N)C(N)CCN
NN(C)N(N)C(N)CNC
NN(C)N(N)C(N)N(C)C
NN(C)N(N)C(N)NCC
NN(C)N(N)C(NC)NC
NN(C)N(N)CC(C)NN
NN(C)N(N)CC(N)(C)N
NN(C)N(N)CC(N)CN
NN(C)N(N)CC(N)NC
NN(C)N(N)CCC(N)N
NN(C)N(N)CCCNN
NN(C)N(N)CCN(C)N
NN(C)N(N)CCNCN
NN(C)N(N)CCNNC
NN(C)N(N)CN(C)CN
NN(C)N(N)CN(C)NC
NN(C)N(N)CN(N)CC
NN(C)N(N)CNC(C)N
NN(C)N(N)CNCCN
NN(C)N(N)CNCNC
NN(C)N(N)CNN(C)C
NN(C)N(N)CNNCC
NN(C)N(N)N(C)C(C)N
NN(C)N(N)N(C)CCN
NN(C)N(N)N(C)CNC
NN(C)N(N)N(C)N(C)C
NN(C)N(N)N(C)NCC
NN(C)N(N)N(CC)CN
NN(C)N(N)N(CC)NC
NN(C)N(N)N(N)C(C)C
NN(C)N(N)N(N)CCC
NN(C)N(N)NC(C)(C)N
NN(C)N(N)NC(C)CN
NN(C)N(N)NC(C)NC
NN(C)N(N)NC(N)CC
NN(C)N(N)NCC(C)N
NN(C)N(N)NCCCN
NN(C)N(N)NCCNC
NN(C)N(N)NCN(C)C
NN(C)N(N)NCNCC
NN(C)N(N)NN(C)CC
NN(C)N(N)NNC(C)C
NN(C)N(N)NNCCC
NN(C)N(NC)C(C)NN
NN(C)N(NC)C(N)CN
NN(C)N(NC)C(N)NC
NN(C)N(NC)CC(N)N
NN(C)N(NC)CCNN
NN(C)N(NC)CN(C)N
NN(C)N(NC)CNCN
NN(C)N(NC)CNNC
NN(C)N(NC)N(C)CN
NN(C)N(NC)N(C)NC
NN(C)N(NC)N(N)CC
NN(C)N(NC)NC(C)N
NN(C)N(NC)NCCN
NN(C)N(NC)NCNC
NN(C)N(NC)NN(C)C
NN(C)N(NC)NNCC
NN(C)N(NN)C(C)CN
NN(C)N(NN)C(C)NC
NN(C)N(NN)C(N)CC
NN(C)N(NN)CC(C)N
NN(C)N(NN)CCCN
NN(C)N(NN)CCNC
NN(C)N(NN)CN(C)C
NN(C)N(NN)CNCC
NN(C)N(NN)N(C)CC
NN(C)N(NN)NC(C)C
NN(C)N(NN)NCCC
NN(C)NC(C(C)N)NN
NN(C)NC(C(N)N)NC
NN(C)NC(C)(C)NNN
NN(C)NC(C)C(N)(N)N
NN(C)NC(C)C(N)NN
NN(C)NC(C)CNNN
NN(C)NC(C)N(C)NN
NN(C)NC(C)N(N)CN
NN(C)NC(C)N(N)NC
NN(C)NC(C)NC(N)N
NN(C)NC(C)NCNN
NN(C)NC(C)NN(N)C
NN(C)NC(C)NNCN
NN(C)NC(C)NNNC
NN(C)NC(CC)(N)NN
NN(C)NC(CC)NNN
NN(C)NC(CN)(C)NN
NN(C)NC(CN)(N)CN
NN(C)NC(CN)(N)NC
NN(C)NC(CN)C(N)N
NN(C)NC(CN)CNN
NN(C)NC(CN)N(C)N
NN(C)NC(CN)NCN
NN(C)NC(CN)NNC
NN(C)NC(N)(C)C(N)N
NN(C)NC(N)(C)CNN
NN(C)NC(N)(C)N(C)N
NN(C)NC(N)(C)NCN
NN(C)NC(N)(C)NNC
NN(C)NC(N)(N)C(C)N
NN(C)NC(N)(N)CCN
NN(C)NC(N)(N)CNC
NN(C)NC(N)(N)N(C)C
NN(C)NC(N)(N)NCC
NN(C)NC(N)C(C)NN
NN(C)NC(N)C(N)(C)N
NN(C)NC(N)C(N)CN
NN(C)NC(N)C(N)NC
NN(C)NC(N)CC(N)N
NN(C)NC(N)CCNN
NN(C)NC(N)CN(C)N
NN(C)NC(N)CNCN
NN(C)NC(N)CNNC
NN(C)NC(N)N(C)CN
NN(C)NC(N)N(C)NC
NN(C)NC(N)N(N)CC
NN(C)NC(N)NC(C)N
NN(C)NC(N)NCCN
NN(C)NC(N)NCNC
NN(C)NC(N)NN(C)C
NN(C)NC(N)NNCC
NN(C)NC(NC)(C)NN
NN(C)NC(NC)(N)NC
NN(C)NC(NC)CNN
NN(C)NC(NC)N(C)N
NN(C)NC(NC)NCN
NN(C)NC(NC)NNC
NN(C)NC(NN)CCN
NN(C)NC(NN)CNC
NN(C)NC(NN)N(C)C
NN(C)NC(NN)NCC
NN(C)NCC(C)NNN
NN(C)NCC(CN)NN
NN(C)NCC(N)(C)NN
NN(C)NCC(N)(N)CN
NN(C)NCC(N)(N)NC
NN(C)NCC(N)C(N)N
NN(C)NCC(N)CNN
NN(C)NCC(N)N(C)N
NN(C)NCC(N)NCN
NN(C)NCC(N)NNC
NN(C)NCC(NC)NN
NN(C)NCCC(N)(N)N
NN(C)NCCC(N)NN
NN(C)NCCCNNN
NN(C)NCCN(C)NN
NN(C)NCCN(N)CN
NN(C)NCCN(N)NC
NN(C)NCCNC(N)N
NN(C)NCCNCNN
NN(C)NCCNN(N)C
NN(C)NCCNNCN
NN(C)NCCNNNC
NN(C)NCN(C)C(N)N
NN(C)NCN(C)CNN
NN(C)NCN(C)NCN
NN(C)NCN(C)NNC
NN(C)NCN(CC)NN
NN(C)NCN(CN)CN
NN(C)NCN(CN)NC
NN(C)NCN(N)C(C)N
NN(C)NCN(N)CCN
NN(C)NCN(N)CNC
NN(C)NCN(N)N(C)C
NN(C)NCN(N)NCC
NN(C)NCN(NC)NC
NN(C)NCNC(C)NN
NN(C)NCNC(N)(C)N
NN(C)NCNC(N)CN
NN(C)NCNC(N)NC
NN(C)NCNCC(N)N
NN(C)NCNCCNN
NN(C)NCNCN(C)N
NN(C)NCNCNCN
NN(C)NCNCNNC
NN(C)NCNN(C)CN
NN(C)NCNN(C)NC
NN(C)NCNN(N)CC
NN(C)NCNNC(C)N
NN(C)NCNNCCN
NN(C)NCNNCNC
NN(C)NCNNN(C)C
NN(C)NCNNNCC
NN(C)NN(C(C)C)NN
NN(C)NN(C(C)N)NC
NN(C)NN(C)C(C)NN
NN(C)NN(C)C(N)(C)N
NN(C)NN(C)C(N)CN
NN(C)NN(C)C(N)NC
NN(C)NN(C)CC(N)N
NN(C)NN(C)CCNN
NN(C)NN(C)CN(C)N
NN(C)NN(C)CNCN
NN(C)NN(C)CNNC
NN(C)NN(C)N(C)CN
NN(C)NN(C)N(C)NC
NN(C)NN(C)N(N)CC
NN(C)NN(C)NC(C)N
NN(C)NN(C)NCCN
NN(C)NN(C)NCNC
NN(C)NN(C)NN(C)C
NN(C)NN(C)NNCC
NN(C)NN(CC)C(N)N
NN(C)NN(CC)CNN
NN(C)NN(CC)NCN
NN(C)NN(CC)NNC
NN(C)NN(CN)C(C)N
NN(C)NN(CN)CCN
NN(C)NN(CN)CNC
NN(C)NN(CN)N(C)C
NN(C)NN(CN)NCC
NN(C)NN(N)C(C)(C)N
NN(C)NN(N)C(C)CN
NN(C)NN(N)C(C)NC
NN(C)NN(N)C(N)CC
NN(C)NN(N)CC(C)N
NN(C)NN(N)CCCN
NN(C)NN(N)CCNC
NN(C)NN(N)CN(C)C
NN(C)NN(N)CNCC
NN(C)NN(N)N(C)CC
NN(C)NN(N)NC(C)C
NN(C)NN(N)NCCC
NN(C)NN(NC)CCN
NN(C)NN(NC)CNC
NN(C)NN(NC)N(C)C
NN(C)NN(NC)NCC
NN(C)NN(NN)CCC
NN(C)NNC(C)(C)NN
NN(C)NNC(C)C(N)N
NN(C)NNC(C)CNN
NN(C)NNC(C)N(C)N
NN(C)NNC(C)NCN
NN(C)NNC(C)NNC
NN(C)NNC(CC)NN
NN(C)NNC(CN)CN
NN(C)NNC(CN)NC
NN(C)NNC(N)(C)CN
NN(C)NNC(N)(C)NC
NN(C)NNC(N)(N)CC
NN(C)NNC(N)C(C)N
NN(C)NNC(N)CCN
NN(C)NNC(N)CNC
NN(C)NNC(N)N(C)C
NN(C)NNC(N)NCC
NN(C)NNC(NC)NC
NN(C)NNCC(C)NN
NN(C)NNCC(N)(C)N
NN(C)NNCC(N)CN
NN(C)NNCC(N)NC
NN(C)NNCCC(N)N
NN(C)NNCCCNN
NN(C)NNCCN(C)N
NN(C)NNCCNCN
NN(C)NNCCNNC
NN(C)NNCN(C)CN
NN(C)NNCN(C)NC
NN(C)NNCN(N)CC
NN(C)NNCNC(C)N
NN(C)NNCNCCN
NN(C)NNCNCNC
NN(C)NNCNN(C)C
NN(C)NNCNNCC
NN(C)NNN(C)C(C)N
NN(C)NNN(C)CCN
NN(C)NNN(C)CNC
NN(C)NNN(C)N(C)C
NN(C)NNN(C)NCC
NN(C)NNN(CC)CN
NN(C)NNN(CC)NC
NN(C)NNN(N)C(C)C
NN(C)NNN(N)CCC
NN(C)NNNC(C)(C)N
NN(C)NNNC(C)CN
NN(C)NNNC(C)NC
NN(C)NNNC(N)CC
NN(C)NNNCC(C)N
NN(C)NNNCCCN
NN(C)NNNCCNC
NN(C)NNNCN(C)C
NN(C)NNNCNCC
NN(C)NNNN(C)CC
NN(C)NNNNC(C)C
NN(C)NNNNCCC
NN(N)C(C(C)(C)N)NN
NN(N)C(C(C)C)(N)NN
NN(N)C(C(C)C)N(N)N
NN(N)C(C(C)C)NNN
NN(N)C(C(C)N)(C)NN
NN(N)C(C(C)N)(N)NC
NN(N)C(C(C)N)C(N)N
NN(N)C(C(C)N)CNN
NN(N)C(C(C)N)N(C)N
NN(N)C(C(C)N)NCN
NN(N)C(C(C)N)NNC
NN(N)C(C(N)(C)N)NC
NN(N)C(C(N)N)(C)NC
NN(N)C(C(N)N)CCN
NN(N)C(C(N)N)CNC
NN(N)C(C(N)N)N(C)C
NN(N)C(C(N)N)NCC
NN(N)C(C)(C)C(N)(N)N
NN(N)C(C)(C)C(N)NN
NN(N)C(C)(C)CN(N)N
NN(N)C(C)(C)CNNN
NN(N)C(C)(C)N(C)NN
NN(N)C(C)(C)N(N)CN
NN(N)C(C)(C)N(N)NC
NN(N)C(C)(C)NC(N)N
NN(N)C(C)(C)NCNN
NN(N)C(C)(C)NN(C)N
NN(N)C(C)(C)NNCN
NN(N)C(C)(C)NNNC
NN(N)C(C)C(C)N(N)N
NN(N)C(C)C(C)NNN
NN(N)C(C)C(CN)NN
NN(N)C(C)C(N)(C)NN
NN(N)C(C)C(N)(N)CN
NN(N)C(C)C(N)(N)NC
NN(N)C(C)C(N)C(N)N
NN(N)C(C)C(N)CNN
NN(N)C(C)C(N)N(C)N
NN(N)C(C)C(N)NCN
NN(N)C(C)C(N)NNC
NN(N)C(C)C(NC)NN
NN(N)C(C)CC(N)(N)N
NN(N)C(C)CC(N)NN
NN(N)C(C)CCN(N)N
NN(N)C(C)CCNNN
NN(N)C(C)CN(C)NN
NN(N)C(C)CN(N)CN
NN(N)C(C)CN(N)NC
NN(N)C(C)CNC(N)N
NN(N)C(C)CNCNN
NN(N)C(C)CNN(C)N
NN(N)C(C)CNNCN
NN(N)C(C)CNNNC
NN(N)C(C)N(C)C(N)N
NN(N)C(C)N(C)CNN
NN(N)C(C)N(C)N(C)N
NN(N)C(C)N(C)NCN
NN(N)C(C)N(C)NNC
NN(N)C(C)N(CC)NN
NN(N)C(C)N(CN)CN
NN(N)C(C)N(CN)NC
NN(N)C(C)N(N)C(C)N
NN(N)C(C)N(N)CCN
NN(N)C(C)N(N)CNC
NN(N)C(C)N(N)N(C)C
NN(N)C(C)N(N)NCC
NN(N)C(C)N(NC)NC
NN(N)C(C)NC(C)NN
NN(N)C(C)NC(N)(C)N
NN(N)C(C)NC(N)CN
NN(N)C(C)NC(N)NC
NN(N)C(C)NCC(N)N
NN(N)C(C)NCCNN
NN(N)C(C)NCN(C)N
NN(N)C(C)NCNCN
NN(N)C(C)NCNNC
NN(N)C(C)NN(C)CN
NN(N)C(C)NN(C)NC
NN(N)C(C)NN(N)CC
NN(N)C(C)NNC(C)N
NN(N)C(C)NNCCN
NN(N)C(C)NNCNC
NN(N)C(C)NNN(C)C
NN(N)C(C)NNNCC
NN(N)C(CC)(C)N(N)N
NN(N)C(CC)(C)NNN
NN(N)C(CC)(N)C(N)N
NN(N)C(CC)(N)CNN
NN(N)C(CC)(N)N(C)N
NN(N)C(CC)(N)NCN
NN(N)C(CC)(N)NNC
NN(N)C(CC)C(N)(N)N
NN(N)C(CC)C(N)NN
NN(N)C(CC)CN(N)N
NN(N)C(CC)CNNN
NN(N)C(CC)N(C)NN
NN(N)C(CC)N(N)CN
NN(N)C(CC)N(N)NC
NN(N)C(CC)NC(N)N
NN(N)C(CC)NCNN
NN(N)C(CC)NN(C)N
NN(N)C(CC)NNCN
NN(N)C(CC)NNNC
NN(N)C(CN)(C)C(N)N
NN(N)C(CN)(C)CNN
NN(N)C(CN)(C)N(C)N
NN(N)C(CN)(C)NCN
NN(N)C(CN)(C)NNC
NN(N)C(CN)(CC)NN
NN(N)C(CN)(CN)CN
NN(N)C(CN)(CN)NC
NN(N)C(CN)(N)C(C)N
NN(N)C(CN)(N)CCN
NN(N)C(CN)(N)CNC
NN(N)C(CN)(N)N(C)C
NN(N)C(CN)(N)NCC
NN(N)C(CN)C(C)NN
NN(N)C(CN)C(N)(C)N
NN(N)C(CN)C(N)CN
NN(N)C(CN)C(N)NC
NN(N)C(CN)CC(N)N
NN(N)C(CN)CCNN
NN(N)C(CN)CN(C)N
NN(N)C(CN)CNCN
NN(N)C(CN)CNNC
NN(N)C(CN)N(C)CN
NN(N)C(CN)N(C)NC
NN(N)C(CN)N(N)CC
NN(N)C(CN)NC(C)N
NN(N)C(CN)NCCN
NN(N)C(CN)NCNC
NN(N)C(CN)NN(C)C
NN(N)C(CN)NNCC
NN(N)C(N(C)C)CNN
NN(N)C(N(C)C)N(N)C
NN(N)C(N(C)C)NCN
NN(N)C(N(C)C)NNC
NN(N)C(N(C)N)CCN
NN(N)C(N(C)N)CNC
NN(N)C(N(C)N)NCC
NN(N)C(N(N)N)CCC
NN(N)C(N)(C)C(C)NN
NN(N)C(N)(C)C(N)(C)N
NN(N)C(N)(C)C(N)CN
NN(N)C(N)(C)C(N)NC
NN(N)C(N)(C)CC(N)N
NN(N)C(N)(C)CCNN
NN(N)C(N)(C)CN(C)N
NN(N)C(N)(C)CNCN
NN(N)C(N)(C)CNNC
NN(N)C(N)(C)N(C)CN
NN(N)C(N)(C)N(C)NC
NN(N)C(N)(C)N(N)CC
NN(N)C(N)(C)NC(C)N
NN(N)C(N)(C)NCCN
NN(N)C(N)(C)NCNC
NN(N)C(N)(C)NN(C)C
NN(N)C(N)(C)NNCC
NN(N)C(N)(N)C(C)(C)N
NN(N)C(N)(N)C(C)CN
NN(N)C(N)(N)C(C)NC
NN(N)C(N)(N)C(N)CC
NN(N)C(N)(N)CC(C)N
NN(N)C(N)(N)CCCN
NN(N)C(N)(N)CCNC
NN(N)C(N)(N)CN(C)C
NN(N)C(N)(N)CNCC
NN(N)C(N)(N)N(C)CC
NN(N)C(N)(N)NC(C)C
NN(N)C(N)(N)NCCC
NN(N)C(N)C(C)(C)NN
NN(N)C(N)C(C)C(N)N
NN(N)C(N)C(C)CNN
NN(N)C(N)C(C)N(C)N
NN(N)C(N)C(C)NCN
NN(N)C(N)C(C)NNC
NN(N)C(N)C(CC)NN
NN(N)C(N)C(CN)CN
NN(N)C(N)C(CN)NC
NN(N)C(N)C(N)(C)CN
NN(N)C(N)C(N)(C)NC
NN(N)C(N)C(N)(N)CC
NN(N)C(N)C(N)C(C)N
NN(N)C(N)C(N)CCN
NN(N)C(N)C(N)CNC
NN(N)C(N)C(N)N(C)C
NN(N)C(N)C(N)NCC
NN(N)C(N)C(NC)NC
NN(N)C(N)CC(C)NN
NN(N)C(N)CC(N)(C)N
NN(N)C(N)CC(N)CN
NN(N)C(N)CC(N)NC
NN(N)C(N)CCC(N)N
NN(N)C(N)CCCNN
NN(N)C(N)CCN(C)N
NN(N)C(N)CCNCN
NN(N)C(N)CCNNC
NN(N)C(N)CN(C)CN
NN(N)C(N)CN(C)NC
NN(N)C(N)CN(N)CC
NN(N)C(N)CNC(C)N
NN(N)C(N)CNCCN
NN(N)C(N)CNCNC
NN(N)C(N)CNN(C)C
NN(N)C(N)CNNCC
NN(N)C(N)N(C)C(C)N
NN(N)C(N)N(C)CCN
NN(N)C(N)N(C)CNC
NN(N)C(N)N(C)N(C)C
NN(N)C(N)N(C)NCC
NN(N)C(N)N(CC)CN
NN(N)C(N)N(CC)NC
NN(N)C(N)N(N)C(C)C
NN(N)C(N)N(N)CCC
NN(N)C(N)NC(C)(C)N
NN(N)C(N)NC(C)CN
NN(N)C(N)NC(C)NC
NN(N)C(N)NC(N)CC
NN(N)C(N)NCC(C)N
NN(N)C(N)NCCCN
NN(N)C(N)NCCNC
NN(N)C(N)NCN(C)C
NN(N)C(N)NCNCC
NN(N)C(N)NN(C)CC
NN(N)C(N)NNC(C)C
NN(N)C(N)NNCCC
NN(N)C(NC)(C)CNN
NN(N)C(NC)(C)N(C)N
NN(N)C(NC)(C)NCN
NN(N)C(NC)(C)NNC
NN(N)C(NC)(CC)NN
NN(N)C(NC)(CN)NC
NN(N)C(NC)(N)CCN
NN(N)C(NC)(N)CNC
NN(N)C(NC)(N)N(C)C
NN(N)C(NC)(N)NCC
NN(N)C(NC)(NC)NC
NN(N)C(NC)C(C)NN
NN(N)C(NC)C(N)CN
NN(N)C(NC)C(N)NC
NN(N)C(NC)CC(N)N
NN(N)C(NC)CCNN
NN(N)C(NC)CN(C)N
NN(N)C(NC)CNCN
NN(N)C(NC)CNNC
NN(N)C(NC)N(C)CN
NN(N)C(NC)N(C)NC
NN(N)C(NC)N(N)CC
NN(N)C(NC)NC(C)N
NN(N)C(NC)NCCN
NN(N)C(NC)NCNC
NN(N)C(NC)NN(C)C
NN(N)C(NC)NNCC
NN(N)C(NN)(C)CCN
NN(N)C(NN)(C)CNC
NN(N)C(NN)(C)N(C)C
NN(N)C(NN)(C)NCC
NN(N)C(NN)(N)CCC
NN(N)C(NN)C(C)CN
NN(N)C(NN)C(C)NC
NN(N)C(NN)C(N)CC
NN(N)C(NN)CC(C)N
NN(N)C(NN)CCCN
NN(N)C(NN)CCNC
NN(N)C(NN)CN(C)C
NN(N)C(NN)CNCC
NN(N)C(NN)N(C)CC
NN(N)C(NN)NC(C)C
NN(N)C(NN)NCCC
NN(N)CC(C(C)N)NN
NN(N)CC(C(N)N)NC
NN(N)CC(C)(C)NNN
NN(N)CC(C)C(N)(N)N
NN(N)CC(C)C(N)NN
NN(N)CC(C)CN(N)N
NN(N)CC(C)CNNN
NN(N)CC(C)N(C)NN
NN(N)CC(C)N(N)CN
NN(N)CC(C)N(N)NC
NN(N)CC(C)NC(N)N
NN(N)CC(C)NCNN
NN(N)CC(C)NN(C)N
NN(N)CC(C)NNCN
NN(N)CC(C)NNNC
NN(N)CC(CC)(N)NN
NN(N)CC(CC)NNN
NN(N)CC(CN)(C)NN
NN(N)CC(CN)(N)CN
NN(N)CC(CN)(N)NC
NN(N)CC(CN)C(N)N
NN(N)CC(CN)CNN
NN(N)CC(CN)N(C)N
NN(N)CC(CN)NCN
NN(N)CC(CN)NNC
NN(N)CC(N)(C)C(N)N
NN(N)CC(N)(C)CNN
NN(N)CC(N)(C)N(C)N
NN(N)CC(N)(C)NCN
NN(N)CC(N)(C)NNC
NN(N)CC(N)(N)C(C)N
NN(N)CC(N)(N)CCN
NN(N)CC(N)(N)CNC
NN(N)CC(N)(N)N(C)C
NN(N)CC(N)(N)NCC
NN(N)CC(N)C(C)NN
NN(N)CC(N)C(N)(C)N
NN(N)CC(N)C(N)CN
NN(N)CC(N)C(N)NC
NN(N)CC(N)CC(N)N
NN(N)CC(N)CCNN
NN(N)CC(N)CN(C)N
NN(N)CC(N)CNCN
NN(N)CC(N)CNNC
NN(N)CC(N)N(C)CN
NN(N)CC(N)N(C)NC
NN(N)CC(N)N(N)CC
NN(N)CC(N)NC(C)N
NN(N)CC(N)NCCN
NN(N)CC(N)NCNC
NN(N)CC(N)NN(C)C
NN(N)CC(N)NNCC
NN(N)CC(NC)(C)NN
NN(N)CC(NC)(N)NC
NN(N)CC(NC)CNN
NN(N)CC(NC)N(C)N
NN(N)CC(NC)NCN
NN(N)CC(NC)NNC
NN(N)CC(NN)CCN
NN(N)CC(NN)CNC
NN(N)CC(NN)N(C)C
NN(N)CC(NN)NCC
NN(N)CCC(C)NNN
NN(N)CCC(CN)NN
NN(N)CCC(N)(C)NN
NN(N)CCC(N)(N)CN
NN(N)CCC(N)(N)NC
NN(N)CCC(N)C(N)N
NN(N)CCC(N)CNN
NN(N)CCC(N)N(C)N
NN(N)CCC(N)NCN
NN(N)CCC(N)NNC
NN(N)CCC(NC)NN
NN(N)CCCC(N)(N)N
NN(N)CCCC(N)NN
NN(N)CCCCN(N)N
NN(N)CCCCNNN
NN(N)CCCN(C)NN
NN(N)CCCN(N)CN
NN(N)CCCN(N)NC
NN(N)CCCNC(N)N
NN(N)CCCNCNN
NN(N)CCCNN(C)N
NN(N)CCCNNCN
NN(N)CCCNNNC
NN(N)CCN(C)C(N)N
NN(N)CCN(C)CNN
NN(N)CCN(C)N(C)N
NN(N)CCN(C)NCN
NN(N)CCN(C)NNC
NN(N)CCN(CC)NN
NN(N)CCN(CN)CN
NN(N)CCN(CN)NC
NN(N)CCN(N)C(C)N
NN(N)CCN(N)CCN
NN(N)CCN(N)CNC
NN(N)CCN(N)N(C)C
NN(N)CCN(N)NCC
NN(N)CCN(NC)NC
NN(N)CCNC(C)NN
NN(N)CCNC(N)(C)N
NN(N)CCNC(N)CN
NN(N)CCNC(N)NC
NN(N)CCNCC(N)N
NN(N)CCNCCNN
NN(N)CCNCN(C)N
NN(N)CCNCNCN
NN(N)CCNCNNC
NN(N)CCNN(C)CN
NN(N)CCNN(C)NC
NN(N)CCNN(N)CC
NN(N)CCNNC(C)N
NN(N)CCNNCCN
NN(N)CCNNCNC
NN(N)CCNNN(C)C
NN(N)CCNNNCC
NN(N)CN(C(C)C)NN
NN(N)CN(C(C)N)NC
NN(N)CN(C)C(C)NN
NN(N)CN(C)C(N)(C)N
NN(N)CN(C)C(N)CN
NN(N)CN(C)C(N)NC
NN(N)CN(C)CC(N)N
NN(N)CN(C)CCNN
NN(N)CN(C)CN(C)N
NN(N)CN(C)CNCN
NN(N)CN(C)CNNC
NN(N)CN(C)N(C)CN
NN(N)CN(C)N(C)NC
NN(N)CN(C)N(N)CC
NN(N)CN(C)NC(C)N
NN(N)CN(C)NCCN
NN(N)CN(C)NCNC
NN(N)CN(C)NN(C)C
NN(N)CN(C)NNCC
NN(N)CN(CC)C(N)N
NN(N)CN(CC)CNN
NN(N)CN(CC)N(C)N
NN(N)CN(CC)NCN
NN(N)CN(CC)NNC
NN(N)CN(CN)C(C)N
NN(N)CN(CN)CCN
NN(N)CN(CN)CNC
NN(N)CN(CN)N(C)C
NN(N)CN(CN)NCC
NN(N)CN(N)C(C)(C)N
NN(N)CN(N)C(C)CN
NN(N)CN(N)C(C)NC
NN(N)CN(N)C(N)CC
NN(N)CN(N)CC(C)N
NN(N)CN(N)CCCN
NN(N)CN(N)CCNC
NN(N)CN(N)CN(C)C
NN(N)CN(N)CNCC
NN(N)CN(N)N(C)CC
NN(N)CN(N)NC(C)C
NN(N)CN(N)NCCC
NN(N)CN(NC)CCN
NN(N)CN(NC)CNC
NN(N)CN(NC)N(C)C
NN(N)CN(NC)NCC
NN(N)CN(NN)CCC
NN(N)CNC(C)(C)NN
NN(N)CNC(C)C(N)N
NN(N)CNC(C)CNN
NN(N)CNC(C)N(C)N
NN(N)CNC(C)NCN
NN(N)CNC(C)NNC
NN(N)CNC(CC)NN
NN(N)CNC(CN)CN
NN(N)CNC(CN)NC
NN(N)CNC(N)(C)CN
NN(N)CNC(N)(C)NC
NN(N)CNC(N)(N)CC
NN(N)CNC(N)C(C)N
NN(N)CNC(N)CCN
NN(N)CNC(N)CNC
NN(N)CNC(N)N(C)C
NN(N)CNC(N)NCC
NN(N)CNC(NC)NC
NN(N)CNCC(C)NN
NN(N)CNCC(N)(C)N
NN(N)CNCC(N)CN
NN(N)CNCC(N)NC
NN(N)CNCCC(N)N
NN(N)CNCCCNN
NN(N)CNCCN(C)N
NN(N)CNCCNCN
NN(N)CNCCNNC
NN(N)CNCN(C)CN
NN(N)CNCN(C)NC
NN(N)CNCN(N)CC
NN(N)CNCNC(C)N
NN(N)CNCNCCN
NN(N)CNCNCNC
NN(N)CNCNN(C)C
NN(N)CNCNNCC
NN(N)CNN(C)C(C)N
NN(N)CNN(C)CCN
NN(N)CNN(C)CNC
NN(N)CNN(C)N(C)C
NN(N)CNN(C)NCC
NN(N)CNN(CC)CN
NN(N)CNN(CC)NC
NN(N)CNN(N)C(C)C
NN(N)CNN(N)CCC
NN(N)CNNC(C)(C)N
NN(N)CNNC(C)CN
NN(N)CNNC(C)NC
NN(N)CNNC(N)CC
NN(N)CNNCC(C)N
NN(N)CNNCCCN
NN(N)CNNCCNC
NN(N)CNNCN(C)C
NN(N)CNNCNCC
NN(N)CNNN(C)CC
NN(N)CNNNC(C)C
NN(N)CNNNCCC
NN(N)N(C(C)(C)C)NN
NN(N)N(C(C)(C)N)NC
NN(N)N(C(C)C)C(N)N
NN(N)N(C(C)C)CNN
NN(N)N(C(C)C)N(C)N
NN(N)N(C(C)C)NCN
NN(N)N(C(C)C)NNC
NN(N)N(C(C)N)C(N)C
NN(N)N(C(C)N)CCN
NN(N)N(C(C)N)CNC
NN(N)N(C(C)N)N(C)C
NN(N)N(C(C)N)NCC
NN(N)N(C(N)N)CCC
NN(N)N(C)C(C)(C)NN
NN(N)N(C)C(C)C(N)N
NN(N)N(C)C(C)CNN
NN(N)N(C)C(C)N(C)N
NN(N)N(C)C(C)NCN
NN(N)N(C)C(C)NNC
NN(N)N(C)C(CC)NN
NN(N)N(C)C(CN)CN
NN(N)N(C)C(CN)NC
NN(N)N(C)C(N)(C)CN
NN(N)N(C)C(N)(C)NC
NN(N)N(C)C(N)(N)CC
NN(N)N(C)C(N)C(C)N
NN(N)N(C)C(N)CCN
NN(N)N(C)C(N)CNC
NN(N)N(C)C(N)N(C)C
NN(N)N(C)C(N)NCC
NN(N)N(C)C(NC)NC
NN(N)N(C)CC(C)NN
NN(N)N(C)CC(N)(C)N
NN(N)N(C)CC(N)CN
NN(N)N(C)CC(N)NC
NN(N)N(C)CCC(N)N
NN(N)N(C)CCCNN
NN(N)N(C)CCN(C)N
NN(N)N(C)CCNCN
NN(N)N(C)CCNNC
NN(N)N(C)CN(C)CN
NN(N)N(C)CN(C)NC
NN(N)N(C)CN(N)CC
NN(N)N(C)CNC(C)N
NN(N)N(C)CNCCN
NN(N)N(C)CNCNC
NN(N)N(C)CNN(C)C
NN(N)N(C)CNNCC
NN(N)N(C)N(C)C(C)N
NN(N)N(C)N(C)CCN
NN(N)N(C)N(C)CNC
NN(N)N(C)N(C)N(C)C
NN(N)N(C)N(C)NCC
NN(N)N(C)N(CC)CN
NN(N)N(C)N(CC)NC
NN(N)N(C)N(N)C(C)C
NN(N)N(C)N(N)CCC
NN(N)N(C)NC(C)(C)N
NN(N)N(C)NC(C)CN
NN(N)N(C)NC(C)NC
NN(N)N(C)NC(N)CC
NN(N)N(C)NCC(C)N
NN(N)N(C)NCCCN
NN(N)N(C)NCCNC
NN(N)N(C)NCN(C)C
NN(N)N(C)NCNCC
NN(N)N(C)NN(C)CC
NN(N)N(C)NNC(C)C
NN(N)N(C)NNCCC
NN(N)N(CC)C(C)NN
NN(N)N(CC)C(N)(C)N
NN(N)N(CC)C(N)CN
NN(N)N(CC)C(N)NC
NN(N)N(CC)CC(N)N
NN(N)N(CC)CCNN
NN(N)N(CC)CN(C)N
NN(N)N(CC)CNCN
NN(N)N(CC)CNNC
NN(N)N(CC)N(C)CN
NN(N)N(CC)N(C)NC
NN(N)N(CC)N(N)CC
NN(N)N(CC)NC(C)N
NN(N)N(CC)NCCN
NN(N)N(CC)NCNC
NN(N)N(CC)NN(C)C
NN(N)N(CC)NNCC
NN(N)N(CN)C(C)(C)N
NN(N)N(CN)C(C)CN
NN(N)N(CN)C(C)NC
NN(N)N(CN)C(N)CC
NN(N)N(CN)CC(C)N
NN(N)N(CN)CCCN
NN(N)N(CN)CCNC
NN(N)N(CN)CN(C)C
NN(N)N(CN)CNCC
NN(N)N(CN)N(C)CC
NN(N)N(CN)NC(C)C
NN(N)N(CN)NCCC
NN(N)N(N(C)C)CCN
NN(N)N(N(C)C)CNC
NN(N)N(N(C)C)N(C)C
NN(N)N(N(C)C)NCC
NN(N)N(N(C)N)CCC
NN(N)N(N)C(C)(C)CN
NN(N)N(N)C(C)(C)NC
NN(N)N(N)C(C)C(C)N
NN(N)N(N)C(C)CCN
NN(N)N(N)C(C)CNC
NN(N)N(N)C(C)N(C)C
NN(N)N(N)C(C)NCC
NN(N)N(N)C(CC)CN
NN(N)N(N)C(CC)NC
NN(N)N(N)C(N)(C)CC
NN(N)N(N)C(N)C(C)C
NN(N)N(N)C(N)CCC
NN(N)N(N)CC(C)(C)N
NN(N)N(N)CC(C)CN
NN(N)N(N)CC(C)NC
NN(N)N(N)CC(N)CC
NN(N)N(N)CCC(C)N
NN(N)N(N)CCCCN
NN(N)N(N)CCCNC
NN(N)N(N)CCN(C)C
NN(N)N(N)CCNCC
NN(N)N(N)CN(C)CC
NN(N)N(N)CNC(C)C
NN(N)N(N)CNCCC
NN(N)N(N)N(C)C(C)C
NN(N)N(N)N(C)CCC
NN(N)N(N)N(CC)CC
NN(N)N(N)NC(C)(C)C
NN(N)N(N)NC(C)CC
NN(N)N(N)NCC(C)C
NN(N)N(N)NCCCC
NN(N)N(NC)C(C)CN
NN(N)N(NC)C(C)NC
NN(N)N(NC)C(N)CC
NN(N)N(NC)CC(C)N
NN(N)N(NC)CCCN
NN(N)N(NC)CCNC
NN(N)N(NC)CN(C)C
NN(N)N(NC)CNCC
NN(N)N(NC)N(C)CC
NN(N)N(NC)NC(C)C
NN(N)N(NC)NCCC
NN(N)N(NN)C(C)CC
NN(N)N(NN)CC(C)C
NN(N)N(NN)CCCC
NN(N)NC(C(C)C)NN
NN(N)NC(C(C)N)NC
NN(N)NC(C)(C)C(N)N
NN(N)NC(C)(C)CNN
NN(N)NC(C)(C)N(C)N
NN(N)NC(C)(C)NCN
NN(N)NC(C)(C)NNC
NN(N)NC(C)C(C)NN
NN(N)NC(C)C(N)(C)N
NN(N)NC(C)C(N)CN
NN(N)NC(C)C(N)NC
NN(N)NC(C)CC(N)N
NN(N)NC(C)CCNN
NN(N)NC(C)CN(C)N
NN(N)NC(C)CNCN
NN(N)NC(C)CNNC
NN(N)NC(C)N(C)CN
NN(N)NC(C)N(C)NC
NN(N)NC(C)N(N)CC
NN(N)NC(C)NC(C)N
NN(N)NC(C)NCCN
NN(N)NC(C)NCNC
NN(N)NC(C)NN(C)C
NN(N)NC(C)NNCC
NN(N)NC(CC)(C)NN
NN(N)NC(CC)(N)CN
NN(N)NC(CC)(N)NC
NN(N)NC(CC)C(N)N
NN(N)NC(CC)CNN
NN(N)NC(CC)N(C)N
NN(N)NC(CC)NCN
NN(N)NC(CC)NNC
NN(N)NC(CN)(C)CN
NN(N)NC(CN)(C)NC
NN(N)NC(CN)C(C)N
NN(N)NC(CN)CCN
NN(N)NC(CN)CNC
NN(N)NC(CN)N(C)C
NN(N)NC(CN)NCC
NN(N)NC(N)(C)C(C)N
NN(N)NC(N)(C)CCN
NN(N)NC(N)(C)CNC
NN(N)NC(N)(C)N(C)C
NN(N)NC(N)(C)NCC
NN(N)NC(N)(N)C(C)C
NN(N)NC(N)(N)CCC
NN(N)NC(N)C(C)(C)N
NN(N)NC(N)C(C)CN
NN(N)NC(N)C(C)NC
NN(N)NC(N)C(N)CC
NN(N)NC(N)CC(C)N
NN(N)NC(N)CCCN
NN(N)NC(N)CCNC
NN(N)NC(N)CN(C)C
NN(N)NC(N)CNCC
NN(N)NC(N)N(C)CC
NN(N)NC(N)NC(C)C
NN(N)NC(N)NCCC
NN(N)NC(NC)(C)NC
NN(N)NC(NC)CCN
NN(N)NC(NC)CNC
NN(N)NC(NC)N(C)C
NN(N)NC(NC)NCC
NN(N)NC(NN)CCC
NN(N)NCC(C)(C)NN
NN(N)NCC(C)C(N)N
NN(N)NCC(C)CNN
NN(N)NCC(C)N(C)N
NN(N)NCC(C)NCN
NN(N)NCC(C)NNC
NN(N)NCC(CC)NN
NN(N)NCC(CN)CN
NN(N)NCC(CN)NC
NN(N)NCC(N)(C)CN
NN(N)NCC(N)(C)NC
NN(N)NCC(N)(N)CC
NN(N)NCC(N)C(C)N
NN(N)NCC(N)CCN
NN(N)NCC(N)CNC
NN(N)NCC(N)N(C)C
NN(N)NCC(N)NCC
NN(N)NCC(NC)NC
NN(N)NCCC(C)NN
NN(N)NCCC(N)(C)N
NN(N)NCCC(N)CN
NN(N)NCCC(N)NC
NN(N)NCCCC(N)N
NN(N)NCCCCNN
NN(N)NCCCN(C)N
NN(N)NCCCNCN
NN(N)NCCCNNC
NN(N)NCCN(C)CN
NN(N)NCCN(C)NC
NN(N)NCCN(N)CC
NN(N)NCCNC(C)N
NN(N)NCCNCCN
NN(N)NCCNCNC
NN(N)NCCNN(C)C
NN(N)NCCNNCC
NN(N)NCN(C)C(C)N
NN(N)NCN(C)CCN
NN(N)NCN(C)CNC
NN(N)NCN(C)N(C)C
NN(N)NCN(C)NCC
NN(N)NCN(CC)CN
NN(N)NCN(CC)NC
NN(N)NCN(N)C(C)C
NN(N)NCN(N)CCC
NN(N)NCNC(C)(C)N
NN(N)NCNC(C)CN
NN(N)NCNC(C)NC
NN(N)NCNC(N)CC
NN(N)NCNCC(C)N
NN(N)NCNCCCN
NN(N)NCNCCNC
NN(N)NCNCN(C)C
NN(N)NCNCNCC
NN(N)NCNN(C)CC
NN(N)NCNNC(C)C
NN(N)NCNNCCC
NN(N)NN(C(C)C)NC
NN(N)NN(C)C(C)(C)N
NN(N)NN(C)C(C)CN
NN(N)NN(C)C(C)NC
NN(N)NN(C)C(N)CC
NN(N)NN(C)CC(C)N
NN(N)NN(C)CCCN
NN(N)NN(C)CCNC
NN(N)NN(C)CN(C)C
NN(N)NN(C)CNCC
NN(N)NN(C)N(C)CC
NN(N)NN(C)NC(C)C
NN(N)NN(C)NCCC
NN(N)NN(CC)C(C)N
NN(N)NN(CC)CCN
NN(N)NN(CC)CNC
NN(N)NN(CC)N(C)C
NN(N)NN(CC)NCC
NN(N)NN(CN)C(C)C
NN(N)NN(CN)CCC
NN(N)NN(N)C(C)(C)C
NN(N)NN(N)C(C)CC
NN(N)NN(N)CC(C)C
NN(N)NN(N)CCCC
NN(N)NN(NC)CCC
NN(N)NNC(C)(C)CN
NN(N)NNC(C)(C)NC
NN(N)NNC(C)C(C)N
NN(N)NNC(C)CCN
NN(N)NNC(C)CNC
NN(N)NNC(C)N(C)C
NN(N)NNC(C)NCC
NN(N)NNC(CC)CN
NN(N)NNC(CC)NC
NN(N)NNC(N)(C)CC
NN(N)NNC(N)C(C)C
NN(N)NNC(N)CCC
NN(N)NNCC(C)(C)N
NN(N)NNCC(C)CN
NN(N)NNCC(C)NC
NN(N)NNCC(N)CC
NN(N)NNCCC(C)N
NN(N)NNCCCCN
NN(N)NNCCCNC
NN(N)NNCCN(C)C
NN(N)NNCCNCC
NN(N)NNCN(C)CC
NN(N)NNCNC(C)C
NN(N)NNCNCCC
NN(N)NNN(C)C(C)C
NN(N)NNN(C)CCC
NN(N)NNN(CC)CC
NN(N)NNNC(C)(C)C
NN(N)NNNC(C)CC
NN(N)NNNCC(C)C
NN(N)NNNCCCC
NNC(C(C)(C)N)(N)NN
NNC(C(C)N)(CN)NN
NNC(C(C)N)(N)C(N)N
NNC(C(C)N)(N)CNN
NNC(C(C)N)(N)NCN
NNC(C(C)N)(N)NNC
NNC(C(C)N)C(N)(N)N
NNC(C(C)N)C(N)NN
NNC(C(C)N)N(N)CN
NNC(C(C)N)N(N)NC
NNC(C(C)N)NC(N)N
NNC(C(C)N)NCNN
NNC(C(C)N)NNCN
NNC(C(C)N)NNNC
NNC(C(N)(C)N)(C)NN
NNC(C(N)(C)N)(N)NC
NNC(C(N)(C)N)CNN
NNC(C(N)(C)N)NCN
NNC(C(N)(C)N)NNC
NNC(C(N)(N)N)(C)NC
NNC(C(N)(N)N)CCN
NNC(C(N)(N)N)CNC
NNC(C(N)(N)N)N(C)C
NNC(C(N)(N)N)NCC
NNC(C(N)N)(C)C(N)N
NNC(C(N)N)(C)CNN
NNC(C(N)N)(C)NCN
NNC(C(N)N)(C)NNC
NNC(C(N)N)(CC)NN
NNC(C(N)N)(CN)NC
NNC(C(N)N)(N)CCN
NNC(C(N)N)(N)CNC
NNC(C(N)N)(N)N(C)C
NNC(C(N)N)(N)NCC
NNC(C(N)N)C(C)NN
NNC(C(N)N)C(N)(C)N
NNC(C(N)N)C(N)CN
NNC(C(N)N)C(N)NC
NNC(C(N)N)CC(N)N
NNC(C(N)N)CCNN
NNC(C(N)N)CNCN
NNC(C(N)N)CNNC
NNC(C(N)N)N(C)CN
NNC(C(N)N)N(C)NC
NNC(C(N)N)N(N)CC
NNC(C(N)N)NC(C)N
NNC(C(N)N)NCCN
NNC(C(N)N)NCNC
NNC(C(N)N)NN(C)C
NNC(C(N)N)NNCC
NNC(C)(C)C(NN)NN
NNC(C)(C)N(N)C(N)N
NNC(C)(C)N(N)CNN
NNC(C)(C)N(N)NCN
NNC(C)(C)N(N)NNC
NNC(C)(C)NC(N)(N)N
NNC(C)(C)NC(N)NN
NNC(C)(C)NN(N)CN
NNC(C)(C)NN(N)NC
NNC(C)(C)NNC(N)N
NNC(C)(C)NNCNN
NNC(C)(C)NNNCN
NNC(C)(C)NNNNC
NNC(C)C(N)(N)C(N)N
NNC(C)C(N)(N)CNN
NNC(C)C(N)(N)NCN
NNC(C)C(N)(N)NNC
NNC(C)C(N)C(N)(N)N
NNC(C)C(N)N(N)CN
NNC(C)C(N)N(N)NC
NNC(C)C(N)NC(N)N
NNC(C)C(N)NCNN
NNC(C)C(N)NNCN
NNC(C)C(N)NNNC
NNC(C)C(NN)CNN
NNC(C)C(NN)NCN
NNC(C)C(NN)NNC
NNC(C)CN(N)C(N)N
NNC(C)CN(N)CNN
NNC(C)CN(N)NCN
NNC(C)CN(N)NNC
NNC(C)CNC(N)(N)N
NNC(C)CNN(N)CN
NNC(C)CNN(N)NC
NNC(C)CNNC(N)N
NNC(C)CNNCNN
NNC(C)CNNNCN
NNC(C)CNNNNC
NNC(C)N(C(N)N)NC
NNC(C)N(C)C(N)(N)N
NNC(C)N(C)N(N)CN
NNC(C)N(C)N(N)NC
NNC(C)N(C)NC(N)N
NNC(C)N(C)NCNN
NNC(C)N(C)NNCN
NNC(C)N(C)NNNC
NNC(C)N(CN)C(N)N
NNC(C)N(CN)CNN
NNC(C)N(CN)NCN
NNC(C)N(CN)NNC
NNC(C)N(N)C(C)NN
NNC(C)N(N)C(N)(C)N
NNC(C)N(N)C(N)CN
NNC(C)N(N)C(N)NC
NNC(C)N(N)CC(N)N
NNC(C)N(N)CCNN
NNC(C)N(N)CNCN
NNC(C)N(N)CNNC
NNC(C)N(N)N(C)CN
NNC(C)N(N)N(C)NC
NNC(C)N(N)N(N)CC
NNC(C)N(N)NC(C)N
NNC(C)N(N)NCCN
NNC(C)N(N)NCNC
NNC(C)N(N)NN(C)C
NNC(C)N(N)NNCC
NNC(C)N(NC)CNN
NNC(C)N(NC)NCN
NNC(C)N(NC)NNC
NNC(C)N(NN)CCN
NNC(C)N(NN)CNC
NNC(C)N(NN)NCC
NNC(C)NC(N)(N)CN
NNC(C)NC(N)(N)NC
NNC(C)NC(N)C(N)N
NNC(C)NC(N)CNN
NNC(C)NC(N)NCN
NNC(C)NC(N)NNC
NNC(C)NCC(N)(N)N
NNC(C)NCN(N)CN
NNC(C)NCN(N)NC
NNC(C)NCNC(N)N
NNC(C)NCNCNN
NNC(C)NCNNCN
NNC(C)NCNNNC
NNC(C)NN(C)C(N)N
NNC(C)NN(C)CNN
NNC(C)NN(C)NCN
NNC(C)NN(C)NNC
NNC(C)NN(CN)CN
NNC(C)NN(CN)NC
NNC(C)NN(N)C(C)N
NNC(C)NN(N)CCN
NNC(C)NN(N)CNC
NNC(C)NN(N)N(C)C
NNC(C)NN(N)NCC
NNC(C)NN(NC)NC
NNC(C)NNC(C)NN
NNC(C)NNC(N)(C)N
NNC(C)NNC(N)CN
NNC(C)NNC(N)NC
NNC(C)NNCC(N)N
NNC(C)NNCCNN
NNC(C)NNCNCN
NNC(C)NNCNNC
NNC(C)NNN(C)CN
NNC(C)NNN(C)NC
NNC(C)NNN(N)CC
NNC(C)NNNC(C)N
NNC(C)NNNCCN
NNC(C)NNNCNC
NNC(C)NNNN(C)C
NNC(C)NNNNCC
NNC(CC)(N)C(N)(N)N
NNC(CC)(N)C(N)NN
NNC(CC)(N)N(N)CN
NNC(CC)(N)N(N)NC
NNC(CC)(N)NC(N)N
NNC(CC)(N)NCNN
NNC(CC)(N)NNCN
NNC(CC)(N)NNNC
NNC(CC)N(N)C(N)N
NNC(CC)N(N)CNN
NNC(CC)N(N)NCN
NNC(CC)N(N)NNC
NNC(CC)NC(N)(N)N
NNC(CC)NC(N)NN
NNC(CC)NN(N)CN
NNC(CC)NN(N)NC
NNC(CC)NNC(N)N
NNC(CC)NNCNN
NNC(CC)NNNCN
NNC(CC)NNNNC
NNC(CN)(C)C(N)(N)N
NNC(CN)(C)C(N)NN
NNC(CN)(C)N(N)CN
NNC(CN)(C)N(N)NC
NNC(CN)(C)NC(N)N
NNC(CN)(C)NCNN
NNC(CN)(C)NNCN
NNC(CN)(C)NNNC
NNC(CN)(CN)C(N)N
NNC(CN)(CN)CNN
NNC(CN)(CN)NCN
NNC(CN)(CN)NNC
NNC(CN)(N)C(C)NN
NNC(CN)(N)C(N)(C)N
NNC(CN)(N)C(N)CN
NNC(CN)(N)C(N)NC
NNC(CN)(N)CC(N)N
NNC(CN)(N)CCNN
NNC(CN)(N)CNCN
NNC(CN)(N)CNNC
NNC(CN)(N)N(C)CN
NNC(CN)(N)N(C)NC
NNC(CN)(N)N(N)CC
NNC(CN)(N)NC(C)N
NNC(CN)(N)NCCN
NNC(CN)(N)NCNC
NNC(CN)(N)NN(C)C
NNC(CN)(N)NNCC
NNC(CN)C(N)(N)CN
NNC(CN)C(N)(N)NC
NNC(CN)C(N)C(N)N
NNC(CN)C(N)CNN
NNC(CN)C(N)NCN
NNC(CN)C(N)NNC
NNC(CN)C(NN)CN
NNC(CN)CC(N)(N)N
NNC(CN)CC(N)NN
NNC(CN)CN(N)CN
NNC(CN)CN(N)NC
NNC(CN)CNC(N)N
NNC(CN)CNCNN
NNC(CN)CNNCN
NNC(CN)CNNNC
NNC(CN)N(C)C(N)N
NNC(CN)N(C)CNN
NNC(CN)N(C)NCN
NNC(CN)N(C)NNC
NNC(CN)N(CN)CN
NNC(CN)N(CN)NC
NNC(CN)N(N)C(C)N
NNC(CN)N(N)CCN
NNC(CN)N(N)CNC
NNC(CN)N(N)N(C)C
NNC(CN)N(N)NCC
NNC(CN)N(NC)NC
NNC(CN)NC(C)NN
NNC(CN)NC(N)(C)N
NNC(CN)NC(N)CN
NNC(CN)NC(N)NC
NNC(CN)NCC(N)N
NNC(CN)NCCNN
NNC(CN)NCNCN
NNC(CN)NCNNC
NNC(CN)NN(C)CN
NNC(CN)NN(C)NC
NNC(CN)NN(N)CC
NNC(CN)NNC(C)N
NNC(CN)NNCCN
NNC(CN)NNCNC
NNC(CN)NNN(C)C
NNC(CN)NNNCC
NNC(N(C)C)(N)CNN
NNC(N(C)C)(N)NCN
NNC(N(C)C)(N)NNC
NNC(N(C)C)C(N)NN
NNC(N(C)C)N(N)CN
NNC(N(C)C)N(N)NC
NNC(N(C)C)NC(N)N
NNC(N(C)C)NCNN
NNC(N(C)C)NNCN
NNC(N(C)C)NNNC
NNC(N)(C)C(CN)NN
NNC(N)(C)C(N)(C)NN
NNC(N)(C)C(N)(N)CN
NNC(N)(C)C(N)(N)NC
NNC(N)(C)C(N)C(N)N
NNC(N)(C)C(N)CNN
NNC(N)(C)C(N)NCN
NNC(N)(C)C(N)NNC
NNC(N)(C)C(NC)NN
NNC(N)(C)CC(N)(N)N
NNC(N)(C)CC(N)NN
NNC(N)(C)CN(N)CN
NNC(N)(C)CN(N)NC
NNC(N)(C)CNC(N)N
NNC(N)(C)CNCNN
NNC(N)(C)CNNCN
NNC(N)(C)CNNNC
NNC(N)(C)N(C)C(N)N
NNC(N)(C)N(C)CNN
NNC(N)(C)N(C)NCN
NNC(N)(C)N(C)NNC
NNC(N)(C)N(CN)CN
NNC(N)(C)N(CN)NC
NNC(N)(C)N(N)C(C)N
NNC(N)(C)N(N)CCN
NNC(N)(C)N(N)CNC
NNC(N)(C)N(N)N(C)C
NNC(N)(C)N(N)NCC
NNC(N)(C)N(NC)NC
NNC(N)(C)NC(C)NN
NNC(N)(C)NC(N)(C)N
NNC(N)(C)NC(N)CN
NNC(N)(C)NC(N)NC
NNC(N)(C)NCC(N)N
NNC(N)(C)NCCNN
NNC(N)(C)NCNCN
NNC(N)(C)NCNNC
NNC(N)(C)NN(C)CN
NNC(N)(C)NN(C)NC
NNC(N)(C)NN(N)CC
NNC(N)(C)NNC(C)N
NNC(N)(C)NNCCN
NNC(N)(C)NNCNC
NNC(N)(C)NNN(C)C
NNC(N)(C)NNNCC
NNC(N)(N)C(C)(C)NN
NNC(N)(N)C(C)C(N)N
NNC(N)(N)C(C)CNN
NNC(N)(N)C(C)NCN
NNC(N)(N)C(C)NNC
NNC(N)(N)C(CC)NN
NNC(N)(N)C(CN)CN
NNC(N)(N)C(CN)NC
NNC(N)(N)C(N)(C)CN
NNC(N)(N)C(N)(C)NC
NNC(N)(N)C(N)(N)CC
NNC(N)(N)C(N)C(C)N
NNC(N)(N)C(N)CCN
NNC(N)(N)C(N)CNC
NNC(N)(N)C(N)N(C)C
NNC(N)(N)C(N)NCC
NNC(N)(N)C(NC)NC
NNC(N)(N)CC(C)NN
NNC(N)(N)CC(N)(C)N
NNC(N)(N)CC(N)CN
NNC(N)(N)CC(N)NC
NNC(N)(N)CCC(N)N
NNC(N)(N)CCCNN
NNC(N)(N)CCNCN
NNC(N)(N)CCNNC
NNC(N)(N)CN(C)CN
NNC(N)(N)CN(C)NC
NNC(N)(N)CN(N)CC
NNC(N)(N)CNC(C)N
NNC(N)(N)CNCCN
NNC(N)(N)CNCNC
NNC(N)(N)CNN(C)C
NNC(N)(N)CNNCC
NNC(N)(N)N(C)C(C)N
NNC(N)(N)N(C)CCN
NNC(N)(N)N(C)CNC
NNC(N)(N)N(C)N(C)C
NNC(N)(N)N(C)NCC
NNC(N)(N)N(CC)CN
NNC(N)(N)N(CC)NC
NNC(N)(N)N(N)C(C)C
NNC(N)(N)N(N)CCC
NNC(N)(N)NC(C)(C)N
NNC(N)(N)NC(C)CN
NNC(N)(N)NC(C)NC
NNC(N)(N)NC(N)CC
NNC(N)(N)NCC(C)N
NNC(N)(N)NCCCN
NNC(N)(N)NCCNC
NNC(N)(N)NCN(C)C
NNC(N)(N)NCNCC
NNC(N)(N)NN(C)CC
NNC(N)(N)NNC(C)C
NNC(N)(N)NNCCC
NNC(N)C(C(N)N)NC
NNC(N)C(C)C(N)(N)N
NNC(N)C(C)C(N)NN
NNC(N)C(C)N(N)CN
NNC(N)C(C)N(N)NC
NNC(N)C(C)NC(N)N
NNC(N)C(C)NCNN
NNC(N)C(C)NNCN
NNC(N)C(C)NNNC
NNC(N)C(CN)(N)CN
NNC(N)C(CN)(N)NC
NNC(N)C(CN)C(N)N
NNC(N)C(CN)CNN
NNC(N)C(CN)NCN
NNC(N)C(CN)NNC
NNC(N)C(N)(C)C(N)N
NNC(N)C(N)(C)CNN
NNC(N)C(N)(C)NCN
NNC(N)C(N)(C)NNC
NNC(N)C(N)(N)C(C)N
NNC(N)C(N)(N)CCN
NNC(N)C(N)(N)CNC
NNC(N)C(N)(N)N(C)C
NNC(N)C(N)(N)NCC
NNC(N)C(N)C(C)NN
NNC(N)C(N)C(N)(C)N
NNC(N)C(N)C(N)CN
NNC(N)C(N)C(N)NC
NNC(N)C(N)CC(N)N
NNC(N)C(N)CCNN
NNC(N)C(N)CNCN
NNC(N)C(N)CNNC
NNC(N)C(N)N(C)CN
NNC(N)C(N)N(C)NC
NNC(N)C(N)N(N)CC
NNC(N)C(N)NC(C)N
NNC(N)C(N)NCCN
NNC(N)C(N)NCNC
NNC(N)C(N)NN(C)C
NNC(N)C(N)NNCC
NNC(N)C(NC)(N)NC
NNC(N)C(NC)CNN
NNC(N)C(NC)NCN
NNC(N)C(NC)NNC
NNC(N)C(NN)CCN
NNC(N)C(NN)CNC
NNC(N)C(NN)NCC
NNC(N)CC(N)(N)CN
NNC(N)CC(N)(N)NC
NNC(N)CC(N)C(N)N
NNC(N)CC(N)CNN
NNC(N)CC(N)NCN
NNC(N)CC(N)NNC
NNC(N)CCC(N)(N)N
NNC(N)CCC(N)NN
NNC(N)CCN(N)CN
NNC(N)CCN(N)NC
NNC(N)CCNC(N)N
NNC(N)CCNCNN
NNC(N)CCNNCN
NNC(N)CCNNNC
NNC(N)CN(C)C(N)N
NNC(N)CN(C)CNN
NNC(N)CN(C)NCN
NNC(N)CN(C)NNC
NNC(N)CN(CN)CN
NNC(N)CN(CN)NC
NNC(N)CN(N)C(C)N
NNC(N)CN(N)CCN
NNC(N)CN(N)CNC
NNC(N)CN(N)N(C)C
NNC(N)CN(N)NCC
NNC(N)CN(NC)NC
NNC(N)CNC(C)NN
NNC(N)CNC(N)(C)N
NNC(N)CNC(N)CN
NNC(N)CNC(N)NC
NNC(N)CNCC(N)N
NNC(N)CNCCNN
NNC(N)CNCNCN
NNC(N)CNCNNC
NNC(N)CNN(C)CN
NNC(N)CNN(C)NC
NNC(N)CNN(N)CC
NNC(N)CNNC(C)N
NNC(N)CNNCCN
NNC(N)CNNCNC
NNC(N)CNNN(C)C
NNC(N)CNNNCC
NNC(N)N(C(C)N)NC
NNC(N)N(C)C(C)NN
NNC(N)N(C)C(N)(C)N
NNC(N)N(C)C(N)CN
NNC(N)N(C)C(N)NC
NNC(N)N(C)CC(N)N
NNC(N)N(C)CCNN
NNC(N)N(C)CNCN
NNC(N)N(C)CNNC
NNC(N)N(C)N(C)CN
NNC(N)N(C)N(C)NC
NNC(N)N(C)N(N)CC
NNC(N)N(C)NC(C)N
NNC(N)N(C)NCCN
NNC(N)N(C)NCNC
NNC(N)N(C)NN(C)C
NNC(N)N(C)NNCC
NNC(N)N(CC)C(N)N
NNC(N)N(CC)CNN
NNC(N)N(CC)NCN
NNC(N)N(CC)NNC
NNC(N)N(CN)C(C)N
NNC(N)N(CN)CCN
NNC(N)N(CN)CNC
NNC(N)N(CN)N(C)C
NNC(N)N(CN)NCC
NNC(N)N(N)C(C)(C)N
NNC(N)N(N)C(C)CN
NNC(N)N(N)C(C)NC
NNC(N)N(N)C(N)CC
NNC(N)N(N)CC(C)N
NNC(N)N(N)CCCN
NNC(N)N(N)CCNC
NNC(N)N(N)CN(C)C
NNC(N)N(N)CNCC
NNC(N)N(N)N(C)CC
NNC(N)N(N)NC(C)C
NNC(N)N(N)NCCC
NNC(N)N(NC)CCN
NNC(N)N(NC)CNC
NNC(N)N(NC)N(C)C
NNC(N)N(NC)NCC
NNC(N)N(NN)CCC
NNC(N)NC(C)C(N)N
NNC(N)NC(C)CNN
NNC(N)NC(C)NCN
NNC(N)NC(C)NNC
NNC(N)NC(CN)CN
NNC(N)NC(CN)NC
NNC(N)NC(N)(C)CN
NNC(N)NC(N)(C)NC
NNC(N)NC(N)(N)CC
NNC(N)NC(N)C(C)N
NNC(N)NC(N)CCN
NNC(N)NC(N)CNC
NNC(N)NC(N)N(C)C
NNC(N)NC(N)NCC
NNC(N)NC(NC)NC
NNC(N)NCC(C)NN
NNC(N)NCC(N)(C)N
NNC(N)NCC(N)CN
NNC(N)NCC(N)NC
NNC(N)NCCC(N)N
NNC(N)NCCCNN
NNC(N)NCCNCN
NNC(N)NCCNNC
NNC(N)NCN(C)CN
NNC(N)NCN(C)NC
NNC(N)NCN(N)CC
NNC(N)NCNC(C)N
NNC(N)NCNCCN
NNC(N)NCNCNC
NNC(N)NCNN(C)C
NNC(N)NCNNCC
NNC(N)NN(C)C(C)N
NNC(N)NN(C)CCN
NNC(N)NN(C)CNC
NNC(N)NN(C)N(C)C
NNC(N)NN(C)NCC
NNC(N)NN(CC)CN
NNC(N)NN(CC)NC
NNC(N)NN(N)C(C)C
NNC(N)NN(N)CCC
NNC(N)NNC(C)(C)N
NNC(N)NNC(C)CN
NNC(N)NNC(C)NC
NNC(N)NNC(N)CC
NNC(N)NNCC(C)N
NNC(N)NNCCCN
NNC(N)NNCCNC
NNC(N)NNCN(C)C
NNC(N)NNCNCC
NNC(N)NNN(C)CC
NNC(N)NNNC(C)C
NNC(N)NNNCCC
NNC(NC)(C(C)N)NN
NNC(NC)(C(N)N)NC
NNC(NC)(C)C(N)NN
NNC(NC)(C)N(N)CN
NNC(NC)(C)N(N)NC
NNC(NC)(C)NC(N)N
NNC(NC)(C)NCNN
NNC(NC)(C)NNCN
NNC(NC)(C)NNNC
NNC(NC)(CN)CNN
NNC(NC)(CN)NCN
NNC(NC)(CN)NNC
NNC(NC)(N)C(C)NN
NNC(NC)(N)C(N)CN
NNC(NC)(N)C(N)NC
NNC(NC)(N)CC(N)N
NNC(NC)(N)CCNN
NNC(NC)(N)CNCN
NNC(NC)(N)CNNC
NNC(NC)(N)N(C)CN
NNC(NC)(N)N(C)NC
NNC(NC)(N)N(N)CC
NNC(NC)(N)NC(C)N
NNC(NC)(N)NCCN
NNC(NC)(N)NCNC
NNC(NC)(N)NN(C)C
NNC(NC)(N)NNCC
NNC(NC)(NC)CNN
NNC(NC)(NC)NCN
NNC(NC)(NC)NNC
NNC(NC)C(CN)NN
NNC(NC)C(N)(N)CN
NNC(NC)C(N)(N)NC
NNC(NC)C(N)C(N)N
NNC(NC)C(N)CNN
NNC(NC)C(N)NCN
NNC(NC)C(N)NNC
NNC(NC)C(NN)NC
NNC(NC)CC(N)(N)N
NNC(NC)CC(N)NN
NNC(NC)CN(N)CN
NNC(NC)CN(N)NC
NNC(NC)CNC(N)N
NNC(NC)CNCNN
NNC(NC)CNNCN
NNC(NC)CNNNC
NNC(NC)N(C)C(N)N
NNC(NC)N(C)CNN
NNC(NC)N(C)NCN
NNC(NC)N(C)NNC
NNC(NC)N(CN)CN
NNC(NC)N(CN)NC
NNC(NC)N(N)C(C)N
NNC(NC)N(N)CCN
NNC(NC)N(N)CNC
NNC(NC)N(N)N(C)C
NNC(NC)N(N)NCC
NNC(NC)N(NC)NC
NNC(NC)NC(C)NN
NNC(NC)NC(N)(C)N
NNC(NC)NC(N)CN
NNC(NC)NC(N)NC
NNC(NC)NCC(N)N
NNC(NC)NCCNN
NNC(NC)NCNCN
NNC(NC)NCNNC
NNC(NC)NN(C)CN
NNC(NC)NN(C)NC
NNC(NC)NN(N)CC
NNC(NC)NNC(C)N
NNC(NC)NNCCN
NNC(NC)NNCNC
NNC(NC)NNN(C)C
NNC(NC)NNNCC
NNC(NN)(C(C)C)NN
NNC(NN)(C)C(C)NN
NNC(NN)(C)C(N)CN
NNC(NN)(C)C(N)NC
NNC(NN)(C)CC(N)N
NNC(NN)(C)CCNN
NNC(NN)(C)CNCN
NNC(NN)(C)CNNC
NNC(NN)(C)N(C)CN
NNC(NN)(C)N(C)NC
NNC(NN)(C)N(N)CC
NNC(NN)(C)NC(C)N
NNC(NN)(C)NCCN
NNC(NN)(C)NCNC
NNC(NN)(C)NN(C)C
NNC(NN)(C)NNCC
NNC(NN)(CC)CNN
NNC(NN)(CC)NCN
NNC(NN)(CC)NNC
NNC(NN)(CN)CCN
NNC(NN)(CN)CNC
NNC(NN)(CN)N(C)C
NNC(NN)(CN)NCC
NNC(NN)(N)C(C)CN
NNC(NN)(N)C(C)NC
NNC(NN)(N)C(N)CC
NNC(NN)(N)CC(C)N
NNC(NN)(N)CCCN
NNC(NN)(N)CCNC
NNC(NN)(N)CN(C)C
NNC(NN)(N)CNCC
NNC(NN)(N)N(C)CC
NNC(NN)(N)NC(C)C
NNC(NN)(N)NCCC
NNC(NN)(NC)CCN
NNC(NN)(NC)CNC
NNC(NN)(NC)N(C)C
NNC(NN)(NC)NCC
NNC(NN)(NN)CCC
NNC(NN)C(C)C(N)N
NNC(NN)C(C)CNN
NNC(NN)C(C)NCN
NNC(NN)C(C)NNC
NNC(NN)C(CC)NN
NNC(NN)C(CN)CN
NNC(NN)C(CN)NC
NNC(NN)C(N)(C)CN
NNC(NN)C(N)(C)NC
NNC(NN)C(N)(N)CC
NNC(NN)C(N)C(C)N
NNC(NN)C(N)CCN
NNC(NN)C(N)CNC
NNC(NN)C(N)N(C)C
NNC(NN)C(N)NCC
NNC(NN)C(NC)NC
NNC(NN)CC(C)NN
NNC(NN)CC(N)(C)N
NNC(NN)CC(N)CN
NNC(NN)CC(N)NC
NNC(NN)CCC(N)N
NNC(NN)CCCNN
NNC(NN)CCNCN
NNC(NN)CCNNC
NNC(NN)CN(C)CN
NNC(NN)CN(C)NC
NNC(NN)CN(N)CC
NNC(NN)CNC(C)N
NNC(NN)CNCCN
NNC(NN)CNCNC
NNC(NN)CNN(C)C
NNC(NN)CNNCC
NNC(NN)N(C)C(C)N
NNC(NN)N(C)CCN
NNC(NN)N(C)CNC
NNC(NN)N(C)N(C)C
NNC(NN)N(C)NCC
NNC(NN)N(CC)CN
NNC(NN)N(CC)NC
NNC(NN)N(N)C(C)C
NNC(NN)N(N)CCC
NNC(NN)NC(C)(C)N
NNC(NN)NC(C)CN
NNC(NN)NC(C)NC
NNC(NN)NC(N)CC
NNC(NN)NCC(C)N
NNC(NN)NCCCN
NNC(NN)NCCNC
NNC(NN)NCN(C)C
NNC(NN)NCNCC
NNC(NN)NN(C)CC
NNC(NN)NNC(C)C
NNC(NN)NNCCC
NNCC(C(N)(N)N)NC
NNCC(C(N)N)(N)NC
NNCC(C(N)N)C(N)N
NNCC(C(N)N)CNN
NNCC(C(N)N)NCN
NNCC(C(N)N)NNC
NNCC(C)N(N)C(N)N
NNCC(C)N(N)NCN
NNCC(C)N(N)NNC
NNCC(C)NC(N)(N)N
NNCC(C)NN(N)CN
NNCC(C)NN(N)NC
NNCC(C)NNC(N)N
NNCC(C)NNNCN
NNCC(C)NNNNC
NNCC(CN)(N)C(N)N
NNCC(CN)(N)CNN
NNCC(CN)(N)NCN
NNCC(CN)(N)NNC
NNCC(CN)C(N)(N)N
NNCC(CN)N(N)CN
NNCC(CN)N(N)NC
NNCC(CN)NC(N)N
NNCC(CN)NNCN
NNCC(CN)NNNC
NNCC(CNN)CNN
NNCC(CNN)NCN
NNCC(CNN)NNC
NNCC(N(C)N)CNN
NNCC(N(C)N)NCN
NNCC(N(C)N)NNC
NNCC(N(N)N)CCN
NNCC(N(N)N)CNC
NNCC(N(N)N)NCC
NNCC(N)(C)C(N)(N)N
NNCC(N)(C)N(N)CN
NNCC(N)(C)N(N)NC
NNCC(N)(C)NC(N)N
NNCC(N)(C)NNCN
NNCC(N)(C)NNNC
NNCC(N)(N)C(N)(C)N
NNCC(N)(N)C(N)CN
NNCC(N)(N)C(N)NC
NNCC(N)(N)CC(N)N
NNCC(N)(N)CCNN
NNCC(N)(N)CNCN
NNCC(N)(N)CNNC
NNCC(N)(N)N(C)CN
NNCC(N)(N)N(C)NC
NNCC(N)(N)N(N)CC
NNCC(N)(N)NC(C)N
NNCC(N)(N)NCCN
NNCC(N)(N)NCNC
NNCC(N)(N)NN(C)C
NNCC(N)(N)NNCC
NNCC(N)C(N)(N)CN
NNCC(N)C(N)(N)NC
NNCC(N)C(N)C(N)N
NNCC(N)C(N)CNN
NNCC(N)C(N)NCN
NNCC(N)C(N)NNC
NNCC(N)CC(N)(N)N
NNCC(N)CN(N)CN
NNCC(N)CN(N)NC
NNCC(N)CNC(N)N
NNCC(N)CNNCN
NNCC(N)CNNNC
NNCC(N)N(C)C(N)N
NNCC(N)N(C)NCN
NNCC(N)N(C)NNC
NNCC(N)N(CN)CN
NNCC(N)N(CN)NC
NNCC(N)N(N)C(C)N
NNCC(N)N(N)CCN
NNCC(N)N(N)CNC
NNCC(N)N(N)N(C)C
NNCC(N)N(N)NCC
NNCC(N)N(NC)NC
NNCC(N)NC(N)(C)N
NNCC(N)NC(N)CN
NNCC(N)NC(N)NC
NNCC(N)NCC(N)N
NNCC(N)NCCNN
NNCC(N)NCNCN
NNCC(N)NCNNC
NNCC(N)NN(C)CN
NNCC(N)NN(C)NC
NNCC(N)NN(N)CC
NNCC(N)NNC(C)N
NNCC(N)NNCCN
NNCC(N)NNCNC
NNCC(N)NNN(C)C
NNCC(N)NNNCC
NNCC(NC)(N)CNN
NNCC(NC)(N)NCN
NNCC(NC)(N)NNC
NNCC(NC)N(N)CN
NNCC(NC)N(N)NC
NNCC(NC)NC(N)N
NNCC(NC)NNCN
NNCC(NC)NNNC
NNCC(NCN)NCN
NNCC(NCN)NNC
NNCC(NN)(C)CNN
NNCC(NN)(C)NCN
NNCC(NN)(C)NNC
NNCC(NN)(N)CCN
NNCC(NN)(N)CNC
NNCC(NN)(N)NCC
NNCC(NN)C(N)CN
NNCC(NN)C(N)NC
NNCC(NN)CC(N)N
NNCC(NN)CCNN
NNCC(NN)CNCN
NNCC(NN)CNNC
NNCC(NN)N(C)CN
NNCC(NN)N(C)NC
NNCC(NN)N(N)CC
NNCC(NN)NC(C)N
NNCC(NN)NCCN
NNCC(NN)NCNC
NNCC(NN)NN(C)C
NNCC(NN)NNCC
NNCC(NNC)NNC
NNCCC(N)(N)C(N)N
NNCCC(N)(N)NCN
NNCCC(N)(N)NNC
NNCCC(N)C(N)(N)N
NNCCC(N)N(N)CN
NNCCC(N)N(N)NC
NNCCC(N)NC(N)N
NNCCC(N)NNCN
NNCCC(N)NNNC
NNCCC(NN)NCN
NNCCC(NN)NNC
NNCCCN(N)C(N)N
NNCCCN(N)NCN
NNCCCN(N)NNC
NNCCCNC(N)(N)N
NNCCCNN(N)CN
NNCCCNN(N)NC
NNCCCNNC(N)N
NNCCCNNNCN
NNCCCNNNNC
NNCCN(C(N)N)NC
NNCCN(C)C(N)(N)N
NNCCN(C)N(N)CN
NNCCN(C)N(N)NC
NNCCN(C)NC(N)N
NNCCN(C)NNCN
NNCCN(C)NNNC
NNCCN(CN)C(N)N
NNCCN(CN)NCN
NNCCN(CN)NNC
NNCCN(N)C(N)(C)N
NNCCN(N)C(N)CN
NNCCN(N)C(N)NC
NNCCN(N)CC(N)N
NNCCN(N)CCNN
NNCCN(N)CNCN
NNCCN(N)CNNC
NNCCN(N)N(C)CN
NNCCN(N)N(C)NC
NNCCN(N)N(N)CC
NNCCN(N)NC(C)N
NNCCN(N)NCCN
NNCCN(N)NCNC
NNCCN(N)NN(C)C
NNCCN(N)NNCC
NNCCN(NC)NCN
NNCCN(NC)NNC
NNCCN(NN)CCN
NNCCN(NN)CNC
NNCCN(NN)NCC
NNCCNC(N)(N)CN
NNCCNC(N)(N)NC
NNCCNC(N)C(N)N
NNCCNC(N)NCN
NNCCNC(N)NNC
NNCCNCC(N)(N)N
NNCCNCN(N)CN
NNCCNCN(N)NC
NNCCNCNC(N)N
NNCCNCNNCN
NNCCNCNNNC
NNCCNN(C)C(N)N
NNCCNN(C)NCN
NNCCNN(C)NNC
NNCCNN(CN)CN
NNCCNN(CN)NC
NNCCNN(N)C(C)N
NNCCNN(N)CCN
NNCCNN(N)CNC
NNCCNN(N)N(C)C
NNCCNN(N)NCC
NNCCNN(NC)NC
NNCCNNC(N)(C)N
NNCCNNC(N)CN
NNCCNNC(N)NC
NNCCNNCC(N)N
NNCCNNCCNN
NNCCNNCNCN
NNCCNNCNNC
NNCCNNN(C)CN
NNCCNNN(C)NC
NNCCNNN(N)CC
NNCCNNNC(C)N
NNCCNNNCCN
NNCCNNNCNC
NNCCNNNN(C)C
NNCCNNNNCC
NNCN(C(C)N)C(N)N
NNCN(C(C)N)CNN
NNCN(C(C)N)NCN
NNCN(C(C)N)NNC
NNCN(C(N)(C)N)NC
NNCN(C(N)N)CCN
NNCN(C(N)N)CNC
NNCN(C(N)N)N(C)C
NNCN(C(N)N)NCC
NNCN(C)C(N)(N)CN
NNCN(C)C(N)(N)NC
NNCN(C)C(N)C(N)N
NNCN(C)C(N)CNN
NNCN(C)C(N)NCN
NNCN(C)C(N)NNC
NNCN(C)CC(N)(N)N
NNCN(C)CN(N)CN
NNCN(C)CN(N)NC
NNCN(C)CNC(N)N
NNCN(C)CNCNN
NNCN(C)CNNCN
NNCN(C)CNNNC
NNCN(C)N(C)C(N)N
NNCN(C)N(C)CNN
NNCN(C)N(C)NCN
NNCN(C)N(C)NNC
NNCN(C)N(CN)CN
NNCN(C)N(CN)NC
NNCN(C)N(N)C(C)N
NNCN(C)N(N)CCN
NNCN(C)N(N)CNC
NNCN(C)N(N)N(C)C
NNCN(C)N(N)NCC
NNCN(C)N(NC)NC
NNCN(C)NC(N)(C)N
NNCN(C)NC(N)CN
NNCN(C)NC(N)NC
NNCN(C)NCC(N)N
NNCN(C)NCCNN
NNCN(C)NCNCN
NNCN(C)NCNNC
NNCN(C)NN(C)CN
NNCN(C)NN(C)NC
NNCN(C)NN(N)CC
NNCN(C)NNC(C)N
NNCN(C)NNCCN
NNCN(C)NNCNC
NNCN(C)NNN(C)C
NNCN(C)NNNCC
NNCN(CC)C(N)(N)N
NNCN(CC)N(N)CN
NNCN(CC)N(N)NC
NNCN(CC)NC(N)N
NNCN(CC)NCNN
NNCN(CC)NNCN
NNCN(CC)NNNC
NNCN(CCN)CNN
NNCN(CCN)NCN
NNCN(CCN)NNC
NNCN(CN)C(N)(C)N
NNCN(CN)C(N)CN
NNCN(CN)C(N)NC
NNCN(CN)CC(N)N
NNCN(CN)CCNN
NNCN(CN)CNCN
NNCN(CN)CNNC
NNCN(CN)N(C)CN
NNCN(CN)N(C)NC
NNCN(CN)N(N)CC
NNCN(CN)NC(C)N
NNCN(CN)NCCN
NNCN(CN)NCNC
NNCN(CN)NN(C)C
NNCN(CN)NNCC
NNCN(CNC)CNN
NNCN(CNC)NCN
NNCN(CNC)NNC
NNCN(CNN)NCC
NNCN(N(C)C)CNN
NNCN(N(C)C)NCN
NNCN(N(C)C)NNC
NNCN(N(C)N)CCN
NNCN(N(C)N)CNC
NNCN(N(C)N)NCC
NNCN(N(N)N)CCC
NNCN(N)C(C)C(N)N
NNCN(N)C(C)CNN
NNCN(N)C(C)NCN
NNCN(N)C(C)NNC
NNCN(N)C(CN)CN
NNCN(N)C(CN)NC
NNCN(N)C(N)(C)CN
NNCN(N)C(N)(C)NC
NNCN(N)C(N)(N)CC
NNCN(N)C(N)C(C)N
NNCN(N)C(N)CCN
NNCN(N)C(N)CNC
NNCN(N)C(N)N(C)C
NNCN(N)C(N)NCC
NNCN(N)C(NC)NC
NNCN(N)CC(N)(C)N
NNCN(N)CC(N)CN
NNCN(N)CC(N)NC
NNCN(N)CCC(N)N
NNCN(N)CCCNN
NNCN(N)CCNCN
NNCN(N)CCNNC
NNCN(N)CN(C)CN
NNCN(N)CN(C)NC
NNCN(N)CN(N)CC
NNCN(N)CNC(C)N
NNCN(N)CNCCN
NNCN(N)CNCNC
NNCN(N)CNN(C)C
NNCN(N)CNNCC
NNCN(N)N(C)C(C)N
NNCN(N)N(C)CCN
NNCN(N)N(C)CNC
NNCN(N)N(C)N(C)C
NNCN(N)N(C)NCC
NNCN(N)N(CC)CN
NNCN(N)N(CC)NC
NNCN(N)N(N)C(C)C
NNCN(N)N(N)CCC
NNCN(N)NC(C)(C)N
NNCN(N)NC(C)CN
NNCN(N)NC(C)NC
NNCN(N)NC(N)CC
NNCN(N)NCC(C)N
NNCN(N)NCCCN
NNCN(N)NCCNC
NNCN(N)NCN(C)C
NNCN(N)NCNCC
NNCN(N)NN(C)CC
NNCN(N)NNC(C)C
NNCN(N)NNCCC
NNCN(NC)C(N)CN
NNCN(NC)C(N)NC
NNCN(NC)CC(N)N
NNCN(NC)CCNN
NNCN(NC)CNCN
NNCN(NC)CNNC
NNCN(NC)N(C)CN
NNCN(NC)N(C)NC
NNCN(NC)N(N)CC
NNCN(NC)NC(C)N
NNCN(NC)NCCN
NNCN(NC)NCNC
NNCN(NC)NN(C)C
NNCN(NC)NNCC
NNCN(NCC)NCN
NNCN(NCC)NNC
NNCN(NN)C(C)CN
NNCN(NN)C(C)NC
NNCN(NN)C(N)CC
NNCN(NN)CC(C)N
NNCN(NN)CCCN
NNCN(NN)CCNC
NNCN(NN)CN(C)C
NNCN(NN)CNCC
NNCN(NN)N(C)CC
NNCN(NN)NC(C)C
NNCN(NN)NCCC
NNCNC(C(N)N)NC
NNCNC(C)C(N)(N)N
NNCNC(C)N(N)CN
NNCNC(C)N(N)NC
NNCNC(C)NC(N)N
NNCNC(C)NCNN
NNCNC(C)NNCN
NNCNC(C)NNNC
NNCNC(CN)(N)CN
NNCNC(CN)(N)NC
NNCNC(CN)C(N)N
NNCNC(CN)CNN
NNCNC(CN)NCN
NNCNC(CN)NNC
NNCNC(N)(C)C(N)N
NNCNC(N)(C)CNN
NNCNC(N)(C)NCN
NNCNC(N)(C)NNC
NNCNC(N)(N)C(C)N
NNCNC(N)(N)CCN
NNCNC(N)(N)CNC
NNCNC(N)(N)N(C)C
NNCNC(N)(N)NCC
NNCNC(N)C(N)(C)N
NNCNC(N)C(N)CN
NNCNC(N)C(N)NC
NNCNC(N)CC(N)N
NNCNC(N)CCNN
NNCNC(N)CNCN
NNCNC(N)CNNC
NNCNC(N)N(C)CN
NNCNC(N)N(C)NC
NNCNC(N)N(N)CC
NNCNC(N)NC(C)N
NNCNC(N)NCCN
NNCNC(N)NCNC
NNCNC(N)NN(C)C
NNCNC(N)NNCC
NNCNC(NC)(N)NC
NNCNC(NC)CNN
NNCNC(NC)NCN
NNCNC(NC)NNC
NNCNC(NN)CCN
NNCNC(NN)CNC
NNCNC(NN)NCC
NNCNCC(N)(N)CN
NNCNCC(N)(N)NC
NNCNCC(N)C(N)N
NNCNCC(N)CNN
NNCNCC(N)NCN
NNCNCC(N)NNC
NNCNCCC(N)(N)N
NNCNCCN(N)CN
NNCNCCN(N)NC
NNCNCCNC(N)N
NNCNCCNCNN
NNCNCCNNCN
NNCNCCNNNC
NNCNCN(C)C(N)N
NNCNCN(C)NCN
NNCNCN(C)NNC
NNCNCN(CN)CN
NNCNCN(CN)NC
NNCNCN(N)C(C)N
NNCNCN(N)CCN
NNCNCN(N)CNC
NNCNCN(N)N(C)C
NNCNCN(N)NCC
NNCNCN(NC)NC
NNCNCNC(N)(C)N
NNCNCNC(N)CN
NNCNCNC(N)NC
NNCNCNCC(N)N
NNCNCNCCNN
NNCNCNCNCN
NNCNCNCNNC
NNCNCNN(C)CN
NNCNCNN(C)NC
NNCNCNN(N)CC
NNCNCNNC(C)N
NNCNCNNCCN
NNCNCNNCNC
NNCNCNNN(C)C
NNCNCNNNCC
NNCNN(C(C)N)NC
NNCNN(C)C(N)(C)N
NNCNN(C)C(N)CN
NNCNN(C)C(N)NC
NNCNN(C)CC(N)N
NNCNN(C)CCNN
NNCNN(C)CNCN
NNCNN(C)CNNC
NNCNN(C)N(C)CN
NNCNN(C)N(C)NC
NNCNN(C)N(N)CC
NNCNN(C)NC(C)N
NNCNN(C)NCCN
NNCNN(C)NCNC
NNCNN(C)NN(C)C
NNCNN(C)NNCC
NNCNN(CC)C(N)N
NNCNN(CC)NCN
NNCNN(CC)NNC
NNCNN(CN)C(C)N
NNCNN(CN)CCN
NNCNN(CN)CNC
NNCNN(CN)N(C)C
NNCNN(CN)NCC
NNCNN(N)C(C)(C)N
NNCNN(N)C(C)CN
NNCNN(N)C(C)NC
NNCNN(N)C(N)CC
NNCNN(N)CC(C)N
NNCNN(N)CCCN
NNCNN(N)CCNC
NNCNN(N)CN(C)C
NNCNN(N)CNCC
NNCNN(N)N(C)CC
NNCNN(N)NC(C)C
NNCNN(N)NCCC
NNCNN(NC)CCN
NNCNN(NC)CNC
NNCNN(NC)N(C)C
NNCNN(NC)NCC
NNCNN(NN)CCC
NNCNNC(C)C(N)N
NNCNNC(C)CNN
NNCNNC(C)NCN
NNCNNC(C)NNC
NNCNNC(CN)CN
NNCNNC(CN)NC
NNCNNC(N)(C)CN
NNCNNC(N)(C)NC
NNCNNC(N)(N)CC
NNCNNC(N)C(C)N
NNCNNC(N)CCN
NNCNNC(N)CNC
NNCNNC(N)N(C)C
NNCNNC(N)NCC
NNCNNC(NC)NC
NNCNNCC(N)(C)N
NNCNNCC(N)CN
NNCNNCC(N)NC
NNCNNCCC(N)N
NNCNNCCCNN
NNCNNCCNCN
NNCNNCCNNC
NNCNNCN(C)CN
NNCNNCN(C)NC
NNCNNCN(N)CC
NNCNNCNC(C)N
NNCNNCNCCN
NNCNNCNCNC
NNCNNCNN(C)C
NNCNNCNNCC
NNCNNN(C)C(C)N
NNCNNN(C)CCN
NNCNNN(C)CNC
NNCNNN(C)N(C)C
NNCNNN(C)NCC
NNCNNN(CC)CN
NNCNNN(CC)NC
NNCNNN(N)C(C)C
NNCNNN(N)CCC
NNCNNNC(C)(C)N
NNCNNNC(C)CN
NNCNNNC(C)NC
NNCNNNC(N)CC
NNCNNNCC(C)N
NNCNNNCCCN
NNCNNNCCNC
NNCNNNCN(C)C
NNCNNNCNCC
NNCNNNN(C)CC
NNCNNNNC(C)C
NNCNNNNCCC
NNN(C(C)(C)C)NNN
NNN(C(C)(C)N)CNN
NNN(C(C)(C)N)NCN
NNN(C(C)(C)N)NNC
NNN(C(C)C)C(N)(N)N
NNN(C(C)C)C(N)NN
NNN(C(C)C)CNNN
NNN(C(C)C)N(C)NN
NNN(C(C)C)N(N)CN
NNN(C(C)C)N(N)NC
NNN(C(C)C)NC(N)N
NNN(C(C)C)NCNN
NNN(C(C)C)NNCN
NNN(C(C)C)NNNC
NNN(C(C)N)C(C)NN
NNN(C(C)N)C(N)(C)N
NNN(C(C)N)C(N)CN
NNN(C(C)N)C(N)NC
NNN(C(C)N)CC(N)N
NNN(C(C)N)CCNN
NNN(C(C)N)CNCN
NNN(C(C)N)CNNC
NNN(C(C)N)N(C)CN
NNN(C(C)N)N(C)NC
NNN(C(C)N)N(N)CC
NNN(C(C)N)NC(C)N
NNN(C(C)N)NCCN
NNN(C(C)N)NCNC
NNN(C(C)N)NN(C)C
NNN(C(C)N)NNCC
NNN(C(N)(C)N)CCN
NNN(C(N)(C)N)CNC
NNN(C(N)(C)N)N(C)C
NNN(C(N)(C)N)NCC
NNN(C(N)(N)N)CCC
NNN(C(N)N)C(C)(C)N
NNN(C(N)N)C(C)CN
NNN(C(N)N)C(C)NC
NNN(C(N)N)C(N)CC
NNN(C(N)N)CC(C)N
NNN(C(N)N)CCCN
NNN(C(N)N)CCNC
NNN(C(N)N)CN(C)C
NNN(C(N)N)CNCC
NNN(C(N)N)N(C)CC
NNN(C(N)N)NC(C)C
NNN(C(N)N)NCCC
NNN(C)C(C(C)N)NN
NNN(C)C(C(N)N)NC
NNN(C)C(C)(C)NNN
NNN(C)C(C)C(N)(N)N
NNN(C)C(C)C(N)NN
NNN(C)C(C)CNNN
NNN(C)C(C)N(C)NN
NNN(C)C(C)N(N)CN
NNN(C)C(C)N(N)NC
NNN(C)C(C)NC(N)N
NNN(C)C(C)NCNN
NNN(C)C(C)NNCN
NNN(C)C(C)NNNC
NNN(C)C(CC)(N)NN
NNN(C)C(CC)NNN
NNN(C)C(CN)(C)NN
NNN(C)C(CN)(N)CN
NNN(C)C(CN)(N)NC
NNN(C)C(CN)C(N)N
NNN(C)C(CN)CNN
NNN(C)C(CN)NCN
NNN(C)C(CN)NNC
NNN(C)C(N)(C)C(N)N
NNN(C)C(N)(C)CNN
NNN(C)C(N)(C)NCN
NNN(C)C(N)(C)NNC
NNN(C)C(N)(N)C(C)N
NNN(C)C(N)(N)CCN
NNN(C)C(N)(N)CNC
NNN(C)C(N)(N)N(C)C
NNN(C)C(N)(N)NCC
NNN(C)C(N)C(C)NN
NNN(C)C(N)C(N)(C)N
NNN(C)C(N)C(N)CN
NNN(C)C(N)C(N)NC
NNN(C)C(N)CC(N)N
NNN(C)C(N)CCNN
NNN(C)C(N)CNCN
NNN(C)C(N)CNNC
NNN(C)C(N)N(C)CN
NNN(C)C(N)N(C)NC
NNN(C)C(N)N(N)CC
NNN(C)C(N)NC(C)N
NNN(C)C(N)NCCN
NNN(C)C(N)NCNC
NNN(C)C(N)NN(C)C
NNN(C)C(N)NNCC
NNN(C)C(NC)(C)NN
NNN(C)C(NC)(N)NC
NNN(C)C(NC)CNN
NNN(C)C(NC)NCN
NNN(C)C(NC)NNC
NNN(C)C(NN)CCN
NNN(C)C(NN)CNC
NNN(C)C(NN)N(C)C
NNN(C)C(NN)NCC
NNN(C)CC(C)NNN
NNN(C)CC(CN)NN
NNN(C)CC(N)(C)NN
NNN(C)CC(N)(N)CN
NNN(C)CC(N)(N)NC
NNN(C)CC(N)C(N)N
NNN(C)CC(N)CNN
NNN(C)CC(N)NCN
NNN(C)CC(N)NNC
NNN(C)CC(NC)NN
NNN(C)CCC(N)(N)N
NNN(C)CCC(N)NN
NNN(C)CCCNNN
NNN(C)CCN(C)NN
NNN(C)CCN(N)CN
NNN(C)CCN(N)NC
NNN(C)CCNC(N)N
NNN(C)CCNCNN
NNN(C)CCNNCN
NNN(C)CCNNNC
NNN(C)CN(C)C(N)N
NNN(C)CN(C)CNN
NNN(C)CN(C)NCN
NNN(C)CN(C)NNC
NNN(C)CN(CN)CN
NNN(C)CN(CN)NC
NNN(C)CN(N)C(C)N
NNN(C)CN(N)CCN
NNN(C)CN(N)CNC
NNN(C)CN(N)N(C)C
NNN(C)CN(N)NCC
NNN(C)CN(NC)NC
NNN(C)CNC(C)NN
NNN(C)CNC(N)(C)N
NNN(C)CNC(N)CN
NNN(C)CNC(N)NC
NNN(C)CNCC(N)N
NNN(C)CNCCNN
NNN(C)CNCNCN
NNN(C)CNCNNC
NNN(C)CNN(C)CN
NNN(C)CNN(C)NC
NNN(C)CNN(N)CC
NNN(C)CNNC(C)N
NNN(C)CNNCCN
NNN(C)CNNCNC
NNN(C)CNNN(C)C
NNN(C)CNNNCC
NNN(C)N(C(C)N)NC
NNN(C)N(C)C(C)NN
NNN(C)N(C)C(N)(C)N
NNN(C)N(C)C(N)CN
NNN(C)N(C)C(N)NC
NNN(C)N(C)CC(N)N
NNN(C)N(C)CCNN
NNN(C)N(C)CNCN
NNN(C)N(C)CNNC
NNN(C)N(C)N(C)CN
NNN(C)N(C)N(C)NC
NNN(C)N(C)N(N)CC
NNN(C)N(C)NC(C)N
NNN(C)N(C)NCCN
NNN(C)N(C)NCNC
NNN(C)N(C)NN(C)C
NNN(C)N(C)NNCC
NNN(C)N(CC)C(N)N
NNN(C)N(CC)CNN
NNN(C)N(CC)NCN
NNN(C)N(CC)NNC
NNN(C)N(CN)C(C)N
NNN(C)N(CN)CCN
NNN(C)N(CN)CNC
NNN(C)N(CN)N(C)C
NNN(C)N(CN)NCC
NNN(C)N(N)C(C)(C)N
NNN(C)N(N)C(C)CN
NNN(C)N(N)C(C)NC
NNN(C)N(N)C(N)CC
NNN(C)N(N)CC(C)N
NNN(C)N(N)CCCN
NNN(C)N(N)CCNC
NNN(C)N(N)CN(C)C
NNN(C)N(N)CNCC
NNN(C)N(N)N(C)CC
NNN(C)N(N)NC(C)C
NNN(C)N(N)NCCC
NNN(C)N(NC)CCN
NNN(C)N(NC)CNC
NNN(C)N(NC)N(C)C
NNN(C)N(NC)NCC
NNN(C)N(NN)CCC
NNN(C)NC(C)(C)NN
NNN(C)NC(C)C(N)N
NNN(C)NC(C)CNN
NNN(C)NC(C)NCN
NNN(C)NC(C)NNC
NNN(C)NC(CC)NN
NNN(C)NC(CN)CN
NNN(C)NC(CN)NC
NNN(C)NC(N)(C)CN
NNN(C)NC(N)(C)NC
NNN(C)NC(N)(N)CC
NNN(C)NC(N)C(C)N
NNN(C)NC(N)CCN
NNN(C)NC(N)CNC
NNN(C)NC(N)N(C)C
NNN(C)NC(N)NCC
NNN(C)NC(NC)NC
NNN(C)NCC(C)NN
NNN(C)NCC(N)(C)N
NNN(C)NCC(N)CN
NNN(C)NCC(N)NC
NNN(C)NCCC(N)N
NNN(C)NCCCNN
NNN(C)NCCNCN
NNN(C)NCCNNC
NNN(C)NCN(C)CN
NNN(C)NCN(C)NC
NNN(C)NCN(N)CC
NNN(C)NCNC(C)N
NNN(C)NCNCCN
NNN(C)NCNCNC
NNN(C)NCNN(C)C
NNN(C)NCNNCC
NNN(C)NN(C)C(C)N
NNN(C)NN(C)CCN
NNN(C)NN(C)CNC
NNN(C)NN(C)N(C)C
NNN(C)NN(C)NCC
NNN(C)NN(CC)CN
NNN(C)NN(CC)NC
NNN(C)NN(N)C(C)C
NNN(C)NN(N)CCC
NNN(C)NNC(C)(C)N
NNN(C)NNC(C)CN
NNN(C)NNC(C)NC
NNN(C)NNC(N)CC
NNN(C)NNCC(C)N
NNN(C)NNCCCN
NNN(C)NNCCNC
NNN(C)NNCN(C)C
NNN(C)NNCNCC
NNN(C)NNN(C)CC
NNN(C)NNNC(C)C
NNN(C)NNNCCC
NNN(CC)C(C)NNN
NNN(CC)C(CN)NN
NNN(CC)C(N)(C)NN
NNN(CC)C(N)(N)CN
NNN(CC)C(N)(N)NC
NNN(CC)C(N)C(N)N
NNN(CC)C(N)CNN
NNN(CC)C(N)NCN
NNN(CC)C(N)NNC
NNN(CC)C(NC)NN
NNN(CC)CC(N)(N)N
NNN(CC)CC(N)NN
NNN(CC)CCNNN
NNN(CC)CN(C)NN
NNN(CC)CN(N)CN
NNN(CC)CN(N)NC
NNN(CC)CNC(N)N
NNN(CC)CNCNN
NNN(CC)CNNCN
NNN(CC)CNNNC
NNN(CC)N(C)C(N)N
NNN(CC)N(C)CNN
NNN(CC)N(C)NCN
NNN(CC)N(C)NNC
NNN(CC)N(CN)CN
NNN(CC)N(CN)NC
NNN(CC)N(N)C(C)N
NNN(CC)N(N)CCN
NNN(CC)N(N)CNC
NNN(CC)N(N)N(C)C
NNN(CC)N(N)NCC
NNN(CC)N(NC)NC
NNN(CC)N(NN)CC
NNN(CC)NC(C)NN
NNN(CC)NC(N)(C)N
NNN(CC)NC(N)CN
NNN(CC)NC(N)NC
NNN(CC)NCC(N)N
NNN(CC)NCCNN
NNN(CC)NCNCN
NNN(CC)NCNNC
NNN(CC)NN(C)CN
NNN(CC)NN(C)NC
NNN(CC)NN(N)CC
NNN(CC)NNC(C)N
NNN(CC)NNCCN
NNN(CC)NNCNC
NNN(CC)NNN(C)C
NNN(CC)NNNCC
NNN(CN)C(C)(C)NN
NNN(CN)C(C)C(N)N
NNN(CN)C(C)CNN
NNN(CN)C(C)NCN
NNN(CN)C(C)NNC
NNN(CN)C(CC)NN
NNN(CN)C(CN)CN
NNN(CN)C(CN)NC
NNN(CN)C(N)(C)CN
NNN(CN)C(N)(C)NC
NNN(CN)C(N)(N)CC
NNN(CN)C(N)C(C)N
NNN(CN)C(N)CCN
NNN(CN)C(N)CNC
NNN(CN)C(N)N(C)C
NNN(CN)C(N)NCC
NNN(CN)C(NC)NC
NNN(CN)CC(C)NN
NNN(CN)CC(N)(C)N
NNN(CN)CC(N)CN
NNN(CN)CC(N)NC
NNN(CN)CCC(N)N
NNN(CN)CCCNN
NNN(CN)CCNCN
NNN(CN)CCNNC
NNN(CN)CN(C)CN
NNN(CN)CN(C)NC
NNN(CN)CN(N)CC
NNN(CN)CNC(C)N
NNN(CN)CNCCN
NNN(CN)CNCNC
NNN(CN)CNN(C)C
NNN(CN)CNNCC
NNN(CN)N(C)C(C)N
NNN(CN)N(C)CCN
NNN(CN)N(C)CNC
NNN(CN)N(C)N(C)C
NNN(CN)N(C)NCC
NNN(CN)N(CC)CN
NNN(CN)N(CC)NC
NNN(CN)N(N)C(C)C
NNN(CN)N(N)CCC
NNN(CN)NC(C)(C)N
NNN(CN)NC(C)CN
NNN(CN)NC(C)NC
NNN(CN)NC(N)CC
NNN(CN)NCC(C)N
NNN(CN)NCCCN
NNN(CN)NCCNC
NNN(CN)NCN(C)C
NNN(CN)NCNCC
NNN(CN)NN(C)CC
NNN(CN)NNC(C)C
NNN(CN)NNCCC
NNN(N(C)C)C(C)NN
NNN(N(C)C)C(N)CN
NNN(N(C)C)C(N)NC
NNN(N(C)C)CC(N)N
NNN(N(C)C)CCNN
NNN(N(C)C)CNCN
NNN(N(C)C)CNNC
NNN(N(C)C)N(C)CN
NNN(N(C)C)N(C)NC
NNN(N(C)C)N(N)CC
NNN(N(C)C)NC(C)N
NNN(N(C)C)NCCN
NNN(N(C)C)NCNC
NNN(N(C)C)NN(C)C
NNN(N(C)C)NNCC
NNN(N)C(C(C)C)NN
NNN(N)C(C(C)N)NC
NNN(N)C(C)(C)C(N)N
NNN(N)C(C)(C)CNN
NNN(N)C(C)(C)NCN
NNN(N)C(C)(C)NNC
NNN(N)C(C)C(C)NN
NNN(N)C(C)C(N)(C)N
NNN(N)C(C)C(N)CN
NNN(N)C(C)C(N)NC
NNN(N)C(C)CC(N)N
NNN(N)C(C)CCNN
NNN(N)C(C)CNCN
NNN(N)C(C)CNNC
NNN(N)C(C)N(C)CN
NNN(N)C(C)N(C)NC
NNN(N)C(C)N(N)CC
NNN(N)C(C)NC(C)N
NNN(N)C(C)NCCN
NNN(N)C(C)NCNC
NNN(N)C(C)NN(C)C
NNN(N)C(C)NNCC
NNN(N)C(CC)(C)NN
NNN(N)C(CC)(N)CN
NNN(N)C(CC)(N)NC
NNN(N)C(CC)C(N)N
NNN(N)C(CC)CNN
NNN(N)C(CC)NCN
NNN(N)C(CC)NNC
NNN(N)C(CN)(C)CN
NNN(N)C(CN)(C)NC
NNN(N)C(CN)C(C)N
NNN(N)C(CN)CCN
NNN(N)C(CN)CNC
NNN(N)C(CN)N(C)C
NNN(N)C(CN)NCC
NNN(N)C(N)(C)C(C)N
NNN(N)C(N)(C)CCN
NNN(N)C(N)(C)CNC
NNN(N)C(N)(C)N(C)C
NNN(N)C(N)(C)NCC
NNN(N)C(N)(N)C(C)C
NNN(N)C(N)(N)CCC
NNN(N)C(N)C(C)(C)N
NNN(N)C(N)C(C)CN
NNN(N)C(N)C(C)NC
NNN(N)C(N)C(N)CC
NNN(N)C(N)CC(C)N
NNN(N)C(N)CCCN
NNN(N)C(N)CCNC
NNN(N)C(N)CN(C)C
NNN(N)C(N)CNCC
NNN(N)C(N)N(C)CC
NNN(N)C(N)NC(C)C
NNN(N)C(N)NCCC
NNN(N)C(NC)(C)NC
NNN(N)C(NC)CCN
NNN(N)C(NC)CNC
NNN(N)C(NC)N(C)C
NNN(N)C(NC)NCC
NNN(N)C(NN)CCC
NNN(N)CC(C)(C)NN
NNN(N)CC(C)C(N)N
NNN(N)CC(C)CNN
NNN(N)CC(C)NCN
NNN(N)CC(C)NNC
NNN(N)CC(CC)NN
NNN(N)CC(CN)CN
NNN(N)CC(CN)NC
NNN(N)CC(N)(C)CN
NNN(N)CC(N)(C)NC
NNN(N)CC(N)(N)CC
NNN(N)CC(N)C(C)N
NNN(N)CC(N)CCN
NNN(N)CC(N)CNC
NNN(N)CC(N)N(C)C
NNN(N)CC(N)NCC
NNN(N)CC(NC)NC
NNN(N)CCC(C)NN
NNN(N)CCC(N)(C)N
NNN(N)CCC(N)CN
NNN(N)CCC(N)NC
NNN(N)CCCC(N)N
NNN(N)CCCCNN
NNN(N)CCCNCN
NNN(N)CCCNNC
NNN(N)CCN(C)CN
NNN(N)CCN(C)NC
NNN(N)CCN(N)CC
NNN(N)CCNC(C)N
NNN(N)CCNCCN
NNN(N)CCNCNC
NNN(N)CCNN(C)C
NNN(N)CCNNCC
NNN(N)CN(C)C(C)N
NNN(N)CN(C)CCN
NNN(N)CN(C)CNC
NNN(N)CN(C)N(C)C
NNN(N)CN(C)NCC
NNN(N)CN(CC)CN
NNN(N)CN(CC)NC
NNN(N)CN(N)C(C)C
NNN(N)CN(N)CCC
NNN(N)CNC(C)(C)N
NNN(N)CNC(C)CN
NNN(N)CNC(C)NC
NNN(N)CNC(N)CC
NNN(N)CNCC(C)N
NNN(N)CNCCCN
NNN(N)CNCCNC
NNN(N)CNCN(C)C
NNN(N)CNCNCC
NNN(N)CNN(C)CC
NNN(N)CNNC(C)C
NNN(N)CNNCCC
NNN(N)N(C(C)C)NC
NNN(N)N(C)C(C)(C)N
NNN(N)N(C)C(C)CN
NNN(N)N(C)C(C)NC
NNN(N)N(C)C(N)CC
NNN(N)N(C)CC(C)N
NNN(N)N(C)CCCN
NNN(N)N(C)CCNC
NNN(N)N(C)CN(C)C
NNN(N)N(C)CNCC
NNN(N)N(C)N(C)CC
NNN(N)N(C)NC(C)C
NNN(N)N(C)NCCC
NNN(N)N(CC)C(C)N
NNN(N)N(CC)CCN
NNN(N)N(CC)CNC
NNN(N)N(CC)N(C)C
NNN(N)N(CC)NCC
NNN(N)N(CN)C(C)C
NNN(N)N(CN)CCC
NNN(N)N(N)C(C)(C)C
NNN(N)N(N)C(C)CC
NNN(N)N(N)CC(C)C
NNN(N)N(N)CCCC
NNN(N)N(NC)CCC
NNN(N)NC(C)(C)CN
NNN(N)NC(C)(C)NC
NNN(N)NC(C)C(C)N
NNN(N)NC(C)CCN
NNN(N)NC(C)CNC
NNN(N)NC(C)N(C)C
NNN(N)NC(C)NCC
NNN(N)NC(CC)CN
NNN(N)NC(CC)NC
NNN(N)NC(N)(C)CC
NNN(N)NC(N)C(C)C
NNN(N)NC(N)CCC
NNN(N)NCC(C)(C)N
NNN(N)NCC(C)CN
NNN(N)NCC(C)NC
NNN(N)NCC(N)CC
NNN(N)NCCC(C)N
NNN(N)NCCCCN
NNN(N)NCCCNC
NNN(N)NCCN(C)C
NNN(N)NCCNCC
NNN(N)NCN(C)CC
NNN(N)NCNC(C)C
NNN(N)NCNCCC
NNN(N)NN(C)C(C)C
NNN(N)NN(C)CCC
NNN(N)NN(CC)CC
NNN(N)NNC(C)(C)C
NNN(N)NNC(C)CC
NNN(N)NNCC(C)C
NNN(N)NNCCCC
NNN(NC)C(C)(C)NN
NNN(NC)C(C)C(N)N
NNN(NC)C(C)CNN
NNN(NC)C(C)NCN
NNN(NC)C(C)NNC
NNN(NC)C(CC)NN
NNN(NC)C(CN)CN
NNN(NC)C(CN)NC
NNN(NC)C(N)(C)CN
NNN(NC)C(N)(C)NC
NNN(NC)C(N)(N)CC
NNN(NC)C(N)C(C)N
NNN(NC)C(N)CCN
NNN(NC)C(N)CNC
NNN(NC)C(N)N(C)C
NNN(NC)C(N)NCC
NNN(NC)C(NC)NC
NNN(NC)CC(C)NN
NNN(NC)CC(N)(C)N
NNN(NC)CC(N)CN
NNN(NC)CC(N)NC
NNN(NC)CCC(N)N
NNN(NC)CCCNN
NNN(NC)CCNCN
NNN(NC)CCNNC
NNN(NC)CN(C)CN
NNN(NC)CN(C)NC
NNN(NC)CN(N)CC
NNN(NC)CNC(C)N
NNN(NC)CNCCN
NNN(NC)CNCNC
NNN(NC)CNN(C)C
NNN(NC)CNNCC
NNN(NC)N(C)C(C)N
NNN(NC)N(C)CCN
NNN(NC)N(C)CNC
NNN(NC)N(C)N(C)C
NNN(NC)N(C)NCC
NNN(NC)N(CC)CN
NNN(NC)N(CC)NC
NNN(NC)N(N)C(C)C
NNN(NC)N(N)CCC
NNN(NC)NC(C)(C)N
NNN(NC)NC(C)CN
NNN(NC)NC(C)NC
NNN(NC)NC(N)CC
NNN(NC)NCC(C)N
NNN(NC)NCCCN
NNN(NC)NCCNC
NNN(NC)NCN(C)C
NNN(NC)NCNCC
NNN(NC)NN(C)CC
NNN(NC)NNC(C)C
NNN(NC)NNCCC
NNN(NN)C(C)(C)CN
NNN(NN)C(C)(C)NC
NNN(NN)C(C)C(C)N
NNN(NN)C(C)CCN
NNN(NN)C(C)CNC
NNN(NN)C(C)N(C)C
NNN(NN)C(C)NCC
NNN(NN)C(CC)CN
NNN(NN)C(CC)NC
NNN(NN)C(N)(C)CC
NNN(NN)C(N)C(C)C
NNN(NN)C(N)CCC
NNN(NN)CC(C)(C)N
NNN(NN)CC(C)CN
NNN(NN)CC(C)NC
NNN(NN)CC(N)CC
NNN(NN)CCC(C)N
NNN(NN)CCCCN
NNN(NN)CCCNC
NNN(NN)CCN(C)C
NNN(NN)CCNCC
NNN(NN)CN(C)CC
NNN(NN)CNC(C)C
NNN(NN)CNCCC
NNN(NN)N(C)C(C)C
NNN(NN)N(C)CCC
NNN(NN)N(CC)CC
NNN(NN)NC(C)(C)C
NNN(NN)NC(C)CC
NNN(NN)NCC(C)C
NNN(NN)NCCCC
NNNC(C(C)(C)N)NN
NNNC(C(C)C)(N)NN
NNNC(C(C)C)NNN
NNNC(C(C)N)(C)NN
NNNC(C(C)N)(N)NC
NNNC(C(C)N)C(N)N
NNNC(C(C)N)CNN
NNNC(C(C)N)NCN
NNNC(C(C)N)NNC
NNNC(C(N)(C)N)NC
NNNC(C(N)N)(C)NC
NNNC(C(N)N)CCN
NNNC(C(N)N)CNC
NNNC(C(N)N)N(C)C
NNNC(C(N)N)NCC
NNNC(C)(C)C(N)(N)N
NNNC(C)(C)C(N)NN
NNNC(C)(C)CNNN
NNNC(C)(C)N(N)CN
NNNC(C)(C)N(N)NC
NNNC(C)(C)NC(N)N
NNNC(C)(C)NCNN
NNNC(C)(C)NNCN
NNNC(C)(C)NNNC
NNNC(C)C(C)NNN
NNNC(C)C(CN)NN
NNNC(C)C(N)(C)NN
NNNC(C)C(N)(N)CN
NNNC(C)C(N)(N)NC
NNNC(C)C(N)C(N)N
NNNC(C)C(N)CNN
NNNC(C)C(N)NCN
NNNC(C)C(N)NNC
NNNC(C)C(NC)NN
NNNC(C)CC(N)(N)N
NNNC(C)CC(N)NN
NNNC(C)CCNNN
NNNC(C)CN(N)CN
NNNC(C)CN(N)NC
NNNC(C)CNC(N)N
NNNC(C)CNCNN
NNNC(C)CNNCN
NNNC(C)CNNNC
NNNC(C)N(C)C(N)N
NNNC(C)N(C)CNN
NNNC(C)N(C)NCN
NNNC(C)N(C)NNC
NNNC(C)N(CN)CN
NNNC(C)N(CN)NC
NNNC(C)N(N)C(C)N
NNNC(C)N(N)CCN
NNNC(C)N(N)CNC
NNNC(C)N(N)N(C)C
NNNC(C)N(N)NCC
NNNC(C)N(NC)NC
NNNC(C)NC(C)NN
NNNC(C)NC(N)(C)N
NNNC(C)NC(N)CN
NNNC(C)NC(N)NC
NNNC(C)NCC(N)N
NNNC(C)NCCNN
NNNC(C)NCNCN
NNNC(C)NCNNC
NNNC(C)NN(C)CN
NNNC(C)NN(C)NC
NNNC(C)NN(N)CC
NNNC(C)NNC(C)N
NNNC(C)NNCCN
NNNC(C)NNCNC
NNNC(C)NNN(C)C
NNNC(C)NNNCC
NNNC(CC)(C)NNN
NNNC(CC)(N)C(N)N
NNNC(CC)(N)CNN
NNNC(CC)(N)NCN
NNNC(CC)(N)NNC
NNNC(CC)C(N)(N)N
NNNC(CC)C(N)NN
NNNC(CC)CNNN
NNNC(CC)N(N)CN
NNNC(CC)N(N)NC
NNNC(CC)NC(N)N
NNNC(CC)NCNN
NNNC(CC)NNCN
NNNC(CC)NNNC
NNNC(CCC)NNN
NNNC(CCN)CNN
NNNC(CCN)NCN
NNNC(CCN)NNC
NNNC(CN)(C)C(N)N
NNNC(CN)(C)CNN
NNNC(CN)(C)NCN
NNNC(CN)(C)NNC
NNNC(CN)(CC)NN
NNNC(CN)(CN)CN
NNNC(CN)(CN)NC
NNNC(CN)(N)C(C)N
NNNC(CN)(N)CCN
NNNC(CN)(N)CNC
NNNC(CN)(N)N(C)C
NNNC(CN)(N)NCC
NNNC(CN)C(C)NN
NNNC(CN)C(N)(C)N
NNNC(CN)C(N)CN
NNNC(CN)C(N)NC
NNNC(CN)CC(N)N
NNNC(CN)CCNN
NNNC(CN)CNCN
NNNC(CN)CNNC
NNNC(CN)N(C)CN
NNNC(CN)N(C)NC
NNNC(CN)N(N)CC
NNNC(CN)NC(C)N
NNNC(CN)NCCN
NNNC(CN)NCNC
NNNC(CN)NN(C)C
NNNC(CN)NNCC
NNNC(CNC)CNN
NNNC(CNC)NCN
NNNC(CNC)NNC
NNNC(CNN)NCC
NNNC(N(C)C)CNN
NNNC(N(C)C)NCN
NNNC(N(C)C)NNC
NNNC(N(C)N)CCN
NNNC(N(C)N)CNC
NNNC(N(C)N)NCC
NNNC(N(N)N)CCC
NNNC(N)(C)C(C)NN
NNNC(N)(C)C(N)(C)N
NNNC(N)(C)C(N)CN
NNNC(N)(C)C(N)NC
NNNC(N)(C)CC(N)N
NNNC(N)(C)CCNN
NNNC(N)(C)CNCN
NNNC(N)(C)CNNC
NNNC(N)(C)N(C)CN
NNNC(N)(C)N(C)NC
NNNC(N)(C)N(N)CC
NNNC(N)(C)NC(C)N
NNNC(N)(C)NCCN
NNNC(N)(C)NCNC
NNNC(N)(C)NN(C)C
NNNC(N)(C)NNCC
NNNC(N)(N)C(C)(C)N
NNNC(N)(N)C(C)CN
NNNC(N)(N)C(C)NC
NNNC(N)(N)C(N)CC
NNNC(N)(N)CC(C)N
NNNC(N)(N)CCCN
NNNC(N)(N)CCNC
NNNC(N)(N)CN(C)C
NNNC(N)(N)CNCC
NNNC(N)(N)N(C)CC
NNNC(N)(N)NC(C)C
NNNC(N)(N)NCCC
NNNC(N)C(C)(C)NN
NNNC(N)C(C)C(N)N
NNNC(N)C(C)CNN
NNNC(N)C(C)NCN
NNNC(N)C(C)NNC
NNNC(N)C(CC)NN
NNNC(N)C(CN)CN
NNNC(N)C(CN)NC
NNNC(N)C(N)(C)CN
NNNC(N)C(N)(C)NC
NNNC(N)C(N)(N)CC
NNNC(N)C(N)C(C)N
NNNC(N)C(N)CCN
NNNC(N)C(N)CNC
NNNC(N)C(N)N(C)C
NNNC(N)C(N)NCC
NNNC(N)C(NC)NC
NNNC(N)CC(C)NN
NNNC(N)CC(N)(C)N
NNNC(N)CC(N)CN
NNNC(N)CC(N)NC
NNNC(N)CCC(N)N
NNNC(N)CCCNN
NNNC(N)CCNCN
NNNC(N)CCNNC
NNNC(N)CN(C)CN
NNNC(N)CN(C)NC
NNNC(N)CN(N)CC
NNNC(N)CNC(C)N
NNNC(N)CNCCN
NNNC(N)CNCNC
NNNC(N)CNN(C)C
NNNC(N)CNNCC
NNNC(N)N(C)C(C)N
NNNC(N)N(C)CCN
NNNC(N)N(C)CNC
NNNC(N)N(C)N(C)C
NNNC(N)N(C)NCC
NNNC(N)N(CC)CN
NNNC(N)N(CC)NC
NNNC(N)N(N)C(C)C
NNNC(N)N(N)CCC
NNNC(N)NC(C)(C)N
NNNC(N)NC(C)CN
NNNC(N)NC(C)NC
NNNC(N)NC(N)CC
NNNC(N)NCC(C)N
NNNC(N)NCCCN
NNNC(N)NCCNC
NNNC(N)NCN(C)C
NNNC(N)NCNCC
NNNC(N)NN(C)CC
NNNC(N)NNC(C)C
NNNC(N)NNCCC
NNNC(NC)(C)CNN
NNNC(NC)(C)NCN
NNNC(NC)(C)NNC
NNNC(NC)(CC)NN
NNNC(NC)(CN)NC
NNNC(NC)(N)CCN
NNNC(NC)(N)CNC
NNNC(NC)(N)N(C)C
NNNC(NC)(N)NCC
NNNC(NC)(NC)NC
NNNC(NC)C(C)NN
NNNC(NC)C(N)CN
NNNC(NC)C(N)NC
NNNC(NC)CC(N)N
NNNC(NC)CCNN
NNNC(NC)CNCN
NNNC(NC)CNNC
NNNC(NC)N(C)CN
NNNC(NC)N(C)NC
NNNC(NC)N(N)CC
NNNC(NC)NC(C)N
NNNC(NC)NCCN
NNNC(NC)NCNC
NNNC(NC)NN(C)C
NNNC(NC)NNCC
NNNC(NCC)NCN
NNNC(NCC)NNC
NNNC(NN)(C)CCN
NNNC(NN)(C)CNC
NNNC(NN)(C)N(C)C
NNNC(NN)(C)NCC
NNNC(NN)(N)CCC
NNNC(NN)C(C)CN
NNNC(NN)C(C)NC
NNNC(NN)C(N)CC
NNNC(NN)CC(C)N
NNNC(NN)CCCN
NNNC(NN)CCNC
NNNC(NN)CN(C)C
NNNC(NN)CNCC
NNNC(NN)N(C)CC
NNNC(NN)NC(C)C
NNNC(NN)NCCC
NNNCC(C(C)N)NN
NNNCC(C(N)N)NC
NNNCC(C)C(N)(N)N
NNNCC(C)C(N)NN
NNNCC(C)CNNN
NNNCC(C)N(N)CN
NNNCC(C)N(N)NC
NNNCC(C)NC(N)N
NNNCC(C)NCNN
NNNCC(C)NNCN
NNNCC(C)NNNC
NNNCC(CC)(N)NN
NNNCC(CN)(C)NN
NNNCC(CN)(N)CN
NNNCC(CN)(N)NC
NNNCC(CN)C(N)N
NNNCC(CN)CNN
NNNCC(CN)NCN
NNNCC(CN)NNC
NNNCC(N)(C)C(N)N
NNNCC(N)(C)CNN
NNNCC(N)(C)NCN
NNNCC(N)(C)NNC
NNNCC(N)(N)C(C)N
NNNCC(N)(N)CCN
NNNCC(N)(N)CNC
NNNCC(N)(N)N(C)C
NNNCC(N)(N)NCC
NNNCC(N)C(C)NN
NNNCC(N)C(N)(C)N
NNNCC(N)C(N)CN
NNNCC(N)C(N)NC
NNNCC(N)CC(N)N
NNNCC(N)CCNN
NNNCC(N)CNCN
NNNCC(N)CNNC
NNNCC(N)N(C)CN
NNNCC(N)N(C)NC
NNNCC(N)N(N)CC
NNNCC(N)NC(C)N
NNNCC(N)NCCN
NNNCC(N)NCNC
NNNCC(N)NN(C)C
NNNCC(N)NNCC
NNNCC(NC)(C)NN
NNNCC(NC)(N)NC
NNNCC(NC)CNN
NNNCC(NC)NCN
NNNCC(NC)NNC
NNNCC(NN)CCN
NNNCC(NN)CNC
NNNCC(NN)N(C)C
NNNCC(NN)NCC
NNNCCC(CN)NN
NNNCCC(N)(C)NN
NNNCCC(N)(N)CN
NNNCCC(N)(N)NC
NNNCCC(N)C(N)N
NNNCCC(N)CNN
NNNCCC(N)NCN
NNNCCC(N)NNC
NNNCCC(NC)NN
NNNCCCC(N)(N)N
NNNCCCC(N)NN
NNNCCCCNNN
NNNCCCN(N)CN
NNNCCCN(N)NC
NNNCCCNC(N)N
NNNCCCNCNN
NNNCCCNNCN
NNNCCCNNNC
NNNCCN(C)C(N)N
NNNCCN(C)CNN
NNNCCN(C)NCN
NNNCCN(C)NNC
NNNCCN(CN)CN
NNNCCN(CN)NC
NNNCCN(N)C(C)N
NNNCCN(N)CCN
NNNCCN(N)CNC
NNNCCN(N)N(C)C
NNNCCN(N)NCC
NNNCCN(NC)NC
NNNCCNC(C)NN
NNNCCNC(N)(C)N
NNNCCNC(N)CN
NNNCCNC(N)NC
NNNCCNCC(N)N
NNNCCNCCNN
NNNCCNCNCN
NNNCCNCNNC
NNNCCNN(C)CN
NNNCCNN(C)NC
NNNCCNN(N)CC
NNNCCNNC(C)N
NNNCCNNCCN
NNNCCNNCNC
NNNCCNNN(C)C
NNNCCNNNCC
NNNCN(C(C)N)NC
NNNCN(C)C(C)NN
NNNCN(C)C(N)(C)N
NNNCN(C)C(N)CN
NNNCN(C)C(N)NC
NNNCN(C)CC(N)N
NNNCN(C)CCNN
NNNCN(C)CNCN
NNNCN(C)CNNC
NNNCN(C)N(C)CN
NNNCN(C)N(C)NC
NNNCN(C)N(N)CC
NNNCN(C)NC(C)N
NNNCN(C)NCCN
NNNCN(C)NCNC
NNNCN(C)NN(C)C
NNNCN(C)NNCC
NNNCN(CC)C(N)N
NNNCN(CC)CNN
NNNCN(CC)NCN
NNNCN(CC)NNC
NNNCN(CN)C(C)N
NNNCN(CN)CCN
NNNCN(CN)CNC
NNNCN(CN)N(C)C
NNNCN(CN)NCC
NNNCN(N)C(C)(C)N
NNNCN(N)C(C)CN
NNNCN(N)C(C)NC
NNNCN(N)C(N)CC
NNNCN(N)CC(C)N
NNNCN(N)CCCN
NNNCN(N)CCNC
NNNCN(N)CN(C)C
NNNCN(N)CNCC
NNNCN(N)N(C)CC
NNNCN(N)NC(C)C
NNNCN(N)NCCC
NNNCN(NC)CCN
NNNCN(NC)CNC
NNNCN(NC)N(C)C
NNNCN(NC)NCC
NNNCN(NN)CCC
NNNCNC(C)(C)NN
NNNCNC(C)C(N)N
NNNCNC(C)CNN
NNNCNC(C)NCN
NNNCNC(C)NNC
NNNCNC(CC)NN
NNNCNC(CN)CN
NNNCNC(CN)NC
NNNCNC(N)(C)CN
NNNCNC(N)(C)NC
NNNCNC(N)(N)CC
NNNCNC(N)C(C)N
NNNCNC(N)CCN
NNNCNC(N)CNC
NNNCNC(N)N(C)C
NNNCNC(N)NCC
NNNCNC(NC)NC
NNNCNCC(C)NN
NNNCNCC(N)(C)N
NNNCNCC(N)CN
NNNCNCC(N)NC
NNNCNCCC(N)N
NNNCNCCCNN
NNNCNCCNCN
NNNCNCCNNC
NNNCNCN(C)CN
NNNCNCN(C)NC
NNNCNCN(N)CC
NNNCNCNC(C)N
NNNCNCNCCN
NNNCNCNCNC
NNNCNCNN(C)C
NNNCNCNNCC
NNNCNN(C)C(C)N
NNNCNN(C)CCN
NNNCNN(C)CNC
NNNCNN(C)N(C)C
NNNCNN(C)NCC
NNNCNN(CC)CN
NNNCNN(CC)NC
NNNCNN(N)C(C)C
NNNCNN(N)CCC
NNNCNNC(C)(C)N
NNNCNNC(C)CN
NNNCNNC(C)NC
NNNCNNC(N)CC
NNNCNNCC(C)N
NNNCNNCCCN
NNNCNNCCNC
NNNCNNCN(C)C
NNNCNNCNCC
NNNCNNN(C)CC
NNNCNNNC(C)C
NNNCNNNCCC
NNNN(C(C)(C)N)NC
NNNN(C(C)C)C(N)N
NNNN(C(C)C)CNN
NNNN(C(C)C)NCN
NNNN(C(C)C)NNC
NNNN(C(C)N)C(N)C
NNNN(C(C)N)CCN
NNNN(C(C)N)CNC
NNNN(C(C)N)N(C)C
NNNN(C(C)N)NCC
NNNN(C(N)N)CCC
NNNN(C)C(C)(C)NN
NNNN(C)C(C)C(N)N
NNNN(C)C(C)CNN
NNNN(C)C(C)NCN
NNNN(C)C(C)NNC
NNNN(C)C(CC)NN
NNNN(C)C(CN)CN
NNNN(C)C(CN)NC
NNNN(C)C(N)(C)CN
NNNN(C)C(N)(C)NC
NNNN(C)C(N)(N)CC
NNNN(C)C(N)C(C)N
NNNN(C)C(N)CCN
NNNN(C)C(N)CNC
NNNN(C)C(N)N(C)C
NNNN(C)C(N)NCC
NNNN(C)C(NC)NC
NNNN(C)CC(C)NN
NNNN(C)CC(N)(C)N
NNNN(C)CC(N)CN
NNNN(C)CC(N)NC
NNNN(C)CCC(N)N
NNNN(C)CCCNN
NNNN(C)CCNCN
NNNN(C)CCNNC
NNNN(C)CN(C)CN
NNNN(C)CN(C)NC
NNNN(C)CN(N)CC
NNNN(C)CNC(C)N
NNNN(C)CNCCN
NNNN(C)CNCNC
NNNN(C)CNN(C)C
NNNN(C)CNNCC
NNNN(C)N(C)C(C)N
NNNN(C)N(C)CCN
NNNN(C)N(C)CNC
NNNN(C)N(C)N(C)C
NNNN(C)N(C)NCC
NNNN(C)N(CC)CN
NNNN(C)N(CC)NC
NNNN(C)N(N)C(C)C
NNNN(C)N(N)CCC
NNNN(C)NC(C)(C)N
NNNN(C)NC(C)CN
NNNN(C)NC(C)NC
NNNN(C)NC(N)CC
NNNN(C)NCC(C)N
NNNN(C)NCCCN
NNNN(C)NCCNC
NNNN(C)NCN(C)C
NNNN(C)NCNCC
NNNN(C)NN(C)CC
NNNN(C)NNC(C)C
NNNN(C)NNCCC
NNNN(CC)C(C)NN
NNNN(CC)C(N)(C)N
NNNN(CC)C(N)CN
NNNN(CC)C(N)NC
NNNN(CC)CC(N)N
NNNN(CC)CCNN
NNNN(CC)CNCN
NNNN(CC)CNNC
NNNN(CC)N(C)CN
NNNN(CC)N(C)NC
NNNN(CC)N(N)CC
NNNN(CC)NC(C)N
NNNN(CC)NCCN
NNNN(CC)NCNC
NNNN(CC)NN(C)C
NNNN(CC)NNCC
NNNN(CCC)CNN
NNNN(CCC)NCN
NNNN(CCC)NNC
NNNN(CCN)CCN
NNNN(CCN)CNC
NNNN(CCN)NCC
NNNN(CN)C(C)(C)N
NNNN(CN)C(C)CN
NNNN(CN)C(C)NC
NNNN(CN)C(N)CC
NNNN(CN)CC(C)N
NNNN(CN)CCCN
NNNN(CN)CCNC
NNNN(CN)CN(C)C
NNNN(CN)CNCC
NNNN(CN)N(C)CC
NNNN(CN)NC(C)C
NNNN(CN)NCCC
NNNN(CNC)CNC
NNNN(CNC)NCC
NNNN(N(C)C)CCN
NNNN(N(C)C)CNC
NNNN(N(C)C)N(C)C
NNNN(N(C)C)NCC
NNNN(N(C)N)CCC
NNNN(N)C(C)(C)CN
NNNN(N)C(C)(C)NC
NNNN(N)C(C)C(C)N
NNNN(N)C(C)CCN
NNNN(N)C(C)CNC
NNNN(N)C(C)N(C)C
NNNN(N)C(C)NCC
NNNN(N)C(CC)CN
NNNN(N)C(CC)NC
NNNN(N)C(N)(C)CC
NNNN(N)C(N)C(C)C
NNNN(N)C(N)CCC
NNNN(N)CC(C)(C)N
NNNN(N)CC(C)CN
NNNN(N)CC(C)NC
NNNN(N)CC(N)CC
NNNN(N)CCC(C)N
NNNN(N)CCCCN
NNNN(N)CCCNC
NNNN(N)CCN(C)C
NNNN(N)CCNCC
NNNN(N)CN(C)CC
NNNN(N)CNC(C)C
NNNN(N)CNCCC
NNNN(N)N(C)C(C)C
NNNN(N)N(C)CCC
NNNN(N)N(CC)CC
NNNN(N)NC(C)(C)C
NNNN(N)NC(C)CC
NNNN(N)NCC(C)C
NNNN(N)NCCCC
NNNN(NC)C(C)CN
NNNN(NC)C(C)NC
NNNN(NC)C(N)CC
NNNN(NC)CC(C)N
NNNN(NC)CCCN
NNNN(NC)CCNC
NNNN(NC)CN(C)C
NNNN(NC)CNCC
NNNN(NC)N(C)CC
NNNN(NC)NC(C)C
NNNN(NC)NCCC
NNNN(NCC)NCC
NNNN(NN)C(C)CC
NNNN(NN)CC(C)C
NNNN(NN)CCCC
NNNNC(C(C)C)NN
NNNNC(C(C)N)NC
NNNNC(C)(C)C(N)N
NNNNC(C)(C)CNN
NNNNC(C)(C)NCN
NNNNC(C)(C)NNC
NNNNC(C)C(C)NN
NNNNC(C)C(N)(C)N
NNNNC(C)C(N)CN
NNNNC(C)C(N)NC
NNNNC(C)CC(N)N
NNNNC(C)CCNN
NNNNC(C)CNCN
NNNNC(C)CNNC
NNNNC(C)N(C)CN
NNNNC(C)N(C)NC
NNNNC(C)N(N)CC
NNNNC(C)NC(C)N
NNNNC(C)NCCN
NNNNC(C)NCNC
NNNNC(C)NN(C)C
NNNNC(C)NNCC
NNNNC(CC)(C)NN
NNNNC(CC)(N)CN
NNNNC(CC)(N)NC
NNNNC(CC)C(N)N
NNNNC(CC)CNN
NNNNC(CC)NCN
NNNNC(CC)NNC
NNNNC(CN)(C)CN
NNNNC(CN)(C)NC
NNNNC(CN)C(C)N
NNNNC(CN)CCN
NNNNC(CN)CNC
NNNNC(CN)N(C)C
NNNNC(CN)NCC
NNNNC(N)(C)C(C)N
NNNNC(N)(C)CCN
NNNNC(N)(C)CNC
NNNNC(N)(C)N(C)C
NNNNC(N)(C)NCC
NNNNC(N)(N)C(C)C
NNNNC(N)(N)CCC
NNNNC(N)C(C)(C)N
NNNNC(N)C(C)CN
NNNNC(N)C(C)NC
NNNNC(N)C(N)CC
NNNNC(N)CC(C)N
NNNNC(N)CCCN
NNNNC(N)CCNC
NNNNC(N)CN(C)C
NNNNC(N)CNCC
NNNNC(N)N(C)CC
NNNNC(N)NC(C)C
NNNNC(N)NCCC
NNNNC(NC)(C)NC
NNNNC(NC)CCN
NNNNC(NC)CNC
NNNNC(NC)N(C)C
NNNNC(NC)NCC
NNNNC(NN)CCC
NNNNCC(C)(C)NN
NNNNCC(C)C(N)N
NNNNCC(C)CNN
NNNNCC(C)NCN
NNNNCC(C)NNC
NNNNCC(CC)NN
NNNNCC(CN)CN
NNNNCC(CN)NC
NNNNCC(N)(C)CN
NNNNCC(N)(C)NC
NNNNCC(N)(N)CC
NNNNCC(N)C(C)N
NNNNCC(N)CCN
NNNNCC(N)CNC
NNNNCC(N)N(C)C
NNNNCC(N)NCC
NNNNCC(NC)NC
NNNNCCC(C)NN
NNNNCCC(N)(C)N
NNNNCCC(N)CN
NNNNCCC(N)NC
NNNNCCCC(N)N
NNNNCCCCNN
NNNNCCCNCN
NNNNCCCNNC
NNNNCCN(C)CN
NNNNCCN(C)NC
NNNNCCN(N)CC
NNNNCCNC(C)N
NNNNCCNCCN
NNNNCCNCNC
NNNNCCNN(C)C
NNNNCCNNCC
NNNNCN(C)C(C)N
NNNNCN(C)CCN
NNNNCN(C)CNC
NNNNCN(C)N(C)C
NNNNCN(C)NCC
NNNNCN(CC)CN
NNNNCN(CC)NC
NNNNCN(N)C(C)C
NNNNCN(N)CCC
NNNNCNC(C)(C)N
NNNNCNC(C)CN
NNNNCNC(C)NC
NNNNCNC(N)CC
NNNNCNCC(C)N
NNNNCNCCCN
NNNNCNCCNC
NNNNCNCN(C)C
NNNNCNCNCC
NNNNCNN(C)CC
NNNNCNNC(C)C
NNNNCNNCCC
NNNNN(C(C)C)NC
NNNNN(C)C(C)(C)N
NNNNN(C)C(C)CN
NNNNN(C)C(C)NC
NNNNN(C)C(N)CC
NNNNN(C)CC(C)N
NNNNN(C)CCCN
NNNNN(C)CCNC
NNNNN(C)CN(C)C
NNNNN(C)CNCC
NNNNN(C)N(C)CC
NNNNN(C)NC(C)C
NNNNN(C)NCCC
NNNNN(CC)C(C)N
NNNNN(CC)CCN
NNNNN(CC)CNC
NNNNN(CC)N(C)C
NNNNN(CC)NCC
NNNNN(CN)C(C)C
NNNNN(CN)CCC
NNNNN(N)C(C)(C)C
NNNNN(N)C(C)CC
NNNNN(N)CC(C)C
NNNNN(N)CCCC
NNNNN(NC)CCC
NNNNNC(C)(C)CN
NNNNNC(C)(C)NC
NNNNNC(C)C(C)N
NNNNNC(C)CCN
NNNNNC(C)CNC
NNNNNC(C)N(C)C
NNNNNC(C)NCC
NNNNNC(CC)CN
NNNNNC(CC)NC
NNNNNC(N)(C)CC
NNNNNC(N)C(C)C
NNNNNC(N)CCC
NNNNNCC(C)(C)N
NNNNNCC(C)CN
NNNNNCC(C)NC
NNNNNCC(N)CC
NNNNNCCC(C)N
NNNNNCCCCN
NNNNNCCCNC
NNNNNCCN(C)C
NNNNNCCNCC
NNNNNCN(C)CC
NNNNNCNC(C)C
NNNNNCNCCC
NNNNNN(C)C(C)C
NNNNNN(C)CCC
NNNNNN(CC)CC
NNNNNNC(C)(C)C
NNNNNNC(C)CC
NNNNNNCC(C)C
NNNNNNCCCC
