CCOOOOOOCC
COC(O)(O)C(O)(O)OC
COC(O)(O)OC(O)OC
COC(O)(O)OOCOC
COC(O)(O)OOOCC
COC(O)OOC(O)OC
COC(O)OOOCOC
COC(O)OOOOCC
COCOOOOCOC
COCOOOOOCC
COOC(C(O)O)OOC
COOC(CO)(O)OOC
COOC(O)(O)C(O)OC
COOC(O)(O)COOC
COOC(O)(O)OCOC
COOC(O)(O)OOCC
COOC(O)C(O)(O)OC
COOC(O)C(O)OOC
COOC(O)OC(O)OC
COOC(O)OCOOC
COOC(O)OOCOC
COOC(O)OOOCC
COOC(OC)(O)OOC
COOC(OO)(C)OOC
COOC(OO)(O)COC
COOC(OO)(O)OCC
COOC(OO)C(O)OC
COOC(OO)COOC
COOC(OO)OCOC
COOC(OO)OOCC
COOC(OOC)OOC
COOCOC(O)(O)OC
COOCOOC(O)OC
COOCOOCOOC
COOCOOOCOC
COOCOOOOCC
COOOC(C)OOOC
COOOC(CO)OOC
COOOC(O)(C)OOC
COOOC(O)(O)COC
COOOC(O)(O)OCC
COOOC(O)C(O)OC
COOOC(O)COOC
COOOC(O)OCOC
COOOC(O)OOCC
COOOC(OC)(O)OC
COOOC(OC)OOC
COOOC(OO)COC
COOOC(OO)OCC
COOOCC(O)(O)OC
COOOCC(O)OOC
COOOCCOOOC
COOOCOC(O)OC
COOOCOCOOC
COOOCOOCOC
COOOCOOOCC
COOOOC(C)OOC
COOOOC(O)(C)OC
COOOOC(O)(O)CC
COOOOC(O)COC
COOOOC(O)OCC
COOOOC(OC)OC
COOOOCC(O)OC
COOOOCCOOC
COOOOCOCOC
COOOOCOOCC
COOOOOC(C)OC
COOOOOC(O)CC
COOOOOCCOC
COOOOOCOCC
COOOOOOC(C)C
COOOOOOCCC
OC(C)(C)OOOC(O)O
OC(C)(C)OOOOCO
OC(C)(C)OOOOOC
OC(C)C(O)(O)OOCO
OC(C)C(O)(O)OOOC
OC(C)C(O)OOOCO
OC(C)C(O)OOOOC
OC(C)COOOOCO
OC(C)COOOOOC
OC(C)OC(O)(O)OCO
OC(C)OC(O)(O)OOC
OC(C)OC(O)OOCO
OC(C)OC(O)OOOC
OC(C)OC(OO)OCO
OC(C)OC(OO)OOC
OC(C)OCOOOCO
OC(C)OCOOOOC
OC(C)OOC(O)(O)CO
OC(C)OOC(O)(O)OC
OC(C)OOC(O)OCO
OC(C)OOC(O)OOC
OC(C)OOCOOCO
OC(C)OOCOOOC
OC(C)OOOC(O)CO
OC(C)OOOC(O)OC
OC(C)OOOCOCO
OC(C)OOOCOOC
OC(C)OOOOC(O)C
OC(C)OOOOCCO
OC(C)OOOOCOC
OC(C)OOOOOCC
OC(O)(C)C(O)(O)C(O)O
OC(O)(C)C(O)(O)OCO
OC(O)(C)C(O)(O)OOC
OC(O)(C)C(O)OC(O)O
OC(O)(C)C(O)OOCO
OC(O)(C)C(O)OOOC
OC(O)(C)COOC(O)O
OC(O)(C)COOOCO
OC(O)(C)COOOOC
OC(O)(C)OC(O)(O)CO
OC(O)(C)OC(O)(O)OC
OC(O)(C)OC(O)C(O)O
OC(O)(C)OC(O)OCO
OC(O)(C)OC(O)OOC
OC(O)(C)OCOC(O)O
OC(O)(C)OCOOCO
OC(O)(C)OCOOOC
OC(O)(C)OOC(O)(O)C
OC(O)(C)OOC(O)CO
OC(O)(C)OOC(O)OC
OC(O)(C)OOCC(O)O
OC(O)(C)OOCOCO
OC(O)(C)OOCOOC
OC(O)(C)OOOC(C)O
OC(O)(C)OOOCCO
OC(O)(C)OOOCOC
OC(O)(C)OOOOCC
OC(O)(O)C(C(O)O)OC
OC(O)(O)C(C)C(O)(O)O
OC(O)(O)C(C)OC(O)O
OC(O)(O)C(C)OOCO
OC(O)(O)C(C)OOOC
OC(O)(O)C(CO)(O)CO
OC(O)(O)C(CO)(O)OC
OC(O)(O)C(CO)C(O)O
OC(O)(O)C(CO)OCO
OC(O)(O)C(CO)OOC
OC(O)(O)C(O)(C)C(O)O
OC(O)(O)C(O)(C)OCO
OC(O)(O)C(O)(C)OOC
OC(O)(O)C(O)(O)C(C)O
OC(O)(O)C(O)(O)CCO
OC(O)(O)C(O)(O)COC
OC(O)(O)C(O)(O)OCC
OC(O)(O)C(O)C(O)(C)O
OC(O)(O)C(O)C(O)CO
OC(O)(O)C(O)C(O)OC
OC(O)(O)C(O)CC(O)O
OC(O)(O)C(O)COCO
OC(O)(O)C(O)COOC
OC(O)(O)C(O)OC(C)O
OC(O)(O)C(O)OCCO
OC(O)(O)C(O)OCOC
OC(O)(O)C(O)OOCC
OC(O)(O)C(OC)(O)OC
OC(O)(O)C(OC)OCO
OC(O)(O)C(OC)OOC
OC(O)(O)CC(O)(O)CO
OC(O)(O)CC(O)(O)OC
OC(O)(O)CC(O)C(O)O
OC(O)(O)CC(O)OCO
OC(O)(O)CC(O)OOC
OC(O)(O)CCC(O)(O)O
OC(O)(O)CCOC(O)O
OC(O)(O)CCOOCO
OC(O)(O)CCOOOC
OC(O)(O)COC(O)(C)O
OC(O)(O)COC(O)CO
OC(O)(O)COC(O)OC
OC(O)(O)COCC(O)O
OC(O)(O)COCOCO
OC(O)(O)COCOOC
OC(O)(O)COOC(C)O
OC(O)(O)COOCCO
OC(O)(O)COOCOC
OC(O)(O)COOOCC
OC(O)(O)OC(C)C(O)O
OC(O)(O)OC(C)OCO
OC(O)(O)OC(C)OOC
OC(O)(O)OC(CO)CO
OC(O)(O)OC(CO)OC
OC(O)(O)OC(O)(C)CO
OC(O)(O)OC(O)(C)OC
OC(O)(O)OC(O)(O)CC
OC(O)(O)OC(O)C(C)O
OC(O)(O)OC(O)CCO
OC(O)(O)OC(O)COC
OC(O)(O)OC(O)OCC
OC(O)(O)OC(OC)OC
OC(O)(O)OCC(O)(C)O
OC(O)(O)OCC(O)CO
OC(O)(O)OCC(O)OC
OC(O)(O)OCCC(O)O
OC(O)(O)OCCOCO
OC(O)(O)OCCOOC
OC(O)(O)OCOC(C)O
OC(O)(O)OCOCCO
OC(O)(O)OCOCOC
OC(O)(O)OCOOCC
OC(O)(O)OOC(C)(C)O
OC(O)(O)OOC(C)CO
OC(O)(O)OOC(C)OC
OC(O)(O)OOC(O)CC
OC(O)(O)OOCC(C)O
OC(O)(O)OOCCCO
OC(O)(O)OOCCOC
OC(O)(O)OOCOCC
OC(O)(O)OOOC(C)C
OC(O)(O)OOOCCC
OC(O)C(C(O)O)(O)OC
OC(O)C(C(O)O)C(O)O
OC(O)C(C(O)O)OCO
OC(O)C(C(O)O)OOC
OC(O)C(C)OOOCO
OC(O)C(C)OOOOC
OC(O)C(CO)(O)C(O)O
OC(O)C(CO)(O)OCO
OC(O)C(CO)(O)OOC
OC(O)C(CO)OOCO
OC(O)C(CO)OOOC
OC(O)C(O)(C)OOCO
OC(O)C(O)(C)OOOC
OC(O)C(O)(O)C(O)CO
OC(O)C(O)(O)C(O)OC
OC(O)C(O)(O)CC(O)O
OC(O)C(O)(O)COCO
OC(O)C(O)(O)COOC
OC(O)C(O)(O)OC(C)O
OC(O)C(O)(O)OCCO
OC(O)C(O)(O)OCOC
OC(O)C(O)(O)OOCC
OC(O)C(O)C(O)(O)CO
OC(O)C(O)C(O)(O)OC
OC(O)C(O)C(O)C(O)O
OC(O)C(O)C(O)OCO
OC(O)C(O)C(O)OOC
OC(O)C(O)COOCO
OC(O)C(O)COOOC
OC(O)C(O)OC(O)CO
OC(O)C(O)OC(O)OC
OC(O)C(O)OCC(O)O
OC(O)C(O)OCOCO
OC(O)C(O)OCOOC
OC(O)C(O)OOC(C)O
OC(O)C(O)OOCCO
OC(O)C(O)OOCOC
OC(O)C(O)OOOCC
OC(O)C(OC)(O)OCO
OC(O)C(OC)(O)OOC
OC(O)C(OC)OOCO
OC(O)C(OC)OOOC
OC(O)CC(O)(O)OCO
OC(O)CC(O)(O)OOC
OC(O)CC(O)OOCO
OC(O)CC(O)OOOC
OC(O)CC(OO)OCO
OC(O)CC(OO)OOC
OC(O)CCOOOCO
OC(O)CCOOOOC
OC(O)COC(O)(O)CO
OC(O)COC(O)(O)OC
OC(O)COC(O)OCO
OC(O)COC(O)OOC
OC(O)COCOOCO
OC(O)COCOOOC
OC(O)COOC(O)CO
OC(O)COOC(O)OC
OC(O)COOCC(O)O
OC(O)COOCOCO
OC(O)COOCOOC
OC(O)COOOC(C)O
OC(O)COOOCCO
OC(O)COOOCOC
OC(O)COOOOCC
OC(O)OC(C(O)O)OC
OC(O)OC(C)OC(O)O
OC(O)OC(C)OOCO
OC(O)OC(C)OOOC
OC(O)OC(CO)(O)CO
OC(O)OC(CO)(O)OC
OC(O)OC(CO)C(O)O
OC(O)OC(CO)OCO
OC(O)OC(CO)OOC
OC(O)OC(O)(C)C(O)O
OC(O)OC(O)(C)OCO
OC(O)OC(O)(C)OOC
OC(O)OC(O)(O)C(C)O
OC(O)OC(O)(O)CCO
OC(O)OC(O)(O)COC
OC(O)OC(O)(O)OCC
OC(O)OC(O)C(O)CO
OC(O)OC(O)C(O)OC
OC(O)OC(O)CC(O)O
OC(O)OC(O)COCO
OC(O)OC(O)COOC
OC(O)OC(O)OC(C)O
OC(O)OC(O)OCCO
OC(O)OC(O)OCOC
OC(O)OC(O)OOCC
OC(O)OC(OC)(O)OC
OC(O)OC(OC)OCO
OC(O)OC(OC)OOC
OC(O)OC(OO)CCO
OC(O)OC(OO)COC
OC(O)OC(OO)OCC
OC(O)OCC(O)(O)CO
OC(O)OCC(O)(O)OC
OC(O)OCC(O)C(O)O
OC(O)OCC(O)OCO
OC(O)OCC(O)OOC
OC(O)OCCOC(O)O
OC(O)OCCOOCO
OC(O)OCCOOOC
OC(O)OCOC(O)CO
OC(O)OCOC(O)OC
OC(O)OCOCC(O)O
OC(O)OCOCOCO
OC(O)OCOCOOC
OC(O)OCOOC(C)O
OC(O)OCOOCCO
OC(O)OCOOCOC
OC(O)OCOOOCC
OC(O)OOC(C)C(O)O
OC(O)OOC(C)OCO
OC(O)OOC(C)OOC
OC(O)OOC(CO)CO
OC(O)OOC(CO)OC
OC(O)OOC(O)(C)CO
OC(O)OOC(O)(C)OC
OC(O)OOC(O)(O)CC
OC(O)OOC(O)C(C)O
OC(O)OOC(O)CCO
OC(O)OOC(O)COC
OC(O)OOC(O)OCC
OC(O)OOC(OC)OC
OC(O)OOCC(O)CO
OC(O)OOCC(O)OC
OC(O)OOCCC(O)O
OC(O)OOCCOCO
OC(O)OOCCOOC
OC(O)OOCOC(C)O
OC(O)OOCOCCO
OC(O)OOCOCOC
OC(O)OOCOOCC
OC(O)OOOC(C)CO
OC(O)OOOC(C)OC
OC(O)OOOC(O)CC
OC(O)OOOCC(C)O
OC(O)OOOCCCO
OC(O)OOOCCOC
OC(O)OOOCOCC
OC(O)OOOOC(C)C
OC(O)OOOOCCC
OCC(C)OOOOOC
OCC(CO)(O)OOOC
OCC(CO)OOOOC
OCC(O)(C)OOOOC
OCC(O)(O)C(O)(O)CO
OCC(O)(O)C(O)(O)OC
OCC(O)(O)C(O)OOC
OCC(O)(O)COOOC
OCC(O)(O)OC(O)CO
OCC(O)(O)OC(O)OC
OCC(O)(O)OCOOC
OCC(O)(O)OOCCO
OCC(O)(O)OOCOC
OCC(O)(O)OOOCC
OCC(O)C(O)(O)OOC
OCC(O)C(O)OOOC
OCC(O)C(OO)OOC
OCC(O)COOOOC
OCC(O)OC(O)(O)OC
OCC(O)OC(O)OOC
OCC(O)OCOOOC
OCC(O)OOC(O)CO
OCC(O)OOC(O)OC
OCC(O)OOCOOC
OCC(O)OOOCCO
OCC(O)OOOCOC
OCC(O)OOOOCC
OCC(OC)(O)OOOC
OCC(OC)OOOOC
OCCC(O)(O)OOOC
OCCC(O)OOOOC
OCCC(OO)(O)OOC
OCCC(OO)OOOC
OCCCOOOOOC
OCCOC(O)(O)OOC
OCCOC(O)OOOC
OCCOC(OO)OOC
OCCOCOOOOC
OCCOOC(O)(O)OC
OCCOOC(O)OOC
OCCOOCOOOC
OCCOOOC(O)OC
OCCOOOCOOC
OCCOOOOCCO
OCCOOOOCOC
OCCOOOOOCC
OCOC(C(O)O)OCO
OCOC(C(O)O)OOC
OCOC(C)OOOOC
OCOC(CO)(O)OCO
OCOC(CO)(O)OOC
OCOC(CO)OOOC
OCOC(O)(C)OOOC
OCOC(O)(O)C(O)CO
OCOC(O)(O)C(O)OC
OCOC(O)(O)COCO
OCOC(O)(O)COOC
OCOC(O)(O)OCCO
OCOC(O)(O)OCOC
OCOC(O)(O)OOCC
OCOC(O)C(O)(O)CO
OCOC(O)C(O)(O)OC
OCOC(O)C(O)OCO
OCOC(O)C(O)OOC
OCOC(O)COOOC
OCOC(O)OC(O)CO
OCOC(O)OC(O)OC
OCOC(O)OCOCO
OCOC(O)OCOOC
OCOC(O)OOCCO
OCOC(O)OOCOC
OCOC(O)OOOCC
OCOC(OC)(O)OCO
OCOC(OC)(O)OOC
OCOC(OC)OOOC
OCOC(OCO)OCO
OCOC(OCO)OOC
OCOC(OO)(C)OCO
OCOC(OO)(C)OOC
OCOC(OO)(O)CCO
OCOC(OO)(O)COC
OCOC(OO)(O)OCC
OCOC(OO)C(O)CO
OCOC(OO)C(O)OC
OCOC(OO)COCO
OCOC(OO)COOC
OCOC(OO)OCCO
OCOC(OO)OCOC
OCOC(OO)OOCC
OCOC(OOC)OOC
OCOCC(O)(O)OOC
OCOCC(O)OOOC
OCOCC(OO)OOC
OCOCCOOOOC
OCOCOC(O)(O)CO
OCOCOC(O)(O)OC
OCOCOC(O)OOC
OCOCOCOOOC
OCOCOOC(O)CO
OCOCOOC(O)OC
OCOCOOCOCO
OCOCOOCOOC
OCOCOOOCCO
OCOCOOOCOC
OCOCOOOOCC
OCOOC(C)OOCO
OCOOC(C)OOOC
OCOOC(CO)(O)CO
OCOOC(CO)(O)OC
OCOOC(CO)OCO
OCOOC(CO)OOC
OCOOC(O)(C)OCO
OCOOC(O)(C)OOC
OCOOC(O)(O)CCO
OCOOC(O)(O)COC
OCOOC(O)(O)OCC
OCOOC(O)C(O)CO
OCOOC(O)C(O)OC
OCOOC(O)COCO
OCOOC(O)COOC
OCOOC(O)OCCO
OCOOC(O)OCOC
OCOOC(O)OOCC
OCOOC(OC)(O)OC
OCOOC(OC)OCO
OCOOC(OC)OOC
OCOOC(OO)CCO
OCOOC(OO)COC
OCOOC(OO)OCC
OCOOCC(O)(O)CO
OCOOCC(O)(O)OC
OCOOCC(O)OCO
OCOOCC(O)OOC
OCOOCCOOCO
OCOOCCOOOC
OCOOCOC(O)CO
OCOOCOC(O)OC
OCOOCOCOCO
OCOOCOCOOC
OCOOCOOCCO
OCOOCOOCOC
OCOOCOOOCC
OCOOOC(C)OCO
OCOOOC(C)OOC
OCOOOC(CO)CO
OCOOOC(CO)OC
OCOOOC(O)(C)CO
OCOOOC(O)(C)OC
OCOOOC(O)(O)CC
OCOOOC(O)CCO
OCOOOC(O)COC
OCOOOC(O)OCC
OCOOOC(OC)OC
OCOOOCC(O)CO
OCOOOCC(O)OC
OCOOOCCOCO
OCOOOCCOOC
OCOOOCOCCO
OCOOOCOCOC
OCOOOCOOCC
OCOOOOC(C)CO
OCOOOOC(C)OC
OCOOOOC(O)CC
OCOOOOCCCO
OCOOOOCCOC
OCOOOOCOCC
OCOOOOOC(C)C
OCOOOOOCCC
OOC(C(C)(C)O)(O)OO
OOC(C(C)O)(CO)OO
OOC(C(C)O)(O)C(O)O
OOC(C(C)O)(O)COO
OOC(C(C)O)(O)OCO
OOC(C(C)O)(O)OOC
OOC(C(C)O)C(O)(O)O
OOC(C(C)O)C(O)OO
OOC(C(C)O)OC(O)O
OOC(C(C)O)OCOO
OOC(C(C)O)OOCO
OOC(C(C)O)OOOC
OOC(C(O)(C)O)(C)OO
OOC(C(O)(C)O)(O)OC
OOC(C(O)(C)O)COO
OOC(C(O)(C)O)OCO
OOC(C(O)(C)O)OOC
OOC(C(O)(O)O)(C)OC
OOC(C(O)(O)O)CCO
OOC(C(O)(O)O)COC
OOC(C(O)(O)O)OCC
OOC(C(O)O)(C)C(O)O
OOC(C(O)O)(C)COO
OOC(C(O)O)(C)OCO
OOC(C(O)O)(C)OOC
OOC(C(O)O)(CC)OO
OOC(C(O)O)(CO)OC
OOC(C(O)O)(O)CCO
OOC(C(O)O)(O)COC
OOC(C(O)O)(O)OCC
OOC(C(O)O)C(C)OO
OOC(C(O)O)C(O)(C)O
OOC(C(O)O)C(O)CO
OOC(C(O)O)C(O)OC
OOC(C(O)O)CC(O)O
OOC(C(O)O)CCOO
OOC(C(O)O)COCO
OOC(C(O)O)COOC
OOC(C(O)O)OC(C)O
OOC(C(O)O)OCCO
OOC(C(O)O)OCOC
OOC(C(O)O)OOCC
OOC(C)(C)C(OO)OO
OOC(C)(C)OC(O)(O)O
OOC(C)(C)OC(O)OO
OOC(C)(C)OOC(O)O
OOC(C)(C)OOCOO
OOC(C)(C)OOOCO
OOC(C)(C)OOOOC
OOC(C)C(O)(O)C(O)O
OOC(C)C(O)(O)COO
OOC(C)C(O)(O)OCO
OOC(C)C(O)(O)OOC
OOC(C)C(O)C(O)(O)O
OOC(C)C(O)OC(O)O
OOC(C)C(O)OCOO
OOC(C)C(O)OOCO
OOC(C)C(O)OOOC
OOC(C)C(OO)COO
OOC(C)C(OO)OCO
OOC(C)C(OO)OOC
OOC(C)COC(O)(O)O
OOC(C)COOC(O)O
OOC(C)COOCOO
OOC(C)COOOCO
OOC(C)COOOOC
OOC(C)OC(O)(O)CO
OOC(C)OC(O)(O)OC
OOC(C)OC(O)C(O)O
OOC(C)OC(O)COO
OOC(C)OC(O)OCO
OOC(C)OC(O)OOC
OOC(C)OCC(O)(O)O
OOC(C)OCOC(O)O
OOC(C)OCOCOO
OOC(C)OCOOCO
OOC(C)OCOOOC
OOC(C)OOC(C)OO
OOC(C)OOC(O)(C)O
OOC(C)OOC(O)CO
OOC(C)OOC(O)OC
OOC(C)OOCC(O)O
OOC(C)OOCCOO
OOC(C)OOCOCO
OOC(C)OOCOOC
OOC(C)OOOC(C)O
OOC(C)OOOCCO
OOC(C)OOOCOC
OOC(C)OOOOCC
OOC(CC)(O)C(O)(O)O
OOC(CC)(O)C(O)OO
OOC(CC)(O)OC(O)O
OOC(CC)(O)OCOO
OOC(CC)(O)OOCO
OOC(CC)(O)OOOC
OOC(CC)OC(O)(O)O
OOC(CC)OC(O)OO
OOC(CC)OOC(O)O
OOC(CC)OOCOO
OOC(CC)OOOCO
OOC(CC)OOOOC
OOC(CO)(C)C(O)(O)O
OOC(CO)(C)C(O)OO
OOC(CO)(C)OC(O)O
OOC(CO)(C)OCOO
OOC(CO)(C)OOCO
OOC(CO)(C)OOOC
OOC(CO)(CO)C(O)O
OOC(CO)(CO)COO
OOC(CO)(CO)OCO
OOC(CO)(CO)OOC
OOC(CO)(O)C(C)OO
OOC(CO)(O)C(O)(C)O
OOC(CO)(O)C(O)CO
OOC(CO)(O)C(O)OC
OOC(CO)(O)CC(O)O
OOC(CO)(O)CCOO
OOC(CO)(O)COCO
OOC(CO)(O)COOC
OOC(CO)(O)OC(C)O
OOC(CO)(O)OCCO
OOC(CO)(O)OCOC
OOC(CO)(O)OOCC
OOC(CO)C(O)(O)CO
OOC(CO)C(O)(O)OC
OOC(CO)C(O)C(O)O
OOC(CO)C(O)COO
OOC(CO)C(O)OCO
OOC(CO)C(O)OOC
OOC(CO)C(OO)CO
OOC(CO)CC(O)(O)O
OOC(CO)CC(O)OO
OOC(CO)COC(O)O
OOC(CO)COCOO
OOC(CO)COOCO
OOC(CO)COOOC
OOC(CO)OC(C)OO
OOC(CO)OC(O)(C)O
OOC(CO)OC(O)CO
OOC(CO)OC(O)OC
OOC(CO)OCC(O)O
OOC(CO)OCCOO
OOC(CO)OCOCO
OOC(CO)OCOOC
OOC(CO)OOC(C)O
OOC(CO)OOCCO
OOC(CO)OOCOC
OOC(CO)OOOCC
OOC(O)(C)C(CO)OO
OOC(O)(C)C(O)(C)OO
OOC(O)(C)C(O)(O)CO
OOC(O)(C)C(O)(O)OC
OOC(O)(C)C(O)C(O)O
OOC(O)(C)C(O)COO
OOC(O)(C)C(O)OCO
OOC(O)(C)C(O)OOC
OOC(O)(C)C(OC)OO
OOC(O)(C)CC(O)(O)O
OOC(O)(C)CC(O)OO
OOC(O)(C)COC(O)O
OOC(O)(C)COCOO
OOC(O)(C)COOCO
OOC(O)(C)COOOC
OOC(O)(C)OC(C)OO
OOC(O)(C)OC(O)(C)O
OOC(O)(C)OC(O)CO
OOC(O)(C)OC(O)OC
OOC(O)(C)OCC(O)O
OOC(O)(C)OCCOO
OOC(O)(C)OCOCO
OOC(O)(C)OCOOC
OOC(O)(C)OOC(C)O
OOC(O)(C)OOCCO
OOC(O)(C)OOCOC
OOC(O)(C)OOOCC
OOC(O)(O)C(C)(C)OO
OOC(O)(O)C(C)C(O)O
OOC(O)(O)C(C)COO
OOC(O)(O)C(C)OCO
OOC(O)(O)C(C)OOC
OOC(O)(O)C(CC)OO
OOC(O)(O)C(CO)CO
OOC(O)(O)C(CO)OC
OOC(O)(O)C(O)(C)CO
OOC(O)(O)C(O)(C)OC
OOC(O)(O)C(O)(O)CC
OOC(O)(O)C(O)C(C)O
OOC(O)(O)C(O)CCO
OOC(O)(O)C(O)COC
OOC(O)(O)C(O)OCC
OOC(O)(O)C(OC)OC
OOC(O)(O)CC(C)OO
OOC(O)(O)CC(O)(C)O
OOC(O)(O)CC(O)CO
OOC(O)(O)CC(O)OC
OOC(O)(O)CCC(O)O
OOC(O)(O)CCCOO
OOC(O)(O)CCOCO
OOC(O)(O)CCOOC
OOC(O)(O)COC(C)O
OOC(O)(O)COCCO
OOC(O)(O)COCOC
OOC(O)(O)COOCC
OOC(O)(O)OC(C)(C)O
OOC(O)(O)OC(C)CO
OOC(O)(O)OC(C)OC
OOC(O)(O)OC(O)CC
OOC(O)(O)OCC(C)O
OOC(O)(O)OCCCO
OOC(O)(O)OCCOC
OOC(O)(O)OCOCC
OOC(O)(O)OOC(C)C
OOC(O)(O)OOCCC
OOC(O)C(C(O)O)OC
OOC(O)C(C)C(O)(O)O
OOC(O)C(C)C(O)OO
OOC(O)C(C)OC(O)O
OOC(O)C(C)OCOO
OOC(O)C(C)OOCO
OOC(O)C(C)OOOC
OOC(O)C(CO)(O)CO
OOC(O)C(CO)(O)OC
OOC(O)C(CO)C(O)O
OOC(O)C(CO)COO
OOC(O)C(CO)OCO
OOC(O)C(CO)OOC
OOC(O)C(O)(C)C(O)O
OOC(O)C(O)(C)COO
OOC(O)C(O)(C)OCO
OOC(O)C(O)(C)OOC
OOC(O)C(O)(O)C(C)O
OOC(O)C(O)(O)CCO
OOC(O)C(O)(O)COC
OOC(O)C(O)(O)OCC
OOC(O)C(O)C(C)OO
OOC(O)C(O)C(O)(C)O
OOC(O)C(O)C(O)CO
OOC(O)C(O)C(O)OC
OOC(O)C(O)CC(O)O
OOC(O)C(O)CCOO
OOC(O)C(O)COCO
OOC(O)C(O)COOC
OOC(O)C(O)OC(C)O
OOC(O)C(O)OCCO
OOC(O)C(O)OCOC
OOC(O)C(O)OOCC
OOC(O)C(OC)(O)OC
OOC(O)C(OC)COO
OOC(O)C(OC)OCO
OOC(O)C(OC)OOC
OOC(O)C(OO)CCO
OOC(O)C(OO)COC
OOC(O)C(OO)OCC
OOC(O)CC(O)(O)CO
OOC(O)CC(O)(O)OC
OOC(O)CC(O)C(O)O
OOC(O)CC(O)COO
OOC(O)CC(O)OCO
OOC(O)CC(O)OOC
OOC(O)CCC(O)(O)O
OOC(O)CCC(O)OO
OOC(O)CCOC(O)O
OOC(O)CCOCOO
OOC(O)CCOOCO
OOC(O)CCOOOC
OOC(O)COC(C)OO
OOC(O)COC(O)(C)O
OOC(O)COC(O)CO
OOC(O)COC(O)OC
OOC(O)COCC(O)O
OOC(O)COCCOO
OOC(O)COCOCO
OOC(O)COCOOC
OOC(O)COOC(C)O
OOC(O)COOCCO
OOC(O)COOCOC
OOC(O)COOOCC
OOC(O)OC(C)C(O)O
OOC(O)OC(C)COO
OOC(O)OC(C)OCO
OOC(O)OC(C)OOC
OOC(O)OC(CO)CO
OOC(O)OC(CO)OC
OOC(O)OC(O)(C)CO
OOC(O)OC(O)(C)OC
OOC(O)OC(O)(O)CC
OOC(O)OC(O)C(C)O
OOC(O)OC(O)CCO
OOC(O)OC(O)COC
OOC(O)OC(O)OCC
OOC(O)OC(OC)OC
OOC(O)OCC(C)OO
OOC(O)OCC(O)(C)O
OOC(O)OCC(O)CO
OOC(O)OCC(O)OC
OOC(O)OCCC(O)O
OOC(O)OCCCOO
OOC(O)OCCOCO
OOC(O)OCCOOC
OOC(O)OCOC(C)O
OOC(O)OCOCCO
OOC(O)OCOCOC
OOC(O)OCOOCC
OOC(O)OOC(C)(C)O
OOC(O)OOC(C)CO
OOC(O)OOC(C)OC
OOC(O)OOC(O)CC
OOC(O)OOCC(C)O
OOC(O)OOCCCO
OOC(O)OOCCOC
OOC(O)OOCOCC
OOC(O)OOOC(C)C
OOC(O)OOOCCC
OOC(OC)(C(C)O)OO
OOC(OC)(C(O)O)OC
OOC(OC)(C)C(O)OO
OOC(OC)(C)OC(O)O
OOC(OC)(C)OCOO
OOC(OC)(C)OOCO
OOC(OC)(C)OOOC
OOC(OC)(CO)COO
OOC(OC)(CO)OCO
OOC(OC)(CO)OOC
OOC(OC)(O)C(C)OO
OOC(OC)(O)C(O)CO
OOC(OC)(O)C(O)OC
OOC(OC)(O)CC(O)O
OOC(OC)(O)CCOO
OOC(OC)(O)COCO
OOC(OC)(O)COOC
OOC(OC)(O)OC(C)O
OOC(OC)(O)OCCO
OOC(OC)(O)OCOC
OOC(OC)(O)OOCC
OOC(OC)(OC)COO
OOC(OC)(OC)OCO
OOC(OC)(OC)OOC
OOC(OC)C(CO)OO
OOC(OC)C(O)(O)CO
OOC(OC)C(O)(O)OC
OOC(OC)C(O)C(O)O
OOC(OC)C(O)COO
OOC(OC)C(O)OCO
OOC(OC)C(O)OOC
OOC(OC)C(OO)OC
OOC(OC)CC(O)(O)O
OOC(OC)CC(O)OO
OOC(OC)COC(O)O
OOC(OC)COCOO
OOC(OC)COOCO
OOC(OC)COOOC
OOC(OC)OC(C)OO
OOC(OC)OC(O)(C)O
OOC(OC)OC(O)CO
OOC(OC)OC(O)OC
OOC(OC)OCC(O)O
OOC(OC)OCCOO
OOC(OC)OCOCO
OOC(OC)OCOOC
OOC(OC)OOC(C)O
OOC(OC)OOCCO
OOC(OC)OOCOC
OOC(OC)OOOCC
OOC(OO)(C(C)C)OO
OOC(OO)(C)C(C)OO
OOC(OO)(C)C(O)CO
OOC(OO)(C)C(O)OC
OOC(OO)(C)CC(O)O
OOC(OO)(C)CCOO
OOC(OO)(C)COCO
OOC(OO)(C)COOC
OOC(OO)(C)OC(C)O
OOC(OO)(C)OCCO
OOC(OO)(C)OCOC
OOC(OO)(C)OOCC
OOC(OO)(CC)COO
OOC(OO)(CC)OCO
OOC(OO)(CC)OOC
OOC(OO)(CO)CCO
OOC(OO)(CO)COC
OOC(OO)(CO)OCC
OOC(OO)(O)C(C)CO
OOC(OO)(O)C(C)OC
OOC(OO)(O)C(O)CC
OOC(OO)(O)CC(C)O
OOC(OO)(O)CCCO
OOC(OO)(O)CCOC
OOC(OO)(O)COCC
OOC(OO)(O)OC(C)C
OOC(OO)(O)OCCC
OOC(OO)(OC)CCO
OOC(OO)(OC)COC
OOC(OO)(OC)OCC
OOC(OO)(OO)CCC
OOC(OO)C(C)C(O)O
OOC(OO)C(C)COO
OOC(OO)C(C)OCO
OOC(OO)C(C)OOC
OOC(OO)C(CC)OO
OOC(OO)C(CO)CO
OOC(OO)C(CO)OC
OOC(OO)C(O)(C)CO
OOC(OO)C(O)(C)OC
OOC(OO)C(O)(O)CC
OOC(OO)C(O)C(C)O
OOC(OO)C(O)CCO
OOC(OO)C(O)COC
OOC(OO)C(O)OCC
OOC(OO)C(OC)OC
OOC(OO)CC(C)OO
OOC(OO)CC(O)(C)O
OOC(OO)CC(O)CO
OOC(OO)CC(O)OC
OOC(OO)CCC(O)O
OOC(OO)CCCOO
OOC(OO)CCOCO
OOC(OO)CCOOC
OOC(OO)COC(C)O
OOC(OO)COCCO
OOC(OO)COCOC
OOC(OO)COOCC
OOC(OO)OC(C)(C)O
OOC(OO)OC(C)CO
OOC(OO)OC(C)OC
OOC(OO)OC(O)CC
OOC(OO)OCC(C)O
OOC(OO)OCCCO
OOC(OO)OCCOC
OOC(OO)OCOCC
OOC(OO)OOC(C)C
OOC(OO)OOCCC
OOCC(C(O)(O)O)OC
OOCC(C(O)O)(O)OC
OOCC(C(O)O)C(O)O
OOCC(C(O)O)COO
OOCC(C(O)O)OCO
OOCC(C(O)O)OOC
OOCC(C)OC(O)(O)O
OOCC(C)OOC(O)O
OOCC(C)OOOCO
OOCC(C)OOOOC
OOCC(CO)(O)C(O)O
OOCC(CO)(O)COO
OOCC(CO)(O)OCO
OOCC(CO)(O)OOC
OOCC(CO)C(O)(O)O
OOCC(CO)OC(O)O
OOCC(CO)OOCO
OOCC(CO)OOOC
OOCC(COO)COO
OOCC(COO)OCO
OOCC(COO)OOC
OOCC(O)(C)C(O)(O)O
OOCC(O)(C)OC(O)O
OOCC(O)(C)OOCO
OOCC(O)(C)OOOC
OOCC(O)(O)C(O)(C)O
OOCC(O)(O)C(O)CO
OOCC(O)(O)C(O)OC
OOCC(O)(O)CC(O)O
OOCC(O)(O)CCOO
OOCC(O)(O)COCO
OOCC(O)(O)COOC
OOCC(O)(O)OC(C)O
OOCC(O)(O)OCCO
OOCC(O)(O)OCOC
OOCC(O)(O)OOCC
OOCC(O)C(O)(O)CO
OOCC(O)C(O)(O)OC
OOCC(O)C(O)C(O)O
OOCC(O)C(O)COO
OOCC(O)C(O)OCO
OOCC(O)C(O)OOC
OOCC(O)CC(O)(O)O
OOCC(O)COC(O)O
OOCC(O)COOCO
OOCC(O)COOOC
OOCC(O)OC(O)(C)O
OOCC(O)OC(O)CO
OOCC(O)OC(O)OC
OOCC(O)OCC(O)O
OOCC(O)OCCOO
OOCC(O)OCOCO
OOCC(O)OCOOC
OOCC(O)OOC(C)O
OOCC(O)OOCCO
OOCC(O)OOCOC
OOCC(O)OOOCC
OOCC(OC)(O)COO
OOCC(OC)(O)OCO
OOCC(OC)(O)OOC
OOCC(OC)OC(O)O
OOCC(OC)OOCO
OOCC(OC)OOOC
OOCC(OCO)OCO
OOCC(OCO)OOC
OOCC(OO)(C)COO
OOCC(OO)(C)OCO
OOCC(OO)(C)OOC
OOCC(OO)(O)CCO
OOCC(OO)(O)COC
OOCC(OO)(O)OCC
OOCC(OO)C(O)CO
OOCC(OO)C(O)OC
OOCC(OO)CC(O)O
OOCC(OO)CCOO
OOCC(OO)COCO
OOCC(OO)COOC
OOCC(OO)OC(C)O
OOCC(OO)OCCO
OOCC(OO)OCOC
OOCC(OO)OOCC
OOCC(OOC)OOC
OOCCC(O)(O)C(O)O
OOCCC(O)(O)OCO
OOCCC(O)(O)OOC
OOCCC(O)C(O)(O)O
OOCCC(O)OC(O)O
OOCCC(O)OOCO
OOCCC(O)OOOC
OOCCC(OO)OCO
OOCCC(OO)OOC
OOCCCOC(O)(O)O
OOCCCOOC(O)O
OOCCCOOOCO
OOCCCOOOOC
OOCCOC(O)(O)CO
OOCCOC(O)(O)OC
OOCCOC(O)C(O)O
OOCCOC(O)OCO
OOCCOC(O)OOC
OOCCOCC(O)(O)O
OOCCOCOC(O)O
OOCCOCOOCO
OOCCOCOOOC
OOCCOOC(O)(C)O
OOCCOOC(O)CO
OOCCOOC(O)OC
OOCCOOCC(O)O
OOCCOOCCOO
OOCCOOCOCO
OOCCOOCOOC
OOCCOOOC(C)O
OOCCOOOCCO
OOCCOOOCOC
OOCCOOOOCC
OOCOC(C(O)O)OC
OOCOC(C)C(O)(O)O
OOCOC(C)OC(O)O
OOCOC(C)OCOO
OOCOC(C)OOCO
OOCOC(C)OOOC
OOCOC(CO)(O)CO
OOCOC(CO)(O)OC
OOCOC(CO)C(O)O
OOCOC(CO)COO
OOCOC(CO)OCO
OOCOC(CO)OOC
OOCOC(O)(C)C(O)O
OOCOC(O)(C)COO
OOCOC(O)(C)OCO
OOCOC(O)(C)OOC
OOCOC(O)(O)C(C)O
OOCOC(O)(O)CCO
OOCOC(O)(O)COC
OOCOC(O)(O)OCC
OOCOC(O)C(O)(C)O
OOCOC(O)C(O)CO
OOCOC(O)C(O)OC
OOCOC(O)CC(O)O
OOCOC(O)CCOO
OOCOC(O)COCO
OOCOC(O)COOC
OOCOC(O)OC(C)O
OOCOC(O)OCCO
OOCOC(O)OCOC
OOCOC(O)OOCC
OOCOC(OC)(O)OC
OOCOC(OC)COO
OOCOC(OC)OCO
OOCOC(OC)OOC
OOCOC(OO)CCO
OOCOC(OO)COC
OOCOC(OO)OCC
OOCOCC(O)(O)CO
OOCOCC(O)(O)OC
OOCOCC(O)C(O)O
OOCOCC(O)COO
OOCOCC(O)OCO
OOCOCC(O)OOC
OOCOCCC(O)(O)O
OOCOCCOC(O)O
OOCOCCOCOO
OOCOCCOOCO
OOCOCCOOOC
OOCOCOC(O)(C)O
OOCOCOC(O)CO
OOCOCOC(O)OC
OOCOCOCC(O)O
OOCOCOCCOO
OOCOCOCOCO
OOCOCOCOOC
OOCOCOOC(C)O
OOCOCOOCCO
OOCOCOOCOC
OOCOCOOOCC
OOCOOC(C)C(O)O
OOCOOC(C)COO
OOCOOC(C)OCO
OOCOOC(C)OOC
OOCOOC(CO)CO
OOCOOC(CO)OC
OOCOOC(O)(C)CO
OOCOOC(O)(C)OC
OOCOOC(O)(O)CC
OOCOOC(O)C(C)O
OOCOOC(O)CCO
OOCOOC(O)COC
OOCOOC(O)OCC
OOCOOC(OC)OC
OOCOOCC(O)(C)O
OOCOOCC(O)CO
OOCOOCC(O)OC
OOCOOCCC(O)O
OOCOOCCCOO
OOCOOCCOCO
OOCOOCCOOC
OOCOOCOC(C)O
OOCOOCOCCO
OOCOOCOCOC
OOCOOCOOCC
OOCOOOC(C)(C)O
OOCOOOC(C)CO
OOCOOOC(C)OC
OOCOOOC(O)CC
OOCOOOCC(C)O
OOCOOOCCCO
OOCOOOCCOC
OOCOOOCOCC
OOCOOOOC(C)C
OOCOOOOCCC
OOOC(C(C)(C)O)OO
OOOC(C(C)C)(O)OO
OOOC(C(C)C)OOO
OOOC(C(C)O)(C)OO
OOOC(C(C)O)(O)OC
OOOC(C(C)O)C(O)O
OOOC(C(C)O)COO
OOOC(C(C)O)OCO
OOOC(C(C)O)OOC
OOOC(C(O)(C)O)OC
OOOC(C(O)O)(C)OC
OOOC(C(O)O)CCO
OOOC(C(O)O)COC
OOOC(C(O)O)OCC
OOOC(C)(C)C(O)(O)O
OOOC(C)(C)C(O)OO
OOOC(C)(C)COOO
OOOC(C)(C)OC(O)O
OOOC(C)(C)OCOO
OOOC(C)(C)OOCO
OOOC(C)(C)OOOC
OOOC(C)C(C)OOO
OOOC(C)C(CO)OO
OOOC(C)C(O)(C)OO
OOOC(C)C(O)(O)CO
OOOC(C)C(O)(O)OC
OOOC(C)C(O)C(O)O
OOOC(C)C(O)COO
OOOC(C)C(O)OCO
OOOC(C)C(O)OOC
OOOC(C)C(OC)OO
OOOC(C)CC(O)(O)O
OOOC(C)CC(O)OO
OOOC(C)CCOOO
OOOC(C)COC(O)O
OOOC(C)COCOO
OOOC(C)COOCO
OOOC(C)COOOC
OOOC(C)OC(C)OO
OOOC(C)OC(O)(C)O
OOOC(C)OC(O)CO
OOOC(C)OC(O)OC
OOOC(C)OCC(O)O
OOOC(C)OCCOO
OOOC(C)OCOCO
OOOC(C)OCOOC
OOOC(C)OOC(C)O
OOOC(C)OOCCO
OOOC(C)OOCOC
OOOC(C)OOOCC
OOOC(CC)(C)OOO
OOOC(CC)(O)C(O)O
OOOC(CC)(O)COO
OOOC(CC)(O)OCO
OOOC(CC)(O)OOC
OOOC(CC)C(O)(O)O
OOOC(CC)C(O)OO
OOOC(CC)COOO
OOOC(CC)OC(O)O
OOOC(CC)OCOO
OOOC(CC)OOCO
OOOC(CC)OOOC
OOOC(CCC)OOO
OOOC(CCO)COO
OOOC(CCO)OCO
OOOC(CCO)OOC
OOOC(CO)(C)C(O)O
OOOC(CO)(C)COO
OOOC(CO)(C)OCO
OOOC(CO)(C)OOC
OOOC(CO)(CC)OO
OOOC(CO)(CO)CO
OOOC(CO)(CO)OC
OOOC(CO)(O)C(C)O
OOOC(CO)(O)CCO
OOOC(CO)(O)COC
OOOC(CO)(O)OCC
OOOC(CO)C(C)OO
OOOC(CO)C(O)(C)O
OOOC(CO)C(O)CO
OOOC(CO)C(O)OC
OOOC(CO)CC(O)O
OOOC(CO)CCOO
OOOC(CO)COCO
OOOC(CO)COOC
OOOC(CO)OC(C)O
OOOC(CO)OCCO
OOOC(CO)OCOC
OOOC(CO)OOCC
OOOC(COC)COO
OOOC(COC)OCO
OOOC(COC)OOC
OOOC(COO)OCC
OOOC(O)(C)C(C)OO
OOOC(O)(C)C(O)(C)O
OOOC(O)(C)C(O)CO
OOOC(O)(C)C(O)OC
OOOC(O)(C)CC(O)O
OOOC(O)(C)CCOO
OOOC(O)(C)COCO
OOOC(O)(C)COOC
OOOC(O)(C)OC(C)O
OOOC(O)(C)OCCO
OOOC(O)(C)OCOC
OOOC(O)(C)OOCC
OOOC(O)(O)C(C)(C)O
OOOC(O)(O)C(C)CO
OOOC(O)(O)C(C)OC
OOOC(O)(O)C(O)CC
OOOC(O)(O)CC(C)O
OOOC(O)(O)CCCO
OOOC(O)(O)CCOC
OOOC(O)(O)COCC
OOOC(O)(O)OC(C)C
OOOC(O)(O)OCCC
OOOC(O)C(C)(C)OO
OOOC(O)C(C)C(O)O
OOOC(O)C(C)COO
OOOC(O)C(C)OCO
OOOC(O)C(C)OOC
OOOC(O)C(CC)OO
OOOC(O)C(CO)CO
OOOC(O)C(CO)OC
OOOC(O)C(O)(C)CO
OOOC(O)C(O)(C)OC
OOOC(O)C(O)(O)CC
OOOC(O)C(O)C(C)O
OOOC(O)C(O)CCO
OOOC(O)C(O)COC
OOOC(O)C(O)OCC
OOOC(O)C(OC)OC
OOOC(O)CC(C)OO
OOOC(O)CC(O)(C)O
OOOC(O)CC(O)CO
OOOC(O)CC(O)OC
OOOC(O)CCC(O)O
OOOC(O)CCCOO
OOOC(O)CCOCO
OOOC(O)CCOOC
OOOC(O)COC(C)O
OOOC(O)COCCO
OOOC(O)COCOC
OOOC(O)COOCC
OOOC(O)OC(C)(C)O
OOOC(O)OC(C)CO
OOOC(O)OC(C)OC
OOOC(O)OC(O)CC
OOOC(O)OCC(C)O
OOOC(O)OCCCO
OOOC(O)OCCOC
OOOC(O)OCOCC
OOOC(O)OOC(C)C
OOOC(O)OOCCC
OOOC(OC)(C)COO
OOOC(OC)(C)OCO
OOOC(OC)(C)OOC
OOOC(OC)(CC)OO
OOOC(OC)(CO)OC
OOOC(OC)(O)CCO
OOOC(OC)(O)COC
OOOC(OC)(O)OCC
OOOC(OC)(OC)OC
OOOC(OC)C(C)OO
OOOC(OC)C(O)CO
OOOC(OC)C(O)OC
OOOC(OC)CC(O)O
OOOC(OC)CCOO
OOOC(OC)COCO
OOOC(OC)COOC
OOOC(OC)OC(C)O
OOOC(OC)OCCO
OOOC(OC)OCOC
OOOC(OC)OOCC
OOOC(OCC)OCO
OOOC(OCC)OOC
OOOC(OO)(C)CCO
OOOC(OO)(C)COC
OOOC(OO)(C)OCC
OOOC(OO)(O)CCC
OOOC(OO)C(C)CO
OOOC(OO)C(C)OC
OOOC(OO)C(O)CC
OOOC(OO)CC(C)O
OOOC(OO)CCCO
OOOC(OO)CCOC
OOOC(OO)COCC
OOOC(OO)OC(C)C
OOOC(OO)OCCC
OOOCC(C(C)O)OO
OOOCC(C(O)O)OC
OOOCC(C)C(O)(O)O
OOOCC(C)C(O)OO
OOOCC(C)COOO
OOOCC(C)OC(O)O
OOOCC(C)OCOO
OOOCC(C)OOCO
OOOCC(C)OOOC
OOOCC(CC)(O)OO
OOOCC(CO)(C)OO
OOOCC(CO)(O)CO
OOOCC(CO)(O)OC
OOOCC(CO)C(O)O
OOOCC(CO)COO
OOOCC(CO)OCO
OOOCC(CO)OOC
OOOCC(O)(C)C(O)O
OOOCC(O)(C)COO
OOOCC(O)(C)OCO
OOOCC(O)(C)OOC
OOOCC(O)(O)C(C)O
OOOCC(O)(O)CCO
OOOCC(O)(O)COC
OOOCC(O)(O)OCC
OOOCC(O)C(C)OO
OOOCC(O)C(O)(C)O
OOOCC(O)C(O)CO
OOOCC(O)C(O)OC
OOOCC(O)CC(O)O
OOOCC(O)CCOO
OOOCC(O)COCO
OOOCC(O)COOC
OOOCC(O)OC(C)O
OOOCC(O)OCCO
OOOCC(O)OCOC
OOOCC(O)OOCC
OOOCC(OC)(C)OO
OOOCC(OC)(O)OC
OOOCC(OC)COO
OOOCC(OC)OCO
OOOCC(OC)OOC
OOOCC(OO)CCO
OOOCC(OO)COC
OOOCC(OO)OCC
OOOCCC(CO)OO
OOOCCC(O)(C)OO
OOOCCC(O)(O)CO
OOOCCC(O)(O)OC
OOOCCC(O)C(O)O
OOOCCC(O)COO
OOOCCC(O)OCO
OOOCCC(O)OOC
OOOCCC(OC)OO
OOOCCCC(O)(O)O
OOOCCCC(O)OO
OOOCCCCOOO
OOOCCCOC(O)O
OOOCCCOCOO
OOOCCCOOCO
OOOCCCOOOC
OOOCCOC(C)OO
OOOCCOC(O)(C)O
OOOCCOC(O)CO
OOOCCOC(O)OC
OOOCCOCC(O)O
OOOCCOCCOO
OOOCCOCOCO
OOOCCOCOOC
OOOCCOOC(C)O
OOOCCOOCCO
OOOCCOOCOC
OOOCCOOOCC
OOOCOC(C)(C)OO
OOOCOC(C)C(O)O
OOOCOC(C)COO
OOOCOC(C)OCO
OOOCOC(C)OOC
OOOCOC(CC)OO
OOOCOC(CO)CO
OOOCOC(CO)OC
OOOCOC(O)(C)CO
OOOCOC(O)(C)OC
OOOCOC(O)(O)CC
OOOCOC(O)C(C)O
OOOCOC(O)CCO
OOOCOC(O)COC
OOOCOC(O)OCC
OOOCOC(OC)OC
OOOCOCC(C)OO
OOOCOCC(O)(C)O
OOOCOCC(O)CO
OOOCOCC(O)OC
OOOCOCCC(O)O
OOOCOCCCOO
OOOCOCCOCO
OOOCOCCOOC
OOOCOCOC(C)O
OOOCOCOCCO
OOOCOCOCOC
OOOCOCOOCC
OOOCOOC(C)(C)O
OOOCOOC(C)CO
OOOCOOC(C)OC
OOOCOOC(O)CC
OOOCOOCC(C)O
OOOCOOCCCO
OOOCOOCCOC
OOOCOOCOCC
OOOCOOOC(C)C
OOOCOOOCCC
OOOOC(C(C)C)OO
OOOOC(C(C)O)OC
OOOOC(C)(C)C(O)O
OOOOC(C)(C)COO
OOOOC(C)(C)OCO
OOOOC(C)(C)OOC
OOOOC(C)C(C)OO
OOOOC(C)C(O)(C)O
OOOOC(C)C(O)CO
OOOOC(C)C(O)OC
OOOOC(C)CC(O)O
OOOOC(C)CCOO
OOOOC(C)COCO
OOOOC(C)COOC
OOOOC(C)OC(C)O
OOOOC(C)OCCO
OOOOC(C)OCOC
OOOOC(C)OOCC
OOOOC(CC)(C)OO
OOOOC(CC)(O)CO
OOOOC(CC)(O)OC
OOOOC(CC)C(O)O
OOOOC(CC)COO
OOOOC(CC)OCO
OOOOC(CC)OOC
OOOOC(CO)(C)CO
OOOOC(CO)(C)OC
OOOOC(CO)C(C)O
OOOOC(CO)CCO
OOOOC(CO)COC
OOOOC(CO)OCC
OOOOC(O)(C)C(C)O
OOOOC(O)(C)CCO
OOOOC(O)(C)COC
OOOOC(O)(C)OCC
OOOOC(O)(O)C(C)C
OOOOC(O)(O)CCC
OOOOC(O)C(C)(C)O
OOOOC(O)C(C)CO
OOOOC(O)C(C)OC
OOOOC(O)C(O)CC
OOOOC(O)CC(C)O
OOOOC(O)CCCO
OOOOC(O)CCOC
OOOOC(O)COCC
OOOOC(O)OC(C)C
OOOOC(O)OCCC
OOOOC(OC)(C)OC
OOOOC(OC)CCO
OOOOC(OC)COC
OOOOC(OC)OCC
OOOOC(OO)CCC
OOOOCC(C)(C)OO
OOOOCC(C)C(O)O
OOOOCC(C)COO
OOOOCC(C)OCO
OOOOCC(C)OOC
OOOOCC(CC)OO
OOOOCC(CO)CO
OOOOCC(CO)OC
OOOOCC(O)(C)CO
OOOOCC(O)(C)OC
OOOOCC(O)(O)CC
OOOOCC(O)C(C)O
OOOOCC(O)CCO
OOOOCC(O)COC
OOOOCC(O)OCC
OOOOCC(OC)OC
OOOOCCC(C)OO
OOOOCCC(O)(C)O
OOOOCCC(O)CO
OOOOCCC(O)OC
OOOOCCCC(O)O
OOOOCCCCOO
OOOOCCCOCO
OOOOCCCOOC
OOOOCCOC(C)O
OOOOCCOCCO
OOOOCCOCOC
OOOOCCOOCC
OOOOCOC(C)(C)O
OOOOCOC(C)CO
OOOOCOC(C)OC
OOOOCOC(O)CC
OOOOCOCC(C)O
OOOOCOCCCO
OOOOCOCCOC
OOOOCOCOCC
OOOOCOOC(C)C
OOOOCOOCCC
OOOOOC(C)(C)CO
OOOOOC(C)(C)OC
OOOOOC(C)C(C)O
OOOOOC(C)CCO
OOOOOC(C)COC
OOOOOC(C)OCC
OOOOOC(CC)CO
OOOOOC(CC)OC
OOOOOC(O)(C)CC
OOOOOC(O)C(C)C
OOOOOC(O)CCC
OOOOOCC(C)(C)O
OOOOOCC(C)CO
OOOOOCC(C)OC
OOOOOCC(O)CC
OOOOOCCC(C)O
OOOOOCCCCO
OOOOOCCCOC
OOOOOCCOCC
OOOOOCOC(C)C
OOOOOCOCCC
OOOOOOC(C)(C)C
OOOOOOC(C)CC
OOOOOOCC(C)C
OOOOOOCCCC
