ClC(C)(C)C(Cl)(Cl)C(Cl)Cl
ClC(C)C(Cl)(Cl)C(Cl)CCl
ClC(C)C(Cl)C(Cl)(Cl)CCl
ClC(Cl)(C)C(CCl)(Cl)CCl
ClC(Cl)(C)C(CCl)C(Cl)Cl
ClC(Cl)(C)C(Cl)(C)C(Cl)Cl
ClC(Cl)(C)C(Cl)(Cl)C(C)Cl
ClC(Cl)(C)C(Cl)(Cl)CCCl
ClC(Cl)(C)C(Cl)C(Cl)(Cl)C
ClC(Cl)(C)C(Cl)C(Cl)CCl
ClC(Cl)(C)C(Cl)CC(Cl)Cl
ClC(Cl)(C)CC(Cl)(Cl)CCl
ClC(Cl)(C)CC(Cl)C(Cl)Cl
ClC(Cl)(Cl)C(C)(C)C(Cl)Cl
ClC(Cl)(Cl)C(C)C(Cl)(C)Cl
ClC(Cl)(Cl)C(C)C(Cl)CCl
ClC(Cl)(Cl)C(C)CC(Cl)Cl
ClC(Cl)(Cl)C(CC)(Cl)CCl
ClC(Cl)(Cl)C(CC)C(Cl)Cl
ClC(Cl)(Cl)C(CCl)(C)CCl
ClC(Cl)(Cl)C(CCl)C(C)Cl
ClC(Cl)(Cl)C(CCl)CCCl
ClC(Cl)(Cl)C(Cl)(C)C(C)Cl
ClC(Cl)(Cl)C(Cl)(C)CCCl
ClC(Cl)(Cl)C(Cl)(Cl)C(C)C
ClC(Cl)(Cl)C(Cl)(Cl)CCC
ClC(Cl)(Cl)C(Cl)C(C)(C)Cl
ClC(Cl)(Cl)C(Cl)C(C)CCl
ClC(Cl)(Cl)C(Cl)C(Cl)CC
ClC(Cl)(Cl)C(Cl)CC(C)Cl
ClC(Cl)(Cl)C(Cl)CCCCl
ClC(Cl)(Cl)CC(C)C(Cl)Cl
ClC(Cl)(Cl)CC(CCl)CCl
ClC(Cl)(Cl)CC(Cl)(C)CCl
ClC(Cl)(Cl)CC(Cl)(Cl)CC
ClC(Cl)(Cl)CC(Cl)C(C)Cl
ClC(Cl)(Cl)CC(Cl)CCCl
ClC(Cl)(Cl)CCC(Cl)(C)Cl
ClC(Cl)(Cl)CCC(Cl)CCl
ClC(Cl)(Cl)CCCC(Cl)Cl
ClC(Cl)C(C(C)Cl)C(Cl)Cl
ClC(Cl)C(C(Cl)Cl)CCCl
ClC(Cl)C(C)C(Cl)(Cl)CCl
ClC(Cl)C(CC)(Cl)C(Cl)Cl
ClC(Cl)C(CCl)(C)C(Cl)Cl
ClC(Cl)C(CCl)(CCl)CCl
ClC(Cl)C(CCl)(Cl)C(C)Cl
ClC(Cl)C(CCl)(Cl)CCCl
ClC(Cl)C(CCl)C(Cl)CCl
ClC(Cl)C(CCl)CC(Cl)Cl
ClC(Cl)C(Cl)(C)C(Cl)CCl
ClC(Cl)C(Cl)(C)CC(Cl)Cl
ClC(Cl)C(Cl)(Cl)C(C)CCl
ClC(Cl)C(Cl)(Cl)C(Cl)CC
ClC(Cl)C(Cl)(Cl)CC(C)Cl
ClC(Cl)C(Cl)(Cl)CCCCl
ClC(Cl)C(Cl)C(C)C(Cl)Cl
ClC(Cl)C(Cl)C(CCl)CCl
ClC(Cl)C(Cl)C(Cl)(C)CCl
ClC(Cl)C(Cl)C(Cl)(Cl)CC
ClC(Cl)C(Cl)C(Cl)C(C)Cl
ClC(Cl)C(Cl)C(Cl)CCCl
ClC(Cl)C(Cl)CC(Cl)CCl
ClC(Cl)C(Cl)CCC(Cl)Cl
ClC(Cl)CC(CCl)(Cl)CCl
ClC(Cl)CC(Cl)(Cl)C(C)Cl
ClC(Cl)CC(Cl)(Cl)CCCl
ClC(Cl)CC(Cl)C(Cl)CCl
ClC(Cl)CC(Cl)CC(Cl)Cl
ClC(Cl)CCC(Cl)(Cl)CCl
ClCC(CCl)(Cl)C(Cl)CCl
ClCC(Cl)(Cl)C(CCl)CCl
ClCC(Cl)(Cl)C(Cl)(C)CCl
ClCC(Cl)(Cl)C(Cl)(Cl)CC
ClCC(Cl)(Cl)C(Cl)CCCl
ClCC(Cl)(Cl)CC(Cl)CCl
ClCC(Cl)C(Cl)(Cl)CCCl
ClCC(Cl)C(Cl)C(Cl)CCl
