CC(C)OOOOOCC
CCOC(OO)(O)OCC
CCOOC(O)(O)OCC
CCOOC(O)OOCC
CCOOC(OO)OCC
CCOOOC(O)(O)CC
CCOOOC(O)OCC
CCOOOCOOCC
CCOOOOC(O)CC
CCOOOOCOCC
CCOOOOOCCC
COC(C)OOOCOC
COC(C)OOOOCC
COC(O)(C)OC(O)OC
COC(O)(C)OOCOC
COC(O)(C)OOOCC
COC(O)(O)C(O)(C)OC
COC(O)(O)C(O)(O)CC
COC(O)(O)C(O)COC
COC(O)(O)C(O)OCC
COC(O)(O)C(OC)OC
COC(O)(O)CC(O)OC
COC(O)(O)COCOC
COC(O)(O)COOCC
COC(O)(O)OC(C)OC
COC(O)(O)OC(O)CC
COC(O)(O)OCCOC
COC(O)(O)OCOCC
COC(O)(O)OOC(C)C
COC(O)(O)OOCCC
COC(O)C(O)(O)COC
COC(O)C(O)(O)OCC
COC(O)C(O)C(O)OC
COC(O)C(O)OCOC
COC(O)C(O)OOCC
COC(O)C(OO)COC
COC(O)C(OO)OCC
COC(O)COOCOC
COC(O)COOOCC
COC(O)OC(O)(O)CC
COC(O)OC(O)COC
COC(O)OC(O)OCC
COC(O)OCC(O)OC
COC(O)OCOCOC
COC(O)OCOOCC
COC(O)OOC(C)OC
COC(O)OOC(O)CC
COC(O)OOCCOC
COC(O)OOCOCC
COC(O)OOOC(C)C
COC(O)OOOCCC
COC(OC)(O)C(O)OC
COC(OC)(O)OCOC
COC(OC)(O)OOCC
COC(OC)OC(O)OC
COC(OC)OOCOC
COC(OC)OOOCC
COCC(O)(O)OOCC
COCC(O)OOOCC
COCC(OO)(O)COC
COCC(OO)(O)OCC
COCC(OO)OOCC
COCCOOOOCC
COCOC(O)(O)COC
COCOC(O)(O)OCC
COCOC(O)OCOC
COCOC(O)OOCC
COCOC(OO)COC
COCOC(OO)OCC
COCOCOOOCC
COCOOC(O)(O)CC
COCOOC(O)COC
COCOOC(O)OCC
COCOOCOCOC
COCOOCOOCC
COCOOOC(O)CC
COCOOOCCOC
COCOOOCOCC
COCOOOOC(C)C
COCOOOOCCC
COOC(C(C)O)OOC
COOC(C(O)O)COC
COOC(C(O)O)OCC
COOC(C)C(O)(O)OC
COOC(C)OC(O)OC
COOC(C)OCOOC
COOC(C)OOCOC
COOC(C)OOOCC
COOC(CC)(O)OOC
COOC(CO)(C)OOC
COOC(CO)(O)COC
COOC(CO)(O)OCC
COOC(CO)C(O)OC
COOC(CO)COOC
COOC(CO)OCOC
COOC(CO)OOCC
COOC(COC)OOC
COOC(O)(C)C(O)OC
COOC(O)(C)COOC
COOC(O)(C)OCOC
COOC(O)(C)OOCC
COOC(O)(O)C(C)OC
COOC(O)(O)C(O)CC
COOC(O)(O)CCOC
COOC(O)(O)COCC
COOC(O)(O)OC(C)C
COOC(O)(O)OCCC
COOC(O)C(C)OOC
COOC(O)C(O)(C)OC
COOC(O)C(O)(O)CC
COOC(O)C(O)COC
COOC(O)C(O)OCC
COOC(O)C(OC)OC
COOC(O)CC(O)OC
COOC(O)CCOOC
COOC(O)COCOC
COOC(O)COOCC
COOC(O)OC(C)OC
COOC(O)OC(O)CC
COOC(O)OCCOC
COOC(O)OCOCC
COOC(O)OOC(C)C
COOC(O)OOCCC
COOC(OC)(C)OOC
COOC(OC)(O)COC
COOC(OC)(O)OCC
COOC(OC)(OC)OC
COOC(OC)C(O)OC
COOC(OC)COOC
COOC(OC)OCOC
COOC(OC)OOCC
COOC(OCC)OOC
COOC(OO)(C)COC
COOC(OO)(C)OCC
COOC(OO)(O)CCC
COOC(OO)C(C)OC
COOC(OO)C(O)CC
COOC(OO)CCOC
COOC(OO)COCC
COOC(OO)OC(C)C
COOC(OO)OCCC
COOCC(O)(O)COC
COOCC(O)(O)OCC
COOCC(O)C(O)OC
COOCC(O)COOC
COOCC(O)OCOC
COOCC(O)OOCC
COOCC(OC)(O)OC
COOCC(OO)COC
COOCC(OO)OCC
COOCCC(O)(O)OC
COOCCOC(O)OC
COOCCOOCOC
COOCCOOOCC
COOCOC(O)(C)OC
COOCOC(O)(O)CC
COOCOC(O)COC
COOCOC(O)OCC
COOCOC(OC)OC
COOCOCC(O)OC
COOCOCCOOC
COOCOCOCOC
COOCOCOOCC
COOCOOC(C)OC
COOCOOC(O)CC
COOCOOCCOC
COOCOOCOCC
COOCOOOC(C)C
COOCOOOCCC
COOOC(C)(C)OOC
COOOC(C)C(O)OC
COOOC(C)COOC
COOOC(C)OCOC
COOOC(C)OOCC
COOOC(CC)(O)OC
COOOC(CC)OOC
COOOC(CO)COC
COOOC(CO)OCC
COOOC(O)(C)COC
COOOC(O)(C)OCC
COOOC(O)(O)C(C)C
COOOC(O)(O)CCC
COOOC(O)C(C)OC
COOOC(O)C(O)CC
COOOC(O)CCOC
COOOC(O)COCC
COOOC(O)OC(C)C
COOOC(O)OCCC
COOOC(OC)(C)OC
COOOC(OC)COC
COOOC(OC)OCC
COOOC(OO)CCC
COOOCC(C)OOC
COOOCC(O)(C)OC
COOOCC(O)(O)CC
COOOCC(O)COC
COOOCC(O)OCC
COOOCC(OC)OC
COOOCCC(O)OC
COOOCCCOOC
COOOCCOCOC
COOOCCOOCC
COOOCOC(C)OC
COOOCOC(O)CC
COOOCOCCOC
COOOCOCOCC
COOOCOOC(C)C
COOOCOOCCC
COOOOC(C)(C)OC
COOOOC(C)COC
COOOOC(C)OCC
COOOOC(CC)OC
COOOOC(O)(C)CC
COOOOC(O)C(C)C
COOOOC(O)CCC
COOOOCC(C)OC
COOOOCC(O)CC
COOOOCCCOC
COOOOCCOCC
COOOOCOC(C)C
COOOOCOCCC
COOOOOC(C)(C)C
COOOOOC(C)CC
COOOOOCC(C)C
COOOOOCCCC
OC(C)(C)C(O)(O)C(O)O
OC(C)(C)C(O)(O)OCO
OC(C)(C)C(O)(O)OOC
OC(C)(C)C(O)OC(O)O
OC(C)(C)C(O)OOCO
OC(C)(C)C(O)OOOC
OC(C)(C)COOC(O)O
OC(C)(C)COOOCO
OC(C)(C)COOOOC
OC(C)(C)OC(O)(O)CO
OC(C)(C)OC(O)(O)OC
OC(C)(C)OC(O)C(O)O
OC(C)(C)OC(O)OCO
OC(C)(C)OC(O)OOC
OC(C)(C)OCOC(O)O
OC(C)(C)OCOOCO
OC(C)(C)OCOOOC
OC(C)(C)OOC(O)CO
OC(C)(C)OOC(O)OC
OC(C)(C)OOCC(O)O
OC(C)(C)OOCOCO
OC(C)(C)OOCOOC
OC(C)(C)OOOC(C)O
OC(C)(C)OOOCCO
OC(C)(C)OOOCOC
OC(C)(C)OOOOCC
OC(C)C(C)OOOCO
OC(C)C(C)OOOOC
OC(C)C(CO)(O)OCO
OC(C)C(CO)(O)OOC
OC(C)C(CO)OOCO
OC(C)C(CO)OOOC
OC(C)C(O)(C)OOCO
OC(C)C(O)(C)OOOC
OC(C)C(O)(O)C(O)CO
OC(C)C(O)(O)C(O)OC
OC(C)C(O)(O)COCO
OC(C)C(O)(O)COOC
OC(C)C(O)(O)OCCO
OC(C)C(O)(O)OCOC
OC(C)C(O)(O)OOCC
OC(C)C(O)C(O)(O)CO
OC(C)C(O)C(O)(O)OC
OC(C)C(O)C(O)OCO
OC(C)C(O)C(O)OOC
OC(C)C(O)COOCO
OC(C)C(O)COOOC
OC(C)C(O)OC(O)CO
OC(C)C(O)OC(O)OC
OC(C)C(O)OCOCO
OC(C)C(O)OCOOC
OC(C)C(O)OOCCO
OC(C)C(O)OOCOC
OC(C)C(O)OOOCC
OC(C)C(OC)(O)OCO
OC(C)C(OC)(O)OOC
OC(C)C(OC)OOCO
OC(C)C(OC)OOOC
OC(C)CC(O)(O)OCO
OC(C)CC(O)(O)OOC
OC(C)CC(O)OOCO
OC(C)CC(O)OOOC
OC(C)CC(OO)OCO
OC(C)CC(OO)OOC
OC(C)CCOOOCO
OC(C)CCOOOOC
OC(C)COC(O)(O)CO
OC(C)COC(O)(O)OC
OC(C)COC(O)OCO
OC(C)COC(O)OOC
OC(C)COCOOCO
OC(C)COCOOOC
OC(C)COOC(O)CO
OC(C)COOC(O)OC
OC(C)COOCOCO
OC(C)COOCOOC
OC(C)COOOCCO
OC(C)COOOCOC
OC(C)COOOOCC
OC(C)OC(C)OOCO
OC(C)OC(C)OOOC
OC(C)OC(CO)(O)CO
OC(C)OC(CO)(O)OC
OC(C)OC(CO)OCO
OC(C)OC(CO)OOC
OC(C)OC(O)(C)OCO
OC(C)OC(O)(C)OOC
OC(C)OC(O)(O)C(C)O
OC(C)OC(O)(O)CCO
OC(C)OC(O)(O)COC
OC(C)OC(O)(O)OCC
OC(C)OC(O)C(O)CO
OC(C)OC(O)C(O)OC
OC(C)OC(O)COCO
OC(C)OC(O)COOC
OC(C)OC(O)OC(O)C
OC(C)OC(O)OCCO
OC(C)OC(O)OCOC
OC(C)OC(O)OOCC
OC(C)OC(OC)(O)OC
OC(C)OC(OC)OCO
OC(C)OC(OC)OOC
OC(C)OC(OO)CCO
OC(C)OC(OO)COC
OC(C)OC(OO)OCC
OC(C)OCC(O)(O)CO
OC(C)OCC(O)(O)OC
OC(C)OCC(O)OCO
OC(C)OCC(O)OOC
OC(C)OCCOOCO
OC(C)OCCOOOC
OC(C)OCOC(O)CO
OC(C)OCOC(O)OC
OC(C)OCOCOCO
OC(C)OCOCOOC
OC(C)OCOOCCO
OC(C)OCOOCOC
OC(C)OCOOOCC
OC(C)OOC(C)OCO
OC(C)OOC(C)OOC
OC(C)OOC(CO)CO
OC(C)OOC(CO)OC
OC(C)OOC(O)(C)CO
OC(C)OOC(O)(C)OC
OC(C)OOC(O)(O)CC
OC(C)OOC(O)C(C)O
OC(C)OOC(O)CCO
OC(C)OOC(O)COC
OC(C)OOC(O)OCC
OC(C)OOC(OC)OC
OC(C)OOCC(O)CO
OC(C)OOCC(O)OC
OC(C)OOCCOCO
OC(C)OOCCOOC
OC(C)OOCOC(C)O
OC(C)OOCOCCO
OC(C)OOCOCOC
OC(C)OOCOOCC
OC(C)OOOC(C)CO
OC(C)OOOC(C)OC
OC(C)OOOC(O)CC
OC(C)OOOCC(C)O
OC(C)OOOCCCO
OC(C)OOOCCOC
OC(C)OOOCOCC
OC(C)OOOOC(C)C
OC(C)OOOOCCC
OC(O)(C)C(C(O)O)OC
OC(O)(C)C(C)OC(O)O
OC(O)(C)C(C)OOCO
OC(O)(C)C(C)OOOC
OC(O)(C)C(CO)(O)CO
OC(O)(C)C(CO)(O)OC
OC(O)(C)C(CO)C(O)O
OC(O)(C)C(CO)OCO
OC(O)(C)C(CO)OOC
OC(O)(C)C(O)(C)C(O)O
OC(O)(C)C(O)(C)OCO
OC(O)(C)C(O)(C)OOC
OC(O)(C)C(O)(O)C(C)O
OC(O)(C)C(O)(O)CCO
OC(O)(C)C(O)(O)COC
OC(O)(C)C(O)(O)OCC
OC(O)(C)C(O)C(O)(O)C
OC(O)(C)C(O)C(O)CO
OC(O)(C)C(O)C(O)OC
OC(O)(C)C(O)CC(O)O
OC(O)(C)C(O)COCO
OC(O)(C)C(O)COOC
OC(O)(C)C(O)OC(C)O
OC(O)(C)C(O)OCCO
OC(O)(C)C(O)OCOC
OC(O)(C)C(O)OOCC
OC(O)(C)C(OC)(O)OC
OC(O)(C)C(OC)OCO
OC(O)(C)C(OC)OOC
OC(O)(C)CC(O)(O)CO
OC(O)(C)CC(O)(O)OC
OC(O)(C)CC(O)C(O)O
OC(O)(C)CC(O)OCO
OC(O)(C)CC(O)OOC
OC(O)(C)CCOC(O)O
OC(O)(C)CCOOCO
OC(O)(C)CCOOOC
OC(O)(C)COC(O)CO
OC(O)(C)COC(O)OC
OC(O)(C)COCC(O)O
OC(O)(C)COCOCO
OC(O)(C)COCOOC
OC(O)(C)COOC(C)O
OC(O)(C)COOCCO
OC(O)(C)COOCOC
OC(O)(C)COOOCC
OC(O)(C)OC(C)C(O)O
OC(O)(C)OC(C)OCO
OC(O)(C)OC(C)OOC
OC(O)(C)OC(CO)CO
OC(O)(C)OC(CO)OC
OC(O)(C)OC(O)(C)CO
OC(O)(C)OC(O)(C)OC
OC(O)(C)OC(O)(O)CC
OC(O)(C)OC(O)C(C)O
OC(O)(C)OC(O)CCO
OC(O)(C)OC(O)COC
OC(O)(C)OC(O)OCC
OC(O)(C)OC(OC)OC
OC(O)(C)OCC(O)(C)O
OC(O)(C)OCC(O)CO
OC(O)(C)OCC(O)OC
OC(O)(C)OCCC(O)O
OC(O)(C)OCCOCO
OC(O)(C)OCCOOC
OC(O)(C)OCOC(C)O
OC(O)(C)OCOCCO
OC(O)(C)OCOCOC
OC(O)(C)OCOOCC
OC(O)(C)OOC(C)(C)O
OC(O)(C)OOC(C)CO
OC(O)(C)OOC(C)OC
OC(O)(C)OOC(O)CC
OC(O)(C)OOCC(C)O
OC(O)(C)OOCCCO
OC(O)(C)OOCCOC
OC(O)(C)OOCOCC
OC(O)(C)OOOC(C)C
OC(O)(C)OOOCCC
OC(O)(O)C(C(C)O)OC
OC(O)(O)C(C)(C)C(O)O
OC(O)(O)C(C)(C)OCO
OC(O)(O)C(C)(C)OOC
OC(O)(O)C(C)C(O)(C)O
OC(O)(O)C(C)C(O)CO
OC(O)(O)C(C)C(O)OC
OC(O)(O)C(C)CC(O)O
OC(O)(O)C(C)COCO
OC(O)(O)C(C)COOC
OC(O)(O)C(C)OC(C)O
OC(O)(O)C(C)OCCO
OC(O)(O)C(C)OCOC
OC(O)(O)C(C)OOCC
OC(O)(O)C(CC)(O)CO
OC(O)(O)C(CC)(O)OC
OC(O)(O)C(CC)C(O)O
OC(O)(O)C(CC)OCO
OC(O)(O)C(CC)OOC
OC(O)(O)C(CO)(C)CO
OC(O)(O)C(CO)(C)OC
OC(O)(O)C(CO)C(C)O
OC(O)(O)C(CO)CCO
OC(O)(O)C(CO)COC
OC(O)(O)C(CO)OCC
OC(O)(O)C(O)(C)C(C)O
OC(O)(O)C(O)(C)CCO
OC(O)(O)C(O)(C)COC
OC(O)(O)C(O)(C)OCC
OC(O)(O)C(O)(O)C(C)C
OC(O)(O)C(O)(O)CCC
OC(O)(O)C(O)C(C)(C)O
OC(O)(O)C(O)C(C)CO
OC(O)(O)C(O)C(C)OC
OC(O)(O)C(O)C(O)CC
OC(O)(O)C(O)CC(C)O
OC(O)(O)C(O)CCCO
OC(O)(O)C(O)CCOC
OC(O)(O)C(O)COCC
OC(O)(O)C(O)OC(C)C
OC(O)(O)C(O)OCCC
OC(O)(O)C(OC)(C)OC
OC(O)(O)C(OC)CCO
OC(O)(O)C(OC)COC
OC(O)(O)C(OC)OCC
OC(O)(O)CC(C)C(O)O
OC(O)(O)CC(C)OCO
OC(O)(O)CC(C)OOC
OC(O)(O)CC(CO)CO
OC(O)(O)CC(CO)OC
OC(O)(O)CC(O)(C)CO
OC(O)(O)CC(O)(C)OC
OC(O)(O)CC(O)(O)CC
OC(O)(O)CC(O)C(C)O
OC(O)(O)CC(O)CCO
OC(O)(O)CC(O)COC
OC(O)(O)CC(O)OCC
OC(O)(O)CC(OC)OC
OC(O)(O)CCC(O)(C)O
OC(O)(O)CCC(O)CO
OC(O)(O)CCC(O)OC
OC(O)(O)CCCC(O)O
OC(O)(O)CCCOCO
OC(O)(O)CCCOOC
OC(O)(O)CCOC(C)O
OC(O)(O)CCOCCO
OC(O)(O)CCOCOC
OC(O)(O)CCOOCC
OC(O)(O)COC(C)(C)O
OC(O)(O)COC(C)CO
OC(O)(O)COC(C)OC
OC(O)(O)COC(O)CC
OC(O)(O)COCC(C)O
OC(O)(O)COCCCO
OC(O)(O)COCCOC
OC(O)(O)COCOCC
OC(O)(O)COOC(C)C
OC(O)(O)COOCCC
OC(O)(O)OC(C)(C)CO
OC(O)(O)OC(C)(C)OC
OC(O)(O)OC(C)C(C)O
OC(O)(O)OC(C)CCO
OC(O)(O)OC(C)COC
OC(O)(O)OC(C)OCC
OC(O)(O)OC(CC)CO
OC(O)(O)OC(CC)OC
OC(O)(O)OC(O)(C)CC
OC(O)(O)OC(O)C(C)C
OC(O)(O)OC(O)CCC
OC(O)(O)OCC(C)(C)O
OC(O)(O)OCC(C)CO
OC(O)(O)OCC(C)OC
OC(O)(O)OCC(O)CC
OC(O)(O)OCCC(C)O
OC(O)(O)OCCCCO
OC(O)(O)OCCCOC
OC(O)(O)OCCOCC
OC(O)(O)OCOC(C)C
OC(O)(O)OCOCCC
OC(O)(O)OOC(C)(C)C
OC(O)(O)OOC(C)CC
OC(O)(O)OOCC(C)C
OC(O)(O)OOCCCC
OC(O)C(C(C)O)(O)OC
OC(O)C(C(C)O)C(O)O
OC(O)C(C(C)O)OCO
OC(O)C(C(C)O)OOC
OC(O)C(C(O)O)(C)OC
OC(O)C(C(O)O)CCO
OC(O)C(C(O)O)COC
OC(O)C(C(O)O)OCC
OC(O)C(C)(C)OOCO
OC(O)C(C)(C)OOOC
OC(O)C(C)C(O)(O)CO
OC(O)C(C)C(O)(O)OC
OC(O)C(C)C(O)OCO
OC(O)C(C)C(O)OOC
OC(O)C(C)COOCO
OC(O)C(C)COOOC
OC(O)C(C)OC(O)CO
OC(O)C(C)OC(O)OC
OC(O)C(C)OCC(O)O
OC(O)C(C)OCOCO
OC(O)C(C)OCOOC
OC(O)C(C)OOC(C)O
OC(O)C(C)OOCCO
OC(O)C(C)OOCOC
OC(O)C(C)OOOCC
OC(O)C(CC)(O)C(O)O
OC(O)C(CC)(O)OCO
OC(O)C(CC)(O)OOC
OC(O)C(CC)OOCO
OC(O)C(CC)OOOC
OC(O)C(CO)(C)C(O)O
OC(O)C(CO)(C)OCO
OC(O)C(CO)(C)OOC
OC(O)C(CO)(CO)CO
OC(O)C(CO)(CO)OC
OC(O)C(CO)(O)C(C)O
OC(O)C(CO)(O)CCO
OC(O)C(CO)(O)COC
OC(O)C(CO)(O)OCC
OC(O)C(CO)C(O)CO
OC(O)C(CO)C(O)OC
OC(O)C(CO)CC(O)O
OC(O)C(CO)COCO
OC(O)C(CO)COOC
OC(O)C(CO)OC(C)O
OC(O)C(CO)OCCO
OC(O)C(CO)OCOC
OC(O)C(CO)OOCC
OC(O)C(O)(C)C(O)CO
OC(O)C(O)(C)C(O)OC
OC(O)C(O)(C)CC(O)O
OC(O)C(O)(C)COCO
OC(O)C(O)(C)COOC
OC(O)C(O)(C)OC(C)O
OC(O)C(O)(C)OCCO
OC(O)C(O)(C)OCOC
OC(O)C(O)(C)OOCC
OC(O)C(O)(O)C(C)CO
OC(O)C(O)(O)C(C)OC
OC(O)C(O)(O)C(O)CC
OC(O)C(O)(O)CC(C)O
OC(O)C(O)(O)CCCO
OC(O)C(O)(O)CCOC
OC(O)C(O)(O)COCC
OC(O)C(O)(O)OC(C)C
OC(O)C(O)(O)OCCC
OC(O)C(O)C(C)C(O)O
OC(O)C(O)C(C)OCO
OC(O)C(O)C(C)OOC
OC(O)C(O)C(CO)CO
OC(O)C(O)C(CO)OC
OC(O)C(O)C(O)(C)CO
OC(O)C(O)C(O)(C)OC
OC(O)C(O)C(O)(O)CC
OC(O)C(O)C(O)C(C)O
OC(O)C(O)C(O)CCO
OC(O)C(O)C(O)COC
OC(O)C(O)C(O)OCC
OC(O)C(O)C(OC)OC
OC(O)C(O)CC(O)CO
OC(O)C(O)CC(O)OC
OC(O)C(O)CCC(O)O
OC(O)C(O)CCOCO
OC(O)C(O)CCOOC
OC(O)C(O)COC(C)O
OC(O)C(O)COCCO
OC(O)C(O)COCOC
OC(O)C(O)COOCC
OC(O)C(O)OC(C)CO
OC(O)C(O)OC(C)OC
OC(O)C(O)OC(O)CC
OC(O)C(O)OCC(C)O
OC(O)C(O)OCCCO
OC(O)C(O)OCCOC
OC(O)C(O)OCOCC
OC(O)C(O)OOC(C)C
OC(O)C(O)OOCCC
OC(O)C(OC)(C)OCO
OC(O)C(OC)(C)OOC
OC(O)C(OC)(CO)OC
OC(O)C(OC)(O)CCO
OC(O)C(OC)(O)COC
OC(O)C(OC)(O)OCC
OC(O)C(OC)(OC)OC
OC(O)C(OC)C(O)CO
OC(O)C(OC)C(O)OC
OC(O)C(OC)CC(O)O
OC(O)C(OC)COCO
OC(O)C(OC)COOC
OC(O)C(OC)OC(C)O
OC(O)C(OC)OCCO
OC(O)C(OC)OCOC
OC(O)C(OC)OOCC
OC(O)CC(C)OOCO
OC(O)CC(C)OOOC
OC(O)CC(CO)(O)CO
OC(O)CC(CO)(O)OC
OC(O)CC(CO)OCO
OC(O)CC(CO)OOC
OC(O)CC(O)(C)OCO
OC(O)CC(O)(C)OOC
OC(O)CC(O)(O)C(C)O
OC(O)CC(O)(O)CCO
OC(O)CC(O)(O)COC
OC(O)CC(O)(O)OCC
OC(O)CC(O)C(O)CO
OC(O)CC(O)C(O)OC
OC(O)CC(O)CC(O)O
OC(O)CC(O)COCO
OC(O)CC(O)COOC
OC(O)CC(O)OC(C)O
OC(O)CC(O)OCCO
OC(O)CC(O)OCOC
OC(O)CC(O)OOCC
OC(O)CC(OC)(O)OC
OC(O)CC(OC)OCO
OC(O)CC(OC)OOC
OC(O)CC(OO)CCO
OC(O)CC(OO)COC
OC(O)CC(OO)OCC
OC(O)CCC(O)(O)CO
OC(O)CCC(O)(O)OC
OC(O)CCC(O)OCO
OC(O)CCC(O)OOC
OC(O)CCCOOCO
OC(O)CCCOOOC
OC(O)CCOC(O)CO
OC(O)CCOC(O)OC
OC(O)CCOCOCO
OC(O)CCOCOOC
OC(O)CCOOC(C)O
OC(O)CCOOCCO
OC(O)CCOOCOC
OC(O)CCOOOCC
OC(O)COC(C)OCO
OC(O)COC(C)OOC
OC(O)COC(CO)CO
OC(O)COC(CO)OC
OC(O)COC(O)(C)CO
OC(O)COC(O)(C)OC
OC(O)COC(O)(O)CC
OC(O)COC(O)C(C)O
OC(O)COC(O)CCO
OC(O)COC(O)COC
OC(O)COC(O)OCC
OC(O)COC(OC)OC
OC(O)COCC(O)CO
OC(O)COCC(O)OC
OC(O)COCCC(O)O
OC(O)COCCOCO
OC(O)COCCOOC
OC(O)COCOC(C)O
OC(O)COCOCCO
OC(O)COCOCOC
OC(O)COCOOCC
OC(O)COOC(C)CO
OC(O)COOC(C)OC
OC(O)COOC(O)CC
OC(O)COOCC(C)O
OC(O)COOCCCO
OC(O)COOCCOC
OC(O)COOCOCC
OC(O)COOOC(C)C
OC(O)COOOCCC
OC(O)OC(C(C)O)OC
OC(O)OC(C)(C)C(O)O
OC(O)OC(C)(C)OCO
OC(O)OC(C)(C)OOC
OC(O)OC(C)C(O)CO
OC(O)OC(C)C(O)OC
OC(O)OC(C)CC(O)O
OC(O)OC(C)COCO
OC(O)OC(C)COOC
OC(O)OC(C)OC(C)O
OC(O)OC(C)OCCO
OC(O)OC(C)OCOC
OC(O)OC(C)OOCC
OC(O)OC(CC)(O)CO
OC(O)OC(CC)(O)OC
OC(O)OC(CC)C(O)O
OC(O)OC(CC)OCO
OC(O)OC(CC)OOC
OC(O)OC(CO)(C)CO
OC(O)OC(CO)(C)OC
OC(O)OC(CO)C(C)O
OC(O)OC(CO)CCO
OC(O)OC(CO)COC
OC(O)OC(CO)OCC
OC(O)OC(O)(C)C(C)O
OC(O)OC(O)(C)CCO
OC(O)OC(O)(C)COC
OC(O)OC(O)(C)OCC
OC(O)OC(O)(O)C(C)C
OC(O)OC(O)(O)CCC
OC(O)OC(O)C(C)CO
OC(O)OC(O)C(C)OC
OC(O)OC(O)C(O)CC
OC(O)OC(O)CC(C)O
OC(O)OC(O)CCCO
OC(O)OC(O)CCOC
OC(O)OC(O)COCC
OC(O)OC(O)OC(C)C
OC(O)OC(O)OCCC
OC(O)OC(OC)(C)OC
OC(O)OC(OC)CCO
OC(O)OC(OC)COC
OC(O)OC(OC)OCC
OC(O)OC(OO)CCC
OC(O)OCC(C)C(O)O
OC(O)OCC(C)OCO
OC(O)OCC(C)OOC
OC(O)OCC(CO)CO
OC(O)OCC(CO)OC
OC(O)OCC(O)(C)CO
OC(O)OCC(O)(C)OC
OC(O)OCC(O)(O)CC
OC(O)OCC(O)C(C)O
OC(O)OCC(O)CCO
OC(O)OCC(O)COC
OC(O)OCC(O)OCC
OC(O)OCC(OC)OC
OC(O)OCCC(O)CO
OC(O)OCCC(O)OC
OC(O)OCCCC(O)O
OC(O)OCCCOCO
OC(O)OCCCOOC
OC(O)OCCOC(C)O
OC(O)OCCOCCO
OC(O)OCCOCOC
OC(O)OCCOOCC
OC(O)OCOC(C)CO
OC(O)OCOC(C)OC
OC(O)OCOC(O)CC
OC(O)OCOCC(C)O
OC(O)OCOCCCO
OC(O)OCOCCOC
OC(O)OCOCOCC
OC(O)OCOOC(C)C
OC(O)OCOOCCC
OC(O)OOC(C)(C)CO
OC(O)OOC(C)(C)OC
OC(O)OOC(C)C(C)O
OC(O)OOC(C)CCO
OC(O)OOC(C)COC
OC(O)OOC(C)OCC
OC(O)OOC(CC)CO
OC(O)OOC(CC)OC
OC(O)OOC(O)(C)CC
OC(O)OOC(O)C(C)C
OC(O)OOC(O)CCC
OC(O)OOCC(C)CO
OC(O)OOCC(C)OC
OC(O)OOCC(O)CC
OC(O)OOCCC(C)O
OC(O)OOCCCCO
OC(O)OOCCCOC
OC(O)OOCCOCC
OC(O)OOCOC(C)C
OC(O)OOCOCCC
OC(O)OOOC(C)(C)C
OC(O)OOOC(C)CC
OC(O)OOOCC(C)C
OC(O)OOOCCCC
OCC(C)(C)OOOOC
OCC(C)C(O)(O)OOC
OCC(C)C(O)OOOC
OCC(C)C(OO)OOC
OCC(C)COOOOC
OCC(C)OC(O)(O)OC
OCC(C)OC(O)OOC
OCC(C)OCOOOC
OCC(C)OOC(O)OC
OCC(C)OOCOOC
OCC(C)OOOCCO
OCC(C)OOOCOC
OCC(C)OOOOCC
OCC(CC)(O)OOOC
OCC(CC)OOOOC
OCC(CO)(C)OOOC
OCC(CO)(CO)OOC
OCC(CO)(O)C(O)CO
OCC(CO)(O)C(O)OC
OCC(CO)(O)COOC
OCC(CO)(O)OCCO
OCC(CO)(O)OCOC
OCC(CO)(O)OOCC
OCC(CO)C(O)(O)OC
OCC(CO)C(O)OOC
OCC(CO)COOOC
OCC(CO)OC(O)CO
OCC(CO)OC(O)OC
OCC(CO)OCOOC
OCC(CO)OOCCO
OCC(CO)OOCOC
OCC(CO)OOOCC
OCC(O)(C)C(O)(O)OC
OCC(O)(C)C(O)OOC
OCC(O)(C)COOOC
OCC(O)(C)OC(O)CO
OCC(O)(C)OC(O)OC
OCC(O)(C)OCOOC
OCC(O)(C)OOCCO
OCC(O)(C)OOCOC
OCC(O)(C)OOOCC
OCC(O)(O)C(C)OOC
OCC(O)(O)C(CO)CO
OCC(O)(O)C(CO)OC
OCC(O)(O)C(O)(C)CO
OCC(O)(O)C(O)(C)OC
OCC(O)(O)C(O)(O)CC
OCC(O)(O)C(O)CCO
OCC(O)(O)C(O)COC
OCC(O)(O)C(O)OCC
OCC(O)(O)C(OC)OC
OCC(O)(O)CC(O)CO
OCC(O)(O)CC(O)OC
OCC(O)(O)CCOOC
OCC(O)(O)COCCO
OCC(O)(O)COCOC
OCC(O)(O)COOCC
OCC(O)(O)OC(C)CO
OCC(O)(O)OC(C)OC
OCC(O)(O)OC(O)CC
OCC(O)(O)OCCCO
OCC(O)(O)OCCOC
OCC(O)(O)OCOCC
OCC(O)(O)OOC(C)C
OCC(O)(O)OOCCC
OCC(O)C(C)OOOC
OCC(O)C(CO)OOC
OCC(O)C(O)(C)OOC
OCC(O)C(O)(O)CCO
OCC(O)C(O)(O)COC
OCC(O)C(O)(O)OCC
OCC(O)C(O)C(O)CO
OCC(O)C(O)C(O)OC
OCC(O)C(O)COOC
OCC(O)C(O)OCCO
OCC(O)C(O)OCOC
OCC(O)C(O)OOCC
OCC(O)C(OC)(O)OC
OCC(O)C(OC)OOC
OCC(O)C(OO)CCO
OCC(O)C(OO)COC
OCC(O)C(OO)OCC
OCC(O)CC(O)(O)OC
OCC(O)CC(O)OOC
OCC(O)CCOOOC
OCC(O)COC(O)OC
OCC(O)COCOOC
OCC(O)COOCCO
OCC(O)COOCOC
OCC(O)COOOCC
OCC(O)OC(C)OOC
OCC(O)OC(O)(C)OC
OCC(O)OC(O)(O)CC
OCC(O)OC(O)CCO
OCC(O)OC(O)COC
OCC(O)OC(O)OCC
OCC(O)OC(OC)OC
OCC(O)OCC(O)CO
OCC(O)OCC(O)OC
OCC(O)OCCOOC
OCC(O)OCOCCO
OCC(O)OCOCOC
OCC(O)OCOOCC
OCC(O)OOC(C)CO
OCC(O)OOC(C)OC
OCC(O)OOC(O)CC
OCC(O)OOCCCO
OCC(O)OOCCOC
OCC(O)OOCOCC
OCC(O)OOOC(C)C
OCC(O)OOOCCC
OCC(OC)(C)OOOC
OCC(OC)(CO)OOC
OCC(OC)(O)C(O)CO
OCC(OC)(O)C(O)OC
OCC(OC)(O)COOC
OCC(OC)(O)OCCO
OCC(OC)(O)OCOC
OCC(OC)(O)OOCC
OCC(OC)(OC)OOC
OCC(OC)C(O)(O)OC
OCC(OC)C(O)OOC
OCC(OC)COOOC
OCC(OC)OC(O)CO
OCC(OC)OC(O)OC
OCC(OC)OCOOC
OCC(OC)OOCCO
OCC(OC)OOCOC
OCC(OC)OOOCC
OCCC(C(O)O)OOC
OCCC(C)OOOOC
OCCC(CO)(O)OOC
OCCC(CO)OOOC
OCCC(O)(C)OOOC
OCCC(O)(O)C(O)OC
OCCC(O)(O)COOC
OCCC(O)(O)OCOC
OCCC(O)(O)OOCC
OCCC(O)C(O)(O)OC
OCCC(O)C(O)OOC
OCCC(O)COOOC
OCCC(O)OC(O)OC
OCCC(O)OCOOC
OCCC(O)OOCOC
OCCC(O)OOOCC
OCCC(OC)(O)OOC
OCCC(OC)OOOC
OCCC(OO)(C)OOC
OCCC(OO)(O)CCO
OCCC(OO)(O)COC
OCCC(OO)(O)OCC
OCCC(OO)C(O)OC
OCCC(OO)COOC
OCCC(OO)OCOC
OCCC(OO)OOCC
OCCC(OOC)OOC
OCCCC(O)(O)OOC
OCCCC(O)OOOC
OCCCC(OO)OOC
OCCCCOOOOC
OCCCOC(O)(O)OC
OCCCOC(O)OOC
OCCCOCOOOC
OCCCOOC(O)OC
OCCCOOCOOC
OCCCOOOCOC
OCCCOOOOCC
OCCOC(C)OOOC
OCCOC(CO)OOC
OCCOC(O)(C)OOC
OCCOC(O)(O)CCO
OCCOC(O)(O)COC
OCCOC(O)(O)OCC
OCCOC(O)C(O)OC
OCCOC(O)COOC
OCCOC(O)OCCO
OCCOC(O)OCOC
OCCOC(O)OOCC
OCCOC(OC)(O)OC
OCCOC(OC)OOC
OCCOC(OO)CCO
OCCOC(OO)COC
OCCOC(OO)OCC
OCCOCC(O)(O)OC
OCCOCC(O)OOC
OCCOCCOOOC
OCCOCOC(O)OC
OCCOCOCOOC
OCCOCOOCOC
OCCOCOOOCC
OCCOOC(C)OOC
OCCOOC(O)(C)OC
OCCOOC(O)(O)CC
OCCOOC(O)CCO
OCCOOC(O)COC
OCCOOC(O)OCC
OCCOOC(OC)OC
OCCOOCC(O)OC
OCCOOCCOOC
OCCOOCOCCO
OCCOOCOCOC
OCCOOCOOCC
OCCOOOC(C)OC
OCCOOOC(O)CC
OCCOOOCCCO
OCCOOOCCOC
OCCOOOCOCC
OCCOOOOC(C)C
OCCOOOOCCC
OCOC(C(C)O)OCO
OCOC(C(C)O)OOC
OCOC(C(O)O)CCO
OCOC(C(O)O)COC
OCOC(C(O)O)OCC
OCOC(C)(C)OOOC
OCOC(C)C(O)(O)CO
OCOC(C)C(O)(O)OC
OCOC(C)C(O)OOC
OCOC(C)COOOC
OCOC(C)OC(O)CO
OCOC(C)OC(O)OC
OCOC(C)OCOCO
OCOC(C)OCOOC
OCOC(C)OOCCO
OCOC(C)OOCOC
OCOC(C)OOOCC
OCOC(CC)(O)OCO
OCOC(CC)(O)OOC
OCOC(CC)OOOC
OCOC(CCO)OCO
OCOC(CCO)OOC
OCOC(CO)(C)OCO
OCOC(CO)(C)OOC
OCOC(CO)(CO)CO
OCOC(CO)(CO)OC
OCOC(CO)(O)CCO
OCOC(CO)(O)COC
OCOC(CO)(O)OCC
OCOC(CO)C(O)CO
OCOC(CO)C(O)OC
OCOC(CO)COCO
OCOC(CO)COOC
OCOC(CO)OCCO
OCOC(CO)OCOC
OCOC(CO)OOCC
OCOC(COC)OCO
OCOC(COC)OOC
OCOC(O)(C)C(O)CO
OCOC(O)(C)C(O)OC
OCOC(O)(C)COCO
OCOC(O)(C)COOC
OCOC(O)(C)OCCO
OCOC(O)(C)OCOC
OCOC(O)(C)OOCC
OCOC(O)(O)C(C)CO
OCOC(O)(O)C(C)OC
OCOC(O)(O)C(O)CC
OCOC(O)(O)CCCO
OCOC(O)(O)CCOC
OCOC(O)(O)COCC
OCOC(O)(O)OC(C)C
OCOC(O)(O)OCCC
OCOC(O)C(C)OCO
OCOC(O)C(C)OOC
OCOC(O)C(CO)CO
OCOC(O)C(CO)OC
OCOC(O)C(O)(C)CO
OCOC(O)C(O)(C)OC
OCOC(O)C(O)(O)CC
OCOC(O)C(O)CCO
OCOC(O)C(O)COC
OCOC(O)C(O)OCC
OCOC(O)C(OC)OC
OCOC(O)CC(O)CO
OCOC(O)CC(O)OC
OCOC(O)CCOCO
OCOC(O)CCOOC
OCOC(O)COCCO
OCOC(O)COCOC
OCOC(O)COOCC
OCOC(O)OC(C)CO
OCOC(O)OC(C)OC
OCOC(O)OC(O)CC
OCOC(O)OCCCO
OCOC(O)OCCOC
OCOC(O)OCOCC
OCOC(O)OOC(C)C
OCOC(O)OOCCC
OCOC(OC)(C)OCO
OCOC(OC)(C)OOC
OCOC(OC)(CO)OC
OCOC(OC)(O)CCO
OCOC(OC)(O)COC
OCOC(OC)(O)OCC
OCOC(OC)(OC)OC
OCOC(OC)C(O)CO
OCOC(OC)C(O)OC
OCOC(OC)COCO
OCOC(OC)COOC
OCOC(OC)OCCO
OCOC(OC)OCOC
OCOC(OC)OOCC
OCOC(OCC)OCO
OCOC(OCC)OOC
OCOC(OO)(C)CCO
OCOC(OO)(C)COC
OCOC(OO)(C)OCC
OCOC(OO)(O)CCC
OCOC(OO)C(C)CO
OCOC(OO)C(C)OC
OCOC(OO)C(O)CC
OCOC(OO)CCCO
OCOC(OO)CCOC
OCOC(OO)COCC
OCOC(OO)OC(C)C
OCOC(OO)OCCC
OCOCC(C)OOOC
OCOCC(CO)(O)CO
OCOCC(CO)(O)OC
OCOCC(CO)OOC
OCOCC(O)(C)OOC
OCOCC(O)(O)CCO
OCOCC(O)(O)COC
OCOCC(O)(O)OCC
OCOCC(O)C(O)CO
OCOCC(O)C(O)OC
OCOCC(O)COCO
OCOCC(O)COOC
OCOCC(O)OCCO
OCOCC(O)OCOC
OCOCC(O)OOCC
OCOCC(OC)(O)OC
OCOCC(OC)OOC
OCOCC(OO)CCO
OCOCC(OO)COC
OCOCC(OO)OCC
OCOCCC(O)(O)CO
OCOCCC(O)(O)OC
OCOCCC(O)OOC
OCOCCCOOOC
OCOCCOC(O)CO
OCOCCOC(O)OC
OCOCCOCOOC
OCOCCOOCCO
OCOCCOOCOC
OCOCCOOOCC
OCOCOC(C)OOC
OCOCOC(CO)CO
OCOCOC(CO)OC
OCOCOC(O)(C)CO
OCOCOC(O)(C)OC
OCOCOC(O)(O)CC
OCOCOC(O)CCO
OCOCOC(O)COC
OCOCOC(O)OCC
OCOCOC(OC)OC
OCOCOCC(O)CO
OCOCOCC(O)OC
OCOCOCCOCO
OCOCOCCOOC
OCOCOCOCCO
OCOCOCOCOC
OCOCOCOOCC
OCOCOOC(C)CO
OCOCOOC(C)OC
OCOCOOC(O)CC
OCOCOOCCCO
OCOCOOCCOC
OCOCOOCOCC
OCOCOOOC(C)C
OCOCOOOCCC
OCOOC(C)(C)OCO
OCOOC(C)(C)OOC
OCOOC(C)C(O)CO
OCOOC(C)C(O)OC
OCOOC(C)COCO
OCOOC(C)COOC
OCOOC(C)OCCO
OCOOC(C)OCOC
OCOOC(C)OOCC
OCOOC(CC)(O)CO
OCOOC(CC)(O)OC
OCOOC(CC)OCO
OCOOC(CC)OOC
OCOOC(CO)(C)CO
OCOOC(CO)(C)OC
OCOOC(CO)CCO
OCOOC(CO)COC
OCOOC(CO)OCC
OCOOC(O)(C)CCO
OCOOC(O)(C)COC
OCOOC(O)(C)OCC
OCOOC(O)(O)C(C)C
OCOOC(O)(O)CCC
OCOOC(O)C(C)CO
OCOOC(O)C(C)OC
OCOOC(O)C(O)CC
OCOOC(O)CCCO
OCOOC(O)CCOC
OCOOC(O)COCC
OCOOC(O)OC(C)C
OCOOC(O)OCCC
OCOOC(OC)(C)OC
OCOOC(OC)CCO
OCOOC(OC)COC
OCOOC(OC)OCC
OCOOC(OO)CCC
OCOOCC(C)OCO
OCOOCC(C)OOC
OCOOCC(CO)CO
OCOOCC(CO)OC
OCOOCC(O)(C)CO
OCOOCC(O)(C)OC
OCOOCC(O)(O)CC
OCOOCC(O)CCO
OCOOCC(O)COC
OCOOCC(O)OCC
OCOOCC(OC)OC
OCOOCCC(O)CO
OCOOCCC(O)OC
OCOOCCCOCO
OCOOCCCOOC
OCOOCCOCCO
OCOOCCOCOC
OCOOCCOOCC
OCOOCOC(C)CO
OCOOCOC(C)OC
OCOOCOC(O)CC
OCOOCOCCCO
OCOOCOCCOC
OCOOCOCOCC
OCOOCOOC(C)C
OCOOCOOCCC
OCOOOC(C)(C)CO
OCOOOC(C)(C)OC
OCOOOC(C)CCO
OCOOOC(C)COC
OCOOOC(C)OCC
OCOOOC(CC)CO
OCOOOC(CC)OC
OCOOOC(O)(C)CC
OCOOOC(O)C(C)C
OCOOOC(O)CCC
OCOOOCC(C)CO
OCOOOCC(C)OC
OCOOOCC(O)CC
OCOOOCCCCO
OCOOOCCCOC
OCOOOCCOCC
OCOOOCOC(C)C
OCOOOCOCCC
OCOOOOC(C)(C)C
OCOOOOC(C)CC
OCOOOOCC(C)C
OCOOOOCCCC
OOC(C(C)(C)C)(O)OO
OOC(C(C)(C)O)(C)OO
OOC(C(C)(C)O)(O)OC
OOC(C(C)(C)O)COO
OOC(C(C)(C)O)OCO
OOC(C(C)(C)O)OOC
OOC(C(C)C)(CO)OO
OOC(C(C)C)(O)C(O)O
OOC(C(C)C)(O)COO
OOC(C(C)C)(O)OCO
OOC(C(C)C)(O)OOC
OOC(C(C)C)C(O)(O)O
OOC(C(C)C)C(O)OO
OOC(C(C)C)OC(O)O
OOC(C(C)C)OCOO
OOC(C(C)C)OOCO
OOC(C(C)C)OOOC
OOC(C(C)O)(C)C(O)O
OOC(C(C)O)(C)COO
OOC(C(C)O)(C)OCO
OOC(C(C)O)(C)OOC
OOC(C(C)O)(CC)OO
OOC(C(C)O)(CO)OC
OOC(C(C)O)(O)C(O)C
OOC(C(C)O)(O)CCO
OOC(C(C)O)(O)COC
OOC(C(C)O)(O)OCC
OOC(C(C)O)C(C)OO
OOC(C(C)O)C(O)(C)O
OOC(C(C)O)C(O)CO
OOC(C(C)O)C(O)OC
OOC(C(C)O)CC(O)O
OOC(C(C)O)CCOO
OOC(C(C)O)COCO
OOC(C(C)O)COOC
OOC(C(C)O)OC(C)O
OOC(C(C)O)OCCO
OOC(C(C)O)OCOC
OOC(C(C)O)OOCC
OOC(C(O)(C)O)(C)OC
OOC(C(O)(C)O)CCO
OOC(C(O)(C)O)COC
OOC(C(O)(C)O)OCC
OOC(C(O)(O)O)CCC
OOC(C(O)O)(C)CCO
OOC(C(O)O)(C)COC
OOC(C(O)O)(C)OCC
OOC(C(O)O)(CC)OC
OOC(C(O)O)(O)CCC
OOC(C(O)O)C(C)(C)O
OOC(C(O)O)C(C)CO
OOC(C(O)O)C(C)OC
OOC(C(O)O)C(O)CC
OOC(C(O)O)CC(C)O
OOC(C(O)O)CCCO
OOC(C(O)O)CCOC
OOC(C(O)O)COCC
OOC(C(O)O)OC(C)C
OOC(C(O)O)OCCC
OOC(C)(C)C(CO)OO
OOC(C)(C)C(O)(O)CO
OOC(C)(C)C(O)(O)OC
OOC(C)(C)C(O)C(O)O
OOC(C)(C)C(O)COO
OOC(C)(C)C(O)OCO
OOC(C)(C)C(O)OOC
OOC(C)(C)C(OC)OO
OOC(C)(C)CC(O)(O)O
OOC(C)(C)CC(O)OO
OOC(C)(C)COC(O)O
OOC(C)(C)COCOO
OOC(C)(C)COOCO
OOC(C)(C)COOOC
OOC(C)(C)OC(C)OO
OOC(C)(C)OC(O)(C)O
OOC(C)(C)OC(O)CO
OOC(C)(C)OC(O)OC
OOC(C)(C)OCC(O)O
OOC(C)(C)OCCOO
OOC(C)(C)OCOCO
OOC(C)(C)OCOOC
OOC(C)(C)OOC(C)O
OOC(C)(C)OOCCO
OOC(C)(C)OOCOC
OOC(C)(C)OOOCC
OOC(C)C(C(O)O)OC
OOC(C)C(C)C(O)(O)O
OOC(C)C(C)OC(O)O
OOC(C)C(C)OCOO
OOC(C)C(C)OOCO
OOC(C)C(C)OOOC
OOC(C)C(CO)(O)CO
OOC(C)C(CO)(O)OC
OOC(C)C(CO)C(O)O
OOC(C)C(CO)COO
OOC(C)C(CO)OCO
OOC(C)C(CO)OOC
OOC(C)C(O)(C)C(O)O
OOC(C)C(O)(C)COO
OOC(C)C(O)(C)OCO
OOC(C)C(O)(C)OOC
OOC(C)C(O)(O)C(C)O
OOC(C)C(O)(O)CCO
OOC(C)C(O)(O)COC
OOC(C)C(O)(O)OCC
OOC(C)C(O)C(C)OO
OOC(C)C(O)C(O)(C)O
OOC(C)C(O)C(O)CO
OOC(C)C(O)C(O)OC
OOC(C)C(O)CC(O)O
OOC(C)C(O)CCOO
OOC(C)C(O)COCO
OOC(C)C(O)COOC
OOC(C)C(O)OC(C)O
OOC(C)C(O)OCCO
OOC(C)C(O)OCOC
OOC(C)C(O)OOCC
OOC(C)C(OC)(O)OC
OOC(C)C(OC)COO
OOC(C)C(OC)OCO
OOC(C)C(OC)OOC
OOC(C)C(OO)CCO
OOC(C)C(OO)COC
OOC(C)C(OO)OCC
OOC(C)CC(O)(O)CO
OOC(C)CC(O)(O)OC
OOC(C)CC(O)C(O)O
OOC(C)CC(O)COO
OOC(C)CC(O)OCO
OOC(C)CC(O)OOC
OOC(C)CCC(O)(O)O
OOC(C)CCOC(O)O
OOC(C)CCOCOO
OOC(C)CCOOCO
OOC(C)CCOOOC
OOC(C)COC(O)(C)O
OOC(C)COC(O)CO
OOC(C)COC(O)OC
OOC(C)COCC(O)O
OOC(C)COCCOO
OOC(C)COCOCO
OOC(C)COCOOC
OOC(C)COOC(C)O
OOC(C)COOCCO
OOC(C)COOCOC
OOC(C)COOOCC
OOC(C)OC(C)C(O)O
OOC(C)OC(C)COO
OOC(C)OC(C)OCO
OOC(C)OC(C)OOC
OOC(C)OC(CO)CO
OOC(C)OC(CO)OC
OOC(C)OC(O)(C)CO
OOC(C)OC(O)(C)OC
OOC(C)OC(O)(O)CC
OOC(C)OC(O)C(C)O
OOC(C)OC(O)CCO
OOC(C)OC(O)COC
OOC(C)OC(O)OCC
OOC(C)OC(OC)OC
OOC(C)OCC(C)OO
OOC(C)OCC(O)(C)O
OOC(C)OCC(O)CO
OOC(C)OCC(O)OC
OOC(C)OCCC(O)O
OOC(C)OCCCOO
OOC(C)OCCOCO
OOC(C)OCCOOC
OOC(C)OCOC(C)O
OOC(C)OCOCCO
OOC(C)OCOCOC
OOC(C)OCOOCC
OOC(C)OOC(C)(C)O
OOC(C)OOC(C)CO
OOC(C)OOC(C)OC
OOC(C)OOC(O)CC
OOC(C)OOCC(C)O
OOC(C)OOCCCO
OOC(C)OOCCOC
OOC(C)OOCOCC
OOC(C)OOOC(C)C
OOC(C)OOOCCC
OOC(CC)(C)C(O)(O)O
OOC(CC)(C)C(O)OO
OOC(CC)(C)OC(O)O
OOC(CC)(C)OCOO
OOC(CC)(C)OOCO
OOC(CC)(C)OOOC
OOC(CC)(O)C(C)OO
OOC(CC)(O)C(O)(C)O
OOC(CC)(O)C(O)CO
OOC(CC)(O)C(O)OC
OOC(CC)(O)CC(O)O
OOC(CC)(O)CCOO
OOC(CC)(O)COCO
OOC(CC)(O)COOC
OOC(CC)(O)OC(C)O
OOC(CC)(O)OCCO
OOC(CC)(O)OCOC
OOC(CC)(O)OOCC
OOC(CC)C(O)(O)CO
OOC(CC)C(O)(O)OC
OOC(CC)C(O)C(O)O
OOC(CC)C(O)COO
OOC(CC)C(O)OCO
OOC(CC)C(O)OOC
OOC(CC)CC(O)(O)O
OOC(CC)CC(O)OO
OOC(CC)COC(O)O
OOC(CC)COCOO
OOC(CC)COOCO
OOC(CC)COOOC
OOC(CC)OC(C)OO
OOC(CC)OC(O)(C)O
OOC(CC)OC(O)CO
OOC(CC)OC(O)OC
OOC(CC)OCC(O)O
OOC(CC)OCCOO
OOC(CC)OCOCO
OOC(CC)OCOOC
OOC(CC)OOC(C)O
OOC(CC)OOCCO
OOC(CC)OOCOC
OOC(CC)OOOCC
OOC(CO)(C)C(C)OO
OOC(CO)(C)C(O)(C)O
OOC(CO)(C)C(O)CO
OOC(CO)(C)C(O)OC
OOC(CO)(C)CC(O)O
OOC(CO)(C)CCOO
OOC(CO)(C)COCO
OOC(CO)(C)COOC
OOC(CO)(C)OC(C)O
OOC(CO)(C)OCCO
OOC(CO)(C)OCOC
OOC(CO)(C)OOCC
OOC(CO)(CC)C(O)O
OOC(CO)(CC)COO
OOC(CO)(CC)OCO
OOC(CO)(CC)OOC
OOC(CO)(CO)C(C)O
OOC(CO)(CO)CCO
OOC(CO)(CO)COC
OOC(CO)(CO)OCC
OOC(CO)(O)C(C)(C)O
OOC(CO)(O)C(C)CO
OOC(CO)(O)C(C)OC
OOC(CO)(O)C(O)CC
OOC(CO)(O)CC(C)O
OOC(CO)(O)CCCO
OOC(CO)(O)CCOC
OOC(CO)(O)COCC
OOC(CO)(O)OC(C)C
OOC(CO)(O)OCCC
OOC(CO)C(C)C(O)O
OOC(CO)C(C)COO
OOC(CO)C(C)OCO
OOC(CO)C(C)OOC
OOC(CO)C(CC)OO
OOC(CO)C(CO)CO
OOC(CO)C(CO)OC
OOC(CO)C(O)(C)CO
OOC(CO)C(O)(C)OC
OOC(CO)C(O)(O)CC
OOC(CO)C(O)C(C)O
OOC(CO)C(O)CCO
OOC(CO)C(O)COC
OOC(CO)C(O)OCC
OOC(CO)C(OC)OC
OOC(CO)CC(C)OO
OOC(CO)CC(O)(C)O
OOC(CO)CC(O)CO
OOC(CO)CC(O)OC
OOC(CO)CCC(O)O
OOC(CO)CCCOO
OOC(CO)CCOCO
OOC(CO)CCOOC
OOC(CO)COC(C)O
OOC(CO)COCCO
OOC(CO)COCOC
OOC(CO)COOCC
OOC(CO)OC(C)(C)O
OOC(CO)OC(C)CO
OOC(CO)OC(C)OC
OOC(CO)OC(O)CC
OOC(CO)OCC(C)O
OOC(CO)OCCCO
OOC(CO)OCCOC
OOC(CO)OCOCC
OOC(CO)OOC(C)C
OOC(CO)OOCCC
OOC(O)(C)C(C)(C)OO
OOC(O)(C)C(C)C(O)O
OOC(O)(C)C(C)COO
OOC(O)(C)C(C)OCO
OOC(O)(C)C(C)OOC
OOC(O)(C)C(CC)OO
OOC(O)(C)C(CO)CO
OOC(O)(C)C(CO)OC
OOC(O)(C)C(O)(C)CO
OOC(O)(C)C(O)(C)OC
OOC(O)(C)C(O)(O)CC
OOC(O)(C)C(O)C(C)O
OOC(O)(C)C(O)CCO
OOC(O)(C)C(O)COC
OOC(O)(C)C(O)OCC
OOC(O)(C)C(OC)OC
OOC(O)(C)CC(C)OO
OOC(O)(C)CC(O)(C)O
OOC(O)(C)CC(O)CO
OOC(O)(C)CC(O)OC
OOC(O)(C)CCC(O)O
OOC(O)(C)CCCOO
OOC(O)(C)CCOCO
OOC(O)(C)CCOOC
OOC(O)(C)COC(C)O
OOC(O)(C)COCCO
OOC(O)(C)COCOC
OOC(O)(C)COOCC
OOC(O)(C)OC(C)(C)O
OOC(O)(C)OC(C)CO
OOC(O)(C)OC(C)OC
OOC(O)(C)OC(O)CC
OOC(O)(C)OCC(C)O
OOC(O)(C)OCCCO
OOC(O)(C)OCCOC
OOC(O)(C)OCOCC
OOC(O)(C)OOC(C)C
OOC(O)(C)OOCCC
OOC(O)(O)C(C)(C)CO
OOC(O)(O)C(C)(C)OC
OOC(O)(O)C(C)C(C)O
OOC(O)(O)C(C)CCO
OOC(O)(O)C(C)COC
OOC(O)(O)C(C)OCC
OOC(O)(O)C(CC)CO
OOC(O)(O)C(CC)OC
OOC(O)(O)C(O)(C)CC
OOC(O)(O)C(O)C(C)C
OOC(O)(O)C(O)CCC
OOC(O)(O)CC(C)(C)O
OOC(O)(O)CC(C)CO
OOC(O)(O)CC(C)OC
OOC(O)(O)CC(O)CC
OOC(O)(O)CCC(C)O
OOC(O)(O)CCCCO
OOC(O)(O)CCCOC
OOC(O)(O)CCOCC
OOC(O)(O)COC(C)C
OOC(O)(O)COCCC
OOC(O)(O)OC(C)(C)C
OOC(O)(O)OC(C)CC
OOC(O)(O)OCC(C)C
OOC(O)(O)OCCCC
OOC(O)C(C(C)O)OC
OOC(O)C(C)(C)C(O)O
OOC(O)C(C)(C)COO
OOC(O)C(C)(C)OCO
OOC(O)C(C)(C)OOC
OOC(O)C(C)C(C)OO
OOC(O)C(C)C(O)(C)O
OOC(O)C(C)C(O)CO
OOC(O)C(C)C(O)OC
OOC(O)C(C)CC(O)O
OOC(O)C(C)CCOO
OOC(O)C(C)COCO
OOC(O)C(C)COOC
OOC(O)C(C)OC(C)O
OOC(O)C(C)OCCO
OOC(O)C(C)OCOC
OOC(O)C(C)OOCC
OOC(O)C(CC)(O)CO
OOC(O)C(CC)(O)OC
OOC(O)C(CC)C(O)O
OOC(O)C(CC)COO
OOC(O)C(CC)OCO
OOC(O)C(CC)OOC
OOC(O)C(CO)(C)CO
OOC(O)C(CO)(C)OC
OOC(O)C(CO)C(C)O
OOC(O)C(CO)CCO
OOC(O)C(CO)COC
OOC(O)C(CO)OCC
OOC(O)C(O)(C)C(C)O
OOC(O)C(O)(C)CCO
OOC(O)C(O)(C)COC
OOC(O)C(O)(C)OCC
OOC(O)C(O)(O)C(C)C
OOC(O)C(O)(O)CCC
OOC(O)C(O)C(C)(C)O
OOC(O)C(O)C(C)CO
OOC(O)C(O)C(C)OC
OOC(O)C(O)C(O)CC
OOC(O)C(O)CC(C)O
OOC(O)C(O)CCCO
OOC(O)C(O)CCOC
OOC(O)C(O)COCC
OOC(O)C(O)OC(C)C
OOC(O)C(O)OCCC
OOC(O)C(OC)(C)OC
OOC(O)C(OC)CCO
OOC(O)C(OC)COC
OOC(O)C(OC)OCC
OOC(O)C(OO)CCC
OOC(O)CC(C)C(O)O
OOC(O)CC(C)COO
OOC(O)CC(C)OCO
OOC(O)CC(C)OOC
OOC(O)CC(CO)CO
OOC(O)CC(CO)OC
OOC(O)CC(O)(C)CO
OOC(O)CC(O)(C)OC
OOC(O)CC(O)(O)CC
OOC(O)CC(O)C(C)O
OOC(O)CC(O)CCO
OOC(O)CC(O)COC
OOC(O)CC(O)OCC
OOC(O)CC(OC)OC
OOC(O)CCC(C)OO
OOC(O)CCC(O)(C)O
OOC(O)CCC(O)CO
OOC(O)CCC(O)OC
OOC(O)CCCC(O)O
OOC(O)CCCCOO
OOC(O)CCCOCO
OOC(O)CCCOOC
OOC(O)CCOC(C)O
OOC(O)CCOCCO
OOC(O)CCOCOC
OOC(O)CCOOCC
OOC(O)COC(C)(C)O
OOC(O)COC(C)CO
OOC(O)COC(C)OC
OOC(O)COC(O)CC
OOC(O)COCC(C)O
OOC(O)COCCCO
OOC(O)COCCOC
OOC(O)COCOCC
OOC(O)COOC(C)C
OOC(O)COOCCC
OOC(O)OC(C)(C)CO
OOC(O)OC(C)(C)OC
OOC(O)OC(C)C(C)O
OOC(O)OC(C)CCO
OOC(O)OC(C)COC
OOC(O)OC(C)OCC
OOC(O)OC(CC)CO
OOC(O)OC(CC)OC
OOC(O)OC(O)(C)CC
OOC(O)OC(O)C(C)C
OOC(O)OC(O)CCC
OOC(O)OCC(C)(C)O
OOC(O)OCC(C)CO
OOC(O)OCC(C)OC
OOC(O)OCC(O)CC
OOC(O)OCCC(C)O
OOC(O)OCCCCO
OOC(O)OCCCOC
OOC(O)OCCOCC
OOC(O)OCOC(C)C
OOC(O)OCOCCC
OOC(O)OOC(C)(C)C
OOC(O)OOC(C)CC
OOC(O)OOCC(C)C
OOC(O)OOCCCC
OOC(OC)(C(C)C)OO
OOC(OC)(C(C)O)OC
OOC(OC)(C)C(C)OO
OOC(OC)(C)C(O)CO
OOC(OC)(C)C(O)OC
OOC(OC)(C)CC(O)O
OOC(OC)(C)CCOO
OOC(OC)(C)COCO
OOC(OC)(C)COOC
OOC(OC)(C)OC(C)O
OOC(OC)(C)OCCO
OOC(OC)(C)OCOC
OOC(OC)(C)OOCC
OOC(OC)(CC)COO
OOC(OC)(CC)OCO
OOC(OC)(CC)OOC
OOC(OC)(CO)CCO
OOC(OC)(CO)COC
OOC(OC)(CO)OCC
OOC(OC)(O)C(C)CO
OOC(OC)(O)C(C)OC
OOC(OC)(O)C(O)CC
OOC(OC)(O)CC(C)O
OOC(OC)(O)CCCO
OOC(OC)(O)CCOC
OOC(OC)(O)COCC
OOC(OC)(O)OC(C)C
OOC(OC)(O)OCCC
OOC(OC)(OC)CCO
OOC(OC)(OC)COC
OOC(OC)(OC)OCC
OOC(OC)C(C)C(O)O
OOC(OC)C(C)COO
OOC(OC)C(C)OCO
OOC(OC)C(C)OOC
OOC(OC)C(CC)OO
OOC(OC)C(CO)CO
OOC(OC)C(CO)OC
OOC(OC)C(O)(C)CO
OOC(OC)C(O)(C)OC
OOC(OC)C(O)(O)CC
OOC(OC)C(O)C(C)O
OOC(OC)C(O)CCO
OOC(OC)C(O)COC
OOC(OC)C(O)OCC
OOC(OC)C(OC)OC
OOC(OC)CC(C)OO
OOC(OC)CC(O)(C)O
OOC(OC)CC(O)CO
OOC(OC)CC(O)OC
OOC(OC)CCC(O)O
OOC(OC)CCCOO
OOC(OC)CCOCO
OOC(OC)CCOOC
OOC(OC)COC(C)O
OOC(OC)COCCO
OOC(OC)COCOC
OOC(OC)COOCC
OOC(OC)OC(C)(C)O
OOC(OC)OC(C)CO
OOC(OC)OC(C)OC
OOC(OC)OC(O)CC
OOC(OC)OCC(C)O
OOC(OC)OCCCO
OOC(OC)OCCOC
OOC(OC)OCOCC
OOC(OC)OOC(C)C
OOC(OC)OOCCC
OOC(OO)(C)C(C)CO
OOC(OO)(C)C(C)OC
OOC(OO)(C)C(O)CC
OOC(OO)(C)CC(C)O
OOC(OO)(C)CCCO
OOC(OO)(C)CCOC
OOC(OO)(C)COCC
OOC(OO)(C)OC(C)C
OOC(OO)(C)OCCC
OOC(OO)(CC)CCO
OOC(OO)(CC)COC
OOC(OO)(CC)OCC
OOC(OO)(CO)CCC
OOC(OO)(O)C(C)CC
OOC(OO)(O)CC(C)C
OOC(OO)(O)CCCC
OOC(OO)(OC)CCC
OOC(OO)C(C)(C)CO
OOC(OO)C(C)(C)OC
OOC(OO)C(C)C(C)O
OOC(OO)C(C)CCO
OOC(OO)C(C)COC
OOC(OO)C(C)OCC
OOC(OO)C(CC)CO
OOC(OO)C(CC)OC
OOC(OO)C(O)(C)CC
OOC(OO)C(O)C(C)C
OOC(OO)C(O)CCC
OOC(OO)CC(C)(C)O
OOC(OO)CC(C)CO
OOC(OO)CC(C)OC
OOC(OO)CC(O)CC
OOC(OO)CCC(C)O
OOC(OO)CCCCO
OOC(OO)CCCOC
OOC(OO)CCOCC
OOC(OO)COC(C)C
OOC(OO)COCCC
OOC(OO)OC(C)(C)C
OOC(OO)OC(C)CC
OOC(OO)OCC(C)C
OOC(OO)OCCCC
OOCC(C(C)O)(O)OC
OOCC(C(C)O)C(O)O
OOCC(C(C)O)COO
OOCC(C(C)O)OCO
OOCC(C(C)O)OOC
OOCC(C(O)(C)O)OC
OOCC(C(O)O)(C)OC
OOCC(C(O)O)CCO
OOCC(C(O)O)COC
OOCC(C(O)O)OCC
OOCC(C)(C)C(O)(O)O
OOCC(C)(C)OC(O)O
OOCC(C)(C)OOCO
OOCC(C)(C)OOOC
OOCC(C)C(O)(O)CO
OOCC(C)C(O)(O)OC
OOCC(C)C(O)C(O)O
OOCC(C)C(O)OCO
OOCC(C)C(O)OOC
OOCC(C)CC(O)(O)O
OOCC(C)COC(O)O
OOCC(C)COOCO
OOCC(C)COOOC
OOCC(C)OC(O)(C)O
OOCC(C)OC(O)CO
OOCC(C)OC(O)OC
OOCC(C)OCC(O)O
OOCC(C)OCCOO
OOCC(C)OCOCO
OOCC(C)OCOOC
OOCC(C)OOC(C)O
OOCC(C)OOCCO
OOCC(C)OOCOC
OOCC(C)OOOCC
OOCC(CC)(O)C(O)O
OOCC(CC)(O)COO
OOCC(CC)(O)OCO
OOCC(CC)(O)OOC
OOCC(CC)C(O)(O)O
OOCC(CC)OC(O)O
OOCC(CC)OOCO
OOCC(CC)OOOC
OOCC(CCO)COO
OOCC(CCO)OCO
OOCC(CCO)OOC
OOCC(CO)(C)C(O)O
OOCC(CO)(C)COO
OOCC(CO)(C)OCO
OOCC(CO)(C)OOC
OOCC(CO)(CO)CO
OOCC(CO)(CO)OC
OOCC(CO)(O)C(C)O
OOCC(CO)(O)CCO
OOCC(CO)(O)COC
OOCC(CO)(O)OCC
OOCC(CO)C(O)(C)O
OOCC(CO)C(O)CO
OOCC(CO)C(O)OC
OOCC(CO)CC(O)O
OOCC(CO)CCOO
OOCC(CO)COCO
OOCC(CO)COOC
OOCC(CO)OC(C)O
OOCC(CO)OCCO
OOCC(CO)OCOC
OOCC(CO)OOCC
OOCC(COC)COO
OOCC(COC)OCO
OOCC(COC)OOC
OOCC(COO)OCC
OOCC(O)(C)C(O)(C)O
OOCC(O)(C)C(O)CO
OOCC(O)(C)C(O)OC
OOCC(O)(C)CC(O)O
OOCC(O)(C)CCOO
OOCC(O)(C)COCO
OOCC(O)(C)COOC
OOCC(O)(C)OC(C)O
OOCC(O)(C)OCCO
OOCC(O)(C)OCOC
OOCC(O)(C)OOCC
OOCC(O)(O)C(C)(C)O
OOCC(O)(O)C(C)CO
OOCC(O)(O)C(C)OC
OOCC(O)(O)C(O)CC
OOCC(O)(O)CC(C)O
OOCC(O)(O)CCCO
OOCC(O)(O)CCOC
OOCC(O)(O)COCC
OOCC(O)(O)OC(C)C
OOCC(O)(O)OCCC
OOCC(O)C(C)C(O)O
OOCC(O)C(C)COO
OOCC(O)C(C)OCO
OOCC(O)C(C)OOC
OOCC(O)C(CO)CO
OOCC(O)C(CO)OC
OOCC(O)C(O)(C)CO
OOCC(O)C(O)(C)OC
OOCC(O)C(O)(O)CC
OOCC(O)C(O)C(C)O
OOCC(O)C(O)CCO
OOCC(O)C(O)COC
OOCC(O)C(O)OCC
OOCC(O)C(OC)OC
OOCC(O)CC(O)(C)O
OOCC(O)CC(O)CO
OOCC(O)CC(O)OC
OOCC(O)CCC(O)O
OOCC(O)CCCOO
OOCC(O)CCOCO
OOCC(O)CCOOC
OOCC(O)COC(C)O
OOCC(O)COCCO
OOCC(O)COCOC
OOCC(O)COOCC
OOCC(O)OC(C)(C)O
OOCC(O)OC(C)CO
OOCC(O)OC(C)OC
OOCC(O)OC(O)CC
OOCC(O)OCC(C)O
OOCC(O)OCCCO
OOCC(O)OCCOC
OOCC(O)OCOCC
OOCC(O)OOC(C)C
OOCC(O)OOCCC
OOCC(OC)(C)COO
OOCC(OC)(C)OCO
OOCC(OC)(C)OOC
OOCC(OC)(CO)OC
OOCC(OC)(O)CCO
OOCC(OC)(O)COC
OOCC(OC)(O)OCC
OOCC(OC)(OC)OC
OOCC(OC)C(O)CO
OOCC(OC)C(O)OC
OOCC(OC)CC(O)O
OOCC(OC)CCOO
OOCC(OC)COCO
OOCC(OC)COOC
OOCC(OC)OC(C)O
OOCC(OC)OCCO
OOCC(OC)OCOC
OOCC(OC)OOCC
OOCC(OCC)OCO
OOCC(OCC)OOC
OOCC(OO)(C)CCO
OOCC(OO)(C)COC
OOCC(OO)(C)OCC
OOCC(OO)(O)CCC
OOCC(OO)C(C)CO
OOCC(OO)C(C)OC
OOCC(OO)C(O)CC
OOCC(OO)CC(C)O
OOCC(OO)CCCO
OOCC(OO)CCOC
OOCC(OO)COCC
OOCC(OO)OC(C)C
OOCC(OO)OCCC
OOCCC(C(O)O)OC
OOCCC(C)C(O)(O)O
OOCCC(C)OC(O)O
OOCCC(C)OOCO
OOCCC(C)OOOC
OOCCC(CO)(O)CO
OOCCC(CO)(O)OC
OOCCC(CO)C(O)O
OOCCC(CO)OCO
OOCCC(CO)OOC
OOCCC(O)(C)C(O)O
OOCCC(O)(C)OCO
OOCCC(O)(C)OOC
OOCCC(O)(O)C(C)O
OOCCC(O)(O)CCO
OOCCC(O)(O)COC
OOCCC(O)(O)OCC
OOCCC(O)C(O)(C)O
OOCCC(O)C(O)CO
OOCCC(O)C(O)OC
OOCCC(O)CC(O)O
OOCCC(O)CCOO
OOCCC(O)COCO
OOCCC(O)COOC
OOCCC(O)OC(C)O
OOCCC(O)OCCO
OOCCC(O)OCOC
OOCCC(O)OOCC
OOCCC(OC)(O)OC
OOCCC(OC)OCO
OOCCC(OC)OOC
OOCCC(OO)CCO
OOCCC(OO)COC
OOCCC(OO)OCC
OOCCCC(O)(O)CO
OOCCCC(O)(O)OC
OOCCCC(O)C(O)O
OOCCCC(O)OCO
OOCCCC(O)OOC
OOCCCCC(O)(O)O
OOCCCCOC(O)O
OOCCCCOOCO
OOCCCCOOOC
OOCCCOC(O)(C)O
OOCCCOC(O)CO
OOCCCOC(O)OC
OOCCCOCC(O)O
OOCCCOCOCO
OOCCCOCOOC
OOCCCOOC(C)O
OOCCCOOCCO
OOCCCOOCOC
OOCCCOOOCC
OOCCOC(C)C(O)O
OOCCOC(C)OCO
OOCCOC(C)OOC
OOCCOC(CO)CO
OOCCOC(CO)OC
OOCCOC(O)(C)CO
OOCCOC(O)(C)OC
OOCCOC(O)(O)CC
OOCCOC(O)C(C)O
OOCCOC(O)CCO
OOCCOC(O)COC
OOCCOC(O)OCC
OOCCOC(OC)OC
OOCCOCC(O)(C)O
OOCCOCC(O)CO
OOCCOCC(O)OC
OOCCOCCC(O)O
OOCCOCCCOO
OOCCOCCOCO
OOCCOCCOOC
OOCCOCOC(C)O
OOCCOCOCCO
OOCCOCOCOC
OOCCOCOOCC
OOCCOOC(C)(C)O
OOCCOOC(C)CO
OOCCOOC(C)OC
OOCCOOC(O)CC
OOCCOOCC(C)O
OOCCOOCCCO
OOCCOOCCOC
OOCCOOCOCC
OOCCOOOC(C)C
OOCCOOOCCC
OOCOC(C(C)O)OC
OOCOC(C)(C)C(O)O
OOCOC(C)(C)COO
OOCOC(C)(C)OCO
OOCOC(C)(C)OOC
OOCOC(C)C(O)(C)O
OOCOC(C)C(O)CO
OOCOC(C)C(O)OC
OOCOC(C)CC(O)O
OOCOC(C)CCOO
OOCOC(C)COCO
OOCOC(C)COOC
OOCOC(C)OC(C)O
OOCOC(C)OCCO
OOCOC(C)OCOC
OOCOC(C)OOCC
OOCOC(CC)(O)CO
OOCOC(CC)(O)OC
OOCOC(CC)C(O)O
OOCOC(CC)COO
OOCOC(CC)OCO
OOCOC(CC)OOC
OOCOC(CO)(C)CO
OOCOC(CO)(C)OC
OOCOC(CO)C(C)O
OOCOC(CO)CCO
OOCOC(CO)COC
OOCOC(CO)OCC
OOCOC(O)(C)C(C)O
OOCOC(O)(C)CCO
OOCOC(O)(C)COC
OOCOC(O)(C)OCC
OOCOC(O)(O)C(C)C
OOCOC(O)(O)CCC
OOCOC(O)C(C)(C)O
OOCOC(O)C(C)CO
OOCOC(O)C(C)OC
OOCOC(O)C(O)CC
OOCOC(O)CC(C)O
OOCOC(O)CCCO
OOCOC(O)CCOC
OOCOC(O)COCC
OOCOC(O)OC(C)C
OOCOC(O)OCCC
OOCOC(OC)(C)OC
OOCOC(OC)CCO
OOCOC(OC)COC
OOCOC(OC)OCC
OOCOC(OO)CCC
OOCOCC(C)C(O)O
OOCOCC(C)COO
OOCOCC(C)OCO
OOCOCC(C)OOC
OOCOCC(CO)CO
OOCOCC(CO)OC
OOCOCC(O)(C)CO
OOCOCC(O)(C)OC
OOCOCC(O)(O)CC
OOCOCC(O)C(C)O
OOCOCC(O)CCO
OOCOCC(O)COC
OOCOCC(O)OCC
OOCOCC(OC)OC
OOCOCCC(O)(C)O
OOCOCCC(O)CO
OOCOCCC(O)OC
OOCOCCCC(O)O
OOCOCCCCOO
OOCOCCCOCO
OOCOCCCOOC
OOCOCCOC(C)O
OOCOCCOCCO
OOCOCCOCOC
OOCOCCOOCC
OOCOCOC(C)(C)O
OOCOCOC(C)CO
OOCOCOC(C)OC
OOCOCOC(O)CC
OOCOCOCC(C)O
OOCOCOCCCO
OOCOCOCCOC
OOCOCOCOCC
OOCOCOOC(C)C
OOCOCOOCCC
OOCOOC(C)(C)CO
OOCOOC(C)(C)OC
OOCOOC(C)C(C)O
OOCOOC(C)CCO
OOCOOC(C)COC
OOCOOC(C)OCC
OOCOOC(CC)CO
OOCOOC(CC)OC
OOCOOC(O)(C)CC
OOCOOC(O)C(C)C
OOCOOC(O)CCC
OOCOOCC(C)(C)O
OOCOOCC(C)CO
OOCOOCC(C)OC
OOCOOCC(O)CC
OOCOOCCC(C)O
OOCOOCCCCO
OOCOOCCCOC
OOCOOCCOCC
OOCOOCOC(C)C
OOCOOCOCCC
OOCOOOC(C)(C)C
OOCOOOC(C)CC
OOCOOOCC(C)C
OOCOOOCCCC
OOOC(C(C)(C)C)OO
OOOC(C(C)(C)O)OC
OOOC(C(C)C)(C)OO
OOOC(C(C)C)(O)OC
OOOC(C(C)C)C(O)O
OOOC(C(C)C)COO
OOOC(C(C)C)OCO
OOOC(C(C)C)OOC
OOOC(C(C)O)(C)OC
OOOC(C(C)O)C(O)C
OOOC(C(C)O)CCO
OOOC(C(C)O)COC
OOOC(C(C)O)OCC
OOOC(C(O)O)CCC
OOOC(C)(C)C(C)OO
OOOC(C)(C)C(O)(C)O
OOOC(C)(C)C(O)CO
OOOC(C)(C)C(O)OC
OOOC(C)(C)CC(O)O
OOOC(C)(C)CCOO
OOOC(C)(C)COCO
OOOC(C)(C)COOC
OOOC(C)(C)OC(C)O
OOOC(C)(C)OCCO
OOOC(C)(C)OCOC
OOOC(C)(C)OOCC
OOOC(C)C(C)(C)OO
OOOC(C)C(C)C(O)O
OOOC(C)C(C)COO
OOOC(C)C(C)OCO
OOOC(C)C(C)OOC
OOOC(C)C(CC)OO
OOOC(C)C(CO)CO
OOOC(C)C(CO)OC
OOOC(C)C(O)(C)CO
OOOC(C)C(O)(C)OC
OOOC(C)C(O)(O)CC
OOOC(C)C(O)C(C)O
OOOC(C)C(O)CCO
OOOC(C)C(O)COC
OOOC(C)C(O)OCC
OOOC(C)C(OC)OC
OOOC(C)CC(C)OO
OOOC(C)CC(O)(C)O
OOOC(C)CC(O)CO
OOOC(C)CC(O)OC
OOOC(C)CCC(O)O
OOOC(C)CCCOO
OOOC(C)CCOCO
OOOC(C)CCOOC
OOOC(C)COC(C)O
OOOC(C)COCCO
OOOC(C)COCOC
OOOC(C)COOCC
OOOC(C)OC(C)(C)O
OOOC(C)OC(C)CO
OOOC(C)OC(C)OC
OOOC(C)OC(O)CC
OOOC(C)OCC(C)O
OOOC(C)OCCCO
OOOC(C)OCCOC
OOOC(C)OCOCC
OOOC(C)OOC(C)C
OOOC(C)OOCCC
OOOC(CC)(C)C(O)O
OOOC(CC)(C)COO
OOOC(CC)(C)OCO
OOOC(CC)(C)OOC
OOOC(CC)(CC)OO
OOOC(CC)(O)C(C)O
OOOC(CC)(O)CCO
OOOC(CC)(O)COC
OOOC(CC)(O)OCC
OOOC(CC)C(C)OO
OOOC(CC)C(O)(C)O
OOOC(CC)C(O)CO
OOOC(CC)C(O)OC
OOOC(CC)CC(O)O
OOOC(CC)CCOO
OOOC(CC)COCO
OOOC(CC)COOC
OOOC(CC)OC(C)O
OOOC(CC)OCCO
OOOC(CC)OCOC
OOOC(CC)OOCC
OOOC(CCC)COO
OOOC(CCC)OCO
OOOC(CCC)OOC
OOOC(CCO)CCO
OOOC(CCO)COC
OOOC(CCO)OCC
OOOC(CO)(C)C(C)O
OOOC(CO)(C)CCO
OOOC(CO)(C)COC
OOOC(CO)(C)OCC
OOOC(CO)(CC)CO
OOOC(CO)(CC)OC
OOOC(CO)(O)C(C)C
OOOC(CO)(O)CCC
OOOC(CO)C(C)(C)O
OOOC(CO)C(C)CO
OOOC(CO)C(C)OC
OOOC(CO)C(O)CC
OOOC(CO)CC(C)O
OOOC(CO)CCCO
OOOC(CO)CCOC
OOOC(CO)COCC
OOOC(CO)OC(C)C
OOOC(CO)OCCC
OOOC(COC)COC
OOOC(COC)OCC
OOOC(O)(C)C(C)(C)O
OOOC(O)(C)C(C)CO
OOOC(O)(C)C(C)OC
OOOC(O)(C)C(O)CC
OOOC(O)(C)CC(C)O
OOOC(O)(C)CCCO
OOOC(O)(C)CCOC
OOOC(O)(C)COCC
OOOC(O)(C)OC(C)C
OOOC(O)(C)OCCC
OOOC(O)(O)C(C)(C)C
OOOC(O)(O)C(C)CC
OOOC(O)(O)CC(C)C
OOOC(O)(O)CCCC
OOOC(O)C(C)(C)CO
OOOC(O)C(C)(C)OC
OOOC(O)C(C)C(C)O
OOOC(O)C(C)CCO
OOOC(O)C(C)COC
OOOC(O)C(C)OCC
OOOC(O)C(CC)CO
OOOC(O)C(CC)OC
OOOC(O)C(O)(C)CC
OOOC(O)C(O)C(C)C
OOOC(O)C(O)CCC
OOOC(O)CC(C)(C)O
OOOC(O)CC(C)CO
OOOC(O)CC(C)OC
OOOC(O)CC(O)CC
OOOC(O)CCC(C)O
OOOC(O)CCCCO
OOOC(O)CCCOC
OOOC(O)CCOCC
OOOC(O)COC(C)C
OOOC(O)COCCC
OOOC(O)OC(C)(C)C
OOOC(O)OC(C)CC
OOOC(O)OCC(C)C
OOOC(O)OCCCC
OOOC(OC)(C)CCO
OOOC(OC)(C)COC
OOOC(OC)(C)OCC
OOOC(OC)(CC)OC
OOOC(OC)(O)CCC
OOOC(OC)C(C)CO
OOOC(OC)C(C)OC
OOOC(OC)C(O)CC
OOOC(OC)CC(C)O
OOOC(OC)CCCO
OOOC(OC)CCOC
OOOC(OC)COCC
OOOC(OC)OC(C)C
OOOC(OC)OCCC
OOOC(OCC)OCC
OOOC(OO)(C)CCC
OOOC(OO)C(C)CC
OOOC(OO)CC(C)C
OOOC(OO)CCCC
OOOCC(C(C)C)OO
OOOCC(C(C)O)OC
OOOCC(C)(C)C(O)O
OOOCC(C)(C)COO
OOOCC(C)(C)OCO
OOOCC(C)(C)OOC
OOOCC(C)C(C)OO
OOOCC(C)C(O)(C)O
OOOCC(C)C(O)CO
OOOCC(C)C(O)OC
OOOCC(C)CC(O)O
OOOCC(C)CCOO
OOOCC(C)COCO
OOOCC(C)COOC
OOOCC(C)OC(C)O
OOOCC(C)OCCO
OOOCC(C)OCOC
OOOCC(C)OOCC
OOOCC(CC)(C)OO
OOOCC(CC)(O)CO
OOOCC(CC)(O)OC
OOOCC(CC)C(O)O
OOOCC(CC)COO
OOOCC(CC)OCO
OOOCC(CC)OOC
OOOCC(CO)(C)CO
OOOCC(CO)(C)OC
OOOCC(CO)C(C)O
OOOCC(CO)CCO
OOOCC(CO)COC
OOOCC(CO)OCC
OOOCC(O)(C)C(C)O
OOOCC(O)(C)CCO
OOOCC(O)(C)COC
OOOCC(O)(C)OCC
OOOCC(O)(O)C(C)C
OOOCC(O)(O)CCC
OOOCC(O)C(C)(C)O
OOOCC(O)C(C)CO
OOOCC(O)C(C)OC
OOOCC(O)C(O)CC
OOOCC(O)CC(C)O
OOOCC(O)CCCO
OOOCC(O)CCOC
OOOCC(O)COCC
OOOCC(O)OC(C)C
OOOCC(O)OCCC
OOOCC(OC)(C)OC
OOOCC(OC)CCO
OOOCC(OC)COC
OOOCC(OC)OCC
OOOCC(OO)CCC
OOOCCC(C)(C)OO
OOOCCC(C)C(O)O
OOOCCC(C)COO
OOOCCC(C)OCO
OOOCCC(C)OOC
OOOCCC(CC)OO
OOOCCC(CO)CO
OOOCCC(CO)OC
OOOCCC(O)(C)CO
OOOCCC(O)(C)OC
OOOCCC(O)(O)CC
OOOCCC(O)C(C)O
OOOCCC(O)CCO
OOOCCC(O)COC
OOOCCC(O)OCC
OOOCCC(OC)OC
OOOCCCC(C)OO
OOOCCCC(O)(C)O
OOOCCCC(O)CO
OOOCCCC(O)OC
OOOCCCCC(O)O
OOOCCCCCOO
OOOCCCCOCO
OOOCCCCOOC
OOOCCCOC(C)O
OOOCCCOCCO
OOOCCCOCOC
OOOCCCOOCC
OOOCCOC(C)(C)O
OOOCCOC(C)CO
OOOCCOC(C)OC
OOOCCOC(O)CC
OOOCCOCC(C)O
OOOCCOCCCO
OOOCCOCCOC
OOOCCOCOCC
OOOCCOOC(C)C
OOOCCOOCCC
OOOCOC(C)(C)CO
OOOCOC(C)(C)OC
OOOCOC(C)C(C)O
OOOCOC(C)CCO
OOOCOC(C)COC
OOOCOC(C)OCC
OOOCOC(CC)CO
OOOCOC(CC)OC
OOOCOC(O)(C)CC
OOOCOC(O)C(C)C
OOOCOC(O)CCC
OOOCOCC(C)(C)O
OOOCOCC(C)CO
OOOCOCC(C)OC
OOOCOCC(O)CC
OOOCOCCC(C)O
OOOCOCCCCO
OOOCOCCCOC
OOOCOCCOCC
OOOCOCOC(C)C
OOOCOCOCCC
OOOCOOC(C)(C)C
OOOCOOC(C)CC
OOOCOOCC(C)C
OOOCOOCCCC
OOOOC(C(C)C)OC
OOOOC(C)(C)C(C)O
OOOOC(C)(C)CCO
OOOOC(C)(C)COC
OOOOC(C)(C)OCC
OOOOC(C)C(C)(C)O
OOOOC(C)C(C)CO
OOOOC(C)C(C)OC
OOOOC(C)C(O)CC
OOOOC(C)CC(C)O
OOOOC(C)CCCO
OOOOC(C)CCOC
OOOOC(C)COCC
OOOOC(C)OC(C)C
OOOOC(C)OCCC
OOOOC(CC)(C)CO
OOOOC(CC)(C)OC
OOOOC(CC)(O)CC
OOOOC(CC)C(C)O
OOOOC(CC)CCO
OOOOC(CC)COC
OOOOC(CC)OCC
OOOOC(CO)C(C)C
OOOOC(CO)CCC
OOOOC(O)(C)C(C)C
OOOOC(O)(C)CCC
OOOOC(O)C(C)(C)C
OOOOC(O)C(C)CC
OOOOC(O)CC(C)C
OOOOC(O)CCCC
OOOOC(OC)CCC
OOOOCC(C)(C)CO
OOOOCC(C)(C)OC
OOOOCC(C)C(C)O
OOOOCC(C)CCO
OOOOCC(C)COC
OOOOCC(C)OCC
OOOOCC(CC)CO
OOOOCC(CC)OC
OOOOCC(O)(C)CC
OOOOCC(O)C(C)C
OOOOCC(O)CCC
OOOOCCC(C)(C)O
OOOOCCC(C)CO
OOOOCCC(C)OC
OOOOCCC(O)CC
OOOOCCCC(C)O
OOOOCCCCCO
OOOOCCCCOC
OOOOCCCOCC
OOOOCCOC(C)C
OOOOCCOCCC
OOOOCOC(C)(C)C
OOOOCOC(C)CC
OOOOCOCC(C)C
OOOOCOCCCC
OOOOOC(C)(C)CC
OOOOOC(C)C(C)C
OOOOOC(C)CCC
OOOOOC(CC)CC
OOOOOCC(C)(C)C
OOOOOCC(C)CC
OOOOOCCC(C)C
OOOOOCCCCC
