CCC(Cl)(Cl)C(Cl)(Cl)CC
ClC(C)(C)C(CCl)(Cl)CCl
ClC(C)(C)C(CCl)C(Cl)Cl
ClC(C)(C)C(Cl)(C)C(Cl)Cl
ClC(C)(C)C(Cl)(Cl)C(C)Cl
ClC(C)(C)C(Cl)(Cl)CCCl
ClC(C)(C)C(Cl)C(Cl)CCl
ClC(C)(C)C(Cl)CC(Cl)Cl
ClC(C)(C)CC(Cl)(Cl)CCl
ClC(C)(C)CC(Cl)C(Cl)Cl
ClC(C)C(C)C(Cl)(Cl)CCl
ClC(C)C(CCl)(CCl)CCl
ClC(C)C(CCl)(Cl)C(Cl)C
ClC(C)C(CCl)(Cl)CCCl
ClC(C)C(CCl)C(Cl)CCl
ClC(C)C(Cl)(C)C(Cl)CCl
ClC(C)C(Cl)(Cl)C(C)CCl
ClC(C)C(Cl)(Cl)C(Cl)CC
ClC(C)C(Cl)(Cl)CC(C)Cl
ClC(C)C(Cl)(Cl)CCCCl
ClC(C)C(Cl)C(CCl)CCl
ClC(C)C(Cl)C(Cl)(C)CCl
ClC(C)C(Cl)C(Cl)(Cl)CC
ClC(C)C(Cl)C(Cl)C(Cl)C
ClC(C)C(Cl)C(Cl)CCCl
ClC(C)C(Cl)CC(Cl)CCl
ClC(C)CC(CCl)(Cl)CCl
ClC(C)CC(Cl)(Cl)CCCl
ClC(C)CC(Cl)C(Cl)CCl
ClC(C)CCC(Cl)(Cl)CCl
ClC(Cl)(C)C(C)(C)C(Cl)Cl
ClC(Cl)(C)C(C)C(Cl)(Cl)C
ClC(Cl)(C)C(C)C(Cl)CCl
ClC(Cl)(C)C(C)CC(Cl)Cl
ClC(Cl)(C)C(CC)(Cl)CCl
ClC(Cl)(C)C(CC)C(Cl)Cl
ClC(Cl)(C)C(CCl)(C)CCl
ClC(Cl)(C)C(CCl)C(C)Cl
ClC(Cl)(C)C(CCl)CCCl
ClC(Cl)(C)C(Cl)(C)C(C)Cl
ClC(Cl)(C)C(Cl)(C)CCCl
ClC(Cl)(C)C(Cl)(Cl)C(C)C
ClC(Cl)(C)C(Cl)(Cl)CCC
ClC(Cl)(C)C(Cl)C(C)(C)Cl
ClC(Cl)(C)C(Cl)C(C)CCl
ClC(Cl)(C)C(Cl)C(Cl)CC
ClC(Cl)(C)C(Cl)CC(C)Cl
ClC(Cl)(C)C(Cl)CCCCl
ClC(Cl)(C)CC(C)C(Cl)Cl
ClC(Cl)(C)CC(CCl)CCl
ClC(Cl)(C)CC(Cl)(C)CCl
ClC(Cl)(C)CC(Cl)(Cl)CC
ClC(Cl)(C)CC(Cl)C(C)Cl
ClC(Cl)(C)CC(Cl)CCCl
ClC(Cl)(C)CCC(Cl)(Cl)C
ClC(Cl)(C)CCC(Cl)CCl
ClC(Cl)(C)CCCC(Cl)Cl
ClC(Cl)(Cl)C(C)(C)C(C)Cl
ClC(Cl)(Cl)C(C)(C)CCCl
ClC(Cl)(Cl)C(C)C(C)(C)Cl
ClC(Cl)(Cl)C(C)C(C)CCl
ClC(Cl)(Cl)C(C)C(Cl)CC
ClC(Cl)(Cl)C(C)CC(C)Cl
ClC(Cl)(Cl)C(C)CCCCl
ClC(Cl)(Cl)C(CC)(C)CCl
ClC(Cl)(Cl)C(CC)(Cl)CC
ClC(Cl)(Cl)C(CC)C(C)Cl
ClC(Cl)(Cl)C(CC)CCCl
ClC(Cl)(Cl)C(CCl)C(C)C
ClC(Cl)(Cl)C(CCl)CCC
ClC(Cl)(Cl)C(Cl)(C)C(C)C
ClC(Cl)(Cl)C(Cl)(C)CCC
ClC(Cl)(Cl)C(Cl)C(C)(C)C
ClC(Cl)(Cl)C(Cl)C(C)CC
ClC(Cl)(Cl)C(Cl)CC(C)C
ClC(Cl)(Cl)C(Cl)CCCC
ClC(Cl)(Cl)CC(C)(C)CCl
ClC(Cl)(Cl)CC(C)C(C)Cl
ClC(Cl)(Cl)CC(C)CCCl
ClC(Cl)(Cl)CC(CC)CCl
ClC(Cl)(Cl)CC(Cl)(C)CC
ClC(Cl)(Cl)CC(Cl)C(C)C
ClC(Cl)(Cl)CC(Cl)CCC
ClC(Cl)(Cl)CCC(C)(C)Cl
ClC(Cl)(Cl)CCC(C)CCl
ClC(Cl)(Cl)CCC(Cl)CC
ClC(Cl)(Cl)CCCC(C)Cl
ClC(Cl)(Cl)CCCCCCl
ClC(Cl)C(C(C)C)C(Cl)Cl
ClC(Cl)C(C(C)Cl)C(Cl)C
ClC(Cl)C(C(C)Cl)CCCl
ClC(Cl)C(C(Cl)Cl)CCC
ClC(Cl)C(C)(C)C(Cl)CCl
ClC(Cl)C(C)(C)CC(Cl)Cl
ClC(Cl)C(C)C(C)C(Cl)Cl
ClC(Cl)C(C)C(CCl)CCl
ClC(Cl)C(C)C(Cl)(C)CCl
ClC(Cl)C(C)C(Cl)(Cl)CC
ClC(Cl)C(C)C(Cl)C(C)Cl
ClC(Cl)C(C)C(Cl)CCCl
ClC(Cl)C(C)CC(Cl)CCl
ClC(Cl)C(C)CCC(Cl)Cl
ClC(Cl)C(CC)(C)C(Cl)Cl
ClC(Cl)C(CC)(Cl)C(C)Cl
ClC(Cl)C(CC)(Cl)CCCl
ClC(Cl)C(CC)C(Cl)CCl
ClC(Cl)C(CC)CC(Cl)Cl
ClC(Cl)C(CCl)(C)C(C)Cl
ClC(Cl)C(CCl)(C)CCCl
ClC(Cl)C(CCl)(CC)CCl
ClC(Cl)C(CCl)(Cl)C(C)C
ClC(Cl)C(CCl)(Cl)CCC
ClC(Cl)C(CCl)C(C)CCl
ClC(Cl)C(CCl)C(Cl)CC
ClC(Cl)C(CCl)CC(C)Cl
ClC(Cl)C(CCl)CCCCl
ClC(Cl)C(Cl)(C)C(C)CCl
ClC(Cl)C(Cl)(C)C(Cl)CC
ClC(Cl)C(Cl)(C)CC(C)Cl
ClC(Cl)C(Cl)(C)CCCCl
ClC(Cl)C(Cl)(Cl)C(C)(C)C
ClC(Cl)C(Cl)(Cl)C(C)CC
ClC(Cl)C(Cl)(Cl)CC(C)C
ClC(Cl)C(Cl)(Cl)CCCC
ClC(Cl)C(Cl)C(C)(C)CCl
ClC(Cl)C(Cl)C(C)C(C)Cl
ClC(Cl)C(Cl)C(C)CCCl
ClC(Cl)C(Cl)C(CC)CCl
ClC(Cl)C(Cl)C(Cl)(C)CC
ClC(Cl)C(Cl)C(Cl)C(C)C
ClC(Cl)C(Cl)C(Cl)CCC
ClC(Cl)C(Cl)CC(C)CCl
ClC(Cl)C(Cl)CC(Cl)CC
ClC(Cl)C(Cl)CCC(C)Cl
ClC(Cl)C(Cl)CCCCCl
ClC(Cl)CC(C)C(Cl)CCl
ClC(Cl)CC(C)CC(Cl)Cl
ClC(Cl)CC(CC)(Cl)CCl
ClC(Cl)CC(CCl)(C)CCl
ClC(Cl)CC(CCl)C(C)Cl
ClC(Cl)CC(CCl)CCCl
ClC(Cl)CC(Cl)(C)C(C)Cl
ClC(Cl)CC(Cl)(C)CCCl
ClC(Cl)CC(Cl)(Cl)C(C)C
ClC(Cl)CC(Cl)(Cl)CCC
ClC(Cl)CC(Cl)C(C)CCl
ClC(Cl)CC(Cl)C(Cl)CC
ClC(Cl)CC(Cl)CC(C)Cl
ClC(Cl)CC(Cl)CCCCl
ClC(Cl)CCC(CCl)CCl
ClC(Cl)CCC(Cl)(C)CCl
ClC(Cl)CCC(Cl)(Cl)CC
ClC(Cl)CCC(Cl)C(C)Cl
ClC(Cl)CCC(Cl)CCCl
ClC(Cl)CCCC(Cl)CCl
ClC(Cl)CCCCC(Cl)Cl
ClCC(C)C(Cl)(Cl)CCCl
ClCC(CC)(Cl)C(Cl)CCl
ClCC(CCl)(C)C(Cl)CCl
ClCC(CCl)(CCl)CCCl
ClCC(CCl)(Cl)C(C)CCl
ClCC(CCl)(Cl)C(Cl)CC
ClCC(CCl)(Cl)CCCCl
ClCC(CCl)C(CCl)CCl
ClCC(CCl)C(Cl)(Cl)CC
ClCC(CCl)C(Cl)CCCl
ClCC(CCl)CC(Cl)CCl
ClCC(Cl)(C)C(CCl)CCl
ClCC(Cl)(C)C(Cl)(C)CCl
ClCC(Cl)(C)C(Cl)(Cl)CC
ClCC(Cl)(C)C(Cl)CCCl
ClCC(Cl)(C)CC(Cl)CCl
ClCC(Cl)(Cl)C(C)(C)CCl
ClCC(Cl)(Cl)C(C)CCCl
ClCC(Cl)(Cl)C(CC)CCl
ClCC(Cl)(Cl)C(Cl)(C)CC
ClCC(Cl)(Cl)C(Cl)C(C)C
ClCC(Cl)(Cl)C(Cl)CCC
ClCC(Cl)(Cl)CC(C)CCl
ClCC(Cl)(Cl)CC(Cl)CC
ClCC(Cl)(Cl)CCCCCl
ClCC(Cl)C(C)C(Cl)CCl
ClCC(Cl)C(CCl)CCCl
ClCC(Cl)C(Cl)(C)CCCl
ClCC(Cl)C(Cl)(Cl)C(C)C
ClCC(Cl)C(Cl)(Cl)CCC
ClCC(Cl)C(Cl)C(C)CCl
ClCC(Cl)C(Cl)C(Cl)CC
ClCC(Cl)C(Cl)CCCCl
ClCC(Cl)CC(Cl)(Cl)CC
ClCC(Cl)CC(Cl)CCCl
ClCC(Cl)CCC(Cl)CCl
ClCCC(C(Cl)Cl)CCCl
ClCCC(CCl)(Cl)CCCl
ClCCC(Cl)(Cl)C(Cl)CC
ClCCC(Cl)(Cl)CCCCl
ClCCC(Cl)C(Cl)(Cl)CC
ClCCC(Cl)C(Cl)CCCl
