CC(C)(C)OOOOCC
CC(C)C(O)(O)OOCC
CC(C)C(O)OOOCC
CC(C)COOOOCC
CC(C)OC(O)(O)OCC
CC(C)OC(O)OOCC
CC(C)OC(OO)OCC
CC(C)OCOOOCC
CC(C)OOC(O)(O)CC
CC(C)OOC(O)OCC
CC(C)OOCOOCC
CC(C)OOOC(O)CC
CC(C)OOOCOCC
CC(C)OOOOC(C)C
CC(C)OOOOCCC
CCC(O)(O)C(O)(O)CC
CCC(O)(O)OC(O)CC
CCC(O)(O)OOCCC
CCC(O)OOC(O)CC
CCC(O)OOOCCC
CCCOOOOCCC
CCOC(C(O)O)OCC
CCOC(CO)(O)OCC
CCOC(O)(O)C(O)CC
CCOC(O)(O)COCC
CCOC(O)(O)OCCC
CCOC(O)C(O)(O)CC
CCOC(O)C(O)OCC
CCOC(O)OC(O)CC
CCOC(O)OCOCC
CCOC(O)OOCCC
CCOC(OC)(O)OCC
CCOC(OO)(C)OCC
CCOC(OO)(O)CCC
CCOC(OO)C(O)CC
CCOC(OO)COCC
CCOC(OO)OCCC
CCOCOC(O)(O)CC
CCOCOOC(O)CC
CCOCOOCOCC
CCOCOOOCCC
CCOOC(C)OOCC
CCOOC(CO)OCC
CCOOC(O)(C)OCC
CCOOC(O)(O)CCC
CCOOC(O)C(O)CC
CCOOC(O)COCC
CCOOC(O)OCCC
CCOOC(OC)OCC
CCOOC(OO)CCC
CCOOCC(O)(O)CC
CCOOCC(O)OCC
CCOOCCOOCC
CCOOCOC(O)CC
CCOOCOCOCC
CCOOCOOCCC
CCOOOC(C)OCC
CCOOOC(O)(C)CC
CCOOOC(O)CCC
CCOOOCC(O)CC
CCOOOCCOCC
CCOOOCOCCC
CCOOOOC(C)CC
CCOOOOCCCC
COC(C)(C)OC(O)OC
COC(C)(C)OOCOC
COC(C)(C)OOOCC
COC(C)C(O)(O)COC
COC(C)C(O)(O)OCC
COC(C)C(O)OCOC
COC(C)C(O)OOCC
COC(C)C(OO)COC
COC(C)C(OO)OCC
COC(C)COOCOC
COC(C)COOOCC
COC(C)OC(O)(O)CC
COC(C)OC(O)COC
COC(C)OC(O)OCC
COC(C)OCOCOC
COC(C)OCOOCC
COC(C)OOC(C)OC
COC(C)OOC(O)CC
COC(C)OOCCOC
COC(C)OOCOCC
COC(C)OOOC(C)C
COC(C)OOOCCC
COC(CC)(O)C(O)OC
COC(CC)(O)OCOC
COC(CC)(O)OOCC
COC(CC)OC(O)OC
COC(CC)OOCOC
COC(CC)OOOCC
COC(O)(C)C(O)(C)OC
COC(O)(C)C(O)(O)CC
COC(O)(C)C(O)COC
COC(O)(C)C(O)OCC
COC(O)(C)C(OC)OC
COC(O)(C)CC(O)OC
COC(O)(C)COCOC
COC(O)(C)COOCC
COC(O)(C)OC(C)OC
COC(O)(C)OC(O)CC
COC(O)(C)OCCOC
COC(O)(C)OCOCC
COC(O)(C)OOC(C)C
COC(O)(C)OOCCC
COC(O)(O)C(C)(C)OC
COC(O)(O)C(C)COC
COC(O)(O)C(C)OCC
COC(O)(O)C(CC)OC
COC(O)(O)C(O)(C)CC
COC(O)(O)C(O)C(C)C
COC(O)(O)C(O)CCC
COC(O)(O)CC(C)OC
COC(O)(O)CC(O)CC
COC(O)(O)CCCOC
COC(O)(O)CCOCC
COC(O)(O)COC(C)C
COC(O)(O)COCCC
COC(O)(O)OC(C)(C)C
COC(O)(O)OC(C)CC
COC(O)(O)OCC(C)C
COC(O)(O)OCCCC
COC(O)C(C)C(O)OC
COC(O)C(C)OCOC
COC(O)C(C)OOCC
COC(O)C(CO)COC
COC(O)C(CO)OCC
COC(O)C(O)(C)COC
COC(O)C(O)(C)OCC
COC(O)C(O)(O)C(C)C
COC(O)C(O)(O)CCC
COC(O)C(O)C(C)OC
COC(O)C(O)C(O)CC
COC(O)C(O)CCOC
COC(O)C(O)COCC
COC(O)C(O)OC(C)C
COC(O)C(O)OCCC
COC(O)C(OC)COC
COC(O)C(OC)OCC
COC(O)C(OO)CCC
COC(O)CC(O)(O)CC
COC(O)CC(O)COC
COC(O)CC(O)OCC
COC(O)CCC(O)OC
COC(O)CCOCOC
COC(O)CCOOCC
COC(O)COC(C)OC
COC(O)COC(O)CC
COC(O)COCCOC
COC(O)COCOCC
COC(O)COOC(C)C
COC(O)COOCCC
COC(O)OC(C)COC
COC(O)OC(C)OCC
COC(O)OC(O)(C)CC
COC(O)OC(O)C(C)C
COC(O)OC(O)CCC
COC(O)OCC(C)OC
COC(O)OCC(O)CC
COC(O)OCCCOC
COC(O)OCCOCC
COC(O)OCOC(C)C
COC(O)OCOCCC
COC(O)OOC(C)(C)C
COC(O)OOC(C)CC
COC(O)OOCC(C)C
COC(O)OOCCCC
COC(OC)(C)C(O)OC
COC(OC)(C)OCOC
COC(OC)(C)OOCC
COC(OC)(O)C(C)OC
COC(OC)(O)C(O)CC
COC(OC)(O)CCOC
COC(OC)(O)COCC
COC(OC)(O)OC(C)C
COC(OC)(O)OCCC
COC(OC)(OC)COC
COC(OC)(OC)OCC
COC(OC)C(O)(O)CC
COC(OC)C(O)COC
COC(OC)C(O)OCC
COC(OC)C(OC)OC
COC(OC)CC(O)OC
COC(OC)COCOC
COC(OC)COOCC
COC(OC)OC(C)OC
COC(OC)OC(O)CC
COC(OC)OCCOC
COC(OC)OCOCC
COC(OC)OOC(C)C
COC(OC)OOCCC
COCC(C(O)O)COC
COCC(C(O)O)OCC
COCC(C)OOOCC
COCC(CO)(O)COC
COCC(CO)(O)OCC
COCC(CO)OOCC
COCC(O)(C)OOCC
COCC(O)(O)C(O)CC
COCC(O)(O)CCOC
COCC(O)(O)COCC
COCC(O)(O)OC(C)C
COCC(O)(O)OCCC
COCC(O)C(O)(O)CC
COCC(O)C(O)COC
COCC(O)C(O)OCC
COCC(O)COOCC
COCC(O)OC(O)CC
COCC(O)OCCOC
COCC(O)OCOCC
COCC(O)OOC(C)C
COCC(O)OOCCC
COCC(OC)(O)COC
COCC(OC)(O)OCC
COCC(OC)OOCC
COCC(OO)(C)COC
COCC(OO)(C)OCC
COCC(OO)(O)CCC
COCC(OO)C(O)CC
COCC(OO)CCOC
COCC(OO)COCC
COCC(OO)OC(C)C
COCC(OO)OCCC
COCCC(O)(O)OCC
COCCC(O)OOCC
COCCC(OO)OCC
COCCCOOOCC
COCCOC(O)(O)CC
COCCOC(O)OCC
COCCOCOOCC
COCCOOC(O)CC
COCCOOCCOC
COCCOOCOCC
COCCOOOC(C)C
COCCOOOCCC
COCOC(C)OCOC
COCOC(C)OOCC
COCOC(CO)COC
COCOC(CO)OCC
COCOC(O)(C)COC
COCOC(O)(C)OCC
COCOC(O)(O)C(C)C
COCOC(O)(O)CCC
COCOC(O)C(O)CC
COCOC(O)CCOC
COCOC(O)COCC
COCOC(O)OC(C)C
COCOC(O)OCCC
COCOC(OC)COC
COCOC(OC)OCC
COCOC(OO)CCC
COCOCC(O)(O)CC
COCOCC(O)COC
COCOCC(O)OCC
COCOCCOCOC
COCOCCOOCC
COCOCOC(O)CC
COCOCOCCOC
COCOCOCOCC
COCOCOOC(C)C
COCOCOOCCC
COCOOC(C)COC
COCOOC(C)OCC
COCOOC(O)(C)CC
COCOOC(O)C(C)C
COCOOC(O)CCC
COCOOCC(O)CC
COCOOCCCOC
COCOOCCOCC
COCOOCOC(C)C
COCOOCOCCC
COCOOOC(C)(C)C
COCOOOC(C)CC
COCOOOCC(C)C
COCOOOCCCC
COOC(C(C)C)(O)OC
COOC(C(C)C)OOC
COOC(C(C)O)COC
COOC(C(C)O)OCC
COOC(C(O)O)CCC
COOC(C)(C)C(O)OC
COOC(C)(C)COOC
COOC(C)(C)OCOC
COOC(C)(C)OOCC
COOC(C)C(C)OOC
COOC(C)C(O)(C)OC
COOC(C)C(O)(O)CC
COOC(C)C(O)COC
COOC(C)C(O)OCC
COOC(C)C(OC)OC
COOC(C)CC(O)OC
COOC(C)CCOOC
COOC(C)COCOC
COOC(C)COOCC
COOC(C)OC(C)OC
COOC(C)OC(O)CC
COOC(C)OCCOC
COOC(C)OCOCC
COOC(C)OOC(C)C
COOC(C)OOCCC
COOC(CC)(C)OOC
COOC(CC)(O)COC
COOC(CC)(O)OCC
COOC(CC)C(O)OC
COOC(CC)COOC
COOC(CC)OCOC
COOC(CC)OOCC
COOC(CCC)OOC
COOC(CO)(C)COC
COOC(CO)(C)OCC
COOC(CO)(O)CCC
COOC(CO)C(C)OC
COOC(CO)C(O)CC
COOC(CO)CCOC
COOC(CO)COCC
COOC(CO)OC(C)C
COOC(CO)OCCC
COOC(COC)COC
COOC(COC)OCC
COOC(O)(C)C(C)OC
COOC(O)(C)C(O)CC
COOC(O)(C)CCOC
COOC(O)(C)COCC
COOC(O)(C)OC(C)C
COOC(O)(C)OCCC
COOC(O)(O)C(C)(C)C
COOC(O)(O)C(C)CC
COOC(O)(O)CC(C)C
COOC(O)(O)CCCC
COOC(O)C(C)(C)OC
COOC(O)C(C)COC
COOC(O)C(C)OCC
COOC(O)C(CC)OC
COOC(O)C(O)(C)CC
COOC(O)C(O)C(C)C
COOC(O)C(O)CCC
COOC(O)CC(C)OC
COOC(O)CC(O)CC
COOC(O)CCCOC
COOC(O)CCOCC
COOC(O)COC(C)C
COOC(O)COCCC
COOC(O)OC(C)(C)C
COOC(O)OC(C)CC
COOC(O)OCC(C)C
COOC(O)OCCCC
COOC(OC)(C)COC
COOC(OC)(C)OCC
COOC(OC)(CC)OC
COOC(OC)(O)CCC
COOC(OC)C(C)OC
COOC(OC)C(O)CC
COOC(OC)CCOC
COOC(OC)COCC
COOC(OC)OC(C)C
COOC(OC)OCCC
COOC(OCC)OCC
COOC(OO)(C)CCC
COOC(OO)C(C)CC
COOC(OO)CC(C)C
COOC(OO)CCCC
COOCC(C)C(O)OC
COOCC(C)COOC
COOCC(C)OCOC
COOCC(C)OOCC
COOCC(CC)(O)OC
COOCC(CO)COC
COOCC(CO)OCC
COOCC(O)(C)COC
COOCC(O)(C)OCC
COOCC(O)(O)C(C)C
COOCC(O)(O)CCC
COOCC(O)C(C)OC
COOCC(O)C(O)CC
COOCC(O)CCOC
COOCC(O)COCC
COOCC(O)OC(C)C
COOCC(O)OCCC
COOCC(OC)(C)OC
COOCC(OC)COC
COOCC(OC)OCC
COOCC(OO)CCC
COOCCC(O)(C)OC
COOCCC(O)(O)CC
COOCCC(O)COC
COOCCC(O)OCC
COOCCC(OC)OC
COOCCCC(O)OC
COOCCCCOOC
COOCCCOCOC
COOCCCOOCC
COOCCOC(C)OC
COOCCOC(O)CC
COOCCOCCOC
COOCCOCOCC
COOCCOOC(C)C
COOCCOOCCC
COOCOC(C)(C)OC
COOCOC(C)COC
COOCOC(C)OCC
COOCOC(CC)OC
COOCOC(O)(C)CC
COOCOC(O)C(C)C
COOCOC(O)CCC
COOCOCC(C)OC
COOCOCC(O)CC
COOCOCCCOC
COOCOCCOCC
COOCOCOC(C)C
COOCOCOCCC
COOCOOC(C)(C)C
COOCOOC(C)CC
COOCOOCC(C)C
COOCOOCCCC
COOOC(C(C)C)OC
COOOC(C)(C)COC
COOOC(C)(C)OCC
COOOC(C)C(C)OC
COOOC(C)C(O)CC
COOOC(C)CCOC
COOOC(C)COCC
COOOC(C)OC(C)C
COOOC(C)OCCC
COOOC(CC)(C)OC
COOOC(CC)(O)CC
COOOC(CC)COC
COOOC(CC)OCC
COOOC(CO)CCC
COOOC(O)(C)C(C)C
COOOC(O)(C)CCC
COOOC(O)C(C)(C)C
COOOC(O)C(C)CC
COOOC(O)CC(C)C
COOOC(O)CCCC
COOOC(OC)CCC
COOOCC(C)(C)OC
COOOCC(C)COC
COOOCC(C)OCC
COOOCC(CC)OC
COOOCC(O)(C)CC
COOOCC(O)C(C)C
COOOCC(O)CCC
COOOCCC(C)OC
COOOCCC(O)CC
COOOCCCCOC
COOOCCCOCC
COOOCCOC(C)C
COOOCCOCCC
COOOCOC(C)(C)C
COOOCOC(C)CC
COOOCOCC(C)C
COOOCOCCCC
COOOOC(C)(C)CC
COOOOC(C)C(C)C
COOOOC(C)CCC
COOOOC(CC)CC
COOOOCC(C)(C)C
COOOOCC(C)CC
COOOOCCC(C)C
COOOOCCCCC
OC(C)(C)C(C(O)O)OC
OC(C)(C)C(C)OC(O)O
OC(C)(C)C(C)OOCO
OC(C)(C)C(C)OOOC
OC(C)(C)C(CO)(O)CO
OC(C)(C)C(CO)(O)OC
OC(C)(C)C(CO)C(O)O
OC(C)(C)C(CO)OCO
OC(C)(C)C(CO)OOC
OC(C)(C)C(O)(C)C(O)O
OC(C)(C)C(O)(C)OCO
OC(C)(C)C(O)(C)OOC
OC(C)(C)C(O)(O)C(C)O
OC(C)(C)C(O)(O)CCO
OC(C)(C)C(O)(O)COC
OC(C)(C)C(O)(O)OCC
OC(C)(C)C(O)C(O)CO
OC(C)(C)C(O)C(O)OC
OC(C)(C)C(O)CC(O)O
OC(C)(C)C(O)COCO
OC(C)(C)C(O)COOC
OC(C)(C)C(O)OC(C)O
OC(C)(C)C(O)OCCO
OC(C)(C)C(O)OCOC
OC(C)(C)C(O)OOCC
OC(C)(C)C(OC)(O)OC
OC(C)(C)C(OC)OCO
OC(C)(C)C(OC)OOC
OC(C)(C)CC(O)(O)CO
OC(C)(C)CC(O)(O)OC
OC(C)(C)CC(O)C(O)O
OC(C)(C)CC(O)OCO
OC(C)(C)CC(O)OOC
OC(C)(C)CCOC(O)O
OC(C)(C)CCOOCO
OC(C)(C)CCOOOC
OC(C)(C)COC(O)CO
OC(C)(C)COC(O)OC
OC(C)(C)COCC(O)O
OC(C)(C)COCOCO
OC(C)(C)COCOOC
OC(C)(C)COOC(C)O
OC(C)(C)COOCCO
OC(C)(C)COOCOC
OC(C)(C)COOOCC
OC(C)(C)OC(C)C(O)O
OC(C)(C)OC(C)OCO
OC(C)(C)OC(C)OOC
OC(C)(C)OC(CO)CO
OC(C)(C)OC(CO)OC
OC(C)(C)OC(O)(C)CO
OC(C)(C)OC(O)(C)OC
OC(C)(C)OC(O)(O)CC
OC(C)(C)OC(O)C(C)O
OC(C)(C)OC(O)CCO
OC(C)(C)OC(O)COC
OC(C)(C)OC(O)OCC
OC(C)(C)OC(OC)OC
OC(C)(C)OCC(O)CO
OC(C)(C)OCC(O)OC
OC(C)(C)OCCC(O)O
OC(C)(C)OCCOCO
OC(C)(C)OCCOOC
OC(C)(C)OCOC(C)O
OC(C)(C)OCOCCO
OC(C)(C)OCOCOC
OC(C)(C)OCOOCC
OC(C)(C)OOC(C)CO
OC(C)(C)OOC(C)OC
OC(C)(C)OOC(O)(C)C
OC(C)(C)OOC(O)CC
OC(C)(C)OOCC(C)O
OC(C)(C)OOCCCO
OC(C)(C)OOCCOC
OC(C)(C)OOCOCC
OC(C)(C)OOOC(C)C
OC(C)(C)OOOCCC
OC(C)C(C(C)O)(O)OC
OC(C)C(C(C)O)OCO
OC(C)C(C(C)O)OOC
OC(C)C(C)(C)OOCO
OC(C)C(C)(C)OOOC
OC(C)C(C)C(O)(O)CO
OC(C)C(C)C(O)(O)OC
OC(C)C(C)C(O)OCO
OC(C)C(C)C(O)OOC
OC(C)C(C)COOCO
OC(C)C(C)COOOC
OC(C)C(C)OC(O)CO
OC(C)C(C)OC(O)OC
OC(C)C(C)OCOCO
OC(C)C(C)OCOOC
OC(C)C(C)OOCCO
OC(C)C(C)OOCOC
OC(C)C(C)OOOCC
OC(C)C(CC)(O)OCO
OC(C)C(CC)(O)OOC
OC(C)C(CC)OOCO
OC(C)C(CC)OOOC
OC(C)C(CO)(C)OCO
OC(C)C(CO)(C)OOC
OC(C)C(CO)(CO)CO
OC(C)C(CO)(CO)OC
OC(C)C(CO)(O)C(O)C
OC(C)C(CO)(O)CCO
OC(C)C(CO)(O)COC
OC(C)C(CO)(O)OCC
OC(C)C(CO)C(O)CO
OC(C)C(CO)C(O)OC
OC(C)C(CO)COCO
OC(C)C(CO)COOC
OC(C)C(CO)OCCO
OC(C)C(CO)OCOC
OC(C)C(CO)OOCC
OC(C)C(O)(C)C(O)CO
OC(C)C(O)(C)C(O)OC
OC(C)C(O)(C)COCO
OC(C)C(O)(C)COOC
OC(C)C(O)(C)OCCO
OC(C)C(O)(C)OCOC
OC(C)C(O)(C)OOCC
OC(C)C(O)(O)C(C)CO
OC(C)C(O)(O)C(C)OC
OC(C)C(O)(O)C(O)CC
OC(C)C(O)(O)CC(C)O
OC(C)C(O)(O)CCCO
OC(C)C(O)(O)CCOC
OC(C)C(O)(O)COCC
OC(C)C(O)(O)OC(C)C
OC(C)C(O)(O)OCCC
OC(C)C(O)C(C)OCO
OC(C)C(O)C(C)OOC
OC(C)C(O)C(CO)CO
OC(C)C(O)C(CO)OC
OC(C)C(O)C(O)(C)CO
OC(C)C(O)C(O)(C)OC
OC(C)C(O)C(O)(O)CC
OC(C)C(O)C(O)C(O)C
OC(C)C(O)C(O)CCO
OC(C)C(O)C(O)COC
OC(C)C(O)C(O)OCC
OC(C)C(O)C(OC)OC
OC(C)C(O)CC(O)CO
OC(C)C(O)CC(O)OC
OC(C)C(O)CCOCO
OC(C)C(O)CCOOC
OC(C)C(O)COCCO
OC(C)C(O)COCOC
OC(C)C(O)COOCC
OC(C)C(O)OC(C)CO
OC(C)C(O)OC(C)OC
OC(C)C(O)OC(O)CC
OC(C)C(O)OCC(C)O
OC(C)C(O)OCCCO
OC(C)C(O)OCCOC
OC(C)C(O)OCOCC
OC(C)C(O)OOC(C)C
OC(C)C(O)OOCCC
OC(C)C(OC)(C)OCO
OC(C)C(OC)(C)OOC
OC(C)C(OC)(CO)OC
OC(C)C(OC)(O)CCO
OC(C)C(OC)(O)COC
OC(C)C(OC)(O)OCC
OC(C)C(OC)(OC)OC
OC(C)C(OC)C(O)CO
OC(C)C(OC)C(O)OC
OC(C)C(OC)COCO
OC(C)C(OC)COOC
OC(C)C(OC)OCCO
OC(C)C(OC)OCOC
OC(C)C(OC)OOCC
OC(C)CC(C)OOCO
OC(C)CC(C)OOOC
OC(C)CC(CO)(O)CO
OC(C)CC(CO)(O)OC
OC(C)CC(CO)OCO
OC(C)CC(CO)OOC
OC(C)CC(O)(C)OCO
OC(C)CC(O)(C)OOC
OC(C)CC(O)(O)CCO
OC(C)CC(O)(O)COC
OC(C)CC(O)(O)OCC
OC(C)CC(O)C(O)CO
OC(C)CC(O)C(O)OC
OC(C)CC(O)COCO
OC(C)CC(O)COOC
OC(C)CC(O)OCCO
OC(C)CC(O)OCOC
OC(C)CC(O)OOCC
OC(C)CC(OC)(O)OC
OC(C)CC(OC)OCO
OC(C)CC(OC)OOC
OC(C)CC(OO)CCO
OC(C)CC(OO)COC
OC(C)CC(OO)OCC
OC(C)CCC(O)(O)CO
OC(C)CCC(O)(O)OC
OC(C)CCC(O)OCO
OC(C)CCC(O)OOC
OC(C)CCCOOCO
OC(C)CCCOOOC
OC(C)CCOC(O)CO
OC(C)CCOC(O)OC
OC(C)CCOCOCO
OC(C)CCOCOOC
OC(C)CCOOCCO
OC(C)CCOOCOC
OC(C)CCOOOCC
OC(C)COC(C)OCO
OC(C)COC(C)OOC
OC(C)COC(CO)CO
OC(C)COC(CO)OC
OC(C)COC(O)(C)CO
OC(C)COC(O)(C)OC
OC(C)COC(O)(O)CC
OC(C)COC(O)CCO
OC(C)COC(O)COC
OC(C)COC(O)OCC
OC(C)COC(OC)OC
OC(C)COCC(O)CO
OC(C)COCC(O)OC
OC(C)COCCOCO
OC(C)COCCOOC
OC(C)COCOCCO
OC(C)COCOCOC
OC(C)COCOOCC
OC(C)COOC(C)CO
OC(C)COOC(C)OC
OC(C)COOC(O)CC
OC(C)COOCC(O)C
OC(C)COOCCCO
OC(C)COOCCOC
OC(C)COOCOCC
OC(C)COOOC(C)C
OC(C)COOOCCC
OC(C)OC(C(C)O)OC
OC(C)OC(C)(C)OCO
OC(C)OC(C)(C)OOC
OC(C)OC(C)C(O)CO
OC(C)OC(C)C(O)OC
OC(C)OC(C)COCO
OC(C)OC(C)COOC
OC(C)OC(C)OC(O)C
OC(C)OC(C)OCCO
OC(C)OC(C)OCOC
OC(C)OC(C)OOCC
OC(C)OC(CC)(O)CO
OC(C)OC(CC)(O)OC
OC(C)OC(CC)OCO
OC(C)OC(CC)OOC
OC(C)OC(CO)(C)CO
OC(C)OC(CO)(C)OC
OC(C)OC(CO)C(C)O
OC(C)OC(CO)CCO
OC(C)OC(CO)COC
OC(C)OC(CO)OCC
OC(C)OC(O)(C)C(C)O
OC(C)OC(O)(C)CCO
OC(C)OC(O)(C)COC
OC(C)OC(O)(C)OCC
OC(C)OC(O)(O)C(C)C
OC(C)OC(O)(O)CCC
OC(C)OC(O)C(C)CO
OC(C)OC(O)C(C)OC
OC(C)OC(O)C(O)CC
OC(C)OC(O)CC(C)O
OC(C)OC(O)CCCO
OC(C)OC(O)CCOC
OC(C)OC(O)COCC
OC(C)OC(O)OC(C)C
OC(C)OC(O)OCCC
OC(C)OC(OC)(C)OC
OC(C)OC(OC)CCO
OC(C)OC(OC)COC
OC(C)OC(OC)OCC
OC(C)OC(OO)CCC
OC(C)OCC(C)OCO
OC(C)OCC(C)OOC
OC(C)OCC(CO)CO
OC(C)OCC(CO)OC
OC(C)OCC(O)(C)CO
OC(C)OCC(O)(C)OC
OC(C)OCC(O)(O)CC
OC(C)OCC(O)C(C)O
OC(C)OCC(O)CCO
OC(C)OCC(O)COC
OC(C)OCC(O)OCC
OC(C)OCC(OC)OC
OC(C)OCCC(O)CO
OC(C)OCCC(O)OC
OC(C)OCCCOCO
OC(C)OCCCOOC
OC(C)OCCOC(O)C
OC(C)OCCOCCO
OC(C)OCCOCOC
OC(C)OCCOOCC
OC(C)OCOC(C)CO
OC(C)OCOC(C)OC
OC(C)OCOC(O)CC
OC(C)OCOCC(C)O
OC(C)OCOCCCO
OC(C)OCOCCOC
OC(C)OCOCOCC
OC(C)OCOOC(C)C
OC(C)OCOOCCC
OC(C)OOC(C)(C)CO
OC(C)OOC(C)(C)OC
OC(C)OOC(C)C(C)O
OC(C)OOC(C)CCO
OC(C)OOC(C)COC
OC(C)OOC(C)OCC
OC(C)OOC(CC)CO
OC(C)OOC(CC)OC
OC(C)OOC(O)(C)CC
OC(C)OOC(O)C(C)C
OC(C)OOC(O)CCC
OC(C)OOCC(C)CO
OC(C)OOCC(C)OC
OC(C)OOCC(O)CC
OC(C)OOCCC(C)O
OC(C)OOCCCCO
OC(C)OOCCCOC
OC(C)OOCCOCC
OC(C)OOCOC(C)C
OC(C)OOCOCCC
OC(C)OOOC(C)(C)C
OC(C)OOOC(C)CC
OC(C)OOOCC(C)C
OC(C)OOOCCCC
OC(O)(C)C(C(C)O)OC
OC(O)(C)C(C)(C)C(O)O
OC(O)(C)C(C)(C)OCO
OC(O)(C)C(C)(C)OOC
OC(O)(C)C(C)C(O)(O)C
OC(O)(C)C(C)C(O)CO
OC(O)(C)C(C)C(O)OC
OC(O)(C)C(C)CC(O)O
OC(O)(C)C(C)COCO
OC(O)(C)C(C)COOC
OC(O)(C)C(C)OC(C)O
OC(O)(C)C(C)OCCO
OC(O)(C)C(C)OCOC
OC(O)(C)C(C)OOCC
OC(O)(C)C(CC)(O)CO
OC(O)(C)C(CC)(O)OC
OC(O)(C)C(CC)C(O)O
OC(O)(C)C(CC)OCO
OC(O)(C)C(CC)OOC
OC(O)(C)C(CO)(C)CO
OC(O)(C)C(CO)(C)OC
OC(O)(C)C(CO)C(C)O
OC(O)(C)C(CO)CCO
OC(O)(C)C(CO)COC
OC(O)(C)C(CO)OCC
OC(O)(C)C(O)(C)C(C)O
OC(O)(C)C(O)(C)CCO
OC(O)(C)C(O)(C)COC
OC(O)(C)C(O)(C)OCC
OC(O)(C)C(O)(O)C(C)C
OC(O)(C)C(O)(O)CCC
OC(O)(C)C(O)C(C)(C)O
OC(O)(C)C(O)C(C)CO
OC(O)(C)C(O)C(C)OC
OC(O)(C)C(O)C(O)CC
OC(O)(C)C(O)CC(C)O
OC(O)(C)C(O)CCCO
OC(O)(C)C(O)CCOC
OC(O)(C)C(O)COCC
OC(O)(C)C(O)OC(C)C
OC(O)(C)C(O)OCCC
OC(O)(C)C(OC)(C)OC
OC(O)(C)C(OC)CCO
OC(O)(C)C(OC)COC
OC(O)(C)C(OC)OCC
OC(O)(C)CC(C)C(O)O
OC(O)(C)CC(C)OCO
OC(O)(C)CC(C)OOC
OC(O)(C)CC(CO)CO
OC(O)(C)CC(CO)OC
OC(O)(C)CC(O)(C)CO
OC(O)(C)CC(O)(C)OC
OC(O)(C)CC(O)(O)CC
OC(O)(C)CC(O)C(C)O
OC(O)(C)CC(O)CCO
OC(O)(C)CC(O)COC
OC(O)(C)CC(O)OCC
OC(O)(C)CC(OC)OC
OC(O)(C)CCC(O)(O)C
OC(O)(C)CCC(O)CO
OC(O)(C)CCC(O)OC
OC(O)(C)CCCC(O)O
OC(O)(C)CCCOCO
OC(O)(C)CCCOOC
OC(O)(C)CCOC(C)O
OC(O)(C)CCOCCO
OC(O)(C)CCOCOC
OC(O)(C)CCOOCC
OC(O)(C)COC(C)(C)O
OC(O)(C)COC(C)CO
OC(O)(C)COC(C)OC
OC(O)(C)COC(O)CC
OC(O)(C)COCC(C)O
OC(O)(C)COCCCO
OC(O)(C)COCCOC
OC(O)(C)COCOCC
OC(O)(C)COOC(C)C
OC(O)(C)COOCCC
OC(O)(C)OC(C)(C)CO
OC(O)(C)OC(C)(C)OC
OC(O)(C)OC(C)C(C)O
OC(O)(C)OC(C)CCO
OC(O)(C)OC(C)COC
OC(O)(C)OC(C)OCC
OC(O)(C)OC(CC)CO
OC(O)(C)OC(CC)OC
OC(O)(C)OC(O)(C)CC
OC(O)(C)OC(O)C(C)C
OC(O)(C)OC(O)CCC
OC(O)(C)OCC(C)(C)O
OC(O)(C)OCC(C)CO
OC(O)(C)OCC(C)OC
OC(O)(C)OCC(O)CC
OC(O)(C)OCCC(C)O
OC(O)(C)OCCCCO
OC(O)(C)OCCCOC
OC(O)(C)OCCOCC
OC(O)(C)OCOC(C)C
OC(O)(C)OCOCCC
OC(O)(C)OOC(C)(C)C
OC(O)(C)OOC(C)CC
OC(O)(C)OOCC(C)C
OC(O)(C)OOCCCC
OC(O)(O)C(C(C)C)OC
OC(O)(O)C(C)(C)C(C)O
OC(O)(O)C(C)(C)CCO
OC(O)(O)C(C)(C)COC
OC(O)(O)C(C)(C)OCC
OC(O)(O)C(C)C(C)(C)O
OC(O)(O)C(C)C(C)CO
OC(O)(O)C(C)C(C)OC
OC(O)(O)C(C)C(O)CC
OC(O)(O)C(C)CC(C)O
OC(O)(O)C(C)CCCO
OC(O)(O)C(C)CCOC
OC(O)(O)C(C)COCC
OC(O)(O)C(C)OC(C)C
OC(O)(O)C(C)OCCC
OC(O)(O)C(CC)(C)CO
OC(O)(O)C(CC)(C)OC
OC(O)(O)C(CC)(O)CC
OC(O)(O)C(CC)C(C)O
OC(O)(O)C(CC)CCO
OC(O)(O)C(CC)COC
OC(O)(O)C(CC)OCC
OC(O)(O)C(CO)C(C)C
OC(O)(O)C(CO)CCC
OC(O)(O)C(O)(C)C(C)C
OC(O)(O)C(O)(C)CCC
OC(O)(O)C(O)C(C)(C)C
OC(O)(O)C(O)C(C)CC
OC(O)(O)C(O)CC(C)C
OC(O)(O)C(O)CCCC
OC(O)(O)C(OC)CCC
OC(O)(O)CC(C)(C)CO
OC(O)(O)CC(C)(C)OC
OC(O)(O)CC(C)C(C)O
OC(O)(O)CC(C)CCO
OC(O)(O)CC(C)COC
OC(O)(O)CC(C)OCC
OC(O)(O)CC(CC)CO
OC(O)(O)CC(CC)OC
OC(O)(O)CC(O)(C)CC
OC(O)(O)CC(O)C(C)C
OC(O)(O)CC(O)CCC
OC(O)(O)CCC(C)(C)O
OC(O)(O)CCC(C)CO
OC(O)(O)CCC(C)OC
OC(O)(O)CCC(O)CC
OC(O)(O)CCCC(C)O
OC(O)(O)CCCCCO
OC(O)(O)CCCCOC
OC(O)(O)CCCOCC
OC(O)(O)CCOC(C)C
OC(O)(O)CCOCCC
OC(O)(O)COC(C)(C)C
OC(O)(O)COC(C)CC
OC(O)(O)COCC(C)C
OC(O)(O)COCCCC
OC(O)(O)OC(C)(C)CC
OC(O)(O)OC(C)C(C)C
OC(O)(O)OC(C)CCC
OC(O)(O)OC(CC)CC
OC(O)(O)OCC(C)(C)C
OC(O)(O)OCC(C)CC
OC(O)(O)OCCC(C)C
OC(O)(O)OCCCCC
OC(O)C(C(C)C)(O)OC
OC(O)C(C(C)C)C(O)O
OC(O)C(C(C)C)OCO
OC(O)C(C(C)C)OOC
OC(O)C(C(C)O)(C)OC
OC(O)C(C(C)O)C(O)C
OC(O)C(C(C)O)CCO
OC(O)C(C(C)O)COC
OC(O)C(C(C)O)OCC
OC(O)C(C(O)O)CCC
OC(O)C(C)(C)C(O)CO
OC(O)C(C)(C)C(O)OC
OC(O)C(C)(C)CC(O)O
OC(O)C(C)(C)COCO
OC(O)C(C)(C)COOC
OC(O)C(C)(C)OC(C)O
OC(O)C(C)(C)OCCO
OC(O)C(C)(C)OCOC
OC(O)C(C)(C)OOCC
OC(O)C(C)C(C)C(O)O
OC(O)C(C)C(C)OCO
OC(O)C(C)C(C)OOC
OC(O)C(C)C(CO)CO
OC(O)C(C)C(CO)OC
OC(O)C(C)C(O)(C)CO
OC(O)C(C)C(O)(C)OC
OC(O)C(C)C(O)(O)CC
OC(O)C(C)C(O)C(C)O
OC(O)C(C)C(O)CCO
OC(O)C(C)C(O)COC
OC(O)C(C)C(O)OCC
OC(O)C(C)C(OC)OC
OC(O)C(C)CC(O)CO
OC(O)C(C)CC(O)OC
OC(O)C(C)CCC(O)O
OC(O)C(C)CCOCO
OC(O)C(C)CCOOC
OC(O)C(C)COC(C)O
OC(O)C(C)COCCO
OC(O)C(C)COCOC
OC(O)C(C)COOCC
OC(O)C(C)OC(C)CO
OC(O)C(C)OC(C)OC
OC(O)C(C)OC(O)CC
OC(O)C(C)OCC(C)O
OC(O)C(C)OCCCO
OC(O)C(C)OCCOC
OC(O)C(C)OCOCC
OC(O)C(C)OOC(C)C
OC(O)C(C)OOCCC
OC(O)C(CC)(C)C(O)O
OC(O)C(CC)(C)OCO
OC(O)C(CC)(C)OOC
OC(O)C(CC)(O)C(C)O
OC(O)C(CC)(O)CCO
OC(O)C(CC)(O)COC
OC(O)C(CC)(O)OCC
OC(O)C(CC)C(O)CO
OC(O)C(CC)C(O)OC
OC(O)C(CC)CC(O)O
OC(O)C(CC)COCO
OC(O)C(CC)COOC
OC(O)C(CC)OC(C)O
OC(O)C(CC)OCCO
OC(O)C(CC)OCOC
OC(O)C(CC)OOCC
OC(O)C(CO)(C)C(C)O
OC(O)C(CO)(C)CCO
OC(O)C(CO)(C)COC
OC(O)C(CO)(C)OCC
OC(O)C(CO)(CC)CO
OC(O)C(CO)(CC)OC
OC(O)C(CO)(O)C(C)C
OC(O)C(CO)(O)CCC
OC(O)C(CO)C(C)CO
OC(O)C(CO)C(C)OC
OC(O)C(CO)C(O)CC
OC(O)C(CO)CC(C)O
OC(O)C(CO)CCCO
OC(O)C(CO)CCOC
OC(O)C(CO)COCC
OC(O)C(CO)OC(C)C
OC(O)C(CO)OCCC
OC(O)C(O)(C)C(C)CO
OC(O)C(O)(C)C(C)OC
OC(O)C(O)(C)C(O)CC
OC(O)C(O)(C)CC(C)O
OC(O)C(O)(C)CCCO
OC(O)C(O)(C)CCOC
OC(O)C(O)(C)COCC
OC(O)C(O)(C)OC(C)C
OC(O)C(O)(C)OCCC
OC(O)C(O)(O)C(C)(C)C
OC(O)C(O)(O)C(C)CC
OC(O)C(O)(O)CC(C)C
OC(O)C(O)(O)CCCC
OC(O)C(O)C(C)(C)CO
OC(O)C(O)C(C)(C)OC
OC(O)C(O)C(C)C(C)O
OC(O)C(O)C(C)CCO
OC(O)C(O)C(C)COC
OC(O)C(O)C(C)OCC
OC(O)C(O)C(CC)CO
OC(O)C(O)C(CC)OC
OC(O)C(O)C(O)(C)CC
OC(O)C(O)C(O)C(C)C
OC(O)C(O)C(O)CCC
OC(O)C(O)CC(C)CO
OC(O)C(O)CC(C)OC
OC(O)C(O)CC(O)CC
OC(O)C(O)CCC(C)O
OC(O)C(O)CCCCO
OC(O)C(O)CCCOC
OC(O)C(O)CCOCC
OC(O)C(O)COC(C)C
OC(O)C(O)COCCC
OC(O)C(O)OC(C)(C)C
OC(O)C(O)OC(C)CC
OC(O)C(O)OCC(C)C
OC(O)C(O)OCCCC
OC(O)C(OC)(C)CCO
OC(O)C(OC)(C)COC
OC(O)C(OC)(C)OCC
OC(O)C(OC)(CC)OC
OC(O)C(OC)(O)CCC
OC(O)C(OC)C(C)CO
OC(O)C(OC)C(C)OC
OC(O)C(OC)C(O)CC
OC(O)C(OC)CC(C)O
OC(O)C(OC)CCCO
OC(O)C(OC)CCOC
OC(O)C(OC)COCC
OC(O)C(OC)OC(C)C
OC(O)C(OC)OCCC
OC(O)CC(C(C)O)OC
OC(O)CC(C)(C)OCO
OC(O)CC(C)(C)OOC
OC(O)CC(C)C(O)CO
OC(O)CC(C)C(O)OC
OC(O)CC(C)CC(O)O
OC(O)CC(C)COCO
OC(O)CC(C)COOC
OC(O)CC(C)OC(C)O
OC(O)CC(C)OCCO
OC(O)CC(C)OCOC
OC(O)CC(C)OOCC
OC(O)CC(CC)(O)CO
OC(O)CC(CC)(O)OC
OC(O)CC(CC)OCO
OC(O)CC(CC)OOC
OC(O)CC(CO)(C)CO
OC(O)CC(CO)(C)OC
OC(O)CC(CO)C(C)O
OC(O)CC(CO)CCO
OC(O)CC(CO)COC
OC(O)CC(CO)OCC
OC(O)CC(O)(C)C(C)O
OC(O)CC(O)(C)CCO
OC(O)CC(O)(C)COC
OC(O)CC(O)(C)OCC
OC(O)CC(O)(O)C(C)C
OC(O)CC(O)(O)CCC
OC(O)CC(O)C(C)CO
OC(O)CC(O)C(C)OC
OC(O)CC(O)C(O)CC
OC(O)CC(O)CC(C)O
OC(O)CC(O)CCCO
OC(O)CC(O)CCOC
OC(O)CC(O)COCC
OC(O)CC(O)OC(C)C
OC(O)CC(O)OCCC
OC(O)CC(OC)(C)OC
OC(O)CC(OC)CCO
OC(O)CC(OC)COC
OC(O)CC(OC)OCC
OC(O)CC(OO)CCC
OC(O)CCC(C)OCO
OC(O)CCC(C)OOC
OC(O)CCC(CO)CO
OC(O)CCC(CO)OC
OC(O)CCC(O)(C)CO
OC(O)CCC(O)(C)OC
OC(O)CCC(O)(O)CC
OC(O)CCC(O)C(C)O
OC(O)CCC(O)CCO
OC(O)CCC(O)COC
OC(O)CCC(O)OCC
OC(O)CCC(OC)OC
OC(O)CCCC(O)CO
OC(O)CCCC(O)OC
OC(O)CCCCC(O)O
OC(O)CCCCOCO
OC(O)CCCCOOC
OC(O)CCCOC(C)O
OC(O)CCCOCCO
OC(O)CCCOCOC
OC(O)CCCOOCC
OC(O)CCOC(C)CO
OC(O)CCOC(C)OC
OC(O)CCOC(O)CC
OC(O)CCOCC(C)O
OC(O)CCOCCCO
OC(O)CCOCCOC
OC(O)CCOCOCC
OC(O)CCOOC(C)C
OC(O)CCOOCCC
OC(O)COC(C)(C)CO
OC(O)COC(C)(C)OC
OC(O)COC(C)C(C)O
OC(O)COC(C)CCO
OC(O)COC(C)COC
OC(O)COC(C)OCC
OC(O)COC(CC)CO
OC(O)COC(CC)OC
OC(O)COC(O)(C)CC
OC(O)COC(O)C(C)C
OC(O)COC(O)CCC
OC(O)COCC(C)CO
OC(O)COCC(C)OC
OC(O)COCC(O)CC
OC(O)COCCC(C)O
OC(O)COCCCCO
OC(O)COCCCOC
OC(O)COCCOCC
OC(O)COCOC(C)C
OC(O)COCOCCC
OC(O)COOC(C)(C)C
OC(O)COOC(C)CC
OC(O)COOCC(C)C
OC(O)COOCCCC
OC(O)OC(C(C)C)OC
OC(O)OC(C)(C)C(C)O
OC(O)OC(C)(C)CCO
OC(O)OC(C)(C)COC
OC(O)OC(C)(C)OCC
OC(O)OC(C)C(C)CO
OC(O)OC(C)C(C)OC
OC(O)OC(C)C(O)CC
OC(O)OC(C)CC(C)O
OC(O)OC(C)CCCO
OC(O)OC(C)CCOC
OC(O)OC(C)COCC
OC(O)OC(C)OC(C)C
OC(O)OC(C)OCCC
OC(O)OC(CC)(C)CO
OC(O)OC(CC)(C)OC
OC(O)OC(CC)(O)CC
OC(O)OC(CC)C(C)O
OC(O)OC(CC)CCO
OC(O)OC(CC)COC
OC(O)OC(CC)OCC
OC(O)OC(CO)C(C)C
OC(O)OC(CO)CCC
OC(O)OC(O)(C)C(C)C
OC(O)OC(O)(C)CCC
OC(O)OC(O)C(C)(C)C
OC(O)OC(O)C(C)CC
OC(O)OC(O)CC(C)C
OC(O)OC(O)CCCC
OC(O)OC(OC)CCC
OC(O)OCC(C)(C)CO
OC(O)OCC(C)(C)OC
OC(O)OCC(C)C(C)O
OC(O)OCC(C)CCO
OC(O)OCC(C)COC
OC(O)OCC(C)OCC
OC(O)OCC(CC)CO
OC(O)OCC(CC)OC
OC(O)OCC(O)(C)CC
OC(O)OCC(O)C(C)C
OC(O)OCC(O)CCC
OC(O)OCCC(C)CO
OC(O)OCCC(C)OC
OC(O)OCCC(O)CC
OC(O)OCCCC(C)O
OC(O)OCCCCCO
OC(O)OCCCCOC
OC(O)OCCCOCC
OC(O)OCCOC(C)C
OC(O)OCCOCCC
OC(O)OCOC(C)(C)C
OC(O)OCOC(C)CC
OC(O)OCOCC(C)C
OC(O)OCOCCCC
OC(O)OOC(C)(C)CC
OC(O)OOC(C)C(C)C
OC(O)OOC(C)CCC
OC(O)OOC(CC)CC
OC(O)OOCC(C)(C)C
OC(O)OOCC(C)CC
OC(O)OOCCC(C)C
OC(O)OOCCCCC
OCC(C(C)C)(O)OOC
OCC(C(C)C)OOOC
OCC(C)(C)C(O)(O)OC
OCC(C)(C)C(O)OOC
OCC(C)(C)COOOC
OCC(C)(C)OC(O)CO
OCC(C)(C)OC(O)OC
OCC(C)(C)OCOOC
OCC(C)(C)OOCCO
OCC(C)(C)OOCOC
OCC(C)(C)OOOCC
OCC(C)C(C)OOOC
OCC(C)C(CO)OOC
OCC(C)C(O)(C)OOC
OCC(C)C(O)(O)CCO
OCC(C)C(O)(O)COC
OCC(C)C(O)(O)OCC
OCC(C)C(O)C(O)OC
OCC(C)C(O)COOC
OCC(C)C(O)OCCO
OCC(C)C(O)OCOC
OCC(C)C(O)OOCC
OCC(C)C(OC)(O)OC
OCC(C)C(OC)OOC
OCC(C)C(OO)CCO
OCC(C)C(OO)COC
OCC(C)C(OO)OCC
OCC(C)CC(O)(O)OC
OCC(C)CC(O)OOC
OCC(C)CCOOOC
OCC(C)COC(O)OC
OCC(C)COCOOC
OCC(C)COOCCO
OCC(C)COOCOC
OCC(C)COOOCC
OCC(C)OC(C)OOC
OCC(C)OC(O)(C)OC
OCC(C)OC(O)(O)CC
OCC(C)OC(O)CCO
OCC(C)OC(O)COC
OCC(C)OC(O)OCC
OCC(C)OC(OC)OC
OCC(C)OCC(O)OC
OCC(C)OCCOOC
OCC(C)OCOCCO
OCC(C)OCOCOC
OCC(C)OCOOCC
OCC(C)OOC(C)CO
OCC(C)OOC(C)OC
OCC(C)OOC(O)CC
OCC(C)OOCCCO
OCC(C)OOCCOC
OCC(C)OOCOCC
OCC(C)OOOC(C)C
OCC(C)OOOCCC
OCC(CC)(C)OOOC
OCC(CC)(O)C(O)CO
OCC(CC)(O)C(O)OC
OCC(CC)(O)COOC
OCC(CC)(O)OCCO
OCC(CC)(O)OCOC
OCC(CC)(O)OOCC
OCC(CC)C(O)(O)OC
OCC(CC)C(O)OOC
OCC(CC)COOOC
OCC(CC)OC(O)CO
OCC(CC)OC(O)OC
OCC(CC)OCOOC
OCC(CC)OOCCO
OCC(CC)OOCOC
OCC(CC)OOOCC
OCC(CO)(C)C(O)CO
OCC(CO)(C)C(O)OC
OCC(CO)(C)COOC
OCC(CO)(C)OCCO
OCC(CO)(C)OCOC
OCC(CO)(C)OOCC
OCC(CO)(CC)OOC
OCC(CO)(CO)CCO
OCC(CO)(CO)COC
OCC(CO)(CO)OCC
OCC(CO)(O)C(C)CO
OCC(CO)(O)C(C)OC
OCC(CO)(O)C(O)CC
OCC(CO)(O)CCCO
OCC(CO)(O)CCOC
OCC(CO)(O)COCC
OCC(CO)(O)OC(C)C
OCC(CO)(O)OCCC
OCC(CO)C(C)OOC
OCC(CO)C(CO)CO
OCC(CO)C(O)(C)OC
OCC(CO)C(O)(O)CC
OCC(CO)C(O)CCO
OCC(CO)C(O)COC
OCC(CO)C(O)OCC
OCC(CO)C(OC)OC
OCC(CO)CC(O)CO
OCC(CO)CC(O)OC
OCC(CO)CCOOC
OCC(CO)COCCO
OCC(CO)COCOC
OCC(CO)COOCC
OCC(CO)OC(C)CO
OCC(CO)OC(C)OC
OCC(CO)OC(O)CC
OCC(CO)OCCCO
OCC(CO)OCCOC
OCC(CO)OCOCC
OCC(CO)OOC(C)C
OCC(CO)OOCCC
OCC(O)(C)C(C)OOC
OCC(O)(C)C(CO)CO
OCC(O)(C)C(CO)OC
OCC(O)(C)C(O)(C)CO
OCC(O)(C)C(O)(C)OC
OCC(O)(C)C(O)(O)CC
OCC(O)(C)C(O)CCO
OCC(O)(C)C(O)COC
OCC(O)(C)C(O)OCC
OCC(O)(C)C(OC)OC
OCC(O)(C)CC(O)CO
OCC(O)(C)CC(O)OC
OCC(O)(C)CCOOC
OCC(O)(C)COCCO
OCC(O)(C)COCOC
OCC(O)(C)COOCC
OCC(O)(C)OC(C)CO
OCC(O)(C)OC(C)OC
OCC(O)(C)OC(O)CC
OCC(O)(C)OCCCO
OCC(O)(C)OCCOC
OCC(O)(C)OCOCC
OCC(O)(C)OOC(C)C
OCC(O)(C)OOCCC
OCC(O)(O)C(C)(C)CO
OCC(O)(O)C(C)(C)OC
OCC(O)(O)C(C)CCO
OCC(O)(O)C(C)COC
OCC(O)(O)C(C)OCC
OCC(O)(O)C(CC)CO
OCC(O)(O)C(CC)OC
OCC(O)(O)C(O)(C)CC
OCC(O)(O)C(O)C(C)C
OCC(O)(O)C(O)CCC
OCC(O)(O)CC(C)CO
OCC(O)(O)CC(C)OC
OCC(O)(O)CC(O)CC
OCC(O)(O)CCCCO
OCC(O)(O)CCCOC
OCC(O)(O)CCOCC
OCC(O)(O)COC(C)C
OCC(O)(O)COCCC
OCC(O)(O)OC(C)(C)C
OCC(O)(O)OC(C)CC
OCC(O)(O)OCC(C)C
OCC(O)(O)OCCCC
OCC(O)C(C)(C)OOC
OCC(O)C(C)C(O)CO
OCC(O)C(C)C(O)OC
OCC(O)C(C)COOC
OCC(O)C(C)OCCO
OCC(O)C(C)OCOC
OCC(O)C(C)OOCC
OCC(O)C(CC)(O)OC
OCC(O)C(CC)OOC
OCC(O)C(CO)CCO
OCC(O)C(CO)COC
OCC(O)C(CO)OCC
OCC(O)C(O)(C)CCO
OCC(O)C(O)(C)COC
OCC(O)C(O)(C)OCC
OCC(O)C(O)(O)C(C)C
OCC(O)C(O)(O)CCC
OCC(O)C(O)C(C)CO
OCC(O)C(O)C(C)OC
OCC(O)C(O)C(O)CC
OCC(O)C(O)CCCO
OCC(O)C(O)CCOC
OCC(O)C(O)COCC
OCC(O)C(O)OC(C)C
OCC(O)C(O)OCCC
OCC(O)C(OC)(C)OC
OCC(O)C(OC)CCO
OCC(O)C(OC)COC
OCC(O)C(OC)OCC
OCC(O)C(OO)CCC
OCC(O)CC(C)OOC
OCC(O)CC(O)(C)OC
OCC(O)CC(O)(O)CC
OCC(O)CC(O)CCO
OCC(O)CC(O)COC
OCC(O)CC(O)OCC
OCC(O)CC(OC)OC
OCC(O)CCC(O)CO
OCC(O)CCC(O)OC
OCC(O)CCCOOC
OCC(O)CCOCCO
OCC(O)CCOCOC
OCC(O)CCOOCC
OCC(O)COC(C)CO
OCC(O)COC(C)OC
OCC(O)COC(O)CC
OCC(O)COCCCO
OCC(O)COCCOC
OCC(O)COCOCC
OCC(O)COOC(C)C
OCC(O)COOCCC
OCC(O)OC(C)(C)OC
OCC(O)OC(C)CCO
OCC(O)OC(C)COC
OCC(O)OC(C)OCC
OCC(O)OC(CC)OC
OCC(O)OC(O)(C)CC
OCC(O)OC(O)C(C)C
OCC(O)OC(O)CCC
OCC(O)OCC(C)CO
OCC(O)OCC(C)OC
OCC(O)OCC(O)CC
OCC(O)OCCCCO
OCC(O)OCCCOC
OCC(O)OCCOCC
OCC(O)OCOC(C)C
OCC(O)OCOCCC
OCC(O)OOC(C)(C)C
OCC(O)OOC(C)CC
OCC(O)OOCC(C)C
OCC(O)OOCCCC
OCC(OC)(C)C(O)CO
OCC(OC)(C)C(O)OC
OCC(OC)(C)COOC
OCC(OC)(C)OCCO
OCC(OC)(C)OCOC
OCC(OC)(C)OOCC
OCC(OC)(CC)OOC
OCC(OC)(CO)CCO
OCC(OC)(CO)COC
OCC(OC)(CO)OCC
OCC(OC)(O)C(C)CO
OCC(OC)(O)C(C)OC
OCC(OC)(O)C(O)CC
OCC(OC)(O)CCCO
OCC(OC)(O)CCOC
OCC(OC)(O)COCC
OCC(OC)(O)OC(C)C
OCC(OC)(O)OCCC
OCC(OC)(OC)CCO
OCC(OC)(OC)COC
OCC(OC)(OC)OCC
OCC(OC)C(C)OOC
OCC(OC)C(CO)CO
OCC(OC)C(O)(C)OC
OCC(OC)C(O)(O)CC
OCC(OC)C(O)CCO
OCC(OC)C(O)COC
OCC(OC)C(O)OCC
OCC(OC)C(OC)CO
OCC(OC)C(OC)OC
OCC(OC)CC(O)CO
OCC(OC)CC(O)OC
OCC(OC)CCOOC
OCC(OC)COCCO
OCC(OC)COCOC
OCC(OC)COOCC
OCC(OC)OC(C)CO
OCC(OC)OC(C)OC
OCC(OC)OC(O)CC
OCC(OC)OCCCO
OCC(OC)OCCOC
OCC(OC)OCOCC
OCC(OC)OOC(C)C
OCC(OC)OOCCC
OCCC(C(C)O)OOC
OCCC(C(O)O)CCO
OCCC(C(O)O)COC
OCCC(C(O)O)OCC
OCCC(C)(C)OOOC
OCCC(C)C(O)(O)OC
OCCC(C)C(O)OOC
OCCC(C)COOOC
OCCC(C)OC(O)OC
OCCC(C)OCOOC
OCCC(C)OOCOC
OCCC(C)OOOCC
OCCC(CC)(O)OOC
OCCC(CC)OOOC
OCCC(CCO)OOC
OCCC(CO)(C)OOC
OCCC(CO)(O)CCO
OCCC(CO)(O)COC
OCCC(CO)(O)OCC
OCCC(CO)C(O)OC
OCCC(CO)COOC
OCCC(CO)OCOC
OCCC(CO)OOCC
OCCC(COC)OOC
OCCC(O)(C)C(O)OC
OCCC(O)(C)COOC
OCCC(O)(C)OCOC
OCCC(O)(C)OOCC
OCCC(O)(O)C(C)OC
OCCC(O)(O)C(O)CC
OCCC(O)(O)CCCO
OCCC(O)(O)CCOC
OCCC(O)(O)COCC
OCCC(O)(O)OC(C)C
OCCC(O)(O)OCCC
OCCC(O)C(C)OOC
OCCC(O)C(O)(C)OC
OCCC(O)C(O)(O)CC
OCCC(O)C(O)CCO
OCCC(O)C(O)COC
OCCC(O)C(O)OCC
OCCC(O)C(OC)OC
OCCC(O)CC(O)OC
OCCC(O)CCOOC
OCCC(O)COCOC
OCCC(O)COOCC
OCCC(O)OC(C)OC
OCCC(O)OC(O)CC
OCCC(O)OCCCO
OCCC(O)OCCOC
OCCC(O)OCOCC
OCCC(O)OOC(C)C
OCCC(O)OOCCC
OCCC(OC)(C)OOC
OCCC(OC)(O)CCO
OCCC(OC)(O)COC
OCCC(OC)(O)OCC
OCCC(OC)(OC)OC
OCCC(OC)C(O)OC
OCCC(OC)COOC
OCCC(OC)OCOC
OCCC(OC)OOCC
OCCC(OCC)OOC
OCCC(OO)(C)CCO
OCCC(OO)(C)COC
OCCC(OO)(C)OCC
OCCC(OO)(O)CCC
OCCC(OO)C(C)OC
OCCC(OO)C(O)CC
OCCC(OO)CCCO
OCCC(OO)CCOC
OCCC(OO)COCC
OCCC(OO)OC(C)C
OCCC(OO)OCCC
OCCCC(C)OOOC
OCCCC(CO)OOC
OCCCC(O)(C)OOC
OCCCC(O)(O)COC
OCCCC(O)(O)OCC
OCCCC(O)C(O)OC
OCCCC(O)COOC
OCCCC(O)OCOC
OCCCC(O)OOCC
OCCCC(OC)(O)OC
OCCCC(OC)OOC
OCCCC(OO)COC
OCCCC(OO)OCC
OCCCCC(O)(O)OC
OCCCCC(O)OOC
OCCCCCOOOC
OCCCCOC(O)OC
OCCCCOCOOC
OCCCCOOCOC
OCCCCOOOCC
OCCCOC(C)OOC
OCCCOC(O)(C)OC
OCCCOC(O)(O)CC
OCCCOC(O)COC
OCCCOC(O)OCC
OCCCOC(OC)OC
OCCCOCC(O)OC
OCCCOCCOOC
OCCCOCOCOC
OCCCOCOOCC
OCCCOOC(C)OC
OCCCOOC(O)CC
OCCCOOCCCO
OCCCOOCCOC
OCCCOOCOCC
OCCCOOOC(C)C
OCCCOOOCCC
OCCOC(C)(C)OOC
OCCOC(C)C(O)OC
OCCOC(C)COOC
OCCOC(C)OCCO
OCCOC(C)OCOC
OCCOC(C)OOCC
OCCOC(CC)(O)OC
OCCOC(CC)OOC
OCCOC(CO)CCO
OCCOC(CO)COC
OCCOC(CO)OCC
OCCOC(O)(C)CCO
OCCOC(O)(C)COC
OCCOC(O)(C)OCC
OCCOC(O)(O)C(C)C
OCCOC(O)(O)CCC
OCCOC(O)C(C)OC
OCCOC(O)C(O)CC
OCCOC(O)CCCO
OCCOC(O)CCOC
OCCOC(O)COCC
OCCOC(O)OC(C)C
OCCOC(O)OCCC
OCCOC(OC)(C)OC
OCCOC(OC)CCO
OCCOC(OC)COC
OCCOC(OC)OCC
OCCOC(OO)CCC
OCCOCC(C)OOC
OCCOCC(O)(C)OC
OCCOCC(O)(O)CC
OCCOCC(O)CCO
OCCOCC(O)COC
OCCOCC(O)OCC
OCCOCC(OC)OC
OCCOCCC(O)OC
OCCOCCCOOC
OCCOCCOCCO
OCCOCCOCOC
OCCOCCOOCC
OCCOCOC(C)OC
OCCOCOC(O)CC
OCCOCOCCCO
OCCOCOCCOC
OCCOCOCOCC
OCCOCOOC(C)C
OCCOCOOCCC
OCCOOC(C)(C)OC
OCCOOC(C)CCO
OCCOOC(C)COC
OCCOOC(C)OCC
OCCOOC(CC)OC
OCCOOC(O)(C)CC
OCCOOC(O)C(C)C
OCCOOC(O)CCC
OCCOOCC(C)OC
OCCOOCC(O)CC
OCCOOCCCCO
OCCOOCCCOC
OCCOOCCOCC
OCCOOCOC(C)C
OCCOOCOCCC
OCCOOOC(C)(C)C
OCCOOOC(C)CC
OCCOOOCC(C)C
OCCOOOCCCC
OCOC(C(C)C)(O)OC
OCOC(C(C)C)OCO
OCOC(C(C)C)OOC
OCOC(C(C)O)CCO
OCOC(C(C)O)COC
OCOC(C(C)O)OCC
OCOC(C(O)O)CCC
OCOC(C)(C)C(O)CO
OCOC(C)(C)C(O)OC
OCOC(C)(C)COCO
OCOC(C)(C)COOC
OCOC(C)(C)OCCO
OCOC(C)(C)OCOC
OCOC(C)(C)OOCC
OCOC(C)C(C)OCO
OCOC(C)C(C)OOC
OCOC(C)C(CO)CO
OCOC(C)C(CO)OC
OCOC(C)C(O)(C)CO
OCOC(C)C(O)(C)OC
OCOC(C)C(O)(O)CC
OCOC(C)C(O)CCO
OCOC(C)C(O)COC
OCOC(C)C(O)OCC
OCOC(C)C(OC)OC
OCOC(C)CC(O)CO
OCOC(C)CC(O)OC
OCOC(C)CCOCO
OCOC(C)CCOOC
OCOC(C)COCCO
OCOC(C)COCOC
OCOC(C)COOCC
OCOC(C)OC(C)CO
OCOC(C)OC(C)OC
OCOC(C)OC(O)CC
OCOC(C)OCCCO
OCOC(C)OCCOC
OCOC(C)OCOCC
OCOC(C)OOC(C)C
OCOC(C)OOCCC
OCOC(CC)(C)OCO
OCOC(CC)(C)OOC
OCOC(CC)(O)CCO
OCOC(CC)(O)COC
OCOC(CC)(O)OCC
OCOC(CC)C(O)CO
OCOC(CC)C(O)OC
OCOC(CC)COCO
OCOC(CC)COOC
OCOC(CC)OCCO
OCOC(CC)OCOC
OCOC(CC)OOCC
OCOC(CCC)OCO
OCOC(CCC)OOC
OCOC(CCO)CCO
OCOC(CCO)COC
OCOC(CCO)OCC
OCOC(CO)(C)CCO
OCOC(CO)(C)COC
OCOC(CO)(C)OCC
OCOC(CO)(CC)CO
OCOC(CO)(CC)OC
OCOC(CO)(O)C(C)C
OCOC(CO)(O)CCC
OCOC(CO)C(C)CO
OCOC(CO)C(C)OC
OCOC(CO)C(O)CC
OCOC(CO)CCCO
OCOC(CO)CCOC
OCOC(CO)COCC
OCOC(CO)OC(C)C
OCOC(CO)OCCC
OCOC(COC)COC
OCOC(COC)OCC
OCOC(O)(C)C(C)CO
OCOC(O)(C)C(C)OC
OCOC(O)(C)C(O)CC
OCOC(O)(C)CCCO
OCOC(O)(C)CCOC
OCOC(O)(C)COCC
OCOC(O)(C)OC(C)C
OCOC(O)(C)OCCC
OCOC(O)(O)C(C)(C)C
OCOC(O)(O)C(C)CC
OCOC(O)(O)CC(C)C
OCOC(O)(O)CCCC
OCOC(O)C(C)(C)CO
OCOC(O)C(C)(C)OC
OCOC(O)C(C)CCO
OCOC(O)C(C)COC
OCOC(O)C(C)OCC
OCOC(O)C(CC)CO
OCOC(O)C(CC)OC
OCOC(O)C(O)(C)CC
OCOC(O)C(O)C(C)C
OCOC(O)C(O)CCC
OCOC(O)CC(C)CO
OCOC(O)CC(C)OC
OCOC(O)CC(O)CC
OCOC(O)CCCCO
OCOC(O)CCCOC
OCOC(O)CCOCC
OCOC(O)COC(C)C
OCOC(O)COCCC
OCOC(O)OC(C)(C)C
OCOC(O)OC(C)CC
OCOC(O)OCC(C)C
OCOC(O)OCCCC
OCOC(OC)(C)CCO
OCOC(OC)(C)COC
OCOC(OC)(C)OCC
OCOC(OC)(CC)OC
OCOC(OC)(O)CCC
OCOC(OC)C(C)CO
OCOC(OC)C(C)OC
OCOC(OC)C(O)CC
OCOC(OC)CCCO
OCOC(OC)CCOC
OCOC(OC)COCC
OCOC(OC)OC(C)C
OCOC(OC)OCCC
OCOC(OCC)OCC
OCOC(OO)(C)CCC
OCOC(OO)C(C)CC
OCOC(OO)CC(C)C
OCOC(OO)CCCC
OCOCC(C)(C)OOC
OCOCC(C)C(O)CO
OCOCC(C)C(O)OC
OCOCC(C)COCO
OCOCC(C)COOC
OCOCC(C)OCCO
OCOCC(C)OCOC
OCOCC(C)OOCC
OCOCC(CC)(O)CO
OCOCC(CC)(O)OC
OCOCC(CC)OOC
OCOCC(CO)(C)CO
OCOCC(CO)(C)OC
OCOCC(CO)CCO
OCOCC(CO)COC
OCOCC(CO)OCC
OCOCC(O)(C)CCO
OCOCC(O)(C)COC
OCOCC(O)(C)OCC
OCOCC(O)(O)C(C)C
OCOCC(O)(O)CCC
OCOCC(O)C(C)CO
OCOCC(O)C(C)OC
OCOCC(O)C(O)CC
OCOCC(O)CCCO
OCOCC(O)CCOC
OCOCC(O)COCC
OCOCC(O)OC(C)C
OCOCC(O)OCCC
OCOCC(OC)(C)OC
OCOCC(OC)CCO
OCOCC(OC)COC
OCOCC(OC)OCC
OCOCC(OO)CCC
OCOCCC(C)OOC
OCOCCC(CO)CO
OCOCCC(CO)OC
OCOCCC(O)(C)CO
OCOCCC(O)(C)OC
OCOCCC(O)(O)CC
OCOCCC(O)CCO
OCOCCC(O)COC
OCOCCC(O)OCC
OCOCCC(OC)OC
OCOCCCC(O)CO
OCOCCCC(O)OC
OCOCCCCOCO
OCOCCCCOOC
OCOCCCOCCO
OCOCCCOCOC
OCOCCCOOCC
OCOCCOC(C)CO
OCOCCOC(C)OC
OCOCCOC(O)CC
OCOCCOCCCO
OCOCCOCCOC
OCOCCOCOCC
OCOCCOOC(C)C
OCOCCOOCCC
OCOCOC(C)(C)CO
OCOCOC(C)(C)OC
OCOCOC(C)CCO
OCOCOC(C)COC
OCOCOC(C)OCC
OCOCOC(CC)CO
OCOCOC(CC)OC
OCOCOC(O)(C)CC
OCOCOC(O)C(C)C
OCOCOC(O)CCC
OCOCOCC(C)CO
OCOCOCC(C)OC
OCOCOCC(O)CC
OCOCOCCCCO
OCOCOCCCOC
OCOCOCCOCC
OCOCOCOC(C)C
OCOCOCOCCC
OCOCOOC(C)(C)C
OCOCOOC(C)CC
OCOCOOCC(C)C
OCOCOOCCCC
OCOOC(C(C)C)OC
OCOOC(C)(C)CCO
OCOOC(C)(C)COC
OCOOC(C)(C)OCC
OCOOC(C)C(C)CO
OCOOC(C)C(C)OC
OCOOC(C)C(O)CC
OCOOC(C)CCCO
OCOOC(C)CCOC
OCOOC(C)COCC
OCOOC(C)OC(C)C
OCOOC(C)OCCC
OCOOC(CC)(C)CO
OCOOC(CC)(C)OC
OCOOC(CC)(O)CC
OCOOC(CC)CCO
OCOOC(CC)COC
OCOOC(CC)OCC
OCOOC(CO)C(C)C
OCOOC(CO)CCC
OCOOC(O)(C)C(C)C
OCOOC(O)(C)CCC
OCOOC(O)C(C)(C)C
OCOOC(O)C(C)CC
OCOOC(O)CC(C)C
OCOOC(O)CCCC
OCOOC(OC)CCC
OCOOCC(C)(C)CO
OCOOCC(C)(C)OC
OCOOCC(C)CCO
OCOOCC(C)COC
OCOOCC(C)OCC
OCOOCC(CC)CO
OCOOCC(CC)OC
OCOOCC(O)(C)CC
OCOOCC(O)C(C)C
OCOOCC(O)CCC
OCOOCCC(C)CO
OCOOCCC(C)OC
OCOOCCC(O)CC
OCOOCCCCCO
OCOOCCCCOC
OCOOCCCOCC
OCOOCCOC(C)C
OCOOCCOCCC
OCOOCOC(C)(C)C
OCOOCOC(C)CC
OCOOCOCC(C)C
OCOOCOCCCC
OCOOOC(C)(C)CC
OCOOOC(C)C(C)C
OCOOOC(C)CCC
OCOOOC(CC)CC
OCOOOCC(C)(C)C
OCOOOCC(C)CC
OCOOOCCC(C)C
OCOOOCCCCC
OOC(C(C)(C)C)(C)OO
OOC(C(C)(C)C)(O)OC
OOC(C(C)(C)C)COO
OOC(C(C)(C)C)OCO
OOC(C(C)(C)C)OOC
OOC(C(C)(C)O)(C)OC
OOC(C(C)(C)O)CCO
OOC(C(C)(C)O)COC
OOC(C(C)(C)O)OCC
OOC(C(C)C)(C)C(O)O
OOC(C(C)C)(C)COO
OOC(C(C)C)(C)OCO
OOC(C(C)C)(C)OOC
OOC(C(C)C)(CC)OO
OOC(C(C)C)(CO)OC
OOC(C(C)C)(O)C(O)C
OOC(C(C)C)(O)CCO
OOC(C(C)C)(O)COC
OOC(C(C)C)(O)OCC
OOC(C(C)C)C(C)OO
OOC(C(C)C)C(O)(C)O
OOC(C(C)C)C(O)CO
OOC(C(C)C)C(O)OC
OOC(C(C)C)CC(O)O
OOC(C(C)C)CCOO
OOC(C(C)C)COCO
OOC(C(C)C)COOC
OOC(C(C)C)OC(C)O
OOC(C(C)C)OCCO
OOC(C(C)C)OCOC
OOC(C(C)C)OOCC
OOC(C(C)O)(C)C(O)C
OOC(C(C)O)(C)CCO
OOC(C(C)O)(C)COC
OOC(C(C)O)(C)OCC
OOC(C(C)O)(CC)OC
OOC(C(C)O)(O)CCC
OOC(C(C)O)C(C)(C)O
OOC(C(C)O)C(C)CO
OOC(C(C)O)C(C)OC
OOC(C(C)O)C(O)CC
OOC(C(C)O)CC(C)O
OOC(C(C)O)CCCO
OOC(C(C)O)CCOC
OOC(C(C)O)COCC
OOC(C(C)O)OC(C)C
OOC(C(C)O)OCCC
OOC(C(O)(C)O)CCC
OOC(C(O)O)(C)CCC
OOC(C(O)O)C(C)(C)C
OOC(C(O)O)C(C)CC
OOC(C(O)O)CC(C)C
OOC(C(O)O)CCCC
OOC(C)(C)C(C)(C)OO
OOC(C)(C)C(C)C(O)O
OOC(C)(C)C(C)COO
OOC(C)(C)C(C)OCO
OOC(C)(C)C(C)OOC
OOC(C)(C)C(CC)OO
OOC(C)(C)C(CO)CO
OOC(C)(C)C(CO)OC
OOC(C)(C)C(O)(C)CO
OOC(C)(C)C(O)(C)OC
OOC(C)(C)C(O)(O)CC
OOC(C)(C)C(O)C(C)O
OOC(C)(C)C(O)CCO
OOC(C)(C)C(O)COC
OOC(C)(C)C(O)OCC
OOC(C)(C)C(OC)OC
OOC(C)(C)CC(C)OO
OOC(C)(C)CC(O)(C)O
OOC(C)(C)CC(O)CO
OOC(C)(C)CC(O)OC
OOC(C)(C)CCC(O)O
OOC(C)(C)CCCOO
OOC(C)(C)CCOCO
OOC(C)(C)CCOOC
OOC(C)(C)COC(C)O
OOC(C)(C)COCCO
OOC(C)(C)COCOC
OOC(C)(C)COOCC
OOC(C)(C)OC(C)(C)O
OOC(C)(C)OC(C)CO
OOC(C)(C)OC(C)OC
OOC(C)(C)OC(O)CC
OOC(C)(C)OCC(C)O
OOC(C)(C)OCCCO
OOC(C)(C)OCCOC
OOC(C)(C)OCOCC
OOC(C)(C)OOC(C)C
OOC(C)(C)OOCCC
OOC(C)C(C(C)O)OC
OOC(C)C(C)(C)C(O)O
OOC(C)C(C)(C)COO
OOC(C)C(C)(C)OCO
OOC(C)C(C)(C)OOC
OOC(C)C(C)C(C)OO
OOC(C)C(C)C(O)(C)O
OOC(C)C(C)C(O)CO
OOC(C)C(C)C(O)OC
OOC(C)C(C)CC(O)O
OOC(C)C(C)CCOO
OOC(C)C(C)COCO
OOC(C)C(C)COOC
OOC(C)C(C)OC(C)O
OOC(C)C(C)OCCO
OOC(C)C(C)OCOC
OOC(C)C(C)OOCC
OOC(C)C(CC)(O)CO
OOC(C)C(CC)(O)OC
OOC(C)C(CC)C(O)O
OOC(C)C(CC)COO
OOC(C)C(CC)OCO
OOC(C)C(CC)OOC
OOC(C)C(CO)(C)CO
OOC(C)C(CO)(C)OC
OOC(C)C(CO)C(C)O
OOC(C)C(CO)CCO
OOC(C)C(CO)COC
OOC(C)C(CO)OCC
OOC(C)C(O)(C)C(C)O
OOC(C)C(O)(C)CCO
OOC(C)C(O)(C)COC
OOC(C)C(O)(C)OCC
OOC(C)C(O)(O)C(C)C
OOC(C)C(O)(O)CCC
OOC(C)C(O)C(C)(C)O
OOC(C)C(O)C(C)CO
OOC(C)C(O)C(C)OC
OOC(C)C(O)C(O)CC
OOC(C)C(O)CC(C)O
OOC(C)C(O)CCCO
OOC(C)C(O)CCOC
OOC(C)C(O)COCC
OOC(C)C(O)OC(C)C
OOC(C)C(O)OCCC
OOC(C)C(OC)(C)OC
OOC(C)C(OC)CCO
OOC(C)C(OC)COC
OOC(C)C(OC)OCC
OOC(C)C(OO)CCC
OOC(C)CC(C)C(O)O
OOC(C)CC(C)COO
OOC(C)CC(C)OCO
OOC(C)CC(C)OOC
OOC(C)CC(CO)CO
OOC(C)CC(CO)OC
OOC(C)CC(O)(C)CO
OOC(C)CC(O)(C)OC
OOC(C)CC(O)(O)CC
OOC(C)CC(O)C(C)O
OOC(C)CC(O)CCO
OOC(C)CC(O)COC
OOC(C)CC(O)OCC
OOC(C)CC(OC)OC
OOC(C)CCC(C)OO
OOC(C)CCC(O)(C)O
OOC(C)CCC(O)CO
OOC(C)CCC(O)OC
OOC(C)CCCC(O)O
OOC(C)CCCCOO
OOC(C)CCCOCO
OOC(C)CCCOOC
OOC(C)CCOC(C)O
OOC(C)CCOCCO
OOC(C)CCOCOC
OOC(C)CCOOCC
OOC(C)COC(C)(C)O
OOC(C)COC(C)CO
OOC(C)COC(C)OC
OOC(C)COC(O)CC
OOC(C)COCC(C)O
OOC(C)COCCCO
OOC(C)COCCOC
OOC(C)COCOCC
OOC(C)COOC(C)C
OOC(C)COOCCC
OOC(C)OC(C)(C)CO
OOC(C)OC(C)(C)OC
OOC(C)OC(C)C(C)O
OOC(C)OC(C)CCO
OOC(C)OC(C)COC
OOC(C)OC(C)OCC
OOC(C)OC(CC)CO
OOC(C)OC(CC)OC
OOC(C)OC(O)(C)CC
OOC(C)OC(O)C(C)C
OOC(C)OC(O)CCC
OOC(C)OCC(C)(C)O
OOC(C)OCC(C)CO
OOC(C)OCC(C)OC
OOC(C)OCC(O)CC
OOC(C)OCCC(C)O
OOC(C)OCCCCO
OOC(C)OCCCOC
OOC(C)OCCOCC
OOC(C)OCOC(C)C
OOC(C)OCOCCC
OOC(C)OOC(C)(C)C
OOC(C)OOC(C)CC
OOC(C)OOCC(C)C
OOC(C)OOCCCC
OOC(CC)(C)C(C)OO
OOC(CC)(C)C(O)(C)O
OOC(CC)(C)C(O)CO
OOC(CC)(C)C(O)OC
OOC(CC)(C)CC(O)O
OOC(CC)(C)CCOO
OOC(CC)(C)COCO
OOC(CC)(C)COOC
OOC(CC)(C)OC(C)O
OOC(CC)(C)OCCO
OOC(CC)(C)OCOC
OOC(CC)(C)OOCC
OOC(CC)(CC)C(O)O
OOC(CC)(CC)COO
OOC(CC)(CC)OCO
OOC(CC)(CC)OOC
OOC(CC)(O)C(C)(C)O
OOC(CC)(O)C(C)CO
OOC(CC)(O)C(C)OC
OOC(CC)(O)C(O)CC
OOC(CC)(O)CC(C)O
OOC(CC)(O)CCCO
OOC(CC)(O)CCOC
OOC(CC)(O)COCC
OOC(CC)(O)OC(C)C
OOC(CC)(O)OCCC
OOC(CC)C(C)C(O)O
OOC(CC)C(C)COO
OOC(CC)C(C)OCO
OOC(CC)C(C)OOC
OOC(CC)C(CO)CO
OOC(CC)C(CO)OC
OOC(CC)C(O)(C)CO
OOC(CC)C(O)(C)OC
OOC(CC)C(O)(O)CC
OOC(CC)C(O)C(C)O
OOC(CC)C(O)CCO
OOC(CC)C(O)COC
OOC(CC)C(O)OCC
OOC(CC)C(OC)OC
OOC(CC)C(OO)CC
OOC(CC)CC(C)OO
OOC(CC)CC(O)(C)O
OOC(CC)CC(O)CO
OOC(CC)CC(O)OC
OOC(CC)CCC(O)O
OOC(CC)CCCOO
OOC(CC)CCOCO
OOC(CC)CCOOC
OOC(CC)COC(C)O
OOC(CC)COCCO
OOC(CC)COCOC
OOC(CC)COOCC
OOC(CC)OC(C)(C)O
OOC(CC)OC(C)CO
OOC(CC)OC(C)OC
OOC(CC)OC(O)CC
OOC(CC)OCC(C)O
OOC(CC)OCCCO
OOC(CC)OCCOC
OOC(CC)OCOCC
OOC(CC)OOC(C)C
OOC(CC)OOCCC
OOC(CO)(C)C(C)(C)O
OOC(CO)(C)C(C)CO
OOC(CO)(C)C(C)OC
OOC(CO)(C)C(O)CC
OOC(CO)(C)CC(C)O
OOC(CO)(C)CCCO
OOC(CO)(C)CCOC
OOC(CO)(C)COCC
OOC(CO)(C)OC(C)C
OOC(CO)(C)OCCC
OOC(CO)(CC)C(C)O
OOC(CO)(CC)CCO
OOC(CO)(CC)COC
OOC(CO)(CC)OCC
OOC(CO)(CO)C(C)C
OOC(CO)(CO)CCC
OOC(CO)(O)C(C)(C)C
OOC(CO)(O)C(C)CC
OOC(CO)(O)CC(C)C
OOC(CO)(O)CCCC
OOC(CO)C(C)(C)CO
OOC(CO)C(C)(C)OC
OOC(CO)C(C)C(C)O
OOC(CO)C(C)CCO
OOC(CO)C(C)COC
OOC(CO)C(C)OCC
OOC(CO)C(CC)CO
OOC(CO)C(CC)OC
OOC(CO)C(O)(C)CC
OOC(CO)C(O)C(C)C
OOC(CO)C(O)CCC
OOC(CO)CC(C)(C)O
OOC(CO)CC(C)CO
OOC(CO)CC(C)OC
OOC(CO)CC(O)CC
OOC(CO)CCC(C)O
OOC(CO)CCCCO
OOC(CO)CCCOC
OOC(CO)CCOCC
OOC(CO)COC(C)C
OOC(CO)COCCC
OOC(CO)OC(C)(C)C
OOC(CO)OC(C)CC
OOC(CO)OCC(C)C
OOC(CO)OCCCC
OOC(O)(C)C(C)(C)CO
OOC(O)(C)C(C)(C)OC
OOC(O)(C)C(C)C(C)O
OOC(O)(C)C(C)CCO
OOC(O)(C)C(C)COC
OOC(O)(C)C(C)OCC
OOC(O)(C)C(CC)CO
OOC(O)(C)C(CC)OC
OOC(O)(C)C(O)(C)CC
OOC(O)(C)C(O)C(C)C
OOC(O)(C)C(O)CCC
OOC(O)(C)CC(C)(C)O
OOC(O)(C)CC(C)CO
OOC(O)(C)CC(C)OC
OOC(O)(C)CC(O)CC
OOC(O)(C)CCC(C)O
OOC(O)(C)CCCCO
OOC(O)(C)CCCOC
OOC(O)(C)CCOCC
OOC(O)(C)COC(C)C
OOC(O)(C)COCCC
OOC(O)(C)OC(C)(C)C
OOC(O)(C)OC(C)CC
OOC(O)(C)OCC(C)C
OOC(O)(C)OCCCC
OOC(O)(O)C(C)(C)CC
OOC(O)(O)C(C)C(C)C
OOC(O)(O)C(C)CCC
OOC(O)(O)C(CC)CC
OOC(O)(O)CC(C)(C)C
OOC(O)(O)CC(C)CC
OOC(O)(O)CCC(C)C
OOC(O)(O)CCCCC
OOC(O)C(C(C)C)OC
OOC(O)C(C)(C)C(C)O
OOC(O)C(C)(C)CCO
OOC(O)C(C)(C)COC
OOC(O)C(C)(C)OCC
OOC(O)C(C)C(C)(C)O
OOC(O)C(C)C(C)CO
OOC(O)C(C)C(C)OC
OOC(O)C(C)C(O)CC
OOC(O)C(C)CC(C)O
OOC(O)C(C)CCCO
OOC(O)C(C)CCOC
OOC(O)C(C)COCC
OOC(O)C(C)OC(C)C
OOC(O)C(C)OCCC
OOC(O)C(CC)(C)CO
OOC(O)C(CC)(C)OC
OOC(O)C(CC)(O)CC
OOC(O)C(CC)C(C)O
OOC(O)C(CC)CCO
OOC(O)C(CC)COC
OOC(O)C(CC)OCC
OOC(O)C(CO)C(C)C
OOC(O)C(CO)CCC
OOC(O)C(O)(C)C(C)C
OOC(O)C(O)(C)CCC
OOC(O)C(O)C(C)(C)C
OOC(O)C(O)C(C)CC
OOC(O)C(O)CC(C)C
OOC(O)C(O)CCCC
OOC(O)C(OC)CCC
OOC(O)CC(C)(C)CO
OOC(O)CC(C)(C)OC
OOC(O)CC(C)C(C)O
OOC(O)CC(C)CCO
OOC(O)CC(C)COC
OOC(O)CC(C)OCC
OOC(O)CC(CC)CO
OOC(O)CC(CC)OC
OOC(O)CC(O)(C)CC
OOC(O)CC(O)C(C)C
OOC(O)CC(O)CCC
OOC(O)CCC(C)(C)O
OOC(O)CCC(C)CO
OOC(O)CCC(C)OC
OOC(O)CCC(O)CC
OOC(O)CCCC(C)O
OOC(O)CCCCCO
OOC(O)CCCCOC
OOC(O)CCCOCC
OOC(O)CCOC(C)C
OOC(O)CCOCCC
OOC(O)COC(C)(C)C
OOC(O)COC(C)CC
OOC(O)COCC(C)C
OOC(O)COCCCC
OOC(O)OC(C)(C)CC
OOC(O)OC(C)C(C)C
OOC(O)OC(C)CCC
OOC(O)OC(CC)CC
OOC(O)OCC(C)(C)C
OOC(O)OCC(C)CC
OOC(O)OCCC(C)C
OOC(O)OCCCCC
OOC(OC)(C(C)C)OC
OOC(OC)(C)C(C)CO
OOC(OC)(C)C(C)OC
OOC(OC)(C)C(O)CC
OOC(OC)(C)CC(C)O
OOC(OC)(C)CCCO
OOC(OC)(C)CCOC
OOC(OC)(C)COCC
OOC(OC)(C)OC(C)C
OOC(OC)(C)OCCC
OOC(OC)(CC)CCO
OOC(OC)(CC)COC
OOC(OC)(CC)OCC
OOC(OC)(CO)CCC
OOC(OC)(O)C(C)CC
OOC(OC)(O)CC(C)C
OOC(OC)(O)CCCC
OOC(OC)(OC)CCC
OOC(OC)C(C)(C)CO
OOC(OC)C(C)(C)OC
OOC(OC)C(C)C(C)O
OOC(OC)C(C)CCO
OOC(OC)C(C)COC
OOC(OC)C(C)OCC
OOC(OC)C(CC)CO
OOC(OC)C(CC)OC
OOC(OC)C(O)(C)CC
OOC(OC)C(O)C(C)C
OOC(OC)C(O)CCC
OOC(OC)CC(C)(C)O
OOC(OC)CC(C)CO
OOC(OC)CC(C)OC
OOC(OC)CC(O)CC
OOC(OC)CCC(C)O
OOC(OC)CCCCO
OOC(OC)CCCOC
OOC(OC)CCOCC
OOC(OC)COC(C)C
OOC(OC)COCCC
OOC(OC)OC(C)(C)C
OOC(OC)OC(C)CC
OOC(OC)OCC(C)C
OOC(OC)OCCCC
OOC(OO)(C)C(C)CC
OOC(OO)(C)CC(C)C
OOC(OO)(C)CCCC
OOC(OO)(CC)CCC
OOC(OO)C(C)(C)CC
OOC(OO)C(C)C(C)C
OOC(OO)C(C)CCC
OOC(OO)C(CC)CC
OOC(OO)CC(C)(C)C
OOC(OO)CC(C)CC
OOC(OO)CCC(C)C
OOC(OO)CCCCC
OOCC(C(C)(C)O)OC
OOCC(C(C)C)(O)OC
OOCC(C(C)C)C(O)O
OOCC(C(C)C)COO
OOCC(C(C)C)OCO
OOCC(C(C)C)OOC
OOCC(C(C)O)(C)OC
OOCC(C(C)O)C(O)C
OOCC(C(C)O)CCO
OOCC(C(C)O)COC
OOCC(C(C)O)OCC
OOCC(C(O)O)CCC
OOCC(C)(C)C(O)(C)O
OOCC(C)(C)C(O)CO
OOCC(C)(C)C(O)OC
OOCC(C)(C)CC(O)O
OOCC(C)(C)CCOO
OOCC(C)(C)COCO
OOCC(C)(C)COOC
OOCC(C)(C)OC(C)O
OOCC(C)(C)OCCO
OOCC(C)(C)OCOC
OOCC(C)(C)OOCC
OOCC(C)C(C)C(O)O
OOCC(C)C(C)COO
OOCC(C)C(C)OCO
OOCC(C)C(C)OOC
OOCC(C)C(CO)CO
OOCC(C)C(CO)OC
OOCC(C)C(O)(C)CO
OOCC(C)C(O)(C)OC
OOCC(C)C(O)(O)CC
OOCC(C)C(O)C(C)O
OOCC(C)C(O)CCO
OOCC(C)C(O)COC
OOCC(C)C(O)OCC
OOCC(C)C(OC)OC
OOCC(C)CC(O)(C)O
OOCC(C)CC(O)CO
OOCC(C)CC(O)OC
OOCC(C)CCC(O)O
OOCC(C)CCCOO
OOCC(C)CCOCO
OOCC(C)CCOOC
OOCC(C)COC(C)O
OOCC(C)COCCO
OOCC(C)COCOC
OOCC(C)COOCC
OOCC(C)OC(C)(C)O
OOCC(C)OC(C)CO
OOCC(C)OC(C)OC
OOCC(C)OC(O)CC
OOCC(C)OCC(C)O
OOCC(C)OCCCO
OOCC(C)OCCOC
OOCC(C)OCOCC
OOCC(C)OOC(C)C
OOCC(C)OOCCC
OOCC(CC)(C)C(O)O
OOCC(CC)(C)COO
OOCC(CC)(C)OCO
OOCC(CC)(C)OOC
OOCC(CC)(O)C(C)O
OOCC(CC)(O)CCO
OOCC(CC)(O)COC
OOCC(CC)(O)OCC
OOCC(CC)C(O)(C)O
OOCC(CC)C(O)CO
OOCC(CC)C(O)OC
OOCC(CC)CC(O)O
OOCC(CC)CCOO
OOCC(CC)COCO
OOCC(CC)COOC
OOCC(CC)OC(C)O
OOCC(CC)OCCO
OOCC(CC)OCOC
OOCC(CC)OOCC
OOCC(CCC)COO
OOCC(CCC)OCO
OOCC(CCC)OOC
OOCC(CCO)CCO
OOCC(CCO)COC
OOCC(CCO)OCC
OOCC(CO)(C)C(C)O
OOCC(CO)(C)CCO
OOCC(CO)(C)COC
OOCC(CO)(C)OCC
OOCC(CO)(CC)CO
OOCC(CO)(CC)OC
OOCC(CO)(O)C(C)C
OOCC(CO)(O)CCC
OOCC(CO)C(C)(C)O
OOCC(CO)C(C)CO
OOCC(CO)C(C)OC
OOCC(CO)C(O)CC
OOCC(CO)CC(C)O
OOCC(CO)CCCO
OOCC(CO)CCOC
OOCC(CO)COCC
OOCC(CO)OC(C)C
OOCC(CO)OCCC
OOCC(COC)COC
OOCC(COC)OCC
OOCC(O)(C)C(C)(C)O
OOCC(O)(C)C(C)CO
OOCC(O)(C)C(C)OC
OOCC(O)(C)C(O)CC
OOCC(O)(C)CC(C)O
OOCC(O)(C)CCCO
OOCC(O)(C)CCOC
OOCC(O)(C)COCC
OOCC(O)(C)OC(C)C
OOCC(O)(C)OCCC
OOCC(O)(O)C(C)(C)C
OOCC(O)(O)C(C)CC
OOCC(O)(O)CC(C)C
OOCC(O)(O)CCCC
OOCC(O)C(C)(C)CO
OOCC(O)C(C)(C)OC
OOCC(O)C(C)C(C)O
OOCC(O)C(C)CCO
OOCC(O)C(C)COC
OOCC(O)C(C)OCC
OOCC(O)C(CC)CO
OOCC(O)C(CC)OC
OOCC(O)C(O)(C)CC
OOCC(O)C(O)C(C)C
OOCC(O)C(O)CCC
OOCC(O)CC(C)(C)O
OOCC(O)CC(C)CO
OOCC(O)CC(C)OC
OOCC(O)CC(O)CC
OOCC(O)CCC(C)O
OOCC(O)CCCCO
OOCC(O)CCCOC
OOCC(O)CCOCC
OOCC(O)COC(C)C
OOCC(O)COCCC
OOCC(O)OC(C)(C)C
OOCC(O)OC(C)CC
OOCC(O)OCC(C)C
OOCC(O)OCCCC
OOCC(OC)(C)CCO
OOCC(OC)(C)COC
OOCC(OC)(C)OCC
OOCC(OC)(CC)OC
OOCC(OC)(O)CCC
OOCC(OC)C(C)CO
OOCC(OC)C(C)OC
OOCC(OC)C(O)CC
OOCC(OC)CC(C)O
OOCC(OC)CCCO
OOCC(OC)CCOC
OOCC(OC)COCC
OOCC(OC)OC(C)C
OOCC(OC)OCCC
OOCC(OCC)OCC
OOCC(OO)(C)CCC
OOCC(OO)C(C)CC
OOCC(OO)CC(C)C
OOCC(OO)CCCC
OOCCC(C(C)O)OC
OOCCC(C)(C)C(O)O
OOCCC(C)(C)OCO
OOCCC(C)(C)OOC
OOCCC(C)C(O)(C)O
OOCCC(C)C(O)CO
OOCCC(C)C(O)OC
OOCCC(C)CC(O)O
OOCCC(C)CCOO
OOCCC(C)COCO
OOCCC(C)COOC
OOCCC(C)OC(C)O
OOCCC(C)OCCO
OOCCC(C)OCOC
OOCCC(C)OOCC
OOCCC(CC)(O)CO
OOCCC(CC)(O)OC
OOCCC(CC)C(O)O
OOCCC(CC)OCO
OOCCC(CC)OOC
OOCCC(CO)(C)CO
OOCCC(CO)(C)OC
OOCCC(CO)C(C)O
OOCCC(CO)CCO
OOCCC(CO)COC
OOCCC(CO)OCC
OOCCC(O)(C)C(C)O
OOCCC(O)(C)CCO
OOCCC(O)(C)COC
OOCCC(O)(C)OCC
OOCCC(O)(O)C(C)C
OOCCC(O)(O)CCC
OOCCC(O)C(C)(C)O
OOCCC(O)C(C)CO
OOCCC(O)C(C)OC
OOCCC(O)C(O)CC
OOCCC(O)CC(C)O
OOCCC(O)CCCO
OOCCC(O)CCOC
OOCCC(O)COCC
OOCCC(O)OC(C)C
OOCCC(O)OCCC
OOCCC(OC)(C)OC
OOCCC(OC)CCO
OOCCC(OC)COC
OOCCC(OC)OCC
OOCCC(OO)CCC
OOCCCC(C)C(O)O
OOCCCC(C)OCO
OOCCCC(C)OOC
OOCCCC(CO)CO
OOCCCC(CO)OC
OOCCCC(O)(C)CO
OOCCCC(O)(C)OC
OOCCCC(O)(O)CC
OOCCCC(O)C(C)O
OOCCCC(O)CCO
OOCCCC(O)COC
OOCCCC(O)OCC
OOCCCC(OC)OC
OOCCCCC(O)(C)O
OOCCCCC(O)CO
OOCCCCC(O)OC
OOCCCCCC(O)O
OOCCCCCCOO
OOCCCCCOCO
OOCCCCCOOC
OOCCCCOC(C)O
OOCCCCOCCO
OOCCCCOCOC
OOCCCCOOCC
OOCCCOC(C)(C)O
OOCCCOC(C)CO
OOCCCOC(C)OC
OOCCCOC(O)CC
OOCCCOCC(C)O
OOCCCOCCCO
OOCCCOCCOC
OOCCCOCOCC
OOCCCOOC(C)C
OOCCCOOCCC
OOCCOC(C)(C)CO
OOCCOC(C)(C)OC
OOCCOC(C)C(C)O
OOCCOC(C)CCO
OOCCOC(C)COC
OOCCOC(C)OCC
OOCCOC(CC)CO
OOCCOC(CC)OC
OOCCOC(O)(C)CC
OOCCOC(O)C(C)C
OOCCOC(O)CCC
OOCCOCC(C)(C)O
OOCCOCC(C)CO
OOCCOCC(C)OC
OOCCOCC(O)CC
OOCCOCCC(C)O
OOCCOCCCCO
OOCCOCCCOC
OOCCOCCOCC
OOCCOCOC(C)C
OOCCOCOCCC
OOCCOOC(C)(C)C
OOCCOOC(C)CC
OOCCOOCC(C)C
OOCCOOCCCC
OOCOC(C(C)C)OC
OOCOC(C)(C)C(C)O
OOCOC(C)(C)CCO
OOCOC(C)(C)COC
OOCOC(C)(C)OCC
OOCOC(C)C(C)(C)O
OOCOC(C)C(C)CO
OOCOC(C)C(C)OC
OOCOC(C)C(O)CC
OOCOC(C)CC(C)O
OOCOC(C)CCCO
OOCOC(C)CCOC
OOCOC(C)COCC
OOCOC(C)OC(C)C
OOCOC(C)OCCC
OOCOC(CC)(C)CO
OOCOC(CC)(C)OC
OOCOC(CC)(O)CC
OOCOC(CC)C(C)O
OOCOC(CC)CCO
OOCOC(CC)COC
OOCOC(CC)OCC
OOCOC(CO)C(C)C
OOCOC(CO)CCC
OOCOC(O)(C)C(C)C
OOCOC(O)(C)CCC
OOCOC(O)C(C)(C)C
OOCOC(O)C(C)CC
OOCOC(O)CC(C)C
OOCOC(O)CCCC
OOCOC(OC)CCC
OOCOCC(C)(C)CO
OOCOCC(C)(C)OC
OOCOCC(C)C(C)O
OOCOCC(C)CCO
OOCOCC(C)COC
OOCOCC(C)OCC
OOCOCC(CC)CO
OOCOCC(CC)OC
OOCOCC(O)(C)CC
OOCOCC(O)C(C)C
OOCOCC(O)CCC
OOCOCCC(C)(C)O
OOCOCCC(C)CO
OOCOCCC(C)OC
OOCOCCC(O)CC
OOCOCCCC(C)O
OOCOCCCCCO
OOCOCCCCOC
OOCOCCCOCC
OOCOCCOC(C)C
OOCOCCOCCC
OOCOCOC(C)(C)C
OOCOCOC(C)CC
OOCOCOCC(C)C
OOCOCOCCCC
OOCOOC(C)(C)CC
OOCOOC(C)C(C)C
OOCOOC(C)CCC
OOCOOC(CC)CC
OOCOOCC(C)(C)C
OOCOOCC(C)CC
OOCOOCCC(C)C
OOCOOCCCCC
OOOC(C(C)(C)C)OC
OOOC(C(C)C)(C)OC
OOOC(C(C)C)C(O)C
OOOC(C(C)C)CCO
OOOC(C(C)C)COC
OOOC(C(C)C)OCC
OOOC(C(C)O)CCC
OOOC(C)(C)C(C)(C)O
OOOC(C)(C)C(C)CO
OOOC(C)(C)C(C)OC
OOOC(C)(C)C(O)CC
OOOC(C)(C)CC(C)O
OOOC(C)(C)CCCO
OOOC(C)(C)CCOC
OOOC(C)(C)COCC
OOOC(C)(C)OC(C)C
OOOC(C)(C)OCCC
OOOC(C)C(C)(C)CO
OOOC(C)C(C)(C)OC
OOOC(C)C(C)C(C)O
OOOC(C)C(C)CCO
OOOC(C)C(C)COC
OOOC(C)C(C)OCC
OOOC(C)C(CC)CO
OOOC(C)C(CC)OC
OOOC(C)C(O)(C)CC
OOOC(C)C(O)C(C)C
OOOC(C)C(O)CCC
OOOC(C)CC(C)(C)O
OOOC(C)CC(C)CO
OOOC(C)CC(C)OC
OOOC(C)CC(O)CC
OOOC(C)CCC(C)O
OOOC(C)CCCCO
OOOC(C)CCCOC
OOOC(C)CCOCC
OOOC(C)COC(C)C
OOOC(C)COCCC
OOOC(C)OC(C)(C)C
OOOC(C)OC(C)CC
OOOC(C)OCC(C)C
OOOC(C)OCCCC
OOOC(CC)(C)C(C)O
OOOC(CC)(C)CCO
OOOC(CC)(C)COC
OOOC(CC)(C)OCC
OOOC(CC)(CC)CO
OOOC(CC)(CC)OC
OOOC(CC)(O)C(C)C
OOOC(CC)(O)CCC
OOOC(CC)C(C)(C)O
OOOC(CC)C(C)CO
OOOC(CC)C(C)OC
OOOC(CC)C(O)CC
OOOC(CC)CC(C)O
OOOC(CC)CCCO
OOOC(CC)CCOC
OOOC(CC)COCC
OOOC(CC)OC(C)C
OOOC(CC)OCCC
OOOC(CCC)CCO
OOOC(CCC)COC
OOOC(CCC)OCC
OOOC(CO)(C)C(C)C
OOOC(CO)(C)CCC
OOOC(CO)C(C)(C)C
OOOC(CO)C(C)CC
OOOC(CO)CC(C)C
OOOC(CO)CCCC
OOOC(O)(C)C(C)(C)C
OOOC(O)(C)C(C)CC
OOOC(O)(C)CC(C)C
OOOC(O)(C)CCCC
OOOC(O)C(C)(C)CC
OOOC(O)C(C)C(C)C
OOOC(O)C(C)CCC
OOOC(O)C(CC)CC
OOOC(O)CC(C)(C)C
OOOC(O)CC(C)CC
OOOC(O)CCC(C)C
OOOC(O)CCCCC
OOOC(OC)(C)CCC
OOOC(OC)C(C)CC
OOOC(OC)CC(C)C
OOOC(OC)CCCC
OOOCC(C(C)C)OC
OOOCC(C)(C)C(C)O
OOOCC(C)(C)CCO
OOOCC(C)(C)COC
OOOCC(C)(C)OCC
OOOCC(C)C(C)(C)O
OOOCC(C)C(C)CO
OOOCC(C)C(C)OC
OOOCC(C)C(O)CC
OOOCC(C)CC(C)O
OOOCC(C)CCCO
OOOCC(C)CCOC
OOOCC(C)COCC
OOOCC(C)OC(C)C
OOOCC(C)OCCC
OOOCC(CC)(C)CO
OOOCC(CC)(C)OC
OOOCC(CC)(O)CC
OOOCC(CC)C(C)O
OOOCC(CC)CCO
OOOCC(CC)COC
OOOCC(CC)OCC
OOOCC(CO)C(C)C
OOOCC(CO)CCC
OOOCC(O)(C)C(C)C
OOOCC(O)(C)CCC
OOOCC(O)C(C)(C)C
OOOCC(O)C(C)CC
OOOCC(O)CC(C)C
OOOCC(O)CCCC
OOOCC(OC)CCC
OOOCCC(C)(C)CO
OOOCCC(C)(C)OC
OOOCCC(C)C(C)O
OOOCCC(C)CCO
OOOCCC(C)COC
OOOCCC(C)OCC
OOOCCC(CC)CO
OOOCCC(CC)OC
OOOCCC(O)(C)CC
OOOCCC(O)C(C)C
OOOCCC(O)CCC
OOOCCCC(C)(C)O
OOOCCCC(C)CO
OOOCCCC(C)OC
OOOCCCC(O)CC
OOOCCCCC(C)O
OOOCCCCCCO
OOOCCCCCOC
OOOCCCCOCC
OOOCCCOC(C)C
OOOCCCOCCC
OOOCCOC(C)(C)C
OOOCCOC(C)CC
OOOCCOCC(C)C
OOOCCOCCCC
OOOCOC(C)(C)CC
OOOCOC(C)C(C)C
OOOCOC(C)CCC
OOOCOC(CC)CC
OOOCOCC(C)(C)C
OOOCOCC(C)CC
OOOCOCCC(C)C
OOOCOCCCCC
OOOOC(C)(C)C(C)C
OOOOC(C)(C)CCC
OOOOC(C)C(C)(C)C
OOOOC(C)C(C)CC
OOOOC(C)CC(C)C
OOOOC(C)CCCC
OOOOC(CC)(C)CC
OOOOC(CC)C(C)C
OOOOC(CC)CCC
OOOOCC(C)(C)CC
OOOOCC(C)C(C)C
OOOOCC(C)CCC
OOOOCC(CC)CC
OOOOCCC(C)(C)C
OOOOCCC(C)CC
OOOOCCCC(C)C
OOOOCCCCCC
