CC(C)C(Cl)(Cl)C(Cl)CC
CC(C)C(Cl)C(Cl)(Cl)CC
CCC(Cl)(Cl)C(Cl)(C)CC
CCC(Cl)(Cl)C(Cl)CCC
CCC(Cl)(Cl)CC(Cl)CC
CCC(Cl)C(Cl)(Cl)CCC
CCC(Cl)C(Cl)C(Cl)CC
ClC(C)(C)C(C)(C)C(Cl)Cl
ClC(C)(C)C(C)C(Cl)CCl
ClC(C)(C)C(C)CC(Cl)Cl
ClC(C)(C)C(CC)(Cl)CCl
ClC(C)(C)C(CC)C(Cl)Cl
ClC(C)(C)C(CCl)(C)CCl
ClC(C)(C)C(CCl)C(C)Cl
ClC(C)(C)C(CCl)CCCl
ClC(C)(C)C(Cl)(C)C(C)Cl
ClC(C)(C)C(Cl)(C)CCCl
ClC(C)(C)C(Cl)(Cl)C(C)C
ClC(C)(C)C(Cl)(Cl)CCC
ClC(C)(C)C(Cl)C(C)CCl
ClC(C)(C)C(Cl)C(Cl)(C)C
ClC(C)(C)C(Cl)C(Cl)CC
ClC(C)(C)C(Cl)CC(C)Cl
ClC(C)(C)C(Cl)CCCCl
ClC(C)(C)CC(C)C(Cl)Cl
ClC(C)(C)CC(CCl)CCl
ClC(C)(C)CC(Cl)(C)CCl
ClC(C)(C)CC(Cl)(Cl)CC
ClC(C)(C)CC(Cl)C(C)Cl
ClC(C)(C)CC(Cl)CCCl
ClC(C)(C)CCC(Cl)CCl
ClC(C)(C)CCCC(Cl)Cl
ClC(C)C(C(C)Cl)C(Cl)C
ClC(C)C(C(C)Cl)CCCl
ClC(C)C(C)(C)C(Cl)CCl
ClC(C)C(C)C(CCl)CCl
ClC(C)C(C)C(Cl)(C)CCl
ClC(C)C(C)C(Cl)(Cl)CC
ClC(C)C(C)C(Cl)CCCl
ClC(C)C(C)CC(Cl)CCl
ClC(C)C(CC)(Cl)C(Cl)C
ClC(C)C(CC)(Cl)CCCl
ClC(C)C(CC)C(Cl)CCl
ClC(C)C(CCl)(C)C(Cl)C
ClC(C)C(CCl)(C)CCCl
ClC(C)C(CCl)(CC)CCl
ClC(C)C(CCl)(Cl)C(C)C
ClC(C)C(CCl)(Cl)CCC
ClC(C)C(CCl)C(C)CCl
ClC(C)C(CCl)C(Cl)CC
ClC(C)C(CCl)CC(C)Cl
ClC(C)C(CCl)CCCCl
ClC(C)C(Cl)(C)C(C)CCl
ClC(C)C(Cl)(C)C(Cl)CC
ClC(C)C(Cl)(C)CC(C)Cl
ClC(C)C(Cl)(C)CCCCl
ClC(C)C(Cl)(Cl)C(C)(C)C
ClC(C)C(Cl)(Cl)C(C)CC
ClC(C)C(Cl)(Cl)CC(C)C
ClC(C)C(Cl)(Cl)CCCC
ClC(C)C(Cl)C(C)(C)CCl
ClC(C)C(Cl)C(C)C(C)Cl
ClC(C)C(Cl)C(C)CCCl
ClC(C)C(Cl)C(CC)CCl
ClC(C)C(Cl)C(Cl)(C)CC
ClC(C)C(Cl)C(Cl)C(C)C
ClC(C)C(Cl)C(Cl)CCC
ClC(C)C(Cl)CC(C)CCl
ClC(C)C(Cl)CC(Cl)CC
ClC(C)C(Cl)CCC(C)Cl
ClC(C)C(Cl)CCCCCl
ClC(C)CC(C)C(Cl)CCl
ClC(C)CC(CC)(Cl)CCl
ClC(C)CC(CCl)(C)CCl
ClC(C)CC(CCl)CCCl
ClC(C)CC(Cl)(C)CCCl
ClC(C)CC(Cl)(Cl)C(C)C
ClC(C)CC(Cl)(Cl)CCC
ClC(C)CC(Cl)C(C)CCl
ClC(C)CC(Cl)C(Cl)CC
ClC(C)CC(Cl)CC(Cl)C
ClC(C)CC(Cl)CCCCl
ClC(C)CCC(CCl)CCl
ClC(C)CCC(Cl)(C)CCl
ClC(C)CCC(Cl)(Cl)CC
ClC(C)CCC(Cl)CCCl
ClC(C)CCCC(Cl)CCl
ClC(Cl)(C)C(C)(C)C(C)Cl
ClC(Cl)(C)C(C)(C)CCCl
ClC(Cl)(C)C(C)C(C)(C)Cl
ClC(Cl)(C)C(C)C(C)CCl
ClC(Cl)(C)C(C)C(Cl)CC
ClC(Cl)(C)C(C)CC(C)Cl
ClC(Cl)(C)C(C)CCCCl
ClC(Cl)(C)C(CC)(C)CCl
ClC(Cl)(C)C(CC)(Cl)CC
ClC(Cl)(C)C(CC)C(C)Cl
ClC(Cl)(C)C(CC)CCCl
ClC(Cl)(C)C(CCl)C(C)C
ClC(Cl)(C)C(CCl)CCC
ClC(Cl)(C)C(Cl)(C)C(C)C
ClC(Cl)(C)C(Cl)(C)CCC
ClC(Cl)(C)C(Cl)C(C)(C)C
ClC(Cl)(C)C(Cl)C(C)CC
ClC(Cl)(C)C(Cl)CC(C)C
ClC(Cl)(C)C(Cl)CCCC
ClC(Cl)(C)CC(C)(C)CCl
ClC(Cl)(C)CC(C)C(C)Cl
ClC(Cl)(C)CC(C)CCCl
ClC(Cl)(C)CC(CC)CCl
ClC(Cl)(C)CC(Cl)(C)CC
ClC(Cl)(C)CC(Cl)C(C)C
ClC(Cl)(C)CC(Cl)CCC
ClC(Cl)(C)CCC(C)(C)Cl
ClC(Cl)(C)CCC(C)CCl
ClC(Cl)(C)CCC(Cl)CC
ClC(Cl)(C)CCCC(C)Cl
ClC(Cl)(C)CCCCCCl
ClC(Cl)(Cl)C(C)(C)C(C)C
ClC(Cl)(Cl)C(C)(C)CCC
ClC(Cl)(Cl)C(C)C(C)(C)C
ClC(Cl)(Cl)C(C)C(C)CC
ClC(Cl)(Cl)C(C)CC(C)C
ClC(Cl)(Cl)C(C)CCCC
ClC(Cl)(Cl)C(CC)(C)CC
ClC(Cl)(Cl)C(CC)C(C)C
ClC(Cl)(Cl)C(CC)CCC
ClC(Cl)(Cl)CC(C)(C)CC
ClC(Cl)(Cl)CC(C)C(C)C
ClC(Cl)(Cl)CC(C)CCC
ClC(Cl)(Cl)CC(CC)CC
ClC(Cl)(Cl)CCC(C)(C)C
ClC(Cl)(Cl)CCC(C)CC
ClC(Cl)(Cl)CCCC(C)C
ClC(Cl)(Cl)CCCCCC
ClC(Cl)C(C(C)C)C(Cl)C
ClC(Cl)C(C(C)C)CCCl
ClC(Cl)C(C(C)Cl)CCC
ClC(Cl)C(C)(C)C(C)CCl
ClC(Cl)C(C)(C)C(Cl)CC
ClC(Cl)C(C)(C)CC(C)Cl
ClC(Cl)C(C)(C)CCCCl
ClC(Cl)C(C)C(C)(C)CCl
ClC(Cl)C(C)C(C)C(C)Cl
ClC(Cl)C(C)C(C)CCCl
ClC(Cl)C(C)C(CC)CCl
ClC(Cl)C(C)C(Cl)(C)CC
ClC(Cl)C(C)C(Cl)C(C)C
ClC(Cl)C(C)C(Cl)CCC
ClC(Cl)C(C)CC(C)CCl
ClC(Cl)C(C)CC(Cl)CC
ClC(Cl)C(C)CCC(C)Cl
ClC(Cl)C(C)CCCCCl
ClC(Cl)C(CC)(C)C(C)Cl
ClC(Cl)C(CC)(C)CCCl
ClC(Cl)C(CC)(CC)CCl
ClC(Cl)C(CC)(Cl)C(C)C
ClC(Cl)C(CC)(Cl)CCC
ClC(Cl)C(CC)C(C)CCl
ClC(Cl)C(CC)C(Cl)CC
ClC(Cl)C(CC)CC(C)Cl
ClC(Cl)C(CC)CCCCl
ClC(Cl)C(CCl)(C)C(C)C
ClC(Cl)C(CCl)(C)CCC
ClC(Cl)C(CCl)C(C)(C)C
ClC(Cl)C(CCl)C(C)CC
ClC(Cl)C(CCl)CC(C)C
ClC(Cl)C(CCl)CCCC
ClC(Cl)C(Cl)(C)C(C)(C)C
ClC(Cl)C(Cl)(C)C(C)CC
ClC(Cl)C(Cl)(C)CC(C)C
ClC(Cl)C(Cl)(C)CCCC
ClC(Cl)C(Cl)C(C)(C)CC
ClC(Cl)C(Cl)C(C)C(C)C
ClC(Cl)C(Cl)C(C)CCC
ClC(Cl)C(Cl)C(CC)CC
ClC(Cl)C(Cl)CC(C)(C)C
ClC(Cl)C(Cl)CC(C)CC
ClC(Cl)C(Cl)CCC(C)C
ClC(Cl)C(Cl)CCCCC
ClC(Cl)CC(C)(C)C(C)Cl
ClC(Cl)CC(C)(C)CCCl
ClC(Cl)CC(C)C(C)CCl
ClC(Cl)CC(C)C(Cl)CC
ClC(Cl)CC(C)CC(C)Cl
ClC(Cl)CC(C)CCCCl
ClC(Cl)CC(CC)(C)CCl
ClC(Cl)CC(CC)(Cl)CC
ClC(Cl)CC(CC)C(C)Cl
ClC(Cl)CC(CC)CCCl
ClC(Cl)CC(CCl)C(C)C
ClC(Cl)CC(CCl)CCC
ClC(Cl)CC(Cl)(C)C(C)C
ClC(Cl)CC(Cl)(C)CCC
ClC(Cl)CC(Cl)C(C)(C)C
ClC(Cl)CC(Cl)C(C)CC
ClC(Cl)CC(Cl)CC(C)C
ClC(Cl)CC(Cl)CCCC
ClC(Cl)CCC(C)(C)CCl
ClC(Cl)CCC(C)C(C)Cl
ClC(Cl)CCC(C)CCCl
ClC(Cl)CCC(CC)CCl
ClC(Cl)CCC(Cl)(C)CC
ClC(Cl)CCC(Cl)C(C)C
ClC(Cl)CCC(Cl)CCC
ClC(Cl)CCCC(C)CCl
ClC(Cl)CCCC(Cl)CC
ClC(Cl)CCCCC(C)Cl
ClC(Cl)CCCCCCCl
ClCC(C(C)C)(Cl)CCCl
ClCC(C(C)C)C(Cl)CCl
ClCC(C)(C)C(CCl)CCl
ClCC(C)(C)C(Cl)(Cl)CC
ClCC(C)(C)C(Cl)CCCl
ClCC(C)(C)CC(Cl)CCl
ClCC(C)C(CCl)CCCl
ClCC(C)C(Cl)(C)CCCl
ClCC(C)C(Cl)(Cl)C(C)C
ClCC(C)C(Cl)(Cl)CCC
ClCC(C)C(Cl)C(C)CCl
ClCC(C)C(Cl)C(Cl)CC
ClCC(C)C(Cl)CCCCl
ClCC(C)CC(Cl)(Cl)CC
ClCC(C)CC(Cl)CCCl
ClCC(CC)(C)C(Cl)CCl
ClCC(CC)(Cl)C(C)CCl
ClCC(CC)(Cl)C(Cl)CC
ClCC(CC)(Cl)CCCCl
ClCC(CC)C(Cl)(Cl)CC
ClCC(CC)C(Cl)CCCl
ClCC(CC)CC(Cl)CCl
ClCC(CCl)(C)C(C)CCl
ClCC(CCl)(C)C(Cl)CC
ClCC(CCl)(C)CCCCl
ClCC(CCl)(CC)CCCl
ClCC(CCl)(CCl)C(C)C
ClCC(CCl)(CCl)CCC
ClCC(CCl)(Cl)C(C)(C)C
ClCC(CCl)(Cl)C(C)CC
ClCC(CCl)(Cl)CC(C)C
ClCC(CCl)(Cl)CCCC
ClCC(CCl)C(C)CCCl
ClCC(CCl)C(CC)CCl
ClCC(CCl)C(Cl)(C)CC
ClCC(CCl)C(Cl)C(C)C
ClCC(CCl)C(Cl)CCC
ClCC(CCl)CC(C)CCl
ClCC(CCl)CC(Cl)CC
ClCC(CCl)CCCCCl
ClCC(Cl)(C)C(C)(C)CCl
ClCC(Cl)(C)C(C)CCCl
ClCC(Cl)(C)C(CC)CCl
ClCC(Cl)(C)C(Cl)(C)CC
ClCC(Cl)(C)C(Cl)C(C)C
ClCC(Cl)(C)C(Cl)CCC
ClCC(Cl)(C)CC(C)CCl
ClCC(Cl)(C)CC(Cl)CC
ClCC(Cl)(C)CCCCCl
ClCC(Cl)(Cl)C(C)(C)CC
ClCC(Cl)(Cl)C(C)C(C)C
ClCC(Cl)(Cl)C(C)CCC
ClCC(Cl)(Cl)C(CC)CC
ClCC(Cl)(Cl)CC(C)(C)C
ClCC(Cl)(Cl)CC(C)CC
ClCC(Cl)(Cl)CCC(C)C
ClCC(Cl)(Cl)CCCCC
ClCC(Cl)C(C)(C)CCCl
ClCC(Cl)C(C)C(C)CCl
ClCC(Cl)C(C)C(Cl)CC
ClCC(Cl)C(C)CCCCl
ClCC(Cl)C(CC)(Cl)CC
ClCC(Cl)C(CC)CCCl
ClCC(Cl)C(CCl)CCC
ClCC(Cl)C(Cl)(C)C(C)C
ClCC(Cl)C(Cl)(C)CCC
ClCC(Cl)C(Cl)C(C)(C)C
ClCC(Cl)C(Cl)C(C)CC
ClCC(Cl)C(Cl)CC(C)C
ClCC(Cl)C(Cl)CCCC
ClCC(Cl)CC(C)CCCl
ClCC(Cl)CC(Cl)(C)CC
ClCC(Cl)CC(Cl)C(C)C
ClCC(Cl)CC(Cl)CCC
ClCC(Cl)CCC(C)CCl
ClCC(Cl)CCC(Cl)CC
ClCC(Cl)CCCCCCl
ClCCC(C(C)Cl)CCCl
ClCCC(C(Cl)Cl)CCC
ClCCC(C)C(Cl)(Cl)CC
ClCCC(CC)(Cl)CCCl
ClCCC(CCCl)CCCl
ClCCC(CCl)(C)CCCl
ClCCC(CCl)(Cl)CCC
ClCCC(CCl)C(Cl)CC
ClCCC(CCl)CCCCl
ClCCC(Cl)(C)C(Cl)CC
ClCCC(Cl)(C)CCCCl
ClCCC(Cl)(Cl)C(C)(C)C
ClCCC(Cl)(Cl)C(C)CC
ClCCC(Cl)(Cl)CC(C)C
ClCCC(Cl)(Cl)CCCC
ClCCC(Cl)C(C)CCCl
ClCCC(Cl)C(Cl)(C)CC
ClCCC(Cl)C(Cl)C(C)C
ClCCC(Cl)C(Cl)CCC
ClCCC(Cl)CC(Cl)CC
ClCCC(Cl)CCCCCl
ClCCCC(Cl)(Cl)C(C)C
ClCCCC(Cl)(Cl)CCC
ClCCCC(Cl)C(Cl)CC
ClCCCC(Cl)CCCCl
ClCCCCC(Cl)(Cl)CC
