CC(C)(C)C(N)(N)NCC
CC(C)(C)C(N)N(N)CC
CC(C)(C)C(N)NNCC
CC(C)(C)CN(N)NCC
CC(C)(C)CNN(N)CC
CC(C)(C)CNNNCC
CC(C)(C)N(C)N(N)CC
CC(C)(C)N(C)NNCC
CC(C)(C)N(N)C(N)CC
CC(C)(C)N(N)CNCC
CC(C)(C)N(N)N(C)CC
CC(C)(C)N(N)NC(C)C
CC(C)(C)N(N)NCCC
CC(C)(C)NC(N)(N)CC
CC(C)(C)NC(N)NCC
CC(C)(C)NCN(N)CC
CC(C)(C)NCNNCC
CC(C)(C)NN(C)NCC
CC(C)(C)NN(N)C(C)C
CC(C)(C)NN(N)CCC
CC(C)(C)NNC(N)CC
CC(C)(C)NNCNCC
CC(C)(C)NNN(C)CC
CC(C)(C)NNNC(C)C
CC(C)(C)NNNCCC
CC(C)C(C)N(N)NCC
CC(C)C(C)NN(N)CC
CC(C)C(C)NNNCC
CC(C)C(N)(C)N(N)CC
CC(C)C(N)(C)NNCC
CC(C)C(N)(N)C(N)CC
CC(C)C(N)(N)CNCC
CC(C)C(N)(N)N(C)CC
CC(C)C(N)(N)NCCC
CC(C)C(N)C(N)(N)CC
CC(C)C(N)C(N)NCC
CC(C)C(N)CN(N)CC
CC(C)C(N)CNNCC
CC(C)C(N)N(C)NCC
CC(C)C(N)N(N)CCC
CC(C)C(N)NC(N)CC
CC(C)C(N)NCNCC
CC(C)C(N)NN(C)CC
CC(C)C(N)NNCCC
CC(C)CC(N)(N)NCC
CC(C)CC(N)N(N)CC
CC(C)CC(N)NNCC
CC(C)CC(NN)NCC
CC(C)CCN(N)NCC
CC(C)CCNN(N)CC
CC(C)CCNNNCC
CC(C)CN(C)N(N)CC
CC(C)CN(C)NNCC
CC(C)CN(CN)NCC
CC(C)CN(N)C(N)CC
CC(C)CN(N)CNCC
CC(C)CN(N)N(C)CC
CC(C)CN(N)NCCC
CC(C)CN(NC)NCC
CC(C)CN(NN)CCC
CC(C)CNC(N)(N)CC
CC(C)CNC(N)NCC
CC(C)CNCN(N)CC
CC(C)CNCNNCC
CC(C)CNN(C)NCC
CC(C)CNN(N)CCC
CC(C)CNNC(N)CC
CC(C)CNNCNCC
CC(C)CNNN(C)CC
CC(C)CNNNCCC
CC(C)N(C)C(N)(N)CC
CC(C)N(C)C(N)NCC
CC(C)N(C)CN(N)CC
CC(C)N(C)CNNCC
CC(C)N(C)N(C)NCC
CC(C)N(C)N(N)CCC
CC(C)N(C)NC(N)CC
CC(C)N(C)NCNCC
CC(C)N(C)NN(C)CC
CC(C)N(C)NNC(C)C
CC(C)N(C)NNCCC
CC(C)N(CC)N(N)CC
CC(C)N(CC)NNCC
CC(C)N(N)C(C)NCC
CC(C)N(N)C(N)(C)CC
CC(C)N(N)C(N)C(C)C
CC(C)N(N)C(N)CCC
CC(C)N(N)CC(N)CC
CC(C)N(N)CCNCC
CC(C)N(N)CN(C)CC
CC(C)N(N)CNC(C)C
CC(C)N(N)CNCCC
CC(C)N(N)N(C)C(C)C
CC(C)N(N)N(C)CCC
CC(C)N(N)N(CC)CC
CC(C)N(N)NC(C)CC
CC(C)N(N)NCC(C)C
CC(C)N(N)NCCCC
CC(C)NC(C)N(N)CC
CC(C)NC(C)NNCC
CC(C)NC(CN)NCC
CC(C)NC(N)(C)NCC
CC(C)NC(N)(N)C(C)C
CC(C)NC(N)(N)CCC
CC(C)NC(N)C(N)CC
CC(C)NC(N)CNCC
CC(C)NC(N)N(C)CC
CC(C)NC(N)NC(C)C
CC(C)NC(N)NCCC
CC(C)NC(NC)NCC
CC(C)NC(NN)CCC
CC(C)NCC(N)(N)CC
CC(C)NCC(N)NCC
CC(C)NCCN(N)CC
CC(C)NCCNNCC
CC(C)NCN(C)NCC
CC(C)NCN(N)CCC
CC(C)NCNC(N)CC
CC(C)NCNCNCC
CC(C)NCNN(C)CC
CC(C)NCNNCCC
CC(C)NN(C)C(N)CC
CC(C)NN(C)CNCC
CC(C)NN(C)N(C)CC
CC(C)NN(C)NC(C)C
CC(C)NN(C)NCCC
CC(C)NN(CC)NCC
CC(C)NN(CN)CCC
CC(C)NN(N)C(C)CC
CC(C)NN(N)CC(C)C
CC(C)NN(N)CCCC
CC(C)NN(NC)CCC
CC(C)NNC(C)NCC
CC(C)NNC(N)(C)CC
CC(C)NNC(N)C(C)C
CC(C)NNC(N)CCC
CC(C)NNCC(N)CC
CC(C)NNCCNCC
CC(C)NNCN(C)CC
CC(C)NNCNC(C)C
CC(C)NNCNCCC
CC(C)NNN(C)CCC
CC(C)NNN(CC)CC
CC(C)NNNC(C)CC
CC(C)NNNCC(C)C
CC(C)NNNCCCC
CCC(C)N(N)NCCC
CCC(C)N(NN)CCC
CCC(C)NN(N)CCC
CCC(C)NNNCCC
CCC(N)(C)N(N)CCC
CCC(N)(C)NC(N)CC
CCC(N)(C)NNCCC
CCC(N)(N)C(N)(C)CC
CCC(N)(N)C(N)CCC
CCC(N)(N)CC(N)CC
CCC(N)(N)CNCCC
CCC(N)(N)N(C)CCC
CCC(N)(N)NC(C)CC
CCC(N)(N)NCCCC
CCC(N)C(N)(N)CCC
CCC(N)C(N)C(N)CC
CCC(N)C(N)NCCC
CCC(N)C(NN)CCC
CCC(N)CN(N)CCC
CCC(N)CNNCCC
CCC(N)N(C)C(N)CC
CCC(N)N(C)NCCC
CCC(N)N(CN)CCC
CCC(N)N(N)C(C)CC
CCC(N)N(N)CCCC
CCC(N)N(NC)CCC
CCC(N)NC(N)CCC
CCC(N)NCC(N)CC
CCC(N)NCNCCC
CCC(N)NN(C)CCC
CCC(N)NNC(C)CC
CCC(N)NNCCCC
CCCC(N(N)N)CCC
CCCC(NN)(N)CCC
CCCN(C(N)N)CCC
CCCN(C)NNCCC
CCCN(CN)NCCC
CCCN(N(C)N)CCC
CCCN(N)C(N)CCC
CCCN(N)CNCCC
CCCN(N)N(C)CCC
CCCN(N)NCCCC
CCCN(NC)NCCC
CCCN(NN)CCCC
CCCNC(N)(N)CCC
CCCNC(N)NCCC
CCCNC(NN)CCC
CCCNN(C)NCCC
CCCNN(N)CCCC
CCCNNC(N)CCC
CCCNNCNCCC
CCCNNNCCCC
CCN(C)C(C)NNCC
CCN(C)C(CN)NCC
CCN(C)C(N)(C)NCC
CCN(C)C(N)(N)CCC
CCN(C)C(N)C(N)CC
CCN(C)C(N)CNCC
CCN(C)C(N)N(C)CC
CCN(C)C(N)NCCC
CCN(C)C(NC)NCC
CCN(C)C(NN)CCC
CCN(C)CC(N)(N)CC
CCN(C)CC(N)NCC
CCN(C)CCNNCC
CCN(C)CN(C)NCC
CCN(C)CN(N)CCC
CCN(C)CNC(N)CC
CCN(C)CNCNCC
CCN(C)CNNCCC
CCN(C)N(C)C(N)CC
CCN(C)N(C)CNCC
CCN(C)N(C)N(C)CC
CCN(C)N(C)NCCC
CCN(C)N(CC)NCC
CCN(C)N(CN)CCC
CCN(C)N(N)C(C)CC
CCN(C)N(N)CCCC
CCN(C)N(NC)CCC
CCN(C)NC(C)NCC
CCN(C)NC(N)(C)CC
CCN(C)NC(N)CCC
CCN(C)NCC(N)CC
CCN(C)NCCNCC
CCN(C)NCN(C)CC
CCN(C)NCNCCC
CCN(C)NN(C)CCC
CCN(C)NNC(C)CC
CCN(C)NNCCCC
CCN(CC)C(N)(N)CC
CCN(CC)C(N)NCC
CCN(CC)CN(N)CC
CCN(CC)CNNCC
CCN(CC)N(C)NCC
CCN(CC)N(N)CCC
CCN(CC)NC(N)CC
CCN(CC)NCNCC
CCN(CC)NN(C)CC
CCN(CC)NNCCC
CCN(N)C(C)(C)NCC
CCN(N)C(C)C(N)CC
CCN(N)C(C)CNCC
CCN(N)C(C)N(C)CC
CCN(N)C(C)NCCC
CCN(N)C(CC)(N)CC
CCN(N)C(CC)NCC
CCN(N)C(CN)CCC
CCN(N)C(N)(C)CCC
CCN(N)C(N)C(C)CC
CCN(N)C(N)CCCC
CCN(N)C(NC)CCC
CCN(N)CC(C)NCC
CCN(N)CC(N)(C)CC
CCN(N)CC(N)CCC
CCN(N)CCC(N)CC
CCN(N)CCCNCC
CCN(N)CCN(C)CC
CCN(N)CCNCCC
CCN(N)CN(C)CCC
CCN(N)CNC(C)CC
CCN(N)CNCCCC
CCN(N)N(C)C(C)CC
CCN(N)N(C)CCCC
CCN(N)N(CC)CCC
CCN(N)NC(C)(C)CC
CCN(N)NC(C)CCC
CCN(N)NC(CC)CC
CCN(N)NCC(C)CC
CCN(N)NCCCCC
CCNC(C(C)N)NCC
CCNC(C(N)N)CCC
CCNC(C)C(N)(N)CC
CCNC(C)N(N)CCC
CCNC(C)NC(N)CC
CCNC(C)NCNCC
CCNC(C)NNCCC
CCNC(CC)(N)NCC
CCNC(CN)(C)NCC
CCNC(CN)(N)CCC
CCNC(CN)C(N)CC
CCNC(CN)CNCC
CCNC(CN)NCCC
CCNC(N(C)C)NCC
CCNC(N(C)N)CCC
CCNC(N)(C)C(N)CC
CCNC(N)(C)CNCC
CCNC(N)(C)NCCC
CCNC(N)(N)C(C)CC
CCNC(N)(N)CCCC
CCNC(N)C(C)NCC
CCNC(N)C(N)(C)CC
CCNC(N)C(N)CCC
CCNC(N)CC(N)CC
CCNC(N)CCNCC
CCNC(N)CNCCC
CCNC(N)N(C)CCC
CCNC(N)NC(C)CC
CCNC(N)NCCCC
CCNC(NC)(C)NCC
CCNC(NC)(N)CCC
CCNC(NC)C(N)CC
CCNC(NC)CNCC
CCNC(NC)NCCC
CCNC(NCC)NCC
CCNC(NN)(C)CCC
CCNC(NN)C(C)CC
CCNC(NN)CCCC
CCNCC(N)(N)CCC
CCNCC(N)C(N)CC
CCNCC(N)CNCC
CCNCC(N)NCCC
CCNCC(NN)CCC
CCNCCC(N)(N)CC
CCNCCN(N)CCC
CCNCCNC(N)CC
CCNCCNNCCC
CCNCN(C)C(N)CC
CCNCN(C)CNCC
CCNCN(C)NCCC
CCNCN(CN)CCC
CCNCN(N)C(C)CC
CCNCN(N)CCCC
CCNCN(NC)CCC
CCNCNC(N)(C)CC
CCNCNC(N)CCC
CCNCNCC(N)CC
CCNCNCCNCC
CCNCNCNCCC
CCNCNN(C)CCC
CCNCNNC(C)CC
CCNCNNCCCC
CCNN(C(C)C)NCC
CCNN(C(C)N)CCC
CCNN(C)C(C)NCC
CCNN(C)C(N)(C)CC
CCNN(C)C(N)CCC
CCNN(C)CC(N)CC
CCNN(C)CCNCC
CCNN(C)CNCCC
CCNN(C)N(C)CCC
CCNN(C)NC(C)CC
CCNN(C)NCCCC
CCNN(CC)C(N)CC
CCNN(CC)CNCC
CCNN(CC)NCCC
CCNN(CCC)NCC
CCNN(CN)C(C)CC
CCNN(CN)CCCC
CCNN(N(C)C)CCC
CCNN(N)C(C)(C)CC
CCNN(N)C(C)CCC
CCNN(N)C(CC)CC
CCNN(N)CC(C)CC
CCNN(N)CCCCC
CCNN(NC)C(C)CC
CCNN(NC)CCCC
CCNNC(C)(C)NCC
CCNNC(C)C(N)CC
CCNNC(C)CNCC
CCNNC(C)NCCC
CCNNC(CC)(N)CC
CCNNC(CC)NCC
CCNNC(CN)CCC
CCNNC(N)(C)CCC
CCNNC(N)C(C)CC
CCNNC(N)CCCC
CCNNC(NC)CCC
CCNNCC(C)NCC
CCNNCC(N)(C)CC
CCNNCC(N)CCC
CCNNCCC(N)CC
CCNNCCCNCC
CCNNCCNCCC
CCNNCN(C)CCC
CCNNCNC(C)CC
CCNNCNCCCC
CCNNN(C)C(C)CC
CCNNN(C)CCCC
CCNNN(CC)CCC
CCNNNC(C)(C)CC
CCNNNC(C)CCC
CCNNNC(CC)CC
CCNNNCC(C)CC
CCNNNCCCCC
CN(C)C(C(C)C)(N)NC
CN(C)C(C(C)C)NNC
CN(C)C(C)(C)C(N)NC
CN(C)C(C)(C)CNNC
CN(C)C(C)(C)N(C)NC
CN(C)C(C)(C)N(N)CC
CN(C)C(C)(C)NCNC
CN(C)C(C)(C)NNCC
CN(C)C(C)C(C)NNC
CN(C)C(C)C(N)(C)NC
CN(C)C(C)C(N)(N)CC
CN(C)C(C)C(N)CNC
CN(C)C(C)C(N)NCC
CN(C)C(C)C(NC)NC
CN(C)C(C)CC(N)NC
CN(C)C(C)CCNNC
CN(C)C(C)CN(C)NC
CN(C)C(C)CN(N)CC
CN(C)C(C)CNCNC
CN(C)C(C)CNNCC
CN(C)C(C)N(C)CNC
CN(C)C(C)N(C)NCC
CN(C)C(C)N(CC)NC
CN(C)C(C)N(N)C(C)C
CN(C)C(C)N(N)CCC
CN(C)C(C)NC(C)NC
CN(C)C(C)NC(N)CC
CN(C)C(C)NCCNC
CN(C)C(C)NCN(C)C
CN(C)C(C)NCNCC
CN(C)C(C)NN(C)CC
CN(C)C(C)NNC(C)C
CN(C)C(C)NNCCC
CN(C)C(CC)(C)NNC
CN(C)C(CC)(N)CNC
CN(C)C(CC)(N)N(C)C
CN(C)C(CC)(N)NCC
CN(C)C(CC)C(N)NC
CN(C)C(CC)CNNC
CN(C)C(CC)N(C)NC
CN(C)C(CC)N(N)CC
CN(C)C(CC)NCNC
CN(C)C(CC)NNCC
CN(C)C(N(C)C)CNC
CN(C)C(N(C)C)N(C)C
CN(C)C(N(C)C)NCC
CN(C)C(N)(C)C(C)NC
CN(C)C(N)(C)C(N)CC
CN(C)C(N)(C)CCNC
CN(C)C(N)(C)CN(C)C
CN(C)C(N)(C)CNCC
CN(C)C(N)(C)N(C)CC
CN(C)C(N)(C)NC(C)C
CN(C)C(N)(C)NCCC
CN(C)C(N)(N)C(C)(C)C
CN(C)C(N)(N)C(C)CC
CN(C)C(N)(N)CC(C)C
CN(C)C(N)(N)CCCC
CN(C)C(N)C(C)(C)NC
CN(C)C(N)C(C)CNC
CN(C)C(N)C(C)N(C)C
CN(C)C(N)C(C)NCC
CN(C)C(N)C(CC)NC
CN(C)C(N)C(N)(C)CC
CN(C)C(N)C(N)C(C)C
CN(C)C(N)C(N)CCC
CN(C)C(N)CC(C)NC
CN(C)C(N)CC(N)CC
CN(C)C(N)CCCNC
CN(C)C(N)CCN(C)C
CN(C)C(N)CCNCC
CN(C)C(N)CN(C)CC
CN(C)C(N)CNC(C)C
CN(C)C(N)CNCCC
CN(C)C(N)N(C)C(C)C
CN(C)C(N)N(C)CCC
CN(C)C(N)N(CC)CC
CN(C)C(N)NC(C)(C)C
CN(C)C(N)NC(C)CC
CN(C)C(N)NCC(C)C
CN(C)C(N)NCCCC
CN(C)C(NC)(C)CNC
CN(C)C(NC)(C)N(C)C
CN(C)C(NC)(C)NCC
CN(C)C(NC)(CC)NC
CN(C)C(NC)(N)CCC
CN(C)C(NC)C(C)NC
CN(C)C(NC)C(N)CC
CN(C)C(NC)CCNC
CN(C)C(NC)CN(C)C
CN(C)C(NC)CNCC
CN(C)C(NC)N(C)CC
CN(C)C(NC)NC(C)C
CN(C)C(NC)NCCC
CN(C)CC(C)(C)NNC
CN(C)CC(C)C(N)NC
CN(C)CC(C)CNNC
CN(C)CC(C)N(C)NC
CN(C)CC(C)N(N)CC
CN(C)CC(C)NCNC
CN(C)CC(C)NNCC
CN(C)CC(CC)(N)NC
CN(C)CC(CC)NNC
CN(C)CC(CN)CNC
CN(C)CC(CN)NCC
CN(C)CC(N)(C)CNC
CN(C)CC(N)(C)NCC
CN(C)CC(N)(N)C(C)C
CN(C)CC(N)(N)CCC
CN(C)CC(N)C(C)NC
CN(C)CC(N)C(N)CC
CN(C)CC(N)CCNC
CN(C)CC(N)CN(C)C
CN(C)CC(N)CNCC
CN(C)CC(N)N(C)CC
CN(C)CC(N)NC(C)C
CN(C)CC(N)NCCC
CN(C)CC(NC)(C)NC
CN(C)CC(NC)CNC
CN(C)CC(NC)NCC
CN(C)CC(NN)CCC
CN(C)CCC(C)NNC
CN(C)CCC(N)(C)NC
CN(C)CCC(N)(N)CC
CN(C)CCC(N)CNC
CN(C)CCC(N)NCC
CN(C)CCC(NC)NC
CN(C)CCCC(N)NC
CN(C)CCCCNNC
CN(C)CCCN(C)NC
CN(C)CCCN(N)CC
CN(C)CCCNCNC
CN(C)CCCNNCC
CN(C)CCN(C)CNC
CN(C)CCN(C)NCC
CN(C)CCN(CC)NC
CN(C)CCN(N)C(C)C
CN(C)CCN(N)CCC
CN(C)CCNC(C)NC
CN(C)CCNC(N)CC
CN(C)CCNCCNC
CN(C)CCNCNCC
CN(C)CCNN(C)CC
CN(C)CCNNC(C)C
CN(C)CCNNCCC
CN(C)CN(C(C)C)NC
CN(C)CN(C)C(C)NC
CN(C)CN(C)C(N)CC
CN(C)CN(C)CCNC
CN(C)CN(C)CN(C)C
CN(C)CN(C)CNCC
CN(C)CN(C)N(C)CC
CN(C)CN(C)NC(C)C
CN(C)CN(C)NCCC
CN(C)CN(CC)CNC
CN(C)CN(CC)NCC
CN(C)CN(CN)CCC
CN(C)CN(N)C(C)(C)C
CN(C)CN(N)C(C)CC
CN(C)CN(N)CC(C)C
CN(C)CN(N)CCCC
CN(C)CN(NC)CCC
CN(C)CNC(C)(C)NC
CN(C)CNC(C)CNC
CN(C)CNC(C)NCC
CN(C)CNC(CC)NC
CN(C)CNC(N)(C)CC
CN(C)CNC(N)C(C)C
CN(C)CNC(N)CCC
CN(C)CNCC(C)NC
CN(C)CNCC(N)CC
CN(C)CNCCCNC
CN(C)CNCCN(C)C
CN(C)CNCCNCC
CN(C)CNCN(C)CC
CN(C)CNCNC(C)C
CN(C)CNCNCCC
CN(C)CNN(C)C(C)C
CN(C)CNN(C)CCC
CN(C)CNN(CC)CC
CN(C)CNNC(C)(C)C
CN(C)CNNC(C)CC
CN(C)CNNCC(C)C
CN(C)CNNCCCC
CN(C)N(C(C)(C)C)NC
CN(C)N(C(C)C)CNC
CN(C)N(C(C)C)N(C)C
CN(C)N(C(C)C)NCC
CN(C)N(C)C(C)(C)NC
CN(C)N(C)C(C)CNC
CN(C)N(C)C(C)N(C)C
CN(C)N(C)C(C)NCC
CN(C)N(C)C(CC)NC
CN(C)N(C)C(N)(C)CC
CN(C)N(C)C(N)C(C)C
CN(C)N(C)C(N)CCC
CN(C)N(C)CC(C)NC
CN(C)N(C)CC(N)CC
CN(C)N(C)CCCNC
CN(C)N(C)CCN(C)C
CN(C)N(C)CCNCC
CN(C)N(C)CN(C)CC
CN(C)N(C)CNC(C)C
CN(C)N(C)CNCCC
CN(C)N(C)N(C)C(C)C
CN(C)N(C)N(C)CCC
CN(C)N(C)N(CC)CC
CN(C)N(C)NC(C)(C)C
CN(C)N(C)NC(C)CC
CN(C)N(C)NCC(C)C
CN(C)N(C)NCCCC
CN(C)N(CC)C(C)NC
CN(C)N(CC)C(N)CC
CN(C)N(CC)CCNC
CN(C)N(CC)CN(C)C
CN(C)N(CC)CNCC
CN(C)N(CC)N(C)CC
CN(C)N(CC)NC(C)C
CN(C)N(CC)NCCC
CN(C)N(N(C)C)CCC
CN(C)N(N)C(C)(C)CC
CN(C)N(N)C(C)C(C)C
CN(C)N(N)C(C)CCC
CN(C)N(N)C(CC)CC
CN(C)N(N)CC(C)(C)C
CN(C)N(N)CC(C)CC
CN(C)N(N)CCC(C)C
CN(C)N(N)CCCCC
CN(C)N(NC)C(C)CC
CN(C)N(NC)CC(C)C
CN(C)N(NC)CCCC
CN(C)NC(C(C)C)NC
CN(C)NC(C)(C)CNC
CN(C)NC(C)(C)N(C)C
CN(C)NC(C)(C)NCC
CN(C)NC(C)C(C)NC
CN(C)NC(C)C(N)CC
CN(C)NC(C)CCNC
CN(C)NC(C)CN(C)C
CN(C)NC(C)CNCC
CN(C)NC(C)N(C)CC
CN(C)NC(C)NC(C)C
CN(C)NC(C)NCCC
CN(C)NC(CC)(C)NC
CN(C)NC(CC)(N)CC
CN(C)NC(CC)CNC
CN(C)NC(CC)N(C)C
CN(C)NC(CC)NCC
CN(C)NC(CN)CCC
CN(C)NC(N)(C)C(C)C
CN(C)NC(N)(C)CCC
CN(C)NC(N)C(C)(C)C
CN(C)NC(N)C(C)CC
CN(C)NC(N)CC(C)C
CN(C)NC(N)CCCC
CN(C)NC(NC)CCC
CN(C)NCC(C)(C)NC
CN(C)NCC(C)CNC
CN(C)NCC(C)N(C)C
CN(C)NCC(C)NCC
CN(C)NCC(CC)NC
CN(C)NCC(N)(C)CC
CN(C)NCC(N)C(C)C
CN(C)NCC(N)CCC
CN(C)NCCC(C)NC
CN(C)NCCC(N)CC
CN(C)NCCCCNC
CN(C)NCCCN(C)C
CN(C)NCCCNCC
CN(C)NCCN(C)CC
CN(C)NCCNC(C)C
CN(C)NCCNCCC
CN(C)NCN(C)C(C)C
CN(C)NCN(C)CCC
CN(C)NCN(CC)CC
CN(C)NCNC(C)(C)C
CN(C)NCNC(C)CC
CN(C)NCNCC(C)C
CN(C)NCNCCCC
CN(C)NN(C)C(C)(C)C
CN(C)NN(C)C(C)CC
CN(C)NN(C)CC(C)C
CN(C)NN(C)CCCC
CN(C)NN(CC)C(C)C
CN(C)NN(CC)CCC
CN(C)NNC(C)(C)CC
CN(C)NNC(C)C(C)C
CN(C)NNC(C)CCC
CN(C)NNC(CC)CC
CN(C)NNCC(C)(C)C
CN(C)NNCC(C)CC
CN(C)NNCCC(C)C
CN(C)NNCCCCC
CNC(C(C)(C)C)(N)NC
CNC(C(C)C)(N)CNC
CNC(C(C)C)(N)NCC
CNC(C(C)C)C(N)NC
CNC(C(C)C)N(N)CC
CNC(C(C)C)NCNC
CNC(C(C)C)NNCC
CNC(C)(C)C(N)(N)CC
CNC(C)(C)C(N)CNC
CNC(C)(C)C(N)NCC
CNC(C)(C)C(NC)NC
CNC(C)(C)CC(N)NC
CNC(C)(C)CN(N)CC
CNC(C)(C)CNCNC
CNC(C)(C)CNNCC
CNC(C)(C)N(C)CNC
CNC(C)(C)N(C)NCC
CNC(C)(C)N(N)C(C)C
CNC(C)(C)N(N)CCC
CNC(C)(C)NC(C)NC
CNC(C)(C)NC(N)CC
CNC(C)(C)NCCNC
CNC(C)(C)NCNCC
CNC(C)(C)NN(C)CC
CNC(C)(C)NNC(C)C
CNC(C)(C)NNCCC
CNC(C)C(C)N(N)CC
CNC(C)C(C)NCNC
CNC(C)C(C)NNCC
CNC(C)C(CN)CNC
CNC(C)C(CN)NCC
CNC(C)C(N)(C)CNC
CNC(C)C(N)(C)NCC
CNC(C)C(N)(N)C(C)C
CNC(C)C(N)(N)CCC
CNC(C)C(N)C(C)NC
CNC(C)C(N)C(N)CC
CNC(C)C(N)CCNC
CNC(C)C(N)CNCC
CNC(C)C(N)N(C)CC
CNC(C)C(N)NC(C)C
CNC(C)C(N)NCCC
CNC(C)C(NC)CNC
CNC(C)C(NC)NCC
CNC(C)C(NN)CCC
CNC(C)CC(N)(N)CC
CNC(C)CC(N)CNC
CNC(C)CC(N)NCC
CNC(C)CCN(N)CC
CNC(C)CCNCNC
CNC(C)CCNNCC
CNC(C)CN(C)CNC
CNC(C)CN(C)NCC
CNC(C)CN(N)C(C)C
CNC(C)CN(N)CCC
CNC(C)CNC(N)CC
CNC(C)CNCCNC
CNC(C)CNCNCC
CNC(C)CNN(C)CC
CNC(C)CNNC(C)C
CNC(C)CNNCCC
CNC(C)N(C)C(C)NC
CNC(C)N(C)C(N)CC
CNC(C)N(C)CCNC
CNC(C)N(C)CNCC
CNC(C)N(C)N(C)CC
CNC(C)N(C)NC(C)C
CNC(C)N(C)NCCC
CNC(C)N(CC)CNC
CNC(C)N(CC)NCC
CNC(C)N(CN)CCC
CNC(C)N(N)C(C)(C)C
CNC(C)N(N)C(C)CC
CNC(C)N(N)CC(C)C
CNC(C)N(N)CCCC
CNC(C)N(NC)CCC
CNC(C)NC(C)CNC
CNC(C)NC(C)NCC
CNC(C)NC(N)(C)CC
CNC(C)NC(N)C(C)C
CNC(C)NC(N)CCC
CNC(C)NCC(C)NC
CNC(C)NCC(N)CC
CNC(C)NCCCNC
CNC(C)NCCNCC
CNC(C)NCN(C)CC
CNC(C)NCNC(C)C
CNC(C)NCNCCC
CNC(C)NN(C)C(C)C
CNC(C)NN(C)CCC
CNC(C)NN(CC)CC
CNC(C)NNC(C)(C)C
CNC(C)NNC(C)CC
CNC(C)NNCC(C)C
CNC(C)NNCCCC
CNC(CC)(C)C(N)NC
CNC(CC)(C)N(N)CC
CNC(CC)(C)NCNC
CNC(CC)(C)NNCC
CNC(CC)(N)C(C)NC
CNC(CC)(N)C(N)CC
CNC(CC)(N)CCNC
CNC(CC)(N)CNCC
CNC(CC)(N)N(C)CC
CNC(CC)(N)NC(C)C
CNC(CC)(N)NCCC
CNC(CC)C(N)(N)CC
CNC(CC)C(N)CNC
CNC(CC)C(N)NCC
CNC(CC)CC(N)NC
CNC(CC)CN(N)CC
CNC(CC)CNCNC
CNC(CC)CNNCC
CNC(CC)N(C)CNC
CNC(CC)N(C)NCC
CNC(CC)N(N)C(C)C
CNC(CC)N(N)CCC
CNC(CC)NC(C)NC
CNC(CC)NC(N)CC
CNC(CC)NCCNC
CNC(CC)NCNCC
CNC(CC)NN(C)CC
CNC(CC)NNC(C)C
CNC(CC)NNCCC
CNC(N)(C)C(C)(C)NC
CNC(N)(C)C(C)CNC
CNC(N)(C)C(C)NCC
CNC(N)(C)C(CC)NC
CNC(N)(C)C(N)(C)CC
CNC(N)(C)C(N)C(C)C
CNC(N)(C)C(N)CCC
CNC(N)(C)CC(C)NC
CNC(N)(C)CC(N)CC
CNC(N)(C)CCCNC
CNC(N)(C)CCNCC
CNC(N)(C)CN(C)CC
CNC(N)(C)CNC(C)C
CNC(N)(C)CNCCC
CNC(N)(C)N(C)C(C)C
CNC(N)(C)N(C)CCC
CNC(N)(C)N(CC)CC
CNC(N)(C)NC(C)(C)C
CNC(N)(C)NC(C)CC
CNC(N)(C)NCC(C)C
CNC(N)(C)NCCCC
CNC(N)(N)C(C)(C)CC
CNC(N)(N)C(C)C(C)C
CNC(N)(N)C(C)CCC
CNC(N)(N)C(CC)CC
CNC(N)(N)CC(C)(C)C
CNC(N)(N)CC(C)CC
CNC(N)(N)CCC(C)C
CNC(N)(N)CCCCC
CNC(N)C(C)(C)CNC
CNC(N)C(C)(C)NCC
CNC(N)C(C)C(C)NC
CNC(N)C(C)C(N)CC
CNC(N)C(C)CCNC
CNC(N)C(C)CNCC
CNC(N)C(C)N(C)CC
CNC(N)C(C)NC(C)C
CNC(N)C(C)NCCC
CNC(N)C(CC)(N)CC
CNC(N)C(CC)CNC
CNC(N)C(CC)NCC
CNC(N)C(CN)CCC
CNC(N)C(N)(C)C(C)C
CNC(N)C(N)(C)CCC
CNC(N)C(N)C(C)(C)C
CNC(N)C(N)C(C)CC
CNC(N)C(N)CC(C)C
CNC(N)C(N)CCCC
CNC(N)C(NC)CCC
CNC(N)CC(C)CNC
CNC(N)CC(C)NCC
CNC(N)CC(N)(C)CC
CNC(N)CC(N)C(C)C
CNC(N)CC(N)CCC
CNC(N)CCC(C)NC
CNC(N)CCC(N)CC
CNC(N)CCCCNC
CNC(N)CCCNCC
CNC(N)CCN(C)CC
CNC(N)CCNC(C)C
CNC(N)CCNCCC
CNC(N)CN(C)C(C)C
CNC(N)CN(C)CCC
CNC(N)CN(CC)CC
CNC(N)CNC(C)(C)C
CNC(N)CNC(C)CC
CNC(N)CNCC(C)C
CNC(N)CNCCCC
CNC(N)N(C)C(C)(C)C
CNC(N)N(C)C(C)CC
CNC(N)N(C)CC(C)C
CNC(N)N(C)CCCC
CNC(N)N(CC)C(C)C
CNC(N)N(CC)CCC
CNC(N)NC(C)(C)CC
CNC(N)NC(C)C(C)C
CNC(N)NC(C)CCC
CNC(N)NC(CC)CC
CNC(N)NCC(C)(C)C
CNC(N)NCC(C)CC
CNC(N)NCCC(C)C
CNC(N)NCCCCC
CNC(NC)(C(C)C)NC
CNC(NC)(C)C(C)NC
CNC(NC)(C)C(N)CC
CNC(NC)(C)CCNC
CNC(NC)(C)CNCC
CNC(NC)(C)N(C)CC
CNC(NC)(C)NC(C)C
CNC(NC)(C)NCCC
CNC(NC)(CC)CNC
CNC(NC)(CC)NCC
CNC(NC)(N)C(C)CC
CNC(NC)(N)CC(C)C
CNC(NC)(N)CCCC
CNC(NC)(NC)CCC
CNC(NC)C(C)CNC
CNC(NC)C(C)NCC
CNC(NC)C(CC)NC
CNC(NC)C(N)(C)CC
CNC(NC)C(N)C(C)C
CNC(NC)C(N)CCC
CNC(NC)CC(C)NC
CNC(NC)CC(N)CC
CNC(NC)CCCNC
CNC(NC)CCNCC
CNC(NC)CN(C)CC
CNC(NC)CNC(C)C
CNC(NC)CNCCC
CNC(NC)N(C)C(C)C
CNC(NC)N(C)CCC
CNC(NC)N(CC)CC
CNC(NC)NC(C)(C)C
CNC(NC)NC(C)CC
CNC(NC)NCC(C)C
CNC(NC)NCCCC
CNCC(C(C)N)CNC
CNCC(C(C)N)NCC
CNCC(C(N)N)CCC
CNCC(C)(C)N(N)CC
CNCC(C)(C)NNCC
CNCC(C)C(N)(N)CC
CNCC(C)C(N)NCC
CNCC(C)CN(N)CC
CNCC(C)CNNCC
CNCC(C)N(C)NCC
CNCC(C)N(N)C(C)C
CNCC(C)N(N)CCC
CNCC(C)NC(N)CC
CNCC(C)NCCNC
CNCC(C)NCNCC
CNCC(C)NN(C)CC
CNCC(C)NNC(C)C
CNCC(C)NNCCC
CNCC(CC)(N)CNC
CNCC(CC)(N)NCC
CNCC(CC)N(N)CC
CNCC(CC)NNCC
CNCC(CN)(C)CNC
CNCC(CN)(C)NCC
CNCC(CN)(N)CCC
CNCC(CN)C(N)CC
CNCC(CN)CCNC
CNCC(CN)CNCC
CNCC(CN)N(C)CC
CNCC(CN)NC(C)C
CNCC(CN)NCCC
CNCC(CNC)CNC
CNCC(CNC)NCC
CNCC(N(C)C)CNC
CNCC(N(C)C)NCC
CNCC(N(C)N)CCC
CNCC(N)(C)C(N)CC
CNCC(N)(C)CCNC
CNCC(N)(C)CNCC
CNCC(N)(C)N(C)CC
CNCC(N)(C)NC(C)C
CNCC(N)(C)NCCC
CNCC(N)(N)C(C)(C)C
CNCC(N)(N)C(C)CC
CNCC(N)(N)CC(C)C
CNCC(N)(N)CCCC
CNCC(N)C(C)CNC
CNCC(N)C(C)NCC
CNCC(N)C(N)(C)CC
CNCC(N)C(N)C(C)C
CNCC(N)C(N)CCC
CNCC(N)CC(N)CC
CNCC(N)CCCNC
CNCC(N)CCNCC
CNCC(N)CN(C)CC
CNCC(N)CNC(C)C
CNCC(N)CNCCC
CNCC(N)N(C)C(C)C
CNCC(N)N(C)CCC
CNCC(N)N(CC)CC
CNCC(N)NC(C)(C)C
CNCC(N)NC(C)CC
CNCC(N)NCC(C)C
CNCC(N)NCCCC
CNCC(NC)(C)CNC
CNCC(NC)(C)NCC
CNCC(NC)(N)CCC
CNCC(NC)C(N)CC
CNCC(NC)CCNC
CNCC(NC)CNCC
CNCC(NC)N(C)CC
CNCC(NC)NC(C)C
CNCC(NC)NCCC
CNCC(NCC)NCC
CNCC(NN)(C)CCC
CNCC(NN)C(C)CC
CNCC(NN)CC(C)C
CNCC(NN)CCCC
CNCCC(C)N(N)CC
CNCCC(C)NNCC
CNCCC(CN)NCC
CNCCC(N)(C)NCC
CNCCC(N)(N)C(C)C
CNCCC(N)(N)CCC
CNCCC(N)C(N)CC
CNCCC(N)CCNC
CNCCC(N)CNCC
CNCCC(N)N(C)CC
CNCCC(N)NC(C)C
CNCCC(N)NCCC
CNCCC(NC)NCC
CNCCC(NN)CCC
CNCCCC(N)(N)CC
CNCCCC(N)NCC
CNCCCCN(N)CC
CNCCCCNNCC
CNCCCN(C)NCC
CNCCCN(N)C(C)C
CNCCCN(N)CCC
CNCCCNC(N)CC
CNCCCNCNCC
CNCCCNN(C)CC
CNCCCNNC(C)C
CNCCCNNCCC
CNCCN(C)C(N)CC
CNCCN(C)CCNC
CNCCN(C)CNCC
CNCCN(C)N(C)CC
CNCCN(C)NC(C)C
CNCCN(C)NCCC
CNCCN(CC)NCC
CNCCN(CN)CCC
CNCCN(N)C(C)(C)C
CNCCN(N)C(C)CC
CNCCN(N)CC(C)C
CNCCN(N)CCCC
CNCCN(NC)CCC
CNCCNC(C)NCC
CNCCNC(N)(C)CC
CNCCNC(N)C(C)C
CNCCNC(N)CCC
CNCCNCC(N)CC
CNCCNCCCNC
CNCCNCCNCC
CNCCNCN(C)CC
CNCCNCNC(C)C
CNCCNCNCCC
CNCCNN(C)C(C)C
CNCCNN(C)CCC
CNCCNN(CC)CC
CNCCNNC(C)(C)C
CNCCNNC(C)CC
CNCCNNCC(C)C
CNCCNNCCCC
CNCN(C(C)C)CNC
CNCN(C(C)C)NCC
CNCN(C(C)N)CCC
CNCN(C)C(C)CNC
CNCN(C)C(C)NCC
CNCN(C)C(N)(C)CC
CNCN(C)C(N)C(C)C
CNCN(C)C(N)CCC
CNCN(C)CC(N)CC
CNCN(C)CCCNC
CNCN(C)CCNCC
CNCN(C)CN(C)CC
CNCN(C)CNC(C)C
CNCN(C)CNCCC
CNCN(C)N(C)C(C)C
CNCN(C)N(C)CCC
CNCN(C)N(CC)CC
CNCN(C)NC(C)(C)C
CNCN(C)NC(C)CC
CNCN(C)NCC(C)C
CNCN(C)NCCCC
CNCN(CC)C(N)CC
CNCN(CC)CCNC
CNCN(CC)CNCC
CNCN(CC)N(C)CC
CNCN(CC)NC(C)C
CNCN(CC)NCCC
CNCN(CCC)CNC
CNCN(CCC)NCC
CNCN(CN)C(C)CC
CNCN(CN)CC(C)C
CNCN(CN)CCCC
CNCN(N(C)C)CCC
CNCN(N)C(C)(C)CC
CNCN(N)C(C)C(C)C
CNCN(N)C(C)CCC
CNCN(N)C(CC)CC
CNCN(N)CC(C)(C)C
CNCN(N)CC(C)CC
CNCN(N)CCC(C)C
CNCN(N)CCCCC
CNCN(NC)C(C)CC
CNCN(NC)CC(C)C
CNCN(NC)CCCC
CNCNC(C)(C)CNC
CNCNC(C)(C)NCC
CNCNC(C)C(N)CC
CNCNC(C)CCNC
CNCNC(C)CNCC
CNCNC(C)N(C)CC
CNCNC(C)NC(C)C
CNCNC(C)NCCC
CNCNC(CC)(N)CC
CNCNC(CC)CNC
CNCNC(CC)NCC
CNCNC(CN)CCC
CNCNC(N)(C)C(C)C
CNCNC(N)(C)CCC
CNCNC(N)C(C)(C)C
CNCNC(N)C(C)CC
CNCNC(N)CC(C)C
CNCNC(N)CCCC
CNCNC(NC)CCC
CNCNCC(C)CNC
CNCNCC(C)NCC
CNCNCC(N)(C)CC
CNCNCC(N)C(C)C
CNCNCC(N)CCC
CNCNCCC(N)CC
CNCNCCCCNC
CNCNCCCNCC
CNCNCCN(C)CC
CNCNCCNC(C)C
CNCNCCNCCC
CNCNCN(C)C(C)C
CNCNCN(C)CCC
CNCNCN(CC)CC
CNCNCNC(C)(C)C
CNCNCNC(C)CC
CNCNCNCC(C)C
CNCNCNCCCC
CNCNN(C)C(C)(C)C
CNCNN(C)C(C)CC
CNCNN(C)CC(C)C
CNCNN(C)CCCC
CNCNN(CC)C(C)C
CNCNN(CC)CCC
CNCNNC(C)(C)CC
CNCNNC(C)C(C)C
CNCNNC(C)CCC
CNCNNC(CC)CC
CNCNNCC(C)(C)C
CNCNNCC(C)CC
CNCNNCCC(C)C
CNCNNCCCCC
CNN(C(C)(C)C)CNC
CNN(C(C)(C)C)NCC
CNN(C(C)C)C(C)NC
CNN(C(C)C)C(N)CC
CNN(C(C)C)CCNC
CNN(C(C)C)CNCC
CNN(C(C)C)N(C)CC
CNN(C(C)C)NC(C)C
CNN(C(C)C)NCCC
CNN(C)C(C(C)C)NC
CNN(C)C(C)(C)CNC
CNN(C)C(C)(C)NCC
CNN(C)C(C)C(C)NC
CNN(C)C(C)C(N)CC
CNN(C)C(C)CCNC
CNN(C)C(C)CNCC
CNN(C)C(C)N(C)CC
CNN(C)C(C)NC(C)C
CNN(C)C(C)NCCC
CNN(C)C(CC)(C)NC
CNN(C)C(CC)(N)CC
CNN(C)C(CC)CNC
CNN(C)C(CC)NCC
CNN(C)C(CN)CCC
CNN(C)C(N)(C)C(C)C
CNN(C)C(N)(C)CCC
CNN(C)C(N)C(C)(C)C
CNN(C)C(N)C(C)CC
CNN(C)C(N)CC(C)C
CNN(C)C(N)CCCC
CNN(C)C(NC)CCC
CNN(C)CC(C)(C)NC
CNN(C)CC(C)CNC
CNN(C)CC(C)NCC
CNN(C)CC(CC)NC
CNN(C)CC(N)(C)CC
CNN(C)CC(N)C(C)C
CNN(C)CC(N)CCC
CNN(C)CCC(C)NC
CNN(C)CCC(N)CC
CNN(C)CCCCNC
CNN(C)CCCNCC
CNN(C)CCN(C)CC
CNN(C)CCNC(C)C
CNN(C)CCNCCC
CNN(C)CN(C)C(C)C
CNN(C)CN(C)CCC
CNN(C)CN(CC)CC
CNN(C)CNC(C)(C)C
CNN(C)CNC(C)CC
CNN(C)CNCC(C)C
CNN(C)CNCCCC
CNN(C)N(C)C(C)(C)C
CNN(C)N(C)C(C)CC
CNN(C)N(C)CC(C)C
CNN(C)N(C)CCCC
CNN(C)N(CC)C(C)C
CNN(C)N(CC)CCC
CNN(C)NC(C)(C)CC
CNN(C)NC(C)C(C)C
CNN(C)NC(C)CCC
CNN(C)NC(CC)CC
CNN(C)NCC(C)(C)C
CNN(C)NCC(C)CC
CNN(C)NCCC(C)C
CNN(C)NCCCCC
CNN(CC)C(C)(C)NC
CNN(CC)C(C)CNC
CNN(CC)C(C)NCC
CNN(CC)C(CC)NC
CNN(CC)C(N)(C)CC
CNN(CC)C(N)C(C)C
CNN(CC)C(N)CCC
CNN(CC)CC(C)NC
CNN(CC)CC(N)CC
CNN(CC)CCCNC
CNN(CC)CCNCC
CNN(CC)CN(C)CC
CNN(CC)CNC(C)C
CNN(CC)CNCCC
CNN(CC)N(C)C(C)C
CNN(CC)N(C)CCC
CNN(CC)N(CC)CC
CNN(CC)NC(C)(C)C
CNN(CC)NC(C)CC
CNN(CC)NCC(C)C
CNN(CC)NCCCC
CNN(N)C(C)(C)C(C)C
CNN(N)C(C)(C)CCC
CNN(N)C(C)C(C)(C)C
CNN(N)C(C)C(C)CC
CNN(N)C(C)CC(C)C
CNN(N)C(C)CCCC
CNN(N)C(CC)(C)CC
CNN(N)C(CC)C(C)C
CNN(N)C(CC)CCC
CNN(N)CC(C)(C)CC
CNN(N)CC(C)C(C)C
CNN(N)CC(C)CCC
CNN(N)CC(CC)CC
CNN(N)CCC(C)(C)C
CNN(N)CCC(C)CC
CNN(N)CCCC(C)C
CNN(N)CCCCCC
CNN(NC)C(C)(C)CC
CNN(NC)C(C)C(C)C
CNN(NC)C(C)CCC
CNN(NC)C(CC)CC
CNN(NC)CC(C)(C)C
CNN(NC)CC(C)CC
CNN(NC)CCC(C)C
CNN(NC)CCCCC
CNNC(C(C)(C)C)NC
CNNC(C(C)C)(C)NC
CNNC(C(C)C)CNC
CNNC(C(C)C)NCC
CNNC(C(C)N)CCC
CNNC(C)(C)C(C)NC
CNNC(C)(C)C(N)CC
CNNC(C)(C)CCNC
CNNC(C)(C)CNCC
CNNC(C)(C)N(C)CC
CNNC(C)(C)NC(C)C
CNNC(C)(C)NCCC
CNNC(C)C(C)(C)NC
CNNC(C)C(C)CNC
CNNC(C)C(C)NCC
CNNC(C)C(CC)NC
CNNC(C)C(N)(C)CC
CNNC(C)C(N)C(C)C
CNNC(C)C(N)CCC
CNNC(C)CC(C)NC
CNNC(C)CC(N)CC
CNNC(C)CCCNC
CNNC(C)CCNCC
CNNC(C)CN(C)CC
CNNC(C)CNC(C)C
CNNC(C)CNCCC
CNNC(C)N(C)C(C)C
CNNC(C)N(C)CCC
CNNC(C)N(CC)CC
CNNC(C)NC(C)(C)C
CNNC(C)NC(C)CC
CNNC(C)NCC(C)C
CNNC(C)NCCCC
CNNC(CC)(C)CNC
CNNC(CC)(C)NCC
CNNC(CC)(CC)NC
CNNC(CC)(N)C(C)C
CNNC(CC)(N)CCC
CNNC(CC)C(C)NC
CNNC(CC)C(N)CC
CNNC(CC)CCNC
CNNC(CC)CNCC
CNNC(CC)N(C)CC
CNNC(CC)NC(C)C
CNNC(CC)NCCC
CNNC(CCC)CNC
CNNC(CCC)NCC
CNNC(CN)(C)CCC
CNNC(CN)C(C)CC
CNNC(CN)CC(C)C
CNNC(CN)CCCC
CNNC(N(C)C)CCC
CNNC(N)(C)C(C)(C)C
CNNC(N)(C)C(C)CC
CNNC(N)(C)CC(C)C
CNNC(N)(C)CCCC
CNNC(N)C(C)(C)CC
CNNC(N)C(C)C(C)C
CNNC(N)C(C)CCC
CNNC(N)C(CC)CC
CNNC(N)CC(C)(C)C
CNNC(N)CC(C)CC
CNNC(N)CCC(C)C
CNNC(N)CCCCC
CNNC(NC)(C)CCC
CNNC(NC)C(C)CC
CNNC(NC)CC(C)C
CNNC(NC)CCCC
CNNCC(C(C)C)NC
CNNCC(C)(C)CNC
CNNCC(C)(C)NCC
CNNCC(C)C(C)NC
CNNCC(C)C(N)CC
CNNCC(C)CCNC
CNNCC(C)CNCC
CNNCC(C)N(C)CC
CNNCC(C)NC(C)C
CNNCC(C)NCCC
CNNCC(CC)(C)NC
CNNCC(CC)(N)CC
CNNCC(CC)CNC
CNNCC(CC)NCC
CNNCC(CN)CCC
CNNCC(N)(C)C(C)C
CNNCC(N)(C)CCC
CNNCC(N)C(C)(C)C
CNNCC(N)C(C)CC
CNNCC(N)CC(C)C
CNNCC(N)CCCC
CNNCC(NC)CCC
CNNCCC(C)(C)NC
CNNCCC(C)CNC
CNNCCC(C)NCC
CNNCCC(CC)NC
CNNCCC(N)(C)CC
CNNCCC(N)C(C)C
CNNCCC(N)CCC
CNNCCCC(C)NC
CNNCCCC(N)CC
CNNCCCCCNC
CNNCCCCNCC
CNNCCCN(C)CC
CNNCCCNC(C)C
CNNCCCNCCC
CNNCCN(C)C(C)C
CNNCCN(C)CCC
CNNCCN(CC)CC
CNNCCNC(C)(C)C
CNNCCNC(C)CC
CNNCCNCC(C)C
CNNCCNCCCC
CNNCN(C)C(C)(C)C
CNNCN(C)C(C)CC
CNNCN(C)CC(C)C
CNNCN(C)CCCC
CNNCN(CC)C(C)C
CNNCN(CC)CCC
CNNCNC(C)(C)CC
CNNCNC(C)C(C)C
CNNCNC(C)CCC
CNNCNC(CC)CC
CNNCNCC(C)(C)C
CNNCNCC(C)CC
CNNCNCCC(C)C
CNNCNCCCCC
CNNN(C(C)C)C(C)C
CNNN(C(C)C)CCC
CNNN(C)C(C)(C)CC
CNNN(C)C(C)C(C)C
CNNN(C)C(C)CCC
CNNN(C)C(CC)CC
CNNN(C)CC(C)(C)C
CNNN(C)CC(C)CC
CNNN(C)CCC(C)C
CNNN(C)CCCCC
CNNN(CC)C(C)(C)C
CNNN(CC)C(C)CC
CNNN(CC)CC(C)C
CNNN(CC)CCCC
CNNN(CCC)CCC
CNNNC(C)(C)C(C)C
CNNNC(C)(C)CCC
CNNNC(C)C(C)(C)C
CNNNC(C)C(C)CC
CNNNC(C)CC(C)C
CNNNC(C)CCCC
CNNNC(CC)(C)CC
CNNNC(CC)C(C)C
CNNNC(CC)CCC
CNNNCC(C)(C)CC
CNNNCC(C)C(C)C
CNNNCC(C)CCC
CNNNCC(CC)CC
CNNNCCC(C)(C)C
CNNNCCC(C)CC
CNNNCCCC(C)C
CNNNCCCCCC
NC(C)(C)C(C(C)N)NC
NC(C)(C)C(C)(C)C(N)N
NC(C)(C)C(C)(C)NCN
NC(C)(C)C(C)(C)NNC
NC(C)(C)C(C)C(N)CN
NC(C)(C)C(C)C(N)NC
NC(C)(C)C(C)CC(N)N
NC(C)(C)C(C)CNCN
NC(C)(C)C(C)CNNC
NC(C)(C)C(C)N(C)CN
NC(C)(C)C(C)N(C)NC
NC(C)(C)C(C)N(N)CC
NC(C)(C)C(C)NC(C)N
NC(C)(C)C(C)NCCN
NC(C)(C)C(C)NCNC
NC(C)(C)C(C)NN(C)C
NC(C)(C)C(C)NNCC
NC(C)(C)C(CC)(N)CN
NC(C)(C)C(CC)(N)NC
NC(C)(C)C(CC)C(N)N
NC(C)(C)C(CC)NCN
NC(C)(C)C(CC)NNC
NC(C)(C)C(CN)(C)CN
NC(C)(C)C(CN)(C)NC
NC(C)(C)C(CN)C(C)N
NC(C)(C)C(CN)CCN
NC(C)(C)C(CN)CNC
NC(C)(C)C(CN)N(C)C
NC(C)(C)C(CN)NCC
NC(C)(C)C(N)(C)C(C)N
NC(C)(C)C(N)(C)CCN
NC(C)(C)C(N)(C)CNC
NC(C)(C)C(N)(C)N(C)C
NC(C)(C)C(N)(C)NCC
NC(C)(C)C(N)(N)C(C)C
NC(C)(C)C(N)(N)CCC
NC(C)(C)C(N)C(C)CN
NC(C)(C)C(N)C(C)NC
NC(C)(C)C(N)C(N)(C)C
NC(C)(C)C(N)C(N)CC
NC(C)(C)C(N)CC(C)N
NC(C)(C)C(N)CCCN
NC(C)(C)C(N)CCNC
NC(C)(C)C(N)CN(C)C
NC(C)(C)C(N)CNCC
NC(C)(C)C(N)N(C)CC
NC(C)(C)C(N)NC(C)C
NC(C)(C)C(N)NCCC
NC(C)(C)C(NC)(C)NC
NC(C)(C)C(NC)CCN
NC(C)(C)C(NC)CNC
NC(C)(C)C(NC)N(C)C
NC(C)(C)C(NC)NCC
NC(C)(C)CC(C)C(N)N
NC(C)(C)CC(C)NCN
NC(C)(C)CC(C)NNC
NC(C)(C)CC(CN)CN
NC(C)(C)CC(CN)NC
NC(C)(C)CC(N)(C)CN
NC(C)(C)CC(N)(C)NC
NC(C)(C)CC(N)(N)CC
NC(C)(C)CC(N)C(C)N
NC(C)(C)CC(N)CCN
NC(C)(C)CC(N)CNC
NC(C)(C)CC(N)N(C)C
NC(C)(C)CC(N)NCC
NC(C)(C)CC(NC)NC
NC(C)(C)CCC(N)CN
NC(C)(C)CCC(N)NC
NC(C)(C)CCCC(N)N
NC(C)(C)CCCNCN
NC(C)(C)CCCNNC
NC(C)(C)CCN(C)CN
NC(C)(C)CCN(C)NC
NC(C)(C)CCN(N)CC
NC(C)(C)CCNC(C)N
NC(C)(C)CCNCCN
NC(C)(C)CCNCNC
NC(C)(C)CCNN(C)C
NC(C)(C)CCNNCC
NC(C)(C)CN(C)C(C)N
NC(C)(C)CN(C)CCN
NC(C)(C)CN(C)CNC
NC(C)(C)CN(C)N(C)C
NC(C)(C)CN(C)NCC
NC(C)(C)CN(CC)CN
NC(C)(C)CN(CC)NC
NC(C)(C)CN(N)C(C)C
NC(C)(C)CN(N)CCC
NC(C)(C)CNC(C)CN
NC(C)(C)CNC(C)NC
NC(C)(C)CNC(N)CC
NC(C)(C)CNCC(C)N
NC(C)(C)CNCCCN
NC(C)(C)CNCCNC
NC(C)(C)CNCN(C)C
NC(C)(C)CNCNCC
NC(C)(C)CNN(C)CC
NC(C)(C)CNNC(C)C
NC(C)(C)CNNCCC
NC(C)(C)N(C(C)C)NC
NC(C)(C)N(C)C(C)CN
NC(C)(C)N(C)C(C)NC
NC(C)(C)N(C)C(N)(C)C
NC(C)(C)N(C)C(N)CC
NC(C)(C)N(C)CC(C)N
NC(C)(C)N(C)CCCN
NC(C)(C)N(C)CCNC
NC(C)(C)N(C)CN(C)C
NC(C)(C)N(C)CNCC
NC(C)(C)N(C)N(C)CC
NC(C)(C)N(C)NC(C)C
NC(C)(C)N(C)NCCC
NC(C)(C)N(CC)C(C)N
NC(C)(C)N(CC)CCN
NC(C)(C)N(CC)CNC
NC(C)(C)N(CC)N(C)C
NC(C)(C)N(CC)NCC
NC(C)(C)N(CN)C(C)C
NC(C)(C)N(CN)CCC
NC(C)(C)N(N)C(C)(C)C
NC(C)(C)N(N)C(C)CC
NC(C)(C)N(N)CC(C)C
NC(C)(C)N(N)CCCC
NC(C)(C)N(NC)CCC
NC(C)(C)NC(C)(C)CN
NC(C)(C)NC(C)(C)NC
NC(C)(C)NC(C)C(C)N
NC(C)(C)NC(C)CCN
NC(C)(C)NC(C)CNC
NC(C)(C)NC(C)N(C)C
NC(C)(C)NC(C)NCC
NC(C)(C)NC(CC)CN
NC(C)(C)NC(CC)NC
NC(C)(C)NC(N)(C)CC
NC(C)(C)NC(N)C(C)C
NC(C)(C)NC(N)CCC
NC(C)(C)NCC(C)(C)N
NC(C)(C)NCC(C)CN
NC(C)(C)NCC(C)NC
NC(C)(C)NCC(N)CC
NC(C)(C)NCCC(C)N
NC(C)(C)NCCCCN
NC(C)(C)NCCCNC
NC(C)(C)NCCN(C)C
NC(C)(C)NCCNCC
NC(C)(C)NCN(C)CC
NC(C)(C)NCNC(C)C
NC(C)(C)NCNCCC
NC(C)(C)NN(C)C(C)C
NC(C)(C)NN(C)CCC
NC(C)(C)NN(CC)CC
NC(C)(C)NNC(C)(C)C
NC(C)(C)NNC(C)CC
NC(C)(C)NNCC(C)C
NC(C)(C)NNCCCC
NC(C)C(C(C)C)(N)NC
NC(C)C(C(C)C)NCN
NC(C)C(C(C)C)NNC
NC(C)C(C(C)N)(C)NC
NC(C)C(C(C)N)C(N)C
NC(C)C(C(C)N)CCN
NC(C)C(C(C)N)CNC
NC(C)C(C(C)N)N(C)C
NC(C)C(C(C)N)NCC
NC(C)C(C)(C)C(N)CN
NC(C)C(C)(C)C(N)NC
NC(C)C(C)(C)CNCN
NC(C)C(C)(C)CNNC
NC(C)C(C)(C)N(C)CN
NC(C)C(C)(C)N(C)NC
NC(C)C(C)(C)N(N)CC
NC(C)C(C)(C)NCCN
NC(C)C(C)(C)NCNC
NC(C)C(C)(C)NN(C)C
NC(C)C(C)(C)NNCC
NC(C)C(C)C(C)NCN
NC(C)C(C)C(C)NNC
NC(C)C(C)C(CN)CN
NC(C)C(C)C(CN)NC
NC(C)C(C)C(N)(C)CN
NC(C)C(C)C(N)(C)NC
NC(C)C(C)C(N)(N)CC
NC(C)C(C)C(N)CCN
NC(C)C(C)C(N)CNC
NC(C)C(C)C(N)N(C)C
NC(C)C(C)C(N)NCC
NC(C)C(C)C(NC)NC
NC(C)C(C)CC(N)CN
NC(C)C(C)CC(N)NC
NC(C)C(C)CCNCN
NC(C)C(C)CCNNC
NC(C)C(C)CN(C)CN
NC(C)C(C)CN(C)NC
NC(C)C(C)CN(N)CC
NC(C)C(C)CNCCN
NC(C)C(C)CNCNC
NC(C)C(C)CNN(C)C
NC(C)C(C)CNNCC
NC(C)C(C)N(C)CCN
NC(C)C(C)N(C)CNC
NC(C)C(C)N(C)N(C)C
NC(C)C(C)N(C)NCC
NC(C)C(C)N(CC)CN
NC(C)C(C)N(CC)NC
NC(C)C(C)N(N)C(C)C
NC(C)C(C)N(N)CCC
NC(C)C(C)NC(C)CN
NC(C)C(C)NC(C)NC
NC(C)C(C)NC(N)CC
NC(C)C(C)NCC(C)N
NC(C)C(C)NCCCN
NC(C)C(C)NCCNC
NC(C)C(C)NCN(C)C
NC(C)C(C)NCNCC
NC(C)C(C)NN(C)CC
NC(C)C(C)NNC(C)C
NC(C)C(C)NNCCC
NC(C)C(CC)(C)NCN
NC(C)C(CC)(C)NNC
NC(C)C(CC)(N)C(N)C
NC(C)C(CC)(N)CCN
NC(C)C(CC)(N)CNC
NC(C)C(CC)(N)N(C)C
NC(C)C(CC)(N)NCC
NC(C)C(CC)C(N)CN
NC(C)C(CC)C(N)NC
NC(C)C(CC)CNCN
NC(C)C(CC)CNNC
NC(C)C(CC)N(C)CN
NC(C)C(CC)N(C)NC
NC(C)C(CC)N(N)CC
NC(C)C(CC)NCCN
NC(C)C(CC)NCNC
NC(C)C(CC)NN(C)C
NC(C)C(CC)NNCC
NC(C)C(CN)(C)C(N)C
NC(C)C(CN)(C)CCN
NC(C)C(CN)(C)CNC
NC(C)C(CN)(C)N(C)C
NC(C)C(CN)(C)NCC
NC(C)C(CN)(CC)CN
NC(C)C(CN)(CC)NC
NC(C)C(CN)(N)C(C)C
NC(C)C(CN)(N)CCC
NC(C)C(CN)C(C)CN
NC(C)C(CN)C(C)NC
NC(C)C(CN)C(N)CC
NC(C)C(CN)CC(C)N
NC(C)C(CN)CCCN
NC(C)C(CN)CCNC
NC(C)C(CN)CN(C)C
NC(C)C(CN)CNCC
NC(C)C(CN)N(C)CC
NC(C)C(CN)NC(C)C
NC(C)C(CN)NCCC
NC(C)C(N(C)C)CCN
NC(C)C(N(C)C)CNC
NC(C)C(N(C)C)N(C)C
NC(C)C(N(C)C)NCC
NC(C)C(N)(C)C(C)CN
NC(C)C(N)(C)C(C)NC
NC(C)C(N)(C)C(N)CC
NC(C)C(N)(C)CC(C)N
NC(C)C(N)(C)CCCN
NC(C)C(N)(C)CCNC
NC(C)C(N)(C)CN(C)C
NC(C)C(N)(C)CNCC
NC(C)C(N)(C)N(C)CC
NC(C)C(N)(C)NC(C)C
NC(C)C(N)(C)NCCC
NC(C)C(N)(N)C(C)(C)C
NC(C)C(N)(N)C(C)CC
NC(C)C(N)(N)CC(C)C
NC(C)C(N)(N)CCCC
NC(C)C(N)C(C)(C)CN
NC(C)C(N)C(C)(C)NC
NC(C)C(N)C(C)C(C)N
NC(C)C(N)C(C)CCN
NC(C)C(N)C(C)CNC
NC(C)C(N)C(C)N(C)C
NC(C)C(N)C(C)NCC
NC(C)C(N)C(CC)CN
NC(C)C(N)C(CC)NC
NC(C)C(N)C(N)(C)CC
NC(C)C(N)C(N)C(C)C
NC(C)C(N)C(N)CCC
NC(C)C(N)CC(C)CN
NC(C)C(N)CC(C)NC
NC(C)C(N)CC(N)CC
NC(C)C(N)CCC(C)N
NC(C)C(N)CCCCN
NC(C)C(N)CCCNC
NC(C)C(N)CCN(C)C
NC(C)C(N)CCNCC
NC(C)C(N)CN(C)CC
NC(C)C(N)CNC(C)C
NC(C)C(N)CNCCC
NC(C)C(N)N(C)C(C)C
NC(C)C(N)N(C)CCC
NC(C)C(N)N(CC)CC
NC(C)C(N)NC(C)(C)C
NC(C)C(N)NC(C)CC
NC(C)C(N)NCC(C)C
NC(C)C(N)NCCCC
NC(C)C(NC)(C)CCN
NC(C)C(NC)(C)CNC
NC(C)C(NC)(C)N(C)C
NC(C)C(NC)(C)NCC
NC(C)C(NC)(CC)NC
NC(C)C(NC)(N)CCC
NC(C)C(NC)C(C)CN
NC(C)C(NC)C(C)NC
NC(C)C(NC)C(N)CC
NC(C)C(NC)CC(C)N
NC(C)C(NC)CCCN
NC(C)C(NC)CCNC
NC(C)C(NC)CN(C)C
NC(C)C(NC)CNCC
NC(C)C(NC)N(C)CC
NC(C)C(NC)NC(C)C
NC(C)C(NC)NCCC
NC(C)CC(C)(C)NCN
NC(C)CC(C)(C)NNC
NC(C)CC(C)C(N)CN
NC(C)CC(C)C(N)NC
NC(C)CC(C)CNCN
NC(C)CC(C)CNNC
NC(C)CC(C)N(C)CN
NC(C)CC(C)N(C)NC
NC(C)CC(C)N(N)CC
NC(C)CC(C)NCCN
NC(C)CC(C)NCNC
NC(C)CC(C)NN(C)C
NC(C)CC(C)NNCC
NC(C)CC(CC)(N)CN
NC(C)CC(CC)(N)NC
NC(C)CC(CC)NCN
NC(C)CC(CC)NNC
NC(C)CC(CN)(C)CN
NC(C)CC(CN)(C)NC
NC(C)CC(CN)CCN
NC(C)CC(CN)CNC
NC(C)CC(CN)N(C)C
NC(C)CC(CN)NCC
NC(C)CC(N)(C)CCN
NC(C)CC(N)(C)CNC
NC(C)CC(N)(C)N(C)C
NC(C)CC(N)(C)NCC
NC(C)CC(N)(N)C(C)C
NC(C)CC(N)(N)CCC
NC(C)CC(N)C(C)CN
NC(C)CC(N)C(C)NC
NC(C)CC(N)C(N)CC
NC(C)CC(N)CC(N)C
NC(C)CC(N)CCCN
NC(C)CC(N)CCNC
NC(C)CC(N)CN(C)C
NC(C)CC(N)CNCC
NC(C)CC(N)N(C)CC
NC(C)CC(N)NC(C)C
NC(C)CC(N)NCCC
NC(C)CC(NC)(C)NC
NC(C)CC(NC)CCN
NC(C)CC(NC)CNC
NC(C)CC(NC)N(C)C
NC(C)CC(NC)NCC
NC(C)CC(NN)CCC
NC(C)CCC(C)NCN
NC(C)CCC(C)NNC
NC(C)CCC(CN)CN
NC(C)CCC(CN)NC
NC(C)CCC(N)(C)CN
NC(C)CCC(N)(C)NC
NC(C)CCC(N)(N)CC
NC(C)CCC(N)CCN
NC(C)CCC(N)CNC
NC(C)CCC(N)N(C)C
NC(C)CCC(N)NCC
NC(C)CCC(NC)NC
NC(C)CCCC(N)CN
NC(C)CCCC(N)NC
NC(C)CCCCNCN
NC(C)CCCCNNC
NC(C)CCCN(C)CN
NC(C)CCCN(C)NC
NC(C)CCCN(N)CC
NC(C)CCCNCCN
NC(C)CCCNCNC
NC(C)CCCNN(C)C
NC(C)CCCNNCC
NC(C)CCN(C)CCN
NC(C)CCN(C)CNC
NC(C)CCN(C)N(C)C
NC(C)CCN(C)NCC
NC(C)CCN(CC)CN
NC(C)CCN(CC)NC
NC(C)CCN(N)C(C)C
NC(C)CCN(N)CCC
NC(C)CCNC(C)CN
NC(C)CCNC(C)NC
NC(C)CCNC(N)CC
NC(C)CCNCCCN
NC(C)CCNCCNC
NC(C)CCNCN(C)C
NC(C)CCNCNCC
NC(C)CCNN(C)CC
NC(C)CCNNC(C)C
NC(C)CCNNCCC
NC(C)CN(C(C)C)NC
NC(C)CN(C)C(C)CN
NC(C)CN(C)C(C)NC
NC(C)CN(C)C(N)CC
NC(C)CN(C)CC(N)C
NC(C)CN(C)CCCN
NC(C)CN(C)CCNC
NC(C)CN(C)CN(C)C
NC(C)CN(C)CNCC
NC(C)CN(C)N(C)CC
NC(C)CN(C)NC(C)C
NC(C)CN(C)NCCC
NC(C)CN(CC)CCN
NC(C)CN(CC)CNC
NC(C)CN(CC)N(C)C
NC(C)CN(CC)NCC
NC(C)CN(CN)C(C)C
NC(C)CN(CN)CCC
NC(C)CN(N)C(C)(C)C
NC(C)CN(N)C(C)CC
NC(C)CN(N)CC(C)C
NC(C)CN(N)CCCC
NC(C)CN(NC)CCC
NC(C)CNC(C)(C)CN
NC(C)CNC(C)(C)NC
NC(C)CNC(C)CCN
NC(C)CNC(C)CNC
NC(C)CNC(C)N(C)C
NC(C)CNC(C)NCC
NC(C)CNC(CC)CN
NC(C)CNC(CC)NC
NC(C)CNC(N)(C)CC
NC(C)CNC(N)C(C)C
NC(C)CNC(N)CCC
NC(C)CNCC(C)CN
NC(C)CNCC(C)NC
NC(C)CNCC(N)CC
NC(C)CNCCC(C)N
NC(C)CNCCCCN
NC(C)CNCCCNC
NC(C)CNCCN(C)C
NC(C)CNCCNCC
NC(C)CNCN(C)CC
NC(C)CNCNC(C)C
NC(C)CNCNCCC
NC(C)CNN(C)C(C)C
NC(C)CNN(C)CCC
NC(C)CNN(CC)CC
NC(C)CNNC(C)(C)C
NC(C)CNNC(C)CC
NC(C)CNNCC(C)C
NC(C)CNNCCCC
NC(C)N(C(C)(C)C)NC
NC(C)N(C(C)C)C(N)C
NC(C)N(C(C)C)CCN
NC(C)N(C(C)C)CNC
NC(C)N(C(C)C)N(C)C
NC(C)N(C(C)C)NCC
NC(C)N(C(C)N)CCC
NC(C)N(C)C(C)(C)CN
NC(C)N(C)C(C)(C)NC
NC(C)N(C)C(C)C(C)N
NC(C)N(C)C(C)CCN
NC(C)N(C)C(C)CNC
NC(C)N(C)C(C)N(C)C
NC(C)N(C)C(C)NCC
NC(C)N(C)C(CC)CN
NC(C)N(C)C(CC)NC
NC(C)N(C)C(N)(C)CC
NC(C)N(C)C(N)C(C)C
NC(C)N(C)C(N)CCC
NC(C)N(C)CC(C)CN
NC(C)N(C)CC(C)NC
NC(C)N(C)CC(N)CC
NC(C)N(C)CCC(C)N
NC(C)N(C)CCCCN
NC(C)N(C)CCCNC
NC(C)N(C)CCN(C)C
NC(C)N(C)CCNCC
NC(C)N(C)CN(C)CC
NC(C)N(C)CNC(C)C
NC(C)N(C)CNCCC
NC(C)N(C)N(C)C(C)C
NC(C)N(C)N(C)CCC
NC(C)N(C)N(CC)CC
NC(C)N(C)NC(C)(C)C
NC(C)N(C)NC(C)CC
NC(C)N(C)NCC(C)C
NC(C)N(C)NCCCC
NC(C)N(CC)C(C)CN
NC(C)N(CC)C(C)NC
NC(C)N(CC)C(N)CC
NC(C)N(CC)CC(C)N
NC(C)N(CC)CCCN
NC(C)N(CC)CCNC
NC(C)N(CC)CN(C)C
NC(C)N(CC)CNCC
NC(C)N(CC)N(C)CC
NC(C)N(CC)NC(C)C
NC(C)N(CC)NCCC
NC(C)N(CN)C(C)(C)C
NC(C)N(CN)C(C)CC
NC(C)N(CN)CC(C)C
NC(C)N(CN)CCCC
NC(C)N(N(C)C)CCC
NC(C)N(N)C(C)(C)CC
NC(C)N(N)C(C)C(C)C
NC(C)N(N)C(C)CCC
NC(C)N(N)C(CC)CC
NC(C)N(N)CC(C)(C)C
NC(C)N(N)CC(C)CC
NC(C)N(N)CCC(C)C
NC(C)N(N)CCCCC
NC(C)N(NC)C(C)CC
NC(C)N(NC)CC(C)C
NC(C)N(NC)CCCC
NC(C)NC(C(C)C)NC
NC(C)NC(C)(C)C(C)N
NC(C)NC(C)(C)CCN
NC(C)NC(C)(C)CNC
NC(C)NC(C)(C)N(C)C
NC(C)NC(C)(C)NCC
NC(C)NC(C)C(C)CN
NC(C)NC(C)C(C)NC
NC(C)NC(C)C(N)CC
NC(C)NC(C)CC(C)N
NC(C)NC(C)CCCN
NC(C)NC(C)CCNC
NC(C)NC(C)CN(C)C
NC(C)NC(C)CNCC
NC(C)NC(C)N(C)CC
NC(C)NC(C)NC(C)C
NC(C)NC(C)NCCC
NC(C)NC(CC)(C)CN
NC(C)NC(CC)(C)NC
NC(C)NC(CC)(N)CC
NC(C)NC(CC)C(C)N
NC(C)NC(CC)CCN
NC(C)NC(CC)CNC
NC(C)NC(CC)N(C)C
NC(C)NC(CC)NCC
NC(C)NC(CN)C(C)C
NC(C)NC(CN)CCC
NC(C)NC(N)(C)C(C)C
NC(C)NC(N)(C)CCC
NC(C)NC(N)C(C)(C)C
NC(C)NC(N)C(C)CC
NC(C)NC(N)CC(C)C
NC(C)NC(N)CCCC
NC(C)NC(NC)CCC
NC(C)NCC(C)(C)CN
NC(C)NCC(C)(C)NC
NC(C)NCC(C)C(C)N
NC(C)NCC(C)CCN
NC(C)NCC(C)CNC
NC(C)NCC(C)N(C)C
NC(C)NCC(C)NCC
NC(C)NCC(CC)CN
NC(C)NCC(CC)NC
NC(C)NCC(N)(C)CC
NC(C)NCC(N)C(C)C
NC(C)NCC(N)CCC
NC(C)NCCC(C)CN
NC(C)NCCC(C)NC
NC(C)NCCC(N)CC
NC(C)NCCCC(C)N
NC(C)NCCCCCN
NC(C)NCCCCNC
NC(C)NCCCN(C)C
NC(C)NCCCNCC
NC(C)NCCN(C)CC
NC(C)NCCNC(C)C
NC(C)NCCNCCC
NC(C)NCN(C)C(C)C
NC(C)NCN(C)CCC
NC(C)NCN(CC)CC
NC(C)NCNC(C)(C)C
NC(C)NCNC(C)CC
NC(C)NCNCC(C)C
NC(C)NCNCCCC
NC(C)NN(C)C(C)(C)C
NC(C)NN(C)C(C)CC
NC(C)NN(C)CC(C)C
NC(C)NN(C)CCCC
NC(C)NN(CC)C(C)C
NC(C)NN(CC)CCC
NC(C)NNC(C)(C)CC
NC(C)NNC(C)C(C)C
NC(C)NNC(C)CCC
NC(C)NNC(CC)CC
NC(C)NNCC(C)(C)C
NC(C)NNCC(C)CC
NC(C)NNCCC(C)C
NC(C)NNCCCCC
NC(N)(C)C(C(C)C)NC
NC(N)(C)C(C)(C)C(C)N
NC(N)(C)C(C)(C)CCN
NC(N)(C)C(C)(C)CNC
NC(N)(C)C(C)(C)N(C)C
NC(N)(C)C(C)(C)NCC
NC(N)(C)C(C)C(C)(C)N
NC(N)(C)C(C)C(C)CN
NC(N)(C)C(C)C(C)NC
NC(N)(C)C(C)C(N)CC
NC(N)(C)C(C)CC(C)N
NC(N)(C)C(C)CCCN
NC(N)(C)C(C)CCNC
NC(N)(C)C(C)CN(C)C
NC(N)(C)C(C)CNCC
NC(N)(C)C(C)N(C)CC
NC(N)(C)C(C)NC(C)C
NC(N)(C)C(C)NCCC
NC(N)(C)C(CC)(C)CN
NC(N)(C)C(CC)(C)NC
NC(N)(C)C(CC)(N)CC
NC(N)(C)C(CC)C(C)N
NC(N)(C)C(CC)CCN
NC(N)(C)C(CC)CNC
NC(N)(C)C(CC)N(C)C
NC(N)(C)C(CC)NCC
NC(N)(C)C(CN)C(C)C
NC(N)(C)C(CN)CCC
NC(N)(C)C(N)(C)C(C)C
NC(N)(C)C(N)(C)CCC
NC(N)(C)C(N)C(C)(C)C
NC(N)(C)C(N)C(C)CC
NC(N)(C)C(N)CC(C)C
NC(N)(C)C(N)CCCC
NC(N)(C)C(NC)CCC
NC(N)(C)CC(C)(C)CN
NC(N)(C)CC(C)(C)NC
NC(N)(C)CC(C)C(C)N
NC(N)(C)CC(C)CCN
NC(N)(C)CC(C)CNC
NC(N)(C)CC(C)N(C)C
NC(N)(C)CC(C)NCC
NC(N)(C)CC(CC)CN
NC(N)(C)CC(CC)NC
NC(N)(C)CC(N)(C)CC
NC(N)(C)CC(N)C(C)C
NC(N)(C)CC(N)CCC
NC(N)(C)CCC(C)(C)N
NC(N)(C)CCC(C)CN
NC(N)(C)CCC(C)NC
NC(N)(C)CCC(N)CC
NC(N)(C)CCCC(C)N
NC(N)(C)CCCCCN
NC(N)(C)CCCCNC
NC(N)(C)CCCN(C)C
NC(N)(C)CCCNCC
NC(N)(C)CCN(C)CC
NC(N)(C)CCNC(C)C
NC(N)(C)CCNCCC
NC(N)(C)CN(C)C(C)C
NC(N)(C)CN(C)CCC
NC(N)(C)CN(CC)CC
NC(N)(C)CNC(C)(C)C
NC(N)(C)CNC(C)CC
NC(N)(C)CNCC(C)C
NC(N)(C)CNCCCC
NC(N)(C)N(C)C(C)(C)C
NC(N)(C)N(C)C(C)CC
NC(N)(C)N(C)CC(C)C
NC(N)(C)N(C)CCCC
NC(N)(C)N(CC)C(C)C
NC(N)(C)N(CC)CCC
NC(N)(C)NC(C)(C)CC
NC(N)(C)NC(C)C(C)C
NC(N)(C)NC(C)CCC
NC(N)(C)NC(CC)CC
NC(N)(C)NCC(C)(C)C
NC(N)(C)NCC(C)CC
NC(N)(C)NCCC(C)C
NC(N)(C)NCCCCC
NC(N)(N)C(C)(C)C(C)C
NC(N)(N)C(C)(C)CCC
NC(N)(N)C(C)C(C)(C)C
NC(N)(N)C(C)C(C)CC
NC(N)(N)C(C)CC(C)C
NC(N)(N)C(C)CCCC
NC(N)(N)C(CC)(C)CC
NC(N)(N)C(CC)C(C)C
NC(N)(N)C(CC)CCC
NC(N)(N)CC(C)(C)CC
NC(N)(N)CC(C)C(C)C
NC(N)(N)CC(C)CCC
NC(N)(N)CC(CC)CC
NC(N)(N)CCC(C)(C)C
NC(N)(N)CCC(C)CC
NC(N)(N)CCCC(C)C
NC(N)(N)CCCCCC
NC(N)C(C(C)(C)C)NC
NC(N)C(C(C)C)(C)NC
NC(N)C(C(C)C)C(N)C
NC(N)C(C(C)C)CCN
NC(N)C(C(C)C)CNC
NC(N)C(C(C)C)N(C)C
NC(N)C(C(C)C)NCC
NC(N)C(C(C)N)CCC
NC(N)C(C)(C)C(C)CN
NC(N)C(C)(C)C(C)NC
NC(N)C(C)(C)C(N)CC
NC(N)C(C)(C)CC(C)N
NC(N)C(C)(C)CCCN
NC(N)C(C)(C)CCNC
NC(N)C(C)(C)CN(C)C
NC(N)C(C)(C)CNCC
NC(N)C(C)(C)N(C)CC
NC(N)C(C)(C)NC(C)C
NC(N)C(C)(C)NCCC
NC(N)C(C)C(C)(C)CN
NC(N)C(C)C(C)(C)NC
NC(N)C(C)C(C)C(C)N
NC(N)C(C)C(C)CCN
NC(N)C(C)C(C)CNC
NC(N)C(C)C(C)N(C)C
NC(N)C(C)C(C)NCC
NC(N)C(C)C(CC)CN
NC(N)C(C)C(CC)NC
NC(N)C(C)C(N)(C)CC
NC(N)C(C)C(N)C(C)C
NC(N)C(C)C(N)CCC
NC(N)C(C)CC(C)CN
NC(N)C(C)CC(C)NC
NC(N)C(C)CC(N)CC
NC(N)C(C)CCC(C)N
NC(N)C(C)CCCCN
NC(N)C(C)CCCNC
NC(N)C(C)CCN(C)C
NC(N)C(C)CCNCC
NC(N)C(C)CN(C)CC
NC(N)C(C)CNC(C)C
NC(N)C(C)CNCCC
NC(N)C(C)N(C)C(C)C
NC(N)C(C)N(C)CCC
NC(N)C(C)N(CC)CC
NC(N)C(C)NC(C)(C)C
NC(N)C(C)NC(C)CC
NC(N)C(C)NCC(C)C
NC(N)C(C)NCCCC
NC(N)C(CC)(C)C(C)N
NC(N)C(CC)(C)CCN
NC(N)C(CC)(C)CNC
NC(N)C(CC)(C)N(C)C
NC(N)C(CC)(C)NCC
NC(N)C(CC)(CC)CN
NC(N)C(CC)(CC)NC
NC(N)C(CC)(N)C(C)C
NC(N)C(CC)(N)CCC
NC(N)C(CC)C(C)CN
NC(N)C(CC)C(C)NC
NC(N)C(CC)C(N)CC
NC(N)C(CC)CC(C)N
NC(N)C(CC)CCCN
NC(N)C(CC)CCNC
NC(N)C(CC)CN(C)C
NC(N)C(CC)CNCC
NC(N)C(CC)N(C)CC
NC(N)C(CC)NC(C)C
NC(N)C(CC)NCCC
NC(N)C(CN)(C)C(C)C
NC(N)C(CN)(C)CCC
NC(N)C(CN)C(C)(C)C
NC(N)C(CN)C(C)CC
NC(N)C(CN)CC(C)C
NC(N)C(CN)CCCC
NC(N)C(N(C)C)CCC
NC(N)C(N)(C)C(C)(C)C
NC(N)C(N)(C)C(C)CC
NC(N)C(N)(C)CC(C)C
NC(N)C(N)(C)CCCC
NC(N)C(N)C(C)(C)CC
NC(N)C(N)C(C)C(C)C
NC(N)C(N)C(C)CCC
NC(N)C(N)C(CC)CC
NC(N)C(N)CC(C)(C)C
NC(N)C(N)CC(C)CC
NC(N)C(N)CCC(C)C
NC(N)C(N)CCCCC
NC(N)C(NC)(C)CCC
NC(N)C(NC)C(C)CC
NC(N)C(NC)CC(C)C
NC(N)C(NC)CCCC
NC(N)CC(C(C)C)NC
NC(N)CC(C)(C)C(C)N
NC(N)CC(C)(C)CCN
NC(N)CC(C)(C)CNC
NC(N)CC(C)(C)N(C)C
NC(N)CC(C)(C)NCC
NC(N)CC(C)C(C)CN
NC(N)CC(C)C(C)NC
NC(N)CC(C)C(N)CC
NC(N)CC(C)CC(C)N
NC(N)CC(C)CCCN
NC(N)CC(C)CCNC
NC(N)CC(C)CN(C)C
NC(N)CC(C)CNCC
NC(N)CC(C)N(C)CC
NC(N)CC(C)NC(C)C
NC(N)CC(C)NCCC
NC(N)CC(CC)(C)CN
NC(N)CC(CC)(C)NC
NC(N)CC(CC)(N)CC
NC(N)CC(CC)C(C)N
NC(N)CC(CC)CCN
NC(N)CC(CC)CNC
NC(N)CC(CC)N(C)C
NC(N)CC(CC)NCC
NC(N)CC(CN)C(C)C
NC(N)CC(CN)CCC
NC(N)CC(N)(C)C(C)C
NC(N)CC(N)(C)CCC
NC(N)CC(N)C(C)(C)C
NC(N)CC(N)C(C)CC
NC(N)CC(N)CC(C)C
NC(N)CC(N)CCCC
NC(N)CC(NC)CCC
NC(N)CCC(C)(C)CN
NC(N)CCC(C)(C)NC
NC(N)CCC(C)C(C)N
NC(N)CCC(C)CCN
NC(N)CCC(C)CNC
NC(N)CCC(C)N(C)C
NC(N)CCC(C)NCC
NC(N)CCC(CC)CN
NC(N)CCC(CC)NC
NC(N)CCC(N)(C)CC
NC(N)CCC(N)C(C)C
NC(N)CCC(N)CCC
NC(N)CCCC(C)CN
NC(N)CCCC(C)NC
NC(N)CCCC(N)CC
NC(N)CCCCC(C)N
NC(N)CCCCCCN
NC(N)CCCCCNC
NC(N)CCCCN(C)C
NC(N)CCCCNCC
NC(N)CCCN(C)CC
NC(N)CCCNC(C)C
NC(N)CCCNCCC
NC(N)CCN(C)C(C)C
NC(N)CCN(C)CCC
NC(N)CCN(CC)CC
NC(N)CCNC(C)(C)C
NC(N)CCNC(C)CC
NC(N)CCNCC(C)C
NC(N)CCNCCCC
NC(N)CN(C)C(C)(C)C
NC(N)CN(C)C(C)CC
NC(N)CN(C)CC(C)C
NC(N)CN(C)CCCC
NC(N)CN(CC)C(C)C
NC(N)CN(CC)CCC
NC(N)CNC(C)(C)CC
NC(N)CNC(C)C(C)C
NC(N)CNC(C)CCC
NC(N)CNC(CC)CC
NC(N)CNCC(C)(C)C
NC(N)CNCC(C)CC
NC(N)CNCCC(C)C
NC(N)CNCCCCC
NC(N)N(C(C)C)C(C)C
NC(N)N(C(C)C)CCC
NC(N)N(C)C(C)(C)CC
NC(N)N(C)C(C)C(C)C
NC(N)N(C)C(C)CCC
NC(N)N(C)C(CC)CC
NC(N)N(C)CC(C)(C)C
NC(N)N(C)CC(C)CC
NC(N)N(C)CCC(C)C
NC(N)N(C)CCCCC
NC(N)N(CC)C(C)(C)C
NC(N)N(CC)C(C)CC
NC(N)N(CC)CC(C)C
NC(N)N(CC)CCCC
NC(N)NC(C)(C)C(C)C
NC(N)NC(C)(C)CCC
NC(N)NC(C)C(C)(C)C
NC(N)NC(C)C(C)CC
NC(N)NC(C)CC(C)C
NC(N)NC(C)CCCC
NC(N)NC(CC)(C)CC
NC(N)NC(CC)C(C)C
NC(N)NC(CC)CCC
NC(N)NCC(C)(C)CC
NC(N)NCC(C)C(C)C
NC(N)NCC(C)CCC
NC(N)NCC(CC)CC
NC(N)NCCC(C)(C)C
NC(N)NCCC(C)CC
NC(N)NCCCC(C)C
NC(N)NCCCCCC
NCC(C(C)(C)C)(N)NC
NCC(C(C)(C)C)NNC
NCC(C(C)C)(C)NNC
NCC(C(C)C)(CN)NC
NCC(C(C)C)(N)CCN
NCC(C(C)C)(N)CNC
NCC(C(C)C)(N)N(C)C
NCC(C(C)C)(N)NCC
NCC(C(C)C)C(N)CN
NCC(C(C)C)C(N)NC
NCC(C(C)C)CNNC
NCC(C(C)C)N(C)NC
NCC(C(C)C)N(N)CC
NCC(C(C)C)NCCN
NCC(C(C)C)NCNC
NCC(C(C)C)NN(C)C
NCC(C(C)C)NNCC
NCC(C)(C)C(C)NNC
NCC(C)(C)C(CN)CN
NCC(C)(C)C(CN)NC
NCC(C)(C)C(N)(C)NC
NCC(C)(C)C(N)(N)CC
NCC(C)(C)C(N)CCN
NCC(C)(C)C(N)CNC
NCC(C)(C)C(N)N(C)C
NCC(C)(C)C(N)NCC
NCC(C)(C)C(NC)NC
NCC(C)(C)CC(N)CN
NCC(C)(C)CC(N)NC
NCC(C)(C)CCNNC
NCC(C)(C)CN(C)NC
NCC(C)(C)CN(N)CC
NCC(C)(C)CNCCN
NCC(C)(C)CNCNC
NCC(C)(C)CNN(C)C
NCC(C)(C)CNNCC
NCC(C)(C)N(C)CCN
NCC(C)(C)N(C)CNC
NCC(C)(C)N(C)N(C)C
NCC(C)(C)N(C)NCC
NCC(C)(C)N(CC)NC
NCC(C)(C)N(N)C(C)C
NCC(C)(C)N(N)CCC
NCC(C)(C)NC(C)CN
NCC(C)(C)NC(C)NC
NCC(C)(C)NC(N)CC
NCC(C)(C)NCCCN
NCC(C)(C)NCCNC
NCC(C)(C)NCN(C)C
NCC(C)(C)NCNCC
NCC(C)(C)NN(C)CC
NCC(C)(C)NNC(C)C
NCC(C)(C)NNCCC
NCC(C)C(C)(C)NNC
NCC(C)C(C)C(N)NC
NCC(C)C(C)CNNC
NCC(C)C(C)N(C)NC
NCC(C)C(C)N(N)CC
NCC(C)C(C)NCCN
NCC(C)C(C)NCNC
NCC(C)C(C)NN(C)C
NCC(C)C(C)NNCC
NCC(C)C(CC)(N)NC
NCC(C)C(CC)NNC
NCC(C)C(CN)CCN
NCC(C)C(CN)CNC
NCC(C)C(CN)NCC
NCC(C)C(N)(C)CCN
NCC(C)C(N)(C)CNC
NCC(C)C(N)(C)N(C)C
NCC(C)C(N)(C)NCC
NCC(C)C(N)(N)C(C)C
NCC(C)C(N)(N)CCC
NCC(C)C(N)C(C)CN
NCC(C)C(N)C(C)NC
NCC(C)C(N)C(N)CC
NCC(C)C(N)CCCN
NCC(C)C(N)CCNC
NCC(C)C(N)CN(C)C
NCC(C)C(N)CNCC
NCC(C)C(N)N(C)CC
NCC(C)C(N)NC(C)C
NCC(C)C(N)NCCC
NCC(C)C(NC)(C)NC
NCC(C)C(NC)CCN
NCC(C)C(NC)CNC
NCC(C)C(NC)N(C)C
NCC(C)C(NC)NCC
NCC(C)C(NN)CCC
NCC(C)CC(C)NNC
NCC(C)CC(N)(C)NC
NCC(C)CC(N)(N)CC
NCC(C)CC(N)CCN
NCC(C)CC(N)CNC
NCC(C)CC(N)N(C)C
NCC(C)CC(N)NCC
NCC(C)CC(NC)NC
NCC(C)CCC(N)NC
NCC(C)CCCNNC
NCC(C)CCN(C)NC
NCC(C)CCN(N)CC
NCC(C)CCNCCN
NCC(C)CCNCNC
NCC(C)CCNN(C)C
NCC(C)CCNNCC
NCC(C)CN(C)CCN
NCC(C)CN(C)CNC
NCC(C)CN(C)N(C)C
NCC(C)CN(C)NCC
NCC(C)CN(CC)NC
NCC(C)CN(N)C(C)C
NCC(C)CN(N)CCC
NCC(C)CNC(C)NC
NCC(C)CNC(N)CC
NCC(C)CNCCCN
NCC(C)CNCCNC
NCC(C)CNCN(C)C
NCC(C)CNCNCC
NCC(C)CNN(C)CC
NCC(C)CNNC(C)C
NCC(C)CNNCCC
NCC(C)N(C(C)C)NC
NCC(C)N(C)C(C)CN
NCC(C)N(C)C(C)NC
NCC(C)N(C)C(N)CC
NCC(C)N(C)CCCN
NCC(C)N(C)CCNC
NCC(C)N(C)CN(C)C
NCC(C)N(C)CNCC
NCC(C)N(C)N(C)CC
NCC(C)N(C)NC(C)C
NCC(C)N(C)NCCC
NCC(C)N(CC)CCN
NCC(C)N(CC)CNC
NCC(C)N(CC)N(C)C
NCC(C)N(CC)NCC
NCC(C)N(CN)CCC
NCC(C)N(N)C(C)(C)C
NCC(C)N(N)C(C)CC
NCC(C)N(N)CC(C)C
NCC(C)N(N)CCCC
NCC(C)N(NC)CCC
NCC(C)NC(C)(C)NC
NCC(C)NC(C)CCN
NCC(C)NC(C)CNC
NCC(C)NC(C)N(C)C
NCC(C)NC(C)NCC
NCC(C)NC(CC)NC
NCC(C)NC(N)(C)CC
NCC(C)NC(N)C(C)C
NCC(C)NC(N)CCC
NCC(C)NCC(C)CN
NCC(C)NCC(C)NC
NCC(C)NCC(N)CC
NCC(C)NCCCCN
NCC(C)NCCCNC
NCC(C)NCCN(C)C
NCC(C)NCCNCC
NCC(C)NCN(C)CC
NCC(C)NCNC(C)C
NCC(C)NCNCCC
NCC(C)NN(C)C(C)C
NCC(C)NN(C)CCC
NCC(C)NN(CC)CC
NCC(C)NNC(C)(C)C
NCC(C)NNC(C)CC
NCC(C)NNCC(C)C
NCC(C)NNCCCC
NCC(CC)(C)C(N)CN
NCC(CC)(C)C(N)NC
NCC(CC)(C)CNNC
NCC(CC)(C)N(C)NC
NCC(CC)(C)N(N)CC
NCC(CC)(C)NCCN
NCC(CC)(C)NCNC
NCC(CC)(C)NN(C)C
NCC(CC)(C)NNCC
NCC(CC)(CC)NNC
NCC(CC)(N)C(C)CN
NCC(CC)(N)C(C)NC
NCC(CC)(N)C(N)CC
NCC(CC)(N)CCCN
NCC(CC)(N)CCNC
NCC(CC)(N)CN(C)C
NCC(CC)(N)CNCC
NCC(CC)(N)N(C)CC
NCC(CC)(N)NC(C)C
NCC(CC)(N)NCCC
NCC(CC)C(C)NNC
NCC(CC)C(N)(C)NC
NCC(CC)C(N)(N)CC
NCC(CC)C(N)CCN
NCC(CC)C(N)CNC
NCC(CC)C(N)N(C)C
NCC(CC)C(N)NCC
NCC(CC)C(NC)NC
NCC(CC)CC(N)CN
NCC(CC)CC(N)NC
NCC(CC)CCNNC
NCC(CC)CN(C)NC
NCC(CC)CN(N)CC
NCC(CC)CNCCN
NCC(CC)CNCNC
NCC(CC)CNN(C)C
NCC(CC)CNNCC
NCC(CC)N(C)CCN
NCC(CC)N(C)CNC
NCC(CC)N(C)N(C)C
NCC(CC)N(C)NCC
NCC(CC)N(CC)NC
NCC(CC)N(N)C(C)C
NCC(CC)N(N)CCC
NCC(CC)NC(C)CN
NCC(CC)NC(C)NC
NCC(CC)NC(N)CC
NCC(CC)NCCCN
NCC(CC)NCCNC
NCC(CC)NCN(C)C
NCC(CC)NCNCC
NCC(CC)NN(C)CC
NCC(CC)NNC(C)C
NCC(CC)NNCCC
NCC(CN)(C)C(C)CN
NCC(CN)(C)C(C)NC
NCC(CN)(C)C(N)CC
NCC(CN)(C)CCCN
NCC(CN)(C)CCNC
NCC(CN)(C)CN(C)C
NCC(CN)(C)CNCC
NCC(CN)(C)N(C)CC
NCC(CN)(C)NC(C)C
NCC(CN)(C)NCCC
NCC(CN)(CC)CCN
NCC(CN)(CC)CNC
NCC(CN)(CC)N(C)C
NCC(CN)(CC)NCC
NCC(CN)(CN)C(C)C
NCC(CN)(CN)CCC
NCC(CN)(N)C(C)(C)C
NCC(CN)(N)C(C)CC
NCC(CN)(N)CC(C)C
NCC(CN)(N)CCCC
NCC(CN)C(C)(C)NC
NCC(CN)C(C)CCN
NCC(CN)C(C)CNC
NCC(CN)C(C)N(C)C
NCC(CN)C(C)NCC
NCC(CN)C(CC)CN
NCC(CN)C(CC)NC
NCC(CN)C(N)(C)CC
NCC(CN)C(N)C(C)C
NCC(CN)C(N)CCC
NCC(CN)CC(C)CN
NCC(CN)CC(C)NC
NCC(CN)CC(N)CC
NCC(CN)CCCCN
NCC(CN)CCCNC
NCC(CN)CCN(C)C
NCC(CN)CCNCC
NCC(CN)CN(C)CC
NCC(CN)CNC(C)C
NCC(CN)CNCCC
NCC(CN)N(C)C(C)C
NCC(CN)N(C)CCC
NCC(CN)N(CC)CC
NCC(CN)NC(C)(C)C
NCC(CN)NC(C)CC
NCC(CN)NCC(C)C
NCC(CN)NCCCC
NCC(N(C)C)(C)CCN
NCC(N(C)C)(C)CNC
NCC(N(C)C)(C)N(C)C
NCC(N(C)C)(C)NCC
NCC(N(C)C)(N)CCC
NCC(N(C)C)C(C)CN
NCC(N(C)C)C(C)NC
NCC(N(C)C)C(N)CC
NCC(N(C)C)CCCN
NCC(N(C)C)CCNC
NCC(N(C)C)CN(C)C
NCC(N(C)C)CNCC
NCC(N(C)C)N(C)CC
NCC(N(C)C)NC(C)C
NCC(N(C)C)NCCC
NCC(N)(C)C(C)(C)CN
NCC(N)(C)C(C)(C)NC
NCC(N)(C)C(C)CCN
NCC(N)(C)C(C)CNC
NCC(N)(C)C(C)N(C)C
NCC(N)(C)C(C)NCC
NCC(N)(C)C(CC)CN
NCC(N)(C)C(CC)NC
NCC(N)(C)C(N)(C)CC
NCC(N)(C)C(N)C(C)C
NCC(N)(C)C(N)CCC
NCC(N)(C)CC(C)CN
NCC(N)(C)CC(C)NC
NCC(N)(C)CC(N)CC
NCC(N)(C)CCCCN
NCC(N)(C)CCCNC
NCC(N)(C)CCN(C)C
NCC(N)(C)CCNCC
NCC(N)(C)CN(C)CC
NCC(N)(C)CNC(C)C
NCC(N)(C)CNCCC
NCC(N)(C)N(C)C(C)C
NCC(N)(C)N(C)CCC
NCC(N)(C)N(CC)CC
NCC(N)(C)NC(C)(C)C
NCC(N)(C)NC(C)CC
NCC(N)(C)NCC(C)C
NCC(N)(C)NCCCC
NCC(N)(N)C(C)(C)CC
NCC(N)(N)C(C)C(C)C
NCC(N)(N)C(C)CCC
NCC(N)(N)C(CC)CC
NCC(N)(N)CC(C)(C)C
NCC(N)(N)CC(C)CC
NCC(N)(N)CCC(C)C
NCC(N)(N)CCCCC
NCC(N)C(C(C)C)NC
NCC(N)C(C)(C)CCN
NCC(N)C(C)(C)CNC
NCC(N)C(C)(C)N(C)C
NCC(N)C(C)(C)NCC
NCC(N)C(C)C(C)CN
NCC(N)C(C)C(C)NC
NCC(N)C(C)C(N)CC
NCC(N)C(C)CCCN
NCC(N)C(C)CCNC
NCC(N)C(C)CN(C)C
NCC(N)C(C)CNCC
NCC(N)C(C)N(C)CC
NCC(N)C(C)NC(C)C
NCC(N)C(C)NCCC
NCC(N)C(CC)(C)NC
NCC(N)C(CC)(N)CC
NCC(N)C(CC)CCN
NCC(N)C(CC)CNC
NCC(N)C(CC)N(C)C
NCC(N)C(CC)NCC
NCC(N)C(CN)CCC
NCC(N)C(N)(C)C(C)C
NCC(N)C(N)(C)CCC
NCC(N)C(N)C(C)(C)C
NCC(N)C(N)C(C)CC
NCC(N)C(N)CC(C)C
NCC(N)C(N)CCCC
NCC(N)C(NC)CCC
NCC(N)CC(C)(C)NC
NCC(N)CC(C)CCN
NCC(N)CC(C)CNC
NCC(N)CC(C)N(C)C
NCC(N)CC(C)NCC
NCC(N)CC(CC)NC
NCC(N)CC(N)(C)CC
NCC(N)CC(N)C(C)C
NCC(N)CC(N)CCC
NCC(N)CCC(C)CN
NCC(N)CCC(C)NC
NCC(N)CCC(N)CC
NCC(N)CCCCCN
NCC(N)CCCCNC
NCC(N)CCCN(C)C
NCC(N)CCCNCC
NCC(N)CCN(C)CC
NCC(N)CCNC(C)C
NCC(N)CCNCCC
NCC(N)CN(C)C(C)C
NCC(N)CN(C)CCC
NCC(N)CN(CC)CC
NCC(N)CNC(C)(C)C
NCC(N)CNC(C)CC
NCC(N)CNCC(C)C
NCC(N)CNCCCC
NCC(N)N(C)C(C)(C)C
NCC(N)N(C)C(C)CC
NCC(N)N(C)CC(C)C
NCC(N)N(C)CCCC
NCC(N)N(CC)C(C)C
NCC(N)N(CC)CCC
NCC(N)NC(C)(C)CC
NCC(N)NC(C)C(C)C
NCC(N)NC(C)CCC
NCC(N)NC(CC)CC
NCC(N)NCC(C)(C)C
NCC(N)NCC(C)CC
NCC(N)NCCC(C)C
NCC(N)NCCCCC
NCC(NC)(C(C)C)NC
NCC(NC)(C)C(C)CN
NCC(NC)(C)C(C)NC
NCC(NC)(C)C(N)CC
NCC(NC)(C)CCCN
NCC(NC)(C)CCNC
NCC(NC)(C)CN(C)C
NCC(NC)(C)CNCC
NCC(NC)(C)N(C)CC
NCC(NC)(C)NC(C)C
NCC(NC)(C)NCCC
NCC(NC)(CC)CCN
NCC(NC)(CC)CNC
NCC(NC)(CC)N(C)C
NCC(NC)(CC)NCC
NCC(NC)(CN)CCC
NCC(NC)(N)C(C)CC
NCC(NC)(N)CC(C)C
NCC(NC)(N)CCCC
NCC(NC)(NC)CCC
NCC(NC)C(C)(C)NC
NCC(NC)C(C)CCN
NCC(NC)C(C)CNC
NCC(NC)C(C)N(C)C
NCC(NC)C(C)NCC
NCC(NC)C(CC)CN
NCC(NC)C(CC)NC
NCC(NC)C(N)(C)CC
NCC(NC)C(N)C(C)C
NCC(NC)C(N)CCC
NCC(NC)CC(C)CN
NCC(NC)CC(C)NC
NCC(NC)CC(N)CC
NCC(NC)CCCCN
NCC(NC)CCCNC
NCC(NC)CCN(C)C
NCC(NC)CCNCC
NCC(NC)CN(C)CC
NCC(NC)CNC(C)C
NCC(NC)CNCCC
NCC(NC)N(C)C(C)C
NCC(NC)N(C)CCC
NCC(NC)N(CC)CC
NCC(NC)NC(C)(C)C
NCC(NC)NC(C)CC
NCC(NC)NCC(C)C
NCC(NC)NCCCC
NCCC(C(C)C)(N)NC
NCCC(C(C)C)NNC
NCCC(C(C)N)CCN
NCCC(C(C)N)CNC
NCCC(C(C)N)NCC
NCCC(C(N)N)CCC
NCCC(C)(C)C(N)NC
NCCC(C)(C)CNNC
NCCC(C)(C)N(C)NC
NCCC(C)(C)N(N)CC
NCCC(C)(C)NCNC
NCCC(C)(C)NN(C)C
NCCC(C)(C)NNCC
NCCC(C)C(C)NNC
NCCC(C)C(N)(C)NC
NCCC(C)C(N)(N)CC
NCCC(C)C(N)CNC
NCCC(C)C(N)N(C)C
NCCC(C)C(N)NCC
NCCC(C)C(NC)NC
NCCC(C)CC(N)NC
NCCC(C)CCNNC
NCCC(C)CN(C)NC
NCCC(C)CN(N)CC
NCCC(C)CNCNC
NCCC(C)CNN(C)C
NCCC(C)CNNCC
NCCC(C)N(C)CNC
NCCC(C)N(C)N(C)C
NCCC(C)N(C)NCC
NCCC(C)N(CC)NC
NCCC(C)N(N)C(C)C
NCCC(C)N(N)CCC
NCCC(C)NC(C)NC
NCCC(C)NC(N)CC
NCCC(C)NCCCN
NCCC(C)NCCNC
NCCC(C)NCN(C)C
NCCC(C)NCNCC
NCCC(C)NN(C)CC
NCCC(C)NNC(C)C
NCCC(C)NNCCC
NCCC(CC)(C)NNC
NCCC(CC)(N)CCN
NCCC(CC)(N)CNC
NCCC(CC)(N)N(C)C
NCCC(CC)(N)NCC
NCCC(CC)C(N)NC
NCCC(CC)CNNC
NCCC(CC)N(C)NC
NCCC(CC)N(N)CC
NCCC(CC)NCNC
NCCC(CC)NN(C)C
NCCC(CC)NNCC
NCCC(CCC)NNC
NCCC(CCN)CCN
NCCC(CCN)CNC
NCCC(CCN)NCC
NCCC(CN)(C)CCN
NCCC(CN)(C)CNC
NCCC(CN)(C)NCC
NCCC(CN)(N)CCC
NCCC(CN)C(C)NC
NCCC(CN)C(N)CC
NCCC(CN)CCCN
NCCC(CN)CCNC
NCCC(CN)CN(C)C
NCCC(CN)CNCC
NCCC(CN)N(C)CC
NCCC(CN)NC(C)C
NCCC(CN)NCCC
NCCC(CNC)CNC
NCCC(CNC)NCC
NCCC(N(C)C)CCN
NCCC(N(C)C)CNC
NCCC(N(C)C)N(C)C
NCCC(N(C)C)NCC
NCCC(N(C)N)CCC
NCCC(N)(C)C(C)NC
NCCC(N)(C)C(N)CC
NCCC(N)(C)CCCN
NCCC(N)(C)CCNC
NCCC(N)(C)CN(C)C
NCCC(N)(C)CNCC
NCCC(N)(C)N(C)CC
NCCC(N)(C)NC(C)C
NCCC(N)(C)NCCC
NCCC(N)(N)C(C)(C)C
NCCC(N)(N)C(C)CC
NCCC(N)(N)CC(C)C
NCCC(N)(N)CCCC
NCCC(N)C(C)(C)NC
NCCC(N)C(C)CCN
NCCC(N)C(C)CNC
NCCC(N)C(C)N(C)C
NCCC(N)C(C)NCC
NCCC(N)C(CC)NC
NCCC(N)C(N)(C)CC
NCCC(N)C(N)C(C)C
NCCC(N)C(N)CCC
NCCC(N)CC(C)NC
NCCC(N)CC(N)CC
NCCC(N)CCCCN
NCCC(N)CCCNC
NCCC(N)CCN(C)C
NCCC(N)CCNCC
NCCC(N)CN(C)CC
NCCC(N)CNC(C)C
NCCC(N)CNCCC
NCCC(N)N(C)C(C)C
NCCC(N)N(C)CCC
NCCC(N)N(CC)CC
NCCC(N)NC(C)(C)C
NCCC(N)NC(C)CC
NCCC(N)NCC(C)C
NCCC(N)NCCCC
NCCC(NC)(C)CCN
NCCC(NC)(C)CNC
NCCC(NC)(C)N(C)C
NCCC(NC)(C)NCC
NCCC(NC)(CC)NC
NCCC(NC)(N)CCC
NCCC(NC)C(C)NC
NCCC(NC)C(N)CC
NCCC(NC)CCCN
NCCC(NC)CCNC
NCCC(NC)CN(C)C
NCCC(NC)CNCC
NCCC(NC)N(C)CC
NCCC(NC)NC(C)C
NCCC(NC)NCCC
NCCC(NCC)NCC
NCCC(NN)(C)CCC
NCCC(NN)C(C)CC
NCCC(NN)CC(C)C
NCCC(NN)CCCC
NCCCC(C)(C)NNC
NCCCC(C)C(N)NC
NCCCC(C)CNNC
NCCCC(C)N(C)NC
NCCCC(C)N(N)CC
NCCCC(C)NCNC
NCCCC(C)NN(C)C
NCCCC(C)NNCC
NCCCC(CC)(N)NC
NCCCC(CC)NNC
NCCCC(CN)CNC
NCCCC(CN)NCC
NCCCC(N)(C)CNC
NCCCC(N)(C)N(C)C
NCCCC(N)(C)NCC
NCCCC(N)(N)C(C)C
NCCCC(N)(N)CCC
NCCCC(N)C(C)NC
NCCCC(N)C(N)CC
NCCCC(N)CCCN
NCCCC(N)CCNC
NCCCC(N)CN(C)C
NCCCC(N)CNCC
NCCCC(N)N(C)CC
NCCCC(N)NC(C)C
NCCCC(N)NCCC
NCCCC(NC)(C)NC
NCCCC(NC)CNC
NCCCC(NC)N(C)C
NCCCC(NC)NCC
NCCCC(NN)CCC
NCCCCC(C)NNC
NCCCCC(N)(C)NC
NCCCCC(N)(N)CC
NCCCCC(N)CNC
NCCCCC(N)N(C)C
NCCCCC(N)NCC
NCCCCC(NC)NC
NCCCCCC(N)NC
NCCCCCCNNC
NCCCCCN(C)NC
NCCCCCN(N)CC
NCCCCCNCNC
NCCCCCNN(C)C
NCCCCCNNCC
NCCCCN(C)CNC
NCCCCN(C)N(C)C
NCCCCN(C)NCC
NCCCCN(CC)NC
NCCCCN(N)C(C)C
NCCCCN(N)CCC
NCCCCNC(C)NC
NCCCCNC(N)CC
NCCCCNCCNC
NCCCCNCN(C)C
NCCCCNCNCC
NCCCCNN(C)CC
NCCCCNNC(C)C
NCCCCNNCCC
NCCCN(C(C)C)NC
NCCCN(C)C(C)NC
NCCCN(C)C(N)CC
NCCCN(C)CCCN
NCCCN(C)CCNC
NCCCN(C)CN(C)C
NCCCN(C)CNCC
NCCCN(C)N(C)CC
NCCCN(C)NC(C)C
NCCCN(C)NCCC
NCCCN(CC)CNC
NCCCN(CC)N(C)C
NCCCN(CC)NCC
NCCCN(CN)CCC
NCCCN(N)C(C)(C)C
NCCCN(N)C(C)CC
NCCCN(N)CC(C)C
NCCCN(N)CCCC
NCCCN(NC)CCC
NCCCNC(C)(C)NC
NCCCNC(C)CNC
NCCCNC(C)N(C)C
NCCCNC(C)NCC
NCCCNC(CC)NC
NCCCNC(N)(C)CC
NCCCNC(N)C(C)C
NCCCNC(N)CCC
NCCCNCC(C)NC
NCCCNCC(N)CC
NCCCNCCCCN
NCCCNCCCNC
NCCCNCCN(C)C
NCCCNCCNCC
NCCCNCN(C)CC
NCCCNCNC(C)C
NCCCNCNCCC
NCCCNN(C)C(C)C
NCCCNN(C)CCC
NCCCNN(CC)CC
NCCCNNC(C)(C)C
NCCCNNC(C)CC
NCCCNNCC(C)C
NCCCNNCCCC
NCCN(C(C)(C)C)NC
NCCN(C(C)C)CCN
NCCN(C(C)C)CNC
NCCN(C(C)C)N(C)C
NCCN(C(C)C)NCC
NCCN(C(C)N)CCC
NCCN(C)C(C)(C)NC
NCCN(C)C(C)CCN
NCCN(C)C(C)CNC
NCCN(C)C(C)N(C)C
NCCN(C)C(C)NCC
NCCN(C)C(CC)NC
NCCN(C)C(N)(C)CC
NCCN(C)C(N)C(C)C
NCCN(C)C(N)CCC
NCCN(C)CC(C)NC
NCCN(C)CC(N)CC
NCCN(C)CCCCN
NCCN(C)CCCNC
NCCN(C)CCN(C)C
NCCN(C)CCNCC
NCCN(C)CN(C)CC
NCCN(C)CNC(C)C
NCCN(C)CNCCC
NCCN(C)N(C)C(C)C
NCCN(C)N(C)CCC
NCCN(C)N(CC)CC
NCCN(C)NC(C)(C)C
NCCN(C)NC(C)CC
NCCN(C)NCC(C)C
NCCN(C)NCCCC
NCCN(CC)C(C)NC
NCCN(CC)C(N)CC
NCCN(CC)CCCN
NCCN(CC)CCNC
NCCN(CC)CN(C)C
NCCN(CC)CNCC
NCCN(CC)N(C)CC
NCCN(CC)NC(C)C
NCCN(CC)NCCC
NCCN(CCC)CCN
NCCN(CCC)CNC
NCCN(CCC)NCC
NCCN(CN)C(C)CC
NCCN(CN)CC(C)C
NCCN(CN)CCCC
NCCN(N(C)C)CCC
NCCN(N)C(C)(C)CC
NCCN(N)C(C)C(C)C
NCCN(N)C(C)CCC
NCCN(N)C(CC)CC
NCCN(N)CC(C)(C)C
NCCN(N)CC(C)CC
NCCN(N)CCC(C)C
NCCN(N)CCCCC
NCCN(NC)C(C)CC
NCCN(NC)CC(C)C
NCCN(NC)CCCC
NCCNC(C(C)C)NC
NCCNC(C)(C)CCN
NCCNC(C)(C)CNC
NCCNC(C)(C)N(C)C
NCCNC(C)(C)NCC
NCCNC(C)C(C)NC
NCCNC(C)C(N)CC
NCCNC(C)CCCN
NCCNC(C)CCNC
NCCNC(C)CN(C)C
NCCNC(C)CNCC
NCCNC(C)N(C)CC
NCCNC(C)NC(C)C
NCCNC(C)NCCC
NCCNC(CC)(C)NC
NCCNC(CC)(N)CC
NCCNC(CC)CCN
NCCNC(CC)CNC
NCCNC(CC)N(C)C
NCCNC(CC)NCC
NCCNC(CN)CCC
NCCNC(N)(C)C(C)C
NCCNC(N)(C)CCC
NCCNC(N)C(C)(C)C
NCCNC(N)C(C)CC
NCCNC(N)CC(C)C
NCCNC(N)CCCC
NCCNC(NC)CCC
NCCNCC(C)(C)NC
NCCNCC(C)CCN
NCCNCC(C)CNC
NCCNCC(C)N(C)C
NCCNCC(C)NCC
NCCNCC(CC)NC
NCCNCC(N)(C)CC
NCCNCC(N)C(C)C
NCCNCC(N)CCC
NCCNCCC(C)NC
NCCNCCC(N)CC
NCCNCCCCCN
NCCNCCCCNC
NCCNCCCN(C)C
NCCNCCCNCC
NCCNCCN(C)CC
NCCNCCNC(C)C
NCCNCCNCCC
NCCNCN(C)C(C)C
NCCNCN(C)CCC
NCCNCN(CC)CC
NCCNCNC(C)(C)C
NCCNCNC(C)CC
NCCNCNCC(C)C
NCCNCNCCCC
NCCNN(C)C(C)(C)C
NCCNN(C)C(C)CC
NCCNN(C)CC(C)C
NCCNN(C)CCCC
NCCNN(CC)C(C)C
NCCNN(CC)CCC
NCCNNC(C)(C)CC
NCCNNC(C)C(C)C
NCCNNC(C)CCC
NCCNNC(CC)CC
NCCNNCC(C)(C)C
NCCNNCC(C)CC
NCCNNCCC(C)C
NCCNNCCCCC
NCN(C(C)(C)C)CCN
NCN(C(C)(C)C)CNC
NCN(C(C)(C)C)N(C)C
NCN(C(C)(C)C)NCC
NCN(C(C)C)C(C)CN
NCN(C(C)C)C(C)NC
NCN(C(C)C)C(N)CC
NCN(C(C)C)CCCN
NCN(C(C)C)CCNC
NCN(C(C)C)CN(C)C
NCN(C(C)C)CNCC
NCN(C(C)C)N(C)CC
NCN(C(C)C)NC(C)C
NCN(C(C)C)NCCC
NCN(C)C(C(C)C)NC
NCN(C)C(C)(C)CCN
NCN(C)C(C)(C)CNC
NCN(C)C(C)(C)N(C)C
NCN(C)C(C)(C)NCC
NCN(C)C(C)C(C)CN
NCN(C)C(C)C(C)NC
NCN(C)C(C)C(N)CC
NCN(C)C(C)CCCN
NCN(C)C(C)CCNC
NCN(C)C(C)CN(C)C
NCN(C)C(C)CNCC
NCN(C)C(C)N(C)CC
NCN(C)C(C)NC(C)C
NCN(C)C(C)NCCC
NCN(C)C(CC)(C)CN
NCN(C)C(CC)(C)NC
NCN(C)C(CC)(N)CC
NCN(C)C(CC)CCN
NCN(C)C(CC)CNC
NCN(C)C(CC)N(C)C
NCN(C)C(CC)NCC
NCN(C)C(CN)C(C)C
NCN(C)C(CN)CCC
NCN(C)C(N)(C)C(C)C
NCN(C)C(N)(C)CCC
NCN(C)C(N)C(C)(C)C
NCN(C)C(N)C(C)CC
NCN(C)C(N)CC(C)C
NCN(C)C(N)CCCC
NCN(C)C(NC)CCC
NCN(C)CC(C)(C)CN
NCN(C)CC(C)(C)NC
NCN(C)CC(C)CCN
NCN(C)CC(C)CNC
NCN(C)CC(C)N(C)C
NCN(C)CC(C)NCC
NCN(C)CC(CC)CN
NCN(C)CC(CC)NC
NCN(C)CC(N)(C)CC
NCN(C)CC(N)C(C)C
NCN(C)CC(N)CCC
NCN(C)CCC(C)CN
NCN(C)CCC(C)NC
NCN(C)CCC(N)CC
NCN(C)CCCCCN
NCN(C)CCCCNC
NCN(C)CCCN(C)C
NCN(C)CCCNCC
NCN(C)CCN(C)CC
NCN(C)CCNC(C)C
NCN(C)CCNCCC
NCN(C)CN(C)C(C)C
NCN(C)CN(C)CCC
NCN(C)CN(CC)CC
NCN(C)CNC(C)(C)C
NCN(C)CNC(C)CC
NCN(C)CNCC(C)C
NCN(C)CNCCCC
NCN(C)N(C)C(C)(C)C
NCN(C)N(C)C(C)CC
NCN(C)N(C)CC(C)C
NCN(C)N(C)CCCC
NCN(C)N(CC)C(C)C
NCN(C)N(CC)CCC
NCN(C)NC(C)(C)CC
NCN(C)NC(C)C(C)C
NCN(C)NC(C)CCC
NCN(C)NC(CC)CC
NCN(C)NCC(C)(C)C
NCN(C)NCC(C)CC
NCN(C)NCCC(C)C
NCN(C)NCCCCC
NCN(CC)C(C)(C)CN
NCN(CC)C(C)(C)NC
NCN(CC)C(C)CCN
NCN(CC)C(C)CNC
NCN(CC)C(C)N(C)C
NCN(CC)C(C)NCC
NCN(CC)C(CC)CN
NCN(CC)C(CC)NC
NCN(CC)C(N)(C)CC
NCN(CC)C(N)C(C)C
NCN(CC)C(N)CCC
NCN(CC)CC(C)CN
NCN(CC)CC(C)NC
NCN(CC)CC(N)CC
NCN(CC)CCCCN
NCN(CC)CCCNC
NCN(CC)CCN(C)C
NCN(CC)CCNCC
NCN(CC)CN(C)CC
NCN(CC)CNC(C)C
NCN(CC)CNCCC
NCN(CC)N(C)C(C)C
NCN(CC)N(C)CCC
NCN(CC)N(CC)CC
NCN(CC)NC(C)(C)C
NCN(CC)NC(C)CC
NCN(CC)NCC(C)C
NCN(CC)NCCCC
NCN(CN)C(C)(C)CC
NCN(CN)C(C)C(C)C
NCN(CN)C(C)CCC
NCN(CN)C(CC)CC
NCN(CN)CC(C)(C)C
NCN(CN)CC(C)CC
NCN(CN)CCC(C)C
NCN(CN)CCCCC
NCN(N(C)C)C(C)CC
NCN(N(C)C)CC(C)C
NCN(N(C)C)CCCC
NCN(N)C(C)(C)C(C)C
NCN(N)C(C)(C)CCC
NCN(N)C(C)C(C)(C)C
NCN(N)C(C)C(C)CC
NCN(N)C(C)CC(C)C
NCN(N)C(C)CCCC
NCN(N)C(CC)(C)CC
NCN(N)C(CC)C(C)C
NCN(N)C(CC)CCC
NCN(N)CC(C)(C)CC
NCN(N)CC(C)C(C)C
NCN(N)CC(C)CCC
NCN(N)CC(CC)CC
NCN(N)CCC(C)(C)C
NCN(N)CCC(C)CC
NCN(N)CCCC(C)C
NCN(N)CCCCCC
NCN(NC)C(C)(C)CC
NCN(NC)C(C)C(C)C
NCN(NC)C(C)CCC
NCN(NC)C(CC)CC
NCN(NC)CC(C)(C)C
NCN(NC)CC(C)CC
NCN(NC)CCC(C)C
NCN(NC)CCCCC
NCNC(C(C)(C)C)NC
NCNC(C(C)C)(C)NC
NCNC(C(C)C)CCN
NCNC(C(C)C)CNC
NCNC(C(C)C)N(C)C
NCNC(C(C)C)NCC
NCNC(C(C)N)CCC
NCNC(C)(C)C(C)CN
NCNC(C)(C)C(C)NC
NCNC(C)(C)C(N)CC
NCNC(C)(C)CCCN
NCNC(C)(C)CCNC
NCNC(C)(C)CN(C)C
NCNC(C)(C)CNCC
NCNC(C)(C)N(C)CC
NCNC(C)(C)NC(C)C
NCNC(C)(C)NCCC
NCNC(C)C(C)(C)CN
NCNC(C)C(C)(C)NC
NCNC(C)C(C)CCN
NCNC(C)C(C)CNC
NCNC(C)C(C)N(C)C
NCNC(C)C(C)NCC
NCNC(C)C(CC)CN
NCNC(C)C(CC)NC
NCNC(C)C(N)(C)CC
NCNC(C)C(N)C(C)C
NCNC(C)C(N)CCC
NCNC(C)CC(C)CN
NCNC(C)CC(C)NC
NCNC(C)CC(N)CC
NCNC(C)CCCCN
NCNC(C)CCCNC
NCNC(C)CCN(C)C
NCNC(C)CCNCC
NCNC(C)CN(C)CC
NCNC(C)CNC(C)C
NCNC(C)CNCCC
NCNC(C)N(C)C(C)C
NCNC(C)N(C)CCC
NCNC(C)N(CC)CC
NCNC(C)NC(C)(C)C
NCNC(C)NC(C)CC
NCNC(C)NCC(C)C
NCNC(C)NCCCC
NCNC(CC)(C)CCN
NCNC(CC)(C)CNC
NCNC(CC)(C)N(C)C
NCNC(CC)(C)NCC
NCNC(CC)(CC)CN
NCNC(CC)(CC)NC
NCNC(CC)(N)C(C)C
NCNC(CC)(N)CCC
NCNC(CC)C(C)CN
NCNC(CC)C(C)NC
NCNC(CC)C(N)CC
NCNC(CC)CCCN
NCNC(CC)CCNC
NCNC(CC)CN(C)C
NCNC(CC)CNCC
NCNC(CC)N(C)CC
NCNC(CC)NC(C)C
NCNC(CC)NCCC
NCNC(CCC)CCN
NCNC(CCC)CNC
NCNC(CCC)NCC
NCNC(CN)(C)C(C)C
NCNC(CN)(C)CCC
NCNC(CN)C(C)(C)C
NCNC(CN)C(C)CC
NCNC(CN)CC(C)C
NCNC(CN)CCCC
NCNC(N(C)C)CCC
NCNC(N)(C)C(C)(C)C
NCNC(N)(C)C(C)CC
NCNC(N)(C)CC(C)C
NCNC(N)(C)CCCC
NCNC(N)C(C)(C)CC
NCNC(N)C(C)C(C)C
NCNC(N)C(C)CCC
NCNC(N)C(CC)CC
NCNC(N)CC(C)(C)C
NCNC(N)CC(C)CC
NCNC(N)CCC(C)C
NCNC(N)CCCCC
NCNC(NC)(C)CCC
NCNC(NC)C(C)CC
NCNC(NC)CC(C)C
NCNC(NC)CCCC
NCNCC(C(C)C)NC
NCNCC(C)(C)CCN
NCNCC(C)(C)CNC
NCNCC(C)(C)N(C)C
NCNCC(C)(C)NCC
NCNCC(C)C(C)CN
NCNCC(C)C(C)NC
NCNCC(C)C(N)CC
NCNCC(C)CCCN
NCNCC(C)CCNC
NCNCC(C)CN(C)C
NCNCC(C)CNCC
NCNCC(C)N(C)CC
NCNCC(C)NC(C)C
NCNCC(C)NCCC
NCNCC(CC)(C)CN
NCNCC(CC)(C)NC
NCNCC(CC)(N)CC
NCNCC(CC)CCN
NCNCC(CC)CNC
NCNCC(CC)N(C)C
NCNCC(CC)NCC
NCNCC(CN)C(C)C
NCNCC(CN)CCC
NCNCC(N)(C)C(C)C
NCNCC(N)(C)CCC
NCNCC(N)C(C)(C)C
NCNCC(N)C(C)CC
NCNCC(N)CC(C)C
NCNCC(N)CCCC
NCNCC(NC)CCC
NCNCCC(C)(C)CN
NCNCCC(C)(C)NC
NCNCCC(C)CCN
NCNCCC(C)CNC
NCNCCC(C)N(C)C
NCNCCC(C)NCC
NCNCCC(CC)CN
NCNCCC(CC)NC
NCNCCC(N)(C)CC
NCNCCC(N)C(C)C
NCNCCC(N)CCC
NCNCCCC(C)CN
NCNCCCC(C)NC
NCNCCCC(N)CC
NCNCCCCCCN
NCNCCCCCNC
NCNCCCCN(C)C
NCNCCCCNCC
NCNCCCN(C)CC
NCNCCCNC(C)C
NCNCCCNCCC
NCNCCN(C)C(C)C
NCNCCN(C)CCC
NCNCCN(CC)CC
NCNCCNC(C)(C)C
NCNCCNC(C)CC
NCNCCNCC(C)C
NCNCCNCCCC
NCNCN(C)C(C)(C)C
NCNCN(C)C(C)CC
NCNCN(C)CC(C)C
NCNCN(C)CCCC
NCNCN(CC)C(C)C
NCNCN(CC)CCC
NCNCNC(C)(C)CC
NCNCNC(C)C(C)C
NCNCNC(C)CCC
NCNCNC(CC)CC
NCNCNCC(C)(C)C
NCNCNCC(C)CC
NCNCNCCC(C)C
NCNCNCCCCC
NCNN(C(C)C)C(C)C
NCNN(C(C)C)CCC
NCNN(C)C(C)(C)CC
NCNN(C)C(C)C(C)C
NCNN(C)C(C)CCC
NCNN(C)C(CC)CC
NCNN(C)CC(C)(C)C
NCNN(C)CC(C)CC
NCNN(C)CCC(C)C
NCNN(C)CCCCC
NCNN(CC)C(C)(C)C
NCNN(CC)C(C)CC
NCNN(CC)CC(C)C
NCNN(CC)CCCC
NCNN(CCC)CCC
NCNNC(C)(C)C(C)C
NCNNC(C)(C)CCC
NCNNC(C)C(C)(C)C
NCNNC(C)C(C)CC
NCNNC(C)CC(C)C
NCNNC(C)CCCC
NCNNC(CC)(C)CC
NCNNC(CC)C(C)C
NCNNC(CC)CCC
NCNNCC(C)(C)CC
NCNNCC(C)C(C)C
NCNNCC(C)CCC
NCNNCC(CC)CC
NCNNCCC(C)(C)C
NCNNCCC(C)CC
NCNNCCCC(C)C
NCNNCCCCCC
NN(C)C(C(C)(C)C)NC
NN(C)C(C(C)C)(C)NC
NN(C)C(C(C)C)C(N)C
NN(C)C(C(C)C)CCN
NN(C)C(C(C)C)CNC
NN(C)C(C(C)C)N(C)C
NN(C)C(C(C)C)NCC
NN(C)C(C(C)N)CCC
NN(C)C(C)(C)C(C)(C)N
NN(C)C(C)(C)C(C)CN
NN(C)C(C)(C)C(C)NC
NN(C)C(C)(C)C(N)CC
NN(C)C(C)(C)CC(C)N
NN(C)C(C)(C)CCCN
NN(C)C(C)(C)CCNC
NN(C)C(C)(C)CN(C)C
NN(C)C(C)(C)CNCC
NN(C)C(C)(C)N(C)CC
NN(C)C(C)(C)NC(C)C
NN(C)C(C)(C)NCCC
NN(C)C(C)C(C)(C)CN
NN(C)C(C)C(C)(C)NC
NN(C)C(C)C(C)C(C)N
NN(C)C(C)C(C)CCN
NN(C)C(C)C(C)CNC
NN(C)C(C)C(C)N(C)C
NN(C)C(C)C(C)NCC
NN(C)C(C)C(CC)CN
NN(C)C(C)C(CC)NC
NN(C)C(C)C(N)(C)CC
NN(C)C(C)C(N)C(C)C
NN(C)C(C)C(N)CCC
NN(C)C(C)CC(C)(C)N
NN(C)C(C)CC(C)CN
NN(C)C(C)CC(C)NC
NN(C)C(C)CC(N)CC
NN(C)C(C)CCC(C)N
NN(C)C(C)CCCCN
NN(C)C(C)CCCNC
NN(C)C(C)CCN(C)C
NN(C)C(C)CCNCC
NN(C)C(C)CN(C)CC
NN(C)C(C)CNC(C)C
NN(C)C(C)CNCCC
NN(C)C(C)N(C)C(C)C
NN(C)C(C)N(C)CCC
NN(C)C(C)N(CC)CC
NN(C)C(C)NC(C)(C)C
NN(C)C(C)NC(C)CC
NN(C)C(C)NCC(C)C
NN(C)C(C)NCCCC
NN(C)C(CC)(C)C(C)N
NN(C)C(CC)(C)CCN
NN(C)C(CC)(C)CNC
NN(C)C(CC)(C)N(C)C
NN(C)C(CC)(C)NCC
NN(C)C(CC)(CC)CN
NN(C)C(CC)(CC)NC
NN(C)C(CC)(N)C(C)C
NN(C)C(CC)(N)CCC
NN(C)C(CC)C(C)(C)N
NN(C)C(CC)C(C)CN
NN(C)C(CC)C(C)NC
NN(C)C(CC)C(N)CC
NN(C)C(CC)CC(C)N
NN(C)C(CC)CCCN
NN(C)C(CC)CCNC
NN(C)C(CC)CN(C)C
NN(C)C(CC)CNCC
NN(C)C(CC)N(C)CC
NN(C)C(CC)NC(C)C
NN(C)C(CC)NCCC
NN(C)C(CN)(C)C(C)C
NN(C)C(CN)(C)CCC
NN(C)C(CN)C(C)(C)C
NN(C)C(CN)C(C)CC
NN(C)C(CN)CC(C)C
NN(C)C(CN)CCCC
NN(C)C(N(C)C)CCC
NN(C)C(N)(C)C(C)(C)C
NN(C)C(N)(C)C(C)CC
NN(C)C(N)(C)CC(C)C
NN(C)C(N)(C)CCCC
NN(C)C(N)C(C)(C)CC
NN(C)C(N)C(C)C(C)C
NN(C)C(N)C(C)CCC
NN(C)C(N)C(CC)CC
NN(C)C(N)CC(C)(C)C
NN(C)C(N)CC(C)CC
NN(C)C(N)CCC(C)C
NN(C)C(N)CCCCC
NN(C)C(NC)(C)CCC
NN(C)C(NC)C(C)CC
NN(C)C(NC)CC(C)C
NN(C)C(NC)CCCC
NN(C)CC(C(C)C)NC
NN(C)CC(C)(C)C(C)N
NN(C)CC(C)(C)CCN
NN(C)CC(C)(C)CNC
NN(C)CC(C)(C)N(C)C
NN(C)CC(C)(C)NCC
NN(C)CC(C)C(C)(C)N
NN(C)CC(C)C(C)CN
NN(C)CC(C)C(C)NC
NN(C)CC(C)C(N)CC
NN(C)CC(C)CC(C)N
NN(C)CC(C)CCCN
NN(C)CC(C)CCNC
NN(C)CC(C)CN(C)C
NN(C)CC(C)CNCC
NN(C)CC(C)N(C)CC
NN(C)CC(C)NC(C)C
NN(C)CC(C)NCCC
NN(C)CC(CC)(C)CN
NN(C)CC(CC)(C)NC
NN(C)CC(CC)(N)CC
NN(C)CC(CC)C(C)N
NN(C)CC(CC)CCN
NN(C)CC(CC)CNC
NN(C)CC(CC)N(C)C
NN(C)CC(CC)NCC
NN(C)CC(CN)C(C)C
NN(C)CC(CN)CCC
NN(C)CC(N)(C)C(C)C
NN(C)CC(N)(C)CCC
NN(C)CC(N)C(C)(C)C
NN(C)CC(N)C(C)CC
NN(C)CC(N)CC(C)C
NN(C)CC(N)CCCC
NN(C)CC(NC)CCC
NN(C)CCC(C)(C)CN
NN(C)CCC(C)(C)NC
NN(C)CCC(C)C(C)N
NN(C)CCC(C)CCN
NN(C)CCC(C)CNC
NN(C)CCC(C)N(C)C
NN(C)CCC(C)NCC
NN(C)CCC(CC)CN
NN(C)CCC(CC)NC
NN(C)CCC(N)(C)CC
NN(C)CCC(N)C(C)C
NN(C)CCC(N)CCC
NN(C)CCCC(C)(C)N
NN(C)CCCC(C)CN
NN(C)CCCC(C)NC
NN(C)CCCC(N)CC
NN(C)CCCCC(C)N
NN(C)CCCCCCN
NN(C)CCCCCNC
NN(C)CCCCN(C)C
NN(C)CCCCNCC
NN(C)CCCN(C)CC
NN(C)CCCNC(C)C
NN(C)CCCNCCC
NN(C)CCN(C)C(C)C
NN(C)CCN(C)CCC
NN(C)CCN(CC)CC
NN(C)CCNC(C)(C)C
NN(C)CCNC(C)CC
NN(C)CCNCC(C)C
NN(C)CCNCCCC
NN(C)CN(C)C(C)(C)C
NN(C)CN(C)C(C)CC
NN(C)CN(C)CC(C)C
NN(C)CN(C)CCCC
NN(C)CN(CC)C(C)C
NN(C)CN(CC)CCC
NN(C)CNC(C)(C)CC
NN(C)CNC(C)C(C)C
NN(C)CNC(C)CCC
NN(C)CNC(CC)CC
NN(C)CNCC(C)(C)C
NN(C)CNCC(C)CC
NN(C)CNCCC(C)C
NN(C)CNCCCCC
NN(C)N(C(C)C)C(C)C
NN(C)N(C(C)C)CCC
NN(C)N(C)C(C)(C)CC
NN(C)N(C)C(C)C(C)C
NN(C)N(C)C(C)CCC
NN(C)N(C)C(CC)CC
NN(C)N(C)CC(C)(C)C
NN(C)N(C)CC(C)CC
NN(C)N(C)CCC(C)C
NN(C)N(C)CCCCC
NN(C)N(CC)C(C)(C)C
NN(C)N(CC)C(C)CC
NN(C)N(CC)CC(C)C
NN(C)N(CC)CCCC
NN(C)NC(C)(C)C(C)C
NN(C)NC(C)(C)CCC
NN(C)NC(C)C(C)(C)C
NN(C)NC(C)C(C)CC
NN(C)NC(C)CC(C)C
NN(C)NC(C)CCCC
NN(C)NC(CC)(C)CC
NN(C)NC(CC)C(C)C
NN(C)NC(CC)CCC
NN(C)NCC(C)(C)CC
NN(C)NCC(C)C(C)C
NN(C)NCC(C)CCC
NN(C)NCC(CC)CC
NN(C)NCCC(C)(C)C
NN(C)NCCC(C)CC
NN(C)NCCCC(C)C
NN(C)NCCCCCC
NN(N)C(C(C)C)C(C)C
NN(N)C(C(C)C)CCC
NN(N)C(C)(C)C(C)(C)C
NN(N)C(C)(C)C(C)CC
NN(N)C(C)(C)CC(C)C
NN(N)C(C)(C)CCCC
NN(N)C(C)C(C)(C)CC
NN(N)C(C)C(C)C(C)C
NN(N)C(C)C(C)CCC
NN(N)C(C)C(CC)CC
NN(N)C(C)CC(C)(C)C
NN(N)C(C)CC(C)CC
NN(N)C(C)CCC(C)C
NN(N)C(C)CCCCC
NN(N)C(CC)(C)C(C)C
NN(N)C(CC)(C)CCC
NN(N)C(CC)(CC)CC
NN(N)C(CC)C(C)(C)C
NN(N)C(CC)C(C)CC
NN(N)C(CC)CC(C)C
NN(N)C(CC)CCCC
NN(N)CC(C)(C)C(C)C
NN(N)CC(C)(C)CCC
NN(N)CC(C)C(C)(C)C
NN(N)CC(C)C(C)CC
NN(N)CC(C)CC(C)C
NN(N)CC(C)CCCC
NN(N)CC(CC)(C)CC
NN(N)CC(CC)C(C)C
NN(N)CC(CC)CCC
NN(N)CCC(C)(C)CC
NN(N)CCC(C)C(C)C
NN(N)CCC(C)CCC
NN(N)CCC(CC)CC
NN(N)CCCC(C)(C)C
NN(N)CCCC(C)CC
NN(N)CCCCC(C)C
NN(N)CCCCCCC
NNC(C(C)(C)C)(C)NC
NNC(C(C)(C)C)CCN
NNC(C(C)(C)C)CNC
NNC(C(C)(C)C)N(C)C
NNC(C(C)(C)C)NCC
NNC(C(C)(C)N)CCC
NNC(C(C)C)(C)C(N)C
NNC(C(C)C)(C)CCN
NNC(C(C)C)(C)CNC
NNC(C(C)C)(C)N(C)C
NNC(C(C)C)(C)NCC
NNC(C(C)C)(CC)NC
NNC(C(C)C)(N)C(C)C
NNC(C(C)C)(N)CCC
NNC(C(C)C)C(C)(C)N
NNC(C(C)C)C(C)CN
NNC(C(C)C)C(C)NC
NNC(C(C)C)C(N)CC
NNC(C(C)C)CC(C)N
NNC(C(C)C)CCCN
NNC(C(C)C)CCNC
NNC(C(C)C)CN(C)C
NNC(C(C)C)CNCC
NNC(C(C)C)N(C)CC
NNC(C(C)C)NC(C)C
NNC(C(C)C)NCCC
NNC(C(C)N)(C)CCC
NNC(C(C)N)C(C)(C)C
NNC(C(C)N)C(C)CC
NNC(C(C)N)CC(C)C
NNC(C(C)N)CCCC
NNC(C)(C)C(C)(C)CN
NNC(C)(C)C(C)(C)NC
NNC(C)(C)C(C)C(C)N
NNC(C)(C)C(C)CCN
NNC(C)(C)C(C)CNC
NNC(C)(C)C(C)N(C)C
NNC(C)(C)C(C)NCC
NNC(C)(C)C(CC)CN
NNC(C)(C)C(CC)NC
NNC(C)(C)C(N)(C)CC
NNC(C)(C)C(N)C(C)C
NNC(C)(C)C(N)CCC
NNC(C)(C)CC(C)(C)N
NNC(C)(C)CC(C)CN
NNC(C)(C)CC(C)NC
NNC(C)(C)CC(N)CC
NNC(C)(C)CCC(C)N
NNC(C)(C)CCCCN
NNC(C)(C)CCCNC
NNC(C)(C)CCN(C)C
NNC(C)(C)CCNCC
NNC(C)(C)CN(C)CC
NNC(C)(C)CNC(C)C
NNC(C)(C)CNCCC
NNC(C)(C)N(C)C(C)C
NNC(C)(C)N(C)CCC
NNC(C)(C)N(CC)CC
NNC(C)(C)NC(C)(C)C
NNC(C)(C)NC(C)CC
NNC(C)(C)NCC(C)C
NNC(C)(C)NCCCC
NNC(C)C(C(C)C)NC
NNC(C)C(C)(C)C(C)N
NNC(C)C(C)(C)CCN
NNC(C)C(C)(C)CNC
NNC(C)C(C)(C)N(C)C
NNC(C)C(C)(C)NCC
NNC(C)C(C)C(C)(C)N
NNC(C)C(C)C(C)CN
NNC(C)C(C)C(C)NC
NNC(C)C(C)C(N)CC
NNC(C)C(C)CC(C)N
NNC(C)C(C)CCCN
NNC(C)C(C)CCNC
NNC(C)C(C)CN(C)C
NNC(C)C(C)CNCC
NNC(C)C(C)N(C)CC
NNC(C)C(C)NC(C)C
NNC(C)C(C)NCCC
NNC(C)C(CC)(C)CN
NNC(C)C(CC)(C)NC
NNC(C)C(CC)(N)CC
NNC(C)C(CC)C(C)N
NNC(C)C(CC)CCN
NNC(C)C(CC)CNC
NNC(C)C(CC)N(C)C
NNC(C)C(CC)NCC
NNC(C)C(CN)C(C)C
NNC(C)C(CN)CCC
NNC(C)C(N)(C)C(C)C
NNC(C)C(N)(C)CCC
NNC(C)C(N)C(C)(C)C
NNC(C)C(N)C(C)CC
NNC(C)C(N)CC(C)C
NNC(C)C(N)CCCC
NNC(C)C(NC)CCC
NNC(C)CC(C)(C)CN
NNC(C)CC(C)(C)NC
NNC(C)CC(C)C(C)N
NNC(C)CC(C)CCN
NNC(C)CC(C)CNC
NNC(C)CC(C)N(C)C
NNC(C)CC(C)NCC
NNC(C)CC(CC)CN
NNC(C)CC(CC)NC
NNC(C)CC(N)(C)CC
NNC(C)CC(N)C(C)C
NNC(C)CC(N)CCC
NNC(C)CCC(C)(C)N
NNC(C)CCC(C)CN
NNC(C)CCC(C)NC
NNC(C)CCC(N)CC
NNC(C)CCCC(C)N
NNC(C)CCCCCN
NNC(C)CCCCNC
NNC(C)CCCN(C)C
NNC(C)CCCNCC
NNC(C)CCN(C)CC
NNC(C)CCNC(C)C
NNC(C)CCNCCC
NNC(C)CN(C)C(C)C
NNC(C)CN(C)CCC
NNC(C)CN(CC)CC
NNC(C)CNC(C)(C)C
NNC(C)CNC(C)CC
NNC(C)CNCC(C)C
NNC(C)CNCCCC
NNC(C)N(C)C(C)(C)C
NNC(C)N(C)C(C)CC
NNC(C)N(C)CC(C)C
NNC(C)N(C)CCCC
NNC(C)N(CC)C(C)C
NNC(C)N(CC)CCC
NNC(C)NC(C)(C)CC
NNC(C)NC(C)C(C)C
NNC(C)NC(C)CCC
NNC(C)NC(CC)CC
NNC(C)NCC(C)(C)C
NNC(C)NCC(C)CC
NNC(C)NCCC(C)C
NNC(C)NCCCCC
NNC(CC)(C)C(C)(C)N
NNC(CC)(C)C(C)CN
NNC(CC)(C)C(C)NC
NNC(CC)(C)C(N)CC
NNC(CC)(C)CC(C)N
NNC(CC)(C)CCCN
NNC(CC)(C)CCNC
NNC(CC)(C)CN(C)C
NNC(CC)(C)CNCC
NNC(CC)(C)N(C)CC
NNC(CC)(C)NC(C)C
NNC(CC)(C)NCCC
NNC(CC)(CC)C(C)N
NNC(CC)(CC)CCN
NNC(CC)(CC)CNC
NNC(CC)(CC)N(C)C
NNC(CC)(CC)NCC
NNC(CC)(N)C(C)(C)C
NNC(CC)(N)C(C)CC
NNC(CC)(N)CC(C)C
NNC(CC)(N)CCCC
NNC(CC)C(C)(C)CN
NNC(CC)C(C)(C)NC
NNC(CC)C(C)C(C)N
NNC(CC)C(C)CCN
NNC(CC)C(C)CNC
NNC(CC)C(C)N(C)C
NNC(CC)C(C)NCC
NNC(CC)C(CC)CN
NNC(CC)C(CC)NC
NNC(CC)C(N)(C)CC
NNC(CC)C(N)C(C)C
NNC(CC)C(N)CCC
NNC(CC)CC(C)(C)N
NNC(CC)CC(C)CN
NNC(CC)CC(C)NC
NNC(CC)CC(N)CC
NNC(CC)CCC(C)N
NNC(CC)CCCCN
NNC(CC)CCCNC
NNC(CC)CCN(C)C
NNC(CC)CCNCC
NNC(CC)CN(C)CC
NNC(CC)CNC(C)C
NNC(CC)CNCCC
NNC(CC)N(C)C(C)C
NNC(CC)N(C)CCC
NNC(CC)N(CC)CC
NNC(CC)NC(C)(C)C
NNC(CC)NC(C)CC
NNC(CC)NCC(C)C
NNC(CC)NCCCC
NNC(CN)(C)C(C)(C)C
NNC(CN)(C)C(C)CC
NNC(CN)(C)CC(C)C
NNC(CN)(C)CCCC
NNC(CN)(CC)C(C)C
NNC(CN)(CC)CCC
NNC(CN)C(C)(C)CC
NNC(CN)C(C)C(C)C
NNC(CN)C(C)CCC
NNC(CN)C(CC)CC
NNC(CN)CC(C)(C)C
NNC(CN)CC(C)CC
NNC(CN)CCC(C)C
NNC(CN)CCCCC
NNC(N(C)C)(C)CCC
NNC(N(C)C)C(C)CC
NNC(N(C)C)CC(C)C
NNC(N(C)C)CCCC
NNC(N)(C)C(C)(C)CC
NNC(N)(C)C(C)C(C)C
NNC(N)(C)C(C)CCC
NNC(N)(C)C(CC)CC
NNC(N)(C)CC(C)(C)C
NNC(N)(C)CC(C)CC
NNC(N)(C)CCC(C)C
NNC(N)(C)CCCCC
NNC(N)C(C)(C)C(C)C
NNC(N)C(C)(C)CCC
NNC(N)C(C)C(C)(C)C
NNC(N)C(C)C(C)CC
NNC(N)C(C)CC(C)C
NNC(N)C(C)CCCC
NNC(N)C(CC)(C)CC
NNC(N)C(CC)C(C)C
NNC(N)C(CC)CCC
NNC(N)CC(C)(C)CC
NNC(N)CC(C)C(C)C
NNC(N)CC(C)CCC
NNC(N)CC(CC)CC
NNC(N)CCC(C)(C)C
NNC(N)CCC(C)CC
NNC(N)CCCC(C)C
NNC(N)CCCCCC
NNC(NC)(C)C(C)CC
NNC(NC)(C)CC(C)C
NNC(NC)(C)CCCC
NNC(NC)(CC)CCC
NNC(NC)C(C)(C)CC
NNC(NC)C(C)C(C)C
NNC(NC)C(C)CCC
NNC(NC)C(CC)CC
NNC(NC)CC(C)(C)C
NNC(NC)CC(C)CC
NNC(NC)CCC(C)C
NNC(NC)CCCCC
NNCC(C(C)(C)C)NC
NNCC(C(C)C)(C)NC
NNCC(C(C)C)C(N)C
NNCC(C(C)C)CCN
NNCC(C(C)C)CNC
NNCC(C(C)C)N(C)C
NNCC(C(C)C)NCC
NNCC(C(C)N)CCC
NNCC(C)(C)C(C)(C)N
NNCC(C)(C)C(C)CN
NNCC(C)(C)C(C)NC
NNCC(C)(C)C(N)CC
NNCC(C)(C)CC(C)N
NNCC(C)(C)CCCN
NNCC(C)(C)CCNC
NNCC(C)(C)CN(C)C
NNCC(C)(C)CNCC
NNCC(C)(C)N(C)CC
NNCC(C)(C)NC(C)C
NNCC(C)(C)NCCC
NNCC(C)C(C)(C)CN
NNCC(C)C(C)(C)NC
NNCC(C)C(C)C(C)N
NNCC(C)C(C)CCN
NNCC(C)C(C)CNC
NNCC(C)C(C)N(C)C
NNCC(C)C(C)NCC
NNCC(C)C(CC)CN
NNCC(C)C(CC)NC
NNCC(C)C(N)(C)CC
NNCC(C)C(N)C(C)C
NNCC(C)C(N)CCC
NNCC(C)CC(C)(C)N
NNCC(C)CC(C)CN
NNCC(C)CC(C)NC
NNCC(C)CC(N)CC
NNCC(C)CCC(C)N
NNCC(C)CCCCN
NNCC(C)CCCNC
NNCC(C)CCN(C)C
NNCC(C)CCNCC
NNCC(C)CN(C)CC
NNCC(C)CNC(C)C
NNCC(C)CNCCC
NNCC(C)N(C)C(C)C
NNCC(C)N(C)CCC
NNCC(C)N(CC)CC
NNCC(C)NC(C)(C)C
NNCC(C)NC(C)CC
NNCC(C)NCC(C)C
NNCC(C)NCCCC
NNCC(CC)(C)C(C)N
NNCC(CC)(C)CCN
NNCC(CC)(C)CNC
NNCC(CC)(C)N(C)C
NNCC(CC)(C)NCC
NNCC(CC)(CC)CN
NNCC(CC)(CC)NC
NNCC(CC)(N)C(C)C
NNCC(CC)(N)CCC
NNCC(CC)C(C)(C)N
NNCC(CC)C(C)CN
NNCC(CC)C(C)NC
NNCC(CC)C(N)CC
NNCC(CC)CC(C)N
NNCC(CC)CCCN
NNCC(CC)CCNC
NNCC(CC)CN(C)C
NNCC(CC)CNCC
NNCC(CC)N(C)CC
NNCC(CC)NC(C)C
NNCC(CC)NCCC
NNCC(CCC)CCN
NNCC(CCC)CNC
NNCC(CCC)NCC
NNCC(CN)(C)C(C)C
NNCC(CN)(C)CCC
NNCC(CN)C(C)(C)C
NNCC(CN)C(C)CC
NNCC(CN)CC(C)C
NNCC(CN)CCCC
NNCC(N(C)C)CCC
NNCC(N)(C)C(C)(C)C
NNCC(N)(C)C(C)CC
NNCC(N)(C)CC(C)C
NNCC(N)(C)CCCC
NNCC(N)C(C)(C)CC
NNCC(N)C(C)C(C)C
NNCC(N)C(C)CCC
NNCC(N)C(CC)CC
NNCC(N)CC(C)(C)C
NNCC(N)CC(C)CC
NNCC(N)CCC(C)C
NNCC(N)CCCCC
NNCC(NC)(C)CCC
NNCC(NC)C(C)CC
NNCC(NC)CC(C)C
NNCC(NC)CCCC
NNCCC(C(C)C)NC
NNCCC(C)(C)C(C)N
NNCCC(C)(C)CCN
NNCCC(C)(C)CNC
NNCCC(C)(C)N(C)C
NNCCC(C)(C)NCC
NNCCC(C)C(C)(C)N
NNCCC(C)C(C)CN
NNCCC(C)C(C)NC
NNCCC(C)C(N)CC
NNCCC(C)CC(C)N
NNCCC(C)CCCN
NNCCC(C)CCNC
NNCCC(C)CN(C)C
NNCCC(C)CNCC
NNCCC(C)N(C)CC
NNCCC(C)NC(C)C
NNCCC(C)NCCC
NNCCC(CC)(C)CN
NNCCC(CC)(C)NC
NNCCC(CC)(N)CC
NNCCC(CC)C(C)N
NNCCC(CC)CCN
NNCCC(CC)CNC
NNCCC(CC)N(C)C
NNCCC(CC)NCC
NNCCC(CN)C(C)C
NNCCC(CN)CCC
NNCCC(N)(C)C(C)C
NNCCC(N)(C)CCC
NNCCC(N)C(C)(C)C
NNCCC(N)C(C)CC
NNCCC(N)CC(C)C
NNCCC(N)CCCC
NNCCC(NC)CCC
NNCCCC(C)(C)CN
NNCCCC(C)(C)NC
NNCCCC(C)C(C)N
NNCCCC(C)CCN
NNCCCC(C)CNC
NNCCCC(C)N(C)C
NNCCCC(C)NCC
NNCCCC(CC)CN
NNCCCC(CC)NC
NNCCCC(N)(C)CC
NNCCCC(N)C(C)C
NNCCCC(N)CCC
NNCCCCC(C)(C)N
NNCCCCC(C)CN
NNCCCCC(C)NC
NNCCCCC(N)CC
NNCCCCCC(C)N
NNCCCCCCCN
NNCCCCCCNC
NNCCCCCN(C)C
NNCCCCCNCC
NNCCCCN(C)CC
NNCCCCNC(C)C
NNCCCCNCCC
NNCCCN(C)C(C)C
NNCCCN(C)CCC
NNCCCN(CC)CC
NNCCCNC(C)(C)C
NNCCCNC(C)CC
NNCCCNCC(C)C
NNCCCNCCCC
NNCCN(C)C(C)(C)C
NNCCN(C)C(C)CC
NNCCN(C)CC(C)C
NNCCN(C)CCCC
NNCCN(CC)C(C)C
NNCCN(CC)CCC
NNCCNC(C)(C)CC
NNCCNC(C)C(C)C
NNCCNC(C)CCC
NNCCNC(CC)CC
NNCCNCC(C)(C)C
NNCCNCC(C)CC
NNCCNCCC(C)C
NNCCNCCCCC
NNCN(C(C)C)C(C)C
NNCN(C(C)C)CCC
NNCN(C)C(C)(C)CC
NNCN(C)C(C)C(C)C
NNCN(C)C(C)CCC
NNCN(C)C(CC)CC
NNCN(C)CC(C)(C)C
NNCN(C)CC(C)CC
NNCN(C)CCC(C)C
NNCN(C)CCCCC
NNCN(CC)C(C)(C)C
NNCN(CC)C(C)CC
NNCN(CC)CC(C)C
NNCN(CC)CCCC
NNCN(CCC)CCC
NNCNC(C)(C)C(C)C
NNCNC(C)(C)CCC
NNCNC(C)C(C)(C)C
NNCNC(C)C(C)CC
NNCNC(C)CC(C)C
NNCNC(C)CCCC
NNCNC(CC)(C)CC
NNCNC(CC)C(C)C
NNCNC(CC)CCC
NNCNCC(C)(C)CC
NNCNCC(C)C(C)C
NNCNCC(C)CCC
NNCNCC(CC)CC
NNCNCCC(C)(C)C
NNCNCCC(C)CC
NNCNCCCC(C)C
NNCNCCCCCC
NNN(C(C)(C)C)CCC
NNN(C(C)C)C(C)(C)C
NNN(C(C)C)C(C)CC
NNN(C(C)C)CC(C)C
NNN(C(C)C)CCCC
NNN(C)C(C)(C)C(C)C
NNN(C)C(C)(C)CCC
NNN(C)C(C)C(C)(C)C
NNN(C)C(C)C(C)CC
NNN(C)C(C)CC(C)C
NNN(C)C(C)CCCC
NNN(C)C(CC)(C)CC
NNN(C)C(CC)C(C)C
NNN(C)C(CC)CCC
NNN(C)CC(C)(C)CC
NNN(C)CC(C)C(C)C
NNN(C)CC(C)CCC
NNN(C)CC(CC)CC
NNN(C)CCC(C)(C)C
NNN(C)CCC(C)CC
NNN(C)CCCC(C)C
NNN(C)CCCCCC
NNN(CC)C(C)(C)CC
NNN(CC)C(C)C(C)C
NNN(CC)C(C)CCC
NNN(CC)C(CC)CC
NNN(CC)CC(C)(C)C
NNN(CC)CC(C)CC
NNN(CC)CCC(C)C
NNN(CC)CCCCC
NNNC(C(C)C)C(C)C
NNNC(C(C)C)CCC
NNNC(C)(C)C(C)(C)C
NNNC(C)(C)C(C)CC
NNNC(C)(C)CC(C)C
NNNC(C)(C)CCCC
NNNC(C)C(C)(C)CC
NNNC(C)C(C)C(C)C
NNNC(C)C(C)CCC
NNNC(C)C(CC)CC
NNNC(C)CC(C)(C)C
NNNC(C)CC(C)CC
NNNC(C)CCC(C)C
NNNC(C)CCCCC
NNNC(CC)(C)C(C)C
NNNC(CC)(C)CCC
NNNC(CC)(CC)CC
NNNC(CC)C(C)(C)C
NNNC(CC)C(C)CC
NNNC(CC)CC(C)C
NNNC(CC)CCCC
NNNC(CCC)CCC
NNNCC(C)(C)C(C)C
NNNCC(C)(C)CCC
NNNCC(C)C(C)(C)C
NNNCC(C)C(C)CC
NNNCC(C)CC(C)C
NNNCC(C)CCCC
NNNCC(CC)(C)CC
NNNCC(CC)C(C)C
NNNCC(CC)CCC
NNNCCC(C)(C)CC
NNNCCC(C)C(C)C
NNNCCC(C)CCC
NNNCCC(CC)CC
NNNCCCC(C)(C)C
NNNCCCC(C)CC
NNNCCCCC(C)C
NNNCCCCCCC
