CC(C)(C)C(O)(O)OCC
CC(C)(C)C(O)OOCC
CC(C)(C)COOOCC
CC(C)(C)OC(O)(O)CC
CC(C)(C)OC(O)OCC
CC(C)(C)OCOOCC
CC(C)(C)OOC(O)CC
CC(C)(C)OOCOCC
CC(C)(C)OOOC(C)C
CC(C)(C)OOOCCC
CC(C)C(C)OOOCC
CC(C)C(O)(C)OOCC
CC(C)C(O)(O)C(O)CC
CC(C)C(O)(O)COCC
CC(C)C(O)(O)OCCC
CC(C)C(O)C(O)(O)CC
CC(C)C(O)C(O)OCC
CC(C)C(O)COOCC
CC(C)C(O)OC(O)CC
CC(C)C(O)OCOCC
CC(C)C(O)OOCCC
CC(C)CC(O)(O)OCC
CC(C)CC(O)OOCC
CC(C)CC(OO)OCC
CC(C)CCOOOCC
CC(C)COC(O)(O)CC
CC(C)COC(O)OCC
CC(C)COCOOCC
CC(C)COOC(O)CC
CC(C)COOCOCC
CC(C)COOOCCC
CC(C)OC(C)OOCC
CC(C)OC(CO)OCC
CC(C)OC(O)(C)OCC
CC(C)OC(O)(O)C(C)C
CC(C)OC(O)(O)CCC
CC(C)OC(O)C(O)CC
CC(C)OC(O)COCC
CC(C)OC(O)OC(C)C
CC(C)OC(O)OCCC
CC(C)OC(OC)OCC
CC(C)OC(OO)CCC
CC(C)OCC(O)(O)CC
CC(C)OCC(O)OCC
CC(C)OCCOOCC
CC(C)OCOC(O)CC
CC(C)OCOCOCC
CC(C)OCOOCCC
CC(C)OOC(C)OCC
CC(C)OOC(O)(C)CC
CC(C)OOC(O)C(C)C
CC(C)OOC(O)CCC
CC(C)OOCC(O)CC
CC(C)OOCCOCC
CC(C)OOCOC(C)C
CC(C)OOCOCCC
CC(C)OOOC(C)CC
CC(C)OOOCC(C)C
CC(C)OOOCCCC
CCC(C)OOOCCC
CCC(O)(C)OC(O)CC
CCC(O)(C)OOCCC
CCC(O)(O)C(O)(C)CC
CCC(O)(O)C(O)CCC
CCC(O)(O)CC(O)CC
CCC(O)(O)COCCC
CCC(O)(O)OC(C)CC
CCC(O)(O)OCCCC
CCC(O)C(O)(O)CCC
CCC(O)C(O)C(O)CC
CCC(O)C(O)OCCC
CCC(O)C(OO)CCC
CCC(O)COOCCC
CCC(O)OC(O)CCC
CCC(O)OCC(O)CC
CCC(O)OCOCCC
CCC(O)OOC(C)CC
CCC(O)OOCCCC
CCCC(OO)(O)CCC
CCCOC(O)(O)CCC
CCCOC(O)OCCC
CCCOC(OO)CCC
CCCOOC(O)CCC
CCCOOCOCCC
CCCOOOCCCC
CCOC(C(C)O)OCC
CCOC(C(O)O)CCC
CCOC(C)C(O)(O)CC
CCOC(C)OC(O)CC
CCOC(C)OCOCC
CCOC(C)OOCCC
CCOC(CC)(O)OCC
CCOC(CO)(C)OCC
CCOC(CO)(O)CCC
CCOC(CO)C(O)CC
CCOC(CO)COCC
CCOC(CO)OCCC
CCOC(O)(C)C(O)CC
CCOC(O)(C)COCC
CCOC(O)(C)OCCC
CCOC(O)(O)C(C)CC
CCOC(O)(O)CCCC
CCOC(O)C(C)OCC
CCOC(O)C(O)(C)CC
CCOC(O)C(O)CCC
CCOC(O)CC(O)CC
CCOC(O)CCOCC
CCOC(O)COCCC
CCOC(O)OC(C)CC
CCOC(O)OCCCC
CCOC(OC)(C)OCC
CCOC(OC)(O)CCC
CCOC(OC)C(O)CC
CCOC(OC)COCC
CCOC(OC)OCCC
CCOC(OCC)OCC
CCOC(OO)(C)CCC
CCOC(OO)C(C)CC
CCOC(OO)CCCC
CCOCC(O)(O)CCC
CCOCC(O)C(O)CC
CCOCC(O)COCC
CCOCC(O)OCCC
CCOCC(OO)CCC
CCOCCC(O)(O)CC
CCOCCOC(O)CC
CCOCCOOCCC
CCOCOC(O)(C)CC
CCOCOC(O)CCC
CCOCOCC(O)CC
CCOCOCCOCC
CCOCOCOCCC
CCOCOOC(C)CC
CCOCOOCCCC
CCOOC(C)(C)OCC
CCOOC(C)C(O)CC
CCOOC(C)COCC
CCOOC(C)OCCC
CCOOC(CC)(O)CC
CCOOC(CC)OCC
CCOOC(CO)CCC
CCOOC(O)(C)CCC
CCOOC(O)C(C)CC
CCOOC(O)CCCC
CCOOC(OC)CCC
CCOOCC(C)OCC
CCOOCC(O)(C)CC
CCOOCC(O)CCC
CCOOCCC(O)CC
CCOOCCCOCC
CCOOCCOCCC
CCOOCOC(C)CC
CCOOCOCCCC
CCOOOC(C)(C)CC
CCOOOC(C)CCC
CCOOOC(CC)CC
CCOOOCC(C)CC
CCOOOCCCCC
COC(C(C)(C)C)(O)OC
COC(C(C)C)(O)COC
COC(C(C)C)(O)OCC
COC(C(C)C)C(O)OC
COC(C(C)C)OCOC
COC(C(C)C)OOCC
COC(C)(C)C(O)(O)CC
COC(C)(C)C(O)COC
COC(C)(C)C(O)OCC
COC(C)(C)C(OC)OC
COC(C)(C)CC(O)OC
COC(C)(C)COCOC
COC(C)(C)COOCC
COC(C)(C)OC(C)OC
COC(C)(C)OC(O)CC
COC(C)(C)OCCOC
COC(C)(C)OCOCC
COC(C)(C)OOC(C)C
COC(C)(C)OOCCC
COC(C)C(C)OCOC
COC(C)C(C)OOCC
COC(C)C(CO)COC
COC(C)C(CO)OCC
COC(C)C(O)(C)COC
COC(C)C(O)(C)OCC
COC(C)C(O)(O)C(C)C
COC(C)C(O)(O)CCC
COC(C)C(O)C(C)OC
COC(C)C(O)C(O)CC
COC(C)C(O)CCOC
COC(C)C(O)COCC
COC(C)C(O)OC(C)C
COC(C)C(O)OCCC
COC(C)C(OC)COC
COC(C)C(OC)OCC
COC(C)C(OO)CCC
COC(C)CC(O)(O)CC
COC(C)CC(O)COC
COC(C)CC(O)OCC
COC(C)CCOCOC
COC(C)CCOOCC
COC(C)COC(O)CC
COC(C)COCCOC
COC(C)COCOCC
COC(C)COOC(C)C
COC(C)COOCCC
COC(C)OC(C)COC
COC(C)OC(C)OCC
COC(C)OC(O)(C)CC
COC(C)OC(O)C(C)C
COC(C)OC(O)CCC
COC(C)OCC(C)OC
COC(C)OCC(O)CC
COC(C)OCCCOC
COC(C)OCCOCC
COC(C)OCOC(C)C
COC(C)OCOCCC
COC(C)OOC(C)(C)C
COC(C)OOC(C)CC
COC(C)OOCC(C)C
COC(C)OOCCCC
COC(CC)(C)C(O)OC
COC(CC)(C)OCOC
COC(CC)(C)OOCC
COC(CC)(O)C(C)OC
COC(CC)(O)C(O)CC
COC(CC)(O)CCOC
COC(CC)(O)COCC
COC(CC)(O)OC(C)C
COC(CC)(O)OCCC
COC(CC)C(O)(O)CC
COC(CC)C(O)COC
COC(CC)C(O)OCC
COC(CC)CC(O)OC
COC(CC)COCOC
COC(CC)COOCC
COC(CC)OC(C)OC
COC(CC)OC(O)CC
COC(CC)OCCOC
COC(CC)OCOCC
COC(CC)OOC(C)C
COC(CC)OOCCC
COC(O)(C)C(C)(C)OC
COC(O)(C)C(C)COC
COC(O)(C)C(C)OCC
COC(O)(C)C(CC)OC
COC(O)(C)C(O)(C)CC
COC(O)(C)C(O)C(C)C
COC(O)(C)C(O)CCC
COC(O)(C)CC(C)OC
COC(O)(C)CC(O)CC
COC(O)(C)CCCOC
COC(O)(C)CCOCC
COC(O)(C)COC(C)C
COC(O)(C)COCCC
COC(O)(C)OC(C)(C)C
COC(O)(C)OC(C)CC
COC(O)(C)OCC(C)C
COC(O)(C)OCCCC
COC(O)(O)C(C)(C)CC
COC(O)(O)C(C)C(C)C
COC(O)(O)C(C)CCC
COC(O)(O)C(CC)CC
COC(O)(O)CC(C)(C)C
COC(O)(O)CC(C)CC
COC(O)(O)CCC(C)C
COC(O)(O)CCCCC
COC(O)C(C)(C)COC
COC(O)C(C)(C)OCC
COC(O)C(C)C(C)OC
COC(O)C(C)C(O)CC
COC(O)C(C)CCOC
COC(O)C(C)COCC
COC(O)C(C)OC(C)C
COC(O)C(C)OCCC
COC(O)C(CC)(O)CC
COC(O)C(CC)COC
COC(O)C(CC)OCC
COC(O)C(CO)CCC
COC(O)C(O)(C)C(C)C
COC(O)C(O)(C)CCC
COC(O)C(O)C(C)(C)C
COC(O)C(O)C(C)CC
COC(O)C(O)CC(C)C
COC(O)C(O)CCCC
COC(O)C(OC)CCC
COC(O)CC(C)COC
COC(O)CC(C)OCC
COC(O)CC(O)(C)CC
COC(O)CC(O)C(C)C
COC(O)CC(O)CCC
COC(O)CCC(C)OC
COC(O)CCC(O)CC
COC(O)CCCCOC
COC(O)CCCOCC
COC(O)CCOC(C)C
COC(O)CCOCCC
COC(O)COC(C)(C)C
COC(O)COC(C)CC
COC(O)COCC(C)C
COC(O)COCCCC
COC(O)OC(C)(C)CC
COC(O)OC(C)C(C)C
COC(O)OC(C)CCC
COC(O)OC(CC)CC
COC(O)OCC(C)(C)C
COC(O)OCC(C)CC
COC(O)OCCC(C)C
COC(O)OCCCCC
COC(OC)(C(C)C)OC
COC(OC)(C)C(C)OC
COC(OC)(C)C(O)CC
COC(OC)(C)CCOC
COC(OC)(C)COCC
COC(OC)(C)OC(C)C
COC(OC)(C)OCCC
COC(OC)(CC)COC
COC(OC)(CC)OCC
COC(OC)(O)C(C)CC
COC(OC)(O)CC(C)C
COC(OC)(O)CCCC
COC(OC)(OC)CCC
COC(OC)C(C)COC
COC(OC)C(C)OCC
COC(OC)C(CC)OC
COC(OC)C(O)(C)CC
COC(OC)C(O)C(C)C
COC(OC)C(O)CCC
COC(OC)CC(C)OC
COC(OC)CC(O)CC
COC(OC)CCCOC
COC(OC)CCOCC
COC(OC)COC(C)C
COC(OC)COCCC
COC(OC)OC(C)(C)C
COC(OC)OC(C)CC
COC(OC)OCC(C)C
COC(OC)OCCCC
COCC(C(C)O)COC
COCC(C(C)O)OCC
COCC(C(O)O)CCC
COCC(C)(C)OOCC
COCC(C)C(O)(O)CC
COCC(C)C(O)OCC
COCC(C)COOCC
COCC(C)OC(O)CC
COCC(C)OCCOC
COCC(C)OCOCC
COCC(C)OOC(C)C
COCC(C)OOCCC
COCC(CC)(O)COC
COCC(CC)(O)OCC
COCC(CC)OOCC
COCC(CO)(C)COC
COCC(CO)(C)OCC
COCC(CO)(O)CCC
COCC(CO)C(O)CC
COCC(CO)CCOC
COCC(CO)COCC
COCC(CO)OC(C)C
COCC(CO)OCCC
COCC(COC)COC
COCC(COC)OCC
COCC(O)(C)C(O)CC
COCC(O)(C)CCOC
COCC(O)(C)COCC
COCC(O)(C)OC(C)C
COCC(O)(C)OCCC
COCC(O)(O)C(C)(C)C
COCC(O)(O)C(C)CC
COCC(O)(O)CC(C)C
COCC(O)(O)CCCC
COCC(O)C(C)COC
COCC(O)C(C)OCC
COCC(O)C(O)(C)CC
COCC(O)C(O)C(C)C
COCC(O)C(O)CCC
COCC(O)CC(O)CC
COCC(O)CCCOC
COCC(O)CCOCC
COCC(O)COC(C)C
COCC(O)COCCC
COCC(O)OC(C)(C)C
COCC(O)OC(C)CC
COCC(O)OCC(C)C
COCC(O)OCCCC
COCC(OC)(C)COC
COCC(OC)(C)OCC
COCC(OC)(O)CCC
COCC(OC)C(O)CC
COCC(OC)CCOC
COCC(OC)COCC
COCC(OC)OC(C)C
COCC(OC)OCCC
COCC(OCC)OCC
COCC(OO)(C)CCC
COCC(OO)C(C)CC
COCC(OO)CC(C)C
COCC(OO)CCCC
COCCC(C)OOCC
COCCC(CO)OCC
COCCC(O)(C)OCC
COCCC(O)(O)C(C)C
COCCC(O)(O)CCC
COCCC(O)C(O)CC
COCCC(O)CCOC
COCCC(O)COCC
COCCC(O)OC(C)C
COCCC(O)OCCC
COCCC(OC)OCC
COCCC(OO)CCC
COCCCC(O)(O)CC
COCCCC(O)OCC
COCCCCOOCC
COCCCOC(O)CC
COCCCOCOCC
COCCCOOC(C)C
COCCCOOCCC
COCCOC(C)OCC
COCCOC(O)(C)CC
COCCOC(O)C(C)C
COCCOC(O)CCC
COCCOCC(O)CC
COCCOCCCOC
COCCOCCOCC
COCCOCOC(C)C
COCCOCOCCC
COCCOOC(C)(C)C
COCCOOC(C)CC
COCCOOCC(C)C
COCCOOCCCC
COCOC(C)(C)COC
COCOC(C)(C)OCC
COCOC(C)C(O)CC
COCOC(C)CCOC
COCOC(C)COCC
COCOC(C)OC(C)C
COCOC(C)OCCC
COCOC(CC)(O)CC
COCOC(CC)COC
COCOC(CC)OCC
COCOC(CO)CCC
COCOC(O)(C)C(C)C
COCOC(O)(C)CCC
COCOC(O)C(C)(C)C
COCOC(O)C(C)CC
COCOC(O)CC(C)C
COCOC(O)CCCC
COCOC(OC)CCC
COCOCC(C)COC
COCOCC(C)OCC
COCOCC(O)(C)CC
COCOCC(O)C(C)C
COCOCC(O)CCC
COCOCCC(O)CC
COCOCCCCOC
COCOCCCOCC
COCOCCOC(C)C
COCOCCOCCC
COCOCOC(C)(C)C
COCOCOC(C)CC
COCOCOCC(C)C
COCOCOCCCC
COCOOC(C)(C)CC
COCOOC(C)C(C)C
COCOOC(C)CCC
COCOOC(CC)CC
COCOOCC(C)(C)C
COCOOCC(C)CC
COCOOCCC(C)C
COCOOCCCCC
COOC(C(C)(C)C)OC
COOC(C(C)C)(C)OC
COOC(C(C)C)COC
COOC(C(C)C)OCC
COOC(C(C)O)CCC
COOC(C)(C)C(C)OC
COOC(C)(C)C(O)CC
COOC(C)(C)CCOC
COOC(C)(C)COCC
COOC(C)(C)OC(C)C
COOC(C)(C)OCCC
COOC(C)C(C)(C)OC
COOC(C)C(C)COC
COOC(C)C(C)OCC
COOC(C)C(CC)OC
COOC(C)C(O)(C)CC
COOC(C)C(O)C(C)C
COOC(C)C(O)CCC
COOC(C)CC(C)OC
COOC(C)CC(O)CC
COOC(C)CCCOC
COOC(C)CCOCC
COOC(C)COC(C)C
COOC(C)COCCC
COOC(C)OC(C)(C)C
COOC(C)OC(C)CC
COOC(C)OCC(C)C
COOC(C)OCCCC
COOC(CC)(C)COC
COOC(CC)(C)OCC
COOC(CC)(CC)OC
COOC(CC)(O)C(C)C
COOC(CC)(O)CCC
COOC(CC)C(C)OC
COOC(CC)C(O)CC
COOC(CC)CCOC
COOC(CC)COCC
COOC(CC)OC(C)C
COOC(CC)OCCC
COOC(CCC)COC
COOC(CCC)OCC
COOC(CO)(C)CCC
COOC(CO)C(C)CC
COOC(CO)CC(C)C
COOC(CO)CCCC
COOC(O)(C)C(C)(C)C
COOC(O)(C)C(C)CC
COOC(O)(C)CC(C)C
COOC(O)(C)CCCC
COOC(O)C(C)(C)CC
COOC(O)C(C)C(C)C
COOC(O)C(C)CCC
COOC(O)C(CC)CC
COOC(O)CC(C)(C)C
COOC(O)CC(C)CC
COOC(O)CCC(C)C
COOC(O)CCCCC
COOC(OC)(C)CCC
COOC(OC)C(C)CC
COOC(OC)CC(C)C
COOC(OC)CCCC
COOCC(C(C)C)OC
COOCC(C)(C)COC
COOCC(C)(C)OCC
COOCC(C)C(C)OC
COOCC(C)C(O)CC
COOCC(C)CCOC
COOCC(C)COCC
COOCC(C)OC(C)C
COOCC(C)OCCC
COOCC(CC)(C)OC
COOCC(CC)(O)CC
COOCC(CC)COC
COOCC(CC)OCC
COOCC(CO)CCC
COOCC(O)(C)C(C)C
COOCC(O)(C)CCC
COOCC(O)C(C)(C)C
COOCC(O)C(C)CC
COOCC(O)CC(C)C
COOCC(O)CCCC
COOCC(OC)CCC
COOCCC(C)(C)OC
COOCCC(C)COC
COOCCC(C)OCC
COOCCC(CC)OC
COOCCC(O)(C)CC
COOCCC(O)C(C)C
COOCCC(O)CCC
COOCCCC(C)OC
COOCCCC(O)CC
COOCCCCCOC
COOCCCCOCC
COOCCCOC(C)C
COOCCCOCCC
COOCCOC(C)(C)C
COOCCOC(C)CC
COOCCOCC(C)C
COOCCOCCCC
COOCOC(C)(C)CC
COOCOC(C)C(C)C
COOCOC(C)CCC
COOCOC(CC)CC
COOCOCC(C)(C)C
COOCOCC(C)CC
COOCOCCC(C)C
COOCOCCCCC
COOOC(C)(C)C(C)C
COOOC(C)(C)CCC
COOOC(C)C(C)(C)C
COOOC(C)C(C)CC
COOOC(C)CC(C)C
COOOC(C)CCCC
COOOC(CC)(C)CC
COOOC(CC)C(C)C
COOOC(CC)CCC
COOOCC(C)(C)CC
COOOCC(C)C(C)C
COOOCC(C)CCC
COOOCC(CC)CC
COOOCCC(C)(C)C
COOOCCC(C)CC
COOOCCCC(C)C
COOOCCCCCC
OC(C)(C)C(C(C)O)OC
OC(C)(C)C(C)(C)C(O)O
OC(C)(C)C(C)(C)OCO
OC(C)(C)C(C)(C)OOC
OC(C)(C)C(C)C(O)CO
OC(C)(C)C(C)C(O)OC
OC(C)(C)C(C)CC(O)O
OC(C)(C)C(C)COCO
OC(C)(C)C(C)COOC
OC(C)(C)C(C)OC(C)O
OC(C)(C)C(C)OCCO
OC(C)(C)C(C)OCOC
OC(C)(C)C(C)OOCC
OC(C)(C)C(CC)(O)CO
OC(C)(C)C(CC)(O)OC
OC(C)(C)C(CC)C(O)O
OC(C)(C)C(CC)OCO
OC(C)(C)C(CC)OOC
OC(C)(C)C(CO)(C)CO
OC(C)(C)C(CO)(C)OC
OC(C)(C)C(CO)C(C)O
OC(C)(C)C(CO)CCO
OC(C)(C)C(CO)COC
OC(C)(C)C(CO)OCC
OC(C)(C)C(O)(C)C(C)O
OC(C)(C)C(O)(C)CCO
OC(C)(C)C(O)(C)COC
OC(C)(C)C(O)(C)OCC
OC(C)(C)C(O)(O)C(C)C
OC(C)(C)C(O)(O)CCC
OC(C)(C)C(O)C(C)CO
OC(C)(C)C(O)C(C)OC
OC(C)(C)C(O)C(O)(C)C
OC(C)(C)C(O)C(O)CC
OC(C)(C)C(O)CC(C)O
OC(C)(C)C(O)CCCO
OC(C)(C)C(O)CCOC
OC(C)(C)C(O)COCC
OC(C)(C)C(O)OC(C)C
OC(C)(C)C(O)OCCC
OC(C)(C)C(OC)(C)OC
OC(C)(C)C(OC)CCO
OC(C)(C)C(OC)COC
OC(C)(C)C(OC)OCC
OC(C)(C)CC(C)C(O)O
OC(C)(C)CC(C)OCO
OC(C)(C)CC(C)OOC
OC(C)(C)CC(CO)CO
OC(C)(C)CC(CO)OC
OC(C)(C)CC(O)(C)CO
OC(C)(C)CC(O)(C)OC
OC(C)(C)CC(O)(O)CC
OC(C)(C)CC(O)C(C)O
OC(C)(C)CC(O)CCO
OC(C)(C)CC(O)COC
OC(C)(C)CC(O)OCC
OC(C)(C)CC(OC)OC
OC(C)(C)CCC(O)CO
OC(C)(C)CCC(O)OC
OC(C)(C)CCCC(O)O
OC(C)(C)CCCOCO
OC(C)(C)CCCOOC
OC(C)(C)CCOC(C)O
OC(C)(C)CCOCCO
OC(C)(C)CCOCOC
OC(C)(C)CCOOCC
OC(C)(C)COC(C)CO
OC(C)(C)COC(C)OC
OC(C)(C)COC(O)CC
OC(C)(C)COCC(C)O
OC(C)(C)COCCCO
OC(C)(C)COCCOC
OC(C)(C)COCOCC
OC(C)(C)COOC(C)C
OC(C)(C)COOCCC
OC(C)(C)OC(C)(C)CO
OC(C)(C)OC(C)(C)OC
OC(C)(C)OC(C)C(C)O
OC(C)(C)OC(C)CCO
OC(C)(C)OC(C)COC
OC(C)(C)OC(C)OCC
OC(C)(C)OC(CC)CO
OC(C)(C)OC(CC)OC
OC(C)(C)OC(O)(C)CC
OC(C)(C)OC(O)C(C)C
OC(C)(C)OC(O)CCC
OC(C)(C)OCC(C)(C)O
OC(C)(C)OCC(C)CO
OC(C)(C)OCC(C)OC
OC(C)(C)OCC(O)CC
OC(C)(C)OCCC(C)O
OC(C)(C)OCCCCO
OC(C)(C)OCCCOC
OC(C)(C)OCCOCC
OC(C)(C)OCOC(C)C
OC(C)(C)OCOCCC
OC(C)(C)OOC(C)(C)C
OC(C)(C)OOC(C)CC
OC(C)(C)OOCC(C)C
OC(C)(C)OOCCCC
OC(C)C(C(C)C)(O)OC
OC(C)C(C(C)C)OCO
OC(C)C(C(C)C)OOC
OC(C)C(C(C)O)(C)OC
OC(C)C(C(C)O)C(O)C
OC(C)C(C(C)O)CCO
OC(C)C(C(C)O)COC
OC(C)C(C(C)O)OCC
OC(C)C(C)(C)C(O)CO
OC(C)C(C)(C)C(O)OC
OC(C)C(C)(C)COCO
OC(C)C(C)(C)COOC
OC(C)C(C)(C)OCCO
OC(C)C(C)(C)OCOC
OC(C)C(C)(C)OOCC
OC(C)C(C)C(C)OCO
OC(C)C(C)C(C)OOC
OC(C)C(C)C(CO)CO
OC(C)C(C)C(CO)OC
OC(C)C(C)C(O)(C)CO
OC(C)C(C)C(O)(C)OC
OC(C)C(C)C(O)(O)CC
OC(C)C(C)C(O)CCO
OC(C)C(C)C(O)COC
OC(C)C(C)C(O)OCC
OC(C)C(C)C(OC)OC
OC(C)C(C)CC(O)CO
OC(C)C(C)CC(O)OC
OC(C)C(C)CCOCO
OC(C)C(C)CCOOC
OC(C)C(C)COCCO
OC(C)C(C)COCOC
OC(C)C(C)COOCC
OC(C)C(C)OC(C)CO
OC(C)C(C)OC(C)OC
OC(C)C(C)OC(O)CC
OC(C)C(C)OCC(C)O
OC(C)C(C)OCCCO
OC(C)C(C)OCCOC
OC(C)C(C)OCOCC
OC(C)C(C)OOC(C)C
OC(C)C(C)OOCCC
OC(C)C(CC)(C)OCO
OC(C)C(CC)(C)OOC
OC(C)C(CC)(O)C(O)C
OC(C)C(CC)(O)CCO
OC(C)C(CC)(O)COC
OC(C)C(CC)(O)OCC
OC(C)C(CC)C(O)CO
OC(C)C(CC)C(O)OC
OC(C)C(CC)COCO
OC(C)C(CC)COOC
OC(C)C(CC)OCCO
OC(C)C(CC)OCOC
OC(C)C(CC)OOCC
OC(C)C(CO)(C)C(O)C
OC(C)C(CO)(C)CCO
OC(C)C(CO)(C)COC
OC(C)C(CO)(C)OCC
OC(C)C(CO)(CC)CO
OC(C)C(CO)(CC)OC
OC(C)C(CO)(O)C(C)C
OC(C)C(CO)(O)CCC
OC(C)C(CO)C(C)CO
OC(C)C(CO)C(C)OC
OC(C)C(CO)C(O)CC
OC(C)C(CO)CC(C)O
OC(C)C(CO)CCCO
OC(C)C(CO)CCOC
OC(C)C(CO)COCC
OC(C)C(CO)OC(C)C
OC(C)C(CO)OCCC
OC(C)C(O)(C)C(C)CO
OC(C)C(O)(C)C(C)OC
OC(C)C(O)(C)C(O)CC
OC(C)C(O)(C)CC(C)O
OC(C)C(O)(C)CCCO
OC(C)C(O)(C)CCOC
OC(C)C(O)(C)COCC
OC(C)C(O)(C)OC(C)C
OC(C)C(O)(C)OCCC
OC(C)C(O)(O)C(C)(C)C
OC(C)C(O)(O)C(C)CC
OC(C)C(O)(O)CC(C)C
OC(C)C(O)(O)CCCC
OC(C)C(O)C(C)(C)CO
OC(C)C(O)C(C)(C)OC
OC(C)C(O)C(C)C(C)O
OC(C)C(O)C(C)CCO
OC(C)C(O)C(C)COC
OC(C)C(O)C(C)OCC
OC(C)C(O)C(CC)CO
OC(C)C(O)C(CC)OC
OC(C)C(O)C(O)(C)CC
OC(C)C(O)C(O)C(C)C
OC(C)C(O)C(O)CCC
OC(C)C(O)CC(C)CO
OC(C)C(O)CC(C)OC
OC(C)C(O)CC(O)CC
OC(C)C(O)CCC(C)O
OC(C)C(O)CCCCO
OC(C)C(O)CCCOC
OC(C)C(O)CCOCC
OC(C)C(O)COC(C)C
OC(C)C(O)COCCC
OC(C)C(O)OC(C)(C)C
OC(C)C(O)OC(C)CC
OC(C)C(O)OCC(C)C
OC(C)C(O)OCCCC
OC(C)C(OC)(C)CCO
OC(C)C(OC)(C)COC
OC(C)C(OC)(C)OCC
OC(C)C(OC)(CC)OC
OC(C)C(OC)(O)CCC
OC(C)C(OC)C(C)CO
OC(C)C(OC)C(C)OC
OC(C)C(OC)C(O)CC
OC(C)C(OC)CC(C)O
OC(C)C(OC)CCCO
OC(C)C(OC)CCOC
OC(C)C(OC)COCC
OC(C)C(OC)OC(C)C
OC(C)C(OC)OCCC
OC(C)CC(C)(C)OCO
OC(C)CC(C)(C)OOC
OC(C)CC(C)C(O)CO
OC(C)CC(C)C(O)OC
OC(C)CC(C)COCO
OC(C)CC(C)COOC
OC(C)CC(C)OCCO
OC(C)CC(C)OCOC
OC(C)CC(C)OOCC
OC(C)CC(CC)(O)CO
OC(C)CC(CC)(O)OC
OC(C)CC(CC)OCO
OC(C)CC(CC)OOC
OC(C)CC(CO)(C)CO
OC(C)CC(CO)(C)OC
OC(C)CC(CO)CCO
OC(C)CC(CO)COC
OC(C)CC(CO)OCC
OC(C)CC(O)(C)CCO
OC(C)CC(O)(C)COC
OC(C)CC(O)(C)OCC
OC(C)CC(O)(O)C(C)C
OC(C)CC(O)(O)CCC
OC(C)CC(O)C(C)CO
OC(C)CC(O)C(C)OC
OC(C)CC(O)C(O)CC
OC(C)CC(O)CC(O)C
OC(C)CC(O)CCCO
OC(C)CC(O)CCOC
OC(C)CC(O)COCC
OC(C)CC(O)OC(C)C
OC(C)CC(O)OCCC
OC(C)CC(OC)(C)OC
OC(C)CC(OC)CCO
OC(C)CC(OC)COC
OC(C)CC(OC)OCC
OC(C)CC(OO)CCC
OC(C)CCC(C)OCO
OC(C)CCC(C)OOC
OC(C)CCC(CO)CO
OC(C)CCC(CO)OC
OC(C)CCC(O)(C)CO
OC(C)CCC(O)(C)OC
OC(C)CCC(O)(O)CC
OC(C)CCC(O)CCO
OC(C)CCC(O)COC
OC(C)CCC(O)OCC
OC(C)CCC(OC)OC
OC(C)CCCC(O)CO
OC(C)CCCC(O)OC
OC(C)CCCCOCO
OC(C)CCCCOOC
OC(C)CCCOCCO
OC(C)CCCOCOC
OC(C)CCCOOCC
OC(C)CCOC(C)CO
OC(C)CCOC(C)OC
OC(C)CCOC(O)CC
OC(C)CCOCCCO
OC(C)CCOCCOC
OC(C)CCOCOCC
OC(C)CCOOC(C)C
OC(C)CCOOCCC
OC(C)COC(C)(C)CO
OC(C)COC(C)(C)OC
OC(C)COC(C)CCO
OC(C)COC(C)COC
OC(C)COC(C)OCC
OC(C)COC(CC)CO
OC(C)COC(CC)OC
OC(C)COC(O)(C)CC
OC(C)COC(O)C(C)C
OC(C)COC(O)CCC
OC(C)COCC(C)CO
OC(C)COCC(C)OC
OC(C)COCC(O)CC
OC(C)COCCC(C)O
OC(C)COCCCCO
OC(C)COCCCOC
OC(C)COCCOCC
OC(C)COCOC(C)C
OC(C)COCOCCC
OC(C)COOC(C)(C)C
OC(C)COOC(C)CC
OC(C)COOCC(C)C
OC(C)COOCCCC
OC(C)OC(C(C)C)OC
OC(C)OC(C)(C)C(C)O
OC(C)OC(C)(C)CCO
OC(C)OC(C)(C)COC
OC(C)OC(C)(C)OCC
OC(C)OC(C)C(C)CO
OC(C)OC(C)C(C)OC
OC(C)OC(C)C(O)CC
OC(C)OC(C)CC(C)O
OC(C)OC(C)CCCO
OC(C)OC(C)CCOC
OC(C)OC(C)COCC
OC(C)OC(C)OC(C)C
OC(C)OC(C)OCCC
OC(C)OC(CC)(C)CO
OC(C)OC(CC)(C)OC
OC(C)OC(CC)(O)CC
OC(C)OC(CC)C(C)O
OC(C)OC(CC)CCO
OC(C)OC(CC)COC
OC(C)OC(CC)OCC
OC(C)OC(CO)C(C)C
OC(C)OC(CO)CCC
OC(C)OC(O)(C)C(C)C
OC(C)OC(O)(C)CCC
OC(C)OC(O)C(C)(C)C
OC(C)OC(O)C(C)CC
OC(C)OC(O)CC(C)C
OC(C)OC(O)CCCC
OC(C)OC(OC)CCC
OC(C)OCC(C)(C)CO
OC(C)OCC(C)(C)OC
OC(C)OCC(C)C(C)O
OC(C)OCC(C)CCO
OC(C)OCC(C)COC
OC(C)OCC(C)OCC
OC(C)OCC(CC)CO
OC(C)OCC(CC)OC
OC(C)OCC(O)(C)CC
OC(C)OCC(O)C(C)C
OC(C)OCC(O)CCC
OC(C)OCCC(C)CO
OC(C)OCCC(C)OC
OC(C)OCCC(O)CC
OC(C)OCCCC(C)O
OC(C)OCCCCCO
OC(C)OCCCCOC
OC(C)OCCCOCC
OC(C)OCCOC(C)C
OC(C)OCCOCCC
OC(C)OCOC(C)(C)C
OC(C)OCOC(C)CC
OC(C)OCOCC(C)C
OC(C)OCOCCCC
OC(C)OOC(C)(C)CC
OC(C)OOC(C)C(C)C
OC(C)OOC(C)CCC
OC(C)OOC(CC)CC
OC(C)OOCC(C)(C)C
OC(C)OOCC(C)CC
OC(C)OOCCC(C)C
OC(C)OOCCCCC
OC(O)(C)C(C(C)C)OC
OC(O)(C)C(C)(C)C(C)O
OC(O)(C)C(C)(C)CCO
OC(O)(C)C(C)(C)COC
OC(O)(C)C(C)(C)OCC
OC(O)(C)C(C)C(C)(C)O
OC(O)(C)C(C)C(C)CO
OC(O)(C)C(C)C(C)OC
OC(O)(C)C(C)C(O)CC
OC(O)(C)C(C)CC(C)O
OC(O)(C)C(C)CCCO
OC(O)(C)C(C)CCOC
OC(O)(C)C(C)COCC
OC(O)(C)C(C)OC(C)C
OC(O)(C)C(C)OCCC
OC(O)(C)C(CC)(C)CO
OC(O)(C)C(CC)(C)OC
OC(O)(C)C(CC)(O)CC
OC(O)(C)C(CC)C(C)O
OC(O)(C)C(CC)CCO
OC(O)(C)C(CC)COC
OC(O)(C)C(CC)OCC
OC(O)(C)C(CO)C(C)C
OC(O)(C)C(CO)CCC
OC(O)(C)C(O)(C)C(C)C
OC(O)(C)C(O)(C)CCC
OC(O)(C)C(O)C(C)(C)C
OC(O)(C)C(O)C(C)CC
OC(O)(C)C(O)CC(C)C
OC(O)(C)C(O)CCCC
OC(O)(C)C(OC)CCC
OC(O)(C)CC(C)(C)CO
OC(O)(C)CC(C)(C)OC
OC(O)(C)CC(C)C(C)O
OC(O)(C)CC(C)CCO
OC(O)(C)CC(C)COC
OC(O)(C)CC(C)OCC
OC(O)(C)CC(CC)CO
OC(O)(C)CC(CC)OC
OC(O)(C)CC(O)(C)CC
OC(O)(C)CC(O)C(C)C
OC(O)(C)CC(O)CCC
OC(O)(C)CCC(C)(C)O
OC(O)(C)CCC(C)CO
OC(O)(C)CCC(C)OC
OC(O)(C)CCC(O)CC
OC(O)(C)CCCC(C)O
OC(O)(C)CCCCCO
OC(O)(C)CCCCOC
OC(O)(C)CCCOCC
OC(O)(C)CCOC(C)C
OC(O)(C)CCOCCC
OC(O)(C)COC(C)(C)C
OC(O)(C)COC(C)CC
OC(O)(C)COCC(C)C
OC(O)(C)COCCCC
OC(O)(C)OC(C)(C)CC
OC(O)(C)OC(C)C(C)C
OC(O)(C)OC(C)CCC
OC(O)(C)OC(CC)CC
OC(O)(C)OCC(C)(C)C
OC(O)(C)OCC(C)CC
OC(O)(C)OCCC(C)C
OC(O)(C)OCCCCC
OC(O)(O)C(C)(C)C(C)C
OC(O)(O)C(C)(C)CCC
OC(O)(O)C(C)C(C)(C)C
OC(O)(O)C(C)C(C)CC
OC(O)(O)C(C)CC(C)C
OC(O)(O)C(C)CCCC
OC(O)(O)C(CC)(C)CC
OC(O)(O)C(CC)C(C)C
OC(O)(O)C(CC)CCC
OC(O)(O)CC(C)(C)CC
OC(O)(O)CC(C)C(C)C
OC(O)(O)CC(C)CCC
OC(O)(O)CC(CC)CC
OC(O)(O)CCC(C)(C)C
OC(O)(O)CCC(C)CC
OC(O)(O)CCCC(C)C
OC(O)(O)CCCCCC
OC(O)C(C(C)(C)C)OC
OC(O)C(C(C)C)(C)OC
OC(O)C(C(C)C)C(O)C
OC(O)C(C(C)C)CCO
OC(O)C(C(C)C)COC
OC(O)C(C(C)C)OCC
OC(O)C(C(C)O)CCC
OC(O)C(C)(C)C(C)CO
OC(O)C(C)(C)C(C)OC
OC(O)C(C)(C)C(O)CC
OC(O)C(C)(C)CC(C)O
OC(O)C(C)(C)CCCO
OC(O)C(C)(C)CCOC
OC(O)C(C)(C)COCC
OC(O)C(C)(C)OC(C)C
OC(O)C(C)(C)OCCC
OC(O)C(C)C(C)(C)CO
OC(O)C(C)C(C)(C)OC
OC(O)C(C)C(C)C(C)O
OC(O)C(C)C(C)CCO
OC(O)C(C)C(C)COC
OC(O)C(C)C(C)OCC
OC(O)C(C)C(CC)CO
OC(O)C(C)C(CC)OC
OC(O)C(C)C(O)(C)CC
OC(O)C(C)C(O)C(C)C
OC(O)C(C)C(O)CCC
OC(O)C(C)CC(C)CO
OC(O)C(C)CC(C)OC
OC(O)C(C)CC(O)CC
OC(O)C(C)CCC(C)O
OC(O)C(C)CCCCO
OC(O)C(C)CCCOC
OC(O)C(C)CCOCC
OC(O)C(C)COC(C)C
OC(O)C(C)COCCC
OC(O)C(C)OC(C)(C)C
OC(O)C(C)OC(C)CC
OC(O)C(C)OCC(C)C
OC(O)C(C)OCCCC
OC(O)C(CC)(C)C(C)O
OC(O)C(CC)(C)CCO
OC(O)C(CC)(C)COC
OC(O)C(CC)(C)OCC
OC(O)C(CC)(CC)CO
OC(O)C(CC)(CC)OC
OC(O)C(CC)(O)C(C)C
OC(O)C(CC)(O)CCC
OC(O)C(CC)C(C)CO
OC(O)C(CC)C(C)OC
OC(O)C(CC)C(O)CC
OC(O)C(CC)CC(C)O
OC(O)C(CC)CCCO
OC(O)C(CC)CCOC
OC(O)C(CC)COCC
OC(O)C(CC)OC(C)C
OC(O)C(CC)OCCC
OC(O)C(CO)(C)C(C)C
OC(O)C(CO)(C)CCC
OC(O)C(CO)C(C)(C)C
OC(O)C(CO)C(C)CC
OC(O)C(CO)CC(C)C
OC(O)C(CO)CCCC
OC(O)C(O)(C)C(C)(C)C
OC(O)C(O)(C)C(C)CC
OC(O)C(O)(C)CC(C)C
OC(O)C(O)(C)CCCC
OC(O)C(O)C(C)(C)CC
OC(O)C(O)C(C)C(C)C
OC(O)C(O)C(C)CCC
OC(O)C(O)C(CC)CC
OC(O)C(O)CC(C)(C)C
OC(O)C(O)CC(C)CC
OC(O)C(O)CCC(C)C
OC(O)C(O)CCCCC
OC(O)C(OC)(C)CCC
OC(O)C(OC)C(C)CC
OC(O)C(OC)CC(C)C
OC(O)C(OC)CCCC
OC(O)CC(C(C)C)OC
OC(O)CC(C)(C)C(C)O
OC(O)CC(C)(C)CCO
OC(O)CC(C)(C)COC
OC(O)CC(C)(C)OCC
OC(O)CC(C)C(C)CO
OC(O)CC(C)C(C)OC
OC(O)CC(C)C(O)CC
OC(O)CC(C)CC(C)O
OC(O)CC(C)CCCO
OC(O)CC(C)CCOC
OC(O)CC(C)COCC
OC(O)CC(C)OC(C)C
OC(O)CC(C)OCCC
OC(O)CC(CC)(C)CO
OC(O)CC(CC)(C)OC
OC(O)CC(CC)(O)CC
OC(O)CC(CC)C(C)O
OC(O)CC(CC)CCO
OC(O)CC(CC)COC
OC(O)CC(CC)OCC
OC(O)CC(CO)C(C)C
OC(O)CC(CO)CCC
OC(O)CC(O)(C)C(C)C
OC(O)CC(O)(C)CCC
OC(O)CC(O)C(C)(C)C
OC(O)CC(O)C(C)CC
OC(O)CC(O)CC(C)C
OC(O)CC(O)CCCC
OC(O)CC(OC)CCC
OC(O)CCC(C)(C)CO
OC(O)CCC(C)(C)OC
OC(O)CCC(C)C(C)O
OC(O)CCC(C)CCO
OC(O)CCC(C)COC
OC(O)CCC(C)OCC
OC(O)CCC(CC)CO
OC(O)CCC(CC)OC
OC(O)CCC(O)(C)CC
OC(O)CCC(O)C(C)C
OC(O)CCC(O)CCC
OC(O)CCCC(C)CO
OC(O)CCCC(C)OC
OC(O)CCCC(O)CC
OC(O)CCCCC(C)O
OC(O)CCCCCCO
OC(O)CCCCCOC
OC(O)CCCCOCC
OC(O)CCCOC(C)C
OC(O)CCCOCCC
OC(O)CCOC(C)(C)C
OC(O)CCOC(C)CC
OC(O)CCOCC(C)C
OC(O)CCOCCCC
OC(O)COC(C)(C)CC
OC(O)COC(C)C(C)C
OC(O)COC(C)CCC
OC(O)COC(CC)CC
OC(O)COCC(C)(C)C
OC(O)COCC(C)CC
OC(O)COCCC(C)C
OC(O)COCCCCC
OC(O)OC(C)(C)C(C)C
OC(O)OC(C)(C)CCC
OC(O)OC(C)C(C)(C)C
OC(O)OC(C)C(C)CC
OC(O)OC(C)CC(C)C
OC(O)OC(C)CCCC
OC(O)OC(CC)(C)CC
OC(O)OC(CC)C(C)C
OC(O)OC(CC)CCC
OC(O)OCC(C)(C)CC
OC(O)OCC(C)C(C)C
OC(O)OCC(C)CCC
OC(O)OCC(CC)CC
OC(O)OCCC(C)(C)C
OC(O)OCCC(C)CC
OC(O)OCCCC(C)C
OC(O)OCCCCCC
OCC(C(C)(C)C)(O)OC
OCC(C(C)(C)C)OOC
OCC(C(C)C)(C)OOC
OCC(C(C)C)(CO)OC
OCC(C(C)C)(O)CCO
OCC(C(C)C)(O)COC
OCC(C(C)C)(O)OCC
OCC(C(C)C)C(O)CO
OCC(C(C)C)C(O)OC
OCC(C(C)C)COOC
OCC(C(C)C)OCCO
OCC(C(C)C)OCOC
OCC(C(C)C)OOCC
OCC(C)(C)C(C)OOC
OCC(C)(C)C(CO)CO
OCC(C)(C)C(CO)OC
OCC(C)(C)C(O)(C)OC
OCC(C)(C)C(O)(O)CC
OCC(C)(C)C(O)CCO
OCC(C)(C)C(O)COC
OCC(C)(C)C(O)OCC
OCC(C)(C)C(OC)OC
OCC(C)(C)CC(O)CO
OCC(C)(C)CC(O)OC
OCC(C)(C)CCOOC
OCC(C)(C)COCCO
OCC(C)(C)COCOC
OCC(C)(C)COOCC
OCC(C)(C)OC(C)CO
OCC(C)(C)OC(C)OC
OCC(C)(C)OC(O)CC
OCC(C)(C)OCCCO
OCC(C)(C)OCCOC
OCC(C)(C)OCOCC
OCC(C)(C)OOC(C)C
OCC(C)(C)OOCCC
OCC(C)C(C)(C)OOC
OCC(C)C(C)C(O)OC
OCC(C)C(C)COOC
OCC(C)C(C)OCCO
OCC(C)C(C)OCOC
OCC(C)C(C)OOCC
OCC(C)C(CC)(O)OC
OCC(C)C(CC)OOC
OCC(C)C(CO)CCO
OCC(C)C(CO)COC
OCC(C)C(CO)OCC
OCC(C)C(O)(C)CCO
OCC(C)C(O)(C)COC
OCC(C)C(O)(C)OCC
OCC(C)C(O)(O)C(C)C
OCC(C)C(O)(O)CCC
OCC(C)C(O)C(C)CO
OCC(C)C(O)C(C)OC
OCC(C)C(O)C(O)CC
OCC(C)C(O)CCCO
OCC(C)C(O)CCOC
OCC(C)C(O)COCC
OCC(C)C(O)OC(C)C
OCC(C)C(O)OCCC
OCC(C)C(OC)(C)OC
OCC(C)C(OC)CCO
OCC(C)C(OC)COC
OCC(C)C(OC)OCC
OCC(C)C(OO)CCC
OCC(C)CC(C)OOC
OCC(C)CC(O)(C)OC
OCC(C)CC(O)(O)CC
OCC(C)CC(O)CCO
OCC(C)CC(O)COC
OCC(C)CC(O)OCC
OCC(C)CC(OC)OC
OCC(C)CCC(O)OC
OCC(C)CCCOOC
OCC(C)CCOCCO
OCC(C)CCOCOC
OCC(C)CCOOCC
OCC(C)COC(C)OC
OCC(C)COC(O)CC
OCC(C)COCCCO
OCC(C)COCCOC
OCC(C)COCOCC
OCC(C)COOC(C)C
OCC(C)COOCCC
OCC(C)OC(C)(C)OC
OCC(C)OC(C)CCO
OCC(C)OC(C)COC
OCC(C)OC(C)OCC
OCC(C)OC(CC)OC
OCC(C)OC(O)(C)CC
OCC(C)OC(O)C(C)C
OCC(C)OC(O)CCC
OCC(C)OCC(C)CO
OCC(C)OCC(C)OC
OCC(C)OCC(O)CC
OCC(C)OCCCCO
OCC(C)OCCCOC
OCC(C)OCCOCC
OCC(C)OCOC(C)C
OCC(C)OCOCCC
OCC(C)OOC(C)(C)C
OCC(C)OOC(C)CC
OCC(C)OOCC(C)C
OCC(C)OOCCCC
OCC(CC)(C)C(O)CO
OCC(CC)(C)C(O)OC
OCC(CC)(C)COOC
OCC(CC)(C)OCCO
OCC(CC)(C)OCOC
OCC(CC)(C)OOCC
OCC(CC)(CC)OOC
OCC(CC)(O)C(C)CO
OCC(CC)(O)C(C)OC
OCC(CC)(O)C(O)CC
OCC(CC)(O)CCCO
OCC(CC)(O)CCOC
OCC(CC)(O)COCC
OCC(CC)(O)OC(C)C
OCC(CC)(O)OCCC
OCC(CC)C(C)OOC
OCC(CC)C(O)(C)OC
OCC(CC)C(O)(O)CC
OCC(CC)C(O)CCO
OCC(CC)C(O)COC
OCC(CC)C(O)OCC
OCC(CC)C(OC)OC
OCC(CC)CC(O)CO
OCC(CC)CC(O)OC
OCC(CC)CCOOC
OCC(CC)COCCO
OCC(CC)COCOC
OCC(CC)COOCC
OCC(CC)OC(C)CO
OCC(CC)OC(C)OC
OCC(CC)OC(O)CC
OCC(CC)OCCCO
OCC(CC)OCCOC
OCC(CC)OCOCC
OCC(CC)OOC(C)C
OCC(CC)OOCCC
OCC(CO)(C)C(C)CO
OCC(CO)(C)C(C)OC
OCC(CO)(C)C(O)CC
OCC(CO)(C)CCCO
OCC(CO)(C)CCOC
OCC(CO)(C)COCC
OCC(CO)(C)OC(C)C
OCC(CO)(C)OCCC
OCC(CO)(CC)CCO
OCC(CO)(CC)COC
OCC(CO)(CC)OCC
OCC(CO)(CO)C(C)C
OCC(CO)(CO)CCC
OCC(CO)(O)C(C)(C)C
OCC(CO)(O)C(C)CC
OCC(CO)(O)CC(C)C
OCC(CO)(O)CCCC
OCC(CO)C(C)(C)OC
OCC(CO)C(C)CCO
OCC(CO)C(C)COC
OCC(CO)C(C)OCC
OCC(CO)C(CC)CO
OCC(CO)C(CC)OC
OCC(CO)C(O)(C)CC
OCC(CO)C(O)C(C)C
OCC(CO)C(O)CCC
OCC(CO)CC(C)CO
OCC(CO)CC(C)OC
OCC(CO)CC(O)CC
OCC(CO)CCCCO
OCC(CO)CCCOC
OCC(CO)CCOCC
OCC(CO)COC(C)C
OCC(CO)COCCC
OCC(CO)OC(C)(C)C
OCC(CO)OC(C)CC
OCC(CO)OCC(C)C
OCC(CO)OCCCC
OCC(O)(C)C(C)(C)CO
OCC(O)(C)C(C)(C)OC
OCC(O)(C)C(C)CCO
OCC(O)(C)C(C)COC
OCC(O)(C)C(C)OCC
OCC(O)(C)C(CC)CO
OCC(O)(C)C(CC)OC
OCC(O)(C)C(O)(C)CC
OCC(O)(C)C(O)C(C)C
OCC(O)(C)C(O)CCC
OCC(O)(C)CC(C)CO
OCC(O)(C)CC(C)OC
OCC(O)(C)CC(O)CC
OCC(O)(C)CCCCO
OCC(O)(C)CCCOC
OCC(O)(C)CCOCC
OCC(O)(C)COC(C)C
OCC(O)(C)COCCC
OCC(O)(C)OC(C)(C)C
OCC(O)(C)OC(C)CC
OCC(O)(C)OCC(C)C
OCC(O)(C)OCCCC
OCC(O)(O)C(C)(C)CC
OCC(O)(O)C(C)C(C)C
OCC(O)(O)C(C)CCC
OCC(O)(O)C(CC)CC
OCC(O)(O)CC(C)(C)C
OCC(O)(O)CC(C)CC
OCC(O)(O)CCC(C)C
OCC(O)(O)CCCCC
OCC(O)C(C(C)C)OC
OCC(O)C(C)(C)CCO
OCC(O)C(C)(C)COC
OCC(O)C(C)(C)OCC
OCC(O)C(C)C(C)CO
OCC(O)C(C)C(C)OC
OCC(O)C(C)C(O)CC
OCC(O)C(C)CCCO
OCC(O)C(C)CCOC
OCC(O)C(C)COCC
OCC(O)C(C)OC(C)C
OCC(O)C(C)OCCC
OCC(O)C(CC)(C)OC
OCC(O)C(CC)(O)CC
OCC(O)C(CC)CCO
OCC(O)C(CC)COC
OCC(O)C(CC)OCC
OCC(O)C(CO)CCC
OCC(O)C(O)(C)C(C)C
OCC(O)C(O)(C)CCC
OCC(O)C(O)C(C)(C)C
OCC(O)C(O)C(C)CC
OCC(O)C(O)CC(C)C
OCC(O)C(O)CCCC
OCC(O)C(OC)CCC
OCC(O)CC(C)(C)OC
OCC(O)CC(C)CCO
OCC(O)CC(C)COC
OCC(O)CC(C)OCC
OCC(O)CC(CC)OC
OCC(O)CC(O)(C)CC
OCC(O)CC(O)C(C)C
OCC(O)CC(O)CCC
OCC(O)CCC(C)CO
OCC(O)CCC(C)OC
OCC(O)CCC(O)CC
OCC(O)CCCCCO
OCC(O)CCCCOC
OCC(O)CCCOCC
OCC(O)CCOC(C)C
OCC(O)CCOCCC
OCC(O)COC(C)(C)C
OCC(O)COC(C)CC
OCC(O)COCC(C)C
OCC(O)COCCCC
OCC(O)OC(C)(C)CC
OCC(O)OC(C)C(C)C
OCC(O)OC(C)CCC
OCC(O)OC(CC)CC
OCC(O)OCC(C)(C)C
OCC(O)OCC(C)CC
OCC(O)OCCC(C)C
OCC(O)OCCCCC
OCC(OC)(C(C)C)OC
OCC(OC)(C)C(C)CO
OCC(OC)(C)C(C)OC
OCC(OC)(C)C(O)CC
OCC(OC)(C)CCCO
OCC(OC)(C)CCOC
OCC(OC)(C)COCC
OCC(OC)(C)OC(C)C
OCC(OC)(C)OCCC
OCC(OC)(CC)CCO
OCC(OC)(CC)COC
OCC(OC)(CC)OCC
OCC(OC)(CO)CCC
OCC(OC)(O)C(C)CC
OCC(OC)(O)CC(C)C
OCC(OC)(O)CCCC
OCC(OC)(OC)CCC
OCC(OC)C(C)(C)OC
OCC(OC)C(C)CCO
OCC(OC)C(C)COC
OCC(OC)C(C)OCC
OCC(OC)C(CC)CO
OCC(OC)C(CC)OC
OCC(OC)C(O)(C)CC
OCC(OC)C(O)C(C)C
OCC(OC)C(O)CCC
OCC(OC)CC(C)CO
OCC(OC)CC(C)OC
OCC(OC)CC(O)CC
OCC(OC)CCCCO
OCC(OC)CCCOC
OCC(OC)CCOCC
OCC(OC)COC(C)C
OCC(OC)COCCC
OCC(OC)OC(C)(C)C
OCC(OC)OC(C)CC
OCC(OC)OCC(C)C
OCC(OC)OCCCC
OCCC(C(C)C)(O)OC
OCCC(C(C)C)OOC
OCCC(C(C)O)CCO
OCCC(C(C)O)COC
OCCC(C(C)O)OCC
OCCC(C(O)O)CCC
OCCC(C)(C)C(O)OC
OCCC(C)(C)COOC
OCCC(C)(C)OCOC
OCCC(C)(C)OOCC
OCCC(C)C(C)OOC
OCCC(C)C(O)(C)OC
OCCC(C)C(O)(O)CC
OCCC(C)C(O)COC
OCCC(C)C(O)OCC
OCCC(C)C(OC)OC
OCCC(C)CC(O)OC
OCCC(C)CCOOC
OCCC(C)COCOC
OCCC(C)COOCC
OCCC(C)OC(C)OC
OCCC(C)OC(O)CC
OCCC(C)OCCCO
OCCC(C)OCCOC
OCCC(C)OCOCC
OCCC(C)OOC(C)C
OCCC(C)OOCCC
OCCC(CC)(C)OOC
OCCC(CC)(O)CCO
OCCC(CC)(O)COC
OCCC(CC)(O)OCC
OCCC(CC)C(O)OC
OCCC(CC)COOC
OCCC(CC)OCOC
OCCC(CC)OOCC
OCCC(CCC)OOC
OCCC(CCO)CCO
OCCC(CCO)COC
OCCC(CCO)OCC
OCCC(CO)(C)CCO
OCCC(CO)(C)COC
OCCC(CO)(C)OCC
OCCC(CO)(O)CCC
OCCC(CO)C(C)OC
OCCC(CO)C(O)CC
OCCC(CO)CCCO
OCCC(CO)CCOC
OCCC(CO)COCC
OCCC(CO)OC(C)C
OCCC(CO)OCCC
OCCC(COC)COC
OCCC(COC)OCC
OCCC(O)(C)C(C)OC
OCCC(O)(C)C(O)CC
OCCC(O)(C)CCCO
OCCC(O)(C)CCOC
OCCC(O)(C)COCC
OCCC(O)(C)OC(C)C
OCCC(O)(C)OCCC
OCCC(O)(O)C(C)(C)C
OCCC(O)(O)C(C)CC
OCCC(O)(O)CC(C)C
OCCC(O)(O)CCCC
OCCC(O)C(C)(C)OC
OCCC(O)C(C)CCO
OCCC(O)C(C)COC
OCCC(O)C(C)OCC
OCCC(O)C(CC)OC
OCCC(O)C(O)(C)CC
OCCC(O)C(O)C(C)C
OCCC(O)C(O)CCC
OCCC(O)CC(C)OC
OCCC(O)CC(O)CC
OCCC(O)CCCCO
OCCC(O)CCCOC
OCCC(O)CCOCC
OCCC(O)COC(C)C
OCCC(O)COCCC
OCCC(O)OC(C)(C)C
OCCC(O)OC(C)CC
OCCC(O)OCC(C)C
OCCC(O)OCCCC
OCCC(OC)(C)CCO
OCCC(OC)(C)COC
OCCC(OC)(C)OCC
OCCC(OC)(CC)OC
OCCC(OC)(O)CCC
OCCC(OC)C(C)OC
OCCC(OC)C(O)CC
OCCC(OC)CCCO
OCCC(OC)CCOC
OCCC(OC)COCC
OCCC(OC)OC(C)C
OCCC(OC)OCCC
OCCC(OCC)OCC
OCCC(OO)(C)CCC
OCCC(OO)C(C)CC
OCCC(OO)CC(C)C
OCCC(OO)CCCC
OCCCC(C)(C)OOC
OCCCC(C)C(O)OC
OCCCC(C)COOC
OCCCC(C)OCOC
OCCCC(C)OOCC
OCCCC(CC)(O)OC
OCCCC(CC)OOC
OCCCC(CO)COC
OCCCC(CO)OCC
OCCCC(O)(C)COC
OCCCC(O)(C)OCC
OCCCC(O)(O)C(C)C
OCCCC(O)(O)CCC
OCCCC(O)C(C)OC
OCCCC(O)C(O)CC
OCCCC(O)CCCO
OCCCC(O)CCOC
OCCCC(O)COCC
OCCCC(O)OC(C)C
OCCCC(O)OCCC
OCCCC(OC)(C)OC
OCCCC(OC)COC
OCCCC(OC)OCC
OCCCC(OO)CCC
OCCCCC(C)OOC
OCCCCC(O)(C)OC
OCCCCC(O)(O)CC
OCCCCC(O)COC
OCCCCC(O)OCC
OCCCCC(OC)OC
OCCCCCC(O)OC
OCCCCCCOOC
OCCCCCOCOC
OCCCCCOOCC
OCCCCOC(C)OC
OCCCCOC(O)CC
OCCCCOCCOC
OCCCCOCOCC
OCCCCOOC(C)C
OCCCCOOCCC
OCCCOC(C)(C)OC
OCCCOC(C)COC
OCCCOC(C)OCC
OCCCOC(CC)OC
OCCCOC(O)(C)CC
OCCCOC(O)C(C)C
OCCCOC(O)CCC
OCCCOCC(C)OC
OCCCOCC(O)CC
OCCCOCCCCO
OCCCOCCCOC
OCCCOCCOCC
OCCCOCOC(C)C
OCCCOCOCCC
OCCCOOC(C)(C)C
OCCCOOC(C)CC
OCCCOOCC(C)C
OCCCOOCCCC
OCCOC(C(C)C)OC
OCCOC(C)(C)CCO
OCCOC(C)(C)COC
OCCOC(C)(C)OCC
OCCOC(C)C(C)OC
OCCOC(C)C(O)CC
OCCOC(C)CCCO
OCCOC(C)CCOC
OCCOC(C)COCC
OCCOC(C)OC(C)C
OCCOC(C)OCCC
OCCOC(CC)(C)OC
OCCOC(CC)(O)CC
OCCOC(CC)CCO
OCCOC(CC)COC
OCCOC(CC)OCC
OCCOC(CO)CCC
OCCOC(O)(C)C(C)C
OCCOC(O)(C)CCC
OCCOC(O)C(C)(C)C
OCCOC(O)C(C)CC
OCCOC(O)CC(C)C
OCCOC(O)CCCC
OCCOC(OC)CCC
OCCOCC(C)(C)OC
OCCOCC(C)CCO
OCCOCC(C)COC
OCCOCC(C)OCC
OCCOCC(CC)OC
OCCOCC(O)(C)CC
OCCOCC(O)C(C)C
OCCOCC(O)CCC
OCCOCCC(C)OC
OCCOCCC(O)CC
OCCOCCCCCO
OCCOCCCCOC
OCCOCCCOCC
OCCOCCOC(C)C
OCCOCCOCCC
OCCOCOC(C)(C)C
OCCOCOC(C)CC
OCCOCOCC(C)C
OCCOCOCCCC
OCCOOC(C)(C)CC
OCCOOC(C)C(C)C
OCCOOC(C)CCC
OCCOOC(CC)CC
OCCOOCC(C)(C)C
OCCOOCC(C)CC
OCCOOCCC(C)C
OCCOOCCCCC
OCOC(C(C)(C)C)OC
OCOC(C(C)C)(C)OC
OCOC(C(C)C)CCO
OCOC(C(C)C)COC
OCOC(C(C)C)OCC
OCOC(C(C)O)CCC
OCOC(C)(C)C(C)CO
OCOC(C)(C)C(C)OC
OCOC(C)(C)C(O)CC
OCOC(C)(C)CCCO
OCOC(C)(C)CCOC
OCOC(C)(C)COCC
OCOC(C)(C)OC(C)C
OCOC(C)(C)OCCC
OCOC(C)C(C)(C)CO
OCOC(C)C(C)(C)OC
OCOC(C)C(C)CCO
OCOC(C)C(C)COC
OCOC(C)C(C)OCC
OCOC(C)C(CC)CO
OCOC(C)C(CC)OC
OCOC(C)C(O)(C)CC
OCOC(C)C(O)C(C)C
OCOC(C)C(O)CCC
OCOC(C)CC(C)CO
OCOC(C)CC(C)OC
OCOC(C)CC(O)CC
OCOC(C)CCCCO
OCOC(C)CCCOC
OCOC(C)CCOCC
OCOC(C)COC(C)C
OCOC(C)COCCC
OCOC(C)OC(C)(C)C
OCOC(C)OC(C)CC
OCOC(C)OCC(C)C
OCOC(C)OCCCC
OCOC(CC)(C)CCO
OCOC(CC)(C)COC
OCOC(CC)(C)OCC
OCOC(CC)(CC)CO
OCOC(CC)(CC)OC
OCOC(CC)(O)C(C)C
OCOC(CC)(O)CCC
OCOC(CC)C(C)CO
OCOC(CC)C(C)OC
OCOC(CC)C(O)CC
OCOC(CC)CCCO
OCOC(CC)CCOC
OCOC(CC)COCC
OCOC(CC)OC(C)C
OCOC(CC)OCCC
OCOC(CCC)CCO
OCOC(CCC)COC
OCOC(CCC)OCC
OCOC(CO)(C)C(C)C
OCOC(CO)(C)CCC
OCOC(CO)C(C)(C)C
OCOC(CO)C(C)CC
OCOC(CO)CC(C)C
OCOC(CO)CCCC
OCOC(O)(C)C(C)(C)C
OCOC(O)(C)C(C)CC
OCOC(O)(C)CC(C)C
OCOC(O)(C)CCCC
OCOC(O)C(C)(C)CC
OCOC(O)C(C)C(C)C
OCOC(O)C(C)CCC
OCOC(O)C(CC)CC
OCOC(O)CC(C)(C)C
OCOC(O)CC(C)CC
OCOC(O)CCC(C)C
OCOC(O)CCCCC
OCOC(OC)(C)CCC
OCOC(OC)C(C)CC
OCOC(OC)CC(C)C
OCOC(OC)CCCC
OCOCC(C(C)C)OC
OCOCC(C)(C)CCO
OCOCC(C)(C)COC
OCOCC(C)(C)OCC
OCOCC(C)C(C)CO
OCOCC(C)C(C)OC
OCOCC(C)C(O)CC
OCOCC(C)CCCO
OCOCC(C)CCOC
OCOCC(C)COCC
OCOCC(C)OC(C)C
OCOCC(C)OCCC
OCOCC(CC)(C)CO
OCOCC(CC)(C)OC
OCOCC(CC)(O)CC
OCOCC(CC)CCO
OCOCC(CC)COC
OCOCC(CC)OCC
OCOCC(CO)C(C)C
OCOCC(CO)CCC
OCOCC(O)(C)C(C)C
OCOCC(O)(C)CCC
OCOCC(O)C(C)(C)C
OCOCC(O)C(C)CC
OCOCC(O)CC(C)C
OCOCC(O)CCCC
OCOCC(OC)CCC
OCOCCC(C)(C)CO
OCOCCC(C)(C)OC
OCOCCC(C)CCO
OCOCCC(C)COC
OCOCCC(C)OCC
OCOCCC(CC)CO
OCOCCC(CC)OC
OCOCCC(O)(C)CC
OCOCCC(O)C(C)C
OCOCCC(O)CCC
OCOCCCC(C)CO
OCOCCCC(C)OC
OCOCCCC(O)CC
OCOCCCCCCO
OCOCCCCCOC
OCOCCCCOCC
OCOCCCOC(C)C
OCOCCCOCCC
OCOCCOC(C)(C)C
OCOCCOC(C)CC
OCOCCOCC(C)C
OCOCCOCCCC
OCOCOC(C)(C)CC
OCOCOC(C)C(C)C
OCOCOC(C)CCC
OCOCOC(CC)CC
OCOCOCC(C)(C)C
OCOCOCC(C)CC
OCOCOCCC(C)C
OCOCOCCCCC
OCOOC(C)(C)C(C)C
OCOOC(C)(C)CCC
OCOOC(C)C(C)(C)C
OCOOC(C)C(C)CC
OCOOC(C)CC(C)C
OCOOC(C)CCCC
OCOOC(CC)(C)CC
OCOOC(CC)C(C)C
OCOOC(CC)CCC
OCOOCC(C)(C)CC
OCOOCC(C)C(C)C
OCOOCC(C)CCC
OCOOCC(CC)CC
OCOOCCC(C)(C)C
OCOOCCC(C)CC
OCOOCCCC(C)C
OCOOCCCCCC
OOC(C(C)(C)C)(C)OC
OOC(C(C)(C)C)CCO
OOC(C(C)(C)C)COC
OOC(C(C)(C)C)OCC
OOC(C(C)(C)O)CCC
OOC(C(C)C)(C)C(O)C
OOC(C(C)C)(C)CCO
OOC(C(C)C)(C)COC
OOC(C(C)C)(C)OCC
OOC(C(C)C)(CC)OC
OOC(C(C)C)(O)C(C)C
OOC(C(C)C)(O)CCC
OOC(C(C)C)C(C)(C)O
OOC(C(C)C)C(C)CO
OOC(C(C)C)C(C)OC
OOC(C(C)C)C(O)CC
OOC(C(C)C)CC(C)O
OOC(C(C)C)CCCO
OOC(C(C)C)CCOC
OOC(C(C)C)COCC
OOC(C(C)C)OC(C)C
OOC(C(C)C)OCCC
OOC(C(C)O)(C)CCC
OOC(C(C)O)C(C)(C)C
OOC(C(C)O)C(C)CC
OOC(C(C)O)CC(C)C
OOC(C(C)O)CCCC
OOC(C)(C)C(C)(C)CO
OOC(C)(C)C(C)(C)OC
OOC(C)(C)C(C)C(C)O
OOC(C)(C)C(C)CCO
OOC(C)(C)C(C)COC
OOC(C)(C)C(C)OCC
OOC(C)(C)C(CC)CO
OOC(C)(C)C(CC)OC
OOC(C)(C)C(O)(C)CC
OOC(C)(C)C(O)C(C)C
OOC(C)(C)C(O)CCC
OOC(C)(C)CC(C)(C)O
OOC(C)(C)CC(C)CO
OOC(C)(C)CC(C)OC
OOC(C)(C)CC(O)CC
OOC(C)(C)CCC(C)O
OOC(C)(C)CCCCO
OOC(C)(C)CCCOC
OOC(C)(C)CCOCC
OOC(C)(C)COC(C)C
OOC(C)(C)COCCC
OOC(C)(C)OC(C)(C)C
OOC(C)(C)OC(C)CC
OOC(C)(C)OCC(C)C
OOC(C)(C)OCCCC
OOC(C)C(C(C)C)OC
OOC(C)C(C)(C)C(C)O
OOC(C)C(C)(C)CCO
OOC(C)C(C)(C)COC
OOC(C)C(C)(C)OCC
OOC(C)C(C)C(C)(C)O
OOC(C)C(C)C(C)CO
OOC(C)C(C)C(C)OC
OOC(C)C(C)C(O)CC
OOC(C)C(C)CC(C)O
OOC(C)C(C)CCCO
OOC(C)C(C)CCOC
OOC(C)C(C)COCC
OOC(C)C(C)OC(C)C
OOC(C)C(C)OCCC
OOC(C)C(CC)(C)CO
OOC(C)C(CC)(C)OC
OOC(C)C(CC)(O)CC
OOC(C)C(CC)C(C)O
OOC(C)C(CC)CCO
OOC(C)C(CC)COC
OOC(C)C(CC)OCC
OOC(C)C(CO)C(C)C
OOC(C)C(CO)CCC
OOC(C)C(O)(C)C(C)C
OOC(C)C(O)(C)CCC
OOC(C)C(O)C(C)(C)C
OOC(C)C(O)C(C)CC
OOC(C)C(O)CC(C)C
OOC(C)C(O)CCCC
OOC(C)C(OC)CCC
OOC(C)CC(C)(C)CO
OOC(C)CC(C)(C)OC
OOC(C)CC(C)C(C)O
OOC(C)CC(C)CCO
OOC(C)CC(C)COC
OOC(C)CC(C)OCC
OOC(C)CC(CC)CO
OOC(C)CC(CC)OC
OOC(C)CC(O)(C)CC
OOC(C)CC(O)C(C)C
OOC(C)CC(O)CCC
OOC(C)CCC(C)(C)O
OOC(C)CCC(C)CO
OOC(C)CCC(C)OC
OOC(C)CCC(O)CC
OOC(C)CCCC(C)O
OOC(C)CCCCCO
OOC(C)CCCCOC
OOC(C)CCCOCC
OOC(C)CCOC(C)C
OOC(C)CCOCCC
OOC(C)COC(C)(C)C
OOC(C)COC(C)CC
OOC(C)COCC(C)C
OOC(C)COCCCC
OOC(C)OC(C)(C)CC
OOC(C)OC(C)C(C)C
OOC(C)OC(C)CCC
OOC(C)OC(CC)CC
OOC(C)OCC(C)(C)C
OOC(C)OCC(C)CC
OOC(C)OCCC(C)C
OOC(C)OCCCCC
OOC(CC)(C)C(C)(C)O
OOC(CC)(C)C(C)CO
OOC(CC)(C)C(C)OC
OOC(CC)(C)C(O)CC
OOC(CC)(C)CC(C)O
OOC(CC)(C)CCCO
OOC(CC)(C)CCOC
OOC(CC)(C)COCC
OOC(CC)(C)OC(C)C
OOC(CC)(C)OCCC
OOC(CC)(CC)C(C)O
OOC(CC)(CC)CCO
OOC(CC)(CC)COC
OOC(CC)(CC)OCC
OOC(CC)(O)C(C)(C)C
OOC(CC)(O)C(C)CC
OOC(CC)(O)CC(C)C
OOC(CC)(O)CCCC
OOC(CC)C(C)(C)CO
OOC(CC)C(C)(C)OC
OOC(CC)C(C)C(C)O
OOC(CC)C(C)CCO
OOC(CC)C(C)COC
OOC(CC)C(C)OCC
OOC(CC)C(CC)CO
OOC(CC)C(CC)OC
OOC(CC)C(O)(C)CC
OOC(CC)C(O)C(C)C
OOC(CC)C(O)CCC
OOC(CC)CC(C)(C)O
OOC(CC)CC(C)CO
OOC(CC)CC(C)OC
OOC(CC)CC(O)CC
OOC(CC)CCC(C)O
OOC(CC)CCCCO
OOC(CC)CCCOC
OOC(CC)CCOCC
OOC(CC)COC(C)C
OOC(CC)COCCC
OOC(CC)OC(C)(C)C
OOC(CC)OC(C)CC
OOC(CC)OCC(C)C
OOC(CC)OCCCC
OOC(CO)(C)C(C)(C)C
OOC(CO)(C)C(C)CC
OOC(CO)(C)CC(C)C
OOC(CO)(C)CCCC
OOC(CO)(CC)C(C)C
OOC(CO)(CC)CCC
OOC(CO)C(C)(C)CC
OOC(CO)C(C)C(C)C
OOC(CO)C(C)CCC
OOC(CO)C(CC)CC
OOC(CO)CC(C)(C)C
OOC(CO)CC(C)CC
OOC(CO)CCC(C)C
OOC(CO)CCCCC
OOC(O)(C)C(C)(C)CC
OOC(O)(C)C(C)C(C)C
OOC(O)(C)C(C)CCC
OOC(O)(C)C(CC)CC
OOC(O)(C)CC(C)(C)C
OOC(O)(C)CC(C)CC
OOC(O)(C)CCC(C)C
OOC(O)(C)CCCCC
OOC(O)C(C)(C)C(C)C
OOC(O)C(C)(C)CCC
OOC(O)C(C)C(C)(C)C
OOC(O)C(C)C(C)CC
OOC(O)C(C)CC(C)C
OOC(O)C(C)CCCC
OOC(O)C(CC)(C)CC
OOC(O)C(CC)C(C)C
OOC(O)C(CC)CCC
OOC(O)CC(C)(C)CC
OOC(O)CC(C)C(C)C
OOC(O)CC(C)CCC
OOC(O)CC(CC)CC
OOC(O)CCC(C)(C)C
OOC(O)CCC(C)CC
OOC(O)CCCC(C)C
OOC(O)CCCCCC
OOC(OC)(C)C(C)CC
OOC(OC)(C)CC(C)C
OOC(OC)(C)CCCC
OOC(OC)(CC)CCC
OOC(OC)C(C)(C)CC
OOC(OC)C(C)C(C)C
OOC(OC)C(C)CCC
OOC(OC)C(CC)CC
OOC(OC)CC(C)(C)C
OOC(OC)CC(C)CC
OOC(OC)CCC(C)C
OOC(OC)CCCCC
OOCC(C(C)(C)C)OC
OOCC(C(C)C)(C)OC
OOCC(C(C)C)C(O)C
OOCC(C(C)C)CCO
OOCC(C(C)C)COC
OOCC(C(C)C)OCC
OOCC(C(C)O)CCC
OOCC(C)(C)C(C)(C)O
OOCC(C)(C)C(C)CO
OOCC(C)(C)C(C)OC
OOCC(C)(C)C(O)CC
OOCC(C)(C)CC(C)O
OOCC(C)(C)CCCO
OOCC(C)(C)CCOC
OOCC(C)(C)COCC
OOCC(C)(C)OC(C)C
OOCC(C)(C)OCCC
OOCC(C)C(C)(C)CO
OOCC(C)C(C)(C)OC
OOCC(C)C(C)C(C)O
OOCC(C)C(C)CCO
OOCC(C)C(C)COC
OOCC(C)C(C)OCC
OOCC(C)C(CC)CO
OOCC(C)C(CC)OC
OOCC(C)C(O)(C)CC
OOCC(C)C(O)C(C)C
OOCC(C)C(O)CCC
OOCC(C)CC(C)(C)O
OOCC(C)CC(C)CO
OOCC(C)CC(C)OC
OOCC(C)CC(O)CC
OOCC(C)CCC(C)O
OOCC(C)CCCCO
OOCC(C)CCCOC
OOCC(C)CCOCC
OOCC(C)COC(C)C
OOCC(C)COCCC
OOCC(C)OC(C)(C)C
OOCC(C)OC(C)CC
OOCC(C)OCC(C)C
OOCC(C)OCCCC
OOCC(CC)(C)C(C)O
OOCC(CC)(C)CCO
OOCC(CC)(C)COC
OOCC(CC)(C)OCC
OOCC(CC)(CC)CO
OOCC(CC)(CC)OC
OOCC(CC)(O)C(C)C
OOCC(CC)(O)CCC
OOCC(CC)C(C)(C)O
OOCC(CC)C(C)CO
OOCC(CC)C(C)OC
OOCC(CC)C(O)CC
OOCC(CC)CC(C)O
OOCC(CC)CCCO
OOCC(CC)CCOC
OOCC(CC)COCC
OOCC(CC)OC(C)C
OOCC(CC)OCCC
OOCC(CCC)CCO
OOCC(CCC)COC
OOCC(CCC)OCC
OOCC(CO)(C)C(C)C
OOCC(CO)(C)CCC
OOCC(CO)C(C)(C)C
OOCC(CO)C(C)CC
OOCC(CO)CC(C)C
OOCC(CO)CCCC
OOCC(O)(C)C(C)(C)C
OOCC(O)(C)C(C)CC
OOCC(O)(C)CC(C)C
OOCC(O)(C)CCCC
OOCC(O)C(C)(C)CC
OOCC(O)C(C)C(C)C
OOCC(O)C(C)CCC
OOCC(O)C(CC)CC
OOCC(O)CC(C)(C)C
OOCC(O)CC(C)CC
OOCC(O)CCC(C)C
OOCC(O)CCCCC
OOCC(OC)(C)CCC
OOCC(OC)C(C)CC
OOCC(OC)CC(C)C
OOCC(OC)CCCC
OOCCC(C(C)C)OC
OOCCC(C)(C)C(C)O
OOCCC(C)(C)CCO
OOCCC(C)(C)COC
OOCCC(C)(C)OCC
OOCCC(C)C(C)(C)O
OOCCC(C)C(C)CO
OOCCC(C)C(C)OC
OOCCC(C)C(O)CC
OOCCC(C)CC(C)O
OOCCC(C)CCCO
OOCCC(C)CCOC
OOCCC(C)COCC
OOCCC(C)OC(C)C
OOCCC(C)OCCC
OOCCC(CC)(C)CO
OOCCC(CC)(C)OC
OOCCC(CC)(O)CC
OOCCC(CC)C(C)O
OOCCC(CC)CCO
OOCCC(CC)COC
OOCCC(CC)OCC
OOCCC(CO)C(C)C
OOCCC(CO)CCC
OOCCC(O)(C)C(C)C
OOCCC(O)(C)CCC
OOCCC(O)C(C)(C)C
OOCCC(O)C(C)CC
OOCCC(O)CC(C)C
OOCCC(O)CCCC
OOCCC(OC)CCC
OOCCCC(C)(C)CO
OOCCCC(C)(C)OC
OOCCCC(C)C(C)O
OOCCCC(C)CCO
OOCCCC(C)COC
OOCCCC(C)OCC
OOCCCC(CC)CO
OOCCCC(CC)OC
OOCCCC(O)(C)CC
OOCCCC(O)C(C)C
OOCCCC(O)CCC
OOCCCCC(C)(C)O
OOCCCCC(C)CO
OOCCCCC(C)OC
OOCCCCC(O)CC
OOCCCCCC(C)O
OOCCCCCCCO
OOCCCCCCOC
OOCCCCCOCC
OOCCCCOC(C)C
OOCCCCOCCC
OOCCCOC(C)(C)C
OOCCCOC(C)CC
OOCCCOCC(C)C
OOCCCOCCCC
OOCCOC(C)(C)CC
OOCCOC(C)C(C)C
OOCCOC(C)CCC
OOCCOC(CC)CC
OOCCOCC(C)(C)C
OOCCOCC(C)CC
OOCCOCCC(C)C
OOCCOCCCCC
OOCOC(C)(C)C(C)C
OOCOC(C)(C)CCC
OOCOC(C)C(C)(C)C
OOCOC(C)C(C)CC
OOCOC(C)CC(C)C
OOCOC(C)CCCC
OOCOC(CC)(C)CC
OOCOC(CC)C(C)C
OOCOC(CC)CCC
OOCOCC(C)(C)CC
OOCOCC(C)C(C)C
OOCOCC(C)CCC
OOCOCC(CC)CC
OOCOCCC(C)(C)C
OOCOCCC(C)CC
OOCOCCCC(C)C
OOCOCCCCCC
OOOC(C(C)C)C(C)C
OOOC(C(C)C)CCC
OOOC(C)(C)C(C)(C)C
OOOC(C)(C)C(C)CC
OOOC(C)(C)CC(C)C
OOOC(C)(C)CCCC
OOOC(C)C(C)(C)CC
OOOC(C)C(C)C(C)C
OOOC(C)C(C)CCC
OOOC(C)C(CC)CC
OOOC(C)CC(C)(C)C
OOOC(C)CC(C)CC
OOOC(C)CCC(C)C
OOOC(C)CCCCC
OOOC(CC)(C)C(C)C
OOOC(CC)(C)CCC
OOOC(CC)(CC)CC
OOOC(CC)C(C)(C)C
OOOC(CC)C(C)CC
OOOC(CC)CC(C)C
OOOC(CC)CCCC
OOOC(CCC)CCC
OOOCC(C)(C)C(C)C
OOOCC(C)(C)CCC
OOOCC(C)C(C)(C)C
OOOCC(C)C(C)CC
OOOCC(C)CC(C)C
OOOCC(C)CCCC
OOOCC(CC)(C)CC
OOOCC(CC)C(C)C
OOOCC(CC)CCC
OOOCCC(C)(C)CC
OOOCCC(C)C(C)C
OOOCCC(C)CCC
OOOCCC(CC)CC
OOOCCCC(C)(C)C
OOOCCCC(C)CC
OOOCCCCC(C)C
OOOCCCCCCC
