CC(C)(C)C(Si)(Si)SiCC
CC(C)(C)C(Si)Si(Si)CC
CC(C)(C)C(Si)SiSiCC
CC(C)(C)CSi(Si)(Si)CC
CC(C)(C)CSi(Si)SiCC
CC(C)(C)CSiSi(Si)CC
CC(C)(C)CSiSiSiCC
CC(C)(C)Si(C)Si(Si)CC
CC(C)(C)Si(C)SiSiCC
CC(C)(C)Si(Si)(C)SiCC
CC(C)(C)Si(Si)(Si)C(C)C
CC(C)(C)Si(Si)(Si)CCC
CC(C)(C)Si(Si)C(Si)CC
CC(C)(C)Si(Si)CSiCC
CC(C)(C)Si(Si)Si(C)CC
CC(C)(C)Si(Si)SiC(C)C
CC(C)(C)Si(Si)SiCCC
CC(C)(C)SiC(Si)(Si)CC
CC(C)(C)SiC(Si)SiCC
CC(C)(C)SiCSi(Si)CC
CC(C)(C)SiCSiSiCC
CC(C)(C)SiSi(C)SiCC
CC(C)(C)SiSi(Si)(C)CC
CC(C)(C)SiSi(Si)C(C)C
CC(C)(C)SiSi(Si)CCC
CC(C)(C)SiSiC(Si)CC
CC(C)(C)SiSiCSiCC
CC(C)(C)SiSiSi(C)CC
CC(C)(C)SiSiSiC(C)C
CC(C)(C)SiSiSiCCC
CC(C)C(C)Si(Si)(Si)CC
CC(C)C(C)Si(Si)SiCC
CC(C)C(C)SiSi(Si)CC
CC(C)C(C)SiSiSiCC
CC(C)C(Si)(C)Si(Si)CC
CC(C)C(Si)(C)SiSiCC
CC(C)C(Si)(Si)C(Si)CC
CC(C)C(Si)(Si)CSiCC
CC(C)C(Si)(Si)Si(C)CC
CC(C)C(Si)(Si)SiCCC
CC(C)C(Si)C(Si)(Si)CC
CC(C)C(Si)C(Si)SiCC
CC(C)C(Si)CSi(Si)CC
CC(C)C(Si)CSiSiCC
CC(C)C(Si)Si(C)SiCC
CC(C)C(Si)Si(Si)(C)CC
CC(C)C(Si)Si(Si)CCC
CC(C)C(Si)SiC(Si)CC
CC(C)C(Si)SiCSiCC
CC(C)C(Si)SiSi(C)CC
CC(C)C(Si)SiSiCCC
CC(C)CC(Si)(Si)SiCC
CC(C)CC(Si)Si(Si)CC
CC(C)CC(Si)SiSiCC
CC(C)CC(SiSi)SiCC
CC(C)CCSi(Si)(Si)CC
CC(C)CCSi(Si)SiCC
CC(C)CCSiSi(Si)CC
CC(C)CCSiSiSiCC
CC(C)CSi(C)Si(Si)CC
CC(C)CSi(C)SiSiCC
CC(C)CSi(CSi)SiCC
CC(C)CSi(Si)(C)SiCC
CC(C)CSi(Si)(Si)CCC
CC(C)CSi(Si)C(Si)CC
CC(C)CSi(Si)CSiCC
CC(C)CSi(Si)Si(C)CC
CC(C)CSi(Si)SiCCC
CC(C)CSi(SiC)SiCC
CC(C)CSi(SiSi)CCC
CC(C)CSiC(Si)(Si)CC
CC(C)CSiC(Si)SiCC
CC(C)CSiCSi(Si)CC
CC(C)CSiCSiSiCC
CC(C)CSiSi(C)SiCC
CC(C)CSiSi(Si)(C)CC
CC(C)CSiSi(Si)CCC
CC(C)CSiSiC(Si)CC
CC(C)CSiSiCSiCC
CC(C)CSiSiSi(C)CC
CC(C)CSiSiSiCCC
CC(C)Si(C)(C)Si(Si)CC
CC(C)Si(C)(C)SiSiCC
CC(C)Si(C)C(Si)(Si)CC
CC(C)Si(C)C(Si)SiCC
CC(C)Si(C)CSi(Si)CC
CC(C)Si(C)CSiSiCC
CC(C)Si(C)Si(C)SiCC
CC(C)Si(C)Si(Si)(C)CC
CC(C)Si(C)Si(Si)CCC
CC(C)Si(C)SiC(Si)CC
CC(C)Si(C)SiCSiCC
CC(C)Si(C)SiSi(C)CC
CC(C)Si(C)SiSiC(C)C
CC(C)Si(C)SiSiCCC
CC(C)Si(CC)(Si)SiCC
CC(C)Si(CC)Si(Si)CC
CC(C)Si(CC)SiSiCC
CC(C)Si(Si)(C)C(Si)CC
CC(C)Si(Si)(C)CSiCC
CC(C)Si(Si)(C)Si(C)CC
CC(C)Si(Si)(C)SiC(C)C
CC(C)Si(Si)(C)SiCCC
CC(C)Si(Si)(Si)C(C)CC
CC(C)Si(Si)(Si)CC(C)C
CC(C)Si(Si)(Si)CCCC
CC(C)Si(Si)C(C)SiCC
CC(C)Si(Si)C(Si)(C)CC
CC(C)Si(Si)C(Si)C(C)C
CC(C)Si(Si)C(Si)CCC
CC(C)Si(Si)CC(Si)CC
CC(C)Si(Si)CCSiCC
CC(C)Si(Si)CSi(C)CC
CC(C)Si(Si)CSiC(C)C
CC(C)Si(Si)CSiCCC
CC(C)Si(Si)Si(C)(C)CC
CC(C)Si(Si)Si(C)C(C)C
CC(C)Si(Si)Si(C)CCC
CC(C)Si(Si)Si(CC)CC
CC(C)Si(Si)SiC(C)CC
CC(C)Si(Si)SiCC(C)C
CC(C)Si(Si)SiCCCC
CC(C)SiC(C)Si(Si)CC
CC(C)SiC(C)SiSiCC
CC(C)SiC(CSi)SiCC
CC(C)SiC(Si)(C)SiCC
CC(C)SiC(Si)(Si)C(C)C
CC(C)SiC(Si)(Si)CCC
CC(C)SiC(Si)C(Si)CC
CC(C)SiC(Si)CSiCC
CC(C)SiC(Si)Si(C)CC
CC(C)SiC(Si)SiC(C)C
CC(C)SiC(Si)SiCCC
CC(C)SiC(SiC)SiCC
CC(C)SiC(SiSi)CCC
CC(C)SiCC(Si)(Si)CC
CC(C)SiCC(Si)SiCC
CC(C)SiCCSi(Si)CC
CC(C)SiCCSiSiCC
CC(C)SiCSi(C)SiCC
CC(C)SiCSi(Si)(C)CC
CC(C)SiCSi(Si)CCC
CC(C)SiCSiC(Si)CC
CC(C)SiCSiCSiCC
CC(C)SiCSiSi(C)CC
CC(C)SiCSiSiCCC
CC(C)SiSi(C)(C)SiCC
CC(C)SiSi(C)C(Si)CC
CC(C)SiSi(C)CSiCC
CC(C)SiSi(C)Si(C)CC
CC(C)SiSi(C)SiC(C)C
CC(C)SiSi(C)SiCCC
CC(C)SiSi(CC)(Si)CC
CC(C)SiSi(CC)SiCC
CC(C)SiSi(CSi)CCC
CC(C)SiSi(Si)(C)CCC
CC(C)SiSi(Si)C(C)CC
CC(C)SiSi(Si)CC(C)C
CC(C)SiSi(Si)CCCC
CC(C)SiSi(SiC)CCC
CC(C)SiSiC(C)SiCC
CC(C)SiSiC(Si)(C)CC
CC(C)SiSiC(Si)C(C)C
CC(C)SiSiC(Si)CCC
CC(C)SiSiCC(Si)CC
CC(C)SiSiCCSiCC
CC(C)SiSiCSi(C)CC
CC(C)SiSiCSiC(C)C
CC(C)SiSiCSiCCC
CC(C)SiSiSi(C)(C)CC
CC(C)SiSiSi(C)CCC
CC(C)SiSiSi(CC)CC
CC(C)SiSiSiC(C)CC
CC(C)SiSiSiCC(C)C
CC(C)SiSiSiCCCC
CCC(C)Si(Si)(Si)CCC
CCC(C)Si(Si)SiCCC
CCC(C)Si(SiSi)CCC
CCC(C)SiSi(Si)CCC
CCC(C)SiSiSiCCC
CCC(Si)(C)Si(Si)CCC
CCC(Si)(C)SiC(Si)CC
CCC(Si)(C)SiSiCCC
CCC(Si)(Si)C(Si)(C)CC
CCC(Si)(Si)C(Si)CCC
CCC(Si)(Si)CC(Si)CC
CCC(Si)(Si)CSiCCC
CCC(Si)(Si)Si(C)CCC
CCC(Si)(Si)SiC(C)CC
CCC(Si)(Si)SiCCCC
CCC(Si)C(Si)(Si)CCC
CCC(Si)C(Si)C(Si)CC
CCC(Si)C(Si)SiCCC
CCC(Si)C(SiSi)CCC
CCC(Si)CSi(Si)CCC
CCC(Si)CSiSiCCC
CCC(Si)Si(C)C(Si)CC
CCC(Si)Si(C)SiCCC
CCC(Si)Si(CSi)CCC
CCC(Si)Si(Si)(C)CCC
CCC(Si)Si(Si)C(C)CC
CCC(Si)Si(Si)CCCC
CCC(Si)Si(SiC)CCC
CCC(Si)SiC(Si)CCC
CCC(Si)SiCC(Si)CC
CCC(Si)SiCSiCCC
CCC(Si)SiSi(C)CCC
CCC(Si)SiSiC(C)CC
CCC(Si)SiSiCCCC
CCCC(Si(Si)Si)CCC
CCCC(SiSi)(Si)CCC
CCCSi(C(Si)Si)CCC
CCCSi(C)SiSiCCC
CCCSi(CSi)(Si)CCC
CCCSi(CSi)SiCCC
CCCSi(Si(C)Si)CCC
CCCSi(Si)(C)SiCCC
CCCSi(Si)(Si)CCCC
CCCSi(Si)C(Si)CCC
CCCSi(Si)CSiCCC
CCCSi(Si)Si(C)CCC
CCCSi(Si)SiCCCC
CCCSi(SiC)(Si)CCC
CCCSi(SiC)SiCCC
CCCSi(SiSi)(C)CCC
CCCSi(SiSi)CCCC
CCCSiC(Si)(Si)CCC
CCCSiC(Si)SiCCC
CCCSiC(SiSi)CCC
CCCSiSi(C)SiCCC
CCCSiSi(Si)CCCC
CCCSiSiC(Si)CCC
CCCSiSiCSiCCC
CCCSiSiSiCCCC
CCSi(C)(C)C(Si)(Si)CC
CCSi(C)(C)C(Si)SiCC
CCSi(C)(C)CSi(Si)CC
CCSi(C)(C)CSiSiCC
CCSi(C)(C)Si(C)SiCC
CCSi(C)(C)Si(Si)CCC
CCSi(C)(C)SiC(Si)CC
CCSi(C)(C)SiCSiCC
CCSi(C)(C)SiSi(C)CC
CCSi(C)(C)SiSiCCC
CCSi(C)C(C)SiSiCC
CCSi(C)C(CSi)SiCC
CCSi(C)C(Si)(C)SiCC
CCSi(C)C(Si)(Si)CCC
CCSi(C)C(Si)C(Si)CC
CCSi(C)C(Si)CSiCC
CCSi(C)C(Si)Si(C)CC
CCSi(C)C(Si)SiCCC
CCSi(C)C(SiC)SiCC
CCSi(C)C(SiSi)CCC
CCSi(C)CC(Si)(Si)CC
CCSi(C)CC(Si)SiCC
CCSi(C)CCSiSiCC
CCSi(C)CSi(C)SiCC
CCSi(C)CSi(Si)CCC
CCSi(C)CSiC(Si)CC
CCSi(C)CSiCSiCC
CCSi(C)CSiSiCCC
CCSi(C)Si(C)(C)SiCC
CCSi(C)Si(C)C(Si)CC
CCSi(C)Si(C)CSiCC
CCSi(C)Si(C)Si(C)CC
CCSi(C)Si(C)SiCCC
CCSi(C)Si(CC)SiCC
CCSi(C)Si(CSi)CCC
CCSi(C)Si(Si)(C)CCC
CCSi(C)Si(Si)C(C)CC
CCSi(C)Si(Si)CCCC
CCSi(C)Si(SiC)CCC
CCSi(C)SiC(C)SiCC
CCSi(C)SiC(Si)(C)CC
CCSi(C)SiC(Si)CCC
CCSi(C)SiCC(Si)CC
CCSi(C)SiCCSiCC
CCSi(C)SiCSi(C)CC
CCSi(C)SiCSiCCC
CCSi(C)SiSi(C)CCC
CCSi(C)SiSiC(C)CC
CCSi(C)SiSiCCCC
CCSi(CC)(C)Si(Si)CC
CCSi(CC)(C)SiSiCC
CCSi(CC)(Si)C(Si)CC
CCSi(CC)(Si)CSiCC
CCSi(CC)(Si)Si(C)CC
CCSi(CC)(Si)SiCCC
CCSi(CC)C(Si)(Si)CC
CCSi(CC)C(Si)SiCC
CCSi(CC)CSi(Si)CC
CCSi(CC)CSiSiCC
CCSi(CC)Si(C)SiCC
CCSi(CC)Si(Si)CCC
CCSi(CC)SiC(Si)CC
CCSi(CC)SiCSiCC
CCSi(CC)SiSi(C)CC
CCSi(CC)SiSiCCC
CCSi(Si)(C)C(C)SiCC
CCSi(Si)(C)C(Si)(C)CC
CCSi(Si)(C)C(Si)CCC
CCSi(Si)(C)CC(Si)CC
CCSi(Si)(C)CCSiCC
CCSi(Si)(C)CSi(C)CC
CCSi(Si)(C)CSiCCC
CCSi(Si)(C)Si(C)(C)CC
CCSi(Si)(C)Si(C)CCC
CCSi(Si)(C)Si(CC)CC
CCSi(Si)(C)SiC(C)CC
CCSi(Si)(C)SiCCCC
CCSi(Si)(Si)C(C)(C)CC
CCSi(Si)(Si)C(C)CCC
CCSi(Si)(Si)C(CC)CC
CCSi(Si)(Si)CC(C)CC
CCSi(Si)(Si)CCCCC
CCSi(Si)C(C)(C)SiCC
CCSi(Si)C(C)C(Si)CC
CCSi(Si)C(C)CSiCC
CCSi(Si)C(C)Si(C)CC
CCSi(Si)C(C)SiCCC
CCSi(Si)C(CC)(Si)CC
CCSi(Si)C(CC)SiCC
CCSi(Si)C(CSi)CCC
CCSi(Si)C(Si)(C)CCC
CCSi(Si)C(Si)C(C)CC
CCSi(Si)C(Si)CCCC
CCSi(Si)C(SiC)CCC
CCSi(Si)CC(C)SiCC
CCSi(Si)CC(Si)(C)CC
CCSi(Si)CC(Si)CCC
CCSi(Si)CCC(Si)CC
CCSi(Si)CCCSiCC
CCSi(Si)CCSi(C)CC
CCSi(Si)CCSiCCC
CCSi(Si)CSi(C)CCC
CCSi(Si)CSiC(C)CC
CCSi(Si)CSiCCCC
CCSi(Si)Si(C)(C)CCC
CCSi(Si)Si(C)C(C)CC
CCSi(Si)Si(C)CCCC
CCSi(Si)Si(CC)CCC
CCSi(Si)SiC(C)(C)CC
CCSi(Si)SiC(C)CCC
CCSi(Si)SiC(CC)CC
CCSi(Si)SiCC(C)CC
CCSi(Si)SiCCCCC
CCSiC(C(C)Si)SiCC
CCSiC(C(Si)Si)CCC
CCSiC(C)C(Si)(Si)CC
CCSiC(C)Si(Si)CCC
CCSiC(C)SiC(Si)CC
CCSiC(C)SiCSiCC
CCSiC(C)SiSiCCC
CCSiC(CC)(Si)SiCC
CCSiC(CSi)(C)SiCC
CCSiC(CSi)(Si)CCC
CCSiC(CSi)C(Si)CC
CCSiC(CSi)CSiCC
CCSiC(CSi)SiCCC
CCSiC(Si(C)C)SiCC
CCSiC(Si(C)Si)CCC
CCSiC(Si)(C)C(Si)CC
CCSiC(Si)(C)CSiCC
CCSiC(Si)(C)SiCCC
CCSiC(Si)(Si)C(C)CC
CCSiC(Si)(Si)CCCC
CCSiC(Si)C(C)SiCC
CCSiC(Si)C(Si)(C)CC
CCSiC(Si)C(Si)CCC
CCSiC(Si)CC(Si)CC
CCSiC(Si)CCSiCC
CCSiC(Si)CSiCCC
CCSiC(Si)Si(C)CCC
CCSiC(Si)SiC(C)CC
CCSiC(Si)SiCCCC
CCSiC(SiC)(C)SiCC
CCSiC(SiC)(Si)CCC
CCSiC(SiC)C(Si)CC
CCSiC(SiC)CSiCC
CCSiC(SiC)SiCCC
CCSiC(SiCC)SiCC
CCSiC(SiSi)(C)CCC
CCSiC(SiSi)C(C)CC
CCSiC(SiSi)CCCC
CCSiCC(Si)(Si)CCC
CCSiCC(Si)C(Si)CC
CCSiCC(Si)CSiCC
CCSiCC(Si)SiCCC
CCSiCC(SiSi)CCC
CCSiCCC(Si)(Si)CC
CCSiCCSi(Si)CCC
CCSiCCSiC(Si)CC
CCSiCCSiSiCCC
CCSiCSi(C)C(Si)CC
CCSiCSi(C)CSiCC
CCSiCSi(C)SiCCC
CCSiCSi(CSi)CCC
CCSiCSi(Si)(C)CCC
CCSiCSi(Si)C(C)CC
CCSiCSi(Si)CCCC
CCSiCSi(SiC)CCC
CCSiCSiC(Si)(C)CC
CCSiCSiC(Si)CCC
CCSiCSiCC(Si)CC
CCSiCSiCCSiCC
CCSiCSiCSiCCC
CCSiCSiSi(C)CCC
CCSiCSiSiC(C)CC
CCSiCSiSiCCCC
CCSiSi(C(C)C)SiCC
CCSiSi(C(C)Si)CCC
CCSiSi(C)(C)C(Si)CC
CCSiSi(C)(C)CSiCC
CCSiSi(C)(C)SiCCC
CCSiSi(C)C(C)SiCC
CCSiSi(C)C(Si)(C)CC
CCSiSi(C)C(Si)CCC
CCSiSi(C)CC(Si)CC
CCSiSi(C)CCSiCC
CCSiSi(C)CSiCCC
CCSiSi(C)Si(C)CCC
CCSiSi(C)SiC(C)CC
CCSiSi(C)SiCCCC
CCSiSi(CC)(C)SiCC
CCSiSi(CC)(Si)CCC
CCSiSi(CC)C(Si)CC
CCSiSi(CC)CSiCC
CCSiSi(CC)SiCCC
CCSiSi(CCC)SiCC
CCSiSi(CSi)(C)CCC
CCSiSi(CSi)C(C)CC
CCSiSi(CSi)CCCC
CCSiSi(Si(C)C)CCC
CCSiSi(Si)(C)C(C)CC
CCSiSi(Si)(C)CCCC
CCSiSi(Si)C(C)(C)CC
CCSiSi(Si)C(C)CCC
CCSiSi(Si)C(CC)CC
CCSiSi(Si)CC(C)CC
CCSiSi(Si)CCCCC
CCSiSi(SiC)(C)CCC
CCSiSi(SiC)C(C)CC
CCSiSi(SiC)CCCC
CCSiSiC(C)(C)SiCC
CCSiSiC(C)C(Si)CC
CCSiSiC(C)CSiCC
CCSiSiC(C)SiCCC
CCSiSiC(CC)(Si)CC
CCSiSiC(CC)SiCC
CCSiSiC(CSi)CCC
CCSiSiC(Si)(C)CCC
CCSiSiC(Si)C(C)CC
CCSiSiC(Si)CCCC
CCSiSiC(SiC)CCC
CCSiSiCC(C)SiCC
CCSiSiCC(Si)(C)CC
CCSiSiCC(Si)CCC
CCSiSiCCC(Si)CC
CCSiSiCCCSiCC
CCSiSiCCSiCCC
CCSiSiCSi(C)CCC
CCSiSiCSiC(C)CC
CCSiSiCSiCCCC
CCSiSiSi(C)(C)CCC
CCSiSiSi(C)C(C)CC
CCSiSiSi(C)CCCC
CCSiSiSi(CC)CCC
CCSiSiSiC(C)(C)CC
CCSiSiSiC(C)CCC
CCSiSiSiC(CC)CC
CCSiSiSiCC(C)CC
CCSiSiSiCCCCC
CSi(C)(C)C(C)(C)SiSiC
CSi(C)(C)C(C)C(Si)SiC
CSi(C)(C)C(C)CSiSiC
CSi(C)(C)C(C)Si(C)SiC
CSi(C)(C)C(C)Si(Si)CC
CSi(C)(C)C(C)SiCSiC
CSi(C)(C)C(C)SiSi(C)C
CSi(C)(C)C(C)SiSiCC
CSi(C)(C)C(CC)(Si)SiC
CSi(C)(C)C(CC)SiSiC
CSi(C)(C)C(Si)(C)CSiC
CSi(C)(C)C(Si)(C)Si(C)C
CSi(C)(C)C(Si)(C)SiCC
CSi(C)(C)C(Si)(Si)C(C)C
CSi(C)(C)C(Si)(Si)CCC
CSi(C)(C)C(Si)C(C)SiC
CSi(C)(C)C(Si)C(Si)CC
CSi(C)(C)C(Si)CCSiC
CSi(C)(C)C(Si)CSi(C)C
CSi(C)(C)C(Si)CSiCC
CSi(C)(C)C(Si)Si(C)(C)C
CSi(C)(C)C(Si)Si(C)CC
CSi(C)(C)C(Si)SiC(C)C
CSi(C)(C)C(Si)SiCCC
CSi(C)(C)C(SiC)(C)SiC
CSi(C)(C)C(SiC)CSiC
CSi(C)(C)C(SiC)Si(C)C
CSi(C)(C)C(SiC)SiCC
CSi(C)(C)CC(C)SiSiC
CSi(C)(C)CC(Si)(C)SiC
CSi(C)(C)CC(Si)(Si)CC
CSi(C)(C)CC(Si)CSiC
CSi(C)(C)CC(Si)Si(C)C
CSi(C)(C)CC(Si)SiCC
CSi(C)(C)CC(SiC)SiC
CSi(C)(C)CCC(Si)SiC
CSi(C)(C)CCCSiSiC
CSi(C)(C)CCSi(C)SiC
CSi(C)(C)CCSi(Si)CC
CSi(C)(C)CCSiCSiC
CSi(C)(C)CCSiSi(C)C
CSi(C)(C)CCSiSiCC
CSi(C)(C)CSi(C)(C)SiC
CSi(C)(C)CSi(C)CSiC
CSi(C)(C)CSi(C)Si(C)C
CSi(C)(C)CSi(C)SiCC
CSi(C)(C)CSi(CC)SiC
CSi(C)(C)CSi(Si)(C)CC
CSi(C)(C)CSi(Si)C(C)C
CSi(C)(C)CSi(Si)CCC
CSi(C)(C)CSiC(C)SiC
CSi(C)(C)CSiC(Si)CC
CSi(C)(C)CSiCCSiC
CSi(C)(C)CSiCSi(C)C
CSi(C)(C)CSiCSiCC
CSi(C)(C)CSiSi(C)CC
CSi(C)(C)CSiSiC(C)C
CSi(C)(C)CSiSiCCC
CSi(C)(C)Si(C(C)C)SiC
CSi(C)(C)Si(C)(C)CSiC
CSi(C)(C)Si(C)(C)Si(C)C
CSi(C)(C)Si(C)(C)SiCC
CSi(C)(C)Si(C)C(C)SiC
CSi(C)(C)Si(C)C(Si)CC
CSi(C)(C)Si(C)CCSiC
CSi(C)(C)Si(C)CSi(C)C
CSi(C)(C)Si(C)CSiCC
CSi(C)(C)Si(C)Si(C)(C)C
CSi(C)(C)Si(C)Si(C)CC
CSi(C)(C)Si(C)SiC(C)C
CSi(C)(C)Si(C)SiCCC
CSi(C)(C)Si(CC)(C)SiC
CSi(C)(C)Si(CC)(Si)CC
CSi(C)(C)Si(CC)CSiC
CSi(C)(C)Si(CC)Si(C)C
CSi(C)(C)Si(CC)SiCC
CSi(C)(C)Si(Si)(C)C(C)C
CSi(C)(C)Si(Si)(C)CCC
CSi(C)(C)Si(Si)C(C)(C)C
CSi(C)(C)Si(Si)C(C)CC
CSi(C)(C)Si(Si)CC(C)C
CSi(C)(C)Si(Si)CCCC
CSi(C)(C)Si(SiC)CCC
CSi(C)(C)SiC(C)(C)SiC
CSi(C)(C)SiC(C)CSiC
CSi(C)(C)SiC(C)Si(C)C
CSi(C)(C)SiC(C)SiCC
CSi(C)(C)SiC(CC)SiC
CSi(C)(C)SiC(Si)(C)CC
CSi(C)(C)SiC(Si)C(C)C
CSi(C)(C)SiC(Si)CCC
CSi(C)(C)SiCC(C)SiC
CSi(C)(C)SiCC(Si)CC
CSi(C)(C)SiCCCSiC
CSi(C)(C)SiCCSi(C)C
CSi(C)(C)SiCCSiCC
CSi(C)(C)SiCSi(C)(C)C
CSi(C)(C)SiCSi(C)CC
CSi(C)(C)SiCSiC(C)C
CSi(C)(C)SiCSiCCC
CSi(C)(C)SiSi(C)(C)CC
CSi(C)(C)SiSi(C)C(C)C
CSi(C)(C)SiSi(C)CCC
CSi(C)(C)SiSi(CC)CC
CSi(C)(C)SiSiC(C)(C)C
CSi(C)(C)SiSiC(C)CC
CSi(C)(C)SiSiCC(C)C
CSi(C)(C)SiSiCCCC
CSi(C)C(C(C)C)(Si)SiC
CSi(C)C(C(C)C)SiSiC
CSi(C)C(C)(C)C(Si)SiC
CSi(C)C(C)(C)CSiSiC
CSi(C)C(C)(C)Si(C)SiC
CSi(C)C(C)(C)Si(Si)CC
CSi(C)C(C)(C)SiCSiC
CSi(C)C(C)(C)SiSiCC
CSi(C)C(C)C(C)SiSiC
CSi(C)C(C)C(Si)(C)SiC
CSi(C)C(C)C(Si)(Si)CC
CSi(C)C(C)C(Si)CSiC
CSi(C)C(C)C(Si)SiCC
CSi(C)C(C)C(SiC)SiC
CSi(C)C(C)CC(Si)SiC
CSi(C)C(C)CCSiSiC
CSi(C)C(C)CSi(C)SiC
CSi(C)C(C)CSi(Si)CC
CSi(C)C(C)CSiCSiC
CSi(C)C(C)CSiSiCC
CSi(C)C(C)Si(C)(C)SiC
CSi(C)C(C)Si(C)CSiC
CSi(C)C(C)Si(C)SiCC
CSi(C)C(C)Si(CC)SiC
CSi(C)C(C)Si(Si)(C)CC
CSi(C)C(C)Si(Si)C(C)C
CSi(C)C(C)Si(Si)CCC
CSi(C)C(C)SiC(C)SiC
CSi(C)C(C)SiC(Si)CC
CSi(C)C(C)SiCCSiC
CSi(C)C(C)SiCSi(C)C
CSi(C)C(C)SiCSiCC
CSi(C)C(C)SiSi(C)CC
CSi(C)C(C)SiSiC(C)C
CSi(C)C(C)SiSiCCC
CSi(C)C(CC)(C)SiSiC
CSi(C)C(CC)(Si)CSiC
CSi(C)C(CC)(Si)Si(C)C
CSi(C)C(CC)(Si)SiCC
CSi(C)C(CC)C(Si)SiC
CSi(C)C(CC)CSiSiC
CSi(C)C(CC)Si(C)SiC
CSi(C)C(CC)Si(Si)CC
CSi(C)C(CC)SiCSiC
CSi(C)C(CC)SiSiCC
CSi(C)C(Si(C)C)CSiC
CSi(C)C(Si(C)C)Si(C)C
CSi(C)C(Si(C)C)SiCC
CSi(C)C(Si)(C)C(C)SiC
CSi(C)C(Si)(C)C(Si)CC
CSi(C)C(Si)(C)CCSiC
CSi(C)C(Si)(C)CSi(C)C
CSi(C)C(Si)(C)CSiCC
CSi(C)C(Si)(C)Si(C)CC
CSi(C)C(Si)(C)SiC(C)C
CSi(C)C(Si)(C)SiCCC
CSi(C)C(Si)(Si)C(C)(C)C
CSi(C)C(Si)(Si)C(C)CC
CSi(C)C(Si)(Si)CC(C)C
CSi(C)C(Si)(Si)CCCC
CSi(C)C(Si)C(C)(C)SiC
CSi(C)C(Si)C(C)CSiC
CSi(C)C(Si)C(C)Si(C)C
CSi(C)C(Si)C(C)SiCC
CSi(C)C(Si)C(CC)SiC
CSi(C)C(Si)C(Si)(C)CC
CSi(C)C(Si)C(Si)C(C)C
CSi(C)C(Si)C(Si)CCC
CSi(C)C(Si)CC(C)SiC
CSi(C)C(Si)CC(Si)CC
CSi(C)C(Si)CCCSiC
CSi(C)C(Si)CCSi(C)C
CSi(C)C(Si)CCSiCC
CSi(C)C(Si)CSi(C)CC
CSi(C)C(Si)CSiC(C)C
CSi(C)C(Si)CSiCCC
CSi(C)C(Si)Si(C)(C)CC
CSi(C)C(Si)Si(C)C(C)C
CSi(C)C(Si)Si(C)CCC
CSi(C)C(Si)Si(CC)CC
CSi(C)C(Si)SiC(C)(C)C
CSi(C)C(Si)SiC(C)CC
CSi(C)C(Si)SiCC(C)C
CSi(C)C(Si)SiCCCC
CSi(C)C(SiC)(C)CSiC
CSi(C)C(SiC)(C)Si(C)C
CSi(C)C(SiC)(C)SiCC
CSi(C)C(SiC)(CC)SiC
CSi(C)C(SiC)(Si)CCC
CSi(C)C(SiC)C(C)SiC
CSi(C)C(SiC)C(Si)CC
CSi(C)C(SiC)CCSiC
CSi(C)C(SiC)CSi(C)C
CSi(C)C(SiC)CSiCC
CSi(C)C(SiC)Si(C)CC
CSi(C)C(SiC)SiC(C)C
CSi(C)C(SiC)SiCCC
CSi(C)CC(C)(C)SiSiC
CSi(C)CC(C)C(Si)SiC
CSi(C)CC(C)CSiSiC
CSi(C)CC(C)Si(C)SiC
CSi(C)CC(C)Si(Si)CC
CSi(C)CC(C)SiCSiC
CSi(C)CC(C)SiSiCC
CSi(C)CC(CC)(Si)SiC
CSi(C)CC(CC)SiSiC
CSi(C)CC(CSi)CSiC
CSi(C)CC(CSi)SiCC
CSi(C)CC(Si)(C)CSiC
CSi(C)CC(Si)(C)SiCC
CSi(C)CC(Si)(Si)C(C)C
CSi(C)CC(Si)(Si)CCC
CSi(C)CC(Si)C(C)SiC
CSi(C)CC(Si)C(Si)CC
CSi(C)CC(Si)CCSiC
CSi(C)CC(Si)CSi(C)C
CSi(C)CC(Si)CSiCC
CSi(C)CC(Si)Si(C)CC
CSi(C)CC(Si)SiC(C)C
CSi(C)CC(Si)SiCCC
CSi(C)CC(SiC)(C)SiC
CSi(C)CC(SiC)CSiC
CSi(C)CC(SiC)SiCC
CSi(C)CC(SiSi)CCC
CSi(C)CCC(C)SiSiC
CSi(C)CCC(Si)(C)SiC
CSi(C)CCC(Si)(Si)CC
CSi(C)CCC(Si)CSiC
CSi(C)CCC(Si)SiCC
CSi(C)CCC(SiC)SiC
CSi(C)CCCC(Si)SiC
CSi(C)CCCCSiSiC
CSi(C)CCCSi(C)SiC
CSi(C)CCCSi(Si)CC
CSi(C)CCCSiCSiC
CSi(C)CCCSiSiCC
CSi(C)CCSi(C)(C)SiC
CSi(C)CCSi(C)CSiC
CSi(C)CCSi(C)SiCC
CSi(C)CCSi(CC)SiC
CSi(C)CCSi(Si)(C)CC
CSi(C)CCSi(Si)C(C)C
CSi(C)CCSi(Si)CCC
CSi(C)CCSiC(C)SiC
CSi(C)CCSiC(Si)CC
CSi(C)CCSiCCSiC
CSi(C)CCSiCSiCC
CSi(C)CCSiSi(C)CC
CSi(C)CCSiSiC(C)C
CSi(C)CCSiSiCCC
CSi(C)CSi(C(C)C)SiC
CSi(C)CSi(C)(C)CSiC
CSi(C)CSi(C)(C)SiCC
CSi(C)CSi(C)C(C)SiC
CSi(C)CSi(C)C(Si)CC
CSi(C)CSi(C)CCSiC
CSi(C)CSi(C)CSi(C)C
CSi(C)CSi(C)CSiCC
CSi(C)CSi(C)Si(C)CC
CSi(C)CSi(C)SiC(C)C
CSi(C)CSi(C)SiCCC
CSi(C)CSi(CC)(C)SiC
CSi(C)CSi(CC)(Si)CC
CSi(C)CSi(CC)CSiC
CSi(C)CSi(CC)SiCC
CSi(C)CSi(CSi)CCC
CSi(C)CSi(Si)(C)C(C)C
CSi(C)CSi(Si)(C)CCC
CSi(C)CSi(Si)C(C)(C)C
CSi(C)CSi(Si)C(C)CC
CSi(C)CSi(Si)CC(C)C
CSi(C)CSi(Si)CCCC
CSi(C)CSi(SiC)CCC
CSi(C)CSiC(C)(C)SiC
CSi(C)CSiC(C)CSiC
CSi(C)CSiC(C)SiCC
CSi(C)CSiC(CC)SiC
CSi(C)CSiC(Si)(C)CC
CSi(C)CSiC(Si)C(C)C
CSi(C)CSiC(Si)CCC
CSi(C)CSiCC(C)SiC
CSi(C)CSiCC(Si)CC
CSi(C)CSiCCCSiC
CSi(C)CSiCCSi(C)C
CSi(C)CSiCCSiCC
CSi(C)CSiCSi(C)CC
CSi(C)CSiCSiC(C)C
CSi(C)CSiCSiCCC
CSi(C)CSiSi(C)(C)CC
CSi(C)CSiSi(C)C(C)C
CSi(C)CSiSi(C)CCC
CSi(C)CSiSi(CC)CC
CSi(C)CSiSiC(C)(C)C
CSi(C)CSiSiC(C)CC
CSi(C)CSiSiCC(C)C
CSi(C)CSiSiCCCC
CSi(C)Si(C(C)(C)C)SiC
CSi(C)Si(C(C)C)(C)SiC
CSi(C)Si(C(C)C)CSiC
CSi(C)Si(C(C)C)Si(C)C
CSi(C)Si(C(C)C)SiCC
CSi(C)Si(C)(C)C(C)SiC
CSi(C)Si(C)(C)C(Si)CC
CSi(C)Si(C)(C)CCSiC
CSi(C)Si(C)(C)CSi(C)C
CSi(C)Si(C)(C)CSiCC
CSi(C)Si(C)(C)Si(C)CC
CSi(C)Si(C)(C)SiC(C)C
CSi(C)Si(C)(C)SiCCC
CSi(C)Si(C)C(C)(C)SiC
CSi(C)Si(C)C(C)CSiC
CSi(C)Si(C)C(C)Si(C)C
CSi(C)Si(C)C(C)SiCC
CSi(C)Si(C)C(CC)SiC
CSi(C)Si(C)C(Si)(C)CC
CSi(C)Si(C)C(Si)C(C)C
CSi(C)Si(C)C(Si)CCC
CSi(C)Si(C)CC(C)SiC
CSi(C)Si(C)CC(Si)CC
CSi(C)Si(C)CCCSiC
CSi(C)Si(C)CCSi(C)C
CSi(C)Si(C)CCSiCC
CSi(C)Si(C)CSi(C)CC
CSi(C)Si(C)CSiC(C)C
CSi(C)Si(C)CSiCCC
CSi(C)Si(C)Si(C)(C)CC
CSi(C)Si(C)Si(C)C(C)C
CSi(C)Si(C)Si(C)CCC
CSi(C)Si(C)Si(CC)CC
CSi(C)Si(C)SiC(C)(C)C
CSi(C)Si(C)SiC(C)CC
CSi(C)Si(C)SiCC(C)C
CSi(C)Si(C)SiCCCC
CSi(C)Si(CC)(C)CSiC
CSi(C)Si(CC)(C)Si(C)C
CSi(C)Si(CC)(C)SiCC
CSi(C)Si(CC)(CC)SiC
CSi(C)Si(CC)(Si)C(C)C
CSi(C)Si(CC)(Si)CCC
CSi(C)Si(CC)C(C)SiC
CSi(C)Si(CC)C(Si)CC
CSi(C)Si(CC)CCSiC
CSi(C)Si(CC)CSi(C)C
CSi(C)Si(CC)CSiCC
CSi(C)Si(CC)Si(C)CC
CSi(C)Si(CC)SiC(C)C
CSi(C)Si(CC)SiCCC
CSi(C)Si(Si(C)C)CCC
CSi(C)Si(Si)(C)C(C)(C)C
CSi(C)Si(Si)(C)C(C)CC
CSi(C)Si(Si)(C)CC(C)C
CSi(C)Si(Si)(C)CCCC
CSi(C)Si(Si)C(C)(C)CC
CSi(C)Si(Si)C(C)C(C)C
CSi(C)Si(Si)C(C)CCC
CSi(C)Si(Si)C(CC)CC
CSi(C)Si(Si)CC(C)(C)C
CSi(C)Si(Si)CC(C)CC
CSi(C)Si(Si)CCC(C)C
CSi(C)Si(Si)CCCCC
CSi(C)Si(SiC)(C)CCC
CSi(C)Si(SiC)C(C)CC
CSi(C)Si(SiC)CC(C)C
CSi(C)Si(SiC)CCCC
CSi(C)SiC(C(C)C)SiC
CSi(C)SiC(C)(C)CSiC
CSi(C)SiC(C)(C)Si(C)C
CSi(C)SiC(C)(C)SiCC
CSi(C)SiC(C)C(C)SiC
CSi(C)SiC(C)C(Si)CC
CSi(C)SiC(C)CCSiC
CSi(C)SiC(C)CSi(C)C
CSi(C)SiC(C)CSiCC
CSi(C)SiC(C)Si(C)CC
CSi(C)SiC(C)SiC(C)C
CSi(C)SiC(C)SiCCC
CSi(C)SiC(CC)(C)SiC
CSi(C)SiC(CC)(Si)CC
CSi(C)SiC(CC)CSiC
CSi(C)SiC(CC)Si(C)C
CSi(C)SiC(CC)SiCC
CSi(C)SiC(CSi)CCC
CSi(C)SiC(Si)(C)C(C)C
CSi(C)SiC(Si)(C)CCC
CSi(C)SiC(Si)C(C)(C)C
CSi(C)SiC(Si)C(C)CC
CSi(C)SiC(Si)CC(C)C
CSi(C)SiC(Si)CCCC
CSi(C)SiC(SiC)CCC
CSi(C)SiCC(C)(C)SiC
CSi(C)SiCC(C)CSiC
CSi(C)SiCC(C)Si(C)C
CSi(C)SiCC(C)SiCC
CSi(C)SiCC(CC)SiC
CSi(C)SiCC(Si)(C)CC
CSi(C)SiCC(Si)C(C)C
CSi(C)SiCC(Si)CCC
CSi(C)SiCCC(C)SiC
CSi(C)SiCCC(Si)CC
CSi(C)SiCCCCSiC
CSi(C)SiCCCSi(C)C
CSi(C)SiCCCSiCC
CSi(C)SiCCSi(C)CC
CSi(C)SiCCSiC(C)C
CSi(C)SiCCSiCCC
CSi(C)SiCSi(C)(C)CC
CSi(C)SiCSi(C)C(C)C
CSi(C)SiCSi(C)CCC
CSi(C)SiCSi(CC)CC
CSi(C)SiCSiC(C)(C)C
CSi(C)SiCSiC(C)CC
CSi(C)SiCSiCC(C)C
CSi(C)SiCSiCCCC
CSi(C)SiSi(C)(C)C(C)C
CSi(C)SiSi(C)(C)CCC
CSi(C)SiSi(C)C(C)(C)C
CSi(C)SiSi(C)C(C)CC
CSi(C)SiSi(C)CC(C)C
CSi(C)SiSi(C)CCCC
CSi(C)SiSi(CC)(C)CC
CSi(C)SiSi(CC)C(C)C
CSi(C)SiSi(CC)CCC
CSi(C)SiSiC(C)(C)CC
CSi(C)SiSiC(C)C(C)C
CSi(C)SiSiC(C)CCC
CSi(C)SiSiC(CC)CC
CSi(C)SiSiCC(C)(C)C
CSi(C)SiSiCC(C)CC
CSi(C)SiSiCCC(C)C
CSi(C)SiSiCCCCC
CSiC(C(C)(C)C)(Si)SiC
CSiC(C(C)C)(Si)CSiC
CSiC(C(C)C)(Si)SiCC
CSiC(C(C)C)C(Si)SiC
CSiC(C(C)C)Si(Si)CC
CSiC(C(C)C)SiCSiC
CSiC(C(C)C)SiSiCC
CSiC(C)(C)C(Si)(Si)CC
CSiC(C)(C)C(Si)CSiC
CSiC(C)(C)C(Si)SiCC
CSiC(C)(C)C(SiC)SiC
CSiC(C)(C)CC(Si)SiC
CSiC(C)(C)CSi(Si)CC
CSiC(C)(C)CSiCSiC
CSiC(C)(C)CSiSiCC
CSiC(C)(C)Si(C)CSiC
CSiC(C)(C)Si(C)SiCC
CSiC(C)(C)Si(Si)(C)CC
CSiC(C)(C)Si(Si)C(C)C
CSiC(C)(C)Si(Si)CCC
CSiC(C)(C)SiC(C)SiC
CSiC(C)(C)SiC(Si)CC
CSiC(C)(C)SiCCSiC
CSiC(C)(C)SiCSiCC
CSiC(C)(C)SiSi(C)CC
CSiC(C)(C)SiSiC(C)C
CSiC(C)(C)SiSiCCC
CSiC(C)C(C)Si(Si)CC
CSiC(C)C(C)SiCSiC
CSiC(C)C(C)SiSiCC
CSiC(C)C(CSi)CSiC
CSiC(C)C(CSi)SiCC
CSiC(C)C(Si)(C)CSiC
CSiC(C)C(Si)(C)SiCC
CSiC(C)C(Si)(Si)C(C)C
CSiC(C)C(Si)(Si)CCC
CSiC(C)C(Si)C(C)SiC
CSiC(C)C(Si)C(Si)CC
CSiC(C)C(Si)CCSiC
CSiC(C)C(Si)CSiCC
CSiC(C)C(Si)Si(C)CC
CSiC(C)C(Si)SiC(C)C
CSiC(C)C(Si)SiCCC
CSiC(C)C(SiC)CSiC
CSiC(C)C(SiC)SiCC
CSiC(C)C(SiSi)CCC
CSiC(C)CC(Si)(Si)CC
CSiC(C)CC(Si)CSiC
CSiC(C)CC(Si)SiCC
CSiC(C)CCSi(Si)CC
CSiC(C)CCSiCSiC
CSiC(C)CCSiSiCC
CSiC(C)CSi(C)CSiC
CSiC(C)CSi(C)SiCC
CSiC(C)CSi(Si)(C)CC
CSiC(C)CSi(Si)C(C)C
CSiC(C)CSi(Si)CCC
CSiC(C)CSiC(Si)CC
CSiC(C)CSiCCSiC
CSiC(C)CSiCSiCC
CSiC(C)CSiSi(C)CC
CSiC(C)CSiSiC(C)C
CSiC(C)CSiSiCCC
CSiC(C)Si(C)(C)CSiC
CSiC(C)Si(C)(C)SiCC
CSiC(C)Si(C)C(C)SiC
CSiC(C)Si(C)C(Si)CC
CSiC(C)Si(C)CCSiC
CSiC(C)Si(C)CSiCC
CSiC(C)Si(C)Si(C)CC
CSiC(C)Si(C)SiC(C)C
CSiC(C)Si(C)SiCCC
CSiC(C)Si(CC)(Si)CC
CSiC(C)Si(CC)CSiC
CSiC(C)Si(CC)SiCC
CSiC(C)Si(CSi)CCC
CSiC(C)Si(Si)(C)C(C)C
CSiC(C)Si(Si)(C)CCC
CSiC(C)Si(Si)C(C)(C)C
CSiC(C)Si(Si)C(C)CC
CSiC(C)Si(Si)CC(C)C
CSiC(C)Si(Si)CCCC
CSiC(C)Si(SiC)CCC
CSiC(C)SiC(C)CSiC
CSiC(C)SiC(C)SiCC
CSiC(C)SiC(Si)(C)CC
CSiC(C)SiC(Si)C(C)C
CSiC(C)SiC(Si)CCC
CSiC(C)SiCC(C)SiC
CSiC(C)SiCC(Si)CC
CSiC(C)SiCCCSiC
CSiC(C)SiCCSiCC
CSiC(C)SiCSi(C)CC
CSiC(C)SiCSiC(C)C
CSiC(C)SiCSiCCC
CSiC(C)SiSi(C)(C)CC
CSiC(C)SiSi(C)C(C)C
CSiC(C)SiSi(C)CCC
CSiC(C)SiSi(CC)CC
CSiC(C)SiSiC(C)(C)C
CSiC(C)SiSiC(C)CC
CSiC(C)SiSiCC(C)C
CSiC(C)SiSiCCCC
CSiC(CC)(C)C(Si)SiC
CSiC(CC)(C)Si(Si)CC
CSiC(CC)(C)SiCSiC
CSiC(CC)(C)SiSiCC
CSiC(CC)(Si)C(C)SiC
CSiC(CC)(Si)C(Si)CC
CSiC(CC)(Si)CCSiC
CSiC(CC)(Si)CSiCC
CSiC(CC)(Si)Si(C)CC
CSiC(CC)(Si)SiC(C)C
CSiC(CC)(Si)SiCCC
CSiC(CC)C(Si)(Si)CC
CSiC(CC)C(Si)CSiC
CSiC(CC)C(Si)SiCC
CSiC(CC)CC(Si)SiC
CSiC(CC)CSi(Si)CC
CSiC(CC)CSiCSiC
CSiC(CC)CSiSiCC
CSiC(CC)Si(C)CSiC
CSiC(CC)Si(C)SiCC
CSiC(CC)Si(Si)(C)CC
CSiC(CC)Si(Si)C(C)C
CSiC(CC)Si(Si)CCC
CSiC(CC)SiC(C)SiC
CSiC(CC)SiC(Si)CC
CSiC(CC)SiCCSiC
CSiC(CC)SiCSiCC
CSiC(CC)SiSi(C)CC
CSiC(CC)SiSiC(C)C
CSiC(CC)SiSiCCC
CSiC(Si)(C)C(C)(C)SiC
CSiC(Si)(C)C(C)CSiC
CSiC(Si)(C)C(C)SiCC
CSiC(Si)(C)C(CC)SiC
CSiC(Si)(C)C(Si)(C)CC
CSiC(Si)(C)C(Si)C(C)C
CSiC(Si)(C)C(Si)CCC
CSiC(Si)(C)CC(C)SiC
CSiC(Si)(C)CC(Si)CC
CSiC(Si)(C)CCCSiC
CSiC(Si)(C)CCSiCC
CSiC(Si)(C)CSi(C)CC
CSiC(Si)(C)CSiC(C)C
CSiC(Si)(C)CSiCCC
CSiC(Si)(C)Si(C)(C)CC
CSiC(Si)(C)Si(C)C(C)C
CSiC(Si)(C)Si(C)CCC
CSiC(Si)(C)Si(CC)CC
CSiC(Si)(C)SiC(C)(C)C
CSiC(Si)(C)SiC(C)CC
CSiC(Si)(C)SiCC(C)C
CSiC(Si)(C)SiCCCC
CSiC(Si)(Si)C(C)(C)CC
CSiC(Si)(Si)C(C)C(C)C
CSiC(Si)(Si)C(C)CCC
CSiC(Si)(Si)C(CC)CC
CSiC(Si)(Si)CC(C)(C)C
CSiC(Si)(Si)CC(C)CC
CSiC(Si)(Si)CCC(C)C
CSiC(Si)(Si)CCCCC
CSiC(Si)C(C)(C)CSiC
CSiC(Si)C(C)(C)SiCC
CSiC(Si)C(C)C(C)SiC
CSiC(Si)C(C)C(Si)CC
CSiC(Si)C(C)CCSiC
CSiC(Si)C(C)CSiCC
CSiC(Si)C(C)Si(C)CC
CSiC(Si)C(C)SiC(C)C
CSiC(Si)C(C)SiCCC
CSiC(Si)C(CC)(Si)CC
CSiC(Si)C(CC)CSiC
CSiC(Si)C(CC)SiCC
CSiC(Si)C(CSi)CCC
CSiC(Si)C(Si)(C)C(C)C
CSiC(Si)C(Si)(C)CCC
CSiC(Si)C(Si)C(C)(C)C
CSiC(Si)C(Si)C(C)CC
CSiC(Si)C(Si)CC(C)C
CSiC(Si)C(Si)CCCC
CSiC(Si)C(SiC)CCC
CSiC(Si)CC(C)CSiC
CSiC(Si)CC(C)SiCC
CSiC(Si)CC(Si)(C)CC
CSiC(Si)CC(Si)C(C)C
CSiC(Si)CC(Si)CCC
CSiC(Si)CCC(C)SiC
CSiC(Si)CCC(Si)CC
CSiC(Si)CCCCSiC
CSiC(Si)CCCSiCC
CSiC(Si)CCSi(C)CC
CSiC(Si)CCSiC(C)C
CSiC(Si)CCSiCCC
CSiC(Si)CSi(C)(C)CC
CSiC(Si)CSi(C)C(C)C
CSiC(Si)CSi(C)CCC
CSiC(Si)CSi(CC)CC
CSiC(Si)CSiC(C)(C)C
CSiC(Si)CSiC(C)CC
CSiC(Si)CSiCC(C)C
CSiC(Si)CSiCCCC
CSiC(Si)Si(C)(C)C(C)C
CSiC(Si)Si(C)(C)CCC
CSiC(Si)Si(C)C(C)(C)C
CSiC(Si)Si(C)C(C)CC
CSiC(Si)Si(C)CC(C)C
CSiC(Si)Si(C)CCCC
CSiC(Si)Si(CC)(C)CC
CSiC(Si)Si(CC)C(C)C
CSiC(Si)Si(CC)CCC
CSiC(Si)SiC(C)(C)CC
CSiC(Si)SiC(C)C(C)C
CSiC(Si)SiC(C)CCC
CSiC(Si)SiC(CC)CC
CSiC(Si)SiCC(C)(C)C
CSiC(Si)SiCC(C)CC
CSiC(Si)SiCCC(C)C
CSiC(Si)SiCCCCC
CSiC(SiC)(C(C)C)SiC
CSiC(SiC)(C)C(C)SiC
CSiC(SiC)(C)C(Si)CC
CSiC(SiC)(C)CCSiC
CSiC(SiC)(C)CSiCC
CSiC(SiC)(C)Si(C)CC
CSiC(SiC)(C)SiC(C)C
CSiC(SiC)(C)SiCCC
CSiC(SiC)(CC)CSiC
CSiC(SiC)(CC)SiCC
CSiC(SiC)(Si)C(C)CC
CSiC(SiC)(Si)CC(C)C
CSiC(SiC)(Si)CCCC
CSiC(SiC)(SiC)CCC
CSiC(SiC)C(C)CSiC
CSiC(SiC)C(C)SiCC
CSiC(SiC)C(CC)SiC
CSiC(SiC)C(Si)(C)CC
CSiC(SiC)C(Si)C(C)C
CSiC(SiC)C(Si)CCC
CSiC(SiC)CC(C)SiC
CSiC(SiC)CC(Si)CC
CSiC(SiC)CCCSiC
CSiC(SiC)CCSiCC
CSiC(SiC)CSi(C)CC
CSiC(SiC)CSiC(C)C
CSiC(SiC)CSiCCC
CSiC(SiC)Si(C)(C)CC
CSiC(SiC)Si(C)C(C)C
CSiC(SiC)Si(C)CCC
CSiC(SiC)Si(CC)CC
CSiC(SiC)SiC(C)(C)C
CSiC(SiC)SiC(C)CC
CSiC(SiC)SiCC(C)C
CSiC(SiC)SiCCCC
CSiCC(C(C)Si)CSiC
CSiCC(C(C)Si)SiCC
CSiCC(C(Si)Si)CCC
CSiCC(C)(C)Si(Si)CC
CSiCC(C)(C)SiSiCC
CSiCC(C)C(Si)(Si)CC
CSiCC(C)C(Si)SiCC
CSiCC(C)CSi(Si)CC
CSiCC(C)CSiSiCC
CSiCC(C)Si(C)SiCC
CSiCC(C)Si(Si)(C)CC
CSiCC(C)Si(Si)C(C)C
CSiCC(C)Si(Si)CCC
CSiCC(C)SiC(Si)CC
CSiCC(C)SiCCSiC
CSiCC(C)SiCSiCC
CSiCC(C)SiSi(C)CC
CSiCC(C)SiSiC(C)C
CSiCC(C)SiSiCCC
CSiCC(CC)(Si)CSiC
CSiCC(CC)(Si)SiCC
CSiCC(CC)Si(Si)CC
CSiCC(CC)SiSiCC
CSiCC(CSi)(C)CSiC
CSiCC(CSi)(C)SiCC
CSiCC(CSi)(Si)CCC
CSiCC(CSi)C(Si)CC
CSiCC(CSi)CCSiC
CSiCC(CSi)CSiCC
CSiCC(CSi)Si(C)CC
CSiCC(CSi)SiC(C)C
CSiCC(CSi)SiCCC
CSiCC(CSiC)CSiC
CSiCC(CSiC)SiCC
CSiCC(Si(C)C)CSiC
CSiCC(Si(C)C)SiCC
CSiCC(Si(C)Si)CCC
CSiCC(Si)(C)C(Si)CC
CSiCC(Si)(C)CCSiC
CSiCC(Si)(C)CSiCC
CSiCC(Si)(C)Si(C)CC
CSiCC(Si)(C)SiC(C)C
CSiCC(Si)(C)SiCCC
CSiCC(Si)(Si)C(C)(C)C
CSiCC(Si)(Si)C(C)CC
CSiCC(Si)(Si)CC(C)C
CSiCC(Si)(Si)CCCC
CSiCC(Si)C(C)CSiC
CSiCC(Si)C(C)SiCC
CSiCC(Si)C(Si)(C)CC
CSiCC(Si)C(Si)C(C)C
CSiCC(Si)C(Si)CCC
CSiCC(Si)CC(Si)CC
CSiCC(Si)CCCSiC
CSiCC(Si)CCSiCC
CSiCC(Si)CSi(C)CC
CSiCC(Si)CSiC(C)C
CSiCC(Si)CSiCCC
CSiCC(Si)Si(C)(C)CC
CSiCC(Si)Si(C)C(C)C
CSiCC(Si)Si(C)CCC
CSiCC(Si)Si(CC)CC
CSiCC(Si)SiC(C)(C)C
CSiCC(Si)SiC(C)CC
CSiCC(Si)SiCC(C)C
CSiCC(Si)SiCCCC
CSiCC(SiC)(C)CSiC
CSiCC(SiC)(C)SiCC
CSiCC(SiC)(Si)CCC
CSiCC(SiC)C(Si)CC
CSiCC(SiC)CCSiC
CSiCC(SiC)CSiCC
CSiCC(SiC)Si(C)CC
CSiCC(SiC)SiC(C)C
CSiCC(SiC)SiCCC
CSiCC(SiCC)SiCC
CSiCC(SiSi)(C)CCC
CSiCC(SiSi)C(C)CC
CSiCC(SiSi)CC(C)C
CSiCC(SiSi)CCCC
CSiCCC(C)Si(Si)CC
CSiCCC(C)SiSiCC
CSiCCC(CSi)SiCC
CSiCCC(Si)(C)SiCC
CSiCCC(Si)(Si)C(C)C
CSiCCC(Si)(Si)CCC
CSiCCC(Si)C(Si)CC
CSiCCC(Si)CCSiC
CSiCCC(Si)CSiCC
CSiCCC(Si)Si(C)CC
CSiCCC(Si)SiC(C)C
CSiCCC(Si)SiCCC
CSiCCC(SiC)SiCC
CSiCCC(SiSi)CCC
CSiCCCC(Si)(Si)CC
CSiCCCC(Si)SiCC
CSiCCCCSi(Si)CC
CSiCCCCSiSiCC
CSiCCCSi(C)SiCC
CSiCCCSi(Si)(C)CC
CSiCCCSi(Si)C(C)C
CSiCCCSi(Si)CCC
CSiCCCSiC(Si)CC
CSiCCCSiCSiCC
CSiCCCSiSi(C)CC
CSiCCCSiSiC(C)C
CSiCCCSiSiCCC
CSiCCSi(C)(C)SiCC
CSiCCSi(C)C(Si)CC
CSiCCSi(C)CCSiC
CSiCCSi(C)CSiCC
CSiCCSi(C)Si(C)CC
CSiCCSi(C)SiC(C)C
CSiCCSi(C)SiCCC
CSiCCSi(CC)(Si)CC
CSiCCSi(CC)SiCC
CSiCCSi(CSi)CCC
CSiCCSi(Si)(C)C(C)C
CSiCCSi(Si)(C)CCC
CSiCCSi(Si)C(C)(C)C
CSiCCSi(Si)C(C)CC
CSiCCSi(Si)CC(C)C
CSiCCSi(Si)CCCC
CSiCCSi(SiC)CCC
CSiCCSiC(C)SiCC
CSiCCSiC(Si)(C)CC
CSiCCSiC(Si)C(C)C
CSiCCSiC(Si)CCC
CSiCCSiCC(Si)CC
CSiCCSiCCCSiC
CSiCCSiCCSiCC
CSiCCSiCSi(C)CC
CSiCCSiCSiC(C)C
CSiCCSiCSiCCC
CSiCCSiSi(C)(C)CC
CSiCCSiSi(C)C(C)C
CSiCCSiSi(C)CCC
CSiCCSiSi(CC)CC
CSiCCSiSiC(C)(C)C
CSiCCSiSiC(C)CC
CSiCCSiSiCC(C)C
CSiCCSiSiCCCC
CSiCSi(C(C)C)CSiC
CSiCSi(C(C)C)SiCC
CSiCSi(C(C)Si)CCC
CSiCSi(C)(C)C(Si)CC
CSiCSi(C)(C)CCSiC
CSiCSi(C)(C)CSiCC
CSiCSi(C)(C)Si(C)CC
CSiCSi(C)(C)SiC(C)C
CSiCSi(C)(C)SiCCC
CSiCSi(C)C(C)CSiC
CSiCSi(C)C(C)SiCC
CSiCSi(C)C(Si)(C)CC
CSiCSi(C)C(Si)C(C)C
CSiCSi(C)C(Si)CCC
CSiCSi(C)CC(Si)CC
CSiCSi(C)CCCSiC
CSiCSi(C)CCSiCC
CSiCSi(C)CSi(C)CC
CSiCSi(C)CSiC(C)C
CSiCSi(C)CSiCCC
CSiCSi(C)Si(C)(C)CC
CSiCSi(C)Si(C)C(C)C
CSiCSi(C)Si(C)CCC
CSiCSi(C)Si(CC)CC
CSiCSi(C)SiC(C)(C)C
CSiCSi(C)SiC(C)CC
CSiCSi(C)SiCC(C)C
CSiCSi(C)SiCCCC
CSiCSi(CC)(C)CSiC
CSiCSi(CC)(C)SiCC
CSiCSi(CC)(Si)C(C)C
CSiCSi(CC)(Si)CCC
CSiCSi(CC)C(Si)CC
CSiCSi(CC)CCSiC
CSiCSi(CC)CSiCC
CSiCSi(CC)Si(C)CC
CSiCSi(CC)SiC(C)C
CSiCSi(CC)SiCCC
CSiCSi(CCC)CSiC
CSiCSi(CCC)SiCC
CSiCSi(CSi)(C)CCC
CSiCSi(CSi)C(C)CC
CSiCSi(CSi)CC(C)C
CSiCSi(CSi)CCCC
CSiCSi(Si(C)C)CCC
CSiCSi(Si)(C)C(C)(C)C
CSiCSi(Si)(C)C(C)CC
CSiCSi(Si)(C)CC(C)C
CSiCSi(Si)(C)CCCC
CSiCSi(Si)C(C)(C)CC
CSiCSi(Si)C(C)C(C)C
CSiCSi(Si)C(C)CCC
CSiCSi(Si)C(CC)CC
CSiCSi(Si)CC(C)(C)C
CSiCSi(Si)CC(C)CC
CSiCSi(Si)CCC(C)C
CSiCSi(Si)CCCCC
CSiCSi(SiC)(C)CCC
CSiCSi(SiC)C(C)CC
CSiCSi(SiC)CC(C)C
CSiCSi(SiC)CCCC
CSiCSiC(C)(C)CSiC
CSiCSiC(C)(C)SiCC
CSiCSiC(C)C(Si)CC
CSiCSiC(C)CCSiC
CSiCSiC(C)CSiCC
CSiCSiC(C)Si(C)CC
CSiCSiC(C)SiC(C)C
CSiCSiC(C)SiCCC
CSiCSiC(CC)(Si)CC
CSiCSiC(CC)CSiC
CSiCSiC(CC)SiCC
CSiCSiC(CSi)CCC
CSiCSiC(Si)(C)C(C)C
CSiCSiC(Si)(C)CCC
CSiCSiC(Si)C(C)(C)C
CSiCSiC(Si)C(C)CC
CSiCSiC(Si)CC(C)C
CSiCSiC(Si)CCCC
CSiCSiC(SiC)CCC
CSiCSiCC(C)CSiC
CSiCSiCC(C)SiCC
CSiCSiCC(Si)(C)CC
CSiCSiCC(Si)C(C)C
CSiCSiCC(Si)CCC
CSiCSiCCC(Si)CC
CSiCSiCCCCSiC
CSiCSiCCCSiCC
CSiCSiCCSi(C)CC
CSiCSiCCSiC(C)C
CSiCSiCCSiCCC
CSiCSiCSi(C)(C)CC
CSiCSiCSi(C)C(C)C
CSiCSiCSi(C)CCC
CSiCSiCSi(CC)CC
CSiCSiCSiC(C)(C)C
CSiCSiCSiC(C)CC
CSiCSiCSiCC(C)C
CSiCSiCSiCCCC
CSiCSiSi(C)(C)C(C)C
CSiCSiSi(C)(C)CCC
CSiCSiSi(C)C(C)(C)C
CSiCSiSi(C)C(C)CC
CSiCSiSi(C)CC(C)C
CSiCSiSi(C)CCCC
CSiCSiSi(CC)(C)CC
CSiCSiSi(CC)C(C)C
CSiCSiSi(CC)CCC
CSiCSiSiC(C)(C)CC
CSiCSiSiC(C)C(C)C
CSiCSiSiC(C)CCC
CSiCSiSiC(CC)CC
CSiCSiSiCC(C)(C)C
CSiCSiSiCC(C)CC
CSiCSiSiCCC(C)C
CSiCSiSiCCCCC
CSiSi(C(C)(C)C)(C)SiC
CSiSi(C(C)(C)C)CSiC
CSiSi(C(C)(C)C)SiCC
CSiSi(C(C)C)(C)CSiC
CSiSi(C(C)C)(C)SiCC
CSiSi(C(C)C)(CC)SiC
CSiSi(C(C)C)(Si)C(C)C
CSiSi(C(C)C)(Si)CCC
CSiSi(C(C)C)C(C)SiC
CSiSi(C(C)C)C(Si)CC
CSiSi(C(C)C)CCSiC
CSiSi(C(C)C)CSiCC
CSiSi(C(C)C)Si(C)CC
CSiSi(C(C)C)SiC(C)C
CSiSi(C(C)C)SiCCC
CSiSi(C)(C)C(C)(C)SiC
CSiSi(C)(C)C(C)CSiC
CSiSi(C)(C)C(C)SiCC
CSiSi(C)(C)C(CC)SiC
CSiSi(C)(C)C(Si)(C)CC
CSiSi(C)(C)C(Si)C(C)C
CSiSi(C)(C)C(Si)CCC
CSiSi(C)(C)CC(C)SiC
CSiSi(C)(C)CC(Si)CC
CSiSi(C)(C)CCCSiC
CSiSi(C)(C)CCSiCC
CSiSi(C)(C)CSi(C)CC
CSiSi(C)(C)CSiC(C)C
CSiSi(C)(C)CSiCCC
CSiSi(C)(C)Si(C)(C)CC
CSiSi(C)(C)Si(C)C(C)C
CSiSi(C)(C)Si(C)CCC
CSiSi(C)(C)Si(CC)CC
CSiSi(C)(C)SiC(C)(C)C
CSiSi(C)(C)SiC(C)CC
CSiSi(C)(C)SiCC(C)C
CSiSi(C)(C)SiCCCC
CSiSi(C)C(C(C)C)SiC
CSiSi(C)C(C)(C)CSiC
CSiSi(C)C(C)(C)SiCC
CSiSi(C)C(C)C(C)SiC
CSiSi(C)C(C)C(Si)CC
CSiSi(C)C(C)CCSiC
CSiSi(C)C(C)CSiCC
CSiSi(C)C(C)Si(C)CC
CSiSi(C)C(C)SiC(C)C
CSiSi(C)C(C)SiCCC
CSiSi(C)C(CC)(C)SiC
CSiSi(C)C(CC)(Si)CC
CSiSi(C)C(CC)CSiC
CSiSi(C)C(CC)SiCC
CSiSi(C)C(CSi)CCC
CSiSi(C)C(Si)(C)C(C)C
CSiSi(C)C(Si)(C)CCC
CSiSi(C)C(Si)C(C)(C)C
CSiSi(C)C(Si)C(C)CC
CSiSi(C)C(Si)CC(C)C
CSiSi(C)C(Si)CCCC
CSiSi(C)C(SiC)CCC
CSiSi(C)CC(C)(C)SiC
CSiSi(C)CC(C)CSiC
CSiSi(C)CC(C)SiCC
CSiSi(C)CC(CC)SiC
CSiSi(C)CC(Si)(C)CC
CSiSi(C)CC(Si)C(C)C
CSiSi(C)CC(Si)CCC
CSiSi(C)CCC(C)SiC
CSiSi(C)CCC(Si)CC
CSiSi(C)CCCCSiC
CSiSi(C)CCCSiCC
CSiSi(C)CCSi(C)CC
CSiSi(C)CCSiC(C)C
CSiSi(C)CCSiCCC
CSiSi(C)CSi(C)(C)CC
CSiSi(C)CSi(C)C(C)C
CSiSi(C)CSi(C)CCC
CSiSi(C)CSi(CC)CC
CSiSi(C)CSiC(C)(C)C
CSiSi(C)CSiC(C)CC
CSiSi(C)CSiCC(C)C
CSiSi(C)CSiCCCC
CSiSi(C)Si(C)(C)C(C)C
CSiSi(C)Si(C)(C)CCC
CSiSi(C)Si(C)C(C)(C)C
CSiSi(C)Si(C)C(C)CC
CSiSi(C)Si(C)CC(C)C
CSiSi(C)Si(C)CCCC
CSiSi(C)Si(CC)(C)CC
CSiSi(C)Si(CC)C(C)C
CSiSi(C)Si(CC)CCC
CSiSi(C)SiC(C)(C)CC
CSiSi(C)SiC(C)C(C)C
CSiSi(C)SiC(C)CCC
CSiSi(C)SiC(CC)CC
CSiSi(C)SiCC(C)(C)C
CSiSi(C)SiCC(C)CC
CSiSi(C)SiCCC(C)C
CSiSi(C)SiCCCCC
CSiSi(CC)(C)C(C)SiC
CSiSi(CC)(C)C(Si)CC
CSiSi(CC)(C)CCSiC
CSiSi(CC)(C)CSiCC
CSiSi(CC)(C)Si(C)CC
CSiSi(CC)(C)SiC(C)C
CSiSi(CC)(C)SiCCC
CSiSi(CC)(CC)CSiC
CSiSi(CC)(CC)SiCC
CSiSi(CC)(Si)C(C)(C)C
CSiSi(CC)(Si)C(C)CC
CSiSi(CC)(Si)CC(C)C
CSiSi(CC)(Si)CCCC
CSiSi(CC)C(C)(C)SiC
CSiSi(CC)C(C)CSiC
CSiSi(CC)C(C)SiCC
CSiSi(CC)C(CC)SiC
CSiSi(CC)C(Si)(C)CC
CSiSi(CC)C(Si)C(C)C
CSiSi(CC)C(Si)CCC
CSiSi(CC)CC(C)SiC
CSiSi(CC)CC(Si)CC
CSiSi(CC)CCCSiC
CSiSi(CC)CCSiCC
CSiSi(CC)CSi(C)CC
CSiSi(CC)CSiC(C)C
CSiSi(CC)CSiCCC
CSiSi(CC)Si(C)(C)CC
CSiSi(CC)Si(C)C(C)C
CSiSi(CC)Si(C)CCC
CSiSi(CC)Si(CC)CC
CSiSi(CC)SiC(C)(C)C
CSiSi(CC)SiC(C)CC
CSiSi(CC)SiCC(C)C
CSiSi(CC)SiCCCC
CSiSi(Si)(C)C(C)(C)CC
CSiSi(Si)(C)C(C)C(C)C
CSiSi(Si)(C)C(C)CCC
CSiSi(Si)(C)C(CC)CC
CSiSi(Si)(C)CC(C)(C)C
CSiSi(Si)(C)CC(C)CC
CSiSi(Si)(C)CCC(C)C
CSiSi(Si)(C)CCCCC
CSiSi(Si)C(C)(C)C(C)C
CSiSi(Si)C(C)(C)CCC
CSiSi(Si)C(C)C(C)(C)C
CSiSi(Si)C(C)C(C)CC
CSiSi(Si)C(C)CC(C)C
CSiSi(Si)C(C)CCCC
CSiSi(Si)C(CC)(C)CC
CSiSi(Si)C(CC)C(C)C
CSiSi(Si)C(CC)CCC
CSiSi(Si)CC(C)(C)CC
CSiSi(Si)CC(C)C(C)C
CSiSi(Si)CC(C)CCC
CSiSi(Si)CC(CC)CC
CSiSi(Si)CCC(C)(C)C
CSiSi(Si)CCC(C)CC
CSiSi(Si)CCCC(C)C
CSiSi(Si)CCCCCC
CSiSi(SiC)(C)C(C)CC
CSiSi(SiC)(C)CC(C)C
CSiSi(SiC)(C)CCCC
CSiSi(SiC)(CC)CCC
CSiSi(SiC)C(C)(C)CC
CSiSi(SiC)C(C)C(C)C
CSiSi(SiC)C(C)CCC
CSiSi(SiC)C(CC)CC
CSiSi(SiC)CC(C)(C)C
CSiSi(SiC)CC(C)CC
CSiSi(SiC)CCC(C)C
CSiSi(SiC)CCCCC
CSiSiC(C(C)(C)C)SiC
CSiSiC(C(C)C)(C)SiC
CSiSiC(C(C)C)CSiC
CSiSiC(C(C)C)SiCC
CSiSiC(C(C)Si)CCC
CSiSiC(C)(C)C(C)SiC
CSiSiC(C)(C)C(Si)CC
CSiSiC(C)(C)CCSiC
CSiSiC(C)(C)CSiCC
CSiSiC(C)(C)Si(C)CC
CSiSiC(C)(C)SiC(C)C
CSiSiC(C)(C)SiCCC
CSiSiC(C)C(C)(C)SiC
CSiSiC(C)C(C)CSiC
CSiSiC(C)C(C)SiCC
CSiSiC(C)C(CC)SiC
CSiSiC(C)C(Si)(C)CC
CSiSiC(C)C(Si)C(C)C
CSiSiC(C)C(Si)CCC
CSiSiC(C)CC(C)SiC
CSiSiC(C)CC(Si)CC
CSiSiC(C)CCCSiC
CSiSiC(C)CCSiCC
CSiSiC(C)CSi(C)CC
CSiSiC(C)CSiC(C)C
CSiSiC(C)CSiCCC
CSiSiC(C)Si(C)(C)CC
CSiSiC(C)Si(C)C(C)C
CSiSiC(C)Si(C)CCC
CSiSiC(C)Si(CC)CC
CSiSiC(C)SiC(C)(C)C
CSiSiC(C)SiC(C)CC
CSiSiC(C)SiCC(C)C
CSiSiC(C)SiCCCC
CSiSiC(CC)(C)CSiC
CSiSiC(CC)(C)SiCC
CSiSiC(CC)(CC)SiC
CSiSiC(CC)(Si)C(C)C
CSiSiC(CC)(Si)CCC
CSiSiC(CC)C(C)SiC
CSiSiC(CC)C(Si)CC
CSiSiC(CC)CCSiC
CSiSiC(CC)CSiCC
CSiSiC(CC)Si(C)CC
CSiSiC(CC)SiC(C)C
CSiSiC(CC)SiCCC
CSiSiC(CCC)CSiC
CSiSiC(CCC)SiCC
CSiSiC(CSi)(C)CCC
CSiSiC(CSi)C(C)CC
CSiSiC(CSi)CC(C)C
CSiSiC(CSi)CCCC
CSiSiC(Si(C)C)CCC
CSiSiC(Si)(C)C(C)(C)C
CSiSiC(Si)(C)C(C)CC
CSiSiC(Si)(C)CC(C)C
CSiSiC(Si)(C)CCCC
CSiSiC(Si)C(C)(C)CC
CSiSiC(Si)C(C)C(C)C
CSiSiC(Si)C(C)CCC
CSiSiC(Si)C(CC)CC
CSiSiC(Si)CC(C)(C)C
CSiSiC(Si)CC(C)CC
CSiSiC(Si)CCC(C)C
CSiSiC(Si)CCCCC
CSiSiC(SiC)(C)CCC
CSiSiC(SiC)C(C)CC
CSiSiC(SiC)CC(C)C
CSiSiC(SiC)CCCC
CSiSiCC(C(C)C)SiC
CSiSiCC(C)(C)CSiC
CSiSiCC(C)(C)SiCC
CSiSiCC(C)C(C)SiC
CSiSiCC(C)C(Si)CC
CSiSiCC(C)CCSiC
CSiSiCC(C)CSiCC
CSiSiCC(C)Si(C)CC
CSiSiCC(C)SiC(C)C
CSiSiCC(C)SiCCC
CSiSiCC(CC)(C)SiC
CSiSiCC(CC)(Si)CC
CSiSiCC(CC)CSiC
CSiSiCC(CC)SiCC
CSiSiCC(CSi)CCC
CSiSiCC(Si)(C)C(C)C
CSiSiCC(Si)(C)CCC
CSiSiCC(Si)C(C)(C)C
CSiSiCC(Si)C(C)CC
CSiSiCC(Si)CC(C)C
CSiSiCC(Si)CCCC
CSiSiCC(SiC)CCC
CSiSiCCC(C)(C)SiC
CSiSiCCC(C)CSiC
CSiSiCCC(C)SiCC
CSiSiCCC(CC)SiC
CSiSiCCC(Si)(C)CC
CSiSiCCC(Si)C(C)C
CSiSiCCC(Si)CCC
CSiSiCCCC(C)SiC
CSiSiCCCC(Si)CC
CSiSiCCCCCSiC
CSiSiCCCCSiCC
CSiSiCCCSi(C)CC
CSiSiCCCSiC(C)C
CSiSiCCCSiCCC
CSiSiCCSi(C)(C)CC
CSiSiCCSi(C)C(C)C
CSiSiCCSi(C)CCC
CSiSiCCSi(CC)CC
CSiSiCCSiC(C)(C)C
CSiSiCCSiC(C)CC
CSiSiCCSiCC(C)C
CSiSiCCSiCCCC
CSiSiCSi(C)(C)C(C)C
CSiSiCSi(C)(C)CCC
CSiSiCSi(C)C(C)(C)C
CSiSiCSi(C)C(C)CC
CSiSiCSi(C)CC(C)C
CSiSiCSi(C)CCCC
CSiSiCSi(CC)(C)CC
CSiSiCSi(CC)C(C)C
CSiSiCSi(CC)CCC
CSiSiCSiC(C)(C)CC
CSiSiCSiC(C)C(C)C
CSiSiCSiC(C)CCC
CSiSiCSiC(CC)CC
CSiSiCSiCC(C)(C)C
CSiSiCSiCC(C)CC
CSiSiCSiCCC(C)C
CSiSiCSiCCCCC
CSiSiSi(C(C)C)C(C)C
CSiSiSi(C(C)C)CCC
CSiSiSi(C)(C)C(C)(C)C
CSiSiSi(C)(C)C(C)CC
CSiSiSi(C)(C)CC(C)C
CSiSiSi(C)(C)CCCC
CSiSiSi(C)C(C)(C)CC
CSiSiSi(C)C(C)C(C)C
CSiSiSi(C)C(C)CCC
CSiSiSi(C)C(CC)CC
CSiSiSi(C)CC(C)(C)C
CSiSiSi(C)CC(C)CC
CSiSiSi(C)CCC(C)C
CSiSiSi(C)CCCCC
CSiSiSi(CC)(C)C(C)C
CSiSiSi(CC)(C)CCC
CSiSiSi(CC)(CC)CC
CSiSiSi(CC)C(C)(C)C
CSiSiSi(CC)C(C)CC
CSiSiSi(CC)CC(C)C
CSiSiSi(CC)CCCC
CSiSiSi(CCC)CCC
CSiSiSiC(C)(C)C(C)C
CSiSiSiC(C)(C)CCC
CSiSiSiC(C)C(C)(C)C
CSiSiSiC(C)C(C)CC
CSiSiSiC(C)CC(C)C
CSiSiSiC(C)CCCC
CSiSiSiC(CC)(C)CC
CSiSiSiC(CC)C(C)C
CSiSiSiC(CC)CCC
CSiSiSiCC(C)(C)CC
CSiSiSiCC(C)C(C)C
CSiSiSiCC(C)CCC
CSiSiSiCC(CC)CC
CSiSiSiCCC(C)(C)C
CSiSiSiCCC(C)CC
CSiSiSiCCCC(C)C
CSiSiSiCCCCCC
SiC(C)(C)C(C(C)Si)SiC
SiC(C)(C)C(C)(C)C(Si)Si
SiC(C)(C)C(C)(C)SiCSi
SiC(C)(C)C(C)(C)SiSiC
SiC(C)(C)C(C)C(Si)CSi
SiC(C)(C)C(C)C(Si)SiC
SiC(C)(C)C(C)CC(Si)Si
SiC(C)(C)C(C)CSiCSi
SiC(C)(C)C(C)CSiSiC
SiC(C)(C)C(C)Si(C)CSi
SiC(C)(C)C(C)Si(C)SiC
SiC(C)(C)C(C)Si(Si)CC
SiC(C)(C)C(C)SiC(C)Si
SiC(C)(C)C(C)SiCCSi
SiC(C)(C)C(C)SiCSiC
SiC(C)(C)C(C)SiSi(C)C
SiC(C)(C)C(C)SiSiCC
SiC(C)(C)C(CC)(Si)CSi
SiC(C)(C)C(CC)(Si)SiC
SiC(C)(C)C(CC)C(Si)Si
SiC(C)(C)C(CC)SiCSi
SiC(C)(C)C(CC)SiSiC
SiC(C)(C)C(CSi)(C)CSi
SiC(C)(C)C(CSi)(C)SiC
SiC(C)(C)C(CSi)C(C)Si
SiC(C)(C)C(CSi)CCSi
SiC(C)(C)C(CSi)CSiC
SiC(C)(C)C(CSi)Si(C)C
SiC(C)(C)C(CSi)SiCC
SiC(C)(C)C(Si)(C)C(C)Si
SiC(C)(C)C(Si)(C)CCSi
SiC(C)(C)C(Si)(C)CSiC
SiC(C)(C)C(Si)(C)Si(C)C
SiC(C)(C)C(Si)(C)SiCC
SiC(C)(C)C(Si)(Si)C(C)C
SiC(C)(C)C(Si)(Si)CCC
SiC(C)(C)C(Si)C(C)CSi
SiC(C)(C)C(Si)C(C)SiC
SiC(C)(C)C(Si)C(Si)(C)C
SiC(C)(C)C(Si)C(Si)CC
SiC(C)(C)C(Si)CC(C)Si
SiC(C)(C)C(Si)CCCSi
SiC(C)(C)C(Si)CCSiC
SiC(C)(C)C(Si)CSi(C)C
SiC(C)(C)C(Si)CSiCC
SiC(C)(C)C(Si)Si(C)(C)C
SiC(C)(C)C(Si)Si(C)CC
SiC(C)(C)C(Si)SiC(C)C
SiC(C)(C)C(Si)SiCCC
SiC(C)(C)C(SiC)(C)SiC
SiC(C)(C)C(SiC)CCSi
SiC(C)(C)C(SiC)CSiC
SiC(C)(C)C(SiC)Si(C)C
SiC(C)(C)C(SiC)SiCC
SiC(C)(C)CC(C)C(Si)Si
SiC(C)(C)CC(C)SiCSi
SiC(C)(C)CC(C)SiSiC
SiC(C)(C)CC(CSi)CSi
SiC(C)(C)CC(CSi)SiC
SiC(C)(C)CC(Si)(C)CSi
SiC(C)(C)CC(Si)(C)SiC
SiC(C)(C)CC(Si)(Si)CC
SiC(C)(C)CC(Si)C(C)Si
SiC(C)(C)CC(Si)CCSi
SiC(C)(C)CC(Si)CSiC
SiC(C)(C)CC(Si)Si(C)C
SiC(C)(C)CC(Si)SiCC
SiC(C)(C)CC(SiC)SiC
SiC(C)(C)CCC(Si)CSi
SiC(C)(C)CCC(Si)SiC
SiC(C)(C)CCCC(Si)Si
SiC(C)(C)CCCSiCSi
SiC(C)(C)CCCSiSiC
SiC(C)(C)CCSi(C)CSi
SiC(C)(C)CCSi(C)SiC
SiC(C)(C)CCSi(Si)CC
SiC(C)(C)CCSiC(C)Si
SiC(C)(C)CCSiCCSi
SiC(C)(C)CCSiCSiC
SiC(C)(C)CCSiSi(C)C
SiC(C)(C)CCSiSiCC
SiC(C)(C)CSi(C)(C)CSi
SiC(C)(C)CSi(C)(C)SiC
SiC(C)(C)CSi(C)C(C)Si
SiC(C)(C)CSi(C)CCSi
SiC(C)(C)CSi(C)CSiC
SiC(C)(C)CSi(C)Si(C)C
SiC(C)(C)CSi(C)SiCC
SiC(C)(C)CSi(CC)CSi
SiC(C)(C)CSi(CC)SiC
SiC(C)(C)CSi(Si)(C)CC
SiC(C)(C)CSi(Si)C(C)C
SiC(C)(C)CSi(Si)CCC
SiC(C)(C)CSiC(C)CSi
SiC(C)(C)CSiC(C)SiC
SiC(C)(C)CSiC(Si)CC
SiC(C)(C)CSiCC(C)Si
SiC(C)(C)CSiCCCSi
SiC(C)(C)CSiCCSiC
SiC(C)(C)CSiCSi(C)C
SiC(C)(C)CSiCSiCC
SiC(C)(C)CSiSi(C)(C)C
SiC(C)(C)CSiSi(C)CC
SiC(C)(C)CSiSiC(C)C
SiC(C)(C)CSiSiCCC
SiC(C)(C)Si(C(C)C)SiC
SiC(C)(C)Si(C)(C)C(C)Si
SiC(C)(C)Si(C)(C)CCSi
SiC(C)(C)Si(C)(C)CSiC
SiC(C)(C)Si(C)(C)Si(C)C
SiC(C)(C)Si(C)(C)SiCC
SiC(C)(C)Si(C)C(C)CSi
SiC(C)(C)Si(C)C(C)SiC
SiC(C)(C)Si(C)C(Si)(C)C
SiC(C)(C)Si(C)C(Si)CC
SiC(C)(C)Si(C)CC(C)Si
SiC(C)(C)Si(C)CCCSi
SiC(C)(C)Si(C)CCSiC
SiC(C)(C)Si(C)CSi(C)C
SiC(C)(C)Si(C)CSiCC
SiC(C)(C)Si(C)Si(C)(C)C
SiC(C)(C)Si(C)Si(C)CC
SiC(C)(C)Si(C)SiC(C)C
SiC(C)(C)Si(C)SiCCC
SiC(C)(C)Si(CC)(C)CSi
SiC(C)(C)Si(CC)(C)SiC
SiC(C)(C)Si(CC)(Si)CC
SiC(C)(C)Si(CC)C(C)Si
SiC(C)(C)Si(CC)CCSi
SiC(C)(C)Si(CC)CSiC
SiC(C)(C)Si(CC)Si(C)C
SiC(C)(C)Si(CC)SiCC
SiC(C)(C)Si(CSi)C(C)C
SiC(C)(C)Si(CSi)CCC
SiC(C)(C)Si(Si)(C)C(C)C
SiC(C)(C)Si(Si)(C)CCC
SiC(C)(C)Si(Si)C(C)(C)C
SiC(C)(C)Si(Si)C(C)CC
SiC(C)(C)Si(Si)CC(C)C
SiC(C)(C)Si(Si)CCCC
SiC(C)(C)Si(SiC)CCC
SiC(C)(C)SiC(C)(C)CSi
SiC(C)(C)SiC(C)(C)SiC
SiC(C)(C)SiC(C)C(C)Si
SiC(C)(C)SiC(C)CCSi
SiC(C)(C)SiC(C)CSiC
SiC(C)(C)SiC(C)Si(C)C
SiC(C)(C)SiC(C)SiCC
SiC(C)(C)SiC(CC)CSi
SiC(C)(C)SiC(CC)SiC
SiC(C)(C)SiC(Si)(C)CC
SiC(C)(C)SiC(Si)C(C)C
SiC(C)(C)SiC(Si)CCC
SiC(C)(C)SiCC(C)(C)Si
SiC(C)(C)SiCC(C)CSi
SiC(C)(C)SiCC(C)SiC
SiC(C)(C)SiCC(Si)CC
SiC(C)(C)SiCCC(C)Si
SiC(C)(C)SiCCCCSi
SiC(C)(C)SiCCCSiC
SiC(C)(C)SiCCSi(C)C
SiC(C)(C)SiCCSiCC
SiC(C)(C)SiCSi(C)(C)C
SiC(C)(C)SiCSi(C)CC
SiC(C)(C)SiCSiC(C)C
SiC(C)(C)SiCSiCCC
SiC(C)(C)SiSi(C)(C)CC
SiC(C)(C)SiSi(C)C(C)C
SiC(C)(C)SiSi(C)CCC
SiC(C)(C)SiSi(CC)CC
SiC(C)(C)SiSiC(C)(C)C
SiC(C)(C)SiSiC(C)CC
SiC(C)(C)SiSiCC(C)C
SiC(C)(C)SiSiCCCC
SiC(C)C(C(C)C)(Si)SiC
SiC(C)C(C(C)C)SiCSi
SiC(C)C(C(C)C)SiSiC
SiC(C)C(C(C)Si)(C)SiC
SiC(C)C(C(C)Si)C(Si)C
SiC(C)C(C(C)Si)CCSi
SiC(C)C(C(C)Si)CSiC
SiC(C)C(C(C)Si)Si(C)C
SiC(C)C(C(C)Si)SiCC
SiC(C)C(C)(C)C(Si)CSi
SiC(C)C(C)(C)C(Si)SiC
SiC(C)C(C)(C)CSiCSi
SiC(C)C(C)(C)CSiSiC
SiC(C)C(C)(C)Si(C)CSi
SiC(C)C(C)(C)Si(C)SiC
SiC(C)C(C)(C)Si(Si)CC
SiC(C)C(C)(C)SiCCSi
SiC(C)C(C)(C)SiCSiC
SiC(C)C(C)(C)SiSi(C)C
SiC(C)C(C)(C)SiSiCC
SiC(C)C(C)C(C)SiCSi
SiC(C)C(C)C(C)SiSiC
SiC(C)C(C)C(CSi)CSi
SiC(C)C(C)C(CSi)SiC
SiC(C)C(C)C(Si)(C)CSi
SiC(C)C(C)C(Si)(C)SiC
SiC(C)C(C)C(Si)(Si)CC
SiC(C)C(C)C(Si)CCSi
SiC(C)C(C)C(Si)CSiC
SiC(C)C(C)C(Si)Si(C)C
SiC(C)C(C)C(Si)SiCC
SiC(C)C(C)C(SiC)SiC
SiC(C)C(C)CC(Si)CSi
SiC(C)C(C)CC(Si)SiC
SiC(C)C(C)CCSiCSi
SiC(C)C(C)CCSiSiC
SiC(C)C(C)CSi(C)CSi
SiC(C)C(C)CSi(C)SiC
SiC(C)C(C)CSi(Si)CC
SiC(C)C(C)CSiCCSi
SiC(C)C(C)CSiCSiC
SiC(C)C(C)CSiSi(C)C
SiC(C)C(C)CSiSiCC
SiC(C)C(C)Si(C)(C)CSi
SiC(C)C(C)Si(C)(C)SiC
SiC(C)C(C)Si(C)CCSi
SiC(C)C(C)Si(C)CSiC
SiC(C)C(C)Si(C)Si(C)C
SiC(C)C(C)Si(C)SiCC
SiC(C)C(C)Si(CC)CSi
SiC(C)C(C)Si(CC)SiC
SiC(C)C(C)Si(Si)(C)CC
SiC(C)C(C)Si(Si)C(C)C
SiC(C)C(C)Si(Si)CCC
SiC(C)C(C)SiC(C)CSi
SiC(C)C(C)SiC(C)SiC
SiC(C)C(C)SiC(Si)CC
SiC(C)C(C)SiCC(C)Si
SiC(C)C(C)SiCCCSi
SiC(C)C(C)SiCCSiC
SiC(C)C(C)SiCSi(C)C
SiC(C)C(C)SiCSiCC
SiC(C)C(C)SiSi(C)(C)C
SiC(C)C(C)SiSi(C)CC
SiC(C)C(C)SiSiC(C)C
SiC(C)C(C)SiSiCCC
SiC(C)C(CC)(C)SiCSi
SiC(C)C(CC)(C)SiSiC
SiC(C)C(CC)(Si)C(Si)C
SiC(C)C(CC)(Si)CCSi
SiC(C)C(CC)(Si)CSiC
SiC(C)C(CC)(Si)Si(C)C
SiC(C)C(CC)(Si)SiCC
SiC(C)C(CC)C(Si)CSi
SiC(C)C(CC)C(Si)SiC
SiC(C)C(CC)CSiCSi
SiC(C)C(CC)CSiSiC
SiC(C)C(CC)Si(C)CSi
SiC(C)C(CC)Si(C)SiC
SiC(C)C(CC)Si(Si)CC
SiC(C)C(CC)SiCCSi
SiC(C)C(CC)SiCSiC
SiC(C)C(CC)SiSi(C)C
SiC(C)C(CC)SiSiCC
SiC(C)C(CSi)(C)C(Si)C
SiC(C)C(CSi)(C)CCSi
SiC(C)C(CSi)(C)CSiC
SiC(C)C(CSi)(C)Si(C)C
SiC(C)C(CSi)(C)SiCC
SiC(C)C(CSi)(CC)CSi
SiC(C)C(CSi)(CC)SiC
SiC(C)C(CSi)(Si)C(C)C
SiC(C)C(CSi)(Si)CCC
SiC(C)C(CSi)C(C)CSi
SiC(C)C(CSi)C(C)SiC
SiC(C)C(CSi)C(Si)CC
SiC(C)C(CSi)CC(C)Si
SiC(C)C(CSi)CCCSi
SiC(C)C(CSi)CCSiC
SiC(C)C(CSi)CSi(C)C
SiC(C)C(CSi)CSiCC
SiC(C)C(CSi)Si(C)(C)C
SiC(C)C(CSi)Si(C)CC
SiC(C)C(CSi)SiC(C)C
SiC(C)C(CSi)SiCCC
SiC(C)C(Si(C)C)CCSi
SiC(C)C(Si(C)C)CSiC
SiC(C)C(Si(C)C)Si(C)C
SiC(C)C(Si(C)C)SiCC
SiC(C)C(Si)(C)C(C)CSi
SiC(C)C(Si)(C)C(C)SiC
SiC(C)C(Si)(C)C(Si)CC
SiC(C)C(Si)(C)CC(C)Si
SiC(C)C(Si)(C)CCCSi
SiC(C)C(Si)(C)CCSiC
SiC(C)C(Si)(C)CSi(C)C
SiC(C)C(Si)(C)CSiCC
SiC(C)C(Si)(C)Si(C)(C)C
SiC(C)C(Si)(C)Si(C)CC
SiC(C)C(Si)(C)SiC(C)C
SiC(C)C(Si)(C)SiCCC
SiC(C)C(Si)(Si)C(C)(C)C
SiC(C)C(Si)(Si)C(C)CC
SiC(C)C(Si)(Si)CC(C)C
SiC(C)C(Si)(Si)CCCC
SiC(C)C(Si)C(C)(C)CSi
SiC(C)C(Si)C(C)(C)SiC
SiC(C)C(Si)C(C)C(C)Si
SiC(C)C(Si)C(C)CCSi
SiC(C)C(Si)C(C)CSiC
SiC(C)C(Si)C(C)Si(C)C
SiC(C)C(Si)C(C)SiCC
SiC(C)C(Si)C(CC)CSi
SiC(C)C(Si)C(CC)SiC
SiC(C)C(Si)C(Si)(C)CC
SiC(C)C(Si)C(Si)C(C)C
SiC(C)C(Si)C(Si)CCC
SiC(C)C(Si)CC(C)CSi
SiC(C)C(Si)CC(C)SiC
SiC(C)C(Si)CC(Si)CC
SiC(C)C(Si)CCC(C)Si
SiC(C)C(Si)CCCCSi
SiC(C)C(Si)CCCSiC
SiC(C)C(Si)CCSi(C)C
SiC(C)C(Si)CCSiCC
SiC(C)C(Si)CSi(C)(C)C
SiC(C)C(Si)CSi(C)CC
SiC(C)C(Si)CSiC(C)C
SiC(C)C(Si)CSiCCC
SiC(C)C(Si)Si(C)(C)CC
SiC(C)C(Si)Si(C)C(C)C
SiC(C)C(Si)Si(C)CCC
SiC(C)C(Si)Si(CC)CC
SiC(C)C(Si)SiC(C)(C)C
SiC(C)C(Si)SiC(C)CC
SiC(C)C(Si)SiCC(C)C
SiC(C)C(Si)SiCCCC
SiC(C)C(SiC)(C)CCSi
SiC(C)C(SiC)(C)CSiC
SiC(C)C(SiC)(C)Si(C)C
SiC(C)C(SiC)(C)SiCC
SiC(C)C(SiC)(CC)SiC
SiC(C)C(SiC)(Si)CCC
SiC(C)C(SiC)C(C)CSi
SiC(C)C(SiC)C(C)SiC
SiC(C)C(SiC)C(Si)CC
SiC(C)C(SiC)CC(C)Si
SiC(C)C(SiC)CCCSi
SiC(C)C(SiC)CCSiC
SiC(C)C(SiC)CSi(C)C
SiC(C)C(SiC)CSiCC
SiC(C)C(SiC)Si(C)(C)C
SiC(C)C(SiC)Si(C)CC
SiC(C)C(SiC)SiC(C)C
SiC(C)C(SiC)SiCCC
SiC(C)CC(C)(C)SiCSi
SiC(C)CC(C)(C)SiSiC
SiC(C)CC(C)C(Si)CSi
SiC(C)CC(C)C(Si)SiC
SiC(C)CC(C)CSiCSi
SiC(C)CC(C)CSiSiC
SiC(C)CC(C)Si(C)CSi
SiC(C)CC(C)Si(C)SiC
SiC(C)CC(C)Si(Si)CC
SiC(C)CC(C)SiCCSi
SiC(C)CC(C)SiCSiC
SiC(C)CC(C)SiSi(C)C
SiC(C)CC(C)SiSiCC
SiC(C)CC(CC)(Si)CSi
SiC(C)CC(CC)(Si)SiC
SiC(C)CC(CC)SiCSi
SiC(C)CC(CC)SiSiC
SiC(C)CC(CSi)(C)CSi
SiC(C)CC(CSi)(C)SiC
SiC(C)CC(CSi)CCSi
SiC(C)CC(CSi)CSiC
SiC(C)CC(CSi)Si(C)C
SiC(C)CC(CSi)SiCC
SiC(C)CC(Si)(C)CCSi
SiC(C)CC(Si)(C)CSiC
SiC(C)CC(Si)(C)Si(C)C
SiC(C)CC(Si)(C)SiCC
SiC(C)CC(Si)(Si)C(C)C
SiC(C)CC(Si)(Si)CCC
SiC(C)CC(Si)C(C)CSi
SiC(C)CC(Si)C(C)SiC
SiC(C)CC(Si)C(Si)CC
SiC(C)CC(Si)CC(Si)C
SiC(C)CC(Si)CCCSi
SiC(C)CC(Si)CCSiC
SiC(C)CC(Si)CSi(C)C
SiC(C)CC(Si)CSiCC
SiC(C)CC(Si)Si(C)(C)C
SiC(C)CC(Si)Si(C)CC
SiC(C)CC(Si)SiC(C)C
SiC(C)CC(Si)SiCCC
SiC(C)CC(SiC)(C)SiC
SiC(C)CC(SiC)CCSi
SiC(C)CC(SiC)CSiC
SiC(C)CC(SiC)Si(C)C
SiC(C)CC(SiC)SiCC
SiC(C)CC(SiSi)CCC
SiC(C)CCC(C)SiCSi
SiC(C)CCC(C)SiSiC
SiC(C)CCC(CSi)CSi
SiC(C)CCC(CSi)SiC
SiC(C)CCC(Si)(C)CSi
SiC(C)CCC(Si)(C)SiC
SiC(C)CCC(Si)(Si)CC
SiC(C)CCC(Si)CCSi
SiC(C)CCC(Si)CSiC
SiC(C)CCC(Si)Si(C)C
SiC(C)CCC(Si)SiCC
SiC(C)CCC(SiC)SiC
SiC(C)CCCC(Si)CSi
SiC(C)CCCC(Si)SiC
SiC(C)CCCCSiCSi
SiC(C)CCCCSiSiC
SiC(C)CCCSi(C)CSi
SiC(C)CCCSi(C)SiC
SiC(C)CCCSi(Si)CC
SiC(C)CCCSiCCSi
SiC(C)CCCSiCSiC
SiC(C)CCCSiSi(C)C
SiC(C)CCCSiSiCC
SiC(C)CCSi(C)(C)CSi
SiC(C)CCSi(C)(C)SiC
SiC(C)CCSi(C)CCSi
SiC(C)CCSi(C)CSiC
SiC(C)CCSi(C)Si(C)C
SiC(C)CCSi(C)SiCC
SiC(C)CCSi(CC)CSi
SiC(C)CCSi(CC)SiC
SiC(C)CCSi(Si)(C)CC
SiC(C)CCSi(Si)C(C)C
SiC(C)CCSi(Si)CCC
SiC(C)CCSiC(C)CSi
SiC(C)CCSiC(C)SiC
SiC(C)CCSiC(Si)CC
SiC(C)CCSiCCCSi
SiC(C)CCSiCCSiC
SiC(C)CCSiCSi(C)C
SiC(C)CCSiCSiCC
SiC(C)CCSiSi(C)(C)C
SiC(C)CCSiSi(C)CC
SiC(C)CCSiSiC(C)C
SiC(C)CCSiSiCCC
SiC(C)CSi(C(C)C)SiC
SiC(C)CSi(C)(C)CCSi
SiC(C)CSi(C)(C)CSiC
SiC(C)CSi(C)(C)Si(C)C
SiC(C)CSi(C)(C)SiCC
SiC(C)CSi(C)C(C)CSi
SiC(C)CSi(C)C(C)SiC
SiC(C)CSi(C)C(Si)CC
SiC(C)CSi(C)CC(Si)C
SiC(C)CSi(C)CCCSi
SiC(C)CSi(C)CCSiC
SiC(C)CSi(C)CSi(C)C
SiC(C)CSi(C)CSiCC
SiC(C)CSi(C)Si(C)(C)C
SiC(C)CSi(C)Si(C)CC
SiC(C)CSi(C)SiC(C)C
SiC(C)CSi(C)SiCCC
SiC(C)CSi(CC)(C)CSi
SiC(C)CSi(CC)(C)SiC
SiC(C)CSi(CC)(Si)CC
SiC(C)CSi(CC)CCSi
SiC(C)CSi(CC)CSiC
SiC(C)CSi(CC)Si(C)C
SiC(C)CSi(CC)SiCC
SiC(C)CSi(CSi)C(C)C
SiC(C)CSi(CSi)CCC
SiC(C)CSi(Si)(C)C(C)C
SiC(C)CSi(Si)(C)CCC
SiC(C)CSi(Si)C(C)(C)C
SiC(C)CSi(Si)C(C)CC
SiC(C)CSi(Si)CC(C)C
SiC(C)CSi(Si)CCCC
SiC(C)CSi(SiC)CCC
SiC(C)CSiC(C)(C)CSi
SiC(C)CSiC(C)(C)SiC
SiC(C)CSiC(C)CCSi
SiC(C)CSiC(C)CSiC
SiC(C)CSiC(C)Si(C)C
SiC(C)CSiC(C)SiCC
SiC(C)CSiC(CC)CSi
SiC(C)CSiC(CC)SiC
SiC(C)CSiC(Si)(C)CC
SiC(C)CSiC(Si)C(C)C
SiC(C)CSiC(Si)CCC
SiC(C)CSiCC(C)CSi
SiC(C)CSiCC(C)SiC
SiC(C)CSiCC(Si)CC
SiC(C)CSiCCC(C)Si
SiC(C)CSiCCCCSi
SiC(C)CSiCCCSiC
SiC(C)CSiCCSi(C)C
SiC(C)CSiCCSiCC
SiC(C)CSiCSi(C)(C)C
SiC(C)CSiCSi(C)CC
SiC(C)CSiCSiC(C)C
SiC(C)CSiCSiCCC
SiC(C)CSiSi(C)(C)CC
SiC(C)CSiSi(C)C(C)C
SiC(C)CSiSi(C)CCC
SiC(C)CSiSi(CC)CC
SiC(C)CSiSiC(C)(C)C
SiC(C)CSiSiC(C)CC
SiC(C)CSiSiCC(C)C
SiC(C)CSiSiCCCC
SiC(C)Si(C(C)(C)C)SiC
SiC(C)Si(C(C)C)(C)SiC
SiC(C)Si(C(C)C)C(Si)C
SiC(C)Si(C(C)C)CCSi
SiC(C)Si(C(C)C)CSiC
SiC(C)Si(C(C)C)Si(C)C
SiC(C)Si(C(C)C)SiCC
SiC(C)Si(C(C)Si)CCC
SiC(C)Si(C)(C)C(C)CSi
SiC(C)Si(C)(C)C(C)SiC
SiC(C)Si(C)(C)C(Si)CC
SiC(C)Si(C)(C)CC(C)Si
SiC(C)Si(C)(C)CCCSi
SiC(C)Si(C)(C)CCSiC
SiC(C)Si(C)(C)CSi(C)C
SiC(C)Si(C)(C)CSiCC
SiC(C)Si(C)(C)Si(C)(C)C
SiC(C)Si(C)(C)Si(C)CC
SiC(C)Si(C)(C)SiC(C)C
SiC(C)Si(C)(C)SiCCC
SiC(C)Si(C)C(C)(C)CSi
SiC(C)Si(C)C(C)(C)SiC
SiC(C)Si(C)C(C)C(C)Si
SiC(C)Si(C)C(C)CCSi
SiC(C)Si(C)C(C)CSiC
SiC(C)Si(C)C(C)Si(C)C
SiC(C)Si(C)C(C)SiCC
SiC(C)Si(C)C(CC)CSi
SiC(C)Si(C)C(CC)SiC
SiC(C)Si(C)C(Si)(C)CC
SiC(C)Si(C)C(Si)C(C)C
SiC(C)Si(C)C(Si)CCC
SiC(C)Si(C)CC(C)CSi
SiC(C)Si(C)CC(C)SiC
SiC(C)Si(C)CC(Si)CC
SiC(C)Si(C)CCC(C)Si
SiC(C)Si(C)CCCCSi
SiC(C)Si(C)CCCSiC
SiC(C)Si(C)CCSi(C)C
SiC(C)Si(C)CCSiCC
SiC(C)Si(C)CSi(C)(C)C
SiC(C)Si(C)CSi(C)CC
SiC(C)Si(C)CSiC(C)C
SiC(C)Si(C)CSiCCC
SiC(C)Si(C)Si(C)(C)CC
SiC(C)Si(C)Si(C)C(C)C
SiC(C)Si(C)Si(C)CCC
SiC(C)Si(C)Si(CC)CC
SiC(C)Si(C)SiC(C)(C)C
SiC(C)Si(C)SiC(C)CC
SiC(C)Si(C)SiCC(C)C
SiC(C)Si(C)SiCCCC
SiC(C)Si(CC)(C)C(Si)C
SiC(C)Si(CC)(C)CCSi
SiC(C)Si(CC)(C)CSiC
SiC(C)Si(CC)(C)Si(C)C
SiC(C)Si(CC)(C)SiCC
SiC(C)Si(CC)(CC)CSi
SiC(C)Si(CC)(CC)SiC
SiC(C)Si(CC)(Si)C(C)C
SiC(C)Si(CC)(Si)CCC
SiC(C)Si(CC)C(C)CSi
SiC(C)Si(CC)C(C)SiC
SiC(C)Si(CC)C(Si)CC
SiC(C)Si(CC)CC(C)Si
SiC(C)Si(CC)CCCSi
SiC(C)Si(CC)CCSiC
SiC(C)Si(CC)CSi(C)C
SiC(C)Si(CC)CSiCC
SiC(C)Si(CC)Si(C)(C)C
SiC(C)Si(CC)Si(C)CC
SiC(C)Si(CC)SiC(C)C
SiC(C)Si(CC)SiCCC
SiC(C)Si(CSi)(C)C(C)C
SiC(C)Si(CSi)(C)CCC
SiC(C)Si(CSi)C(C)(C)C
SiC(C)Si(CSi)C(C)CC
SiC(C)Si(CSi)CC(C)C
SiC(C)Si(CSi)CCCC
SiC(C)Si(Si(C)C)CCC
SiC(C)Si(Si)(C)C(C)(C)C
SiC(C)Si(Si)(C)C(C)CC
SiC(C)Si(Si)(C)CC(C)C
SiC(C)Si(Si)(C)CCCC
SiC(C)Si(Si)C(C)(C)CC
SiC(C)Si(Si)C(C)C(C)C
SiC(C)Si(Si)C(C)CCC
SiC(C)Si(Si)C(CC)CC
SiC(C)Si(Si)CC(C)(C)C
SiC(C)Si(Si)CC(C)CC
SiC(C)Si(Si)CCC(C)C
SiC(C)Si(Si)CCCCC
SiC(C)Si(SiC)(C)CCC
SiC(C)Si(SiC)C(C)CC
SiC(C)Si(SiC)CC(C)C
SiC(C)Si(SiC)CCCC
SiC(C)SiC(C(C)C)SiC
SiC(C)SiC(C)(C)C(C)Si
SiC(C)SiC(C)(C)CCSi
SiC(C)SiC(C)(C)CSiC
SiC(C)SiC(C)(C)Si(C)C
SiC(C)SiC(C)(C)SiCC
SiC(C)SiC(C)C(C)CSi
SiC(C)SiC(C)C(C)SiC
SiC(C)SiC(C)C(Si)CC
SiC(C)SiC(C)CC(C)Si
SiC(C)SiC(C)CCCSi
SiC(C)SiC(C)CCSiC
SiC(C)SiC(C)CSi(C)C
SiC(C)SiC(C)CSiCC
SiC(C)SiC(C)Si(C)(C)C
SiC(C)SiC(C)Si(C)CC
SiC(C)SiC(C)SiC(C)C
SiC(C)SiC(C)SiCCC
SiC(C)SiC(CC)(C)CSi
SiC(C)SiC(CC)(C)SiC
SiC(C)SiC(CC)(Si)CC
SiC(C)SiC(CC)C(C)Si
SiC(C)SiC(CC)CCSi
SiC(C)SiC(CC)CSiC
SiC(C)SiC(CC)Si(C)C
SiC(C)SiC(CC)SiCC
SiC(C)SiC(CSi)C(C)C
SiC(C)SiC(CSi)CCC
SiC(C)SiC(Si)(C)C(C)C
SiC(C)SiC(Si)(C)CCC
SiC(C)SiC(Si)C(C)(C)C
SiC(C)SiC(Si)C(C)CC
SiC(C)SiC(Si)CC(C)C
SiC(C)SiC(Si)CCCC
SiC(C)SiC(SiC)CCC
SiC(C)SiCC(C)(C)CSi
SiC(C)SiCC(C)(C)SiC
SiC(C)SiCC(C)C(C)Si
SiC(C)SiCC(C)CCSi
SiC(C)SiCC(C)CSiC
SiC(C)SiCC(C)Si(C)C
SiC(C)SiCC(C)SiCC
SiC(C)SiCC(CC)CSi
SiC(C)SiCC(CC)SiC
SiC(C)SiCC(Si)(C)CC
SiC(C)SiCC(Si)C(C)C
SiC(C)SiCC(Si)CCC
SiC(C)SiCCC(C)CSi
SiC(C)SiCCC(C)SiC
SiC(C)SiCCC(Si)CC
SiC(C)SiCCCC(C)Si
SiC(C)SiCCCCCSi
SiC(C)SiCCCCSiC
SiC(C)SiCCCSi(C)C
SiC(C)SiCCCSiCC
SiC(C)SiCCSi(C)(C)C
SiC(C)SiCCSi(C)CC
SiC(C)SiCCSiC(C)C
SiC(C)SiCCSiCCC
SiC(C)SiCSi(C)(C)CC
SiC(C)SiCSi(C)C(C)C
SiC(C)SiCSi(C)CCC
SiC(C)SiCSi(CC)CC
SiC(C)SiCSiC(C)(C)C
SiC(C)SiCSiC(C)CC
SiC(C)SiCSiCC(C)C
SiC(C)SiCSiCCCC
SiC(C)SiSi(C)(C)C(C)C
SiC(C)SiSi(C)(C)CCC
SiC(C)SiSi(C)C(C)(C)C
SiC(C)SiSi(C)C(C)CC
SiC(C)SiSi(C)CC(C)C
SiC(C)SiSi(C)CCCC
SiC(C)SiSi(CC)(C)CC
SiC(C)SiSi(CC)C(C)C
SiC(C)SiSi(CC)CCC
SiC(C)SiSiC(C)(C)CC
SiC(C)SiSiC(C)C(C)C
SiC(C)SiSiC(C)CCC
SiC(C)SiSiC(CC)CC
SiC(C)SiSiCC(C)(C)C
SiC(C)SiSiCC(C)CC
SiC(C)SiSiCCC(C)C
SiC(C)SiSiCCCCC
SiC(Si)(C)C(C(C)C)SiC
SiC(Si)(C)C(C)(C)C(C)Si
SiC(Si)(C)C(C)(C)CCSi
SiC(Si)(C)C(C)(C)CSiC
SiC(Si)(C)C(C)(C)Si(C)C
SiC(Si)(C)C(C)(C)SiCC
SiC(Si)(C)C(C)C(C)(C)Si
SiC(Si)(C)C(C)C(C)CSi
SiC(Si)(C)C(C)C(C)SiC
SiC(Si)(C)C(C)C(Si)CC
SiC(Si)(C)C(C)CC(C)Si
SiC(Si)(C)C(C)CCCSi
SiC(Si)(C)C(C)CCSiC
SiC(Si)(C)C(C)CSi(C)C
SiC(Si)(C)C(C)CSiCC
SiC(Si)(C)C(C)Si(C)(C)C
SiC(Si)(C)C(C)Si(C)CC
SiC(Si)(C)C(C)SiC(C)C
SiC(Si)(C)C(C)SiCCC
SiC(Si)(C)C(CC)(C)CSi
SiC(Si)(C)C(CC)(C)SiC
SiC(Si)(C)C(CC)(Si)CC
SiC(Si)(C)C(CC)C(C)Si
SiC(Si)(C)C(CC)CCSi
SiC(Si)(C)C(CC)CSiC
SiC(Si)(C)C(CC)Si(C)C
SiC(Si)(C)C(CC)SiCC
SiC(Si)(C)C(CSi)C(C)C
SiC(Si)(C)C(CSi)CCC
SiC(Si)(C)C(Si)(C)C(C)C
SiC(Si)(C)C(Si)(C)CCC
SiC(Si)(C)C(Si)C(C)(C)C
SiC(Si)(C)C(Si)C(C)CC
SiC(Si)(C)C(Si)CC(C)C
SiC(Si)(C)C(Si)CCCC
SiC(Si)(C)C(SiC)CCC
SiC(Si)(C)CC(C)(C)CSi
SiC(Si)(C)CC(C)(C)SiC
SiC(Si)(C)CC(C)C(C)Si
SiC(Si)(C)CC(C)CCSi
SiC(Si)(C)CC(C)CSiC
SiC(Si)(C)CC(C)Si(C)C
SiC(Si)(C)CC(C)SiCC
SiC(Si)(C)CC(CC)CSi
SiC(Si)(C)CC(CC)SiC
SiC(Si)(C)CC(Si)(C)CC
SiC(Si)(C)CC(Si)C(C)C
SiC(Si)(C)CC(Si)CCC
SiC(Si)(C)CCC(C)(C)Si
SiC(Si)(C)CCC(C)CSi
SiC(Si)(C)CCC(C)SiC
SiC(Si)(C)CCC(Si)CC
SiC(Si)(C)CCCC(C)Si
SiC(Si)(C)CCCCCSi
SiC(Si)(C)CCCCSiC
SiC(Si)(C)CCCSi(C)C
SiC(Si)(C)CCCSiCC
SiC(Si)(C)CCSi(C)(C)C
SiC(Si)(C)CCSi(C)CC
SiC(Si)(C)CCSiC(C)C
SiC(Si)(C)CCSiCCC
SiC(Si)(C)CSi(C)(C)CC
SiC(Si)(C)CSi(C)C(C)C
SiC(Si)(C)CSi(C)CCC
SiC(Si)(C)CSi(CC)CC
SiC(Si)(C)CSiC(C)(C)C
SiC(Si)(C)CSiC(C)CC
SiC(Si)(C)CSiCC(C)C
SiC(Si)(C)CSiCCCC
SiC(Si)(C)Si(C)(C)C(C)C
SiC(Si)(C)Si(C)(C)CCC
SiC(Si)(C)Si(C)C(C)(C)C
SiC(Si)(C)Si(C)C(C)CC
SiC(Si)(C)Si(C)CC(C)C
SiC(Si)(C)Si(C)CCCC
SiC(Si)(C)Si(CC)(C)CC
SiC(Si)(C)Si(CC)C(C)C
SiC(Si)(C)Si(CC)CCC
SiC(Si)(C)SiC(C)(C)CC
SiC(Si)(C)SiC(C)C(C)C
SiC(Si)(C)SiC(C)CCC
SiC(Si)(C)SiC(CC)CC
SiC(Si)(C)SiCC(C)(C)C
SiC(Si)(C)SiCC(C)CC
SiC(Si)(C)SiCCC(C)C
SiC(Si)(C)SiCCCCC
SiC(Si)(Si)C(C)(C)C(C)C
SiC(Si)(Si)C(C)(C)CCC
SiC(Si)(Si)C(C)C(C)(C)C
SiC(Si)(Si)C(C)C(C)CC
SiC(Si)(Si)C(C)CC(C)C
SiC(Si)(Si)C(C)CCCC
SiC(Si)(Si)C(CC)(C)CC
SiC(Si)(Si)C(CC)C(C)C
SiC(Si)(Si)C(CC)CCC
SiC(Si)(Si)CC(C)(C)CC
SiC(Si)(Si)CC(C)C(C)C
SiC(Si)(Si)CC(C)CCC
SiC(Si)(Si)CC(CC)CC
SiC(Si)(Si)CCC(C)(C)C
SiC(Si)(Si)CCC(C)CC
SiC(Si)(Si)CCCC(C)C
SiC(Si)(Si)CCCCCC
SiC(Si)C(C(C)(C)C)SiC
SiC(Si)C(C(C)C)(C)SiC
SiC(Si)C(C(C)C)C(Si)C
SiC(Si)C(C(C)C)CCSi
SiC(Si)C(C(C)C)CSiC
SiC(Si)C(C(C)C)Si(C)C
SiC(Si)C(C(C)C)SiCC
SiC(Si)C(C(C)Si)CCC
SiC(Si)C(C)(C)C(C)CSi
SiC(Si)C(C)(C)C(C)SiC
SiC(Si)C(C)(C)C(Si)CC
SiC(Si)C(C)(C)CC(C)Si
SiC(Si)C(C)(C)CCCSi
SiC(Si)C(C)(C)CCSiC
SiC(Si)C(C)(C)CSi(C)C
SiC(Si)C(C)(C)CSiCC
SiC(Si)C(C)(C)Si(C)(C)C
SiC(Si)C(C)(C)Si(C)CC
SiC(Si)C(C)(C)SiC(C)C
SiC(Si)C(C)(C)SiCCC
SiC(Si)C(C)C(C)(C)CSi
SiC(Si)C(C)C(C)(C)SiC
SiC(Si)C(C)C(C)C(C)Si
SiC(Si)C(C)C(C)CCSi
SiC(Si)C(C)C(C)CSiC
SiC(Si)C(C)C(C)Si(C)C
SiC(Si)C(C)C(C)SiCC
SiC(Si)C(C)C(CC)CSi
SiC(Si)C(C)C(CC)SiC
SiC(Si)C(C)C(Si)(C)CC
SiC(Si)C(C)C(Si)C(C)C
SiC(Si)C(C)C(Si)CCC
SiC(Si)C(C)CC(C)CSi
SiC(Si)C(C)CC(C)SiC
SiC(Si)C(C)CC(Si)CC
SiC(Si)C(C)CCC(C)Si
SiC(Si)C(C)CCCCSi
SiC(Si)C(C)CCCSiC
SiC(Si)C(C)CCSi(C)C
SiC(Si)C(C)CCSiCC
SiC(Si)C(C)CSi(C)(C)C
SiC(Si)C(C)CSi(C)CC
SiC(Si)C(C)CSiC(C)C
SiC(Si)C(C)CSiCCC
SiC(Si)C(C)Si(C)(C)CC
SiC(Si)C(C)Si(C)C(C)C
SiC(Si)C(C)Si(C)CCC
SiC(Si)C(C)Si(CC)CC
SiC(Si)C(C)SiC(C)(C)C
SiC(Si)C(C)SiC(C)CC
SiC(Si)C(C)SiCC(C)C
SiC(Si)C(C)SiCCCC
SiC(Si)C(CC)(C)C(C)Si
SiC(Si)C(CC)(C)CCSi
SiC(Si)C(CC)(C)CSiC
SiC(Si)C(CC)(C)Si(C)C
SiC(Si)C(CC)(C)SiCC
SiC(Si)C(CC)(CC)CSi
SiC(Si)C(CC)(CC)SiC
SiC(Si)C(CC)(Si)C(C)C
SiC(Si)C(CC)(Si)CCC
SiC(Si)C(CC)C(C)CSi
SiC(Si)C(CC)C(C)SiC
SiC(Si)C(CC)C(Si)CC
SiC(Si)C(CC)CC(C)Si
SiC(Si)C(CC)CCCSi
SiC(Si)C(CC)CCSiC
SiC(Si)C(CC)CSi(C)C
SiC(Si)C(CC)CSiCC
SiC(Si)C(CC)Si(C)(C)C
SiC(Si)C(CC)Si(C)CC
SiC(Si)C(CC)SiC(C)C
SiC(Si)C(CC)SiCCC
SiC(Si)C(CSi)(C)C(C)C
SiC(Si)C(CSi)(C)CCC
SiC(Si)C(CSi)C(C)(C)C
SiC(Si)C(CSi)C(C)CC
SiC(Si)C(CSi)CC(C)C
SiC(Si)C(CSi)CCCC
SiC(Si)C(Si(C)C)CCC
SiC(Si)C(Si)(C)C(C)(C)C
SiC(Si)C(Si)(C)C(C)CC
SiC(Si)C(Si)(C)CC(C)C
SiC(Si)C(Si)(C)CCCC
SiC(Si)C(Si)C(C)(C)CC
SiC(Si)C(Si)C(C)C(C)C
SiC(Si)C(Si)C(C)CCC
SiC(Si)C(Si)C(CC)CC
SiC(Si)C(Si)CC(C)(C)C
SiC(Si)C(Si)CC(C)CC
SiC(Si)C(Si)CCC(C)C
SiC(Si)C(Si)CCCCC
SiC(Si)C(SiC)(C)CCC
SiC(Si)C(SiC)C(C)CC
SiC(Si)C(SiC)CC(C)C
SiC(Si)C(SiC)CCCC
SiC(Si)CC(C(C)C)SiC
SiC(Si)CC(C)(C)C(C)Si
SiC(Si)CC(C)(C)CCSi
SiC(Si)CC(C)(C)CSiC
SiC(Si)CC(C)(C)Si(C)C
SiC(Si)CC(C)(C)SiCC
SiC(Si)CC(C)C(C)CSi
SiC(Si)CC(C)C(C)SiC
SiC(Si)CC(C)C(Si)CC
SiC(Si)CC(C)CC(C)Si
SiC(Si)CC(C)CCCSi
SiC(Si)CC(C)CCSiC
SiC(Si)CC(C)CSi(C)C
SiC(Si)CC(C)CSiCC
SiC(Si)CC(C)Si(C)(C)C
SiC(Si)CC(C)Si(C)CC
SiC(Si)CC(C)SiC(C)C
SiC(Si)CC(C)SiCCC
SiC(Si)CC(CC)(C)CSi
SiC(Si)CC(CC)(C)SiC
SiC(Si)CC(CC)(Si)CC
SiC(Si)CC(CC)C(C)Si
SiC(Si)CC(CC)CCSi
SiC(Si)CC(CC)CSiC
SiC(Si)CC(CC)Si(C)C
SiC(Si)CC(CC)SiCC
SiC(Si)CC(CSi)C(C)C
SiC(Si)CC(CSi)CCC
SiC(Si)CC(Si)(C)C(C)C
SiC(Si)CC(Si)(C)CCC
SiC(Si)CC(Si)C(C)(C)C
SiC(Si)CC(Si)C(C)CC
SiC(Si)CC(Si)CC(C)C
SiC(Si)CC(Si)CCCC
SiC(Si)CC(SiC)CCC
SiC(Si)CCC(C)(C)CSi
SiC(Si)CCC(C)(C)SiC
SiC(Si)CCC(C)C(C)Si
SiC(Si)CCC(C)CCSi
SiC(Si)CCC(C)CSiC
SiC(Si)CCC(C)Si(C)C
SiC(Si)CCC(C)SiCC
SiC(Si)CCC(CC)CSi
SiC(Si)CCC(CC)SiC
SiC(Si)CCC(Si)(C)CC
SiC(Si)CCC(Si)C(C)C
SiC(Si)CCC(Si)CCC
SiC(Si)CCCC(C)CSi
SiC(Si)CCCC(C)SiC
SiC(Si)CCCC(Si)CC
SiC(Si)CCCCC(C)Si
SiC(Si)CCCCCCSi
SiC(Si)CCCCCSiC
SiC(Si)CCCCSi(C)C
SiC(Si)CCCCSiCC
SiC(Si)CCCSi(C)(C)C
SiC(Si)CCCSi(C)CC
SiC(Si)CCCSiC(C)C
SiC(Si)CCCSiCCC
SiC(Si)CCSi(C)(C)CC
SiC(Si)CCSi(C)C(C)C
SiC(Si)CCSi(C)CCC
SiC(Si)CCSi(CC)CC
SiC(Si)CCSiC(C)(C)C
SiC(Si)CCSiC(C)CC
SiC(Si)CCSiCC(C)C
SiC(Si)CCSiCCCC
SiC(Si)CSi(C)(C)C(C)C
SiC(Si)CSi(C)(C)CCC
SiC(Si)CSi(C)C(C)(C)C
SiC(Si)CSi(C)C(C)CC
SiC(Si)CSi(C)CC(C)C
SiC(Si)CSi(C)CCCC
SiC(Si)CSi(CC)(C)CC
SiC(Si)CSi(CC)C(C)C
SiC(Si)CSi(CC)CCC
SiC(Si)CSiC(C)(C)CC
SiC(Si)CSiC(C)C(C)C
SiC(Si)CSiC(C)CCC
SiC(Si)CSiC(CC)CC
SiC(Si)CSiCC(C)(C)C
SiC(Si)CSiCC(C)CC
SiC(Si)CSiCCC(C)C
SiC(Si)CSiCCCCC
SiC(Si)Si(C(C)C)C(C)C
SiC(Si)Si(C(C)C)CCC
SiC(Si)Si(C)(C)C(C)(C)C
SiC(Si)Si(C)(C)C(C)CC
SiC(Si)Si(C)(C)CC(C)C
SiC(Si)Si(C)(C)CCCC
SiC(Si)Si(C)C(C)(C)CC
SiC(Si)Si(C)C(C)C(C)C
SiC(Si)Si(C)C(C)CCC
SiC(Si)Si(C)C(CC)CC
SiC(Si)Si(C)CC(C)(C)C
SiC(Si)Si(C)CC(C)CC
SiC(Si)Si(C)CCC(C)C
SiC(Si)Si(C)CCCCC
SiC(Si)Si(CC)(C)C(C)C
SiC(Si)Si(CC)(C)CCC
SiC(Si)Si(CC)(CC)CC
SiC(Si)Si(CC)C(C)(C)C
SiC(Si)Si(CC)C(C)CC
SiC(Si)Si(CC)CC(C)C
SiC(Si)Si(CC)CCCC
SiC(Si)SiC(C)(C)C(C)C
SiC(Si)SiC(C)(C)CCC
SiC(Si)SiC(C)C(C)(C)C
SiC(Si)SiC(C)C(C)CC
SiC(Si)SiC(C)CC(C)C
SiC(Si)SiC(C)CCCC
SiC(Si)SiC(CC)(C)CC
SiC(Si)SiC(CC)C(C)C
SiC(Si)SiC(CC)CCC
SiC(Si)SiCC(C)(C)CC
SiC(Si)SiCC(C)C(C)C
SiC(Si)SiCC(C)CCC
SiC(Si)SiCC(CC)CC
SiC(Si)SiCCC(C)(C)C
SiC(Si)SiCCC(C)CC
SiC(Si)SiCCCC(C)C
SiC(Si)SiCCCCCC
SiCC(C(C)(C)C)(Si)SiC
SiCC(C(C)(C)C)SiSiC
SiCC(C(C)C)(C)SiSiC
SiCC(C(C)C)(CSi)SiC
SiCC(C(C)C)(Si)CCSi
SiCC(C(C)C)(Si)CSiC
SiCC(C(C)C)(Si)Si(C)C
SiCC(C(C)C)(Si)SiCC
SiCC(C(C)C)C(Si)CSi
SiCC(C(C)C)C(Si)SiC
SiCC(C(C)C)CSiSiC
SiCC(C(C)C)Si(C)SiC
SiCC(C(C)C)Si(Si)CC
SiCC(C(C)C)SiCCSi
SiCC(C(C)C)SiCSiC
SiCC(C(C)C)SiSi(C)C
SiCC(C(C)C)SiSiCC
SiCC(C)(C)C(C)SiSiC
SiCC(C)(C)C(CSi)CSi
SiCC(C)(C)C(CSi)SiC
SiCC(C)(C)C(Si)(C)SiC
SiCC(C)(C)C(Si)(Si)CC
SiCC(C)(C)C(Si)CCSi
SiCC(C)(C)C(Si)CSiC
SiCC(C)(C)C(Si)Si(C)C
SiCC(C)(C)C(Si)SiCC
SiCC(C)(C)C(SiC)SiC
SiCC(C)(C)CC(Si)CSi
SiCC(C)(C)CC(Si)SiC
SiCC(C)(C)CCSiSiC
SiCC(C)(C)CSi(C)SiC
SiCC(C)(C)CSi(Si)CC
SiCC(C)(C)CSiCCSi
SiCC(C)(C)CSiCSiC
SiCC(C)(C)CSiSi(C)C
SiCC(C)(C)CSiSiCC
SiCC(C)(C)Si(C)(C)SiC
SiCC(C)(C)Si(C)CCSi
SiCC(C)(C)Si(C)CSiC
SiCC(C)(C)Si(C)Si(C)C
SiCC(C)(C)Si(C)SiCC
SiCC(C)(C)Si(CC)SiC
SiCC(C)(C)Si(Si)(C)CC
SiCC(C)(C)Si(Si)C(C)C
SiCC(C)(C)Si(Si)CCC
SiCC(C)(C)SiC(C)CSi
SiCC(C)(C)SiC(C)SiC
SiCC(C)(C)SiC(Si)CC
SiCC(C)(C)SiCCCSi
SiCC(C)(C)SiCCSiC
SiCC(C)(C)SiCSi(C)C
SiCC(C)(C)SiCSiCC
SiCC(C)(C)SiSi(C)(C)C
SiCC(C)(C)SiSi(C)CC
SiCC(C)(C)SiSiC(C)C
SiCC(C)(C)SiSiCCC
SiCC(C)C(C)(C)SiSiC
SiCC(C)C(C)C(Si)SiC
SiCC(C)C(C)CSiSiC
SiCC(C)C(C)Si(C)SiC
SiCC(C)C(C)Si(Si)CC
SiCC(C)C(C)SiCCSi
SiCC(C)C(C)SiCSiC
SiCC(C)C(C)SiSi(C)C
SiCC(C)C(C)SiSiCC
SiCC(C)C(CC)(Si)SiC
SiCC(C)C(CC)SiSiC
SiCC(C)C(CSi)CCSi
SiCC(C)C(CSi)CSiC
SiCC(C)C(CSi)SiCC
SiCC(C)C(Si)(C)CCSi
SiCC(C)C(Si)(C)CSiC
SiCC(C)C(Si)(C)Si(C)C
SiCC(C)C(Si)(C)SiCC
SiCC(C)C(Si)(Si)C(C)C
SiCC(C)C(Si)(Si)CCC
SiCC(C)C(Si)C(C)CSi
SiCC(C)C(Si)C(C)SiC
SiCC(C)C(Si)C(Si)CC
SiCC(C)C(Si)CCCSi
SiCC(C)C(Si)CCSiC
SiCC(C)C(Si)CSi(C)C
SiCC(C)C(Si)CSiCC
SiCC(C)C(Si)Si(C)(C)C
SiCC(C)C(Si)Si(C)CC
SiCC(C)C(Si)SiC(C)C
SiCC(C)C(Si)SiCCC
SiCC(C)C(SiC)(C)SiC
SiCC(C)C(SiC)CCSi
SiCC(C)C(SiC)CSiC
SiCC(C)C(SiC)Si(C)C
SiCC(C)C(SiC)SiCC
SiCC(C)C(SiSi)CCC
SiCC(C)CC(C)SiSiC
SiCC(C)CC(Si)(C)SiC
SiCC(C)CC(Si)(Si)CC
SiCC(C)CC(Si)CCSi
SiCC(C)CC(Si)CSiC
SiCC(C)CC(Si)Si(C)C
SiCC(C)CC(Si)SiCC
SiCC(C)CC(SiC)SiC
SiCC(C)CCC(Si)SiC
SiCC(C)CCCSiSiC
SiCC(C)CCSi(C)SiC
SiCC(C)CCSi(Si)CC
SiCC(C)CCSiCCSi
SiCC(C)CCSiCSiC
SiCC(C)CCSiSi(C)C
SiCC(C)CCSiSiCC
SiCC(C)CSi(C)(C)SiC
SiCC(C)CSi(C)CCSi
SiCC(C)CSi(C)CSiC
SiCC(C)CSi(C)Si(C)C
SiCC(C)CSi(C)SiCC
SiCC(C)CSi(CC)SiC
SiCC(C)CSi(Si)(C)CC
SiCC(C)CSi(Si)C(C)C
SiCC(C)CSi(Si)CCC
SiCC(C)CSiC(C)SiC
SiCC(C)CSiC(Si)CC
SiCC(C)CSiCCCSi
SiCC(C)CSiCCSiC
SiCC(C)CSiCSi(C)C
SiCC(C)CSiCSiCC
SiCC(C)CSiSi(C)(C)C
SiCC(C)CSiSi(C)CC
SiCC(C)CSiSiC(C)C
SiCC(C)CSiSiCCC
SiCC(C)Si(C(C)C)SiC
SiCC(C)Si(C)(C)CCSi
SiCC(C)Si(C)(C)CSiC
SiCC(C)Si(C)(C)Si(C)C
SiCC(C)Si(C)(C)SiCC
SiCC(C)Si(C)C(C)CSi
SiCC(C)Si(C)C(C)SiC
SiCC(C)Si(C)C(Si)CC
SiCC(C)Si(C)CCCSi
SiCC(C)Si(C)CCSiC
SiCC(C)Si(C)CSi(C)C
SiCC(C)Si(C)CSiCC
SiCC(C)Si(C)Si(C)(C)C
SiCC(C)Si(C)Si(C)CC
SiCC(C)Si(C)SiC(C)C
SiCC(C)Si(C)SiCCC
SiCC(C)Si(CC)(C)SiC
SiCC(C)Si(CC)(Si)CC
SiCC(C)Si(CC)CCSi
SiCC(C)Si(CC)CSiC
SiCC(C)Si(CC)Si(C)C
SiCC(C)Si(CC)SiCC
SiCC(C)Si(CSi)CCC
SiCC(C)Si(Si)(C)C(C)C
SiCC(C)Si(Si)(C)CCC
SiCC(C)Si(Si)C(C)(C)C
SiCC(C)Si(Si)C(C)CC
SiCC(C)Si(Si)CC(C)C
SiCC(C)Si(Si)CCCC
SiCC(C)Si(SiC)CCC
SiCC(C)SiC(C)(C)SiC
SiCC(C)SiC(C)CCSi
SiCC(C)SiC(C)CSiC
SiCC(C)SiC(C)Si(C)C
SiCC(C)SiC(C)SiCC
SiCC(C)SiC(CC)SiC
SiCC(C)SiC(Si)(C)CC
SiCC(C)SiC(Si)C(C)C
SiCC(C)SiC(Si)CCC
SiCC(C)SiCC(C)CSi
SiCC(C)SiCC(C)SiC
SiCC(C)SiCC(Si)CC
SiCC(C)SiCCCCSi
SiCC(C)SiCCCSiC
SiCC(C)SiCCSi(C)C
SiCC(C)SiCCSiCC
SiCC(C)SiCSi(C)(C)C
SiCC(C)SiCSi(C)CC
SiCC(C)SiCSiC(C)C
SiCC(C)SiCSiCCC
SiCC(C)SiSi(C)(C)CC
SiCC(C)SiSi(C)C(C)C
SiCC(C)SiSi(C)CCC
SiCC(C)SiSi(CC)CC
SiCC(C)SiSiC(C)(C)C
SiCC(C)SiSiC(C)CC
SiCC(C)SiSiCC(C)C
SiCC(C)SiSiCCCC
SiCC(CC)(C)C(Si)CSi
SiCC(CC)(C)C(Si)SiC
SiCC(CC)(C)CSiSiC
SiCC(CC)(C)Si(C)SiC
SiCC(CC)(C)Si(Si)CC
SiCC(CC)(C)SiCCSi
SiCC(CC)(C)SiCSiC
SiCC(CC)(C)SiSi(C)C
SiCC(CC)(C)SiSiCC
SiCC(CC)(CC)SiSiC
SiCC(CC)(Si)C(C)CSi
SiCC(CC)(Si)C(C)SiC
SiCC(CC)(Si)C(Si)CC
SiCC(CC)(Si)CCCSi
SiCC(CC)(Si)CCSiC
SiCC(CC)(Si)CSi(C)C
SiCC(CC)(Si)CSiCC
SiCC(CC)(Si)Si(C)(C)C
SiCC(CC)(Si)Si(C)CC
SiCC(CC)(Si)SiC(C)C
SiCC(CC)(Si)SiCCC
SiCC(CC)C(C)SiSiC
SiCC(CC)C(Si)(C)SiC
SiCC(CC)C(Si)(Si)CC
SiCC(CC)C(Si)CCSi
SiCC(CC)C(Si)CSiC
SiCC(CC)C(Si)Si(C)C
SiCC(CC)C(Si)SiCC
SiCC(CC)C(SiC)SiC
SiCC(CC)CC(Si)CSi
SiCC(CC)CC(Si)SiC
SiCC(CC)CCSiSiC
SiCC(CC)CSi(C)SiC
SiCC(CC)CSi(Si)CC
SiCC(CC)CSiCCSi
SiCC(CC)CSiCSiC
SiCC(CC)CSiSi(C)C
SiCC(CC)CSiSiCC
SiCC(CC)Si(C)(C)SiC
SiCC(CC)Si(C)CCSi
SiCC(CC)Si(C)CSiC
SiCC(CC)Si(C)Si(C)C
SiCC(CC)Si(C)SiCC
SiCC(CC)Si(CC)SiC
SiCC(CC)Si(Si)(C)CC
SiCC(CC)Si(Si)C(C)C
SiCC(CC)Si(Si)CCC
SiCC(CC)SiC(C)CSi
SiCC(CC)SiC(C)SiC
SiCC(CC)SiC(Si)CC
SiCC(CC)SiCCCSi
SiCC(CC)SiCCSiC
SiCC(CC)SiCSi(C)C
SiCC(CC)SiCSiCC
SiCC(CC)SiSi(C)(C)C
SiCC(CC)SiSi(C)CC
SiCC(CC)SiSiC(C)C
SiCC(CC)SiSiCCC
SiCC(CSi)(C)C(C)CSi
SiCC(CSi)(C)C(C)SiC
SiCC(CSi)(C)C(Si)CC
SiCC(CSi)(C)CCCSi
SiCC(CSi)(C)CCSiC
SiCC(CSi)(C)CSi(C)C
SiCC(CSi)(C)CSiCC
SiCC(CSi)(C)Si(C)(C)C
SiCC(CSi)(C)Si(C)CC
SiCC(CSi)(C)SiC(C)C
SiCC(CSi)(C)SiCCC
SiCC(CSi)(CC)CCSi
SiCC(CSi)(CC)CSiC
SiCC(CSi)(CC)Si(C)C
SiCC(CSi)(CC)SiCC
SiCC(CSi)(CSi)C(C)C
SiCC(CSi)(CSi)CCC
SiCC(CSi)(Si)C(C)(C)C
SiCC(CSi)(Si)C(C)CC
SiCC(CSi)(Si)CC(C)C
SiCC(CSi)(Si)CCCC
SiCC(CSi)C(C)(C)SiC
SiCC(CSi)C(C)CCSi
SiCC(CSi)C(C)CSiC
SiCC(CSi)C(C)Si(C)C
SiCC(CSi)C(C)SiCC
SiCC(CSi)C(CC)CSi
SiCC(CSi)C(CC)SiC
SiCC(CSi)C(Si)(C)CC
SiCC(CSi)C(Si)C(C)C
SiCC(CSi)C(Si)CCC
SiCC(CSi)CC(C)CSi
SiCC(CSi)CC(C)SiC
SiCC(CSi)CC(Si)CC
SiCC(CSi)CCCCSi
SiCC(CSi)CCCSiC
SiCC(CSi)CCSi(C)C
SiCC(CSi)CCSiCC
SiCC(CSi)CSi(C)(C)C
SiCC(CSi)CSi(C)CC
SiCC(CSi)CSiC(C)C
SiCC(CSi)CSiCCC
SiCC(CSi)Si(C)(C)CC
SiCC(CSi)Si(C)C(C)C
SiCC(CSi)Si(C)CCC
SiCC(CSi)Si(CC)CC
SiCC(CSi)SiC(C)(C)C
SiCC(CSi)SiC(C)CC
SiCC(CSi)SiCC(C)C
SiCC(CSi)SiCCCC
SiCC(Si(C)(C)C)CCSi
SiCC(Si(C)(C)C)CSiC
SiCC(Si(C)(C)C)SiCC
SiCC(Si(C)C)(C)CCSi
SiCC(Si(C)C)(C)CSiC
SiCC(Si(C)C)(C)Si(C)C
SiCC(Si(C)C)(C)SiCC
SiCC(Si(C)C)(Si)CCC
SiCC(Si(C)C)C(C)CSi
SiCC(Si(C)C)C(C)SiC
SiCC(Si(C)C)C(Si)CC
SiCC(Si(C)C)CCCSi
SiCC(Si(C)C)CCSiC
SiCC(Si(C)C)CSi(C)C
SiCC(Si(C)C)CSiCC
SiCC(Si(C)C)Si(C)(C)C
SiCC(Si(C)C)Si(C)CC
SiCC(Si(C)C)SiC(C)C
SiCC(Si(C)C)SiCCC
SiCC(Si)(C)C(C)(C)CSi
SiCC(Si)(C)C(C)(C)SiC
SiCC(Si)(C)C(C)CCSi
SiCC(Si)(C)C(C)CSiC
SiCC(Si)(C)C(C)Si(C)C
SiCC(Si)(C)C(C)SiCC
SiCC(Si)(C)C(CC)CSi
SiCC(Si)(C)C(CC)SiC
SiCC(Si)(C)C(Si)(C)CC
SiCC(Si)(C)C(Si)C(C)C
SiCC(Si)(C)C(Si)CCC
SiCC(Si)(C)CC(C)CSi
SiCC(Si)(C)CC(C)SiC
SiCC(Si)(C)CC(Si)CC
SiCC(Si)(C)CCCCSi
SiCC(Si)(C)CCCSiC
SiCC(Si)(C)CCSi(C)C
SiCC(Si)(C)CCSiCC
SiCC(Si)(C)CSi(C)(C)C
SiCC(Si)(C)CSi(C)CC
SiCC(Si)(C)CSiC(C)C
SiCC(Si)(C)CSiCCC
SiCC(Si)(C)Si(C)(C)CC
SiCC(Si)(C)Si(C)C(C)C
SiCC(Si)(C)Si(C)CCC
SiCC(Si)(C)Si(CC)CC
SiCC(Si)(C)SiC(C)(C)C
SiCC(Si)(C)SiC(C)CC
SiCC(Si)(C)SiCC(C)C
SiCC(Si)(C)SiCCCC
SiCC(Si)(Si)C(C)(C)CC
SiCC(Si)(Si)C(C)C(C)C
SiCC(Si)(Si)C(C)CCC
SiCC(Si)(Si)C(CC)CC
SiCC(Si)(Si)CC(C)(C)C
SiCC(Si)(Si)CC(C)CC
SiCC(Si)(Si)CCC(C)C
SiCC(Si)(Si)CCCCC
SiCC(Si)C(C(C)C)SiC
SiCC(Si)C(C)(C)CCSi
SiCC(Si)C(C)(C)CSiC
SiCC(Si)C(C)(C)Si(C)C
SiCC(Si)C(C)(C)SiCC
SiCC(Si)C(C)C(C)CSi
SiCC(Si)C(C)C(C)SiC
SiCC(Si)C(C)C(Si)CC
SiCC(Si)C(C)CCCSi
SiCC(Si)C(C)CCSiC
SiCC(Si)C(C)CSi(C)C
SiCC(Si)C(C)CSiCC
SiCC(Si)C(C)Si(C)(C)C
SiCC(Si)C(C)Si(C)CC
SiCC(Si)C(C)SiC(C)C
SiCC(Si)C(C)SiCCC
SiCC(Si)C(CC)(C)SiC
SiCC(Si)C(CC)(Si)CC
SiCC(Si)C(CC)CCSi
SiCC(Si)C(CC)CSiC
SiCC(Si)C(CC)Si(C)C
SiCC(Si)C(CC)SiCC
SiCC(Si)C(CSi)CCC
SiCC(Si)C(Si)(C)C(C)C
SiCC(Si)C(Si)(C)CCC
SiCC(Si)C(Si)C(C)(C)C
SiCC(Si)C(Si)C(C)CC
SiCC(Si)C(Si)CC(C)C
SiCC(Si)C(Si)CCCC
SiCC(Si)C(SiC)CCC
SiCC(Si)CC(C)(C)SiC
SiCC(Si)CC(C)CCSi
SiCC(Si)CC(C)CSiC
SiCC(Si)CC(C)Si(C)C
SiCC(Si)CC(C)SiCC
SiCC(Si)CC(CC)SiC
SiCC(Si)CC(Si)(C)CC
SiCC(Si)CC(Si)C(C)C
SiCC(Si)CC(Si)CCC
SiCC(Si)CCC(C)CSi
SiCC(Si)CCC(C)SiC
SiCC(Si)CCC(Si)CC
SiCC(Si)CCCCCSi
SiCC(Si)CCCCSiC
SiCC(Si)CCCSi(C)C
SiCC(Si)CCCSiCC
SiCC(Si)CCSi(C)(C)C
SiCC(Si)CCSi(C)CC
SiCC(Si)CCSiC(C)C
SiCC(Si)CCSiCCC
SiCC(Si)CSi(C)(C)CC
SiCC(Si)CSi(C)C(C)C
SiCC(Si)CSi(C)CCC
SiCC(Si)CSi(CC)CC
SiCC(Si)CSiC(C)(C)C
SiCC(Si)CSiC(C)CC
SiCC(Si)CSiCC(C)C
SiCC(Si)CSiCCCC
SiCC(Si)Si(C)(C)C(C)C
SiCC(Si)Si(C)(C)CCC
SiCC(Si)Si(C)C(C)(C)C
SiCC(Si)Si(C)C(C)CC
SiCC(Si)Si(C)CC(C)C
SiCC(Si)Si(C)CCCC
SiCC(Si)Si(CC)(C)CC
SiCC(Si)Si(CC)C(C)C
SiCC(Si)Si(CC)CCC
SiCC(Si)SiC(C)(C)CC
SiCC(Si)SiC(C)C(C)C
SiCC(Si)SiC(C)CCC
SiCC(Si)SiC(CC)CC
SiCC(Si)SiCC(C)(C)C
SiCC(Si)SiCC(C)CC
SiCC(Si)SiCCC(C)C
SiCC(Si)SiCCCCC
SiCC(SiC)(C(C)C)SiC
SiCC(SiC)(C)C(C)CSi
SiCC(SiC)(C)C(C)SiC
SiCC(SiC)(C)C(Si)CC
SiCC(SiC)(C)CCCSi
SiCC(SiC)(C)CCSiC
SiCC(SiC)(C)CSi(C)C
SiCC(SiC)(C)CSiCC
SiCC(SiC)(C)Si(C)(C)C
SiCC(SiC)(C)Si(C)CC
SiCC(SiC)(C)SiC(C)C
SiCC(SiC)(C)SiCCC
SiCC(SiC)(CC)CCSi
SiCC(SiC)(CC)CSiC
SiCC(SiC)(CC)Si(C)C
SiCC(SiC)(CC)SiCC
SiCC(SiC)(CSi)CCC
SiCC(SiC)(Si)C(C)CC
SiCC(SiC)(Si)CC(C)C
SiCC(SiC)(Si)CCCC
SiCC(SiC)(SiC)CCC
SiCC(SiC)C(C)(C)SiC
SiCC(SiC)C(C)CCSi
SiCC(SiC)C(C)CSiC
SiCC(SiC)C(C)Si(C)C
SiCC(SiC)C(C)SiCC
SiCC(SiC)C(CC)CSi
SiCC(SiC)C(CC)SiC
SiCC(SiC)C(Si)(C)CC
SiCC(SiC)C(Si)C(C)C
SiCC(SiC)C(Si)CCC
SiCC(SiC)CC(C)CSi
SiCC(SiC)CC(C)SiC
SiCC(SiC)CC(Si)CC
SiCC(SiC)CCCCSi
SiCC(SiC)CCCSiC
SiCC(SiC)CCSi(C)C
SiCC(SiC)CCSiCC
SiCC(SiC)CSi(C)(C)C
SiCC(SiC)CSi(C)CC
SiCC(SiC)CSiC(C)C
SiCC(SiC)CSiCCC
SiCC(SiC)Si(C)(C)CC
SiCC(SiC)Si(C)C(C)C
SiCC(SiC)Si(C)CCC
SiCC(SiC)Si(CC)CC
SiCC(SiC)SiC(C)(C)C
SiCC(SiC)SiC(C)CC
SiCC(SiC)SiCC(C)C
SiCC(SiC)SiCCCC
SiCCC(C(C)C)(Si)SiC
SiCCC(C(C)C)SiSiC
SiCCC(C(C)Si)CCSi
SiCCC(C(C)Si)CSiC
SiCCC(C(C)Si)SiCC
SiCCC(C(Si)Si)CCC
SiCCC(C)(C)C(Si)SiC
SiCCC(C)(C)CSiSiC
SiCCC(C)(C)Si(C)SiC
SiCCC(C)(C)Si(Si)CC
SiCCC(C)(C)SiCSiC
SiCCC(C)(C)SiSi(C)C
SiCCC(C)(C)SiSiCC
SiCCC(C)C(C)SiSiC
SiCCC(C)C(Si)(C)SiC
SiCCC(C)C(Si)(Si)CC
SiCCC(C)C(Si)CSiC
SiCCC(C)C(Si)Si(C)C
SiCCC(C)C(Si)SiCC
SiCCC(C)C(SiC)SiC
SiCCC(C)CC(Si)SiC
SiCCC(C)CCSiSiC
SiCCC(C)CSi(C)SiC
SiCCC(C)CSi(Si)CC
SiCCC(C)CSiCSiC
SiCCC(C)CSiSi(C)C
SiCCC(C)CSiSiCC
SiCCC(C)Si(C)(C)SiC
SiCCC(C)Si(C)CSiC
SiCCC(C)Si(C)Si(C)C
SiCCC(C)Si(C)SiCC
SiCCC(C)Si(CC)SiC
SiCCC(C)Si(Si)(C)CC
SiCCC(C)Si(Si)C(C)C
SiCCC(C)Si(Si)CCC
SiCCC(C)SiC(C)SiC
SiCCC(C)SiC(Si)CC
SiCCC(C)SiCCCSi
SiCCC(C)SiCCSiC
SiCCC(C)SiCSi(C)C
SiCCC(C)SiCSiCC
SiCCC(C)SiSi(C)(C)C
SiCCC(C)SiSi(C)CC
SiCCC(C)SiSiC(C)C
SiCCC(C)SiSiCCC
SiCCC(CC)(C)SiSiC
SiCCC(CC)(Si)CCSi
SiCCC(CC)(Si)CSiC
SiCCC(CC)(Si)Si(C)C
SiCCC(CC)(Si)SiCC
SiCCC(CC)C(Si)SiC
SiCCC(CC)CSiSiC
SiCCC(CC)Si(C)SiC
SiCCC(CC)Si(Si)CC
SiCCC(CC)SiCSiC
SiCCC(CC)SiSi(C)C
SiCCC(CC)SiSiCC
SiCCC(CCC)SiSiC
SiCCC(CCSi)CCSi
SiCCC(CCSi)CSiC
SiCCC(CCSi)SiCC
SiCCC(CSi)(C)CCSi
SiCCC(CSi)(C)CSiC
SiCCC(CSi)(C)SiCC
SiCCC(CSi)(Si)CCC
SiCCC(CSi)C(C)SiC
SiCCC(CSi)C(Si)CC
SiCCC(CSi)CCCSi
SiCCC(CSi)CCSiC
SiCCC(CSi)CSi(C)C
SiCCC(CSi)CSiCC
SiCCC(CSi)Si(C)CC
SiCCC(CSi)SiC(C)C
SiCCC(CSi)SiCCC
SiCCC(CSiC)CSiC
SiCCC(CSiC)SiCC
SiCCC(Si(C)C)CCSi
SiCCC(Si(C)C)CSiC
SiCCC(Si(C)C)Si(C)C
SiCCC(Si(C)C)SiCC
SiCCC(Si(C)Si)CCC
SiCCC(Si)(C)C(C)SiC
SiCCC(Si)(C)C(Si)CC
SiCCC(Si)(C)CCCSi
SiCCC(Si)(C)CCSiC
SiCCC(Si)(C)CSi(C)C
SiCCC(Si)(C)CSiCC
SiCCC(Si)(C)Si(C)(C)C
SiCCC(Si)(C)Si(C)CC
SiCCC(Si)(C)SiC(C)C
SiCCC(Si)(C)SiCCC
SiCCC(Si)(Si)C(C)(C)C
SiCCC(Si)(Si)C(C)CC
SiCCC(Si)(Si)CC(C)C
SiCCC(Si)(Si)CCCC
SiCCC(Si)C(C)(C)SiC
SiCCC(Si)C(C)CCSi
SiCCC(Si)C(C)CSiC
SiCCC(Si)C(C)Si(C)C
SiCCC(Si)C(C)SiCC
SiCCC(Si)C(CC)SiC
SiCCC(Si)C(Si)(C)CC
SiCCC(Si)C(Si)C(C)C
SiCCC(Si)C(Si)CCC
SiCCC(Si)CC(C)SiC
SiCCC(Si)CC(Si)CC
SiCCC(Si)CCCCSi
SiCCC(Si)CCCSiC
SiCCC(Si)CCSi(C)C
SiCCC(Si)CCSiCC
SiCCC(Si)CSi(C)(C)C
SiCCC(Si)CSi(C)CC
SiCCC(Si)CSiC(C)C
SiCCC(Si)CSiCCC
SiCCC(Si)Si(C)(C)CC
SiCCC(Si)Si(C)C(C)C
SiCCC(Si)Si(C)CCC
SiCCC(Si)Si(CC)CC
SiCCC(Si)SiC(C)(C)C
SiCCC(Si)SiC(C)CC
SiCCC(Si)SiCC(C)C
SiCCC(Si)SiCCCC
SiCCC(SiC)(C)CCSi
SiCCC(SiC)(C)CSiC
SiCCC(SiC)(C)Si(C)C
SiCCC(SiC)(C)SiCC
SiCCC(SiC)(CC)SiC
SiCCC(SiC)(Si)CCC
SiCCC(SiC)C(C)SiC
SiCCC(SiC)C(Si)CC
SiCCC(SiC)CCCSi
SiCCC(SiC)CCSiC
SiCCC(SiC)CSi(C)C
SiCCC(SiC)CSiCC
SiCCC(SiC)Si(C)(C)C
SiCCC(SiC)Si(C)CC
SiCCC(SiC)SiC(C)C
SiCCC(SiC)SiCCC
SiCCC(SiCC)SiCC
SiCCC(SiSi)(C)CCC
SiCCC(SiSi)C(C)CC
SiCCC(SiSi)CC(C)C
SiCCC(SiSi)CCCC
SiCCCC(C)(C)SiSiC
SiCCCC(C)C(Si)SiC
SiCCCC(C)CSiSiC
SiCCCC(C)Si(C)SiC
SiCCCC(C)Si(Si)CC
SiCCCC(C)SiCSiC
SiCCCC(C)SiSi(C)C
SiCCCC(C)SiSiCC
SiCCCC(CC)(Si)SiC
SiCCCC(CC)SiSiC
SiCCCC(CSi)CSiC
SiCCCC(CSi)SiCC
SiCCCC(Si)(C)CSiC
SiCCCC(Si)(C)Si(C)C
SiCCCC(Si)(C)SiCC
SiCCCC(Si)(Si)C(C)C
SiCCCC(Si)(Si)CCC
SiCCCC(Si)C(C)SiC
SiCCCC(Si)C(Si)CC
SiCCCC(Si)CCCSi
SiCCCC(Si)CCSiC
SiCCCC(Si)CSi(C)C
SiCCCC(Si)CSiCC
SiCCCC(Si)Si(C)(C)C
SiCCCC(Si)Si(C)CC
SiCCCC(Si)SiC(C)C
SiCCCC(Si)SiCCC
SiCCCC(SiC)(C)SiC
SiCCCC(SiC)CSiC
SiCCCC(SiC)Si(C)C
SiCCCC(SiC)SiCC
SiCCCC(SiSi)CCC
SiCCCCC(C)SiSiC
SiCCCCC(Si)(C)SiC
SiCCCCC(Si)(Si)CC
SiCCCCC(Si)CSiC
SiCCCCC(Si)Si(C)C
SiCCCCC(Si)SiCC
SiCCCCC(SiC)SiC
SiCCCCCC(Si)SiC
SiCCCCCCSiSiC
SiCCCCCSi(C)SiC
SiCCCCCSi(Si)CC
SiCCCCCSiCSiC
SiCCCCCSiSi(C)C
SiCCCCCSiSiCC
SiCCCCSi(C)(C)SiC
SiCCCCSi(C)CSiC
SiCCCCSi(C)Si(C)C
SiCCCCSi(C)SiCC
SiCCCCSi(CC)SiC
SiCCCCSi(Si)(C)CC
SiCCCCSi(Si)C(C)C
SiCCCCSi(Si)CCC
SiCCCCSiC(C)SiC
SiCCCCSiC(Si)CC
SiCCCCSiCCSiC
SiCCCCSiCSi(C)C
SiCCCCSiCSiCC
SiCCCCSiSi(C)(C)C
SiCCCCSiSi(C)CC
SiCCCCSiSiC(C)C
SiCCCCSiSiCCC
SiCCCSi(C(C)C)SiC
SiCCCSi(C)(C)CSiC
SiCCCSi(C)(C)Si(C)C
SiCCCSi(C)(C)SiCC
SiCCCSi(C)C(C)SiC
SiCCCSi(C)C(Si)CC
SiCCCSi(C)CCCSi
SiCCCSi(C)CCSiC
SiCCCSi(C)CSi(C)C
SiCCCSi(C)CSiCC
SiCCCSi(C)Si(C)(C)C
SiCCCSi(C)Si(C)CC
SiCCCSi(C)SiC(C)C
SiCCCSi(C)SiCCC
SiCCCSi(CC)(C)SiC
SiCCCSi(CC)(Si)CC
SiCCCSi(CC)CSiC
SiCCCSi(CC)Si(C)C
SiCCCSi(CC)SiCC
SiCCCSi(CSi)CCC
SiCCCSi(Si)(C)C(C)C
SiCCCSi(Si)(C)CCC
SiCCCSi(Si)C(C)(C)C
SiCCCSi(Si)C(C)CC
SiCCCSi(Si)CC(C)C
SiCCCSi(Si)CCCC
SiCCCSi(SiC)CCC
SiCCCSiC(C)(C)SiC
SiCCCSiC(C)CSiC
SiCCCSiC(C)Si(C)C
SiCCCSiC(C)SiCC
SiCCCSiC(CC)SiC
SiCCCSiC(Si)(C)CC
SiCCCSiC(Si)C(C)C
SiCCCSiC(Si)CCC
SiCCCSiCC(C)SiC
SiCCCSiCC(Si)CC
SiCCCSiCCCCSi
SiCCCSiCCCSiC
SiCCCSiCCSi(C)C
SiCCCSiCCSiCC
SiCCCSiCSi(C)(C)C
SiCCCSiCSi(C)CC
SiCCCSiCSiC(C)C
SiCCCSiCSiCCC
SiCCCSiSi(C)(C)CC
SiCCCSiSi(C)C(C)C
SiCCCSiSi(C)CCC
SiCCCSiSi(CC)CC
SiCCCSiSiC(C)(C)C
SiCCCSiSiC(C)CC
SiCCCSiSiCC(C)C
SiCCCSiSiCCCC
SiCCSi(C(C)(C)C)SiC
SiCCSi(C(C)C)(C)SiC
SiCCSi(C(C)C)CCSi
SiCCSi(C(C)C)CSiC
SiCCSi(C(C)C)Si(C)C
SiCCSi(C(C)C)SiCC
SiCCSi(C(C)Si)CCC
SiCCSi(C)(C)C(C)SiC
SiCCSi(C)(C)C(Si)CC
SiCCSi(C)(C)CCCSi
SiCCSi(C)(C)CCSiC
SiCCSi(C)(C)CSi(C)C
SiCCSi(C)(C)CSiCC
SiCCSi(C)(C)Si(C)(C)C
SiCCSi(C)(C)Si(C)CC
SiCCSi(C)(C)SiC(C)C
SiCCSi(C)(C)SiCCC
SiCCSi(C)C(C)(C)SiC
SiCCSi(C)C(C)CCSi
SiCCSi(C)C(C)CSiC
SiCCSi(C)C(C)Si(C)C
SiCCSi(C)C(C)SiCC
SiCCSi(C)C(CC)SiC
SiCCSi(C)C(Si)(C)CC
SiCCSi(C)C(Si)C(C)C
SiCCSi(C)C(Si)CCC
SiCCSi(C)CC(C)SiC
SiCCSi(C)CC(Si)CC
SiCCSi(C)CCCCSi
SiCCSi(C)CCCSiC
SiCCSi(C)CCSi(C)C
SiCCSi(C)CCSiCC
SiCCSi(C)CSi(C)(C)C
SiCCSi(C)CSi(C)CC
SiCCSi(C)CSiC(C)C
SiCCSi(C)CSiCCC
SiCCSi(C)Si(C)(C)CC
SiCCSi(C)Si(C)C(C)C
SiCCSi(C)Si(C)CCC
SiCCSi(C)Si(CC)CC
SiCCSi(C)SiC(C)(C)C
SiCCSi(C)SiC(C)CC
SiCCSi(C)SiCC(C)C
SiCCSi(C)SiCCCC
SiCCSi(CC)(C)CCSi
SiCCSi(CC)(C)CSiC
SiCCSi(CC)(C)Si(C)C
SiCCSi(CC)(C)SiCC
SiCCSi(CC)(CC)SiC
SiCCSi(CC)(Si)C(C)C
SiCCSi(CC)(Si)CCC
SiCCSi(CC)C(C)SiC
SiCCSi(CC)C(Si)CC
SiCCSi(CC)CCCSi
SiCCSi(CC)CCSiC
SiCCSi(CC)CSi(C)C
SiCCSi(CC)CSiCC
SiCCSi(CC)Si(C)(C)C
SiCCSi(CC)Si(C)CC
SiCCSi(CC)SiC(C)C
SiCCSi(CC)SiCCC
SiCCSi(CCC)CCSi
SiCCSi(CCC)CSiC
SiCCSi(CCC)SiCC
SiCCSi(CSi)(C)CCC
SiCCSi(CSi)C(C)CC
SiCCSi(CSi)CC(C)C
SiCCSi(CSi)CCCC
SiCCSi(Si(C)C)CCC
SiCCSi(Si)(C)C(C)(C)C
SiCCSi(Si)(C)C(C)CC
SiCCSi(Si)(C)CC(C)C
SiCCSi(Si)(C)CCCC
SiCCSi(Si)C(C)(C)CC
SiCCSi(Si)C(C)C(C)C
SiCCSi(Si)C(C)CCC
SiCCSi(Si)C(CC)CC
SiCCSi(Si)CC(C)(C)C
SiCCSi(Si)CC(C)CC
SiCCSi(Si)CCC(C)C
SiCCSi(Si)CCCCC
SiCCSi(SiC)(C)CCC
SiCCSi(SiC)C(C)CC
SiCCSi(SiC)CC(C)C
SiCCSi(SiC)CCCC
SiCCSiC(C(C)C)SiC
SiCCSiC(C)(C)CCSi
SiCCSiC(C)(C)CSiC
SiCCSiC(C)(C)Si(C)C
SiCCSiC(C)(C)SiCC
SiCCSiC(C)C(C)SiC
SiCCSiC(C)C(Si)CC
SiCCSiC(C)CCCSi
SiCCSiC(C)CCSiC
SiCCSiC(C)CSi(C)C
SiCCSiC(C)CSiCC
SiCCSiC(C)Si(C)(C)C
SiCCSiC(C)Si(C)CC
SiCCSiC(C)SiC(C)C
SiCCSiC(C)SiCCC
SiCCSiC(CC)(C)SiC
SiCCSiC(CC)(Si)CC
SiCCSiC(CC)CCSi
SiCCSiC(CC)CSiC
SiCCSiC(CC)Si(C)C
SiCCSiC(CC)SiCC
SiCCSiC(CSi)CCC
SiCCSiC(Si)(C)C(C)C
SiCCSiC(Si)(C)CCC
SiCCSiC(Si)C(C)(C)C
SiCCSiC(Si)C(C)CC
SiCCSiC(Si)CC(C)C
SiCCSiC(Si)CCCC
SiCCSiC(SiC)CCC
SiCCSiCC(C)(C)SiC
SiCCSiCC(C)CCSi
SiCCSiCC(C)CSiC
SiCCSiCC(C)Si(C)C
SiCCSiCC(C)SiCC
SiCCSiCC(CC)SiC
SiCCSiCC(Si)(C)CC
SiCCSiCC(Si)C(C)C
SiCCSiCC(Si)CCC
SiCCSiCCC(C)SiC
SiCCSiCCC(Si)CC
SiCCSiCCCCCSi
SiCCSiCCCCSiC
SiCCSiCCCSi(C)C
SiCCSiCCCSiCC
SiCCSiCCSi(C)(C)C
SiCCSiCCSi(C)CC
SiCCSiCCSiC(C)C
SiCCSiCCSiCCC
SiCCSiCSi(C)(C)CC
SiCCSiCSi(C)C(C)C
SiCCSiCSi(C)CCC
SiCCSiCSi(CC)CC
SiCCSiCSiC(C)(C)C
SiCCSiCSiC(C)CC
SiCCSiCSiCC(C)C
SiCCSiCSiCCCC
SiCCSiSi(C)(C)C(C)C
SiCCSiSi(C)(C)CCC
SiCCSiSi(C)C(C)(C)C
SiCCSiSi(C)C(C)CC
SiCCSiSi(C)CC(C)C
SiCCSiSi(C)CCCC
SiCCSiSi(CC)(C)CC
SiCCSiSi(CC)C(C)C
SiCCSiSi(CC)CCC
SiCCSiSiC(C)(C)CC
SiCCSiSiC(C)C(C)C
SiCCSiSiC(C)CCC
SiCCSiSiC(CC)CC
SiCCSiSiCC(C)(C)C
SiCCSiSiCC(C)CC
SiCCSiSiCCC(C)C
SiCCSiSiCCCCC
SiCSi(C(C)(C)C)(C)SiC
SiCSi(C(C)(C)C)CCSi
SiCSi(C(C)(C)C)CSiC
SiCSi(C(C)(C)C)Si(C)C
SiCSi(C(C)(C)C)SiCC
SiCSi(C(C)C)(C)CCSi
SiCSi(C(C)C)(C)CSiC
SiCSi(C(C)C)(C)Si(C)C
SiCSi(C(C)C)(C)SiCC
SiCSi(C(C)C)(CC)SiC
SiCSi(C(C)C)(Si)C(C)C
SiCSi(C(C)C)(Si)CCC
SiCSi(C(C)C)C(C)CSi
SiCSi(C(C)C)C(C)SiC
SiCSi(C(C)C)C(Si)CC
SiCSi(C(C)C)CCCSi
SiCSi(C(C)C)CCSiC
SiCSi(C(C)C)CSi(C)C
SiCSi(C(C)C)CSiCC
SiCSi(C(C)C)Si(C)(C)C
SiCSi(C(C)C)Si(C)CC
SiCSi(C(C)C)SiC(C)C
SiCSi(C(C)C)SiCCC
SiCSi(C)(C)C(C)(C)CSi
SiCSi(C)(C)C(C)(C)SiC
SiCSi(C)(C)C(C)CCSi
SiCSi(C)(C)C(C)CSiC
SiCSi(C)(C)C(C)Si(C)C
SiCSi(C)(C)C(C)SiCC
SiCSi(C)(C)C(CC)CSi
SiCSi(C)(C)C(CC)SiC
SiCSi(C)(C)C(Si)(C)CC
SiCSi(C)(C)C(Si)C(C)C
SiCSi(C)(C)C(Si)CCC
SiCSi(C)(C)CC(C)CSi
SiCSi(C)(C)CC(C)SiC
SiCSi(C)(C)CC(Si)CC
SiCSi(C)(C)CCCCSi
SiCSi(C)(C)CCCSiC
SiCSi(C)(C)CCSi(C)C
SiCSi(C)(C)CCSiCC
SiCSi(C)(C)CSi(C)(C)C
SiCSi(C)(C)CSi(C)CC
SiCSi(C)(C)CSiC(C)C
SiCSi(C)(C)CSiCCC
SiCSi(C)(C)Si(C)(C)CC
SiCSi(C)(C)Si(C)C(C)C
SiCSi(C)(C)Si(C)CCC
SiCSi(C)(C)Si(CC)CC
SiCSi(C)(C)SiC(C)(C)C
SiCSi(C)(C)SiC(C)CC
SiCSi(C)(C)SiCC(C)C
SiCSi(C)(C)SiCCCC
SiCSi(C)C(C(C)C)SiC
SiCSi(C)C(C)(C)CCSi
SiCSi(C)C(C)(C)CSiC
SiCSi(C)C(C)(C)Si(C)C
SiCSi(C)C(C)(C)SiCC
SiCSi(C)C(C)C(C)CSi
SiCSi(C)C(C)C(C)SiC
SiCSi(C)C(C)C(Si)CC
SiCSi(C)C(C)CCCSi
SiCSi(C)C(C)CCSiC
SiCSi(C)C(C)CSi(C)C
SiCSi(C)C(C)CSiCC
SiCSi(C)C(C)Si(C)(C)C
SiCSi(C)C(C)Si(C)CC
SiCSi(C)C(C)SiC(C)C
SiCSi(C)C(C)SiCCC
SiCSi(C)C(CC)(C)CSi
SiCSi(C)C(CC)(C)SiC
SiCSi(C)C(CC)(Si)CC
SiCSi(C)C(CC)CCSi
SiCSi(C)C(CC)CSiC
SiCSi(C)C(CC)Si(C)C
SiCSi(C)C(CC)SiCC
SiCSi(C)C(CSi)C(C)C
SiCSi(C)C(CSi)CCC
SiCSi(C)C(Si)(C)C(C)C
SiCSi(C)C(Si)(C)CCC
SiCSi(C)C(Si)C(C)(C)C
SiCSi(C)C(Si)C(C)CC
SiCSi(C)C(Si)CC(C)C
SiCSi(C)C(Si)CCCC
SiCSi(C)C(SiC)CCC
SiCSi(C)CC(C)(C)CSi
SiCSi(C)CC(C)(C)SiC
SiCSi(C)CC(C)CCSi
SiCSi(C)CC(C)CSiC
SiCSi(C)CC(C)Si(C)C
SiCSi(C)CC(C)SiCC
SiCSi(C)CC(CC)CSi
SiCSi(C)CC(CC)SiC
SiCSi(C)CC(Si)(C)CC
SiCSi(C)CC(Si)C(C)C
SiCSi(C)CC(Si)CCC
SiCSi(C)CCC(C)CSi
SiCSi(C)CCC(C)SiC
SiCSi(C)CCC(Si)CC
SiCSi(C)CCCCCSi
SiCSi(C)CCCCSiC
SiCSi(C)CCCSi(C)C
SiCSi(C)CCCSiCC
SiCSi(C)CCSi(C)(C)C
SiCSi(C)CCSi(C)CC
SiCSi(C)CCSiC(C)C
SiCSi(C)CCSiCCC
SiCSi(C)CSi(C)(C)CC
SiCSi(C)CSi(C)C(C)C
SiCSi(C)CSi(C)CCC
SiCSi(C)CSi(CC)CC
SiCSi(C)CSiC(C)(C)C
SiCSi(C)CSiC(C)CC
SiCSi(C)CSiCC(C)C
SiCSi(C)CSiCCCC
SiCSi(C)Si(C)(C)C(C)C
SiCSi(C)Si(C)(C)CCC
SiCSi(C)Si(C)C(C)(C)C
SiCSi(C)Si(C)C(C)CC
SiCSi(C)Si(C)CC(C)C
SiCSi(C)Si(C)CCCC
SiCSi(C)Si(CC)(C)CC
SiCSi(C)Si(CC)C(C)C
SiCSi(C)Si(CC)CCC
SiCSi(C)SiC(C)(C)CC
SiCSi(C)SiC(C)C(C)C
SiCSi(C)SiC(C)CCC
SiCSi(C)SiC(CC)CC
SiCSi(C)SiCC(C)(C)C
SiCSi(C)SiCC(C)CC
SiCSi(C)SiCCC(C)C
SiCSi(C)SiCCCCC
SiCSi(CC)(C)C(C)CSi
SiCSi(CC)(C)C(C)SiC
SiCSi(CC)(C)C(Si)CC
SiCSi(CC)(C)CCCSi
SiCSi(CC)(C)CCSiC
SiCSi(CC)(C)CSi(C)C
SiCSi(CC)(C)CSiCC
SiCSi(CC)(C)Si(C)(C)C
SiCSi(CC)(C)Si(C)CC
SiCSi(CC)(C)SiC(C)C
SiCSi(CC)(C)SiCCC
SiCSi(CC)(CC)CCSi
SiCSi(CC)(CC)CSiC
SiCSi(CC)(CC)Si(C)C
SiCSi(CC)(CC)SiCC
SiCSi(CC)(Si)C(C)(C)C
SiCSi(CC)(Si)C(C)CC
SiCSi(CC)(Si)CC(C)C
SiCSi(CC)(Si)CCCC
SiCSi(CC)C(C)(C)CSi
SiCSi(CC)C(C)(C)SiC
SiCSi(CC)C(C)CCSi
SiCSi(CC)C(C)CSiC
SiCSi(CC)C(C)Si(C)C
SiCSi(CC)C(C)SiCC
SiCSi(CC)C(CC)CSi
SiCSi(CC)C(CC)SiC
SiCSi(CC)C(Si)(C)CC
SiCSi(CC)C(Si)C(C)C
SiCSi(CC)C(Si)CCC
SiCSi(CC)CC(C)CSi
SiCSi(CC)CC(C)SiC
SiCSi(CC)CC(Si)CC
SiCSi(CC)CCCCSi
SiCSi(CC)CCCSiC
SiCSi(CC)CCSi(C)C
SiCSi(CC)CCSiCC
SiCSi(CC)CSi(C)(C)C
SiCSi(CC)CSi(C)CC
SiCSi(CC)CSiC(C)C
SiCSi(CC)CSiCCC
SiCSi(CC)Si(C)(C)CC
SiCSi(CC)Si(C)C(C)C
SiCSi(CC)Si(C)CCC
SiCSi(CC)Si(CC)CC
SiCSi(CC)SiC(C)(C)C
SiCSi(CC)SiC(C)CC
SiCSi(CC)SiCC(C)C
SiCSi(CC)SiCCCC
SiCSi(CSi)(C)C(C)(C)C
SiCSi(CSi)(C)C(C)CC
SiCSi(CSi)(C)CC(C)C
SiCSi(CSi)(C)CCCC
SiCSi(CSi)(CC)C(C)C
SiCSi(CSi)(CC)CCC
SiCSi(CSi)C(C)(C)CC
SiCSi(CSi)C(C)C(C)C
SiCSi(CSi)C(C)CCC
SiCSi(CSi)C(CC)CC
SiCSi(CSi)CC(C)(C)C
SiCSi(CSi)CC(C)CC
SiCSi(CSi)CCC(C)C
SiCSi(CSi)CCCCC
SiCSi(Si(C)(C)C)CCC
SiCSi(Si(C)C)(C)CCC
SiCSi(Si(C)C)C(C)CC
SiCSi(Si(C)C)CC(C)C
SiCSi(Si(C)C)CCCC
SiCSi(Si)(C)C(C)(C)CC
SiCSi(Si)(C)C(C)C(C)C
SiCSi(Si)(C)C(C)CCC
SiCSi(Si)(C)C(CC)CC
SiCSi(Si)(C)CC(C)(C)C
SiCSi(Si)(C)CC(C)CC
SiCSi(Si)(C)CCC(C)C
SiCSi(Si)(C)CCCCC
SiCSi(Si)C(C)(C)C(C)C
SiCSi(Si)C(C)(C)CCC
SiCSi(Si)C(C)C(C)(C)C
SiCSi(Si)C(C)C(C)CC
SiCSi(Si)C(C)CC(C)C
SiCSi(Si)C(C)CCCC
SiCSi(Si)C(CC)(C)CC
SiCSi(Si)C(CC)C(C)C
SiCSi(Si)C(CC)CCC
SiCSi(Si)CC(C)(C)CC
SiCSi(Si)CC(C)C(C)C
SiCSi(Si)CC(C)CCC
SiCSi(Si)CC(CC)CC
SiCSi(Si)CCC(C)(C)C
SiCSi(Si)CCC(C)CC
SiCSi(Si)CCCC(C)C
SiCSi(Si)CCCCCC
SiCSi(SiC)(C)C(C)CC
SiCSi(SiC)(C)CC(C)C
SiCSi(SiC)(C)CCCC
SiCSi(SiC)(CC)CCC
SiCSi(SiC)C(C)(C)CC
SiCSi(SiC)C(C)C(C)C
SiCSi(SiC)C(C)CCC
SiCSi(SiC)C(CC)CC
SiCSi(SiC)CC(C)(C)C
SiCSi(SiC)CC(C)CC
SiCSi(SiC)CCC(C)C
SiCSi(SiC)CCCCC
SiCSiC(C(C)(C)C)SiC
SiCSiC(C(C)C)(C)SiC
SiCSiC(C(C)C)CCSi
SiCSiC(C(C)C)CSiC
SiCSiC(C(C)C)Si(C)C
SiCSiC(C(C)C)SiCC
SiCSiC(C(C)Si)CCC
SiCSiC(C)(C)C(C)CSi
SiCSiC(C)(C)C(C)SiC
SiCSiC(C)(C)C(Si)CC
SiCSiC(C)(C)CCCSi
SiCSiC(C)(C)CCSiC
SiCSiC(C)(C)CSi(C)C
SiCSiC(C)(C)CSiCC
SiCSiC(C)(C)Si(C)(C)C
SiCSiC(C)(C)Si(C)CC
SiCSiC(C)(C)SiC(C)C
SiCSiC(C)(C)SiCCC
SiCSiC(C)C(C)(C)CSi
SiCSiC(C)C(C)(C)SiC
SiCSiC(C)C(C)CCSi
SiCSiC(C)C(C)CSiC
SiCSiC(C)C(C)Si(C)C
SiCSiC(C)C(C)SiCC
SiCSiC(C)C(CC)CSi
SiCSiC(C)C(CC)SiC
SiCSiC(C)C(Si)(C)CC
SiCSiC(C)C(Si)C(C)C
SiCSiC(C)C(Si)CCC
SiCSiC(C)CC(C)CSi
SiCSiC(C)CC(C)SiC
SiCSiC(C)CC(Si)CC
SiCSiC(C)CCCCSi
SiCSiC(C)CCCSiC
SiCSiC(C)CCSi(C)C
SiCSiC(C)CCSiCC
SiCSiC(C)CSi(C)(C)C
SiCSiC(C)CSi(C)CC
SiCSiC(C)CSiC(C)C
SiCSiC(C)CSiCCC
SiCSiC(C)Si(C)(C)CC
SiCSiC(C)Si(C)C(C)C
SiCSiC(C)Si(C)CCC
SiCSiC(C)Si(CC)CC
SiCSiC(C)SiC(C)(C)C
SiCSiC(C)SiC(C)CC
SiCSiC(C)SiCC(C)C
SiCSiC(C)SiCCCC
SiCSiC(CC)(C)CCSi
SiCSiC(CC)(C)CSiC
SiCSiC(CC)(C)Si(C)C
SiCSiC(CC)(C)SiCC
SiCSiC(CC)(CC)CSi
SiCSiC(CC)(CC)SiC
SiCSiC(CC)(Si)C(C)C
SiCSiC(CC)(Si)CCC
SiCSiC(CC)C(C)CSi
SiCSiC(CC)C(C)SiC
SiCSiC(CC)C(Si)CC
SiCSiC(CC)CCCSi
SiCSiC(CC)CCSiC
SiCSiC(CC)CSi(C)C
SiCSiC(CC)CSiCC
SiCSiC(CC)Si(C)(C)C
SiCSiC(CC)Si(C)CC
SiCSiC(CC)SiC(C)C
SiCSiC(CC)SiCCC
SiCSiC(CCC)CCSi
SiCSiC(CCC)CSiC
SiCSiC(CCC)SiCC
SiCSiC(CSi)(C)C(C)C
SiCSiC(CSi)(C)CCC
SiCSiC(CSi)C(C)(C)C
SiCSiC(CSi)C(C)CC
SiCSiC(CSi)CC(C)C
SiCSiC(CSi)CCCC
SiCSiC(Si(C)C)CCC
SiCSiC(Si)(C)C(C)(C)C
SiCSiC(Si)(C)C(C)CC
SiCSiC(Si)(C)CC(C)C
SiCSiC(Si)(C)CCCC
SiCSiC(Si)C(C)(C)CC
SiCSiC(Si)C(C)C(C)C
SiCSiC(Si)C(C)CCC
SiCSiC(Si)C(CC)CC
SiCSiC(Si)CC(C)(C)C
SiCSiC(Si)CC(C)CC
SiCSiC(Si)CCC(C)C
SiCSiC(Si)CCCCC
SiCSiC(SiC)(C)CCC
SiCSiC(SiC)C(C)CC
SiCSiC(SiC)CC(C)C
SiCSiC(SiC)CCCC
SiCSiCC(C(C)C)SiC
SiCSiCC(C)(C)CCSi
SiCSiCC(C)(C)CSiC
SiCSiCC(C)(C)Si(C)C
SiCSiCC(C)(C)SiCC
SiCSiCC(C)C(C)CSi
SiCSiCC(C)C(C)SiC
SiCSiCC(C)C(Si)CC
SiCSiCC(C)CCCSi
SiCSiCC(C)CCSiC
SiCSiCC(C)CSi(C)C
SiCSiCC(C)CSiCC
SiCSiCC(C)Si(C)(C)C
SiCSiCC(C)Si(C)CC
SiCSiCC(C)SiC(C)C
SiCSiCC(C)SiCCC
SiCSiCC(CC)(C)CSi
SiCSiCC(CC)(C)SiC
SiCSiCC(CC)(Si)CC
SiCSiCC(CC)CCSi
SiCSiCC(CC)CSiC
SiCSiCC(CC)Si(C)C
SiCSiCC(CC)SiCC
SiCSiCC(CSi)C(C)C
SiCSiCC(CSi)CCC
SiCSiCC(Si)(C)C(C)C
SiCSiCC(Si)(C)CCC
SiCSiCC(Si)C(C)(C)C
SiCSiCC(Si)C(C)CC
SiCSiCC(Si)CC(C)C
SiCSiCC(Si)CCCC
SiCSiCC(SiC)CCC
SiCSiCCC(C)(C)CSi
SiCSiCCC(C)(C)SiC
SiCSiCCC(C)CCSi
SiCSiCCC(C)CSiC
SiCSiCCC(C)Si(C)C
SiCSiCCC(C)SiCC
SiCSiCCC(CC)CSi
SiCSiCCC(CC)SiC
SiCSiCCC(Si)(C)CC
SiCSiCCC(Si)C(C)C
SiCSiCCC(Si)CCC
SiCSiCCCC(C)CSi
SiCSiCCCC(C)SiC
SiCSiCCCC(Si)CC
SiCSiCCCCCCSi
SiCSiCCCCCSiC
SiCSiCCCCSi(C)C
SiCSiCCCCSiCC
SiCSiCCCSi(C)(C)C
SiCSiCCCSi(C)CC
SiCSiCCCSiC(C)C
SiCSiCCCSiCCC
SiCSiCCSi(C)(C)CC
SiCSiCCSi(C)C(C)C
SiCSiCCSi(C)CCC
SiCSiCCSi(CC)CC
SiCSiCCSiC(C)(C)C
SiCSiCCSiC(C)CC
SiCSiCCSiCC(C)C
SiCSiCCSiCCCC
SiCSiCSi(C)(C)C(C)C
SiCSiCSi(C)(C)CCC
SiCSiCSi(C)C(C)(C)C
SiCSiCSi(C)C(C)CC
SiCSiCSi(C)CC(C)C
SiCSiCSi(C)CCCC
SiCSiCSi(CC)(C)CC
SiCSiCSi(CC)C(C)C
SiCSiCSi(CC)CCC
SiCSiCSiC(C)(C)CC
SiCSiCSiC(C)C(C)C
SiCSiCSiC(C)CCC
SiCSiCSiC(CC)CC
SiCSiCSiCC(C)(C)C
SiCSiCSiCC(C)CC
SiCSiCSiCCC(C)C
SiCSiCSiCCCCC
SiCSiSi(C(C)C)C(C)C
SiCSiSi(C(C)C)CCC
SiCSiSi(C)(C)C(C)(C)C
SiCSiSi(C)(C)C(C)CC
SiCSiSi(C)(C)CC(C)C
SiCSiSi(C)(C)CCCC
SiCSiSi(C)C(C)(C)CC
SiCSiSi(C)C(C)C(C)C
SiCSiSi(C)C(C)CCC
SiCSiSi(C)C(CC)CC
SiCSiSi(C)CC(C)(C)C
SiCSiSi(C)CC(C)CC
SiCSiSi(C)CCC(C)C
SiCSiSi(C)CCCCC
SiCSiSi(CC)(C)C(C)C
SiCSiSi(CC)(C)CCC
SiCSiSi(CC)(CC)CC
SiCSiSi(CC)C(C)(C)C
SiCSiSi(CC)C(C)CC
SiCSiSi(CC)CC(C)C
SiCSiSi(CC)CCCC
SiCSiSi(CCC)CCC
SiCSiSiC(C)(C)C(C)C
SiCSiSiC(C)(C)CCC
SiCSiSiC(C)C(C)(C)C
SiCSiSiC(C)C(C)CC
SiCSiSiC(C)CC(C)C
SiCSiSiC(C)CCCC
SiCSiSiC(CC)(C)CC
SiCSiSiC(CC)C(C)C
SiCSiSiC(CC)CCC
SiCSiSiCC(C)(C)CC
SiCSiSiCC(C)C(C)C
SiCSiSiCC(C)CCC
SiCSiSiCC(CC)CC
SiCSiSiCCC(C)(C)C
SiCSiSiCCC(C)CC
SiCSiSiCCCC(C)C
SiCSiSiCCCCCC
SiSi(C)(C)C(C(C)C)SiC
SiSi(C)(C)C(C)(C)C(C)Si
SiSi(C)(C)C(C)(C)CCSi
SiSi(C)(C)C(C)(C)CSiC
SiSi(C)(C)C(C)(C)Si(C)C
SiSi(C)(C)C(C)(C)SiCC
SiSi(C)(C)C(C)C(C)(C)Si
SiSi(C)(C)C(C)C(C)CSi
SiSi(C)(C)C(C)C(C)SiC
SiSi(C)(C)C(C)C(Si)CC
SiSi(C)(C)C(C)CC(C)Si
SiSi(C)(C)C(C)CCCSi
SiSi(C)(C)C(C)CCSiC
SiSi(C)(C)C(C)CSi(C)C
SiSi(C)(C)C(C)CSiCC
SiSi(C)(C)C(C)Si(C)(C)C
SiSi(C)(C)C(C)Si(C)CC
SiSi(C)(C)C(C)SiC(C)C
SiSi(C)(C)C(C)SiCCC
SiSi(C)(C)C(CC)(C)CSi
SiSi(C)(C)C(CC)(C)SiC
SiSi(C)(C)C(CC)(Si)CC
SiSi(C)(C)C(CC)C(C)Si
SiSi(C)(C)C(CC)CCSi
SiSi(C)(C)C(CC)CSiC
SiSi(C)(C)C(CC)Si(C)C
SiSi(C)(C)C(CC)SiCC
SiSi(C)(C)C(CSi)C(C)C
SiSi(C)(C)C(CSi)CCC
SiSi(C)(C)C(Si)(C)C(C)C
SiSi(C)(C)C(Si)(C)CCC
SiSi(C)(C)C(Si)C(C)(C)C
SiSi(C)(C)C(Si)C(C)CC
SiSi(C)(C)C(Si)CC(C)C
SiSi(C)(C)C(Si)CCCC
SiSi(C)(C)C(SiC)CCC
SiSi(C)(C)CC(C)(C)CSi
SiSi(C)(C)CC(C)(C)SiC
SiSi(C)(C)CC(C)C(C)Si
SiSi(C)(C)CC(C)CCSi
SiSi(C)(C)CC(C)CSiC
SiSi(C)(C)CC(C)Si(C)C
SiSi(C)(C)CC(C)SiCC
SiSi(C)(C)CC(CC)CSi
SiSi(C)(C)CC(CC)SiC
SiSi(C)(C)CC(Si)(C)CC
SiSi(C)(C)CC(Si)C(C)C
SiSi(C)(C)CC(Si)CCC
SiSi(C)(C)CCC(C)(C)Si
SiSi(C)(C)CCC(C)CSi
SiSi(C)(C)CCC(C)SiC
SiSi(C)(C)CCC(Si)CC
SiSi(C)(C)CCCC(C)Si
SiSi(C)(C)CCCCCSi
SiSi(C)(C)CCCCSiC
SiSi(C)(C)CCCSi(C)C
SiSi(C)(C)CCCSiCC
SiSi(C)(C)CCSi(C)(C)C
SiSi(C)(C)CCSi(C)CC
SiSi(C)(C)CCSiC(C)C
SiSi(C)(C)CCSiCCC
SiSi(C)(C)CSi(C)(C)CC
SiSi(C)(C)CSi(C)C(C)C
SiSi(C)(C)CSi(C)CCC
SiSi(C)(C)CSi(CC)CC
SiSi(C)(C)CSiC(C)(C)C
SiSi(C)(C)CSiC(C)CC
SiSi(C)(C)CSiCC(C)C
SiSi(C)(C)CSiCCCC
SiSi(C)(C)Si(C)(C)C(C)C
SiSi(C)(C)Si(C)(C)CCC
SiSi(C)(C)Si(C)C(C)(C)C
SiSi(C)(C)Si(C)C(C)CC
SiSi(C)(C)Si(C)CC(C)C
SiSi(C)(C)Si(C)CCCC
SiSi(C)(C)Si(CC)(C)CC
SiSi(C)(C)Si(CC)C(C)C
SiSi(C)(C)Si(CC)CCC
SiSi(C)(C)SiC(C)(C)CC
SiSi(C)(C)SiC(C)C(C)C
SiSi(C)(C)SiC(C)CCC
SiSi(C)(C)SiC(CC)CC
SiSi(C)(C)SiCC(C)(C)C
SiSi(C)(C)SiCC(C)CC
SiSi(C)(C)SiCCC(C)C
SiSi(C)(C)SiCCCCC
SiSi(C)C(C(C)(C)C)SiC
SiSi(C)C(C(C)C)(C)SiC
SiSi(C)C(C(C)C)C(Si)C
SiSi(C)C(C(C)C)CCSi
SiSi(C)C(C(C)C)CSiC
SiSi(C)C(C(C)C)Si(C)C
SiSi(C)C(C(C)C)SiCC
SiSi(C)C(C(C)Si)CCC
SiSi(C)C(C)(C)C(C)(C)Si
SiSi(C)C(C)(C)C(C)CSi
SiSi(C)C(C)(C)C(C)SiC
SiSi(C)C(C)(C)C(Si)CC
SiSi(C)C(C)(C)CC(C)Si
SiSi(C)C(C)(C)CCCSi
SiSi(C)C(C)(C)CCSiC
SiSi(C)C(C)(C)CSi(C)C
SiSi(C)C(C)(C)CSiCC
SiSi(C)C(C)(C)Si(C)(C)C
SiSi(C)C(C)(C)Si(C)CC
SiSi(C)C(C)(C)SiC(C)C
SiSi(C)C(C)(C)SiCCC
SiSi(C)C(C)C(C)(C)CSi
SiSi(C)C(C)C(C)(C)SiC
SiSi(C)C(C)C(C)C(C)Si
SiSi(C)C(C)C(C)CCSi
SiSi(C)C(C)C(C)CSiC
SiSi(C)C(C)C(C)Si(C)C
SiSi(C)C(C)C(C)SiCC
SiSi(C)C(C)C(CC)CSi
SiSi(C)C(C)C(CC)SiC
SiSi(C)C(C)C(Si)(C)CC
SiSi(C)C(C)C(Si)C(C)C
SiSi(C)C(C)C(Si)CCC
SiSi(C)C(C)CC(C)(C)Si
SiSi(C)C(C)CC(C)CSi
SiSi(C)C(C)CC(C)SiC
SiSi(C)C(C)CC(Si)CC
SiSi(C)C(C)CCC(C)Si
SiSi(C)C(C)CCCCSi
SiSi(C)C(C)CCCSiC
SiSi(C)C(C)CCSi(C)C
SiSi(C)C(C)CCSiCC
SiSi(C)C(C)CSi(C)(C)C
SiSi(C)C(C)CSi(C)CC
SiSi(C)C(C)CSiC(C)C
SiSi(C)C(C)CSiCCC
SiSi(C)C(C)Si(C)(C)CC
SiSi(C)C(C)Si(C)C(C)C
SiSi(C)C(C)Si(C)CCC
SiSi(C)C(C)Si(CC)CC
SiSi(C)C(C)SiC(C)(C)C
SiSi(C)C(C)SiC(C)CC
SiSi(C)C(C)SiCC(C)C
SiSi(C)C(C)SiCCCC
SiSi(C)C(CC)(C)C(C)Si
SiSi(C)C(CC)(C)CCSi
SiSi(C)C(CC)(C)CSiC
SiSi(C)C(CC)(C)Si(C)C
SiSi(C)C(CC)(C)SiCC
SiSi(C)C(CC)(CC)CSi
SiSi(C)C(CC)(CC)SiC
SiSi(C)C(CC)(Si)C(C)C
SiSi(C)C(CC)(Si)CCC
SiSi(C)C(CC)C(C)(C)Si
SiSi(C)C(CC)C(C)CSi
SiSi(C)C(CC)C(C)SiC
SiSi(C)C(CC)C(Si)CC
SiSi(C)C(CC)CC(C)Si
SiSi(C)C(CC)CCCSi
SiSi(C)C(CC)CCSiC
SiSi(C)C(CC)CSi(C)C
SiSi(C)C(CC)CSiCC
SiSi(C)C(CC)Si(C)(C)C
SiSi(C)C(CC)Si(C)CC
SiSi(C)C(CC)SiC(C)C
SiSi(C)C(CC)SiCCC
SiSi(C)C(CSi)(C)C(C)C
SiSi(C)C(CSi)(C)CCC
SiSi(C)C(CSi)C(C)(C)C
SiSi(C)C(CSi)C(C)CC
SiSi(C)C(CSi)CC(C)C
SiSi(C)C(CSi)CCCC
SiSi(C)C(Si(C)C)CCC
SiSi(C)C(Si)(C)C(C)(C)C
SiSi(C)C(Si)(C)C(C)CC
SiSi(C)C(Si)(C)CC(C)C
SiSi(C)C(Si)(C)CCCC
SiSi(C)C(Si)C(C)(C)CC
SiSi(C)C(Si)C(C)C(C)C
SiSi(C)C(Si)C(C)CCC
SiSi(C)C(Si)C(CC)CC
SiSi(C)C(Si)CC(C)(C)C
SiSi(C)C(Si)CC(C)CC
SiSi(C)C(Si)CCC(C)C
SiSi(C)C(Si)CCCCC
SiSi(C)C(SiC)(C)CCC
SiSi(C)C(SiC)C(C)CC
SiSi(C)C(SiC)CC(C)C
SiSi(C)C(SiC)CCCC
SiSi(C)CC(C(C)C)SiC
SiSi(C)CC(C)(C)C(C)Si
SiSi(C)CC(C)(C)CCSi
SiSi(C)CC(C)(C)CSiC
SiSi(C)CC(C)(C)Si(C)C
SiSi(C)CC(C)(C)SiCC
SiSi(C)CC(C)C(C)(C)Si
SiSi(C)CC(C)C(C)CSi
SiSi(C)CC(C)C(C)SiC
SiSi(C)CC(C)C(Si)CC
SiSi(C)CC(C)CC(C)Si
SiSi(C)CC(C)CCCSi
SiSi(C)CC(C)CCSiC
SiSi(C)CC(C)CSi(C)C
SiSi(C)CC(C)CSiCC
SiSi(C)CC(C)Si(C)(C)C
SiSi(C)CC(C)Si(C)CC
SiSi(C)CC(C)SiC(C)C
SiSi(C)CC(C)SiCCC
SiSi(C)CC(CC)(C)CSi
SiSi(C)CC(CC)(C)SiC
SiSi(C)CC(CC)(Si)CC
SiSi(C)CC(CC)C(C)Si
SiSi(C)CC(CC)CCSi
SiSi(C)CC(CC)CSiC
SiSi(C)CC(CC)Si(C)C
SiSi(C)CC(CC)SiCC
SiSi(C)CC(CSi)C(C)C
SiSi(C)CC(CSi)CCC
SiSi(C)CC(Si)(C)C(C)C
SiSi(C)CC(Si)(C)CCC
SiSi(C)CC(Si)C(C)(C)C
SiSi(C)CC(Si)C(C)CC
SiSi(C)CC(Si)CC(C)C
SiSi(C)CC(Si)CCCC
SiSi(C)CC(SiC)CCC
SiSi(C)CCC(C)(C)CSi
SiSi(C)CCC(C)(C)SiC
SiSi(C)CCC(C)C(C)Si
SiSi(C)CCC(C)CCSi
SiSi(C)CCC(C)CSiC
SiSi(C)CCC(C)Si(C)C
SiSi(C)CCC(C)SiCC
SiSi(C)CCC(CC)CSi
SiSi(C)CCC(CC)SiC
SiSi(C)CCC(Si)(C)CC
SiSi(C)CCC(Si)C(C)C
SiSi(C)CCC(Si)CCC
SiSi(C)CCCC(C)(C)Si
SiSi(C)CCCC(C)CSi
SiSi(C)CCCC(C)SiC
SiSi(C)CCCC(Si)CC
SiSi(C)CCCCC(C)Si
SiSi(C)CCCCCCSi
SiSi(C)CCCCCSiC
SiSi(C)CCCCSi(C)C
SiSi(C)CCCCSiCC
SiSi(C)CCCSi(C)(C)C
SiSi(C)CCCSi(C)CC
SiSi(C)CCCSiC(C)C
SiSi(C)CCCSiCCC
SiSi(C)CCSi(C)(C)CC
SiSi(C)CCSi(C)C(C)C
SiSi(C)CCSi(C)CCC
SiSi(C)CCSi(CC)CC
SiSi(C)CCSiC(C)(C)C
SiSi(C)CCSiC(C)CC
SiSi(C)CCSiCC(C)C
SiSi(C)CCSiCCCC
SiSi(C)CSi(C)(C)C(C)C
SiSi(C)CSi(C)(C)CCC
SiSi(C)CSi(C)C(C)(C)C
SiSi(C)CSi(C)C(C)CC
SiSi(C)CSi(C)CC(C)C
SiSi(C)CSi(C)CCCC
SiSi(C)CSi(CC)(C)CC
SiSi(C)CSi(CC)C(C)C
SiSi(C)CSi(CC)CCC
SiSi(C)CSiC(C)(C)CC
SiSi(C)CSiC(C)C(C)C
SiSi(C)CSiC(C)CCC
SiSi(C)CSiC(CC)CC
SiSi(C)CSiCC(C)(C)C
SiSi(C)CSiCC(C)CC
SiSi(C)CSiCCC(C)C
SiSi(C)CSiCCCCC
SiSi(C)Si(C(C)C)C(C)C
SiSi(C)Si(C(C)C)CCC
SiSi(C)Si(C)(C)C(C)(C)C
SiSi(C)Si(C)(C)C(C)CC
SiSi(C)Si(C)(C)CC(C)C
SiSi(C)Si(C)(C)CCCC
SiSi(C)Si(C)C(C)(C)CC
SiSi(C)Si(C)C(C)C(C)C
SiSi(C)Si(C)C(C)CCC
SiSi(C)Si(C)C(CC)CC
SiSi(C)Si(C)CC(C)(C)C
SiSi(C)Si(C)CC(C)CC
SiSi(C)Si(C)CCC(C)C
SiSi(C)Si(C)CCCCC
SiSi(C)Si(CC)(C)C(C)C
SiSi(C)Si(CC)(C)CCC
SiSi(C)Si(CC)(CC)CC
SiSi(C)Si(CC)C(C)(C)C
SiSi(C)Si(CC)C(C)CC
SiSi(C)Si(CC)CC(C)C
SiSi(C)Si(CC)CCCC
SiSi(C)SiC(C)(C)C(C)C
SiSi(C)SiC(C)(C)CCC
SiSi(C)SiC(C)C(C)(C)C
SiSi(C)SiC(C)C(C)CC
SiSi(C)SiC(C)CC(C)C
SiSi(C)SiC(C)CCCC
SiSi(C)SiC(CC)(C)CC
SiSi(C)SiC(CC)C(C)C
SiSi(C)SiC(CC)CCC
SiSi(C)SiCC(C)(C)CC
SiSi(C)SiCC(C)C(C)C
SiSi(C)SiCC(C)CCC
SiSi(C)SiCC(CC)CC
SiSi(C)SiCCC(C)(C)C
SiSi(C)SiCCC(C)CC
SiSi(C)SiCCCC(C)C
SiSi(C)SiCCCCCC
SiSi(Si)(C)C(C)(C)C(C)C
SiSi(Si)(C)C(C)(C)CCC
SiSi(Si)(C)C(C)C(C)(C)C
SiSi(Si)(C)C(C)C(C)CC
SiSi(Si)(C)C(C)CC(C)C
SiSi(Si)(C)C(C)CCCC
SiSi(Si)(C)C(CC)(C)CC
SiSi(Si)(C)C(CC)C(C)C
SiSi(Si)(C)C(CC)CCC
SiSi(Si)(C)CC(C)(C)CC
SiSi(Si)(C)CC(C)C(C)C
SiSi(Si)(C)CC(C)CCC
SiSi(Si)(C)CC(CC)CC
SiSi(Si)(C)CCC(C)(C)C
SiSi(Si)(C)CCC(C)CC
SiSi(Si)(C)CCCC(C)C
SiSi(Si)(C)CCCCCC
SiSi(Si)C(C(C)C)C(C)C
SiSi(Si)C(C(C)C)CCC
SiSi(Si)C(C)(C)C(C)(C)C
SiSi(Si)C(C)(C)C(C)CC
SiSi(Si)C(C)(C)CC(C)C
SiSi(Si)C(C)(C)CCCC
SiSi(Si)C(C)C(C)(C)CC
SiSi(Si)C(C)C(C)C(C)C
SiSi(Si)C(C)C(C)CCC
SiSi(Si)C(C)C(CC)CC
SiSi(Si)C(C)CC(C)(C)C
SiSi(Si)C(C)CC(C)CC
SiSi(Si)C(C)CCC(C)C
SiSi(Si)C(C)CCCCC
SiSi(Si)C(CC)(C)C(C)C
SiSi(Si)C(CC)(C)CCC
SiSi(Si)C(CC)(CC)CC
SiSi(Si)C(CC)C(C)(C)C
SiSi(Si)C(CC)C(C)CC
SiSi(Si)C(CC)CC(C)C
SiSi(Si)C(CC)CCCC
SiSi(Si)CC(C)(C)C(C)C
SiSi(Si)CC(C)(C)CCC
SiSi(Si)CC(C)C(C)(C)C
SiSi(Si)CC(C)C(C)CC
SiSi(Si)CC(C)CC(C)C
SiSi(Si)CC(C)CCCC
SiSi(Si)CC(CC)(C)CC
SiSi(Si)CC(CC)C(C)C
SiSi(Si)CC(CC)CCC
SiSi(Si)CCC(C)(C)CC
SiSi(Si)CCC(C)C(C)C
SiSi(Si)CCC(C)CCC
SiSi(Si)CCC(CC)CC
SiSi(Si)CCCC(C)(C)C
SiSi(Si)CCCC(C)CC
SiSi(Si)CCCCC(C)C
SiSi(Si)CCCCCCC
SiSiC(C(C)(C)C)(C)SiC
SiSiC(C(C)(C)C)CCSi
SiSiC(C(C)(C)C)CSiC
SiSiC(C(C)(C)C)Si(C)C
SiSiC(C(C)(C)C)SiCC
SiSiC(C(C)(C)Si)CCC
SiSiC(C(C)C)(C)C(Si)C
SiSiC(C(C)C)(C)CCSi
SiSiC(C(C)C)(C)CSiC
SiSiC(C(C)C)(C)Si(C)C
SiSiC(C(C)C)(C)SiCC
SiSiC(C(C)C)(CC)SiC
SiSiC(C(C)C)(Si)C(C)C
SiSiC(C(C)C)(Si)CCC
SiSiC(C(C)C)C(C)(C)Si
SiSiC(C(C)C)C(C)CSi
SiSiC(C(C)C)C(C)SiC
SiSiC(C(C)C)C(Si)CC
SiSiC(C(C)C)CC(C)Si
SiSiC(C(C)C)CCCSi
SiSiC(C(C)C)CCSiC
SiSiC(C(C)C)CSi(C)C
SiSiC(C(C)C)CSiCC
SiSiC(C(C)C)Si(C)(C)C
SiSiC(C(C)C)Si(C)CC
SiSiC(C(C)C)SiC(C)C
SiSiC(C(C)C)SiCCC
SiSiC(C(C)Si)(C)CCC
SiSiC(C(C)Si)C(C)(C)C
SiSiC(C(C)Si)C(C)CC
SiSiC(C(C)Si)CC(C)C
SiSiC(C(C)Si)CCCC
SiSiC(C)(C)C(C)(C)CSi
SiSiC(C)(C)C(C)(C)SiC
SiSiC(C)(C)C(C)C(C)Si
SiSiC(C)(C)C(C)CCSi
SiSiC(C)(C)C(C)CSiC
SiSiC(C)(C)C(C)Si(C)C
SiSiC(C)(C)C(C)SiCC
SiSiC(C)(C)C(CC)CSi
SiSiC(C)(C)C(CC)SiC
SiSiC(C)(C)C(Si)(C)CC
SiSiC(C)(C)C(Si)C(C)C
SiSiC(C)(C)C(Si)CCC
SiSiC(C)(C)CC(C)(C)Si
SiSiC(C)(C)CC(C)CSi
SiSiC(C)(C)CC(C)SiC
SiSiC(C)(C)CC(Si)CC
SiSiC(C)(C)CCC(C)Si
SiSiC(C)(C)CCCCSi
SiSiC(C)(C)CCCSiC
SiSiC(C)(C)CCSi(C)C
SiSiC(C)(C)CCSiCC
SiSiC(C)(C)CSi(C)(C)C
SiSiC(C)(C)CSi(C)CC
SiSiC(C)(C)CSiC(C)C
SiSiC(C)(C)CSiCCC
SiSiC(C)(C)Si(C)(C)CC
SiSiC(C)(C)Si(C)C(C)C
SiSiC(C)(C)Si(C)CCC
SiSiC(C)(C)Si(CC)CC
SiSiC(C)(C)SiC(C)(C)C
SiSiC(C)(C)SiC(C)CC
SiSiC(C)(C)SiCC(C)C
SiSiC(C)(C)SiCCCC
SiSiC(C)C(C(C)C)SiC
SiSiC(C)C(C)(C)C(C)Si
SiSiC(C)C(C)(C)CCSi
SiSiC(C)C(C)(C)CSiC
SiSiC(C)C(C)(C)Si(C)C
SiSiC(C)C(C)(C)SiCC
SiSiC(C)C(C)C(C)(C)Si
SiSiC(C)C(C)C(C)CSi
SiSiC(C)C(C)C(C)SiC
SiSiC(C)C(C)C(Si)CC
SiSiC(C)C(C)CC(C)Si
SiSiC(C)C(C)CCCSi
SiSiC(C)C(C)CCSiC
SiSiC(C)C(C)CSi(C)C
SiSiC(C)C(C)CSiCC
SiSiC(C)C(C)Si(C)(C)C
SiSiC(C)C(C)Si(C)CC
SiSiC(C)C(C)SiC(C)C
SiSiC(C)C(C)SiCCC
SiSiC(C)C(CC)(C)CSi
SiSiC(C)C(CC)(C)SiC
SiSiC(C)C(CC)(Si)CC
SiSiC(C)C(CC)C(C)Si
SiSiC(C)C(CC)CCSi
SiSiC(C)C(CC)CSiC
SiSiC(C)C(CC)Si(C)C
SiSiC(C)C(CC)SiCC
SiSiC(C)C(CSi)C(C)C
SiSiC(C)C(CSi)CCC
SiSiC(C)C(Si)(C)C(C)C
SiSiC(C)C(Si)(C)CCC
SiSiC(C)C(Si)C(C)(C)C
SiSiC(C)C(Si)C(C)CC
SiSiC(C)C(Si)CC(C)C
SiSiC(C)C(Si)CCCC
SiSiC(C)C(SiC)CCC
SiSiC(C)CC(C)(C)CSi
SiSiC(C)CC(C)(C)SiC
SiSiC(C)CC(C)C(C)Si
SiSiC(C)CC(C)CCSi
SiSiC(C)CC(C)CSiC
SiSiC(C)CC(C)Si(C)C
SiSiC(C)CC(C)SiCC
SiSiC(C)CC(CC)CSi
SiSiC(C)CC(CC)SiC
SiSiC(C)CC(Si)(C)CC
SiSiC(C)CC(Si)C(C)C
SiSiC(C)CC(Si)CCC
SiSiC(C)CCC(C)(C)Si
SiSiC(C)CCC(C)CSi
SiSiC(C)CCC(C)SiC
SiSiC(C)CCC(Si)CC
SiSiC(C)CCCC(C)Si
SiSiC(C)CCCCCSi
SiSiC(C)CCCCSiC
SiSiC(C)CCCSi(C)C
SiSiC(C)CCCSiCC
SiSiC(C)CCSi(C)(C)C
SiSiC(C)CCSi(C)CC
SiSiC(C)CCSiC(C)C
SiSiC(C)CCSiCCC
SiSiC(C)CSi(C)(C)CC
SiSiC(C)CSi(C)C(C)C
SiSiC(C)CSi(C)CCC
SiSiC(C)CSi(CC)CC
SiSiC(C)CSiC(C)(C)C
SiSiC(C)CSiC(C)CC
SiSiC(C)CSiCC(C)C
SiSiC(C)CSiCCCC
SiSiC(C)Si(C)(C)C(C)C
SiSiC(C)Si(C)(C)CCC
SiSiC(C)Si(C)C(C)(C)C
SiSiC(C)Si(C)C(C)CC
SiSiC(C)Si(C)CC(C)C
SiSiC(C)Si(C)CCCC
SiSiC(C)Si(CC)(C)CC
SiSiC(C)Si(CC)C(C)C
SiSiC(C)Si(CC)CCC
SiSiC(C)SiC(C)(C)CC
SiSiC(C)SiC(C)C(C)C
SiSiC(C)SiC(C)CCC
SiSiC(C)SiC(CC)CC
SiSiC(C)SiCC(C)(C)C
SiSiC(C)SiCC(C)CC
SiSiC(C)SiCCC(C)C
SiSiC(C)SiCCCCC
SiSiC(CC)(C)C(C)(C)Si
SiSiC(CC)(C)C(C)CSi
SiSiC(CC)(C)C(C)SiC
SiSiC(CC)(C)C(Si)CC
SiSiC(CC)(C)CC(C)Si
SiSiC(CC)(C)CCCSi
SiSiC(CC)(C)CCSiC
SiSiC(CC)(C)CSi(C)C
SiSiC(CC)(C)CSiCC
SiSiC(CC)(C)Si(C)(C)C
SiSiC(CC)(C)Si(C)CC
SiSiC(CC)(C)SiC(C)C
SiSiC(CC)(C)SiCCC
SiSiC(CC)(CC)C(C)Si
SiSiC(CC)(CC)CCSi
SiSiC(CC)(CC)CSiC
SiSiC(CC)(CC)Si(C)C
SiSiC(CC)(CC)SiCC
SiSiC(CC)(Si)C(C)(C)C
SiSiC(CC)(Si)C(C)CC
SiSiC(CC)(Si)CC(C)C
SiSiC(CC)(Si)CCCC
SiSiC(CC)C(C)(C)CSi
SiSiC(CC)C(C)(C)SiC
SiSiC(CC)C(C)C(C)Si
SiSiC(CC)C(C)CCSi
SiSiC(CC)C(C)CSiC
SiSiC(CC)C(C)Si(C)C
SiSiC(CC)C(C)SiCC
SiSiC(CC)C(CC)CSi
SiSiC(CC)C(CC)SiC
SiSiC(CC)C(Si)(C)CC
SiSiC(CC)C(Si)C(C)C
SiSiC(CC)C(Si)CCC
SiSiC(CC)CC(C)(C)Si
SiSiC(CC)CC(C)CSi
SiSiC(CC)CC(C)SiC
SiSiC(CC)CC(Si)CC
SiSiC(CC)CCC(C)Si
SiSiC(CC)CCCCSi
SiSiC(CC)CCCSiC
SiSiC(CC)CCSi(C)C
SiSiC(CC)CCSiCC
SiSiC(CC)CSi(C)(C)C
SiSiC(CC)CSi(C)CC
SiSiC(CC)CSiC(C)C
SiSiC(CC)CSiCCC
SiSiC(CC)Si(C)(C)CC
SiSiC(CC)Si(C)C(C)C
SiSiC(CC)Si(C)CCC
SiSiC(CC)Si(CC)CC
SiSiC(CC)SiC(C)(C)C
SiSiC(CC)SiC(C)CC
SiSiC(CC)SiCC(C)C
SiSiC(CC)SiCCCC
SiSiC(CSi)(C)C(C)(C)C
SiSiC(CSi)(C)C(C)CC
SiSiC(CSi)(C)CC(C)C
SiSiC(CSi)(C)CCCC
SiSiC(CSi)(CC)C(C)C
SiSiC(CSi)(CC)CCC
SiSiC(CSi)C(C)(C)CC
SiSiC(CSi)C(C)C(C)C
SiSiC(CSi)C(C)CCC
SiSiC(CSi)C(CC)CC
SiSiC(CSi)CC(C)(C)C
SiSiC(CSi)CC(C)CC
SiSiC(CSi)CCC(C)C
SiSiC(CSi)CCCCC
SiSiC(Si(C)(C)C)CCC
SiSiC(Si(C)C)(C)CCC
SiSiC(Si(C)C)C(C)CC
SiSiC(Si(C)C)CC(C)C
SiSiC(Si(C)C)CCCC
SiSiC(Si)(C)C(C)(C)CC
SiSiC(Si)(C)C(C)C(C)C
SiSiC(Si)(C)C(C)CCC
SiSiC(Si)(C)C(CC)CC
SiSiC(Si)(C)CC(C)(C)C
SiSiC(Si)(C)CC(C)CC
SiSiC(Si)(C)CCC(C)C
SiSiC(Si)(C)CCCCC
SiSiC(Si)C(C)(C)C(C)C
SiSiC(Si)C(C)(C)CCC
SiSiC(Si)C(C)C(C)(C)C
SiSiC(Si)C(C)C(C)CC
SiSiC(Si)C(C)CC(C)C
SiSiC(Si)C(C)CCCC
SiSiC(Si)C(CC)(C)CC
SiSiC(Si)C(CC)C(C)C
SiSiC(Si)C(CC)CCC
SiSiC(Si)CC(C)(C)CC
SiSiC(Si)CC(C)C(C)C
SiSiC(Si)CC(C)CCC
SiSiC(Si)CC(CC)CC
SiSiC(Si)CCC(C)(C)C
SiSiC(Si)CCC(C)CC
SiSiC(Si)CCCC(C)C
SiSiC(Si)CCCCCC
SiSiC(SiC)(C)C(C)CC
SiSiC(SiC)(C)CC(C)C
SiSiC(SiC)(C)CCCC
SiSiC(SiC)(CC)CCC
SiSiC(SiC)C(C)(C)CC
SiSiC(SiC)C(C)C(C)C
SiSiC(SiC)C(C)CCC
SiSiC(SiC)C(CC)CC
SiSiC(SiC)CC(C)(C)C
SiSiC(SiC)CC(C)CC
SiSiC(SiC)CCC(C)C
SiSiC(SiC)CCCCC
SiSiCC(C(C)(C)C)SiC
SiSiCC(C(C)C)(C)SiC
SiSiCC(C(C)C)C(Si)C
SiSiCC(C(C)C)CCSi
SiSiCC(C(C)C)CSiC
SiSiCC(C(C)C)Si(C)C
SiSiCC(C(C)C)SiCC
SiSiCC(C(C)Si)CCC
SiSiCC(C)(C)C(C)(C)Si
SiSiCC(C)(C)C(C)CSi
SiSiCC(C)(C)C(C)SiC
SiSiCC(C)(C)C(Si)CC
SiSiCC(C)(C)CC(C)Si
SiSiCC(C)(C)CCCSi
SiSiCC(C)(C)CCSiC
SiSiCC(C)(C)CSi(C)C
SiSiCC(C)(C)CSiCC
SiSiCC(C)(C)Si(C)(C)C
SiSiCC(C)(C)Si(C)CC
SiSiCC(C)(C)SiC(C)C
SiSiCC(C)(C)SiCCC
SiSiCC(C)C(C)(C)CSi
SiSiCC(C)C(C)(C)SiC
SiSiCC(C)C(C)C(C)Si
SiSiCC(C)C(C)CCSi
SiSiCC(C)C(C)CSiC
SiSiCC(C)C(C)Si(C)C
SiSiCC(C)C(C)SiCC
SiSiCC(C)C(CC)CSi
SiSiCC(C)C(CC)SiC
SiSiCC(C)C(Si)(C)CC
SiSiCC(C)C(Si)C(C)C
SiSiCC(C)C(Si)CCC
SiSiCC(C)CC(C)(C)Si
SiSiCC(C)CC(C)CSi
SiSiCC(C)CC(C)SiC
SiSiCC(C)CC(Si)CC
SiSiCC(C)CCC(C)Si
SiSiCC(C)CCCCSi
SiSiCC(C)CCCSiC
SiSiCC(C)CCSi(C)C
SiSiCC(C)CCSiCC
SiSiCC(C)CSi(C)(C)C
SiSiCC(C)CSi(C)CC
SiSiCC(C)CSiC(C)C
SiSiCC(C)CSiCCC
SiSiCC(C)Si(C)(C)CC
SiSiCC(C)Si(C)C(C)C
SiSiCC(C)Si(C)CCC
SiSiCC(C)Si(CC)CC
SiSiCC(C)SiC(C)(C)C
SiSiCC(C)SiC(C)CC
SiSiCC(C)SiCC(C)C
SiSiCC(C)SiCCCC
SiSiCC(CC)(C)C(C)Si
SiSiCC(CC)(C)CCSi
SiSiCC(CC)(C)CSiC
SiSiCC(CC)(C)Si(C)C
SiSiCC(CC)(C)SiCC
SiSiCC(CC)(CC)CSi
SiSiCC(CC)(CC)SiC
SiSiCC(CC)(Si)C(C)C
SiSiCC(CC)(Si)CCC
SiSiCC(CC)C(C)(C)Si
SiSiCC(CC)C(C)CSi
SiSiCC(CC)C(C)SiC
SiSiCC(CC)C(Si)CC
SiSiCC(CC)CC(C)Si
SiSiCC(CC)CCCSi
SiSiCC(CC)CCSiC
SiSiCC(CC)CSi(C)C
SiSiCC(CC)CSiCC
SiSiCC(CC)Si(C)(C)C
SiSiCC(CC)Si(C)CC
SiSiCC(CC)SiC(C)C
SiSiCC(CC)SiCCC
SiSiCC(CCC)CCSi
SiSiCC(CCC)CSiC
SiSiCC(CCC)SiCC
SiSiCC(CSi)(C)C(C)C
SiSiCC(CSi)(C)CCC
SiSiCC(CSi)C(C)(C)C
SiSiCC(CSi)C(C)CC
SiSiCC(CSi)CC(C)C
SiSiCC(CSi)CCCC
SiSiCC(Si(C)C)CCC
SiSiCC(Si)(C)C(C)(C)C
SiSiCC(Si)(C)C(C)CC
SiSiCC(Si)(C)CC(C)C
SiSiCC(Si)(C)CCCC
SiSiCC(Si)C(C)(C)CC
SiSiCC(Si)C(C)C(C)C
SiSiCC(Si)C(C)CCC
SiSiCC(Si)C(CC)CC
SiSiCC(Si)CC(C)(C)C
SiSiCC(Si)CC(C)CC
SiSiCC(Si)CCC(C)C
SiSiCC(Si)CCCCC
SiSiCC(SiC)(C)CCC
SiSiCC(SiC)C(C)CC
SiSiCC(SiC)CC(C)C
SiSiCC(SiC)CCCC
SiSiCCC(C(C)C)SiC
SiSiCCC(C)(C)C(C)Si
SiSiCCC(C)(C)CCSi
SiSiCCC(C)(C)CSiC
SiSiCCC(C)(C)Si(C)C
SiSiCCC(C)(C)SiCC
SiSiCCC(C)C(C)(C)Si
SiSiCCC(C)C(C)CSi
SiSiCCC(C)C(C)SiC
SiSiCCC(C)C(Si)CC
SiSiCCC(C)CC(C)Si
SiSiCCC(C)CCCSi
SiSiCCC(C)CCSiC
SiSiCCC(C)CSi(C)C
SiSiCCC(C)CSiCC
SiSiCCC(C)Si(C)(C)C
SiSiCCC(C)Si(C)CC
SiSiCCC(C)SiC(C)C
SiSiCCC(C)SiCCC
SiSiCCC(CC)(C)CSi
SiSiCCC(CC)(C)SiC
SiSiCCC(CC)(Si)CC
SiSiCCC(CC)C(C)Si
SiSiCCC(CC)CCSi
SiSiCCC(CC)CSiC
SiSiCCC(CC)Si(C)C
SiSiCCC(CC)SiCC
SiSiCCC(CSi)C(C)C
SiSiCCC(CSi)CCC
SiSiCCC(Si)(C)C(C)C
SiSiCCC(Si)(C)CCC
SiSiCCC(Si)C(C)(C)C
SiSiCCC(Si)C(C)CC
SiSiCCC(Si)CC(C)C
SiSiCCC(Si)CCCC
SiSiCCC(SiC)CCC
SiSiCCCC(C)(C)CSi
SiSiCCCC(C)(C)SiC
SiSiCCCC(C)C(C)Si
SiSiCCCC(C)CCSi
SiSiCCCC(C)CSiC
SiSiCCCC(C)Si(C)C
SiSiCCCC(C)SiCC
SiSiCCCC(CC)CSi
SiSiCCCC(CC)SiC
SiSiCCCC(Si)(C)CC
SiSiCCCC(Si)C(C)C
SiSiCCCC(Si)CCC
SiSiCCCCC(C)(C)Si
SiSiCCCCC(C)CSi
SiSiCCCCC(C)SiC
SiSiCCCCC(Si)CC
SiSiCCCCCC(C)Si
SiSiCCCCCCCSi
SiSiCCCCCCSiC
SiSiCCCCCSi(C)C
SiSiCCCCCSiCC
SiSiCCCCSi(C)(C)C
SiSiCCCCSi(C)CC
SiSiCCCCSiC(C)C
SiSiCCCCSiCCC
SiSiCCCSi(C)(C)CC
SiSiCCCSi(C)C(C)C
SiSiCCCSi(C)CCC
SiSiCCCSi(CC)CC
SiSiCCCSiC(C)(C)C
SiSiCCCSiC(C)CC
SiSiCCCSiCC(C)C
SiSiCCCSiCCCC
SiSiCCSi(C)(C)C(C)C
SiSiCCSi(C)(C)CCC
SiSiCCSi(C)C(C)(C)C
SiSiCCSi(C)C(C)CC
SiSiCCSi(C)CC(C)C
SiSiCCSi(C)CCCC
SiSiCCSi(CC)(C)CC
SiSiCCSi(CC)C(C)C
SiSiCCSi(CC)CCC
SiSiCCSiC(C)(C)CC
SiSiCCSiC(C)C(C)C
SiSiCCSiC(C)CCC
SiSiCCSiC(CC)CC
SiSiCCSiCC(C)(C)C
SiSiCCSiCC(C)CC
SiSiCCSiCCC(C)C
SiSiCCSiCCCCC
SiSiCSi(C(C)C)C(C)C
SiSiCSi(C(C)C)CCC
SiSiCSi(C)(C)C(C)(C)C
SiSiCSi(C)(C)C(C)CC
SiSiCSi(C)(C)CC(C)C
SiSiCSi(C)(C)CCCC
SiSiCSi(C)C(C)(C)CC
SiSiCSi(C)C(C)C(C)C
SiSiCSi(C)C(C)CCC
SiSiCSi(C)C(CC)CC
SiSiCSi(C)CC(C)(C)C
SiSiCSi(C)CC(C)CC
SiSiCSi(C)CCC(C)C
SiSiCSi(C)CCCCC
SiSiCSi(CC)(C)C(C)C
SiSiCSi(CC)(C)CCC
SiSiCSi(CC)(CC)CC
SiSiCSi(CC)C(C)(C)C
SiSiCSi(CC)C(C)CC
SiSiCSi(CC)CC(C)C
SiSiCSi(CC)CCCC
SiSiCSi(CCC)CCC
SiSiCSiC(C)(C)C(C)C
SiSiCSiC(C)(C)CCC
SiSiCSiC(C)C(C)(C)C
SiSiCSiC(C)C(C)CC
SiSiCSiC(C)CC(C)C
SiSiCSiC(C)CCCC
SiSiCSiC(CC)(C)CC
SiSiCSiC(CC)C(C)C
SiSiCSiC(CC)CCC
SiSiCSiCC(C)(C)CC
SiSiCSiCC(C)C(C)C
SiSiCSiCC(C)CCC
SiSiCSiCC(CC)CC
SiSiCSiCCC(C)(C)C
SiSiCSiCCC(C)CC
SiSiCSiCCCC(C)C
SiSiCSiCCCCCC
SiSiSi(C(C)(C)C)CCC
SiSiSi(C(C)C)(C)C(C)C
SiSiSi(C(C)C)(C)CCC
SiSiSi(C(C)C)C(C)(C)C
SiSiSi(C(C)C)C(C)CC
SiSiSi(C(C)C)CC(C)C
SiSiSi(C(C)C)CCCC
SiSiSi(C)(C)C(C)(C)CC
SiSiSi(C)(C)C(C)C(C)C
SiSiSi(C)(C)C(C)CCC
SiSiSi(C)(C)C(CC)CC
SiSiSi(C)(C)CC(C)(C)C
SiSiSi(C)(C)CC(C)CC
SiSiSi(C)(C)CCC(C)C
SiSiSi(C)(C)CCCCC
SiSiSi(C)C(C)(C)C(C)C
SiSiSi(C)C(C)(C)CCC
SiSiSi(C)C(C)C(C)(C)C
SiSiSi(C)C(C)C(C)CC
SiSiSi(C)C(C)CC(C)C
SiSiSi(C)C(C)CCCC
SiSiSi(C)C(CC)(C)CC
SiSiSi(C)C(CC)C(C)C
SiSiSi(C)C(CC)CCC
SiSiSi(C)CC(C)(C)CC
SiSiSi(C)CC(C)C(C)C
SiSiSi(C)CC(C)CCC
SiSiSi(C)CC(CC)CC
SiSiSi(C)CCC(C)(C)C
SiSiSi(C)CCC(C)CC
SiSiSi(C)CCCC(C)C
SiSiSi(C)CCCCCC
SiSiSi(CC)(C)C(C)(C)C
SiSiSi(CC)(C)C(C)CC
SiSiSi(CC)(C)CC(C)C
SiSiSi(CC)(C)CCCC
SiSiSi(CC)(CC)C(C)C
SiSiSi(CC)(CC)CCC
SiSiSi(CC)C(C)(C)CC
SiSiSi(CC)C(C)C(C)C
SiSiSi(CC)C(C)CCC
SiSiSi(CC)C(CC)CC
SiSiSi(CC)CC(C)(C)C
SiSiSi(CC)CC(C)CC
SiSiSi(CC)CCC(C)C
SiSiSi(CC)CCCCC
SiSiSiC(C(C)C)C(C)C
SiSiSiC(C(C)C)CCC
SiSiSiC(C)(C)C(C)(C)C
SiSiSiC(C)(C)C(C)CC
SiSiSiC(C)(C)CC(C)C
SiSiSiC(C)(C)CCCC
SiSiSiC(C)C(C)(C)CC
SiSiSiC(C)C(C)C(C)C
SiSiSiC(C)C(C)CCC
SiSiSiC(C)C(CC)CC
SiSiSiC(C)CC(C)(C)C
SiSiSiC(C)CC(C)CC
SiSiSiC(C)CCC(C)C
SiSiSiC(C)CCCCC
SiSiSiC(CC)(C)C(C)C
SiSiSiC(CC)(C)CCC
SiSiSiC(CC)(CC)CC
SiSiSiC(CC)C(C)(C)C
SiSiSiC(CC)C(C)CC
SiSiSiC(CC)CC(C)C
SiSiSiC(CC)CCCC
SiSiSiC(CCC)CCC
SiSiSiCC(C)(C)C(C)C
SiSiSiCC(C)(C)CCC
SiSiSiCC(C)C(C)(C)C
SiSiSiCC(C)C(C)CC
SiSiSiCC(C)CC(C)C
SiSiSiCC(C)CCCC
SiSiSiCC(CC)(C)CC
SiSiSiCC(CC)C(C)C
SiSiSiCC(CC)CCC
SiSiSiCCC(C)(C)CC
SiSiSiCCC(C)C(C)C
SiSiSiCCC(C)CCC
SiSiSiCCC(CC)CC
SiSiSiCCCC(C)(C)C
SiSiSiCCCC(C)CC
SiSiSiCCCCC(C)C
SiSiSiCCCCCCC
