CC(C)(C)C(Cl)(Cl)C(C)C
CC(C)(C)C(Cl)(Cl)CCC
CC(C)(C)C(Cl)C(Cl)CC
CC(C)(C)CC(Cl)(Cl)CC
CC(C)C(C)C(Cl)(Cl)CC
CC(C)C(Cl)(C)C(Cl)CC
CC(C)C(Cl)(Cl)C(C)CC
CC(C)C(Cl)(Cl)CC(C)C
CC(C)C(Cl)(Cl)CCCC
CC(C)C(Cl)C(Cl)(C)CC
CC(C)C(Cl)C(Cl)C(C)C
CC(C)C(Cl)C(Cl)CCC
CC(C)C(Cl)CC(Cl)CC
CC(C)CC(Cl)(Cl)CCC
CC(C)CC(Cl)C(Cl)CC
CC(C)CCC(Cl)(Cl)CC
CCC(C)C(Cl)(Cl)CCC
CCC(CC)(Cl)C(Cl)CC
CCC(Cl)(C)C(Cl)(C)CC
CCC(Cl)(C)C(Cl)CCC
CCC(Cl)(C)CC(Cl)CC
CCC(Cl)(Cl)C(C)(C)CC
CCC(Cl)(Cl)C(C)CCC
CCC(Cl)(Cl)C(CC)CC
CCC(Cl)(Cl)CC(C)CC
CCC(Cl)(Cl)CCCCC
CCC(Cl)C(C)C(Cl)CC
CCC(Cl)C(CCl)CCC
CCC(Cl)C(Cl)(C)CCC
CCC(Cl)C(Cl)C(C)CC
CCC(Cl)C(Cl)CCCC
CCC(Cl)CC(Cl)CCC
CCC(Cl)CCC(Cl)CC
CCCC(C(Cl)Cl)CCC
CCCC(CCl)(Cl)CCC
CCCC(Cl)(Cl)CCCC
CCCC(Cl)C(Cl)CCC
ClC(C)(C)C(C)(C)C(C)Cl
ClC(C)(C)C(C)(C)CCCl
ClC(C)(C)C(C)C(C)CCl
ClC(C)(C)C(C)C(Cl)(C)C
ClC(C)(C)C(C)C(Cl)CC
ClC(C)(C)C(C)CC(C)Cl
ClC(C)(C)C(C)CCCCl
ClC(C)(C)C(CC)(C)CCl
ClC(C)(C)C(CC)(Cl)CC
ClC(C)(C)C(CC)C(C)Cl
ClC(C)(C)C(CC)CCCl
ClC(C)(C)C(CCl)C(C)C
ClC(C)(C)C(CCl)CCC
ClC(C)(C)C(Cl)(C)C(C)C
ClC(C)(C)C(Cl)(C)CCC
ClC(C)(C)C(Cl)C(C)(C)C
ClC(C)(C)C(Cl)C(C)CC
ClC(C)(C)C(Cl)CC(C)C
ClC(C)(C)C(Cl)CCCC
ClC(C)(C)CC(C)(C)CCl
ClC(C)(C)CC(C)C(C)Cl
ClC(C)(C)CC(C)CCCl
ClC(C)(C)CC(CC)CCl
ClC(C)(C)CC(Cl)(C)CC
ClC(C)(C)CC(Cl)C(C)C
ClC(C)(C)CC(Cl)CCC
ClC(C)(C)CCC(C)CCl
ClC(C)(C)CCC(Cl)(C)C
ClC(C)(C)CCC(Cl)CC
ClC(C)(C)CCCC(C)Cl
ClC(C)(C)CCCCCCl
ClC(C)C(C(C)C)C(Cl)C
ClC(C)C(C(C)C)CCCl
ClC(C)C(C(C)Cl)CCC
ClC(C)C(C)(C)C(C)CCl
ClC(C)C(C)(C)C(Cl)CC
ClC(C)C(C)(C)CC(C)Cl
ClC(C)C(C)(C)CCCCl
ClC(C)C(C)C(C)(C)CCl
ClC(C)C(C)C(C)C(Cl)C
ClC(C)C(C)C(C)CCCl
ClC(C)C(C)C(CC)CCl
ClC(C)C(C)C(Cl)(C)CC
ClC(C)C(C)C(Cl)C(C)C
ClC(C)C(C)C(Cl)CCC
ClC(C)C(C)CC(C)CCl
ClC(C)C(C)CC(Cl)CC
ClC(C)C(C)CCC(C)Cl
ClC(C)C(C)CCCCCl
ClC(C)C(CC)(C)C(Cl)C
ClC(C)C(CC)(C)CCCl
ClC(C)C(CC)(CC)CCl
ClC(C)C(CC)(Cl)C(C)C
ClC(C)C(CC)(Cl)CCC
ClC(C)C(CC)C(C)CCl
ClC(C)C(CC)C(Cl)CC
ClC(C)C(CC)CC(C)Cl
ClC(C)C(CC)CCCCl
ClC(C)C(CCl)(C)C(C)C
ClC(C)C(CCl)(C)CCC
ClC(C)C(CCl)C(C)(C)C
ClC(C)C(CCl)C(C)CC
ClC(C)C(CCl)CC(C)C
ClC(C)C(CCl)CCCC
ClC(C)C(Cl)(C)C(C)(C)C
ClC(C)C(Cl)(C)C(C)CC
ClC(C)C(Cl)(C)CC(C)C
ClC(C)C(Cl)(C)CCCC
ClC(C)C(Cl)C(C)(C)CC
ClC(C)C(Cl)C(C)C(C)C
ClC(C)C(Cl)C(C)CCC
ClC(C)C(Cl)C(CC)CC
ClC(C)C(Cl)CC(C)(C)C
ClC(C)C(Cl)CC(C)CC
ClC(C)C(Cl)CCC(C)C
ClC(C)C(Cl)CCCCC
ClC(C)CC(C)(C)CCCl
ClC(C)CC(C)C(C)CCl
ClC(C)CC(C)C(Cl)CC
ClC(C)CC(C)CC(Cl)C
ClC(C)CC(C)CCCCl
ClC(C)CC(CC)(C)CCl
ClC(C)CC(CC)(Cl)CC
ClC(C)CC(CC)CCCl
ClC(C)CC(CCl)C(C)C
ClC(C)CC(CCl)CCC
ClC(C)CC(Cl)(C)C(C)C
ClC(C)CC(Cl)(C)CCC
ClC(C)CC(Cl)C(C)(C)C
ClC(C)CC(Cl)C(C)CC
ClC(C)CC(Cl)CC(C)C
ClC(C)CC(Cl)CCCC
ClC(C)CCC(C)(C)CCl
ClC(C)CCC(C)CCCl
ClC(C)CCC(CC)CCl
ClC(C)CCC(Cl)(C)CC
ClC(C)CCC(Cl)C(C)C
ClC(C)CCC(Cl)CCC
ClC(C)CCCC(C)CCl
ClC(C)CCCC(Cl)CC
ClC(C)CCCCC(Cl)C
ClC(C)CCCCCCCl
ClC(Cl)(C)C(C)(C)C(C)C
ClC(Cl)(C)C(C)(C)CCC
ClC(Cl)(C)C(C)C(C)(C)C
ClC(Cl)(C)C(C)C(C)CC
ClC(Cl)(C)C(C)CC(C)C
ClC(Cl)(C)C(C)CCCC
ClC(Cl)(C)C(CC)(C)CC
ClC(Cl)(C)C(CC)C(C)C
ClC(Cl)(C)C(CC)CCC
ClC(Cl)(C)CC(C)(C)CC
ClC(Cl)(C)CC(C)C(C)C
ClC(Cl)(C)CC(C)CCC
ClC(Cl)(C)CC(CC)CC
ClC(Cl)(C)CCC(C)(C)C
ClC(Cl)(C)CCC(C)CC
ClC(Cl)(C)CCCC(C)C
ClC(Cl)(C)CCCCCC
ClC(Cl)C(C(C)C)C(C)C
ClC(Cl)C(C(C)C)CCC
ClC(Cl)C(C)(C)C(C)(C)C
ClC(Cl)C(C)(C)C(C)CC
ClC(Cl)C(C)(C)CC(C)C
ClC(Cl)C(C)(C)CCCC
ClC(Cl)C(C)C(C)(C)CC
ClC(Cl)C(C)C(C)C(C)C
ClC(Cl)C(C)C(C)CCC
ClC(Cl)C(C)C(CC)CC
ClC(Cl)C(C)CC(C)(C)C
ClC(Cl)C(C)CC(C)CC
ClC(Cl)C(C)CCC(C)C
ClC(Cl)C(C)CCCCC
ClC(Cl)C(CC)(C)C(C)C
ClC(Cl)C(CC)(C)CCC
ClC(Cl)C(CC)(CC)CC
ClC(Cl)C(CC)C(C)(C)C
ClC(Cl)C(CC)C(C)CC
ClC(Cl)C(CC)CC(C)C
ClC(Cl)C(CC)CCCC
ClC(Cl)CC(C)(C)C(C)C
ClC(Cl)CC(C)(C)CCC
ClC(Cl)CC(C)C(C)(C)C
ClC(Cl)CC(C)C(C)CC
ClC(Cl)CC(C)CC(C)C
ClC(Cl)CC(C)CCCC
ClC(Cl)CC(CC)(C)CC
ClC(Cl)CC(CC)C(C)C
ClC(Cl)CC(CC)CCC
ClC(Cl)CCC(C)(C)CC
ClC(Cl)CCC(C)C(C)C
ClC(Cl)CCC(C)CCC
ClC(Cl)CCC(CC)CC
ClC(Cl)CCCC(C)(C)C
ClC(Cl)CCCC(C)CC
ClC(Cl)CCCCC(C)C
ClC(Cl)CCCCCCC
ClCC(C(C)(C)C)CCCl
ClCC(C(C)C)(C)CCCl
ClCC(C(C)C)(Cl)C(C)C
ClCC(C(C)C)(Cl)CCC
ClCC(C(C)C)C(C)CCl
ClCC(C(C)C)C(Cl)CC
ClCC(C(C)C)CCCCl
ClCC(C)(C)C(C)(C)CCl
ClCC(C)(C)C(C)CCCl
ClCC(C)(C)C(CC)CCl
ClCC(C)(C)C(Cl)(C)CC
ClCC(C)(C)C(Cl)C(C)C
ClCC(C)(C)C(Cl)CCC
ClCC(C)(C)CC(C)CCl
ClCC(C)(C)CC(Cl)CC
ClCC(C)(C)CCCCCl
ClCC(C)C(C)(C)CCCl
ClCC(C)C(C)C(C)CCl
ClCC(C)C(C)C(Cl)CC
ClCC(C)C(C)CCCCl
ClCC(C)C(CC)(Cl)CC
ClCC(C)C(CC)CCCl
ClCC(C)C(CCl)CCC
ClCC(C)C(Cl)(C)C(C)C
ClCC(C)C(Cl)(C)CCC
ClCC(C)C(Cl)C(C)(C)C
ClCC(C)C(Cl)C(C)CC
ClCC(C)C(Cl)CC(C)C
ClCC(C)C(Cl)CCCC
ClCC(C)CC(C)CCCl
ClCC(C)CC(Cl)(C)CC
ClCC(C)CC(Cl)C(C)C
ClCC(C)CC(Cl)CCC
ClCC(C)CCC(C)CCl
ClCC(C)CCC(Cl)CC
ClCC(C)CCCCCCl
ClCC(CC)(C)C(C)CCl
ClCC(CC)(C)C(Cl)CC
ClCC(CC)(C)CCCCl
ClCC(CC)(CC)CCCl
ClCC(CC)(Cl)C(C)(C)C
ClCC(CC)(Cl)C(C)CC
ClCC(CC)(Cl)CC(C)C
ClCC(CC)(Cl)CCCC
ClCC(CC)C(C)CCCl
ClCC(CC)C(CCl)CC
ClCC(CC)C(Cl)(C)CC
ClCC(CC)C(Cl)C(C)C
ClCC(CC)C(Cl)CCC
ClCC(CC)CC(C)CCl
ClCC(CC)CC(Cl)CC
ClCC(CC)CCCCCl
ClCC(CCl)(C)C(C)(C)C
ClCC(CCl)(C)C(C)CC
ClCC(CCl)(C)CC(C)C
ClCC(CCl)(C)CCCC
ClCC(CCl)(CC)C(C)C
ClCC(CCl)(CC)CCC
ClCC(CCl)C(C)(C)CC
ClCC(CCl)C(C)C(C)C
ClCC(CCl)C(C)CCC
ClCC(CCl)C(CC)CC
ClCC(CCl)CC(C)(C)C
ClCC(CCl)CC(C)CC
ClCC(CCl)CCC(C)C
ClCC(CCl)CCCCC
ClCC(Cl)(C)C(C)(C)CC
ClCC(Cl)(C)C(C)C(C)C
ClCC(Cl)(C)C(C)CCC
ClCC(Cl)(C)C(CC)CC
ClCC(Cl)(C)CC(C)(C)C
ClCC(Cl)(C)CC(C)CC
ClCC(Cl)(C)CCC(C)C
ClCC(Cl)(C)CCCCC
ClCC(Cl)C(C)(C)C(C)C
ClCC(Cl)C(C)(C)CCC
ClCC(Cl)C(C)C(C)(C)C
ClCC(Cl)C(C)C(C)CC
ClCC(Cl)C(C)CC(C)C
ClCC(Cl)C(C)CCCC
ClCC(Cl)C(CC)(C)CC
ClCC(Cl)C(CC)C(C)C
ClCC(Cl)C(CC)CCC
ClCC(Cl)CC(C)(C)CC
ClCC(Cl)CC(C)C(C)C
ClCC(Cl)CC(C)CCC
ClCC(Cl)CC(CC)CC
ClCC(Cl)CCC(C)(C)C
ClCC(Cl)CCC(C)CC
ClCC(Cl)CCCC(C)C
ClCC(Cl)CCCCCC
ClCCC(C(C)C)CCCl
ClCCC(C(C)Cl)CCC
ClCCC(C)(C)C(Cl)CC
ClCCC(C)(C)CCCCl
ClCCC(C)C(C)CCCl
ClCCC(C)C(Cl)(C)CC
ClCCC(C)C(Cl)C(C)C
ClCCC(C)C(Cl)CCC
ClCCC(C)CC(Cl)CC
ClCCC(C)CCCCCl
ClCCC(CC)(C)CCCl
ClCCC(CC)(Cl)C(C)C
ClCCC(CC)(Cl)CCC
ClCCC(CC)C(Cl)CC
ClCCC(CC)CCCCl
ClCCC(CCC)CCCl
ClCCC(CCl)(C)CCC
ClCCC(CCl)C(C)CC
ClCCC(CCl)CC(C)C
ClCCC(CCl)CCCC
ClCCC(Cl)(C)C(C)(C)C
ClCCC(Cl)(C)C(C)CC
ClCCC(Cl)(C)CC(C)C
ClCCC(Cl)(C)CCCC
ClCCC(Cl)C(C)(C)CC
ClCCC(Cl)C(C)C(C)C
ClCCC(Cl)C(C)CCC
ClCCC(Cl)C(CC)CC
ClCCC(Cl)CC(C)(C)C
ClCCC(Cl)CC(C)CC
ClCCC(Cl)CCC(C)C
ClCCC(Cl)CCCCC
ClCCCC(C)C(Cl)CC
ClCCCC(C)CCCCl
ClCCCC(CC)(Cl)CC
ClCCCC(CCl)CCC
ClCCCC(Cl)(C)C(C)C
ClCCCC(Cl)(C)CCC
ClCCCC(Cl)C(C)(C)C
ClCCCC(Cl)C(C)CC
ClCCCC(Cl)CC(C)C
ClCCCC(Cl)CCCC
ClCCCCC(Cl)(C)CC
ClCCCCC(Cl)C(C)C
ClCCCCC(Cl)CCC
ClCCCCCC(Cl)CC
ClCCCCCCCCCl
