CC(C)(C)C(C)N(N)CC
CC(C)(C)C(C)NNCC
CC(C)(C)C(N)(C)NCC
CC(C)(C)C(N)(N)C(C)C
CC(C)(C)C(N)(N)CCC
CC(C)(C)C(N)C(N)CC
CC(C)(C)C(N)CNCC
CC(C)(C)C(N)N(C)CC
CC(C)(C)C(N)NC(C)C
CC(C)(C)C(N)NCCC
CC(C)(C)CC(N)(N)CC
CC(C)(C)CC(N)NCC
CC(C)(C)CCN(N)CC
CC(C)(C)CCNNCC
CC(C)(C)CN(C)NCC
CC(C)(C)CN(N)C(C)C
CC(C)(C)CN(N)CCC
CC(C)(C)CNC(N)CC
CC(C)(C)CNCNCC
CC(C)(C)CNN(C)CC
CC(C)(C)CNNC(C)C
CC(C)(C)CNNCCC
CC(C)(C)N(C)C(N)CC
CC(C)(C)N(C)CNCC
CC(C)(C)N(C)N(C)CC
CC(C)(C)N(C)NC(C)C
CC(C)(C)N(C)NCCC
CC(C)(C)N(CC)NCC
CC(C)(C)N(N)C(C)(C)C
CC(C)(C)N(N)C(C)CC
CC(C)(C)N(N)CC(C)C
CC(C)(C)N(N)CCCC
CC(C)(C)NC(C)NCC
CC(C)(C)NC(N)(C)CC
CC(C)(C)NC(N)C(C)C
CC(C)(C)NC(N)CCC
CC(C)(C)NCC(N)CC
CC(C)(C)NCCNCC
CC(C)(C)NCN(C)CC
CC(C)(C)NCNC(C)C
CC(C)(C)NCNCCC
CC(C)(C)NN(C)C(C)C
CC(C)(C)NN(C)CCC
CC(C)(C)NN(CC)CC
CC(C)(C)NNC(C)(C)C
CC(C)(C)NNC(C)CC
CC(C)(C)NNCC(C)C
CC(C)(C)NNCCCC
CC(C)C(C)(C)N(N)CC
CC(C)C(C)(C)NNCC
CC(C)C(C)C(N)(N)CC
CC(C)C(C)C(N)NCC
CC(C)C(C)CN(N)CC
CC(C)C(C)CNNCC
CC(C)C(C)N(C)NCC
CC(C)C(C)N(N)CCC
CC(C)C(C)NC(N)CC
CC(C)C(C)NCNCC
CC(C)C(C)NN(C)CC
CC(C)C(C)NNCCC
CC(C)C(CC)(N)NCC
CC(C)C(CC)N(N)CC
CC(C)C(CC)NNCC
CC(C)C(N)(C)C(N)CC
CC(C)C(N)(C)CNCC
CC(C)C(N)(C)N(C)CC
CC(C)C(N)(C)NCCC
CC(C)C(N)(N)C(C)CC
CC(C)C(N)(N)CC(C)C
CC(C)C(N)(N)CCCC
CC(C)C(N)C(C)NCC
CC(C)C(N)C(N)(C)CC
CC(C)C(N)C(N)C(C)C
CC(C)C(N)C(N)CCC
CC(C)C(N)CC(N)CC
CC(C)C(N)CCNCC
CC(C)C(N)CN(C)CC
CC(C)C(N)CNCCC
CC(C)C(N)N(C)CCC
CC(C)C(N)N(CC)CC
CC(C)C(N)NC(C)CC
CC(C)C(N)NCC(C)C
CC(C)C(N)NCCCC
CC(C)CC(C)N(N)CC
CC(C)CC(C)NNCC
CC(C)CC(CN)NCC
CC(C)CC(N)(C)NCC
CC(C)CC(N)(N)CCC
CC(C)CC(N)C(N)CC
CC(C)CC(N)CNCC
CC(C)CC(N)N(C)CC
CC(C)CC(N)NCCC
CC(C)CC(NC)NCC
CC(C)CC(NN)CCC
CC(C)CCC(N)(N)CC
CC(C)CCC(N)NCC
CC(C)CCCN(N)CC
CC(C)CCCNNCC
CC(C)CCN(C)NCC
CC(C)CCN(N)CCC
CC(C)CCNC(N)CC
CC(C)CCNCNCC
CC(C)CCNN(C)CC
CC(C)CCNNCCC
CC(C)CN(C)C(N)CC
CC(C)CN(C)CNCC
CC(C)CN(C)N(C)CC
CC(C)CN(C)NCCC
CC(C)CN(CC)NCC
CC(C)CN(CN)CCC
CC(C)CN(N)C(C)CC
CC(C)CN(N)CC(C)C
CC(C)CN(N)CCCC
CC(C)CN(NC)CCC
CC(C)CNC(C)NCC
CC(C)CNC(N)(C)CC
CC(C)CNC(N)CCC
CC(C)CNCC(N)CC
CC(C)CNCCNCC
CC(C)CNCN(C)CC
CC(C)CNCNCCC
CC(C)CNN(C)CCC
CC(C)CNN(CC)CC
CC(C)CNNC(C)CC
CC(C)CNNCC(C)C
CC(C)CNNCCCC
CC(C)N(C(C)C)NCC
CC(C)N(C)C(C)NCC
CC(C)N(C)C(N)(C)CC
CC(C)N(C)C(N)C(C)C
CC(C)N(C)C(N)CCC
CC(C)N(C)CC(N)CC
CC(C)N(C)CCNCC
CC(C)N(C)CN(C)CC
CC(C)N(C)CNC(C)C
CC(C)N(C)CNCCC
CC(C)N(C)N(C)C(C)C
CC(C)N(C)N(C)CCC
CC(C)N(C)N(CC)CC
CC(C)N(C)NC(C)CC
CC(C)N(C)NCC(C)C
CC(C)N(C)NCCCC
CC(C)N(CC)C(N)CC
CC(C)N(CC)CNCC
CC(C)N(CC)N(C)CC
CC(C)N(CC)NC(C)C
CC(C)N(CC)NCCC
CC(C)N(N)C(C)(C)CC
CC(C)N(N)C(C)C(C)C
CC(C)N(N)C(C)CCC
CC(C)N(N)C(CC)CC
CC(C)N(N)CC(C)CC
CC(C)N(N)CCC(C)C
CC(C)N(N)CCCCC
CC(C)NC(C)(C)NCC
CC(C)NC(C)C(N)CC
CC(C)NC(C)CNCC
CC(C)NC(C)N(C)CC
CC(C)NC(C)NC(C)C
CC(C)NC(C)NCCC
CC(C)NC(CC)(N)CC
CC(C)NC(CC)NCC
CC(C)NC(CN)CCC
CC(C)NC(N)(C)C(C)C
CC(C)NC(N)(C)CCC
CC(C)NC(N)C(C)CC
CC(C)NC(N)CC(C)C
CC(C)NC(N)CCCC
CC(C)NC(NC)CCC
CC(C)NCC(C)NCC
CC(C)NCC(N)(C)CC
CC(C)NCC(N)C(C)C
CC(C)NCC(N)CCC
CC(C)NCCC(N)CC
CC(C)NCCCNCC
CC(C)NCCN(C)CC
CC(C)NCCNC(C)C
CC(C)NCCNCCC
CC(C)NCN(C)CCC
CC(C)NCN(CC)CC
CC(C)NCNC(C)CC
CC(C)NCNCC(C)C
CC(C)NCNCCCC
CC(C)NN(C)C(C)CC
CC(C)NN(C)CC(C)C
CC(C)NN(C)CCCC
CC(C)NN(CC)CCC
CC(C)NNC(C)(C)CC
CC(C)NNC(C)C(C)C
CC(C)NNC(C)CCC
CC(C)NNC(CC)CC
CC(C)NNCC(C)CC
CC(C)NNCCC(C)C
CC(C)NNCCCCC
CCC(C)(C)N(N)CCC
CCC(C)(C)NC(N)CC
CCC(C)(C)NNCCC
CCC(C)C(N)(N)CCC
CCC(C)C(N)NCCC
CCC(C)C(NN)CCC
CCC(C)CN(N)CCC
CCC(C)CNNCCC
CCC(C)N(C)NCCC
CCC(C)N(CN)CCC
CCC(C)N(N)C(C)CC
CCC(C)N(N)CCCC
CCC(C)N(NC)CCC
CCC(C)NC(N)CCC
CCC(C)NCNCCC
CCC(C)NN(C)CCC
CCC(C)NNC(C)CC
CCC(C)NNCCCC
CCC(CC)(N)C(N)CC
CCC(CC)(N)NCCC
CCC(CC)N(N)CCC
CCC(CC)NC(N)CC
CCC(CC)NNCCC
CCC(N)(C)C(N)(C)CC
CCC(N)(C)C(N)CCC
CCC(N)(C)CC(N)CC
CCC(N)(C)CNCCC
CCC(N)(C)N(C)CCC
CCC(N)(C)NC(C)CC
CCC(N)(C)NCCCC
CCC(N)(N)C(C)(C)CC
CCC(N)(N)C(C)CCC
CCC(N)(N)C(CC)CC
CCC(N)(N)CC(C)CC
CCC(N)(N)CCCCC
CCC(N)C(C)C(N)CC
CCC(N)C(C)NCCC
CCC(N)C(CN)CCC
CCC(N)C(N)(C)CCC
CCC(N)C(N)C(C)CC
CCC(N)C(N)CCCC
CCC(N)C(NC)CCC
CCC(N)CC(N)CCC
CCC(N)CCC(N)CC
CCC(N)CCNCCC
CCC(N)CN(C)CCC
CCC(N)CNC(C)CC
CCC(N)CNCCCC
CCC(N)N(C)C(C)CC
CCC(N)N(C)CCCC
CCC(N)N(CC)CCC
CCC(N)NC(C)CCC
CCC(N)NCC(C)CC
CCC(N)NCCCCC
CCCC(C(N)N)CCC
CCCC(CN)(N)CCC
CCCC(N(C)N)CCC
CCCC(N)(N)CCCC
CCCC(N)C(N)CCC
CCCC(N)NCCCC
CCCC(NC)(N)CCC
CCCC(NN)(C)CCC
CCCC(NN)CCCC
CCCCN(N)CCCC
CCCCNNCCCC
CCCN(C(C)N)CCC
CCCN(C)C(N)CCC
CCCN(C)CNCCC
CCCN(C)N(C)CCC
CCCN(C)NCCCC
CCCN(CC)NCCC
CCCN(CN)CCCC
CCCN(N(C)C)CCC
CCCN(N)C(C)CCC
CCCN(N)CCCCC
CCCN(NC)CCCC
CCCNC(C)NCCC
CCCNC(CN)CCC
CCCNC(N)(C)CCC
CCCNC(N)CCCC
CCCNC(NC)CCC
CCCNCC(N)CCC
CCCNCCNCCC
CCCNCNCCCC
CCCNN(C)CCCC
CCCNNC(C)CCC
CCCNNCCCCC
CCN(C)C(C)(C)NCC
CCN(C)C(C)C(N)CC
CCN(C)C(C)CNCC
CCN(C)C(C)N(C)CC
CCN(C)C(C)NCCC
CCN(C)C(CC)(N)CC
CCN(C)C(CC)NCC
CCN(C)C(CN)CCC
CCN(C)C(N)(C)CCC
CCN(C)C(N)C(C)CC
CCN(C)C(N)CCCC
CCN(C)C(NC)CCC
CCN(C)CC(C)NCC
CCN(C)CC(N)(C)CC
CCN(C)CC(N)CCC
CCN(C)CCC(N)CC
CCN(C)CCCNCC
CCN(C)CCN(C)CC
CCN(C)CCNCCC
CCN(C)CN(C)CCC
CCN(C)CNC(C)CC
CCN(C)CNCCCC
CCN(C)N(C)C(C)CC
CCN(C)N(C)CCCC
CCN(C)N(CC)CCC
CCN(C)NC(C)(C)CC
CCN(C)NC(C)CCC
CCN(C)NC(CC)CC
CCN(C)NCC(C)CC
CCN(C)NCCCCC
CCN(CC)C(C)NCC
CCN(CC)C(N)(C)CC
CCN(CC)C(N)CCC
CCN(CC)CC(N)CC
CCN(CC)CCNCC
CCN(CC)CN(C)CC
CCN(CC)CNCCC
CCN(CC)N(C)CCC
CCN(CC)N(CC)CC
CCN(CC)NC(C)CC
CCN(CC)NCCCC
CCN(N)C(C)(C)CCC
CCN(N)C(C)C(C)CC
CCN(N)C(C)CCCC
CCN(N)C(CC)(C)CC
CCN(N)C(CC)CCC
CCN(N)CC(C)(C)CC
CCN(N)CC(C)CCC
CCN(N)CC(CC)CC
CCN(N)CCC(C)CC
CCN(N)CCCCCC
CCNC(C(C)C)NCC
CCNC(C(C)N)CCC
CCNC(C)(C)C(N)CC
CCNC(C)(C)CNCC
CCNC(C)(C)NCCC
CCNC(C)C(C)NCC
CCNC(C)C(N)(C)CC
CCNC(C)C(N)CCC
CCNC(C)CC(N)CC
CCNC(C)CCNCC
CCNC(C)CNCCC
CCNC(C)N(C)CCC
CCNC(C)NC(C)CC
CCNC(C)NCCCC
CCNC(CC)(C)NCC
CCNC(CC)(N)CCC
CCNC(CC)C(N)CC
CCNC(CC)CNCC
CCNC(CC)NCCC
CCNC(CCC)NCC
CCNC(CN)(C)CCC
CCNC(CN)C(C)CC
CCNC(CN)CCCC
CCNC(N(C)C)CCC
CCNC(N)(C)C(C)CC
CCNC(N)(C)CCCC
CCNC(N)C(C)(C)CC
CCNC(N)C(C)CCC
CCNC(N)C(CC)CC
CCNC(N)CC(C)CC
CCNC(N)CCCCC
CCNC(NC)(C)CCC
CCNC(NC)C(C)CC
CCNC(NC)CCCC
CCNCC(C)C(N)CC
CCNCC(C)CNCC
CCNCC(C)NCCC
CCNCC(CC)(N)CC
CCNCC(CN)CCC
CCNCC(N)(C)CCC
CCNCC(N)C(C)CC
CCNCC(N)CCCC
CCNCC(NC)CCC
CCNCCC(N)(C)CC
CCNCCC(N)CCC
CCNCCCC(N)CC
CCNCCCCNCC
CCNCCCNCCC
CCNCCN(C)CCC
CCNCCNC(C)CC
CCNCCNCCCC
CCNCN(C)C(C)CC
CCNCN(C)CCCC
CCNCN(CC)CCC
CCNCNC(C)(C)CC
CCNCNC(C)CCC
CCNCNC(CC)CC
CCNCNCC(C)CC
CCNCNCCCCC
CCNN(C(C)C)CCC
CCNN(C)C(C)(C)CC
CCNN(C)C(C)CCC
CCNN(C)C(CC)CC
CCNN(C)CC(C)CC
CCNN(C)CCCCC
CCNN(CC)C(C)CC
CCNN(CC)CCCC
CCNN(CCC)CCC
CCNNC(C)(C)CCC
CCNNC(C)C(C)CC
CCNNC(C)CCCC
CCNNC(CC)(C)CC
CCNNC(CC)CCC
CCNNCC(C)(C)CC
CCNNCC(C)CCC
CCNNCC(CC)CC
CCNNCCC(C)CC
CCNNCCCCCC
CN(C)C(C(C)(C)C)NC
CN(C)C(C(C)C)(C)NC
CN(C)C(C(C)C)CNC
CN(C)C(C(C)C)N(C)C
CN(C)C(C(C)C)NCC
CN(C)C(C)(C)C(C)NC
CN(C)C(C)(C)C(N)CC
CN(C)C(C)(C)CCNC
CN(C)C(C)(C)CN(C)C
CN(C)C(C)(C)CNCC
CN(C)C(C)(C)N(C)CC
CN(C)C(C)(C)NC(C)C
CN(C)C(C)(C)NCCC
CN(C)C(C)C(C)(C)NC
CN(C)C(C)C(C)CNC
CN(C)C(C)C(C)N(C)C
CN(C)C(C)C(C)NCC
CN(C)C(C)C(CC)NC
CN(C)C(C)C(N)(C)CC
CN(C)C(C)C(N)C(C)C
CN(C)C(C)C(N)CCC
CN(C)C(C)CC(C)NC
CN(C)C(C)CC(N)CC
CN(C)C(C)CCCNC
CN(C)C(C)CCN(C)C
CN(C)C(C)CCNCC
CN(C)C(C)CN(C)CC
CN(C)C(C)CNC(C)C
CN(C)C(C)CNCCC
CN(C)C(C)N(C)C(C)C
CN(C)C(C)N(C)CCC
CN(C)C(C)N(CC)CC
CN(C)C(C)NC(C)(C)C
CN(C)C(C)NC(C)CC
CN(C)C(C)NCC(C)C
CN(C)C(C)NCCCC
CN(C)C(CC)(C)CNC
CN(C)C(CC)(C)N(C)C
CN(C)C(CC)(C)NCC
CN(C)C(CC)(CC)NC
CN(C)C(CC)(N)C(C)C
CN(C)C(CC)(N)CCC
CN(C)C(CC)C(C)NC
CN(C)C(CC)C(N)CC
CN(C)C(CC)CCNC
CN(C)C(CC)CN(C)C
CN(C)C(CC)CNCC
CN(C)C(CC)N(C)CC
CN(C)C(CC)NC(C)C
CN(C)C(CC)NCCC
CN(C)C(N(C)C)CCC
CN(C)C(N)(C)C(C)(C)C
CN(C)C(N)(C)C(C)CC
CN(C)C(N)(C)CC(C)C
CN(C)C(N)(C)CCCC
CN(C)C(N)C(C)(C)CC
CN(C)C(N)C(C)C(C)C
CN(C)C(N)C(C)CCC
CN(C)C(N)C(CC)CC
CN(C)C(N)CC(C)(C)C
CN(C)C(N)CC(C)CC
CN(C)C(N)CCC(C)C
CN(C)C(N)CCCCC
CN(C)C(NC)(C)CCC
CN(C)C(NC)C(C)CC
CN(C)C(NC)CC(C)C
CN(C)C(NC)CCCC
CN(C)CC(C(C)C)NC
CN(C)CC(C)(C)CNC
CN(C)CC(C)(C)NCC
CN(C)CC(C)C(C)NC
CN(C)CC(C)C(N)CC
CN(C)CC(C)CCNC
CN(C)CC(C)CN(C)C
CN(C)CC(C)CNCC
CN(C)CC(C)N(C)CC
CN(C)CC(C)NC(C)C
CN(C)CC(C)NCCC
CN(C)CC(CC)(C)NC
CN(C)CC(CC)(N)CC
CN(C)CC(CC)CNC
CN(C)CC(CC)NCC
CN(C)CC(CN)CCC
CN(C)CC(N)(C)C(C)C
CN(C)CC(N)(C)CCC
CN(C)CC(N)C(C)(C)C
CN(C)CC(N)C(C)CC
CN(C)CC(N)CC(C)C
CN(C)CC(N)CCCC
CN(C)CC(NC)CCC
CN(C)CCC(C)(C)NC
CN(C)CCC(C)CNC
CN(C)CCC(C)NCC
CN(C)CCC(CC)NC
CN(C)CCC(N)(C)CC
CN(C)CCC(N)C(C)C
CN(C)CCC(N)CCC
CN(C)CCCC(C)NC
CN(C)CCCC(N)CC
CN(C)CCCCCNC
CN(C)CCCCN(C)C
CN(C)CCCCNCC
CN(C)CCCN(C)CC
CN(C)CCCNC(C)C
CN(C)CCCNCCC
CN(C)CCN(C)C(C)C
CN(C)CCN(C)CCC
CN(C)CCN(CC)CC
CN(C)CCNC(C)(C)C
CN(C)CCNC(C)CC
CN(C)CCNCC(C)C
CN(C)CCNCCCC
CN(C)CN(C)C(C)(C)C
CN(C)CN(C)C(C)CC
CN(C)CN(C)CC(C)C
CN(C)CN(C)CCCC
CN(C)CN(CC)C(C)C
CN(C)CN(CC)CCC
CN(C)CNC(C)(C)CC
CN(C)CNC(C)C(C)C
CN(C)CNC(C)CCC
CN(C)CNC(CC)CC
CN(C)CNCC(C)(C)C
CN(C)CNCC(C)CC
CN(C)CNCCC(C)C
CN(C)CNCCCCC
CN(C)N(C(C)C)C(C)C
CN(C)N(C(C)C)CCC
CN(C)N(C)C(C)(C)CC
CN(C)N(C)C(C)C(C)C
CN(C)N(C)C(C)CCC
CN(C)N(C)C(CC)CC
CN(C)N(C)CC(C)(C)C
CN(C)N(C)CC(C)CC
CN(C)N(C)CCC(C)C
CN(C)N(C)CCCCC
CN(C)N(CC)C(C)(C)C
CN(C)N(CC)C(C)CC
CN(C)N(CC)CC(C)C
CN(C)N(CC)CCCC
CN(C)NC(C)(C)C(C)C
CN(C)NC(C)(C)CCC
CN(C)NC(C)C(C)(C)C
CN(C)NC(C)C(C)CC
CN(C)NC(C)CC(C)C
CN(C)NC(C)CCCC
CN(C)NC(CC)(C)CC
CN(C)NC(CC)C(C)C
CN(C)NC(CC)CCC
CN(C)NCC(C)(C)CC
CN(C)NCC(C)C(C)C
CN(C)NCC(C)CCC
CN(C)NCC(CC)CC
CN(C)NCCC(C)(C)C
CN(C)NCCC(C)CC
CN(C)NCCCC(C)C
CN(C)NCCCCCC
CNC(C(C)(C)C)(C)NC
CNC(C(C)(C)C)CNC
CNC(C(C)(C)C)NCC
CNC(C(C)C)(C)CNC
CNC(C(C)C)(C)NCC
CNC(C(C)C)(CC)NC
CNC(C(C)C)(N)C(C)C
CNC(C(C)C)(N)CCC
CNC(C(C)C)C(C)NC
CNC(C(C)C)C(N)CC
CNC(C(C)C)CCNC
CNC(C(C)C)CNCC
CNC(C(C)C)N(C)CC
CNC(C(C)C)NC(C)C
CNC(C(C)C)NCCC
CNC(C)(C)C(C)(C)NC
CNC(C)(C)C(C)CNC
CNC(C)(C)C(C)NCC
CNC(C)(C)C(CC)NC
CNC(C)(C)C(N)(C)CC
CNC(C)(C)C(N)C(C)C
CNC(C)(C)C(N)CCC
CNC(C)(C)CC(C)NC
CNC(C)(C)CC(N)CC
CNC(C)(C)CCCNC
CNC(C)(C)CCNCC
CNC(C)(C)CN(C)CC
CNC(C)(C)CNC(C)C
CNC(C)(C)CNCCC
CNC(C)(C)N(C)C(C)C
CNC(C)(C)N(C)CCC
CNC(C)(C)N(CC)CC
CNC(C)(C)NC(C)(C)C
CNC(C)(C)NC(C)CC
CNC(C)(C)NCC(C)C
CNC(C)(C)NCCCC
CNC(C)C(C)(C)CNC
CNC(C)C(C)(C)NCC
CNC(C)C(C)C(C)NC
CNC(C)C(C)C(N)CC
CNC(C)C(C)CCNC
CNC(C)C(C)CNCC
CNC(C)C(C)N(C)CC
CNC(C)C(C)NC(C)C
CNC(C)C(C)NCCC
CNC(C)C(CC)(N)CC
CNC(C)C(CC)CNC
CNC(C)C(CC)NCC
CNC(C)C(CN)CCC
CNC(C)C(N)(C)C(C)C
CNC(C)C(N)(C)CCC
CNC(C)C(N)C(C)(C)C
CNC(C)C(N)C(C)CC
CNC(C)C(N)CC(C)C
CNC(C)C(N)CCCC
CNC(C)C(NC)CCC
CNC(C)CC(C)CNC
CNC(C)CC(C)NCC
CNC(C)CC(N)(C)CC
CNC(C)CC(N)C(C)C
CNC(C)CC(N)CCC
CNC(C)CCC(C)NC
CNC(C)CCC(N)CC
CNC(C)CCCCNC
CNC(C)CCCNCC
CNC(C)CCN(C)CC
CNC(C)CCNC(C)C
CNC(C)CCNCCC
CNC(C)CN(C)C(C)C
CNC(C)CN(C)CCC
CNC(C)CN(CC)CC
CNC(C)CNC(C)(C)C
CNC(C)CNC(C)CC
CNC(C)CNCC(C)C
CNC(C)CNCCCC
CNC(C)N(C)C(C)(C)C
CNC(C)N(C)C(C)CC
CNC(C)N(C)CC(C)C
CNC(C)N(C)CCCC
CNC(C)N(CC)C(C)C
CNC(C)N(CC)CCC
CNC(C)NC(C)(C)CC
CNC(C)NC(C)C(C)C
CNC(C)NC(C)CCC
CNC(C)NC(CC)CC
CNC(C)NCC(C)(C)C
CNC(C)NCC(C)CC
CNC(C)NCCC(C)C
CNC(C)NCCCCC
CNC(CC)(C)C(C)NC
CNC(CC)(C)C(N)CC
CNC(CC)(C)CCNC
CNC(CC)(C)CNCC
CNC(CC)(C)N(C)CC
CNC(CC)(C)NC(C)C
CNC(CC)(C)NCCC
CNC(CC)(CC)CNC
CNC(CC)(CC)NCC
CNC(CC)(N)C(C)(C)C
CNC(CC)(N)C(C)CC
CNC(CC)(N)CC(C)C
CNC(CC)(N)CCCC
CNC(CC)C(C)CNC
CNC(CC)C(C)NCC
CNC(CC)C(N)(C)CC
CNC(CC)C(N)C(C)C
CNC(CC)C(N)CCC
CNC(CC)C(NC)CC
CNC(CC)CC(C)NC
CNC(CC)CC(N)CC
CNC(CC)CCCNC
CNC(CC)CCNCC
CNC(CC)CN(C)CC
CNC(CC)CNC(C)C
CNC(CC)CNCCC
CNC(CC)N(C)C(C)C
CNC(CC)N(C)CCC
CNC(CC)N(CC)CC
CNC(CC)NC(C)(C)C
CNC(CC)NC(C)CC
CNC(CC)NCC(C)C
CNC(CC)NCCCC
CNC(N)(C)C(C)(C)CC
CNC(N)(C)C(C)C(C)C
CNC(N)(C)C(C)CCC
CNC(N)(C)C(CC)CC
CNC(N)(C)CC(C)(C)C
CNC(N)(C)CC(C)CC
CNC(N)(C)CCC(C)C
CNC(N)(C)CCCCC
CNC(N)C(C)(C)C(C)C
CNC(N)C(C)(C)CCC
CNC(N)C(C)C(C)(C)C
CNC(N)C(C)C(C)CC
CNC(N)C(C)CC(C)C
CNC(N)C(C)CCCC
CNC(N)C(CC)(C)CC
CNC(N)C(CC)C(C)C
CNC(N)C(CC)CCC
CNC(N)CC(C)(C)CC
CNC(N)CC(C)C(C)C
CNC(N)CC(C)CCC
CNC(N)CC(CC)CC
CNC(N)CCC(C)(C)C
CNC(N)CCC(C)CC
CNC(N)CCCC(C)C
CNC(N)CCCCCC
CNC(NC)(C)C(C)CC
CNC(NC)(C)CC(C)C
CNC(NC)(C)CCCC
CNC(NC)(CC)CCC
CNC(NC)C(C)(C)CC
CNC(NC)C(C)C(C)C
CNC(NC)C(C)CCC
CNC(NC)C(CC)CC
CNC(NC)CC(C)(C)C
CNC(NC)CC(C)CC
CNC(NC)CCC(C)C
CNC(NC)CCCCC
CNCC(C(C)C)CNC
CNCC(C(C)C)NCC
CNCC(C(C)N)CCC
CNCC(C)(C)C(N)CC
CNCC(C)(C)CCNC
CNCC(C)(C)CNCC
CNCC(C)(C)N(C)CC
CNCC(C)(C)NC(C)C
CNCC(C)(C)NCCC
CNCC(C)C(C)CNC
CNCC(C)C(C)NCC
CNCC(C)C(N)(C)CC
CNCC(C)C(N)C(C)C
CNCC(C)C(N)CCC
CNCC(C)CC(N)CC
CNCC(C)CCCNC
CNCC(C)CCNCC
CNCC(C)CN(C)CC
CNCC(C)CNC(C)C
CNCC(C)CNCCC
CNCC(C)N(C)C(C)C
CNCC(C)N(C)CCC
CNCC(C)N(CC)CC
CNCC(C)NC(C)(C)C
CNCC(C)NC(C)CC
CNCC(C)NCC(C)C
CNCC(C)NCCCC
CNCC(CC)(C)CNC
CNCC(CC)(C)NCC
CNCC(CC)(N)C(C)C
CNCC(CC)(N)CCC
CNCC(CC)C(N)CC
CNCC(CC)CCNC
CNCC(CC)CNCC
CNCC(CC)N(C)CC
CNCC(CC)NC(C)C
CNCC(CC)NCCC
CNCC(CCC)CNC
CNCC(CCC)NCC
CNCC(CN)(C)CCC
CNCC(CN)C(C)CC
CNCC(CN)CC(C)C
CNCC(CN)CCCC
CNCC(N(C)C)CCC
CNCC(N)(C)C(C)(C)C
CNCC(N)(C)C(C)CC
CNCC(N)(C)CC(C)C
CNCC(N)(C)CCCC
CNCC(N)C(C)(C)CC
CNCC(N)C(C)C(C)C
CNCC(N)C(C)CCC
CNCC(N)C(CC)CC
CNCC(N)CC(C)(C)C
CNCC(N)CC(C)CC
CNCC(N)CCC(C)C
CNCC(N)CCCCC
CNCC(NC)(C)CCC
CNCC(NC)C(C)CC
CNCC(NC)CC(C)C
CNCC(NC)CCCC
CNCCC(C)(C)NCC
CNCCC(C)C(N)CC
CNCCC(C)CCNC
CNCCC(C)CNCC
CNCCC(C)N(C)CC
CNCCC(C)NC(C)C
CNCCC(C)NCCC
CNCCC(CC)(N)CC
CNCCC(CC)NCC
CNCCC(CN)CCC
CNCCC(N)(C)C(C)C
CNCCC(N)(C)CCC
CNCCC(N)C(C)(C)C
CNCCC(N)C(C)CC
CNCCC(N)CC(C)C
CNCCC(N)CCCC
CNCCC(NC)CCC
CNCCCC(C)NCC
CNCCCC(N)(C)CC
CNCCCC(N)C(C)C
CNCCCC(N)CCC
CNCCCCC(N)CC
CNCCCCCCNC
CNCCCCCNCC
CNCCCCN(C)CC
CNCCCCNC(C)C
CNCCCCNCCC
CNCCCN(C)C(C)C
CNCCCN(C)CCC
CNCCCN(CC)CC
CNCCCNC(C)(C)C
CNCCCNC(C)CC
CNCCCNCC(C)C
CNCCCNCCCC
CNCCN(C)C(C)(C)C
CNCCN(C)C(C)CC
CNCCN(C)CC(C)C
CNCCN(C)CCCC
CNCCN(CC)C(C)C
CNCCN(CC)CCC
CNCCNC(C)(C)CC
CNCCNC(C)C(C)C
CNCCNC(C)CCC
CNCCNC(CC)CC
CNCCNCC(C)(C)C
CNCCNCC(C)CC
CNCCNCCC(C)C
CNCCNCCCCC
CNCN(C(C)C)C(C)C
CNCN(C(C)C)CCC
CNCN(C)C(C)(C)CC
CNCN(C)C(C)C(C)C
CNCN(C)C(C)CCC
CNCN(C)C(CC)CC
CNCN(C)CC(C)(C)C
CNCN(C)CC(C)CC
CNCN(C)CCC(C)C
CNCN(C)CCCCC
CNCN(CC)C(C)(C)C
CNCN(CC)C(C)CC
CNCN(CC)CC(C)C
CNCN(CC)CCCC
CNCN(CCC)CCC
CNCNC(C)(C)C(C)C
CNCNC(C)(C)CCC
CNCNC(C)C(C)(C)C
CNCNC(C)C(C)CC
CNCNC(C)CC(C)C
CNCNC(C)CCCC
CNCNC(CC)(C)CC
CNCNC(CC)C(C)C
CNCNC(CC)CCC
CNCNCC(C)(C)CC
CNCNCC(C)C(C)C
CNCNCC(C)CCC
CNCNCC(CC)CC
CNCNCCC(C)(C)C
CNCNCCC(C)CC
CNCNCCCC(C)C
CNCNCCCCCC
CNN(C(C)(C)C)CCC
CNN(C(C)C)C(C)(C)C
CNN(C(C)C)C(C)CC
CNN(C(C)C)CC(C)C
CNN(C(C)C)CCCC
CNN(C)C(C)(C)C(C)C
CNN(C)C(C)(C)CCC
CNN(C)C(C)C(C)(C)C
CNN(C)C(C)C(C)CC
CNN(C)C(C)CC(C)C
CNN(C)C(C)CCCC
CNN(C)C(CC)(C)CC
CNN(C)C(CC)C(C)C
CNN(C)C(CC)CCC
CNN(C)CC(C)(C)CC
CNN(C)CC(C)C(C)C
CNN(C)CC(C)CCC
CNN(C)CC(CC)CC
CNN(C)CCC(C)(C)C
CNN(C)CCC(C)CC
CNN(C)CCCC(C)C
CNN(C)CCCCCC
CNN(CC)C(C)(C)CC
CNN(CC)C(C)C(C)C
CNN(CC)C(C)CCC
CNN(CC)C(CC)CC
CNN(CC)CC(C)(C)C
CNN(CC)CC(C)CC
CNN(CC)CCC(C)C
CNN(CC)CCCCC
CNNC(C(C)C)C(C)C
CNNC(C(C)C)CCC
CNNC(C)(C)C(C)(C)C
CNNC(C)(C)C(C)CC
CNNC(C)(C)CC(C)C
CNNC(C)(C)CCCC
CNNC(C)C(C)(C)CC
CNNC(C)C(C)C(C)C
CNNC(C)C(C)CCC
CNNC(C)C(CC)CC
CNNC(C)CC(C)(C)C
CNNC(C)CC(C)CC
CNNC(C)CCC(C)C
CNNC(C)CCCCC
CNNC(CC)(C)C(C)C
CNNC(CC)(C)CCC
CNNC(CC)(CC)CC
CNNC(CC)C(C)(C)C
CNNC(CC)C(C)CC
CNNC(CC)CC(C)C
CNNC(CC)CCCC
CNNC(CCC)CCC
CNNCC(C)(C)C(C)C
CNNCC(C)(C)CCC
CNNCC(C)C(C)(C)C
CNNCC(C)C(C)CC
CNNCC(C)CC(C)C
CNNCC(C)CCCC
CNNCC(CC)(C)CC
CNNCC(CC)C(C)C
CNNCC(CC)CCC
CNNCCC(C)(C)CC
CNNCCC(C)C(C)C
CNNCCC(C)CCC
CNNCCC(CC)CC
CNNCCCC(C)(C)C
CNNCCCC(C)CC
CNNCCCCC(C)C
CNNCCCCCCC
NC(C)(C)C(C(C)C)NC
NC(C)(C)C(C)(C)C(C)N
NC(C)(C)C(C)(C)CCN
NC(C)(C)C(C)(C)CNC
NC(C)(C)C(C)(C)N(C)C
NC(C)(C)C(C)(C)NCC
NC(C)(C)C(C)C(C)CN
NC(C)(C)C(C)C(C)NC
NC(C)(C)C(C)C(N)(C)C
NC(C)(C)C(C)C(N)CC
NC(C)(C)C(C)CC(C)N
NC(C)(C)C(C)CCCN
NC(C)(C)C(C)CCNC
NC(C)(C)C(C)CN(C)C
NC(C)(C)C(C)CNCC
NC(C)(C)C(C)N(C)CC
NC(C)(C)C(C)NC(C)C
NC(C)(C)C(C)NCCC
NC(C)(C)C(CC)(C)CN
NC(C)(C)C(CC)(C)NC
NC(C)(C)C(CC)(N)CC
NC(C)(C)C(CC)C(C)N
NC(C)(C)C(CC)CCN
NC(C)(C)C(CC)CNC
NC(C)(C)C(CC)N(C)C
NC(C)(C)C(CC)NCC
NC(C)(C)C(CN)C(C)C
NC(C)(C)C(CN)CCC
NC(C)(C)C(N)(C)C(C)C
NC(C)(C)C(N)(C)CCC
NC(C)(C)C(N)C(C)(C)C
NC(C)(C)C(N)C(C)CC
NC(C)(C)C(N)CC(C)C
NC(C)(C)C(N)CCCC
NC(C)(C)C(NC)CCC
NC(C)(C)CC(C)(C)CN
NC(C)(C)CC(C)(C)NC
NC(C)(C)CC(C)C(C)N
NC(C)(C)CC(C)CCN
NC(C)(C)CC(C)CNC
NC(C)(C)CC(C)N(C)C
NC(C)(C)CC(C)NCC
NC(C)(C)CC(CC)CN
NC(C)(C)CC(CC)NC
NC(C)(C)CC(N)(C)CC
NC(C)(C)CC(N)C(C)C
NC(C)(C)CC(N)CCC
NC(C)(C)CCC(C)CN
NC(C)(C)CCC(C)NC
NC(C)(C)CCC(N)(C)C
NC(C)(C)CCC(N)CC
NC(C)(C)CCCC(C)N
NC(C)(C)CCCCCN
NC(C)(C)CCCCNC
NC(C)(C)CCCN(C)C
NC(C)(C)CCCNCC
NC(C)(C)CCN(C)CC
NC(C)(C)CCNC(C)C
NC(C)(C)CCNCCC
NC(C)(C)CN(C)C(C)C
NC(C)(C)CN(C)CCC
NC(C)(C)CN(CC)CC
NC(C)(C)CNC(C)(C)C
NC(C)(C)CNC(C)CC
NC(C)(C)CNCC(C)C
NC(C)(C)CNCCCC
NC(C)(C)N(C)C(C)(C)C
NC(C)(C)N(C)C(C)CC
NC(C)(C)N(C)CC(C)C
NC(C)(C)N(C)CCCC
NC(C)(C)N(CC)C(C)C
NC(C)(C)N(CC)CCC
NC(C)(C)NC(C)(C)CC
NC(C)(C)NC(C)C(C)C
NC(C)(C)NC(C)CCC
NC(C)(C)NC(CC)CC
NC(C)(C)NCC(C)(C)C
NC(C)(C)NCC(C)CC
NC(C)(C)NCCC(C)C
NC(C)(C)NCCCCC
NC(C)C(C(C)(C)C)NC
NC(C)C(C(C)C)(C)NC
NC(C)C(C(C)C)C(N)C
NC(C)C(C(C)C)CCN
NC(C)C(C(C)C)CNC
NC(C)C(C(C)C)N(C)C
NC(C)C(C(C)C)NCC
NC(C)C(C(C)N)CCC
NC(C)C(C)(C)C(C)CN
NC(C)C(C)(C)C(C)NC
NC(C)C(C)(C)C(N)CC
NC(C)C(C)(C)CC(C)N
NC(C)C(C)(C)CCCN
NC(C)C(C)(C)CCNC
NC(C)C(C)(C)CN(C)C
NC(C)C(C)(C)CNCC
NC(C)C(C)(C)N(C)CC
NC(C)C(C)(C)NC(C)C
NC(C)C(C)(C)NCCC
NC(C)C(C)C(C)(C)CN
NC(C)C(C)C(C)(C)NC
NC(C)C(C)C(C)C(N)C
NC(C)C(C)C(C)CCN
NC(C)C(C)C(C)CNC
NC(C)C(C)C(C)N(C)C
NC(C)C(C)C(C)NCC
NC(C)C(C)C(CC)CN
NC(C)C(C)C(CC)NC
NC(C)C(C)C(N)(C)CC
NC(C)C(C)C(N)C(C)C
NC(C)C(C)C(N)CCC
NC(C)C(C)CC(C)CN
NC(C)C(C)CC(C)NC
NC(C)C(C)CC(N)CC
NC(C)C(C)CCC(C)N
NC(C)C(C)CCCCN
NC(C)C(C)CCCNC
NC(C)C(C)CCN(C)C
NC(C)C(C)CCNCC
NC(C)C(C)CN(C)CC
NC(C)C(C)CNC(C)C
NC(C)C(C)CNCCC
NC(C)C(C)N(C)C(C)C
NC(C)C(C)N(C)CCC
NC(C)C(C)N(CC)CC
NC(C)C(C)NC(C)(C)C
NC(C)C(C)NC(C)CC
NC(C)C(C)NCC(C)C
NC(C)C(C)NCCCC
NC(C)C(CC)(C)C(N)C
NC(C)C(CC)(C)CCN
NC(C)C(CC)(C)CNC
NC(C)C(CC)(C)N(C)C
NC(C)C(CC)(C)NCC
NC(C)C(CC)(CC)CN
NC(C)C(CC)(CC)NC
NC(C)C(CC)(N)C(C)C
NC(C)C(CC)(N)CCC
NC(C)C(CC)C(C)CN
NC(C)C(CC)C(C)NC
NC(C)C(CC)C(N)CC
NC(C)C(CC)CC(C)N
NC(C)C(CC)CCCN
NC(C)C(CC)CCNC
NC(C)C(CC)CN(C)C
NC(C)C(CC)CNCC
NC(C)C(CC)N(C)CC
NC(C)C(CC)NC(C)C
NC(C)C(CC)NCCC
NC(C)C(CN)(C)C(C)C
NC(C)C(CN)(C)CCC
NC(C)C(CN)C(C)(C)C
NC(C)C(CN)C(C)CC
NC(C)C(CN)CC(C)C
NC(C)C(CN)CCCC
NC(C)C(N(C)C)CCC
NC(C)C(N)(C)C(C)(C)C
NC(C)C(N)(C)C(C)CC
NC(C)C(N)(C)CC(C)C
NC(C)C(N)(C)CCCC
NC(C)C(N)C(C)(C)CC
NC(C)C(N)C(C)C(C)C
NC(C)C(N)C(C)CCC
NC(C)C(N)C(CC)CC
NC(C)C(N)CC(C)(C)C
NC(C)C(N)CC(C)CC
NC(C)C(N)CCC(C)C
NC(C)C(N)CCCCC
NC(C)C(NC)(C)CCC
NC(C)C(NC)C(C)CC
NC(C)C(NC)CC(C)C
NC(C)C(NC)CCCC
NC(C)CC(C(C)C)NC
NC(C)CC(C)(C)CCN
NC(C)CC(C)(C)CNC
NC(C)CC(C)(C)N(C)C
NC(C)CC(C)(C)NCC
NC(C)CC(C)C(C)CN
NC(C)CC(C)C(C)NC
NC(C)CC(C)C(N)CC
NC(C)CC(C)CC(N)C
NC(C)CC(C)CCCN
NC(C)CC(C)CCNC
NC(C)CC(C)CN(C)C
NC(C)CC(C)CNCC
NC(C)CC(C)N(C)CC
NC(C)CC(C)NC(C)C
NC(C)CC(C)NCCC
NC(C)CC(CC)(C)CN
NC(C)CC(CC)(C)NC
NC(C)CC(CC)(N)CC
NC(C)CC(CC)CCN
NC(C)CC(CC)CNC
NC(C)CC(CC)N(C)C
NC(C)CC(CC)NCC
NC(C)CC(CN)C(C)C
NC(C)CC(CN)CCC
NC(C)CC(N)(C)C(C)C
NC(C)CC(N)(C)CCC
NC(C)CC(N)C(C)(C)C
NC(C)CC(N)C(C)CC
NC(C)CC(N)CC(C)C
NC(C)CC(N)CCCC
NC(C)CC(NC)CCC
NC(C)CCC(C)(C)CN
NC(C)CCC(C)(C)NC
NC(C)CCC(C)CCN
NC(C)CCC(C)CNC
NC(C)CCC(C)N(C)C
NC(C)CCC(C)NCC
NC(C)CCC(CC)CN
NC(C)CCC(CC)NC
NC(C)CCC(N)(C)CC
NC(C)CCC(N)C(C)C
NC(C)CCC(N)CCC
NC(C)CCCC(C)CN
NC(C)CCCC(C)NC
NC(C)CCCC(N)CC
NC(C)CCCCC(N)C
NC(C)CCCCCCN
NC(C)CCCCCNC
NC(C)CCCCN(C)C
NC(C)CCCCNCC
NC(C)CCCN(C)CC
NC(C)CCCNC(C)C
NC(C)CCCNCCC
NC(C)CCN(C)C(C)C
NC(C)CCN(C)CCC
NC(C)CCN(CC)CC
NC(C)CCNC(C)(C)C
NC(C)CCNC(C)CC
NC(C)CCNCC(C)C
NC(C)CCNCCCC
NC(C)CN(C)C(C)(C)C
NC(C)CN(C)C(C)CC
NC(C)CN(C)CC(C)C
NC(C)CN(C)CCCC
NC(C)CN(CC)C(C)C
NC(C)CN(CC)CCC
NC(C)CNC(C)(C)CC
NC(C)CNC(C)C(C)C
NC(C)CNC(C)CCC
NC(C)CNC(CC)CC
NC(C)CNCC(C)(C)C
NC(C)CNCC(C)CC
NC(C)CNCCC(C)C
NC(C)CNCCCCC
NC(C)N(C(C)C)C(C)C
NC(C)N(C(C)C)CCC
NC(C)N(C)C(C)(C)CC
NC(C)N(C)C(C)C(C)C
NC(C)N(C)C(C)CCC
NC(C)N(C)C(CC)CC
NC(C)N(C)CC(C)(C)C
NC(C)N(C)CC(C)CC
NC(C)N(C)CCC(C)C
NC(C)N(C)CCCCC
NC(C)N(CC)C(C)(C)C
NC(C)N(CC)C(C)CC
NC(C)N(CC)CC(C)C
NC(C)N(CC)CCCC
NC(C)NC(C)(C)C(C)C
NC(C)NC(C)(C)CCC
NC(C)NC(C)C(C)(C)C
NC(C)NC(C)C(C)CC
NC(C)NC(C)CC(C)C
NC(C)NC(C)CCCC
NC(C)NC(CC)(C)CC
NC(C)NC(CC)C(C)C
NC(C)NC(CC)CCC
NC(C)NCC(C)(C)CC
NC(C)NCC(C)C(C)C
NC(C)NCC(C)CCC
NC(C)NCC(CC)CC
NC(C)NCCC(C)(C)C
NC(C)NCCC(C)CC
NC(C)NCCCC(C)C
NC(C)NCCCCCC
NC(N)(C)C(C)(C)C(C)C
NC(N)(C)C(C)(C)CCC
NC(N)(C)C(C)C(C)(C)C
NC(N)(C)C(C)C(C)CC
NC(N)(C)C(C)CC(C)C
NC(N)(C)C(C)CCCC
NC(N)(C)C(CC)(C)CC
NC(N)(C)C(CC)C(C)C
NC(N)(C)C(CC)CCC
NC(N)(C)CC(C)(C)CC
NC(N)(C)CC(C)C(C)C
NC(N)(C)CC(C)CCC
NC(N)(C)CC(CC)CC
NC(N)(C)CCC(C)(C)C
NC(N)(C)CCC(C)CC
NC(N)(C)CCCC(C)C
NC(N)(C)CCCCCC
NC(N)C(C(C)C)C(C)C
NC(N)C(C(C)C)CCC
NC(N)C(C)(C)C(C)(C)C
NC(N)C(C)(C)C(C)CC
NC(N)C(C)(C)CC(C)C
NC(N)C(C)(C)CCCC
NC(N)C(C)C(C)(C)CC
NC(N)C(C)C(C)C(C)C
NC(N)C(C)C(C)CCC
NC(N)C(C)C(CC)CC
NC(N)C(C)CC(C)(C)C
NC(N)C(C)CC(C)CC
NC(N)C(C)CCC(C)C
NC(N)C(C)CCCCC
NC(N)C(CC)(C)C(C)C
NC(N)C(CC)(C)CCC
NC(N)C(CC)(CC)CC
NC(N)C(CC)C(C)(C)C
NC(N)C(CC)C(C)CC
NC(N)C(CC)CC(C)C
NC(N)C(CC)CCCC
NC(N)CC(C)(C)C(C)C
NC(N)CC(C)(C)CCC
NC(N)CC(C)C(C)(C)C
NC(N)CC(C)C(C)CC
NC(N)CC(C)CC(C)C
NC(N)CC(C)CCCC
NC(N)CC(CC)(C)CC
NC(N)CC(CC)C(C)C
NC(N)CC(CC)CCC
NC(N)CCC(C)(C)CC
NC(N)CCC(C)C(C)C
NC(N)CCC(C)CCC
NC(N)CCC(CC)CC
NC(N)CCCC(C)(C)C
NC(N)CCCC(C)CC
NC(N)CCCCC(C)C
NC(N)CCCCCCC
NCC(C(C)(C)C)(C)NC
NCC(C(C)(C)C)CCN
NCC(C(C)(C)C)CNC
NCC(C(C)(C)C)N(C)C
NCC(C(C)(C)C)NCC
NCC(C(C)C)(C)CCN
NCC(C(C)C)(C)CNC
NCC(C(C)C)(C)N(C)C
NCC(C(C)C)(C)NCC
NCC(C(C)C)(CC)NC
NCC(C(C)C)(N)C(C)C
NCC(C(C)C)(N)CCC
NCC(C(C)C)C(C)CN
NCC(C(C)C)C(C)NC
NCC(C(C)C)C(N)CC
NCC(C(C)C)CCCN
NCC(C(C)C)CCNC
NCC(C(C)C)CN(C)C
NCC(C(C)C)CNCC
NCC(C(C)C)N(C)CC
NCC(C(C)C)NC(C)C
NCC(C(C)C)NCCC
NCC(C)(C)C(C)(C)CN
NCC(C)(C)C(C)(C)NC
NCC(C)(C)C(C)CCN
NCC(C)(C)C(C)CNC
NCC(C)(C)C(C)N(C)C
NCC(C)(C)C(C)NCC
NCC(C)(C)C(CC)CN
NCC(C)(C)C(CC)NC
NCC(C)(C)C(N)(C)CC
NCC(C)(C)C(N)C(C)C
NCC(C)(C)C(N)CCC
NCC(C)(C)CC(C)CN
NCC(C)(C)CC(C)NC
NCC(C)(C)CC(N)CC
NCC(C)(C)CCCCN
NCC(C)(C)CCCNC
NCC(C)(C)CCN(C)C
NCC(C)(C)CCNCC
NCC(C)(C)CN(C)CC
NCC(C)(C)CNC(C)C
NCC(C)(C)CNCCC
NCC(C)(C)N(C)C(C)C
NCC(C)(C)N(C)CCC
NCC(C)(C)N(CC)CC
NCC(C)(C)NC(C)(C)C
NCC(C)(C)NC(C)CC
NCC(C)(C)NCC(C)C
NCC(C)(C)NCCCC
NCC(C)C(C(C)C)NC
NCC(C)C(C)(C)CCN
NCC(C)C(C)(C)CNC
NCC(C)C(C)(C)N(C)C
NCC(C)C(C)(C)NCC
NCC(C)C(C)C(C)CN
NCC(C)C(C)C(C)NC
NCC(C)C(C)C(N)CC
NCC(C)C(C)CCCN
NCC(C)C(C)CCNC
NCC(C)C(C)CN(C)C
NCC(C)C(C)CNCC
NCC(C)C(C)N(C)CC
NCC(C)C(C)NC(C)C
NCC(C)C(C)NCCC
NCC(C)C(CC)(C)NC
NCC(C)C(CC)(N)CC
NCC(C)C(CC)CCN
NCC(C)C(CC)CNC
NCC(C)C(CC)N(C)C
NCC(C)C(CC)NCC
NCC(C)C(CN)CCC
NCC(C)C(N)(C)C(C)C
NCC(C)C(N)(C)CCC
NCC(C)C(N)C(C)(C)C
NCC(C)C(N)C(C)CC
NCC(C)C(N)CC(C)C
NCC(C)C(N)CCCC
NCC(C)C(NC)CCC
NCC(C)CC(C)(C)NC
NCC(C)CC(C)CCN
NCC(C)CC(C)CNC
NCC(C)CC(C)N(C)C
NCC(C)CC(C)NCC
NCC(C)CC(CC)NC
NCC(C)CC(N)(C)CC
NCC(C)CC(N)C(C)C
NCC(C)CC(N)CCC
NCC(C)CCC(C)CN
NCC(C)CCC(C)NC
NCC(C)CCC(N)CC
NCC(C)CCCCCN
NCC(C)CCCCNC
NCC(C)CCCN(C)C
NCC(C)CCCNCC
NCC(C)CCN(C)CC
NCC(C)CCNC(C)C
NCC(C)CCNCCC
NCC(C)CN(C)C(C)C
NCC(C)CN(C)CCC
NCC(C)CN(CC)CC
NCC(C)CNC(C)(C)C
NCC(C)CNC(C)CC
NCC(C)CNCC(C)C
NCC(C)CNCCCC
NCC(C)N(C)C(C)(C)C
NCC(C)N(C)C(C)CC
NCC(C)N(C)CC(C)C
NCC(C)N(C)CCCC
NCC(C)N(CC)C(C)C
NCC(C)N(CC)CCC
NCC(C)NC(C)(C)CC
NCC(C)NC(C)C(C)C
NCC(C)NC(C)CCC
NCC(C)NC(CC)CC
NCC(C)NCC(C)(C)C
NCC(C)NCC(C)CC
NCC(C)NCCC(C)C
NCC(C)NCCCCC
NCC(CC)(C)C(C)CN
NCC(CC)(C)C(C)NC
NCC(CC)(C)C(N)CC
NCC(CC)(C)CCCN
NCC(CC)(C)CCNC
NCC(CC)(C)CN(C)C
NCC(CC)(C)CNCC
NCC(CC)(C)N(C)CC
NCC(CC)(C)NC(C)C
NCC(CC)(C)NCCC
NCC(CC)(CC)CCN
NCC(CC)(CC)CNC
NCC(CC)(CC)N(C)C
NCC(CC)(CC)NCC
NCC(CC)(N)C(C)(C)C
NCC(CC)(N)C(C)CC
NCC(CC)(N)CC(C)C
NCC(CC)(N)CCCC
NCC(CC)C(C)(C)NC
NCC(CC)C(C)CCN
NCC(CC)C(C)CNC
NCC(CC)C(C)N(C)C
NCC(CC)C(C)NCC
NCC(CC)C(CC)NC
NCC(CC)C(CN)CC
NCC(CC)C(N)(C)CC
NCC(CC)C(N)C(C)C
NCC(CC)C(N)CCC
NCC(CC)CC(C)CN
NCC(CC)CC(C)NC
NCC(CC)CC(N)CC
NCC(CC)CCCCN
NCC(CC)CCCNC
NCC(CC)CCN(C)C
NCC(CC)CCNCC
NCC(CC)CN(C)CC
NCC(CC)CNC(C)C
NCC(CC)CNCCC
NCC(CC)N(C)C(C)C
NCC(CC)N(C)CCC
NCC(CC)N(CC)CC
NCC(CC)NC(C)(C)C
NCC(CC)NC(C)CC
NCC(CC)NCC(C)C
NCC(CC)NCCCC
NCC(CN)(C)C(C)(C)C
NCC(CN)(C)C(C)CC
NCC(CN)(C)CC(C)C
NCC(CN)(C)CCCC
NCC(CN)(CC)C(C)C
NCC(CN)(CC)CCC
NCC(CN)C(C)(C)CC
NCC(CN)C(C)C(C)C
NCC(CN)C(C)CCC
NCC(CN)C(CC)CC
NCC(CN)CC(C)(C)C
NCC(CN)CC(C)CC
NCC(CN)CCC(C)C
NCC(CN)CCCCC
NCC(N(C)C)(C)CCC
NCC(N(C)C)C(C)CC
NCC(N(C)C)CC(C)C
NCC(N(C)C)CCCC
NCC(N)(C)C(C)(C)CC
NCC(N)(C)C(C)C(C)C
NCC(N)(C)C(C)CCC
NCC(N)(C)C(CC)CC
NCC(N)(C)CC(C)(C)C
NCC(N)(C)CC(C)CC
NCC(N)(C)CCC(C)C
NCC(N)(C)CCCCC
NCC(N)C(C)(C)C(C)C
NCC(N)C(C)(C)CCC
NCC(N)C(C)C(C)(C)C
NCC(N)C(C)C(C)CC
NCC(N)C(C)CC(C)C
NCC(N)C(C)CCCC
NCC(N)C(CC)(C)CC
NCC(N)C(CC)C(C)C
NCC(N)C(CC)CCC
NCC(N)CC(C)(C)CC
NCC(N)CC(C)C(C)C
NCC(N)CC(C)CCC
NCC(N)CC(CC)CC
NCC(N)CCC(C)(C)C
NCC(N)CCC(C)CC
NCC(N)CCCC(C)C
NCC(N)CCCCCC
NCC(NC)(C)C(C)CC
NCC(NC)(C)CC(C)C
NCC(NC)(C)CCCC
NCC(NC)(CC)CCC
NCC(NC)C(C)(C)CC
NCC(NC)C(C)C(C)C
NCC(NC)C(C)CCC
NCC(NC)C(CC)CC
NCC(NC)CC(C)(C)C
NCC(NC)CC(C)CC
NCC(NC)CCC(C)C
NCC(NC)CCCCC
NCCC(C(C)(C)C)NC
NCCC(C(C)C)(C)NC
NCCC(C(C)C)CCN
NCCC(C(C)C)CNC
NCCC(C(C)C)N(C)C
NCCC(C(C)C)NCC
NCCC(C(C)N)CCC
NCCC(C)(C)C(C)NC
NCCC(C)(C)C(N)CC
NCCC(C)(C)CCCN
NCCC(C)(C)CCNC
NCCC(C)(C)CN(C)C
NCCC(C)(C)CNCC
NCCC(C)(C)N(C)CC
NCCC(C)(C)NC(C)C
NCCC(C)(C)NCCC
NCCC(C)C(C)(C)NC
NCCC(C)C(C)CCN
NCCC(C)C(C)CNC
NCCC(C)C(C)N(C)C
NCCC(C)C(C)NCC
NCCC(C)C(CC)NC
NCCC(C)C(N)(C)CC
NCCC(C)C(N)C(C)C
NCCC(C)C(N)CCC
NCCC(C)CC(C)NC
NCCC(C)CC(N)CC
NCCC(C)CCCCN
NCCC(C)CCCNC
NCCC(C)CCN(C)C
NCCC(C)CCNCC
NCCC(C)CN(C)CC
NCCC(C)CNC(C)C
NCCC(C)CNCCC
NCCC(C)N(C)C(C)C
NCCC(C)N(C)CCC
NCCC(C)N(CC)CC
NCCC(C)NC(C)(C)C
NCCC(C)NC(C)CC
NCCC(C)NCC(C)C
NCCC(C)NCCCC
NCCC(CC)(C)CCN
NCCC(CC)(C)CNC
NCCC(CC)(C)N(C)C
NCCC(CC)(C)NCC
NCCC(CC)(CC)NC
NCCC(CC)(N)C(C)C
NCCC(CC)(N)CCC
NCCC(CC)C(C)NC
NCCC(CC)C(N)CC
NCCC(CC)CCCN
NCCC(CC)CCNC
NCCC(CC)CN(C)C
NCCC(CC)CNCC
NCCC(CC)N(C)CC
NCCC(CC)NC(C)C
NCCC(CC)NCCC
NCCC(CCC)CCN
NCCC(CCC)CNC
NCCC(CCC)NCC
NCCC(CN)(C)CCC
NCCC(CN)C(C)CC
NCCC(CN)CC(C)C
NCCC(CN)CCCC
NCCC(N(C)C)CCC
NCCC(N)(C)C(C)(C)C
NCCC(N)(C)C(C)CC
NCCC(N)(C)CC(C)C
NCCC(N)(C)CCCC
NCCC(N)C(C)(C)CC
NCCC(N)C(C)C(C)C
NCCC(N)C(C)CCC
NCCC(N)C(CC)CC
NCCC(N)CC(C)(C)C
NCCC(N)CC(C)CC
NCCC(N)CCC(C)C
NCCC(N)CCCCC
NCCC(NC)(C)CCC
NCCC(NC)C(C)CC
NCCC(NC)CC(C)C
NCCC(NC)CCCC
NCCCC(C(C)C)NC
NCCCC(C)(C)CNC
NCCCC(C)(C)N(C)C
NCCCC(C)(C)NCC
NCCCC(C)C(C)NC
NCCCC(C)C(N)CC
NCCCC(C)CCCN
NCCCC(C)CCNC
NCCCC(C)CN(C)C
NCCCC(C)CNCC
NCCCC(C)N(C)CC
NCCCC(C)NC(C)C
NCCCC(C)NCCC
NCCCC(CC)(C)NC
NCCCC(CC)(N)CC
NCCCC(CC)CNC
NCCCC(CC)N(C)C
NCCCC(CC)NCC
NCCCC(CN)CCC
NCCCC(N)(C)C(C)C
NCCCC(N)(C)CCC
NCCCC(N)C(C)(C)C
NCCCC(N)C(C)CC
NCCCC(N)CC(C)C
NCCCC(N)CCCC
NCCCC(NC)CCC
NCCCCC(C)(C)NC
NCCCCC(C)CNC
NCCCCC(C)N(C)C
NCCCCC(C)NCC
NCCCCC(CC)NC
NCCCCC(N)(C)CC
NCCCCC(N)C(C)C
NCCCCC(N)CCC
NCCCCCC(C)NC
NCCCCCC(N)CC
NCCCCCCCCN
NCCCCCCCNC
NCCCCCCN(C)C
NCCCCCCNCC
NCCCCCN(C)CC
NCCCCCNC(C)C
NCCCCCNCCC
NCCCCN(C)C(C)C
NCCCCN(C)CCC
NCCCCN(CC)CC
NCCCCNC(C)(C)C
NCCCCNC(C)CC
NCCCCNCC(C)C
NCCCCNCCCC
NCCCN(C)C(C)(C)C
NCCCN(C)C(C)CC
NCCCN(C)CC(C)C
NCCCN(C)CCCC
NCCCN(CC)C(C)C
NCCCN(CC)CCC
NCCCNC(C)(C)CC
NCCCNC(C)C(C)C
NCCCNC(C)CCC
NCCCNC(CC)CC
NCCCNCC(C)(C)C
NCCCNCC(C)CC
NCCCNCCC(C)C
NCCCNCCCCC
NCCN(C(C)C)C(C)C
NCCN(C(C)C)CCC
NCCN(C)C(C)(C)CC
NCCN(C)C(C)C(C)C
NCCN(C)C(C)CCC
NCCN(C)C(CC)CC
NCCN(C)CC(C)(C)C
NCCN(C)CC(C)CC
NCCN(C)CCC(C)C
NCCN(C)CCCCC
NCCN(CC)C(C)(C)C
NCCN(CC)C(C)CC
NCCN(CC)CC(C)C
NCCN(CC)CCCC
NCCN(CCC)CCC
NCCNC(C)(C)C(C)C
NCCNC(C)(C)CCC
NCCNC(C)C(C)(C)C
NCCNC(C)C(C)CC
NCCNC(C)CC(C)C
NCCNC(C)CCCC
NCCNC(CC)(C)CC
NCCNC(CC)C(C)C
NCCNC(CC)CCC
NCCNCC(C)(C)CC
NCCNCC(C)C(C)C
NCCNCC(C)CCC
NCCNCC(CC)CC
NCCNCCC(C)(C)C
NCCNCCC(C)CC
NCCNCCCC(C)C
NCCNCCCCCC
NCN(C(C)(C)C)CCC
NCN(C(C)C)C(C)(C)C
NCN(C(C)C)C(C)CC
NCN(C(C)C)CC(C)C
NCN(C(C)C)CCCC
NCN(C)C(C)(C)C(C)C
NCN(C)C(C)(C)CCC
NCN(C)C(C)C(C)(C)C
NCN(C)C(C)C(C)CC
NCN(C)C(C)CC(C)C
NCN(C)C(C)CCCC
NCN(C)C(CC)(C)CC
NCN(C)C(CC)C(C)C
NCN(C)C(CC)CCC
NCN(C)CC(C)(C)CC
NCN(C)CC(C)C(C)C
NCN(C)CC(C)CCC
NCN(C)CC(CC)CC
NCN(C)CCC(C)(C)C
NCN(C)CCC(C)CC
NCN(C)CCCC(C)C
NCN(C)CCCCCC
NCN(CC)C(C)(C)CC
NCN(CC)C(C)C(C)C
NCN(CC)C(C)CCC
NCN(CC)C(CC)CC
NCN(CC)CC(C)(C)C
NCN(CC)CC(C)CC
NCN(CC)CCC(C)C
NCN(CC)CCCCC
NCNC(C(C)C)C(C)C
NCNC(C(C)C)CCC
NCNC(C)(C)C(C)(C)C
NCNC(C)(C)C(C)CC
NCNC(C)(C)CC(C)C
NCNC(C)(C)CCCC
NCNC(C)C(C)(C)CC
NCNC(C)C(C)C(C)C
NCNC(C)C(C)CCC
NCNC(C)C(CC)CC
NCNC(C)CC(C)(C)C
NCNC(C)CC(C)CC
NCNC(C)CCC(C)C
NCNC(C)CCCCC
NCNC(CC)(C)C(C)C
NCNC(CC)(C)CCC
NCNC(CC)(CC)CC
NCNC(CC)C(C)(C)C
NCNC(CC)C(C)CC
NCNC(CC)CC(C)C
NCNC(CC)CCCC
NCNC(CCC)CCC
NCNCC(C)(C)C(C)C
NCNCC(C)(C)CCC
NCNCC(C)C(C)(C)C
NCNCC(C)C(C)CC
NCNCC(C)CC(C)C
NCNCC(C)CCCC
NCNCC(CC)(C)CC
NCNCC(CC)C(C)C
NCNCC(CC)CCC
NCNCCC(C)(C)CC
NCNCCC(C)C(C)C
NCNCCC(C)CCC
NCNCCC(CC)CC
NCNCCCC(C)(C)C
NCNCCCC(C)CC
NCNCCCCC(C)C
NCNCCCCCCC
NN(C)C(C(C)C)C(C)C
NN(C)C(C(C)C)CCC
NN(C)C(C)(C)C(C)(C)C
NN(C)C(C)(C)C(C)CC
NN(C)C(C)(C)CC(C)C
NN(C)C(C)(C)CCCC
NN(C)C(C)C(C)(C)CC
NN(C)C(C)C(C)C(C)C
NN(C)C(C)C(C)CCC
NN(C)C(C)C(CC)CC
NN(C)C(C)CC(C)(C)C
NN(C)C(C)CC(C)CC
NN(C)C(C)CCC(C)C
NN(C)C(C)CCCCC
NN(C)C(CC)(C)C(C)C
NN(C)C(CC)(C)CCC
NN(C)C(CC)(CC)CC
NN(C)C(CC)C(C)(C)C
NN(C)C(CC)C(C)CC
NN(C)C(CC)CC(C)C
NN(C)C(CC)CCCC
NN(C)CC(C)(C)C(C)C
NN(C)CC(C)(C)CCC
NN(C)CC(C)C(C)(C)C
NN(C)CC(C)C(C)CC
NN(C)CC(C)CC(C)C
NN(C)CC(C)CCCC
NN(C)CC(CC)(C)CC
NN(C)CC(CC)C(C)C
NN(C)CC(CC)CCC
NN(C)CCC(C)(C)CC
NN(C)CCC(C)C(C)C
NN(C)CCC(C)CCC
NN(C)CCC(CC)CC
NN(C)CCCC(C)(C)C
NN(C)CCCC(C)CC
NN(C)CCCCC(C)C
NN(C)CCCCCCC
NNC(C(C)(C)C)CCC
NNC(C(C)C)(C)C(C)C
NNC(C(C)C)(C)CCC
NNC(C(C)C)C(C)(C)C
NNC(C(C)C)C(C)CC
NNC(C(C)C)CC(C)C
NNC(C(C)C)CCCC
NNC(C)(C)C(C)(C)CC
NNC(C)(C)C(C)C(C)C
NNC(C)(C)C(C)CCC
NNC(C)(C)C(CC)CC
NNC(C)(C)CC(C)(C)C
NNC(C)(C)CC(C)CC
NNC(C)(C)CCC(C)C
NNC(C)(C)CCCCC
NNC(C)C(C)(C)C(C)C
NNC(C)C(C)(C)CCC
NNC(C)C(C)C(C)(C)C
NNC(C)C(C)C(C)CC
NNC(C)C(C)CC(C)C
NNC(C)C(C)CCCC
NNC(C)C(CC)(C)CC
NNC(C)C(CC)C(C)C
NNC(C)C(CC)CCC
NNC(C)CC(C)(C)CC
NNC(C)CC(C)C(C)C
NNC(C)CC(C)CCC
NNC(C)CC(CC)CC
NNC(C)CCC(C)(C)C
NNC(C)CCC(C)CC
NNC(C)CCCC(C)C
NNC(C)CCCCCC
NNC(CC)(C)C(C)(C)C
NNC(CC)(C)C(C)CC
NNC(CC)(C)CC(C)C
NNC(CC)(C)CCCC
NNC(CC)(CC)C(C)C
NNC(CC)(CC)CCC
NNC(CC)C(C)(C)CC
NNC(CC)C(C)C(C)C
NNC(CC)C(C)CCC
NNC(CC)C(CC)CC
NNC(CC)CC(C)(C)C
NNC(CC)CC(C)CC
NNC(CC)CCC(C)C
NNC(CC)CCCCC
NNCC(C(C)C)C(C)C
NNCC(C(C)C)CCC
NNCC(C)(C)C(C)(C)C
NNCC(C)(C)C(C)CC
NNCC(C)(C)CC(C)C
NNCC(C)(C)CCCC
NNCC(C)C(C)(C)CC
NNCC(C)C(C)C(C)C
NNCC(C)C(C)CCC
NNCC(C)C(CC)CC
NNCC(C)CC(C)(C)C
NNCC(C)CC(C)CC
NNCC(C)CCC(C)C
NNCC(C)CCCCC
NNCC(CC)(C)C(C)C
NNCC(CC)(C)CCC
NNCC(CC)(CC)CC
NNCC(CC)C(C)(C)C
NNCC(CC)C(C)CC
NNCC(CC)CC(C)C
NNCC(CC)CCCC
NNCC(CCC)CCC
NNCCC(C)(C)C(C)C
NNCCC(C)(C)CCC
NNCCC(C)C(C)(C)C
NNCCC(C)C(C)CC
NNCCC(C)CC(C)C
NNCCC(C)CCCC
NNCCC(CC)(C)CC
NNCCC(CC)C(C)C
NNCCC(CC)CCC
NNCCCC(C)(C)CC
NNCCCC(C)C(C)C
NNCCCC(C)CCC
NNCCCC(CC)CC
NNCCCCC(C)(C)C
NNCCCCC(C)CC
NNCCCCCC(C)C
NNCCCCCCCC
