CC(C)(C)C(C)OOCC
CC(C)(C)C(O)(C)OCC
CC(C)(C)C(O)(O)C(C)C
CC(C)(C)C(O)(O)CCC
CC(C)(C)C(O)C(O)CC
CC(C)(C)C(O)COCC
CC(C)(C)C(O)OC(C)C
CC(C)(C)C(O)OCCC
CC(C)(C)CC(O)(O)CC
CC(C)(C)CC(O)OCC
CC(C)(C)CCOOCC
CC(C)(C)COC(O)CC
CC(C)(C)COCOCC
CC(C)(C)COOC(C)C
CC(C)(C)COOCCC
CC(C)(C)OC(C)OCC
CC(C)(C)OC(O)(C)CC
CC(C)(C)OC(O)C(C)C
CC(C)(C)OC(O)CCC
CC(C)(C)OCC(O)CC
CC(C)(C)OCCOCC
CC(C)(C)OCOC(C)C
CC(C)(C)OCOCCC
CC(C)(C)OOC(C)(C)C
CC(C)(C)OOC(C)CC
CC(C)(C)OOCC(C)C
CC(C)(C)OOCCCC
CC(C)C(C)(C)OOCC
CC(C)C(C)C(O)(O)CC
CC(C)C(C)C(O)OCC
CC(C)C(C)COOCC
CC(C)C(C)OC(O)CC
CC(C)C(C)OCOCC
CC(C)C(C)OOCCC
CC(C)C(CC)(O)OCC
CC(C)C(CC)OOCC
CC(C)C(O)(C)C(O)CC
CC(C)C(O)(C)COCC
CC(C)C(O)(C)OCCC
CC(C)C(O)(O)C(C)CC
CC(C)C(O)(O)CC(C)C
CC(C)C(O)(O)CCCC
CC(C)C(O)C(C)OCC
CC(C)C(O)C(O)(C)CC
CC(C)C(O)C(O)C(C)C
CC(C)C(O)C(O)CCC
CC(C)C(O)CC(O)CC
CC(C)C(O)CCOCC
CC(C)C(O)COCCC
CC(C)C(O)OC(C)CC
CC(C)C(O)OCC(C)C
CC(C)C(O)OCCCC
CC(C)CC(C)OOCC
CC(C)CC(CO)OCC
CC(C)CC(O)(C)OCC
CC(C)CC(O)(O)CCC
CC(C)CC(O)C(O)CC
CC(C)CC(O)COCC
CC(C)CC(O)OCCC
CC(C)CC(OC)OCC
CC(C)CC(OO)CCC
CC(C)CCC(O)(O)CC
CC(C)CCC(O)OCC
CC(C)CCCOOCC
CC(C)CCOC(O)CC
CC(C)CCOCOCC
CC(C)CCOOCCC
CC(C)COC(C)OCC
CC(C)COC(O)(C)CC
CC(C)COC(O)CCC
CC(C)COCC(O)CC
CC(C)COCCOCC
CC(C)COCOCCC
CC(C)COOC(C)CC
CC(C)COOCC(C)C
CC(C)COOCCCC
CC(C)OC(C)(C)OCC
CC(C)OC(C)C(O)CC
CC(C)OC(C)COCC
CC(C)OC(C)OC(C)C
CC(C)OC(C)OCCC
CC(C)OC(CC)(O)CC
CC(C)OC(CC)OCC
CC(C)OC(CO)CCC
CC(C)OC(O)(C)C(C)C
CC(C)OC(O)(C)CCC
CC(C)OC(O)C(C)CC
CC(C)OC(O)CC(C)C
CC(C)OC(O)CCCC
CC(C)OC(OC)CCC
CC(C)OCC(C)OCC
CC(C)OCC(O)(C)CC
CC(C)OCC(O)C(C)C
CC(C)OCC(O)CCC
CC(C)OCCC(O)CC
CC(C)OCCCOCC
CC(C)OCCOC(C)C
CC(C)OCCOCCC
CC(C)OCOC(C)CC
CC(C)OCOCC(C)C
CC(C)OCOCCCC
CC(C)OOC(C)(C)CC
CC(C)OOC(C)C(C)C
CC(C)OOC(C)CCC
CC(C)OOC(CC)CC
CC(C)OOCC(C)CC
CC(C)OOCCC(C)C
CC(C)OOCCCCC
CCC(C)(C)OC(O)CC
CCC(C)(C)OOCCC
CCC(C)C(O)(O)CCC
CCC(C)C(O)OCCC
CCC(C)C(OO)CCC
CCC(C)COOCCC
CCC(C)OC(O)CCC
CCC(C)OCOCCC
CCC(C)OOC(C)CC
CCC(C)OOCCCC
CCC(CC)(O)C(O)CC
CCC(CC)(O)OCCC
CCC(CC)OC(O)CC
CCC(CC)OOCCC
CCC(O)(C)C(O)(C)CC
CCC(O)(C)C(O)CCC
CCC(O)(C)CC(O)CC
CCC(O)(C)COCCC
CCC(O)(C)OC(C)CC
CCC(O)(C)OCCCC
CCC(O)(O)C(C)(C)CC
CCC(O)(O)C(C)CCC
CCC(O)(O)C(CC)CC
CCC(O)(O)CC(C)CC
CCC(O)(O)CCCCC
CCC(O)C(C)C(O)CC
CCC(O)C(C)OCCC
CCC(O)C(CO)CCC
CCC(O)C(O)(C)CCC
CCC(O)C(O)C(C)CC
CCC(O)C(O)CCCC
CCC(O)C(OC)CCC
CCC(O)CC(O)CCC
CCC(O)CCC(O)CC
CCC(O)CCOCCC
CCC(O)COC(C)CC
CCC(O)COCCCC
CCC(O)OC(C)CCC
CCC(O)OCC(C)CC
CCC(O)OCCCCC
CCCC(C(O)O)CCC
CCCC(CO)(O)CCC
CCCC(O)(O)CCCC
CCCC(O)C(O)CCC
CCCC(O)OCCCC
CCCC(OC)(O)CCC
CCCC(OO)(C)CCC
CCCC(OO)CCCC
CCCCOOCCCC
CCCOC(C)OCCC
CCCOC(CO)CCC
CCCOC(O)(C)CCC
CCCOC(O)CCCC
CCCOC(OC)CCC
CCCOCC(O)CCC
CCCOCCOCCC
CCCOCOCCCC
CCCOOC(C)CCC
CCCOOCCCCC
CCOC(C(C)C)OCC
CCOC(C(C)O)CCC
CCOC(C)(C)C(O)CC
CCOC(C)(C)COCC
CCOC(C)(C)OCCC
CCOC(C)C(C)OCC
CCOC(C)C(O)(C)CC
CCOC(C)C(O)CCC
CCOC(C)CC(O)CC
CCOC(C)CCOCC
CCOC(C)COCCC
CCOC(C)OC(C)CC
CCOC(C)OCCCC
CCOC(CC)(C)OCC
CCOC(CC)(O)CCC
CCOC(CC)C(O)CC
CCOC(CC)COCC
CCOC(CC)OCCC
CCOC(CCC)OCC
CCOC(CO)(C)CCC
CCOC(CO)C(C)CC
CCOC(CO)CCCC
CCOC(O)(C)C(C)CC
CCOC(O)(C)CCCC
CCOC(O)C(C)(C)CC
CCOC(O)C(C)CCC
CCOC(O)C(CC)CC
CCOC(O)CC(C)CC
CCOC(O)CCCCC
CCOC(OC)(C)CCC
CCOC(OC)C(C)CC
CCOC(OC)CCCC
CCOCC(C)C(O)CC
CCOCC(C)COCC
CCOCC(C)OCCC
CCOCC(CC)(O)CC
CCOCC(CO)CCC
CCOCC(O)(C)CCC
CCOCC(O)C(C)CC
CCOCC(O)CCCC
CCOCC(OC)CCC
CCOCCC(O)(C)CC
CCOCCC(O)CCC
CCOCCCC(O)CC
CCOCCCCOCC
CCOCCCOCCC
CCOCCOC(C)CC
CCOCCOCCCC
CCOCOC(C)(C)CC
CCOCOC(C)CCC
CCOCOC(CC)CC
CCOCOCC(C)CC
CCOCOCCCCC
CCOOC(C)(C)CCC
CCOOC(C)C(C)CC
CCOOC(C)CCCC
CCOOC(CC)(C)CC
CCOOC(CC)CCC
CCOOCC(C)(C)CC
CCOOCC(C)CCC
CCOOCC(CC)CC
CCOOCCC(C)CC
CCOOCCCCCC
COC(C(C)(C)C)(C)OC
COC(C(C)(C)C)COC
COC(C(C)(C)C)OCC
COC(C(C)C)(C)COC
COC(C(C)C)(C)OCC
COC(C(C)C)(CC)OC
COC(C(C)C)(O)C(C)C
COC(C(C)C)(O)CCC
COC(C(C)C)C(C)OC
COC(C(C)C)C(O)CC
COC(C(C)C)CCOC
COC(C(C)C)COCC
COC(C(C)C)OC(C)C
COC(C(C)C)OCCC
COC(C)(C)C(C)(C)OC
COC(C)(C)C(C)COC
COC(C)(C)C(C)OCC
COC(C)(C)C(CC)OC
COC(C)(C)C(O)(C)CC
COC(C)(C)C(O)C(C)C
COC(C)(C)C(O)CCC
COC(C)(C)CC(C)OC
COC(C)(C)CC(O)CC
COC(C)(C)CCCOC
COC(C)(C)CCOCC
COC(C)(C)COC(C)C
COC(C)(C)COCCC
COC(C)(C)OC(C)(C)C
COC(C)(C)OC(C)CC
COC(C)(C)OCC(C)C
COC(C)(C)OCCCC
COC(C)C(C)(C)COC
COC(C)C(C)(C)OCC
COC(C)C(C)C(C)OC
COC(C)C(C)C(O)CC
COC(C)C(C)CCOC
COC(C)C(C)COCC
COC(C)C(C)OC(C)C
COC(C)C(C)OCCC
COC(C)C(CC)(O)CC
COC(C)C(CC)COC
COC(C)C(CC)OCC
COC(C)C(CO)CCC
COC(C)C(O)(C)C(C)C
COC(C)C(O)(C)CCC
COC(C)C(O)C(C)(C)C
COC(C)C(O)C(C)CC
COC(C)C(O)CC(C)C
COC(C)C(O)CCCC
COC(C)C(OC)CCC
COC(C)CC(C)COC
COC(C)CC(C)OCC
COC(C)CC(O)(C)CC
COC(C)CC(O)C(C)C
COC(C)CC(O)CCC
COC(C)CCC(C)OC
COC(C)CCC(O)CC
COC(C)CCCCOC
COC(C)CCCOCC
COC(C)CCOC(C)C
COC(C)CCOCCC
COC(C)COC(C)(C)C
COC(C)COC(C)CC
COC(C)COCC(C)C
COC(C)COCCCC
COC(C)OC(C)(C)CC
COC(C)OC(C)C(C)C
COC(C)OC(C)CCC
COC(C)OC(CC)CC
COC(C)OCC(C)(C)C
COC(C)OCC(C)CC
COC(C)OCCC(C)C
COC(C)OCCCCC
COC(CC)(C)C(C)OC
COC(CC)(C)C(O)CC
COC(CC)(C)CCOC
COC(CC)(C)COCC
COC(CC)(C)OC(C)C
COC(CC)(C)OCCC
COC(CC)(CC)COC
COC(CC)(CC)OCC
COC(CC)(O)C(C)(C)C
COC(CC)(O)C(C)CC
COC(CC)(O)CC(C)C
COC(CC)(O)CCCC
COC(CC)C(C)COC
COC(CC)C(C)OCC
COC(CC)C(O)(C)CC
COC(CC)C(O)C(C)C
COC(CC)C(O)CCC
COC(CC)C(OC)CC
COC(CC)CC(C)OC
COC(CC)CC(O)CC
COC(CC)CCCOC
COC(CC)CCOCC
COC(CC)COC(C)C
COC(CC)COCCC
COC(CC)OC(C)(C)C
COC(CC)OC(C)CC
COC(CC)OCC(C)C
COC(CC)OCCCC
COC(O)(C)C(C)(C)CC
COC(O)(C)C(C)C(C)C
COC(O)(C)C(C)CCC
COC(O)(C)C(CC)CC
COC(O)(C)CC(C)(C)C
COC(O)(C)CC(C)CC
COC(O)(C)CCC(C)C
COC(O)(C)CCCCC
COC(O)C(C)(C)C(C)C
COC(O)C(C)(C)CCC
COC(O)C(C)C(C)(C)C
COC(O)C(C)C(C)CC
COC(O)C(C)CC(C)C
COC(O)C(C)CCCC
COC(O)C(CC)(C)CC
COC(O)C(CC)C(C)C
COC(O)C(CC)CCC
COC(O)CC(C)(C)CC
COC(O)CC(C)C(C)C
COC(O)CC(C)CCC
COC(O)CC(CC)CC
COC(O)CCC(C)(C)C
COC(O)CCC(C)CC
COC(O)CCCC(C)C
COC(O)CCCCCC
COC(OC)(C)C(C)CC
COC(OC)(C)CC(C)C
COC(OC)(C)CCCC
COC(OC)(CC)CCC
COC(OC)C(C)(C)CC
COC(OC)C(C)C(C)C
COC(OC)C(C)CCC
COC(OC)C(CC)CC
COC(OC)CC(C)(C)C
COC(OC)CC(C)CC
COC(OC)CCC(C)C
COC(OC)CCCCC
COCC(C(C)C)COC
COCC(C(C)C)OCC
COCC(C(C)O)CCC
COCC(C)(C)C(O)CC
COCC(C)(C)CCOC
COCC(C)(C)COCC
COCC(C)(C)OC(C)C
COCC(C)(C)OCCC
COCC(C)C(C)COC
COCC(C)C(C)OCC
COCC(C)C(O)(C)CC
COCC(C)C(O)C(C)C
COCC(C)C(O)CCC
COCC(C)CC(O)CC
COCC(C)CCCOC
COCC(C)CCOCC
COCC(C)COC(C)C
COCC(C)COCCC
COCC(C)OC(C)(C)C
COCC(C)OC(C)CC
COCC(C)OCC(C)C
COCC(C)OCCCC
COCC(CC)(C)COC
COCC(CC)(C)OCC
COCC(CC)(O)C(C)C
COCC(CC)(O)CCC
COCC(CC)C(O)CC
COCC(CC)CCOC
COCC(CC)COCC
COCC(CC)OC(C)C
COCC(CC)OCCC
COCC(CCC)COC
COCC(CCC)OCC
COCC(CO)(C)CCC
COCC(CO)C(C)CC
COCC(CO)CC(C)C
COCC(CO)CCCC
COCC(O)(C)C(C)(C)C
COCC(O)(C)C(C)CC
COCC(O)(C)CC(C)C
COCC(O)(C)CCCC
COCC(O)C(C)(C)CC
COCC(O)C(C)C(C)C
COCC(O)C(C)CCC
COCC(O)C(CC)CC
COCC(O)CC(C)(C)C
COCC(O)CC(C)CC
COCC(O)CCC(C)C
COCC(O)CCCCC
COCC(OC)(C)CCC
COCC(OC)C(C)CC
COCC(OC)CC(C)C
COCC(OC)CCCC
COCCC(C)(C)OCC
COCCC(C)C(O)CC
COCCC(C)CCOC
COCCC(C)COCC
COCCC(C)OC(C)C
COCCC(C)OCCC
COCCC(CC)(O)CC
COCCC(CC)OCC
COCCC(CO)CCC
COCCC(O)(C)C(C)C
COCCC(O)(C)CCC
COCCC(O)C(C)(C)C
COCCC(O)C(C)CC
COCCC(O)CC(C)C
COCCC(O)CCCC
COCCC(OC)CCC
COCCCC(C)OCC
COCCCC(O)(C)CC
COCCCC(O)C(C)C
COCCCC(O)CCC
COCCCCC(O)CC
COCCCCCCOC
COCCCCCOCC
COCCCCOC(C)C
COCCCCOCCC
COCCCOC(C)(C)C
COCCCOC(C)CC
COCCCOCC(C)C
COCCCOCCCC
COCCOC(C)(C)CC
COCCOC(C)C(C)C
COCCOC(C)CCC
COCCOC(CC)CC
COCCOCC(C)(C)C
COCCOCC(C)CC
COCCOCCC(C)C
COCCOCCCCC
COCOC(C)(C)C(C)C
COCOC(C)(C)CCC
COCOC(C)C(C)(C)C
COCOC(C)C(C)CC
COCOC(C)CC(C)C
COCOC(C)CCCC
COCOC(CC)(C)CC
COCOC(CC)C(C)C
COCOC(CC)CCC
COCOCC(C)(C)CC
COCOCC(C)C(C)C
COCOCC(C)CCC
COCOCC(CC)CC
COCOCCC(C)(C)C
COCOCCC(C)CC
COCOCCCC(C)C
COCOCCCCCC
COOC(C(C)C)C(C)C
COOC(C(C)C)CCC
COOC(C)(C)C(C)(C)C
COOC(C)(C)C(C)CC
COOC(C)(C)CC(C)C
COOC(C)(C)CCCC
COOC(C)C(C)(C)CC
COOC(C)C(C)C(C)C
COOC(C)C(C)CCC
COOC(C)C(CC)CC
COOC(C)CC(C)(C)C
COOC(C)CC(C)CC
COOC(C)CCC(C)C
COOC(C)CCCCC
COOC(CC)(C)C(C)C
COOC(CC)(C)CCC
COOC(CC)(CC)CC
COOC(CC)C(C)(C)C
COOC(CC)C(C)CC
COOC(CC)CC(C)C
COOC(CC)CCCC
COOC(CCC)CCC
COOCC(C)(C)C(C)C
COOCC(C)(C)CCC
COOCC(C)C(C)(C)C
COOCC(C)C(C)CC
COOCC(C)CC(C)C
COOCC(C)CCCC
COOCC(CC)(C)CC
COOCC(CC)C(C)C
COOCC(CC)CCC
COOCCC(C)(C)CC
COOCCC(C)C(C)C
COOCCC(C)CCC
COOCCC(CC)CC
COOCCCC(C)(C)C
COOCCCC(C)CC
COOCCCCC(C)C
COOCCCCCCC
OC(C)(C)C(C(C)C)OC
OC(C)(C)C(C)(C)C(C)O
OC(C)(C)C(C)(C)CCO
OC(C)(C)C(C)(C)COC
OC(C)(C)C(C)(C)OCC
OC(C)(C)C(C)C(C)CO
OC(C)(C)C(C)C(C)OC
OC(C)(C)C(C)C(O)(C)C
OC(C)(C)C(C)C(O)CC
OC(C)(C)C(C)CC(C)O
OC(C)(C)C(C)CCCO
OC(C)(C)C(C)CCOC
OC(C)(C)C(C)COCC
OC(C)(C)C(C)OC(C)C
OC(C)(C)C(C)OCCC
OC(C)(C)C(CC)(C)CO
OC(C)(C)C(CC)(C)OC
OC(C)(C)C(CC)(O)CC
OC(C)(C)C(CC)C(C)O
OC(C)(C)C(CC)CCO
OC(C)(C)C(CC)COC
OC(C)(C)C(CC)OCC
OC(C)(C)C(CO)C(C)C
OC(C)(C)C(CO)CCC
OC(C)(C)C(O)(C)C(C)C
OC(C)(C)C(O)(C)CCC
OC(C)(C)C(O)C(C)(C)C
OC(C)(C)C(O)C(C)CC
OC(C)(C)C(O)CC(C)C
OC(C)(C)C(O)CCCC
OC(C)(C)C(OC)CCC
OC(C)(C)CC(C)(C)CO
OC(C)(C)CC(C)(C)OC
OC(C)(C)CC(C)C(C)O
OC(C)(C)CC(C)CCO
OC(C)(C)CC(C)COC
OC(C)(C)CC(C)OCC
OC(C)(C)CC(CC)CO
OC(C)(C)CC(CC)OC
OC(C)(C)CC(O)(C)CC
OC(C)(C)CC(O)C(C)C
OC(C)(C)CC(O)CCC
OC(C)(C)CCC(C)CO
OC(C)(C)CCC(C)OC
OC(C)(C)CCC(O)(C)C
OC(C)(C)CCC(O)CC
OC(C)(C)CCCC(C)O
OC(C)(C)CCCCCO
OC(C)(C)CCCCOC
OC(C)(C)CCCOCC
OC(C)(C)CCOC(C)C
OC(C)(C)CCOCCC
OC(C)(C)COC(C)(C)C
OC(C)(C)COC(C)CC
OC(C)(C)COCC(C)C
OC(C)(C)COCCCC
OC(C)(C)OC(C)(C)CC
OC(C)(C)OC(C)C(C)C
OC(C)(C)OC(C)CCC
OC(C)(C)OC(CC)CC
OC(C)(C)OCC(C)(C)C
OC(C)(C)OCC(C)CC
OC(C)(C)OCCC(C)C
OC(C)(C)OCCCCC
OC(C)C(C(C)(C)C)OC
OC(C)C(C(C)C)(C)OC
OC(C)C(C(C)C)C(O)C
OC(C)C(C(C)C)CCO
OC(C)C(C(C)C)COC
OC(C)C(C(C)C)OCC
OC(C)C(C(C)O)CCC
OC(C)C(C)(C)C(C)CO
OC(C)C(C)(C)C(C)OC
OC(C)C(C)(C)C(O)CC
OC(C)C(C)(C)CC(C)O
OC(C)C(C)(C)CCCO
OC(C)C(C)(C)CCOC
OC(C)C(C)(C)COCC
OC(C)C(C)(C)OC(C)C
OC(C)C(C)(C)OCCC
OC(C)C(C)C(C)(C)CO
OC(C)C(C)C(C)(C)OC
OC(C)C(C)C(C)C(O)C
OC(C)C(C)C(C)CCO
OC(C)C(C)C(C)COC
OC(C)C(C)C(C)OCC
OC(C)C(C)C(CC)CO
OC(C)C(C)C(CC)OC
OC(C)C(C)C(O)(C)CC
OC(C)C(C)C(O)C(C)C
OC(C)C(C)C(O)CCC
OC(C)C(C)CC(C)CO
OC(C)C(C)CC(C)OC
OC(C)C(C)CC(O)CC
OC(C)C(C)CCC(C)O
OC(C)C(C)CCCCO
OC(C)C(C)CCCOC
OC(C)C(C)CCOCC
OC(C)C(C)COC(C)C
OC(C)C(C)COCCC
OC(C)C(C)OC(C)(C)C
OC(C)C(C)OC(C)CC
OC(C)C(C)OCC(C)C
OC(C)C(C)OCCCC
OC(C)C(CC)(C)C(O)C
OC(C)C(CC)(C)CCO
OC(C)C(CC)(C)COC
OC(C)C(CC)(C)OCC
OC(C)C(CC)(CC)CO
OC(C)C(CC)(CC)OC
OC(C)C(CC)(O)C(C)C
OC(C)C(CC)(O)CCC
OC(C)C(CC)C(C)CO
OC(C)C(CC)C(C)OC
OC(C)C(CC)C(O)CC
OC(C)C(CC)CC(C)O
OC(C)C(CC)CCCO
OC(C)C(CC)CCOC
OC(C)C(CC)COCC
OC(C)C(CC)OC(C)C
OC(C)C(CC)OCCC
OC(C)C(CO)(C)C(C)C
OC(C)C(CO)(C)CCC
OC(C)C(CO)C(C)(C)C
OC(C)C(CO)C(C)CC
OC(C)C(CO)CC(C)C
OC(C)C(CO)CCCC
OC(C)C(O)(C)C(C)(C)C
OC(C)C(O)(C)C(C)CC
OC(C)C(O)(C)CC(C)C
OC(C)C(O)(C)CCCC
OC(C)C(O)C(C)(C)CC
OC(C)C(O)C(C)C(C)C
OC(C)C(O)C(C)CCC
OC(C)C(O)C(CC)CC
OC(C)C(O)CC(C)(C)C
OC(C)C(O)CC(C)CC
OC(C)C(O)CCC(C)C
OC(C)C(O)CCCCC
OC(C)C(OC)(C)CCC
OC(C)C(OC)C(C)CC
OC(C)C(OC)CC(C)C
OC(C)C(OC)CCCC
OC(C)CC(C(C)C)OC
OC(C)CC(C)(C)CCO
OC(C)CC(C)(C)COC
OC(C)CC(C)(C)OCC
OC(C)CC(C)C(C)CO
OC(C)CC(C)C(C)OC
OC(C)CC(C)C(O)CC
OC(C)CC(C)CC(O)C
OC(C)CC(C)CCCO
OC(C)CC(C)CCOC
OC(C)CC(C)COCC
OC(C)CC(C)OC(C)C
OC(C)CC(C)OCCC
OC(C)CC(CC)(C)CO
OC(C)CC(CC)(C)OC
OC(C)CC(CC)(O)CC
OC(C)CC(CC)CCO
OC(C)CC(CC)COC
OC(C)CC(CC)OCC
OC(C)CC(CO)C(C)C
OC(C)CC(CO)CCC
OC(C)CC(O)(C)C(C)C
OC(C)CC(O)(C)CCC
OC(C)CC(O)C(C)(C)C
OC(C)CC(O)C(C)CC
OC(C)CC(O)CC(C)C
OC(C)CC(O)CCCC
OC(C)CC(OC)CCC
OC(C)CCC(C)(C)CO
OC(C)CCC(C)(C)OC
OC(C)CCC(C)CCO
OC(C)CCC(C)COC
OC(C)CCC(C)OCC
OC(C)CCC(CC)CO
OC(C)CCC(CC)OC
OC(C)CCC(O)(C)CC
OC(C)CCC(O)C(C)C
OC(C)CCC(O)CCC
OC(C)CCCC(C)CO
OC(C)CCCC(C)OC
OC(C)CCCC(O)CC
OC(C)CCCCC(O)C
OC(C)CCCCCCO
OC(C)CCCCCOC
OC(C)CCCCOCC
OC(C)CCCOC(C)C
OC(C)CCCOCCC
OC(C)CCOC(C)(C)C
OC(C)CCOC(C)CC
OC(C)CCOCC(C)C
OC(C)CCOCCCC
OC(C)COC(C)(C)CC
OC(C)COC(C)C(C)C
OC(C)COC(C)CCC
OC(C)COC(CC)CC
OC(C)COCC(C)(C)C
OC(C)COCC(C)CC
OC(C)COCCC(C)C
OC(C)COCCCCC
OC(C)OC(C)(C)C(C)C
OC(C)OC(C)(C)CCC
OC(C)OC(C)C(C)(C)C
OC(C)OC(C)C(C)CC
OC(C)OC(C)CC(C)C
OC(C)OC(C)CCCC
OC(C)OC(CC)(C)CC
OC(C)OC(CC)C(C)C
OC(C)OC(CC)CCC
OC(C)OCC(C)(C)CC
OC(C)OCC(C)C(C)C
OC(C)OCC(C)CCC
OC(C)OCC(CC)CC
OC(C)OCCC(C)(C)C
OC(C)OCCC(C)CC
OC(C)OCCCC(C)C
OC(C)OCCCCCC
OC(O)(C)C(C)(C)C(C)C
OC(O)(C)C(C)(C)CCC
OC(O)(C)C(C)C(C)(C)C
OC(O)(C)C(C)C(C)CC
OC(O)(C)C(C)CC(C)C
OC(O)(C)C(C)CCCC
OC(O)(C)C(CC)(C)CC
OC(O)(C)C(CC)C(C)C
OC(O)(C)C(CC)CCC
OC(O)(C)CC(C)(C)CC
OC(O)(C)CC(C)C(C)C
OC(O)(C)CC(C)CCC
OC(O)(C)CC(CC)CC
OC(O)(C)CCC(C)(C)C
OC(O)(C)CCC(C)CC
OC(O)(C)CCCC(C)C
OC(O)(C)CCCCCC
OC(O)C(C(C)C)C(C)C
OC(O)C(C(C)C)CCC
OC(O)C(C)(C)C(C)(C)C
OC(O)C(C)(C)C(C)CC
OC(O)C(C)(C)CC(C)C
OC(O)C(C)(C)CCCC
OC(O)C(C)C(C)(C)CC
OC(O)C(C)C(C)C(C)C
OC(O)C(C)C(C)CCC
OC(O)C(C)C(CC)CC
OC(O)C(C)CC(C)(C)C
OC(O)C(C)CC(C)CC
OC(O)C(C)CCC(C)C
OC(O)C(C)CCCCC
OC(O)C(CC)(C)C(C)C
OC(O)C(CC)(C)CCC
OC(O)C(CC)(CC)CC
OC(O)C(CC)C(C)(C)C
OC(O)C(CC)C(C)CC
OC(O)C(CC)CC(C)C
OC(O)C(CC)CCCC
OC(O)CC(C)(C)C(C)C
OC(O)CC(C)(C)CCC
OC(O)CC(C)C(C)(C)C
OC(O)CC(C)C(C)CC
OC(O)CC(C)CC(C)C
OC(O)CC(C)CCCC
OC(O)CC(CC)(C)CC
OC(O)CC(CC)C(C)C
OC(O)CC(CC)CCC
OC(O)CCC(C)(C)CC
OC(O)CCC(C)C(C)C
OC(O)CCC(C)CCC
OC(O)CCC(CC)CC
OC(O)CCCC(C)(C)C
OC(O)CCCC(C)CC
OC(O)CCCCC(C)C
OC(O)CCCCCCC
OCC(C(C)(C)C)(C)OC
OCC(C(C)(C)C)CCO
OCC(C(C)(C)C)COC
OCC(C(C)(C)C)OCC
OCC(C(C)C)(C)CCO
OCC(C(C)C)(C)COC
OCC(C(C)C)(C)OCC
OCC(C(C)C)(CC)OC
OCC(C(C)C)(O)C(C)C
OCC(C(C)C)(O)CCC
OCC(C(C)C)C(C)CO
OCC(C(C)C)C(C)OC
OCC(C(C)C)C(O)CC
OCC(C(C)C)CCCO
OCC(C(C)C)CCOC
OCC(C(C)C)COCC
OCC(C(C)C)OC(C)C
OCC(C(C)C)OCCC
OCC(C)(C)C(C)(C)CO
OCC(C)(C)C(C)(C)OC
OCC(C)(C)C(C)CCO
OCC(C)(C)C(C)COC
OCC(C)(C)C(C)OCC
OCC(C)(C)C(CC)CO
OCC(C)(C)C(CC)OC
OCC(C)(C)C(O)(C)CC
OCC(C)(C)C(O)C(C)C
OCC(C)(C)C(O)CCC
OCC(C)(C)CC(C)CO
OCC(C)(C)CC(C)OC
OCC(C)(C)CC(O)CC
OCC(C)(C)CCCCO
OCC(C)(C)CCCOC
OCC(C)(C)CCOCC
OCC(C)(C)COC(C)C
OCC(C)(C)COCCC
OCC(C)(C)OC(C)(C)C
OCC(C)(C)OC(C)CC
OCC(C)(C)OCC(C)C
OCC(C)(C)OCCCC
OCC(C)C(C(C)C)OC
OCC(C)C(C)(C)CCO
OCC(C)C(C)(C)COC
OCC(C)C(C)(C)OCC
OCC(C)C(C)C(C)CO
OCC(C)C(C)C(C)OC
OCC(C)C(C)C(O)CC
OCC(C)C(C)CCCO
OCC(C)C(C)CCOC
OCC(C)C(C)COCC
OCC(C)C(C)OC(C)C
OCC(C)C(C)OCCC
OCC(C)C(CC)(C)OC
OCC(C)C(CC)(O)CC
OCC(C)C(CC)CCO
OCC(C)C(CC)COC
OCC(C)C(CC)OCC
OCC(C)C(CO)CCC
OCC(C)C(O)(C)C(C)C
OCC(C)C(O)(C)CCC
OCC(C)C(O)C(C)(C)C
OCC(C)C(O)C(C)CC
OCC(C)C(O)CC(C)C
OCC(C)C(O)CCCC
OCC(C)C(OC)CCC
OCC(C)CC(C)(C)OC
OCC(C)CC(C)CCO
OCC(C)CC(C)COC
OCC(C)CC(C)OCC
OCC(C)CC(CC)OC
OCC(C)CC(O)(C)CC
OCC(C)CC(O)C(C)C
OCC(C)CC(O)CCC
OCC(C)CCC(C)CO
OCC(C)CCC(C)OC
OCC(C)CCC(O)CC
OCC(C)CCCCCO
OCC(C)CCCCOC
OCC(C)CCCOCC
OCC(C)CCOC(C)C
OCC(C)CCOCCC
OCC(C)COC(C)(C)C
OCC(C)COC(C)CC
OCC(C)COCC(C)C
OCC(C)COCCCC
OCC(C)OC(C)(C)CC
OCC(C)OC(C)C(C)C
OCC(C)OC(C)CCC
OCC(C)OC(CC)CC
OCC(C)OCC(C)(C)C
OCC(C)OCC(C)CC
OCC(C)OCCC(C)C
OCC(C)OCCCCC
OCC(CC)(C)C(C)CO
OCC(CC)(C)C(C)OC
OCC(CC)(C)C(O)CC
OCC(CC)(C)CCCO
OCC(CC)(C)CCOC
OCC(CC)(C)COCC
OCC(CC)(C)OC(C)C
OCC(CC)(C)OCCC
OCC(CC)(CC)CCO
OCC(CC)(CC)COC
OCC(CC)(CC)OCC
OCC(CC)(O)C(C)(C)C
OCC(CC)(O)C(C)CC
OCC(CC)(O)CC(C)C
OCC(CC)(O)CCCC
OCC(CC)C(C)(C)OC
OCC(CC)C(C)CCO
OCC(CC)C(C)COC
OCC(CC)C(C)OCC
OCC(CC)C(CC)OC
OCC(CC)C(CO)CC
OCC(CC)C(O)(C)CC
OCC(CC)C(O)C(C)C
OCC(CC)C(O)CCC
OCC(CC)CC(C)CO
OCC(CC)CC(C)OC
OCC(CC)CC(O)CC
OCC(CC)CCCCO
OCC(CC)CCCOC
OCC(CC)CCOCC
OCC(CC)COC(C)C
OCC(CC)COCCC
OCC(CC)OC(C)(C)C
OCC(CC)OC(C)CC
OCC(CC)OCC(C)C
OCC(CC)OCCCC
OCC(CO)(C)C(C)(C)C
OCC(CO)(C)C(C)CC
OCC(CO)(C)CC(C)C
OCC(CO)(C)CCCC
OCC(CO)(CC)C(C)C
OCC(CO)(CC)CCC
OCC(CO)C(C)(C)CC
OCC(CO)C(C)C(C)C
OCC(CO)C(C)CCC
OCC(CO)C(CC)CC
OCC(CO)CC(C)(C)C
OCC(CO)CC(C)CC
OCC(CO)CCC(C)C
OCC(CO)CCCCC
OCC(O)(C)C(C)(C)CC
OCC(O)(C)C(C)C(C)C
OCC(O)(C)C(C)CCC
OCC(O)(C)C(CC)CC
OCC(O)(C)CC(C)(C)C
OCC(O)(C)CC(C)CC
OCC(O)(C)CCC(C)C
OCC(O)(C)CCCCC
OCC(O)C(C)(C)C(C)C
OCC(O)C(C)(C)CCC
OCC(O)C(C)C(C)(C)C
OCC(O)C(C)C(C)CC
OCC(O)C(C)CC(C)C
OCC(O)C(C)CCCC
OCC(O)C(CC)(C)CC
OCC(O)C(CC)C(C)C
OCC(O)C(CC)CCC
OCC(O)CC(C)(C)CC
OCC(O)CC(C)C(C)C
OCC(O)CC(C)CCC
OCC(O)CC(CC)CC
OCC(O)CCC(C)(C)C
OCC(O)CCC(C)CC
OCC(O)CCCC(C)C
OCC(O)CCCCCC
OCC(OC)(C)C(C)CC
OCC(OC)(C)CC(C)C
OCC(OC)(C)CCCC
OCC(OC)(CC)CCC
OCC(OC)C(C)(C)CC
OCC(OC)C(C)C(C)C
OCC(OC)C(C)CCC
OCC(OC)C(CC)CC
OCC(OC)CC(C)(C)C
OCC(OC)CC(C)CC
OCC(OC)CCC(C)C
OCC(OC)CCCCC
OCCC(C(C)(C)C)OC
OCCC(C(C)C)(C)OC
OCCC(C(C)C)CCO
OCCC(C(C)C)COC
OCCC(C(C)C)OCC
OCCC(C(C)O)CCC
OCCC(C)(C)C(C)OC
OCCC(C)(C)C(O)CC
OCCC(C)(C)CCCO
OCCC(C)(C)CCOC
OCCC(C)(C)COCC
OCCC(C)(C)OC(C)C
OCCC(C)(C)OCCC
OCCC(C)C(C)(C)OC
OCCC(C)C(C)CCO
OCCC(C)C(C)COC
OCCC(C)C(C)OCC
OCCC(C)C(CC)OC
OCCC(C)C(O)(C)CC
OCCC(C)C(O)C(C)C
OCCC(C)C(O)CCC
OCCC(C)CC(C)OC
OCCC(C)CC(O)CC
OCCC(C)CCCCO
OCCC(C)CCCOC
OCCC(C)CCOCC
OCCC(C)COC(C)C
OCCC(C)COCCC
OCCC(C)OC(C)(C)C
OCCC(C)OC(C)CC
OCCC(C)OCC(C)C
OCCC(C)OCCCC
OCCC(CC)(C)CCO
OCCC(CC)(C)COC
OCCC(CC)(C)OCC
OCCC(CC)(CC)OC
OCCC(CC)(O)C(C)C
OCCC(CC)(O)CCC
OCCC(CC)C(C)OC
OCCC(CC)C(O)CC
OCCC(CC)CCCO
OCCC(CC)CCOC
OCCC(CC)COCC
OCCC(CC)OC(C)C
OCCC(CC)OCCC
OCCC(CCC)CCO
OCCC(CCC)COC
OCCC(CCC)OCC
OCCC(CO)(C)CCC
OCCC(CO)C(C)CC
OCCC(CO)CC(C)C
OCCC(CO)CCCC
OCCC(O)(C)C(C)(C)C
OCCC(O)(C)C(C)CC
OCCC(O)(C)CC(C)C
OCCC(O)(C)CCCC
OCCC(O)C(C)(C)CC
OCCC(O)C(C)C(C)C
OCCC(O)C(C)CCC
OCCC(O)C(CC)CC
OCCC(O)CC(C)(C)C
OCCC(O)CC(C)CC
OCCC(O)CCC(C)C
OCCC(O)CCCCC
OCCC(OC)(C)CCC
OCCC(OC)C(C)CC
OCCC(OC)CC(C)C
OCCC(OC)CCCC
OCCCC(C(C)C)OC
OCCCC(C)(C)COC
OCCCC(C)(C)OCC
OCCCC(C)C(C)OC
OCCCC(C)C(O)CC
OCCCC(C)CCCO
OCCCC(C)CCOC
OCCCC(C)COCC
OCCCC(C)OC(C)C
OCCCC(C)OCCC
OCCCC(CC)(C)OC
OCCCC(CC)(O)CC
OCCCC(CC)COC
OCCCC(CC)OCC
OCCCC(CO)CCC
OCCCC(O)(C)C(C)C
OCCCC(O)(C)CCC
OCCCC(O)C(C)(C)C
OCCCC(O)C(C)CC
OCCCC(O)CC(C)C
OCCCC(O)CCCC
OCCCC(OC)CCC
OCCCCC(C)(C)OC
OCCCCC(C)COC
OCCCCC(C)OCC
OCCCCC(CC)OC
OCCCCC(O)(C)CC
OCCCCC(O)C(C)C
OCCCCC(O)CCC
OCCCCCC(C)OC
OCCCCCC(O)CC
OCCCCCCCCO
OCCCCCCCOC
OCCCCCCOCC
OCCCCCOC(C)C
OCCCCCOCCC
OCCCCOC(C)(C)C
OCCCCOC(C)CC
OCCCCOCC(C)C
OCCCCOCCCC
OCCCOC(C)(C)CC
OCCCOC(C)C(C)C
OCCCOC(C)CCC
OCCCOC(CC)CC
OCCCOCC(C)(C)C
OCCCOCC(C)CC
OCCCOCCC(C)C
OCCCOCCCCC
OCCOC(C)(C)C(C)C
OCCOC(C)(C)CCC
OCCOC(C)C(C)(C)C
OCCOC(C)C(C)CC
OCCOC(C)CC(C)C
OCCOC(C)CCCC
OCCOC(CC)(C)CC
OCCOC(CC)C(C)C
OCCOC(CC)CCC
OCCOCC(C)(C)CC
OCCOCC(C)C(C)C
OCCOCC(C)CCC
OCCOCC(CC)CC
OCCOCCC(C)(C)C
OCCOCCC(C)CC
OCCOCCCC(C)C
OCCOCCCCCC
OCOC(C(C)C)C(C)C
OCOC(C(C)C)CCC
OCOC(C)(C)C(C)(C)C
OCOC(C)(C)C(C)CC
OCOC(C)(C)CC(C)C
OCOC(C)(C)CCCC
OCOC(C)C(C)(C)CC
OCOC(C)C(C)C(C)C
OCOC(C)C(C)CCC
OCOC(C)C(CC)CC
OCOC(C)CC(C)(C)C
OCOC(C)CC(C)CC
OCOC(C)CCC(C)C
OCOC(C)CCCCC
OCOC(CC)(C)C(C)C
OCOC(CC)(C)CCC
OCOC(CC)(CC)CC
OCOC(CC)C(C)(C)C
OCOC(CC)C(C)CC
OCOC(CC)CC(C)C
OCOC(CC)CCCC
OCOC(CCC)CCC
OCOCC(C)(C)C(C)C
OCOCC(C)(C)CCC
OCOCC(C)C(C)(C)C
OCOCC(C)C(C)CC
OCOCC(C)CC(C)C
OCOCC(C)CCCC
OCOCC(CC)(C)CC
OCOCC(CC)C(C)C
OCOCC(CC)CCC
OCOCCC(C)(C)CC
OCOCCC(C)C(C)C
OCOCCC(C)CCC
OCOCCC(CC)CC
OCOCCCC(C)(C)C
OCOCCCC(C)CC
OCOCCCCC(C)C
OCOCCCCCCC
OOC(C(C)(C)C)CCC
OOC(C(C)C)(C)C(C)C
OOC(C(C)C)(C)CCC
OOC(C(C)C)C(C)(C)C
OOC(C(C)C)C(C)CC
OOC(C(C)C)CC(C)C
OOC(C(C)C)CCCC
OOC(C)(C)C(C)(C)CC
OOC(C)(C)C(C)C(C)C
OOC(C)(C)C(C)CCC
OOC(C)(C)C(CC)CC
OOC(C)(C)CC(C)(C)C
OOC(C)(C)CC(C)CC
OOC(C)(C)CCC(C)C
OOC(C)(C)CCCCC
OOC(C)C(C)(C)C(C)C
OOC(C)C(C)(C)CCC
OOC(C)C(C)C(C)(C)C
OOC(C)C(C)C(C)CC
OOC(C)C(C)CC(C)C
OOC(C)C(C)CCCC
OOC(C)C(CC)(C)CC
OOC(C)C(CC)C(C)C
OOC(C)C(CC)CCC
OOC(C)CC(C)(C)CC
OOC(C)CC(C)C(C)C
OOC(C)CC(C)CCC
OOC(C)CC(CC)CC
OOC(C)CCC(C)(C)C
OOC(C)CCC(C)CC
OOC(C)CCCC(C)C
OOC(C)CCCCCC
OOC(CC)(C)C(C)(C)C
OOC(CC)(C)C(C)CC
OOC(CC)(C)CC(C)C
OOC(CC)(C)CCCC
OOC(CC)(CC)C(C)C
OOC(CC)(CC)CCC
OOC(CC)C(C)(C)CC
OOC(CC)C(C)C(C)C
OOC(CC)C(C)CCC
OOC(CC)C(CC)CC
OOC(CC)CC(C)(C)C
OOC(CC)CC(C)CC
OOC(CC)CCC(C)C
OOC(CC)CCCCC
OOCC(C(C)C)C(C)C
OOCC(C(C)C)CCC
OOCC(C)(C)C(C)(C)C
OOCC(C)(C)C(C)CC
OOCC(C)(C)CC(C)C
OOCC(C)(C)CCCC
OOCC(C)C(C)(C)CC
OOCC(C)C(C)C(C)C
OOCC(C)C(C)CCC
OOCC(C)C(CC)CC
OOCC(C)CC(C)(C)C
OOCC(C)CC(C)CC
OOCC(C)CCC(C)C
OOCC(C)CCCCC
OOCC(CC)(C)C(C)C
OOCC(CC)(C)CCC
OOCC(CC)(CC)CC
OOCC(CC)C(C)(C)C
OOCC(CC)C(C)CC
OOCC(CC)CC(C)C
OOCC(CC)CCCC
OOCC(CCC)CCC
OOCCC(C)(C)C(C)C
OOCCC(C)(C)CCC
OOCCC(C)C(C)(C)C
OOCCC(C)C(C)CC
OOCCC(C)CC(C)C
OOCCC(C)CCCC
OOCCC(CC)(C)CC
OOCCC(CC)C(C)C
OOCCC(CC)CCC
OOCCCC(C)(C)CC
OOCCCC(C)C(C)C
OOCCCC(C)CCC
OOCCCC(CC)CC
OOCCCCC(C)(C)C
OOCCCCC(C)CC
OOCCCCCC(C)C
OOCCCCCCCC
