CC(C)(C)C(C)Si(Si)CC
CC(C)(C)C(C)SiSiCC
CC(C)(C)C(Si)(C)SiCC
CC(C)(C)C(Si)(Si)C(C)C
CC(C)(C)C(Si)(Si)CCC
CC(C)(C)C(Si)C(Si)CC
CC(C)(C)C(Si)CSiCC
CC(C)(C)C(Si)Si(C)CC
CC(C)(C)C(Si)SiC(C)C
CC(C)(C)C(Si)SiCCC
CC(C)(C)CC(Si)(Si)CC
CC(C)(C)CC(Si)SiCC
CC(C)(C)CCSi(Si)CC
CC(C)(C)CCSiSiCC
CC(C)(C)CSi(C)SiCC
CC(C)(C)CSi(Si)(C)CC
CC(C)(C)CSi(Si)C(C)C
CC(C)(C)CSi(Si)CCC
CC(C)(C)CSiC(Si)CC
CC(C)(C)CSiCSiCC
CC(C)(C)CSiSi(C)CC
CC(C)(C)CSiSiC(C)C
CC(C)(C)CSiSiCCC
CC(C)(C)Si(C)(C)SiCC
CC(C)(C)Si(C)C(Si)CC
CC(C)(C)Si(C)CSiCC
CC(C)(C)Si(C)Si(C)CC
CC(C)(C)Si(C)SiC(C)C
CC(C)(C)Si(C)SiCCC
CC(C)(C)Si(CC)(Si)CC
CC(C)(C)Si(CC)SiCC
CC(C)(C)Si(Si)(C)C(C)C
CC(C)(C)Si(Si)(C)CCC
CC(C)(C)Si(Si)C(C)(C)C
CC(C)(C)Si(Si)C(C)CC
CC(C)(C)Si(Si)CC(C)C
CC(C)(C)Si(Si)CCCC
CC(C)(C)SiC(C)SiCC
CC(C)(C)SiC(Si)(C)CC
CC(C)(C)SiC(Si)C(C)C
CC(C)(C)SiC(Si)CCC
CC(C)(C)SiCC(Si)CC
CC(C)(C)SiCCSiCC
CC(C)(C)SiCSi(C)CC
CC(C)(C)SiCSiC(C)C
CC(C)(C)SiCSiCCC
CC(C)(C)SiSi(C)(C)CC
CC(C)(C)SiSi(C)C(C)C
CC(C)(C)SiSi(C)CCC
CC(C)(C)SiSi(CC)CC
CC(C)(C)SiSiC(C)(C)C
CC(C)(C)SiSiC(C)CC
CC(C)(C)SiSiCC(C)C
CC(C)(C)SiSiCCCC
CC(C)C(C)(C)Si(Si)CC
CC(C)C(C)(C)SiSiCC
CC(C)C(C)C(Si)(Si)CC
CC(C)C(C)C(Si)SiCC
CC(C)C(C)CSi(Si)CC
CC(C)C(C)CSiSiCC
CC(C)C(C)Si(C)SiCC
CC(C)C(C)Si(Si)(C)CC
CC(C)C(C)Si(Si)CCC
CC(C)C(C)SiC(Si)CC
CC(C)C(C)SiCSiCC
CC(C)C(C)SiSi(C)CC
CC(C)C(C)SiSiCCC
CC(C)C(CC)(Si)SiCC
CC(C)C(CC)Si(Si)CC
CC(C)C(CC)SiSiCC
CC(C)C(Si)(C)C(Si)CC
CC(C)C(Si)(C)CSiCC
CC(C)C(Si)(C)Si(C)CC
CC(C)C(Si)(C)SiCCC
CC(C)C(Si)(Si)C(C)CC
CC(C)C(Si)(Si)CC(C)C
CC(C)C(Si)(Si)CCCC
CC(C)C(Si)C(C)SiCC
CC(C)C(Si)C(Si)(C)CC
CC(C)C(Si)C(Si)C(C)C
CC(C)C(Si)C(Si)CCC
CC(C)C(Si)CC(Si)CC
CC(C)C(Si)CCSiCC
CC(C)C(Si)CSi(C)CC
CC(C)C(Si)CSiCCC
CC(C)C(Si)Si(C)(C)CC
CC(C)C(Si)Si(C)CCC
CC(C)C(Si)Si(CC)CC
CC(C)C(Si)SiC(C)CC
CC(C)C(Si)SiCC(C)C
CC(C)C(Si)SiCCCC
CC(C)CC(C)Si(Si)CC
CC(C)CC(C)SiSiCC
CC(C)CC(CSi)SiCC
CC(C)CC(Si)(C)SiCC
CC(C)CC(Si)(Si)CCC
CC(C)CC(Si)C(Si)CC
CC(C)CC(Si)CSiCC
CC(C)CC(Si)Si(C)CC
CC(C)CC(Si)SiCCC
CC(C)CC(SiC)SiCC
CC(C)CC(SiSi)CCC
CC(C)CCC(Si)(Si)CC
CC(C)CCC(Si)SiCC
CC(C)CCCSi(Si)CC
CC(C)CCCSiSiCC
CC(C)CCSi(C)SiCC
CC(C)CCSi(Si)(C)CC
CC(C)CCSi(Si)CCC
CC(C)CCSiC(Si)CC
CC(C)CCSiCSiCC
CC(C)CCSiSi(C)CC
CC(C)CCSiSiCCC
CC(C)CSi(C)(C)SiCC
CC(C)CSi(C)C(Si)CC
CC(C)CSi(C)CSiCC
CC(C)CSi(C)Si(C)CC
CC(C)CSi(C)SiCCC
CC(C)CSi(CC)(Si)CC
CC(C)CSi(CC)SiCC
CC(C)CSi(CSi)CCC
CC(C)CSi(Si)(C)CCC
CC(C)CSi(Si)C(C)CC
CC(C)CSi(Si)CC(C)C
CC(C)CSi(Si)CCCC
CC(C)CSi(SiC)CCC
CC(C)CSiC(C)SiCC
CC(C)CSiC(Si)(C)CC
CC(C)CSiC(Si)CCC
CC(C)CSiCC(Si)CC
CC(C)CSiCCSiCC
CC(C)CSiCSi(C)CC
CC(C)CSiCSiCCC
CC(C)CSiSi(C)(C)CC
CC(C)CSiSi(C)CCC
CC(C)CSiSi(CC)CC
CC(C)CSiSiC(C)CC
CC(C)CSiSiCC(C)C
CC(C)CSiSiCCCC
CC(C)Si(C(C)C)SiCC
CC(C)Si(C)(C)C(Si)CC
CC(C)Si(C)(C)CSiCC
CC(C)Si(C)(C)Si(C)CC
CC(C)Si(C)(C)SiC(C)C
CC(C)Si(C)(C)SiCCC
CC(C)Si(C)C(C)SiCC
CC(C)Si(C)C(Si)(C)CC
CC(C)Si(C)C(Si)C(C)C
CC(C)Si(C)C(Si)CCC
CC(C)Si(C)CC(Si)CC
CC(C)Si(C)CCSiCC
CC(C)Si(C)CSi(C)CC
CC(C)Si(C)CSiC(C)C
CC(C)Si(C)CSiCCC
CC(C)Si(C)Si(C)(C)CC
CC(C)Si(C)Si(C)C(C)C
CC(C)Si(C)Si(C)CCC
CC(C)Si(C)Si(CC)CC
CC(C)Si(C)SiC(C)CC
CC(C)Si(C)SiCC(C)C
CC(C)Si(C)SiCCCC
CC(C)Si(CC)(C)SiCC
CC(C)Si(CC)(Si)C(C)C
CC(C)Si(CC)(Si)CCC
CC(C)Si(CC)C(Si)CC
CC(C)Si(CC)CSiCC
CC(C)Si(CC)Si(C)CC
CC(C)Si(CC)SiC(C)C
CC(C)Si(CC)SiCCC
CC(C)Si(Si)(C)C(C)CC
CC(C)Si(Si)(C)CC(C)C
CC(C)Si(Si)(C)CCCC
CC(C)Si(Si)C(C)(C)CC
CC(C)Si(Si)C(C)C(C)C
CC(C)Si(Si)C(C)CCC
CC(C)Si(Si)C(CC)CC
CC(C)Si(Si)CC(C)CC
CC(C)Si(Si)CCC(C)C
CC(C)Si(Si)CCCCC
CC(C)SiC(C)(C)SiCC
CC(C)SiC(C)C(Si)CC
CC(C)SiC(C)CSiCC
CC(C)SiC(C)Si(C)CC
CC(C)SiC(C)SiC(C)C
CC(C)SiC(C)SiCCC
CC(C)SiC(CC)(Si)CC
CC(C)SiC(CC)SiCC
CC(C)SiC(CSi)CCC
CC(C)SiC(Si)(C)C(C)C
CC(C)SiC(Si)(C)CCC
CC(C)SiC(Si)C(C)CC
CC(C)SiC(Si)CC(C)C
CC(C)SiC(Si)CCCC
CC(C)SiC(SiC)CCC
CC(C)SiCC(C)SiCC
CC(C)SiCC(Si)(C)CC
CC(C)SiCC(Si)C(C)C
CC(C)SiCC(Si)CCC
CC(C)SiCCC(Si)CC
CC(C)SiCCCSiCC
CC(C)SiCCSi(C)CC
CC(C)SiCCSiC(C)C
CC(C)SiCCSiCCC
CC(C)SiCSi(C)(C)CC
CC(C)SiCSi(C)CCC
CC(C)SiCSi(CC)CC
CC(C)SiCSiC(C)CC
CC(C)SiCSiCC(C)C
CC(C)SiCSiCCCC
CC(C)SiSi(C)(C)CCC
CC(C)SiSi(C)C(C)CC
CC(C)SiSi(C)CC(C)C
CC(C)SiSi(C)CCCC
CC(C)SiSi(CC)(C)CC
CC(C)SiSi(CC)CCC
CC(C)SiSiC(C)(C)CC
CC(C)SiSiC(C)C(C)C
CC(C)SiSiC(C)CCC
CC(C)SiSiC(CC)CC
CC(C)SiSiCC(C)CC
CC(C)SiSiCCC(C)C
CC(C)SiSiCCCCC
CCC(C)(C)Si(Si)CCC
CCC(C)(C)SiC(Si)CC
CCC(C)(C)SiSiCCC
CCC(C)C(Si)(Si)CCC
CCC(C)C(Si)SiCCC
CCC(C)C(SiSi)CCC
CCC(C)CSi(Si)CCC
CCC(C)CSiSiCCC
CCC(C)Si(C)SiCCC
CCC(C)Si(CSi)CCC
CCC(C)Si(Si)(C)CCC
CCC(C)Si(Si)C(C)CC
CCC(C)Si(Si)CCCC
CCC(C)Si(SiC)CCC
CCC(C)SiC(Si)CCC
CCC(C)SiCSiCCC
CCC(C)SiSi(C)CCC
CCC(C)SiSiC(C)CC
CCC(C)SiSiCCCC
CCC(CC)(Si)C(Si)CC
CCC(CC)(Si)SiCCC
CCC(CC)Si(Si)CCC
CCC(CC)SiC(Si)CC
CCC(CC)SiSiCCC
CCC(Si)(C)C(Si)(C)CC
CCC(Si)(C)C(Si)CCC
CCC(Si)(C)CC(Si)CC
CCC(Si)(C)CSiCCC
CCC(Si)(C)Si(C)CCC
CCC(Si)(C)SiC(C)CC
CCC(Si)(C)SiCCCC
CCC(Si)(Si)C(C)(C)CC
CCC(Si)(Si)C(C)CCC
CCC(Si)(Si)C(CC)CC
CCC(Si)(Si)CC(C)CC
CCC(Si)(Si)CCCCC
CCC(Si)C(C)C(Si)CC
CCC(Si)C(C)SiCCC
CCC(Si)C(CSi)CCC
CCC(Si)C(Si)(C)CCC
CCC(Si)C(Si)C(C)CC
CCC(Si)C(Si)CCCC
CCC(Si)C(SiC)CCC
CCC(Si)CC(Si)CCC
CCC(Si)CCC(Si)CC
CCC(Si)CCSiCCC
CCC(Si)CSi(C)CCC
CCC(Si)CSiC(C)CC
CCC(Si)CSiCCCC
CCC(Si)Si(C)(C)CCC
CCC(Si)Si(C)C(C)CC
CCC(Si)Si(C)CCCC
CCC(Si)Si(CC)CCC
CCC(Si)SiC(C)CCC
CCC(Si)SiCC(C)CC
CCC(Si)SiCCCCC
CCCC(C(Si)Si)CCC
CCCC(CSi)(Si)CCC
CCCC(Si(C)Si)CCC
CCCC(Si)(Si)CCCC
CCCC(Si)C(Si)CCC
CCCC(Si)SiCCCC
CCCC(SiC)(Si)CCC
CCCC(SiSi)(C)CCC
CCCC(SiSi)CCCC
CCCCSi(Si)CCCC
CCCCSiSiCCCC
CCCSi(C(C)Si)CCC
CCCSi(C)(C)SiCCC
CCCSi(C)C(Si)CCC
CCCSi(C)CSiCCC
CCCSi(C)Si(C)CCC
CCCSi(C)SiCCCC
CCCSi(CC)(Si)CCC
CCCSi(CC)SiCCC
CCCSi(CSi)(C)CCC
CCCSi(CSi)CCCC
CCCSi(Si(C)C)CCC
CCCSi(Si)(C)CCCC
CCCSi(Si)C(C)CCC
CCCSi(Si)CCCCC
CCCSi(SiC)(C)CCC
CCCSi(SiC)CCCC
CCCSiC(C)SiCCC
CCCSiC(CSi)CCC
CCCSiC(Si)(C)CCC
CCCSiC(Si)CCCC
CCCSiC(SiC)CCC
CCCSiCC(Si)CCC
CCCSiCCSiCCC
CCCSiCSiCCCC
CCCSiSi(C)CCCC
CCCSiSiC(C)CCC
CCCSiSiCCCCC
CCSi(C)(C)C(C)SiCC
CCSi(C)(C)C(Si)(C)CC
CCSi(C)(C)C(Si)CCC
CCSi(C)(C)CC(Si)CC
CCSi(C)(C)CCSiCC
CCSi(C)(C)CSi(C)CC
CCSi(C)(C)CSiCCC
CCSi(C)(C)Si(C)(C)CC
CCSi(C)(C)Si(C)CCC
CCSi(C)(C)Si(CC)CC
CCSi(C)(C)SiC(C)CC
CCSi(C)(C)SiCCCC
CCSi(C)C(C)(C)SiCC
CCSi(C)C(C)C(Si)CC
CCSi(C)C(C)CSiCC
CCSi(C)C(C)Si(C)CC
CCSi(C)C(C)SiCCC
CCSi(C)C(CC)(Si)CC
CCSi(C)C(CC)SiCC
CCSi(C)C(CSi)CCC
CCSi(C)C(Si)(C)CCC
CCSi(C)C(Si)C(C)CC
CCSi(C)C(Si)CCCC
CCSi(C)C(SiC)CCC
CCSi(C)CC(C)SiCC
CCSi(C)CC(Si)(C)CC
CCSi(C)CC(Si)CCC
CCSi(C)CCC(Si)CC
CCSi(C)CCCSiCC
CCSi(C)CCSi(C)CC
CCSi(C)CCSiCCC
CCSi(C)CSi(C)CCC
CCSi(C)CSiC(C)CC
CCSi(C)CSiCCCC
CCSi(C)Si(C)(C)CCC
CCSi(C)Si(C)C(C)CC
CCSi(C)Si(C)CCCC
CCSi(C)Si(CC)CCC
CCSi(C)SiC(C)(C)CC
CCSi(C)SiC(C)CCC
CCSi(C)SiC(CC)CC
CCSi(C)SiCC(C)CC
CCSi(C)SiCCCCC
CCSi(CC)(C)C(Si)CC
CCSi(CC)(C)CSiCC
CCSi(CC)(C)Si(C)CC
CCSi(CC)(C)SiCCC
CCSi(CC)(CC)SiCC
CCSi(CC)(Si)C(C)CC
CCSi(CC)(Si)CCCC
CCSi(CC)C(C)SiCC
CCSi(CC)C(Si)(C)CC
CCSi(CC)C(Si)CCC
CCSi(CC)CC(Si)CC
CCSi(CC)CCSiCC
CCSi(CC)CSi(C)CC
CCSi(CC)CSiCCC
CCSi(CC)Si(C)CCC
CCSi(CC)Si(CC)CC
CCSi(CC)SiC(C)CC
CCSi(CC)SiCCCC
CCSi(Si)(C)C(C)(C)CC
CCSi(Si)(C)C(C)CCC
CCSi(Si)(C)C(CC)CC
CCSi(Si)(C)CC(C)CC
CCSi(Si)(C)CCCCC
CCSi(Si)C(C)(C)CCC
CCSi(Si)C(C)C(C)CC
CCSi(Si)C(C)CCCC
CCSi(Si)C(CC)(C)CC
CCSi(Si)C(CC)CCC
CCSi(Si)CC(C)(C)CC
CCSi(Si)CC(C)CCC
CCSi(Si)CC(CC)CC
CCSi(Si)CCC(C)CC
CCSi(Si)CCCCCC
CCSiC(C(C)C)SiCC
CCSiC(C(C)Si)CCC
CCSiC(C)(C)C(Si)CC
CCSiC(C)(C)CSiCC
CCSiC(C)(C)SiCCC
CCSiC(C)C(C)SiCC
CCSiC(C)C(Si)(C)CC
CCSiC(C)C(Si)CCC
CCSiC(C)CC(Si)CC
CCSiC(C)CCSiCC
CCSiC(C)CSiCCC
CCSiC(C)Si(C)CCC
CCSiC(C)SiC(C)CC
CCSiC(C)SiCCCC
CCSiC(CC)(C)SiCC
CCSiC(CC)(Si)CCC
CCSiC(CC)C(Si)CC
CCSiC(CC)CSiCC
CCSiC(CC)SiCCC
CCSiC(CCC)SiCC
CCSiC(CSi)(C)CCC
CCSiC(CSi)C(C)CC
CCSiC(CSi)CCCC
CCSiC(Si(C)C)CCC
CCSiC(Si)(C)C(C)CC
CCSiC(Si)(C)CCCC
CCSiC(Si)C(C)(C)CC
CCSiC(Si)C(C)CCC
CCSiC(Si)C(CC)CC
CCSiC(Si)CC(C)CC
CCSiC(Si)CCCCC
CCSiC(SiC)(C)CCC
CCSiC(SiC)C(C)CC
CCSiC(SiC)CCCC
CCSiCC(C)C(Si)CC
CCSiCC(C)CSiCC
CCSiCC(C)SiCCC
CCSiCC(CC)(Si)CC
CCSiCC(CSi)CCC
CCSiCC(Si)(C)CCC
CCSiCC(Si)C(C)CC
CCSiCC(Si)CCCC
CCSiCC(SiC)CCC
CCSiCCC(Si)(C)CC
CCSiCCC(Si)CCC
CCSiCCCC(Si)CC
CCSiCCCCSiCC
CCSiCCCSiCCC
CCSiCCSi(C)CCC
CCSiCCSiC(C)CC
CCSiCCSiCCCC
CCSiCSi(C)(C)CCC
CCSiCSi(C)C(C)CC
CCSiCSi(C)CCCC
CCSiCSi(CC)CCC
CCSiCSiC(C)(C)CC
CCSiCSiC(C)CCC
CCSiCSiC(CC)CC
CCSiCSiCC(C)CC
CCSiCSiCCCCC
CCSiSi(C(C)C)CCC
CCSiSi(C)(C)C(C)CC
CCSiSi(C)(C)CCCC
CCSiSi(C)C(C)(C)CC
CCSiSi(C)C(C)CCC
CCSiSi(C)C(CC)CC
CCSiSi(C)CC(C)CC
CCSiSi(C)CCCCC
CCSiSi(CC)(C)CCC
CCSiSi(CC)C(C)CC
CCSiSi(CC)CCCC
CCSiSi(CCC)CCC
CCSiSiC(C)(C)CCC
CCSiSiC(C)C(C)CC
CCSiSiC(C)CCCC
CCSiSiC(CC)(C)CC
CCSiSiC(CC)CCC
CCSiSiCC(C)(C)CC
CCSiSiCC(C)CCC
CCSiSiCC(CC)CC
CCSiSiCCC(C)CC
CCSiSiCCCCCC
CSi(C)(C)C(C(C)C)SiC
CSi(C)(C)C(C)(C)CSiC
CSi(C)(C)C(C)(C)Si(C)C
CSi(C)(C)C(C)(C)SiCC
CSi(C)(C)C(C)C(C)SiC
CSi(C)(C)C(C)C(Si)CC
CSi(C)(C)C(C)CCSiC
CSi(C)(C)C(C)CSi(C)C
CSi(C)(C)C(C)CSiCC
CSi(C)(C)C(C)Si(C)(C)C
CSi(C)(C)C(C)Si(C)CC
CSi(C)(C)C(C)SiC(C)C
CSi(C)(C)C(C)SiCCC
CSi(C)(C)C(CC)(C)SiC
CSi(C)(C)C(CC)(Si)CC
CSi(C)(C)C(CC)CSiC
CSi(C)(C)C(CC)Si(C)C
CSi(C)(C)C(CC)SiCC
CSi(C)(C)C(Si)(C)C(C)C
CSi(C)(C)C(Si)(C)CCC
CSi(C)(C)C(Si)C(C)(C)C
CSi(C)(C)C(Si)C(C)CC
CSi(C)(C)C(Si)CC(C)C
CSi(C)(C)C(Si)CCCC
CSi(C)(C)C(SiC)CCC
CSi(C)(C)CC(C)(C)SiC
CSi(C)(C)CC(C)CSiC
CSi(C)(C)CC(C)Si(C)C
CSi(C)(C)CC(C)SiCC
CSi(C)(C)CC(CC)SiC
CSi(C)(C)CC(Si)(C)CC
CSi(C)(C)CC(Si)C(C)C
CSi(C)(C)CC(Si)CCC
CSi(C)(C)CCC(C)SiC
CSi(C)(C)CCC(Si)CC
CSi(C)(C)CCCCSiC
CSi(C)(C)CCCSi(C)C
CSi(C)(C)CCCSiCC
CSi(C)(C)CCSi(C)(C)C
CSi(C)(C)CCSi(C)CC
CSi(C)(C)CCSiC(C)C
CSi(C)(C)CCSiCCC
CSi(C)(C)CSi(C)(C)CC
CSi(C)(C)CSi(C)C(C)C
CSi(C)(C)CSi(C)CCC
CSi(C)(C)CSi(CC)CC
CSi(C)(C)CSiC(C)(C)C
CSi(C)(C)CSiC(C)CC
CSi(C)(C)CSiCC(C)C
CSi(C)(C)CSiCCCC
CSi(C)(C)Si(C)(C)C(C)C
CSi(C)(C)Si(C)(C)CCC
CSi(C)(C)Si(C)C(C)(C)C
CSi(C)(C)Si(C)C(C)CC
CSi(C)(C)Si(C)CC(C)C
CSi(C)(C)Si(C)CCCC
CSi(C)(C)Si(CC)(C)CC
CSi(C)(C)Si(CC)C(C)C
CSi(C)(C)Si(CC)CCC
CSi(C)(C)SiC(C)(C)CC
CSi(C)(C)SiC(C)C(C)C
CSi(C)(C)SiC(C)CCC
CSi(C)(C)SiC(CC)CC
CSi(C)(C)SiCC(C)(C)C
CSi(C)(C)SiCC(C)CC
CSi(C)(C)SiCCC(C)C
CSi(C)(C)SiCCCCC
CSi(C)C(C(C)(C)C)SiC
CSi(C)C(C(C)C)(C)SiC
CSi(C)C(C(C)C)CSiC
CSi(C)C(C(C)C)Si(C)C
CSi(C)C(C(C)C)SiCC
CSi(C)C(C)(C)C(C)SiC
CSi(C)C(C)(C)C(Si)CC
CSi(C)C(C)(C)CCSiC
CSi(C)C(C)(C)CSi(C)C
CSi(C)C(C)(C)CSiCC
CSi(C)C(C)(C)Si(C)CC
CSi(C)C(C)(C)SiC(C)C
CSi(C)C(C)(C)SiCCC
CSi(C)C(C)C(C)(C)SiC
CSi(C)C(C)C(C)CSiC
CSi(C)C(C)C(C)Si(C)C
CSi(C)C(C)C(C)SiCC
CSi(C)C(C)C(CC)SiC
CSi(C)C(C)C(Si)(C)CC
CSi(C)C(C)C(Si)C(C)C
CSi(C)C(C)C(Si)CCC
CSi(C)C(C)CC(C)SiC
CSi(C)C(C)CC(Si)CC
CSi(C)C(C)CCCSiC
CSi(C)C(C)CCSi(C)C
CSi(C)C(C)CCSiCC
CSi(C)C(C)CSi(C)CC
CSi(C)C(C)CSiC(C)C
CSi(C)C(C)CSiCCC
CSi(C)C(C)Si(C)(C)CC
CSi(C)C(C)Si(C)C(C)C
CSi(C)C(C)Si(C)CCC
CSi(C)C(C)Si(CC)CC
CSi(C)C(C)SiC(C)(C)C
CSi(C)C(C)SiC(C)CC
CSi(C)C(C)SiCC(C)C
CSi(C)C(C)SiCCCC
CSi(C)C(CC)(C)CSiC
CSi(C)C(CC)(C)Si(C)C
CSi(C)C(CC)(C)SiCC
CSi(C)C(CC)(CC)SiC
CSi(C)C(CC)(Si)C(C)C
CSi(C)C(CC)(Si)CCC
CSi(C)C(CC)C(C)SiC
CSi(C)C(CC)C(Si)CC
CSi(C)C(CC)CCSiC
CSi(C)C(CC)CSi(C)C
CSi(C)C(CC)CSiCC
CSi(C)C(CC)Si(C)CC
CSi(C)C(CC)SiC(C)C
CSi(C)C(CC)SiCCC
CSi(C)C(Si(C)C)CCC
CSi(C)C(Si)(C)C(C)(C)C
CSi(C)C(Si)(C)C(C)CC
CSi(C)C(Si)(C)CC(C)C
CSi(C)C(Si)(C)CCCC
CSi(C)C(Si)C(C)(C)CC
CSi(C)C(Si)C(C)C(C)C
CSi(C)C(Si)C(C)CCC
CSi(C)C(Si)C(CC)CC
CSi(C)C(Si)CC(C)(C)C
CSi(C)C(Si)CC(C)CC
CSi(C)C(Si)CCC(C)C
CSi(C)C(Si)CCCCC
CSi(C)C(SiC)(C)CCC
CSi(C)C(SiC)C(C)CC
CSi(C)C(SiC)CC(C)C
CSi(C)C(SiC)CCCC
CSi(C)CC(C(C)C)SiC
CSi(C)CC(C)(C)CSiC
CSi(C)CC(C)(C)SiCC
CSi(C)CC(C)C(C)SiC
CSi(C)CC(C)C(Si)CC
CSi(C)CC(C)CCSiC
CSi(C)CC(C)CSi(C)C
CSi(C)CC(C)CSiCC
CSi(C)CC(C)Si(C)CC
CSi(C)CC(C)SiC(C)C
CSi(C)CC(C)SiCCC
CSi(C)CC(CC)(C)SiC
CSi(C)CC(CC)(Si)CC
CSi(C)CC(CC)CSiC
CSi(C)CC(CC)SiCC
CSi(C)CC(CSi)CCC
CSi(C)CC(Si)(C)C(C)C
CSi(C)CC(Si)(C)CCC
CSi(C)CC(Si)C(C)(C)C
CSi(C)CC(Si)C(C)CC
CSi(C)CC(Si)CC(C)C
CSi(C)CC(Si)CCCC
CSi(C)CC(SiC)CCC
CSi(C)CCC(C)(C)SiC
CSi(C)CCC(C)CSiC
CSi(C)CCC(C)SiCC
CSi(C)CCC(CC)SiC
CSi(C)CCC(Si)(C)CC
CSi(C)CCC(Si)C(C)C
CSi(C)CCC(Si)CCC
CSi(C)CCCC(C)SiC
CSi(C)CCCC(Si)CC
CSi(C)CCCCCSiC
CSi(C)CCCCSi(C)C
CSi(C)CCCCSiCC
CSi(C)CCCSi(C)CC
CSi(C)CCCSiC(C)C
CSi(C)CCCSiCCC
CSi(C)CCSi(C)(C)CC
CSi(C)CCSi(C)C(C)C
CSi(C)CCSi(C)CCC
CSi(C)CCSi(CC)CC
CSi(C)CCSiC(C)(C)C
CSi(C)CCSiC(C)CC
CSi(C)CCSiCC(C)C
CSi(C)CCSiCCCC
CSi(C)CSi(C)(C)C(C)C
CSi(C)CSi(C)(C)CCC
CSi(C)CSi(C)C(C)(C)C
CSi(C)CSi(C)C(C)CC
CSi(C)CSi(C)CC(C)C
CSi(C)CSi(C)CCCC
CSi(C)CSi(CC)(C)CC
CSi(C)CSi(CC)C(C)C
CSi(C)CSi(CC)CCC
CSi(C)CSiC(C)(C)CC
CSi(C)CSiC(C)C(C)C
CSi(C)CSiC(C)CCC
CSi(C)CSiC(CC)CC
CSi(C)CSiCC(C)(C)C
CSi(C)CSiCC(C)CC
CSi(C)CSiCCC(C)C
CSi(C)CSiCCCCC
CSi(C)Si(C(C)C)C(C)C
CSi(C)Si(C(C)C)CCC
CSi(C)Si(C)(C)C(C)(C)C
CSi(C)Si(C)(C)C(C)CC
CSi(C)Si(C)(C)CC(C)C
CSi(C)Si(C)(C)CCCC
CSi(C)Si(C)C(C)(C)CC
CSi(C)Si(C)C(C)C(C)C
CSi(C)Si(C)C(C)CCC
CSi(C)Si(C)C(CC)CC
CSi(C)Si(C)CC(C)(C)C
CSi(C)Si(C)CC(C)CC
CSi(C)Si(C)CCC(C)C
CSi(C)Si(C)CCCCC
CSi(C)Si(CC)(C)C(C)C
CSi(C)Si(CC)(C)CCC
CSi(C)Si(CC)(CC)CC
CSi(C)Si(CC)C(C)(C)C
CSi(C)Si(CC)C(C)CC
CSi(C)Si(CC)CC(C)C
CSi(C)Si(CC)CCCC
CSi(C)SiC(C)(C)C(C)C
CSi(C)SiC(C)(C)CCC
CSi(C)SiC(C)C(C)(C)C
CSi(C)SiC(C)C(C)CC
CSi(C)SiC(C)CC(C)C
CSi(C)SiC(C)CCCC
CSi(C)SiC(CC)(C)CC
CSi(C)SiC(CC)C(C)C
CSi(C)SiC(CC)CCC
CSi(C)SiCC(C)(C)CC
CSi(C)SiCC(C)C(C)C
CSi(C)SiCC(C)CCC
CSi(C)SiCC(CC)CC
CSi(C)SiCCC(C)(C)C
CSi(C)SiCCC(C)CC
CSi(C)SiCCCC(C)C
CSi(C)SiCCCCCC
CSiC(C(C)(C)C)(C)SiC
CSiC(C(C)(C)C)CSiC
CSiC(C(C)(C)C)SiCC
CSiC(C(C)C)(C)CSiC
CSiC(C(C)C)(C)SiCC
CSiC(C(C)C)(CC)SiC
CSiC(C(C)C)(Si)C(C)C
CSiC(C(C)C)(Si)CCC
CSiC(C(C)C)C(C)SiC
CSiC(C(C)C)C(Si)CC
CSiC(C(C)C)CCSiC
CSiC(C(C)C)CSiCC
CSiC(C(C)C)Si(C)CC
CSiC(C(C)C)SiC(C)C
CSiC(C(C)C)SiCCC
CSiC(C)(C)C(C)(C)SiC
CSiC(C)(C)C(C)CSiC
CSiC(C)(C)C(C)SiCC
CSiC(C)(C)C(CC)SiC
CSiC(C)(C)C(Si)(C)CC
CSiC(C)(C)C(Si)C(C)C
CSiC(C)(C)C(Si)CCC
CSiC(C)(C)CC(C)SiC
CSiC(C)(C)CC(Si)CC
CSiC(C)(C)CCCSiC
CSiC(C)(C)CCSiCC
CSiC(C)(C)CSi(C)CC
CSiC(C)(C)CSiC(C)C
CSiC(C)(C)CSiCCC
CSiC(C)(C)Si(C)(C)CC
CSiC(C)(C)Si(C)C(C)C
CSiC(C)(C)Si(C)CCC
CSiC(C)(C)Si(CC)CC
CSiC(C)(C)SiC(C)(C)C
CSiC(C)(C)SiC(C)CC
CSiC(C)(C)SiCC(C)C
CSiC(C)(C)SiCCCC
CSiC(C)C(C)(C)CSiC
CSiC(C)C(C)(C)SiCC
CSiC(C)C(C)C(C)SiC
CSiC(C)C(C)C(Si)CC
CSiC(C)C(C)CCSiC
CSiC(C)C(C)CSiCC
CSiC(C)C(C)Si(C)CC
CSiC(C)C(C)SiC(C)C
CSiC(C)C(C)SiCCC
CSiC(C)C(CC)(Si)CC
CSiC(C)C(CC)CSiC
CSiC(C)C(CC)SiCC
CSiC(C)C(CSi)CCC
CSiC(C)C(Si)(C)C(C)C
CSiC(C)C(Si)(C)CCC
CSiC(C)C(Si)C(C)(C)C
CSiC(C)C(Si)C(C)CC
CSiC(C)C(Si)CC(C)C
CSiC(C)C(Si)CCCC
CSiC(C)C(SiC)CCC
CSiC(C)CC(C)CSiC
CSiC(C)CC(C)SiCC
CSiC(C)CC(Si)(C)CC
CSiC(C)CC(Si)C(C)C
CSiC(C)CC(Si)CCC
CSiC(C)CCC(C)SiC
CSiC(C)CCC(Si)CC
CSiC(C)CCCCSiC
CSiC(C)CCCSiCC
CSiC(C)CCSi(C)CC
CSiC(C)CCSiC(C)C
CSiC(C)CCSiCCC
CSiC(C)CSi(C)(C)CC
CSiC(C)CSi(C)C(C)C
CSiC(C)CSi(C)CCC
CSiC(C)CSi(CC)CC
CSiC(C)CSiC(C)(C)C
CSiC(C)CSiC(C)CC
CSiC(C)CSiCC(C)C
CSiC(C)CSiCCCC
CSiC(C)Si(C)(C)C(C)C
CSiC(C)Si(C)(C)CCC
CSiC(C)Si(C)C(C)(C)C
CSiC(C)Si(C)C(C)CC
CSiC(C)Si(C)CC(C)C
CSiC(C)Si(C)CCCC
CSiC(C)Si(CC)(C)CC
CSiC(C)Si(CC)C(C)C
CSiC(C)Si(CC)CCC
CSiC(C)SiC(C)(C)CC
CSiC(C)SiC(C)C(C)C
CSiC(C)SiC(C)CCC
CSiC(C)SiC(CC)CC
CSiC(C)SiCC(C)(C)C
CSiC(C)SiCC(C)CC
CSiC(C)SiCCC(C)C
CSiC(C)SiCCCCC
CSiC(CC)(C)C(C)SiC
CSiC(CC)(C)C(Si)CC
CSiC(CC)(C)CCSiC
CSiC(CC)(C)CSiCC
CSiC(CC)(C)Si(C)CC
CSiC(CC)(C)SiC(C)C
CSiC(CC)(C)SiCCC
CSiC(CC)(CC)CSiC
CSiC(CC)(CC)SiCC
CSiC(CC)(Si)C(C)(C)C
CSiC(CC)(Si)C(C)CC
CSiC(CC)(Si)CC(C)C
CSiC(CC)(Si)CCCC
CSiC(CC)C(C)CSiC
CSiC(CC)C(C)SiCC
CSiC(CC)C(Si)(C)CC
CSiC(CC)C(Si)C(C)C
CSiC(CC)C(Si)CCC
CSiC(CC)C(SiC)CC
CSiC(CC)CC(C)SiC
CSiC(CC)CC(Si)CC
CSiC(CC)CCCSiC
CSiC(CC)CCSiCC
CSiC(CC)CSi(C)CC
CSiC(CC)CSiC(C)C
CSiC(CC)CSiCCC
CSiC(CC)Si(C)(C)CC
CSiC(CC)Si(C)C(C)C
CSiC(CC)Si(C)CCC
CSiC(CC)Si(CC)CC
CSiC(CC)SiC(C)(C)C
CSiC(CC)SiC(C)CC
CSiC(CC)SiCC(C)C
CSiC(CC)SiCCCC
CSiC(Si)(C)C(C)(C)CC
CSiC(Si)(C)C(C)C(C)C
CSiC(Si)(C)C(C)CCC
CSiC(Si)(C)C(CC)CC
CSiC(Si)(C)CC(C)(C)C
CSiC(Si)(C)CC(C)CC
CSiC(Si)(C)CCC(C)C
CSiC(Si)(C)CCCCC
CSiC(Si)C(C)(C)C(C)C
CSiC(Si)C(C)(C)CCC
CSiC(Si)C(C)C(C)(C)C
CSiC(Si)C(C)C(C)CC
CSiC(Si)C(C)CC(C)C
CSiC(Si)C(C)CCCC
CSiC(Si)C(CC)(C)CC
CSiC(Si)C(CC)C(C)C
CSiC(Si)C(CC)CCC
CSiC(Si)CC(C)(C)CC
CSiC(Si)CC(C)C(C)C
CSiC(Si)CC(C)CCC
CSiC(Si)CC(CC)CC
CSiC(Si)CCC(C)(C)C
CSiC(Si)CCC(C)CC
CSiC(Si)CCCC(C)C
CSiC(Si)CCCCCC
CSiC(SiC)(C)C(C)CC
CSiC(SiC)(C)CC(C)C
CSiC(SiC)(C)CCCC
CSiC(SiC)(CC)CCC
CSiC(SiC)C(C)(C)CC
CSiC(SiC)C(C)C(C)C
CSiC(SiC)C(C)CCC
CSiC(SiC)C(CC)CC
CSiC(SiC)CC(C)(C)C
CSiC(SiC)CC(C)CC
CSiC(SiC)CCC(C)C
CSiC(SiC)CCCCC
CSiCC(C(C)C)CSiC
CSiCC(C(C)C)SiCC
CSiCC(C(C)Si)CCC
CSiCC(C)(C)C(Si)CC
CSiCC(C)(C)CCSiC
CSiCC(C)(C)CSiCC
CSiCC(C)(C)Si(C)CC
CSiCC(C)(C)SiC(C)C
CSiCC(C)(C)SiCCC
CSiCC(C)C(C)CSiC
CSiCC(C)C(C)SiCC
CSiCC(C)C(Si)(C)CC
CSiCC(C)C(Si)C(C)C
CSiCC(C)C(Si)CCC
CSiCC(C)CC(Si)CC
CSiCC(C)CCCSiC
CSiCC(C)CCSiCC
CSiCC(C)CSi(C)CC
CSiCC(C)CSiC(C)C
CSiCC(C)CSiCCC
CSiCC(C)Si(C)(C)CC
CSiCC(C)Si(C)C(C)C
CSiCC(C)Si(C)CCC
CSiCC(C)Si(CC)CC
CSiCC(C)SiC(C)(C)C
CSiCC(C)SiC(C)CC
CSiCC(C)SiCC(C)C
CSiCC(C)SiCCCC
CSiCC(CC)(C)CSiC
CSiCC(CC)(C)SiCC
CSiCC(CC)(Si)C(C)C
CSiCC(CC)(Si)CCC
CSiCC(CC)C(Si)CC
CSiCC(CC)CCSiC
CSiCC(CC)CSiCC
CSiCC(CC)Si(C)CC
CSiCC(CC)SiC(C)C
CSiCC(CC)SiCCC
CSiCC(CCC)CSiC
CSiCC(CCC)SiCC
CSiCC(CSi)(C)CCC
CSiCC(CSi)C(C)CC
CSiCC(CSi)CC(C)C
CSiCC(CSi)CCCC
CSiCC(Si(C)C)CCC
CSiCC(Si)(C)C(C)(C)C
CSiCC(Si)(C)C(C)CC
CSiCC(Si)(C)CC(C)C
CSiCC(Si)(C)CCCC
CSiCC(Si)C(C)(C)CC
CSiCC(Si)C(C)C(C)C
CSiCC(Si)C(C)CCC
CSiCC(Si)C(CC)CC
CSiCC(Si)CC(C)(C)C
CSiCC(Si)CC(C)CC
CSiCC(Si)CCC(C)C
CSiCC(Si)CCCCC
CSiCC(SiC)(C)CCC
CSiCC(SiC)C(C)CC
CSiCC(SiC)CC(C)C
CSiCC(SiC)CCCC
CSiCCC(C)(C)SiCC
CSiCCC(C)C(Si)CC
CSiCCC(C)CCSiC
CSiCCC(C)CSiCC
CSiCCC(C)Si(C)CC
CSiCCC(C)SiC(C)C
CSiCCC(C)SiCCC
CSiCCC(CC)(Si)CC
CSiCCC(CC)SiCC
CSiCCC(CSi)CCC
CSiCCC(Si)(C)C(C)C
CSiCCC(Si)(C)CCC
CSiCCC(Si)C(C)(C)C
CSiCCC(Si)C(C)CC
CSiCCC(Si)CC(C)C
CSiCCC(Si)CCCC
CSiCCC(SiC)CCC
CSiCCCC(C)SiCC
CSiCCCC(Si)(C)CC
CSiCCCC(Si)C(C)C
CSiCCCC(Si)CCC
CSiCCCCC(Si)CC
CSiCCCCCCSiC
CSiCCCCCSiCC
CSiCCCCSi(C)CC
CSiCCCCSiC(C)C
CSiCCCCSiCCC
CSiCCCSi(C)(C)CC
CSiCCCSi(C)C(C)C
CSiCCCSi(C)CCC
CSiCCCSi(CC)CC
CSiCCCSiC(C)(C)C
CSiCCCSiC(C)CC
CSiCCCSiCC(C)C
CSiCCCSiCCCC
CSiCCSi(C)(C)C(C)C
CSiCCSi(C)(C)CCC
CSiCCSi(C)C(C)(C)C
CSiCCSi(C)C(C)CC
CSiCCSi(C)CC(C)C
CSiCCSi(C)CCCC
CSiCCSi(CC)(C)CC
CSiCCSi(CC)C(C)C
CSiCCSi(CC)CCC
CSiCCSiC(C)(C)CC
CSiCCSiC(C)C(C)C
CSiCCSiC(C)CCC
CSiCCSiC(CC)CC
CSiCCSiCC(C)(C)C
CSiCCSiCC(C)CC
CSiCCSiCCC(C)C
CSiCCSiCCCCC
CSiCSi(C(C)C)C(C)C
CSiCSi(C(C)C)CCC
CSiCSi(C)(C)C(C)(C)C
CSiCSi(C)(C)C(C)CC
CSiCSi(C)(C)CC(C)C
CSiCSi(C)(C)CCCC
CSiCSi(C)C(C)(C)CC
CSiCSi(C)C(C)C(C)C
CSiCSi(C)C(C)CCC
CSiCSi(C)C(CC)CC
CSiCSi(C)CC(C)(C)C
CSiCSi(C)CC(C)CC
CSiCSi(C)CCC(C)C
CSiCSi(C)CCCCC
CSiCSi(CC)(C)C(C)C
CSiCSi(CC)(C)CCC
CSiCSi(CC)(CC)CC
CSiCSi(CC)C(C)(C)C
CSiCSi(CC)C(C)CC
CSiCSi(CC)CC(C)C
CSiCSi(CC)CCCC
CSiCSi(CCC)CCC
CSiCSiC(C)(C)C(C)C
CSiCSiC(C)(C)CCC
CSiCSiC(C)C(C)(C)C
CSiCSiC(C)C(C)CC
CSiCSiC(C)CC(C)C
CSiCSiC(C)CCCC
CSiCSiC(CC)(C)CC
CSiCSiC(CC)C(C)C
CSiCSiC(CC)CCC
CSiCSiCC(C)(C)CC
CSiCSiCC(C)C(C)C
CSiCSiCC(C)CCC
CSiCSiCC(CC)CC
CSiCSiCCC(C)(C)C
CSiCSiCCC(C)CC
CSiCSiCCCC(C)C
CSiCSiCCCCCC
CSiSi(C(C)(C)C)CCC
CSiSi(C(C)C)(C)C(C)C
CSiSi(C(C)C)(C)CCC
CSiSi(C(C)C)C(C)(C)C
CSiSi(C(C)C)C(C)CC
CSiSi(C(C)C)CC(C)C
CSiSi(C(C)C)CCCC
CSiSi(C)(C)C(C)(C)CC
CSiSi(C)(C)C(C)C(C)C
CSiSi(C)(C)C(C)CCC
CSiSi(C)(C)C(CC)CC
CSiSi(C)(C)CC(C)(C)C
CSiSi(C)(C)CC(C)CC
CSiSi(C)(C)CCC(C)C
CSiSi(C)(C)CCCCC
CSiSi(C)C(C)(C)C(C)C
CSiSi(C)C(C)(C)CCC
CSiSi(C)C(C)C(C)(C)C
CSiSi(C)C(C)C(C)CC
CSiSi(C)C(C)CC(C)C
CSiSi(C)C(C)CCCC
CSiSi(C)C(CC)(C)CC
CSiSi(C)C(CC)C(C)C
CSiSi(C)C(CC)CCC
CSiSi(C)CC(C)(C)CC
CSiSi(C)CC(C)C(C)C
CSiSi(C)CC(C)CCC
CSiSi(C)CC(CC)CC
CSiSi(C)CCC(C)(C)C
CSiSi(C)CCC(C)CC
CSiSi(C)CCCC(C)C
CSiSi(C)CCCCCC
CSiSi(CC)(C)C(C)(C)C
CSiSi(CC)(C)C(C)CC
CSiSi(CC)(C)CC(C)C
CSiSi(CC)(C)CCCC
CSiSi(CC)(CC)C(C)C
CSiSi(CC)(CC)CCC
CSiSi(CC)C(C)(C)CC
CSiSi(CC)C(C)C(C)C
CSiSi(CC)C(C)CCC
CSiSi(CC)C(CC)CC
CSiSi(CC)CC(C)(C)C
CSiSi(CC)CC(C)CC
CSiSi(CC)CCC(C)C
CSiSi(CC)CCCCC
CSiSiC(C(C)C)C(C)C
CSiSiC(C(C)C)CCC
CSiSiC(C)(C)C(C)(C)C
CSiSiC(C)(C)C(C)CC
CSiSiC(C)(C)CC(C)C
CSiSiC(C)(C)CCCC
CSiSiC(C)C(C)(C)CC
CSiSiC(C)C(C)C(C)C
CSiSiC(C)C(C)CCC
CSiSiC(C)C(CC)CC
CSiSiC(C)CC(C)(C)C
CSiSiC(C)CC(C)CC
CSiSiC(C)CCC(C)C
CSiSiC(C)CCCCC
CSiSiC(CC)(C)C(C)C
CSiSiC(CC)(C)CCC
CSiSiC(CC)(CC)CC
CSiSiC(CC)C(C)(C)C
CSiSiC(CC)C(C)CC
CSiSiC(CC)CC(C)C
CSiSiC(CC)CCCC
CSiSiC(CCC)CCC
CSiSiCC(C)(C)C(C)C
CSiSiCC(C)(C)CCC
CSiSiCC(C)C(C)(C)C
CSiSiCC(C)C(C)CC
CSiSiCC(C)CC(C)C
CSiSiCC(C)CCCC
CSiSiCC(CC)(C)CC
CSiSiCC(CC)C(C)C
CSiSiCC(CC)CCC
CSiSiCCC(C)(C)CC
CSiSiCCC(C)C(C)C
CSiSiCCC(C)CCC
CSiSiCCC(CC)CC
CSiSiCCCC(C)(C)C
CSiSiCCCC(C)CC
CSiSiCCCCC(C)C
CSiSiCCCCCCC
SiC(C)(C)C(C(C)C)SiC
SiC(C)(C)C(C)(C)C(C)Si
SiC(C)(C)C(C)(C)CCSi
SiC(C)(C)C(C)(C)CSiC
SiC(C)(C)C(C)(C)Si(C)C
SiC(C)(C)C(C)(C)SiCC
SiC(C)(C)C(C)C(C)CSi
SiC(C)(C)C(C)C(C)SiC
SiC(C)(C)C(C)C(Si)(C)C
SiC(C)(C)C(C)C(Si)CC
SiC(C)(C)C(C)CC(C)Si
SiC(C)(C)C(C)CCCSi
SiC(C)(C)C(C)CCSiC
SiC(C)(C)C(C)CSi(C)C
SiC(C)(C)C(C)CSiCC
SiC(C)(C)C(C)Si(C)(C)C
SiC(C)(C)C(C)Si(C)CC
SiC(C)(C)C(C)SiC(C)C
SiC(C)(C)C(C)SiCCC
SiC(C)(C)C(CC)(C)CSi
SiC(C)(C)C(CC)(C)SiC
SiC(C)(C)C(CC)(Si)CC
SiC(C)(C)C(CC)C(C)Si
SiC(C)(C)C(CC)CCSi
SiC(C)(C)C(CC)CSiC
SiC(C)(C)C(CC)Si(C)C
SiC(C)(C)C(CC)SiCC
SiC(C)(C)C(CSi)C(C)C
SiC(C)(C)C(CSi)CCC
SiC(C)(C)C(Si)(C)C(C)C
SiC(C)(C)C(Si)(C)CCC
SiC(C)(C)C(Si)C(C)(C)C
SiC(C)(C)C(Si)C(C)CC
SiC(C)(C)C(Si)CC(C)C
SiC(C)(C)C(Si)CCCC
SiC(C)(C)C(SiC)CCC
SiC(C)(C)CC(C)(C)CSi
SiC(C)(C)CC(C)(C)SiC
SiC(C)(C)CC(C)C(C)Si
SiC(C)(C)CC(C)CCSi
SiC(C)(C)CC(C)CSiC
SiC(C)(C)CC(C)Si(C)C
SiC(C)(C)CC(C)SiCC
SiC(C)(C)CC(CC)CSi
SiC(C)(C)CC(CC)SiC
SiC(C)(C)CC(Si)(C)CC
SiC(C)(C)CC(Si)C(C)C
SiC(C)(C)CC(Si)CCC
SiC(C)(C)CCC(C)CSi
SiC(C)(C)CCC(C)SiC
SiC(C)(C)CCC(Si)(C)C
SiC(C)(C)CCC(Si)CC
SiC(C)(C)CCCC(C)Si
SiC(C)(C)CCCCCSi
SiC(C)(C)CCCCSiC
SiC(C)(C)CCCSi(C)C
SiC(C)(C)CCCSiCC
SiC(C)(C)CCSi(C)(C)C
SiC(C)(C)CCSi(C)CC
SiC(C)(C)CCSiC(C)C
SiC(C)(C)CCSiCCC
SiC(C)(C)CSi(C)(C)CC
SiC(C)(C)CSi(C)C(C)C
SiC(C)(C)CSi(C)CCC
SiC(C)(C)CSi(CC)CC
SiC(C)(C)CSiC(C)(C)C
SiC(C)(C)CSiC(C)CC
SiC(C)(C)CSiCC(C)C
SiC(C)(C)CSiCCCC
SiC(C)(C)Si(C)(C)C(C)C
SiC(C)(C)Si(C)(C)CCC
SiC(C)(C)Si(C)C(C)(C)C
SiC(C)(C)Si(C)C(C)CC
SiC(C)(C)Si(C)CC(C)C
SiC(C)(C)Si(C)CCCC
SiC(C)(C)Si(CC)(C)CC
SiC(C)(C)Si(CC)C(C)C
SiC(C)(C)Si(CC)CCC
SiC(C)(C)SiC(C)(C)CC
SiC(C)(C)SiC(C)C(C)C
SiC(C)(C)SiC(C)CCC
SiC(C)(C)SiC(CC)CC
SiC(C)(C)SiCC(C)(C)C
SiC(C)(C)SiCC(C)CC
SiC(C)(C)SiCCC(C)C
SiC(C)(C)SiCCCCC
SiC(C)C(C(C)(C)C)SiC
SiC(C)C(C(C)C)(C)SiC
SiC(C)C(C(C)C)C(Si)C
SiC(C)C(C(C)C)CCSi
SiC(C)C(C(C)C)CSiC
SiC(C)C(C(C)C)Si(C)C
SiC(C)C(C(C)C)SiCC
SiC(C)C(C(C)Si)CCC
SiC(C)C(C)(C)C(C)CSi
SiC(C)C(C)(C)C(C)SiC
SiC(C)C(C)(C)C(Si)CC
SiC(C)C(C)(C)CC(C)Si
SiC(C)C(C)(C)CCCSi
SiC(C)C(C)(C)CCSiC
SiC(C)C(C)(C)CSi(C)C
SiC(C)C(C)(C)CSiCC
SiC(C)C(C)(C)Si(C)(C)C
SiC(C)C(C)(C)Si(C)CC
SiC(C)C(C)(C)SiC(C)C
SiC(C)C(C)(C)SiCCC
SiC(C)C(C)C(C)(C)CSi
SiC(C)C(C)C(C)(C)SiC
SiC(C)C(C)C(C)C(Si)C
SiC(C)C(C)C(C)CCSi
SiC(C)C(C)C(C)CSiC
SiC(C)C(C)C(C)Si(C)C
SiC(C)C(C)C(C)SiCC
SiC(C)C(C)C(CC)CSi
SiC(C)C(C)C(CC)SiC
SiC(C)C(C)C(Si)(C)CC
SiC(C)C(C)C(Si)C(C)C
SiC(C)C(C)C(Si)CCC
SiC(C)C(C)CC(C)CSi
SiC(C)C(C)CC(C)SiC
SiC(C)C(C)CC(Si)CC
SiC(C)C(C)CCC(C)Si
SiC(C)C(C)CCCCSi
SiC(C)C(C)CCCSiC
SiC(C)C(C)CCSi(C)C
SiC(C)C(C)CCSiCC
SiC(C)C(C)CSi(C)(C)C
SiC(C)C(C)CSi(C)CC
SiC(C)C(C)CSiC(C)C
SiC(C)C(C)CSiCCC
SiC(C)C(C)Si(C)(C)CC
SiC(C)C(C)Si(C)C(C)C
SiC(C)C(C)Si(C)CCC
SiC(C)C(C)Si(CC)CC
SiC(C)C(C)SiC(C)(C)C
SiC(C)C(C)SiC(C)CC
SiC(C)C(C)SiCC(C)C
SiC(C)C(C)SiCCCC
SiC(C)C(CC)(C)C(Si)C
SiC(C)C(CC)(C)CCSi
SiC(C)C(CC)(C)CSiC
SiC(C)C(CC)(C)Si(C)C
SiC(C)C(CC)(C)SiCC
SiC(C)C(CC)(CC)CSi
SiC(C)C(CC)(CC)SiC
SiC(C)C(CC)(Si)C(C)C
SiC(C)C(CC)(Si)CCC
SiC(C)C(CC)C(C)CSi
SiC(C)C(CC)C(C)SiC
SiC(C)C(CC)C(Si)CC
SiC(C)C(CC)CC(C)Si
SiC(C)C(CC)CCCSi
SiC(C)C(CC)CCSiC
SiC(C)C(CC)CSi(C)C
SiC(C)C(CC)CSiCC
SiC(C)C(CC)Si(C)(C)C
SiC(C)C(CC)Si(C)CC
SiC(C)C(CC)SiC(C)C
SiC(C)C(CC)SiCCC
SiC(C)C(CSi)(C)C(C)C
SiC(C)C(CSi)(C)CCC
SiC(C)C(CSi)C(C)(C)C
SiC(C)C(CSi)C(C)CC
SiC(C)C(CSi)CC(C)C
SiC(C)C(CSi)CCCC
SiC(C)C(Si(C)C)CCC
SiC(C)C(Si)(C)C(C)(C)C
SiC(C)C(Si)(C)C(C)CC
SiC(C)C(Si)(C)CC(C)C
SiC(C)C(Si)(C)CCCC
SiC(C)C(Si)C(C)(C)CC
SiC(C)C(Si)C(C)C(C)C
SiC(C)C(Si)C(C)CCC
SiC(C)C(Si)C(CC)CC
SiC(C)C(Si)CC(C)(C)C
SiC(C)C(Si)CC(C)CC
SiC(C)C(Si)CCC(C)C
SiC(C)C(Si)CCCCC
SiC(C)C(SiC)(C)CCC
SiC(C)C(SiC)C(C)CC
SiC(C)C(SiC)CC(C)C
SiC(C)C(SiC)CCCC
SiC(C)CC(C(C)C)SiC
SiC(C)CC(C)(C)CCSi
SiC(C)CC(C)(C)CSiC
SiC(C)CC(C)(C)Si(C)C
SiC(C)CC(C)(C)SiCC
SiC(C)CC(C)C(C)CSi
SiC(C)CC(C)C(C)SiC
SiC(C)CC(C)C(Si)CC
SiC(C)CC(C)CC(Si)C
SiC(C)CC(C)CCCSi
SiC(C)CC(C)CCSiC
SiC(C)CC(C)CSi(C)C
SiC(C)CC(C)CSiCC
SiC(C)CC(C)Si(C)(C)C
SiC(C)CC(C)Si(C)CC
SiC(C)CC(C)SiC(C)C
SiC(C)CC(C)SiCCC
SiC(C)CC(CC)(C)CSi
SiC(C)CC(CC)(C)SiC
SiC(C)CC(CC)(Si)CC
SiC(C)CC(CC)CCSi
SiC(C)CC(CC)CSiC
SiC(C)CC(CC)Si(C)C
SiC(C)CC(CC)SiCC
SiC(C)CC(CSi)C(C)C
SiC(C)CC(CSi)CCC
SiC(C)CC(Si)(C)C(C)C
SiC(C)CC(Si)(C)CCC
SiC(C)CC(Si)C(C)(C)C
SiC(C)CC(Si)C(C)CC
SiC(C)CC(Si)CC(C)C
SiC(C)CC(Si)CCCC
SiC(C)CC(SiC)CCC
SiC(C)CCC(C)(C)CSi
SiC(C)CCC(C)(C)SiC
SiC(C)CCC(C)CCSi
SiC(C)CCC(C)CSiC
SiC(C)CCC(C)Si(C)C
SiC(C)CCC(C)SiCC
SiC(C)CCC(CC)CSi
SiC(C)CCC(CC)SiC
SiC(C)CCC(Si)(C)CC
SiC(C)CCC(Si)C(C)C
SiC(C)CCC(Si)CCC
SiC(C)CCCC(C)CSi
SiC(C)CCCC(C)SiC
SiC(C)CCCC(Si)CC
SiC(C)CCCCC(Si)C
SiC(C)CCCCCCSi
SiC(C)CCCCCSiC
SiC(C)CCCCSi(C)C
SiC(C)CCCCSiCC
SiC(C)CCCSi(C)(C)C
SiC(C)CCCSi(C)CC
SiC(C)CCCSiC(C)C
SiC(C)CCCSiCCC
SiC(C)CCSi(C)(C)CC
SiC(C)CCSi(C)C(C)C
SiC(C)CCSi(C)CCC
SiC(C)CCSi(CC)CC
SiC(C)CCSiC(C)(C)C
SiC(C)CCSiC(C)CC
SiC(C)CCSiCC(C)C
SiC(C)CCSiCCCC
SiC(C)CSi(C)(C)C(C)C
SiC(C)CSi(C)(C)CCC
SiC(C)CSi(C)C(C)(C)C
SiC(C)CSi(C)C(C)CC
SiC(C)CSi(C)CC(C)C
SiC(C)CSi(C)CCCC
SiC(C)CSi(CC)(C)CC
SiC(C)CSi(CC)C(C)C
SiC(C)CSi(CC)CCC
SiC(C)CSiC(C)(C)CC
SiC(C)CSiC(C)C(C)C
SiC(C)CSiC(C)CCC
SiC(C)CSiC(CC)CC
SiC(C)CSiCC(C)(C)C
SiC(C)CSiCC(C)CC
SiC(C)CSiCCC(C)C
SiC(C)CSiCCCCC
SiC(C)Si(C(C)C)C(C)C
SiC(C)Si(C(C)C)CCC
SiC(C)Si(C)(C)C(C)(C)C
SiC(C)Si(C)(C)C(C)CC
SiC(C)Si(C)(C)CC(C)C
SiC(C)Si(C)(C)CCCC
SiC(C)Si(C)C(C)(C)CC
SiC(C)Si(C)C(C)C(C)C
SiC(C)Si(C)C(C)CCC
SiC(C)Si(C)C(CC)CC
SiC(C)Si(C)CC(C)(C)C
SiC(C)Si(C)CC(C)CC
SiC(C)Si(C)CCC(C)C
SiC(C)Si(C)CCCCC
SiC(C)Si(CC)(C)C(C)C
SiC(C)Si(CC)(C)CCC
SiC(C)Si(CC)(CC)CC
SiC(C)Si(CC)C(C)(C)C
SiC(C)Si(CC)C(C)CC
SiC(C)Si(CC)CC(C)C
SiC(C)Si(CC)CCCC
SiC(C)SiC(C)(C)C(C)C
SiC(C)SiC(C)(C)CCC
SiC(C)SiC(C)C(C)(C)C
SiC(C)SiC(C)C(C)CC
SiC(C)SiC(C)CC(C)C
SiC(C)SiC(C)CCCC
SiC(C)SiC(CC)(C)CC
SiC(C)SiC(CC)C(C)C
SiC(C)SiC(CC)CCC
SiC(C)SiCC(C)(C)CC
SiC(C)SiCC(C)C(C)C
SiC(C)SiCC(C)CCC
SiC(C)SiCC(CC)CC
SiC(C)SiCCC(C)(C)C
SiC(C)SiCCC(C)CC
SiC(C)SiCCCC(C)C
SiC(C)SiCCCCCC
SiC(Si)(C)C(C)(C)C(C)C
SiC(Si)(C)C(C)(C)CCC
SiC(Si)(C)C(C)C(C)(C)C
SiC(Si)(C)C(C)C(C)CC
SiC(Si)(C)C(C)CC(C)C
SiC(Si)(C)C(C)CCCC
SiC(Si)(C)C(CC)(C)CC
SiC(Si)(C)C(CC)C(C)C
SiC(Si)(C)C(CC)CCC
SiC(Si)(C)CC(C)(C)CC
SiC(Si)(C)CC(C)C(C)C
SiC(Si)(C)CC(C)CCC
SiC(Si)(C)CC(CC)CC
SiC(Si)(C)CCC(C)(C)C
SiC(Si)(C)CCC(C)CC
SiC(Si)(C)CCCC(C)C
SiC(Si)(C)CCCCCC
SiC(Si)C(C(C)C)C(C)C
SiC(Si)C(C(C)C)CCC
SiC(Si)C(C)(C)C(C)(C)C
SiC(Si)C(C)(C)C(C)CC
SiC(Si)C(C)(C)CC(C)C
SiC(Si)C(C)(C)CCCC
SiC(Si)C(C)C(C)(C)CC
SiC(Si)C(C)C(C)C(C)C
SiC(Si)C(C)C(C)CCC
SiC(Si)C(C)C(CC)CC
SiC(Si)C(C)CC(C)(C)C
SiC(Si)C(C)CC(C)CC
SiC(Si)C(C)CCC(C)C
SiC(Si)C(C)CCCCC
SiC(Si)C(CC)(C)C(C)C
SiC(Si)C(CC)(C)CCC
SiC(Si)C(CC)(CC)CC
SiC(Si)C(CC)C(C)(C)C
SiC(Si)C(CC)C(C)CC
SiC(Si)C(CC)CC(C)C
SiC(Si)C(CC)CCCC
SiC(Si)CC(C)(C)C(C)C
SiC(Si)CC(C)(C)CCC
SiC(Si)CC(C)C(C)(C)C
SiC(Si)CC(C)C(C)CC
SiC(Si)CC(C)CC(C)C
SiC(Si)CC(C)CCCC
SiC(Si)CC(CC)(C)CC
SiC(Si)CC(CC)C(C)C
SiC(Si)CC(CC)CCC
SiC(Si)CCC(C)(C)CC
SiC(Si)CCC(C)C(C)C
SiC(Si)CCC(C)CCC
SiC(Si)CCC(CC)CC
SiC(Si)CCCC(C)(C)C
SiC(Si)CCCC(C)CC
SiC(Si)CCCCC(C)C
SiC(Si)CCCCCCC
SiCC(C(C)(C)C)(C)SiC
SiCC(C(C)(C)C)CCSi
SiCC(C(C)(C)C)CSiC
SiCC(C(C)(C)C)Si(C)C
SiCC(C(C)(C)C)SiCC
SiCC(C(C)C)(C)CCSi
SiCC(C(C)C)(C)CSiC
SiCC(C(C)C)(C)Si(C)C
SiCC(C(C)C)(C)SiCC
SiCC(C(C)C)(CC)SiC
SiCC(C(C)C)(Si)C(C)C
SiCC(C(C)C)(Si)CCC
SiCC(C(C)C)C(C)CSi
SiCC(C(C)C)C(C)SiC
SiCC(C(C)C)C(Si)CC
SiCC(C(C)C)CCCSi
SiCC(C(C)C)CCSiC
SiCC(C(C)C)CSi(C)C
SiCC(C(C)C)CSiCC
SiCC(C(C)C)Si(C)(C)C
SiCC(C(C)C)Si(C)CC
SiCC(C(C)C)SiC(C)C
SiCC(C(C)C)SiCCC
SiCC(C)(C)C(C)(C)CSi
SiCC(C)(C)C(C)(C)SiC
SiCC(C)(C)C(C)CCSi
SiCC(C)(C)C(C)CSiC
SiCC(C)(C)C(C)Si(C)C
SiCC(C)(C)C(C)SiCC
SiCC(C)(C)C(CC)CSi
SiCC(C)(C)C(CC)SiC
SiCC(C)(C)C(Si)(C)CC
SiCC(C)(C)C(Si)C(C)C
SiCC(C)(C)C(Si)CCC
SiCC(C)(C)CC(C)CSi
SiCC(C)(C)CC(C)SiC
SiCC(C)(C)CC(Si)CC
SiCC(C)(C)CCCCSi
SiCC(C)(C)CCCSiC
SiCC(C)(C)CCSi(C)C
SiCC(C)(C)CCSiCC
SiCC(C)(C)CSi(C)(C)C
SiCC(C)(C)CSi(C)CC
SiCC(C)(C)CSiC(C)C
SiCC(C)(C)CSiCCC
SiCC(C)(C)Si(C)(C)CC
SiCC(C)(C)Si(C)C(C)C
SiCC(C)(C)Si(C)CCC
SiCC(C)(C)Si(CC)CC
SiCC(C)(C)SiC(C)(C)C
SiCC(C)(C)SiC(C)CC
SiCC(C)(C)SiCC(C)C
SiCC(C)(C)SiCCCC
SiCC(C)C(C(C)C)SiC
SiCC(C)C(C)(C)CCSi
SiCC(C)C(C)(C)CSiC
SiCC(C)C(C)(C)Si(C)C
SiCC(C)C(C)(C)SiCC
SiCC(C)C(C)C(C)CSi
SiCC(C)C(C)C(C)SiC
SiCC(C)C(C)C(Si)CC
SiCC(C)C(C)CCCSi
SiCC(C)C(C)CCSiC
SiCC(C)C(C)CSi(C)C
SiCC(C)C(C)CSiCC
SiCC(C)C(C)Si(C)(C)C
SiCC(C)C(C)Si(C)CC
SiCC(C)C(C)SiC(C)C
SiCC(C)C(C)SiCCC
SiCC(C)C(CC)(C)SiC
SiCC(C)C(CC)(Si)CC
SiCC(C)C(CC)CCSi
SiCC(C)C(CC)CSiC
SiCC(C)C(CC)Si(C)C
SiCC(C)C(CC)SiCC
SiCC(C)C(CSi)CCC
SiCC(C)C(Si)(C)C(C)C
SiCC(C)C(Si)(C)CCC
SiCC(C)C(Si)C(C)(C)C
SiCC(C)C(Si)C(C)CC
SiCC(C)C(Si)CC(C)C
SiCC(C)C(Si)CCCC
SiCC(C)C(SiC)CCC
SiCC(C)CC(C)(C)SiC
SiCC(C)CC(C)CCSi
SiCC(C)CC(C)CSiC
SiCC(C)CC(C)Si(C)C
SiCC(C)CC(C)SiCC
SiCC(C)CC(CC)SiC
SiCC(C)CC(Si)(C)CC
SiCC(C)CC(Si)C(C)C
SiCC(C)CC(Si)CCC
SiCC(C)CCC(C)CSi
SiCC(C)CCC(C)SiC
SiCC(C)CCC(Si)CC
SiCC(C)CCCCCSi
SiCC(C)CCCCSiC
SiCC(C)CCCSi(C)C
SiCC(C)CCCSiCC
SiCC(C)CCSi(C)(C)C
SiCC(C)CCSi(C)CC
SiCC(C)CCSiC(C)C
SiCC(C)CCSiCCC
SiCC(C)CSi(C)(C)CC
SiCC(C)CSi(C)C(C)C
SiCC(C)CSi(C)CCC
SiCC(C)CSi(CC)CC
SiCC(C)CSiC(C)(C)C
SiCC(C)CSiC(C)CC
SiCC(C)CSiCC(C)C
SiCC(C)CSiCCCC
SiCC(C)Si(C)(C)C(C)C
SiCC(C)Si(C)(C)CCC
SiCC(C)Si(C)C(C)(C)C
SiCC(C)Si(C)C(C)CC
SiCC(C)Si(C)CC(C)C
SiCC(C)Si(C)CCCC
SiCC(C)Si(CC)(C)CC
SiCC(C)Si(CC)C(C)C
SiCC(C)Si(CC)CCC
SiCC(C)SiC(C)(C)CC
SiCC(C)SiC(C)C(C)C
SiCC(C)SiC(C)CCC
SiCC(C)SiC(CC)CC
SiCC(C)SiCC(C)(C)C
SiCC(C)SiCC(C)CC
SiCC(C)SiCCC(C)C
SiCC(C)SiCCCCC
SiCC(CC)(C)C(C)CSi
SiCC(CC)(C)C(C)SiC
SiCC(CC)(C)C(Si)CC
SiCC(CC)(C)CCCSi
SiCC(CC)(C)CCSiC
SiCC(CC)(C)CSi(C)C
SiCC(CC)(C)CSiCC
SiCC(CC)(C)Si(C)(C)C
SiCC(CC)(C)Si(C)CC
SiCC(CC)(C)SiC(C)C
SiCC(CC)(C)SiCCC
SiCC(CC)(CC)CCSi
SiCC(CC)(CC)CSiC
SiCC(CC)(CC)Si(C)C
SiCC(CC)(CC)SiCC
SiCC(CC)(Si)C(C)(C)C
SiCC(CC)(Si)C(C)CC
SiCC(CC)(Si)CC(C)C
SiCC(CC)(Si)CCCC
SiCC(CC)C(C)(C)SiC
SiCC(CC)C(C)CCSi
SiCC(CC)C(C)CSiC
SiCC(CC)C(C)Si(C)C
SiCC(CC)C(C)SiCC
SiCC(CC)C(CC)SiC
SiCC(CC)C(CSi)CC
SiCC(CC)C(Si)(C)CC
SiCC(CC)C(Si)C(C)C
SiCC(CC)C(Si)CCC
SiCC(CC)CC(C)CSi
SiCC(CC)CC(C)SiC
SiCC(CC)CC(Si)CC
SiCC(CC)CCCCSi
SiCC(CC)CCCSiC
SiCC(CC)CCSi(C)C
SiCC(CC)CCSiCC
SiCC(CC)CSi(C)(C)C
SiCC(CC)CSi(C)CC
SiCC(CC)CSiC(C)C
SiCC(CC)CSiCCC
SiCC(CC)Si(C)(C)CC
SiCC(CC)Si(C)C(C)C
SiCC(CC)Si(C)CCC
SiCC(CC)Si(CC)CC
SiCC(CC)SiC(C)(C)C
SiCC(CC)SiC(C)CC
SiCC(CC)SiCC(C)C
SiCC(CC)SiCCCC
SiCC(CSi)(C)C(C)(C)C
SiCC(CSi)(C)C(C)CC
SiCC(CSi)(C)CC(C)C
SiCC(CSi)(C)CCCC
SiCC(CSi)(CC)C(C)C
SiCC(CSi)(CC)CCC
SiCC(CSi)C(C)(C)CC
SiCC(CSi)C(C)C(C)C
SiCC(CSi)C(C)CCC
SiCC(CSi)C(CC)CC
SiCC(CSi)CC(C)(C)C
SiCC(CSi)CC(C)CC
SiCC(CSi)CCC(C)C
SiCC(CSi)CCCCC
SiCC(Si(C)(C)C)CCC
SiCC(Si(C)C)(C)CCC
SiCC(Si(C)C)C(C)CC
SiCC(Si(C)C)CC(C)C
SiCC(Si(C)C)CCCC
SiCC(Si)(C)C(C)(C)CC
SiCC(Si)(C)C(C)C(C)C
SiCC(Si)(C)C(C)CCC
SiCC(Si)(C)C(CC)CC
SiCC(Si)(C)CC(C)(C)C
SiCC(Si)(C)CC(C)CC
SiCC(Si)(C)CCC(C)C
SiCC(Si)(C)CCCCC
SiCC(Si)C(C)(C)C(C)C
SiCC(Si)C(C)(C)CCC
SiCC(Si)C(C)C(C)(C)C
SiCC(Si)C(C)C(C)CC
SiCC(Si)C(C)CC(C)C
SiCC(Si)C(C)CCCC
SiCC(Si)C(CC)(C)CC
SiCC(Si)C(CC)C(C)C
SiCC(Si)C(CC)CCC
SiCC(Si)CC(C)(C)CC
SiCC(Si)CC(C)C(C)C
SiCC(Si)CC(C)CCC
SiCC(Si)CC(CC)CC
SiCC(Si)CCC(C)(C)C
SiCC(Si)CCC(C)CC
SiCC(Si)CCCC(C)C
SiCC(Si)CCCCCC
SiCC(SiC)(C)C(C)CC
SiCC(SiC)(C)CC(C)C
SiCC(SiC)(C)CCCC
SiCC(SiC)(CC)CCC
SiCC(SiC)C(C)(C)CC
SiCC(SiC)C(C)C(C)C
SiCC(SiC)C(C)CCC
SiCC(SiC)C(CC)CC
SiCC(SiC)CC(C)(C)C
SiCC(SiC)CC(C)CC
SiCC(SiC)CCC(C)C
SiCC(SiC)CCCCC
SiCCC(C(C)(C)C)SiC
SiCCC(C(C)C)(C)SiC
SiCCC(C(C)C)CCSi
SiCCC(C(C)C)CSiC
SiCCC(C(C)C)Si(C)C
SiCCC(C(C)C)SiCC
SiCCC(C(C)Si)CCC
SiCCC(C)(C)C(C)SiC
SiCCC(C)(C)C(Si)CC
SiCCC(C)(C)CCCSi
SiCCC(C)(C)CCSiC
SiCCC(C)(C)CSi(C)C
SiCCC(C)(C)CSiCC
SiCCC(C)(C)Si(C)(C)C
SiCCC(C)(C)Si(C)CC
SiCCC(C)(C)SiC(C)C
SiCCC(C)(C)SiCCC
SiCCC(C)C(C)(C)SiC
SiCCC(C)C(C)CCSi
SiCCC(C)C(C)CSiC
SiCCC(C)C(C)Si(C)C
SiCCC(C)C(C)SiCC
SiCCC(C)C(CC)SiC
SiCCC(C)C(Si)(C)CC
SiCCC(C)C(Si)C(C)C
SiCCC(C)C(Si)CCC
SiCCC(C)CC(C)SiC
SiCCC(C)CC(Si)CC
SiCCC(C)CCCCSi
SiCCC(C)CCCSiC
SiCCC(C)CCSi(C)C
SiCCC(C)CCSiCC
SiCCC(C)CSi(C)(C)C
SiCCC(C)CSi(C)CC
SiCCC(C)CSiC(C)C
SiCCC(C)CSiCCC
SiCCC(C)Si(C)(C)CC
SiCCC(C)Si(C)C(C)C
SiCCC(C)Si(C)CCC
SiCCC(C)Si(CC)CC
SiCCC(C)SiC(C)(C)C
SiCCC(C)SiC(C)CC
SiCCC(C)SiCC(C)C
SiCCC(C)SiCCCC
SiCCC(CC)(C)CCSi
SiCCC(CC)(C)CSiC
SiCCC(CC)(C)Si(C)C
SiCCC(CC)(C)SiCC
SiCCC(CC)(CC)SiC
SiCCC(CC)(Si)C(C)C
SiCCC(CC)(Si)CCC
SiCCC(CC)C(C)SiC
SiCCC(CC)C(Si)CC
SiCCC(CC)CCCSi
SiCCC(CC)CCSiC
SiCCC(CC)CSi(C)C
SiCCC(CC)CSiCC
SiCCC(CC)Si(C)(C)C
SiCCC(CC)Si(C)CC
SiCCC(CC)SiC(C)C
SiCCC(CC)SiCCC
SiCCC(CCC)CCSi
SiCCC(CCC)CSiC
SiCCC(CCC)SiCC
SiCCC(CSi)(C)CCC
SiCCC(CSi)C(C)CC
SiCCC(CSi)CC(C)C
SiCCC(CSi)CCCC
SiCCC(Si(C)C)CCC
SiCCC(Si)(C)C(C)(C)C
SiCCC(Si)(C)C(C)CC
SiCCC(Si)(C)CC(C)C
SiCCC(Si)(C)CCCC
SiCCC(Si)C(C)(C)CC
SiCCC(Si)C(C)C(C)C
SiCCC(Si)C(C)CCC
SiCCC(Si)C(CC)CC
SiCCC(Si)CC(C)(C)C
SiCCC(Si)CC(C)CC
SiCCC(Si)CCC(C)C
SiCCC(Si)CCCCC
SiCCC(SiC)(C)CCC
SiCCC(SiC)C(C)CC
SiCCC(SiC)CC(C)C
SiCCC(SiC)CCCC
SiCCCC(C(C)C)SiC
SiCCCC(C)(C)CSiC
SiCCCC(C)(C)Si(C)C
SiCCCC(C)(C)SiCC
SiCCCC(C)C(C)SiC
SiCCCC(C)C(Si)CC
SiCCCC(C)CCCSi
SiCCCC(C)CCSiC
SiCCCC(C)CSi(C)C
SiCCCC(C)CSiCC
SiCCCC(C)Si(C)(C)C
SiCCCC(C)Si(C)CC
SiCCCC(C)SiC(C)C
SiCCCC(C)SiCCC
SiCCCC(CC)(C)SiC
SiCCCC(CC)(Si)CC
SiCCCC(CC)CSiC
SiCCCC(CC)Si(C)C
SiCCCC(CC)SiCC
SiCCCC(CSi)CCC
SiCCCC(Si)(C)C(C)C
SiCCCC(Si)(C)CCC
SiCCCC(Si)C(C)(C)C
SiCCCC(Si)C(C)CC
SiCCCC(Si)CC(C)C
SiCCCC(Si)CCCC
SiCCCC(SiC)CCC
SiCCCCC(C)(C)SiC
SiCCCCC(C)CSiC
SiCCCCC(C)Si(C)C
SiCCCCC(C)SiCC
SiCCCCC(CC)SiC
SiCCCCC(Si)(C)CC
SiCCCCC(Si)C(C)C
SiCCCCC(Si)CCC
SiCCCCCC(C)SiC
SiCCCCCC(Si)CC
SiCCCCCCCCSi
SiCCCCCCCSiC
SiCCCCCCSi(C)C
SiCCCCCCSiCC
SiCCCCCSi(C)(C)C
SiCCCCCSi(C)CC
SiCCCCCSiC(C)C
SiCCCCCSiCCC
SiCCCCSi(C)(C)CC
SiCCCCSi(C)C(C)C
SiCCCCSi(C)CCC
SiCCCCSi(CC)CC
SiCCCCSiC(C)(C)C
SiCCCCSiC(C)CC
SiCCCCSiCC(C)C
SiCCCCSiCCCC
SiCCCSi(C)(C)C(C)C
SiCCCSi(C)(C)CCC
SiCCCSi(C)C(C)(C)C
SiCCCSi(C)C(C)CC
SiCCCSi(C)CC(C)C
SiCCCSi(C)CCCC
SiCCCSi(CC)(C)CC
SiCCCSi(CC)C(C)C
SiCCCSi(CC)CCC
SiCCCSiC(C)(C)CC
SiCCCSiC(C)C(C)C
SiCCCSiC(C)CCC
SiCCCSiC(CC)CC
SiCCCSiCC(C)(C)C
SiCCCSiCC(C)CC
SiCCCSiCCC(C)C
SiCCCSiCCCCC
SiCCSi(C(C)C)C(C)C
SiCCSi(C(C)C)CCC
SiCCSi(C)(C)C(C)(C)C
SiCCSi(C)(C)C(C)CC
SiCCSi(C)(C)CC(C)C
SiCCSi(C)(C)CCCC
SiCCSi(C)C(C)(C)CC
SiCCSi(C)C(C)C(C)C
SiCCSi(C)C(C)CCC
SiCCSi(C)C(CC)CC
SiCCSi(C)CC(C)(C)C
SiCCSi(C)CC(C)CC
SiCCSi(C)CCC(C)C
SiCCSi(C)CCCCC
SiCCSi(CC)(C)C(C)C
SiCCSi(CC)(C)CCC
SiCCSi(CC)(CC)CC
SiCCSi(CC)C(C)(C)C
SiCCSi(CC)C(C)CC
SiCCSi(CC)CC(C)C
SiCCSi(CC)CCCC
SiCCSi(CCC)CCC
SiCCSiC(C)(C)C(C)C
SiCCSiC(C)(C)CCC
SiCCSiC(C)C(C)(C)C
SiCCSiC(C)C(C)CC
SiCCSiC(C)CC(C)C
SiCCSiC(C)CCCC
SiCCSiC(CC)(C)CC
SiCCSiC(CC)C(C)C
SiCCSiC(CC)CCC
SiCCSiCC(C)(C)CC
SiCCSiCC(C)C(C)C
SiCCSiCC(C)CCC
SiCCSiCC(CC)CC
SiCCSiCCC(C)(C)C
SiCCSiCCC(C)CC
SiCCSiCCCC(C)C
SiCCSiCCCCCC
SiCSi(C(C)(C)C)CCC
SiCSi(C(C)C)(C)C(C)C
SiCSi(C(C)C)(C)CCC
SiCSi(C(C)C)C(C)(C)C
SiCSi(C(C)C)C(C)CC
SiCSi(C(C)C)CC(C)C
SiCSi(C(C)C)CCCC
SiCSi(C)(C)C(C)(C)CC
SiCSi(C)(C)C(C)C(C)C
SiCSi(C)(C)C(C)CCC
SiCSi(C)(C)C(CC)CC
SiCSi(C)(C)CC(C)(C)C
SiCSi(C)(C)CC(C)CC
SiCSi(C)(C)CCC(C)C
SiCSi(C)(C)CCCCC
SiCSi(C)C(C)(C)C(C)C
SiCSi(C)C(C)(C)CCC
SiCSi(C)C(C)C(C)(C)C
SiCSi(C)C(C)C(C)CC
SiCSi(C)C(C)CC(C)C
SiCSi(C)C(C)CCCC
SiCSi(C)C(CC)(C)CC
SiCSi(C)C(CC)C(C)C
SiCSi(C)C(CC)CCC
SiCSi(C)CC(C)(C)CC
SiCSi(C)CC(C)C(C)C
SiCSi(C)CC(C)CCC
SiCSi(C)CC(CC)CC
SiCSi(C)CCC(C)(C)C
SiCSi(C)CCC(C)CC
SiCSi(C)CCCC(C)C
SiCSi(C)CCCCCC
SiCSi(CC)(C)C(C)(C)C
SiCSi(CC)(C)C(C)CC
SiCSi(CC)(C)CC(C)C
SiCSi(CC)(C)CCCC
SiCSi(CC)(CC)C(C)C
SiCSi(CC)(CC)CCC
SiCSi(CC)C(C)(C)CC
SiCSi(CC)C(C)C(C)C
SiCSi(CC)C(C)CCC
SiCSi(CC)C(CC)CC
SiCSi(CC)CC(C)(C)C
SiCSi(CC)CC(C)CC
SiCSi(CC)CCC(C)C
SiCSi(CC)CCCCC
SiCSiC(C(C)C)C(C)C
SiCSiC(C(C)C)CCC
SiCSiC(C)(C)C(C)(C)C
SiCSiC(C)(C)C(C)CC
SiCSiC(C)(C)CC(C)C
SiCSiC(C)(C)CCCC
SiCSiC(C)C(C)(C)CC
SiCSiC(C)C(C)C(C)C
SiCSiC(C)C(C)CCC
SiCSiC(C)C(CC)CC
SiCSiC(C)CC(C)(C)C
SiCSiC(C)CC(C)CC
SiCSiC(C)CCC(C)C
SiCSiC(C)CCCCC
SiCSiC(CC)(C)C(C)C
SiCSiC(CC)(C)CCC
SiCSiC(CC)(CC)CC
SiCSiC(CC)C(C)(C)C
SiCSiC(CC)C(C)CC
SiCSiC(CC)CC(C)C
SiCSiC(CC)CCCC
SiCSiC(CCC)CCC
SiCSiCC(C)(C)C(C)C
SiCSiCC(C)(C)CCC
SiCSiCC(C)C(C)(C)C
SiCSiCC(C)C(C)CC
SiCSiCC(C)CC(C)C
SiCSiCC(C)CCCC
SiCSiCC(CC)(C)CC
SiCSiCC(CC)C(C)C
SiCSiCC(CC)CCC
SiCSiCCC(C)(C)CC
SiCSiCCC(C)C(C)C
SiCSiCCC(C)CCC
SiCSiCCC(CC)CC
SiCSiCCCC(C)(C)C
SiCSiCCCC(C)CC
SiCSiCCCCC(C)C
SiCSiCCCCCCC
SiSi(C)(C)C(C)(C)C(C)C
SiSi(C)(C)C(C)(C)CCC
SiSi(C)(C)C(C)C(C)(C)C
SiSi(C)(C)C(C)C(C)CC
SiSi(C)(C)C(C)CC(C)C
SiSi(C)(C)C(C)CCCC
SiSi(C)(C)C(CC)(C)CC
SiSi(C)(C)C(CC)C(C)C
SiSi(C)(C)C(CC)CCC
SiSi(C)(C)CC(C)(C)CC
SiSi(C)(C)CC(C)C(C)C
SiSi(C)(C)CC(C)CCC
SiSi(C)(C)CC(CC)CC
SiSi(C)(C)CCC(C)(C)C
SiSi(C)(C)CCC(C)CC
SiSi(C)(C)CCCC(C)C
SiSi(C)(C)CCCCCC
SiSi(C)C(C(C)C)C(C)C
SiSi(C)C(C(C)C)CCC
SiSi(C)C(C)(C)C(C)(C)C
SiSi(C)C(C)(C)C(C)CC
SiSi(C)C(C)(C)CC(C)C
SiSi(C)C(C)(C)CCCC
SiSi(C)C(C)C(C)(C)CC
SiSi(C)C(C)C(C)C(C)C
SiSi(C)C(C)C(C)CCC
SiSi(C)C(C)C(CC)CC
SiSi(C)C(C)CC(C)(C)C
SiSi(C)C(C)CC(C)CC
SiSi(C)C(C)CCC(C)C
SiSi(C)C(C)CCCCC
SiSi(C)C(CC)(C)C(C)C
SiSi(C)C(CC)(C)CCC
SiSi(C)C(CC)(CC)CC
SiSi(C)C(CC)C(C)(C)C
SiSi(C)C(CC)C(C)CC
SiSi(C)C(CC)CC(C)C
SiSi(C)C(CC)CCCC
SiSi(C)CC(C)(C)C(C)C
SiSi(C)CC(C)(C)CCC
SiSi(C)CC(C)C(C)(C)C
SiSi(C)CC(C)C(C)CC
SiSi(C)CC(C)CC(C)C
SiSi(C)CC(C)CCCC
SiSi(C)CC(CC)(C)CC
SiSi(C)CC(CC)C(C)C
SiSi(C)CC(CC)CCC
SiSi(C)CCC(C)(C)CC
SiSi(C)CCC(C)C(C)C
SiSi(C)CCC(C)CCC
SiSi(C)CCC(CC)CC
SiSi(C)CCCC(C)(C)C
SiSi(C)CCCC(C)CC
SiSi(C)CCCCC(C)C
SiSi(C)CCCCCCC
SiSiC(C(C)(C)C)CCC
SiSiC(C(C)C)(C)C(C)C
SiSiC(C(C)C)(C)CCC
SiSiC(C(C)C)C(C)(C)C
SiSiC(C(C)C)C(C)CC
SiSiC(C(C)C)CC(C)C
SiSiC(C(C)C)CCCC
SiSiC(C)(C)C(C)(C)CC
SiSiC(C)(C)C(C)C(C)C
SiSiC(C)(C)C(C)CCC
SiSiC(C)(C)C(CC)CC
SiSiC(C)(C)CC(C)(C)C
SiSiC(C)(C)CC(C)CC
SiSiC(C)(C)CCC(C)C
SiSiC(C)(C)CCCCC
SiSiC(C)C(C)(C)C(C)C
SiSiC(C)C(C)(C)CCC
SiSiC(C)C(C)C(C)(C)C
SiSiC(C)C(C)C(C)CC
SiSiC(C)C(C)CC(C)C
SiSiC(C)C(C)CCCC
SiSiC(C)C(CC)(C)CC
SiSiC(C)C(CC)C(C)C
SiSiC(C)C(CC)CCC
SiSiC(C)CC(C)(C)CC
SiSiC(C)CC(C)C(C)C
SiSiC(C)CC(C)CCC
SiSiC(C)CC(CC)CC
SiSiC(C)CCC(C)(C)C
SiSiC(C)CCC(C)CC
SiSiC(C)CCCC(C)C
SiSiC(C)CCCCCC
SiSiC(CC)(C)C(C)(C)C
SiSiC(CC)(C)C(C)CC
SiSiC(CC)(C)CC(C)C
SiSiC(CC)(C)CCCC
SiSiC(CC)(CC)C(C)C
SiSiC(CC)(CC)CCC
SiSiC(CC)C(C)(C)CC
SiSiC(CC)C(C)C(C)C
SiSiC(CC)C(C)CCC
SiSiC(CC)C(CC)CC
SiSiC(CC)CC(C)(C)C
SiSiC(CC)CC(C)CC
SiSiC(CC)CCC(C)C
SiSiC(CC)CCCCC
SiSiCC(C(C)C)C(C)C
SiSiCC(C(C)C)CCC
SiSiCC(C)(C)C(C)(C)C
SiSiCC(C)(C)C(C)CC
SiSiCC(C)(C)CC(C)C
SiSiCC(C)(C)CCCC
SiSiCC(C)C(C)(C)CC
SiSiCC(C)C(C)C(C)C
SiSiCC(C)C(C)CCC
SiSiCC(C)C(CC)CC
SiSiCC(C)CC(C)(C)C
SiSiCC(C)CC(C)CC
SiSiCC(C)CCC(C)C
SiSiCC(C)CCCCC
SiSiCC(CC)(C)C(C)C
SiSiCC(CC)(C)CCC
SiSiCC(CC)(CC)CC
SiSiCC(CC)C(C)(C)C
SiSiCC(CC)C(C)CC
SiSiCC(CC)CC(C)C
SiSiCC(CC)CCCC
SiSiCC(CCC)CCC
SiSiCCC(C)(C)C(C)C
SiSiCCC(C)(C)CCC
SiSiCCC(C)C(C)(C)C
SiSiCCC(C)C(C)CC
SiSiCCC(C)CC(C)C
SiSiCCC(C)CCCC
SiSiCCC(CC)(C)CC
SiSiCCC(CC)C(C)C
SiSiCCC(CC)CCC
SiSiCCCC(C)(C)CC
SiSiCCCC(C)C(C)C
SiSiCCCC(C)CCC
SiSiCCCC(CC)CC
SiSiCCCCC(C)(C)C
SiSiCCCCC(C)CC
SiSiCCCCCC(C)C
SiSiCCCCCCCC
