CC(C)(C)C(C)C(Cl)CC
CC(C)(C)C(CC)(Cl)CC
CC(C)(C)C(Cl)(C)C(C)C
CC(C)(C)C(Cl)(C)CCC
CC(C)(C)C(Cl)C(C)(C)C
CC(C)(C)C(Cl)C(C)CC
CC(C)(C)C(Cl)CC(C)C
CC(C)(C)C(Cl)CCCC
CC(C)(C)CC(Cl)(C)CC
CC(C)(C)CC(Cl)C(C)C
CC(C)(C)CC(Cl)CCC
CC(C)(C)CCC(Cl)CC
CC(C)C(C)(C)C(Cl)CC
CC(C)C(C)C(Cl)(C)CC
CC(C)C(C)C(Cl)CCC
CC(C)C(C)CC(Cl)CC
CC(C)C(CC)(Cl)C(C)C
CC(C)C(CC)(Cl)CCC
CC(C)C(CC)C(Cl)CC
CC(C)C(Cl)(C)C(C)CC
CC(C)C(Cl)(C)CC(C)C
CC(C)C(Cl)(C)CCCC
CC(C)C(Cl)C(C)(C)CC
CC(C)C(Cl)C(C)C(C)C
CC(C)C(Cl)C(C)CCC
CC(C)C(Cl)C(CC)CC
CC(C)C(Cl)CC(C)CC
CC(C)C(Cl)CCC(C)C
CC(C)C(Cl)CCCCC
CC(C)CC(C)C(Cl)CC
CC(C)CC(CC)(Cl)CC
CC(C)CC(CCl)CCC
CC(C)CC(Cl)(C)CCC
CC(C)CC(Cl)C(C)CC
CC(C)CC(Cl)CC(C)C
CC(C)CC(Cl)CCCC
CC(C)CCC(Cl)(C)CC
CC(C)CCC(Cl)CCC
CC(C)CCCC(Cl)CC
CCC(C)(C)C(Cl)CCC
CCC(C)(C)CC(Cl)CC
CCC(C)C(CCl)CCC
CCC(C)C(Cl)(C)CCC
CCC(C)C(Cl)C(C)CC
CCC(C)C(Cl)CCCC
CCC(C)CC(Cl)CCC
CCC(CC)(C)C(Cl)CC
CCC(CC)(Cl)C(C)CC
CCC(CC)(Cl)CCCC
CCC(CC)C(Cl)CCC
CCC(CC)CC(Cl)CC
CCC(Cl)(C)C(C)(C)CC
CCC(Cl)(C)C(C)CCC
CCC(Cl)(C)C(CC)CC
CCC(Cl)(C)CC(C)CC
CCC(Cl)(C)CCCCC
CCC(Cl)C(C)(C)CCC
CCC(Cl)C(C)C(C)CC
CCC(Cl)C(C)CCCC
CCC(Cl)C(CC)CCC
CCC(Cl)CC(C)CCC
CCC(Cl)CCC(C)CC
CCC(Cl)CCCCCC
CCCC(C(C)Cl)CCC
CCCC(CC)(Cl)CCC
CCCC(CCl)(C)CCC
CCCC(CCl)CCCC
CCCC(Cl)(C)CCCC
CCCC(Cl)C(C)CCC
CCCC(Cl)CCCCC
CCCCC(Cl)CCCC
ClC(C)(C)C(C)(C)C(C)C
ClC(C)(C)C(C)(C)CCC
ClC(C)(C)C(C)C(C)(C)C
ClC(C)(C)C(C)C(C)CC
ClC(C)(C)C(C)CC(C)C
ClC(C)(C)C(C)CCCC
ClC(C)(C)C(CC)(C)CC
ClC(C)(C)C(CC)C(C)C
ClC(C)(C)C(CC)CCC
ClC(C)(C)CC(C)(C)CC
ClC(C)(C)CC(C)C(C)C
ClC(C)(C)CC(C)CCC
ClC(C)(C)CC(CC)CC
ClC(C)(C)CCC(C)(C)C
ClC(C)(C)CCC(C)CC
ClC(C)(C)CCCC(C)C
ClC(C)(C)CCCCCC
ClC(C)C(C(C)C)C(C)C
ClC(C)C(C(C)C)CCC
ClC(C)C(C)(C)C(C)(C)C
ClC(C)C(C)(C)C(C)CC
ClC(C)C(C)(C)CC(C)C
ClC(C)C(C)(C)CCCC
ClC(C)C(C)C(C)(C)CC
ClC(C)C(C)C(C)C(C)C
ClC(C)C(C)C(C)CCC
ClC(C)C(C)C(CC)CC
ClC(C)C(C)CC(C)(C)C
ClC(C)C(C)CC(C)CC
ClC(C)C(C)CCC(C)C
ClC(C)C(C)CCCCC
ClC(C)C(CC)(C)C(C)C
ClC(C)C(CC)(C)CCC
ClC(C)C(CC)(CC)CC
ClC(C)C(CC)C(C)(C)C
ClC(C)C(CC)C(C)CC
ClC(C)C(CC)CC(C)C
ClC(C)C(CC)CCCC
ClC(C)CC(C)(C)C(C)C
ClC(C)CC(C)(C)CCC
ClC(C)CC(C)C(C)(C)C
ClC(C)CC(C)C(C)CC
ClC(C)CC(C)CC(C)C
ClC(C)CC(C)CCCC
ClC(C)CC(CC)(C)CC
ClC(C)CC(CC)C(C)C
ClC(C)CC(CC)CCC
ClC(C)CCC(C)(C)CC
ClC(C)CCC(C)C(C)C
ClC(C)CCC(C)CCC
ClC(C)CCC(CC)CC
ClC(C)CCCC(C)(C)C
ClC(C)CCCC(C)CC
ClC(C)CCCCC(C)C
ClC(C)CCCCCCC
ClCC(C(C)(C)C)CCC
ClCC(C(C)C)(C)C(C)C
ClCC(C(C)C)(C)CCC
ClCC(C(C)C)C(C)(C)C
ClCC(C(C)C)C(C)CC
ClCC(C(C)C)CC(C)C
ClCC(C(C)C)CCCC
ClCC(C)(C)C(C)(C)CC
ClCC(C)(C)C(C)C(C)C
ClCC(C)(C)C(C)CCC
ClCC(C)(C)C(CC)CC
ClCC(C)(C)CC(C)(C)C
ClCC(C)(C)CC(C)CC
ClCC(C)(C)CCC(C)C
ClCC(C)(C)CCCCC
ClCC(C)C(C)(C)C(C)C
ClCC(C)C(C)(C)CCC
ClCC(C)C(C)C(C)(C)C
ClCC(C)C(C)C(C)CC
ClCC(C)C(C)CC(C)C
ClCC(C)C(C)CCCC
ClCC(C)C(CC)(C)CC
ClCC(C)C(CC)C(C)C
ClCC(C)C(CC)CCC
ClCC(C)CC(C)(C)CC
ClCC(C)CC(C)C(C)C
ClCC(C)CC(C)CCC
ClCC(C)CC(CC)CC
ClCC(C)CCC(C)(C)C
ClCC(C)CCC(C)CC
ClCC(C)CCCC(C)C
ClCC(C)CCCCCC
ClCC(CC)(C)C(C)(C)C
ClCC(CC)(C)C(C)CC
ClCC(CC)(C)CC(C)C
ClCC(CC)(C)CCCC
ClCC(CC)(CC)C(C)C
ClCC(CC)(CC)CCC
ClCC(CC)C(C)(C)CC
ClCC(CC)C(C)C(C)C
ClCC(CC)C(C)CCC
ClCC(CC)C(CC)CC
ClCC(CC)CC(C)(C)C
ClCC(CC)CC(C)CC
ClCC(CC)CCC(C)C
ClCC(CC)CCCCC
ClCCC(C(C)C)C(C)C
ClCCC(C(C)C)CCC
ClCCC(C)(C)C(C)(C)C
ClCCC(C)(C)C(C)CC
ClCCC(C)(C)CC(C)C
ClCCC(C)(C)CCCC
ClCCC(C)C(C)(C)CC
ClCCC(C)C(C)C(C)C
ClCCC(C)C(C)CCC
ClCCC(C)C(CC)CC
ClCCC(C)CC(C)(C)C
ClCCC(C)CC(C)CC
ClCCC(C)CCC(C)C
ClCCC(C)CCCCC
ClCCC(CC)(C)C(C)C
ClCCC(CC)(C)CCC
ClCCC(CC)(CC)CC
ClCCC(CC)C(C)(C)C
ClCCC(CC)C(C)CC
ClCCC(CC)CC(C)C
ClCCC(CC)CCCC
ClCCC(CCC)CCC
ClCCCC(C)(C)C(C)C
ClCCCC(C)(C)CCC
ClCCCC(C)C(C)(C)C
ClCCCC(C)C(C)CC
ClCCCC(C)CC(C)C
ClCCCC(C)CCCC
ClCCCC(CC)(C)CC
ClCCCC(CC)C(C)C
ClCCCC(CC)CCC
ClCCCCC(C)(C)CC
ClCCCCC(C)C(C)C
ClCCCCC(C)CCC
ClCCCCC(CC)CC
ClCCCCCC(C)(C)C
ClCCCCCC(C)CC
ClCCCCCCC(C)C
ClCCCCCCCCC
