CC(C)(C)C(C)(C)NCC
CC(C)(C)C(C)C(N)CC
CC(C)(C)C(C)CNCC
CC(C)(C)C(C)N(C)CC
CC(C)(C)C(C)NC(C)C
CC(C)(C)C(C)NCCC
CC(C)(C)C(CC)(N)CC
CC(C)(C)C(CC)NCC
CC(C)(C)C(N)(C)C(C)C
CC(C)(C)C(N)(C)CCC
CC(C)(C)C(N)C(C)(C)C
CC(C)(C)C(N)C(C)CC
CC(C)(C)C(N)CC(C)C
CC(C)(C)C(N)CCCC
CC(C)(C)CC(C)NCC
CC(C)(C)CC(N)(C)CC
CC(C)(C)CC(N)C(C)C
CC(C)(C)CC(N)CCC
CC(C)(C)CCC(N)CC
CC(C)(C)CCCNCC
CC(C)(C)CCN(C)CC
CC(C)(C)CCNC(C)C
CC(C)(C)CCNCCC
CC(C)(C)CN(C)C(C)C
CC(C)(C)CN(C)CCC
CC(C)(C)CN(CC)CC
CC(C)(C)CNC(C)CC
CC(C)(C)CNCC(C)C
CC(C)(C)CNCCCC
CC(C)(C)N(C)C(C)(C)C
CC(C)(C)N(C)C(C)CC
CC(C)(C)N(C)CC(C)C
CC(C)(C)N(C)CCCC
CC(C)(C)N(CC)C(C)C
CC(C)(C)N(CC)CCC
CC(C)(C)NC(C)(C)CC
CC(C)(C)NC(C)C(C)C
CC(C)(C)NC(C)CCC
CC(C)(C)NC(CC)CC
CC(C)(C)NCC(C)(C)C
CC(C)(C)NCC(C)CC
CC(C)(C)NCCC(C)C
CC(C)(C)NCCCCC
CC(C)C(C(C)C)NCC
CC(C)C(C)(C)C(N)CC
CC(C)C(C)(C)CNCC
CC(C)C(C)(C)N(C)CC
CC(C)C(C)(C)NCCC
CC(C)C(C)C(C)NCC
CC(C)C(C)C(N)(C)CC
CC(C)C(C)C(N)CCC
CC(C)C(C)CC(N)CC
CC(C)C(C)CCNCC
CC(C)C(C)CN(C)CC
CC(C)C(C)CNCCC
CC(C)C(C)N(C)CCC
CC(C)C(C)N(CC)CC
CC(C)C(C)NC(C)CC
CC(C)C(C)NCC(C)C
CC(C)C(C)NCCCC
CC(C)C(CC)(C)NCC
CC(C)C(CC)(N)C(C)C
CC(C)C(CC)(N)CCC
CC(C)C(CC)C(N)CC
CC(C)C(CC)CNCC
CC(C)C(CC)N(C)CC
CC(C)C(CC)NCCC
CC(C)C(N)(C)C(C)CC
CC(C)C(N)(C)CC(C)C
CC(C)C(N)(C)CCCC
CC(C)C(N)C(C)(C)CC
CC(C)C(N)C(C)C(C)C
CC(C)C(N)C(C)CCC
CC(C)C(N)C(CC)CC
CC(C)C(N)CC(C)CC
CC(C)C(N)CCC(C)C
CC(C)C(N)CCCCC
CC(C)CC(C)(C)NCC
CC(C)CC(C)C(N)CC
CC(C)CC(C)CNCC
CC(C)CC(C)N(C)CC
CC(C)CC(C)NCCC
CC(C)CC(CC)(N)CC
CC(C)CC(CC)NCC
CC(C)CC(CN)CCC
CC(C)CC(N)(C)CCC
CC(C)CC(N)C(C)CC
CC(C)CC(N)CC(C)C
CC(C)CC(N)CCCC
CC(C)CC(NC)CCC
CC(C)CCC(C)NCC
CC(C)CCC(N)(C)CC
CC(C)CCC(N)CCC
CC(C)CCCC(N)CC
CC(C)CCCCNCC
CC(C)CCCN(C)CC
CC(C)CCCNCCC
CC(C)CCN(C)CCC
CC(C)CCN(CC)CC
CC(C)CCNC(C)CC
CC(C)CCNCCCC
CC(C)CN(C)C(C)CC
CC(C)CN(C)CC(C)C
CC(C)CN(C)CCCC
CC(C)CN(CC)CCC
CC(C)CNC(C)(C)CC
CC(C)CNC(C)CCC
CC(C)CNC(CC)CC
CC(C)CNCC(C)CC
CC(C)CNCCC(C)C
CC(C)CNCCCCC
CC(C)N(C(C)C)C(C)C
CC(C)N(C(C)C)CCC
CC(C)N(C)C(C)(C)CC
CC(C)N(C)C(C)C(C)C
CC(C)N(C)C(C)CCC
CC(C)N(C)C(CC)CC
CC(C)N(C)CC(C)CC
CC(C)N(C)CCC(C)C
CC(C)N(C)CCCCC
CC(C)N(CC)C(C)CC
CC(C)N(CC)CC(C)C
CC(C)N(CC)CCCC
CC(C)NC(C)(C)C(C)C
CC(C)NC(C)(C)CCC
CC(C)NC(C)C(C)CC
CC(C)NC(C)CC(C)C
CC(C)NC(C)CCCC
CC(C)NC(CC)(C)CC
CC(C)NC(CC)C(C)C
CC(C)NC(CC)CCC
CC(C)NCC(C)(C)CC
CC(C)NCC(C)C(C)C
CC(C)NCC(C)CCC
CC(C)NCC(CC)CC
CC(C)NCCC(C)CC
CC(C)NCCCC(C)C
CC(C)NCCCCCC
CCC(C)(C)C(N)CCC
CCC(C)(C)CC(N)CC
CCC(C)(C)CNCCC
CCC(C)(C)N(C)CCC
CCC(C)(C)NC(C)CC
CCC(C)(C)NCCCC
CCC(C)C(C)NCCC
CCC(C)C(CN)CCC
CCC(C)C(N)(C)CCC
CCC(C)C(N)C(C)CC
CCC(C)C(N)CCCC
CCC(C)C(NC)CCC
CCC(C)CC(N)CCC
CCC(C)CCNCCC
CCC(C)CN(C)CCC
CCC(C)CNCCCC
CCC(C)N(C)C(C)CC
CCC(C)N(C)CCCC
CCC(C)N(CC)CCC
CCC(C)NC(C)CCC
CCC(C)NCC(C)CC
CCC(C)NCCCCC
CCC(CC)(C)C(N)CC
CCC(CC)(C)NCCC
CCC(CC)(N)C(C)CC
CCC(CC)(N)CCCC
CCC(CC)C(N)CCC
CCC(CC)CC(N)CC
CCC(CC)CNCCC
CCC(CC)N(C)CCC
CCC(CC)NC(C)CC
CCC(CC)NCCCC
CCC(N)(C)C(C)(C)CC
CCC(N)(C)C(C)CCC
CCC(N)(C)C(CC)CC
CCC(N)(C)CC(C)CC
CCC(N)(C)CCCCC
CCC(N)C(C)(C)CCC
CCC(N)C(C)C(C)CC
CCC(N)C(C)CCCC
CCC(N)C(CC)CCC
CCC(N)CC(C)CCC
CCC(N)CCC(C)CC
CCC(N)CCCCCC
CCCC(C(C)N)CCC
CCCC(C)NCCCC
CCCC(CC)(N)CCC
CCCC(CN)(C)CCC
CCCC(CN)CCCC
CCCC(N(C)C)CCC
CCCC(N)(C)CCCC
CCCC(N)C(C)CCC
CCCC(N)CCCCC
CCCC(NC)(C)CCC
CCCC(NC)CCCC
CCCCC(N)CCCC
CCCCN(C)CCCC
CCCCNCCCCC
CCCN(C(C)C)CCC
CCCN(C)C(C)CCC
CCCN(C)CCCCC
CCCN(CC)CCCC
CCCN(CCC)CCC
CCCNC(C)(C)CCC
CCCNC(C)CCCC
CCCNC(CC)CCC
CCCNCC(C)CCC
CCCNCCCCCC
CCN(C)C(C)(C)CCC
CCN(C)C(C)C(C)CC
CCN(C)C(C)CCCC
CCN(C)C(CC)(C)CC
CCN(C)C(CC)CCC
CCN(C)CC(C)(C)CC
CCN(C)CC(C)CCC
CCN(C)CC(CC)CC
CCN(C)CCC(C)CC
CCN(C)CCCCCC
CCN(CC)C(C)(C)CC
CCN(CC)C(C)CCC
CCN(CC)C(CC)CC
CCN(CC)CC(C)CC
CCN(CC)CCCCC
CCNC(C(C)C)CCC
CCNC(C)(C)C(C)CC
CCNC(C)(C)CCCC
CCNC(C)C(C)(C)CC
CCNC(C)C(C)CCC
CCNC(C)C(CC)CC
CCNC(C)CC(C)CC
CCNC(C)CCCCC
CCNC(CC)(C)CCC
CCNC(CC)(CC)CC
CCNC(CC)C(C)CC
CCNC(CC)CCCC
CCNC(CCC)CCC
CCNCC(C)(C)CCC
CCNCC(C)C(C)CC
CCNCC(C)CCCC
CCNCC(CC)(C)CC
CCNCC(CC)CCC
CCNCCC(C)(C)CC
CCNCCC(C)CCC
CCNCCC(CC)CC
CCNCCCC(C)CC
CCNCCCCCCC
CN(C)C(C(C)C)C(C)C
CN(C)C(C(C)C)CCC
CN(C)C(C)(C)C(C)(C)C
CN(C)C(C)(C)C(C)CC
CN(C)C(C)(C)CC(C)C
CN(C)C(C)(C)CCCC
CN(C)C(C)C(C)(C)CC
CN(C)C(C)C(C)C(C)C
CN(C)C(C)C(C)CCC
CN(C)C(C)C(CC)CC
CN(C)C(C)CC(C)(C)C
CN(C)C(C)CC(C)CC
CN(C)C(C)CCC(C)C
CN(C)C(C)CCCCC
CN(C)C(CC)(C)C(C)C
CN(C)C(CC)(C)CCC
CN(C)C(CC)(CC)CC
CN(C)C(CC)C(C)(C)C
CN(C)C(CC)C(C)CC
CN(C)C(CC)CC(C)C
CN(C)C(CC)CCCC
CN(C)CC(C)(C)C(C)C
CN(C)CC(C)(C)CCC
CN(C)CC(C)C(C)(C)C
CN(C)CC(C)C(C)CC
CN(C)CC(C)CC(C)C
CN(C)CC(C)CCCC
CN(C)CC(CC)(C)CC
CN(C)CC(CC)C(C)C
CN(C)CC(CC)CCC
CN(C)CCC(C)(C)CC
CN(C)CCC(C)C(C)C
CN(C)CCC(C)CCC
CN(C)CCC(CC)CC
CN(C)CCCC(C)(C)C
CN(C)CCCC(C)CC
CN(C)CCCCC(C)C
CN(C)CCCCCCC
CNC(C(C)(C)C)CCC
CNC(C(C)C)(C)C(C)C
CNC(C(C)C)(C)CCC
CNC(C(C)C)C(C)(C)C
CNC(C(C)C)C(C)CC
CNC(C(C)C)CC(C)C
CNC(C(C)C)CCCC
CNC(C)(C)C(C)(C)CC
CNC(C)(C)C(C)C(C)C
CNC(C)(C)C(C)CCC
CNC(C)(C)C(CC)CC
CNC(C)(C)CC(C)(C)C
CNC(C)(C)CC(C)CC
CNC(C)(C)CCC(C)C
CNC(C)(C)CCCCC
CNC(C)C(C)(C)C(C)C
CNC(C)C(C)(C)CCC
CNC(C)C(C)C(C)(C)C
CNC(C)C(C)C(C)CC
CNC(C)C(C)CC(C)C
CNC(C)C(C)CCCC
CNC(C)C(CC)(C)CC
CNC(C)C(CC)C(C)C
CNC(C)C(CC)CCC
CNC(C)CC(C)(C)CC
CNC(C)CC(C)C(C)C
CNC(C)CC(C)CCC
CNC(C)CC(CC)CC
CNC(C)CCC(C)(C)C
CNC(C)CCC(C)CC
CNC(C)CCCC(C)C
CNC(C)CCCCCC
CNC(CC)(C)C(C)(C)C
CNC(CC)(C)C(C)CC
CNC(CC)(C)CC(C)C
CNC(CC)(C)CCCC
CNC(CC)(CC)C(C)C
CNC(CC)(CC)CCC
CNC(CC)C(C)(C)CC
CNC(CC)C(C)C(C)C
CNC(CC)C(C)CCC
CNC(CC)C(CC)CC
CNC(CC)CC(C)(C)C
CNC(CC)CC(C)CC
CNC(CC)CCC(C)C
CNC(CC)CCCCC
CNCC(C(C)C)C(C)C
CNCC(C(C)C)CCC
CNCC(C)(C)C(C)(C)C
CNCC(C)(C)C(C)CC
CNCC(C)(C)CC(C)C
CNCC(C)(C)CCCC
CNCC(C)C(C)(C)CC
CNCC(C)C(C)C(C)C
CNCC(C)C(C)CCC
CNCC(C)C(CC)CC
CNCC(C)CC(C)(C)C
CNCC(C)CC(C)CC
CNCC(C)CCC(C)C
CNCC(C)CCCCC
CNCC(CC)(C)C(C)C
CNCC(CC)(C)CCC
CNCC(CC)(CC)CC
CNCC(CC)C(C)(C)C
CNCC(CC)C(C)CC
CNCC(CC)CC(C)C
CNCC(CC)CCCC
CNCC(CCC)CCC
CNCCC(C)(C)C(C)C
CNCCC(C)(C)CCC
CNCCC(C)C(C)(C)C
CNCCC(C)C(C)CC
CNCCC(C)CC(C)C
CNCCC(C)CCCC
CNCCC(CC)(C)CC
CNCCC(CC)C(C)C
CNCCC(CC)CCC
CNCCCC(C)(C)CC
CNCCCC(C)C(C)C
CNCCCC(C)CCC
CNCCCC(CC)CC
CNCCCCC(C)(C)C
CNCCCCC(C)CC
CNCCCCCC(C)C
CNCCCCCCCC
NC(C)(C)C(C)(C)C(C)C
NC(C)(C)C(C)(C)CCC
NC(C)(C)C(C)C(C)(C)C
NC(C)(C)C(C)C(C)CC
NC(C)(C)C(C)CC(C)C
NC(C)(C)C(C)CCCC
NC(C)(C)C(CC)(C)CC
NC(C)(C)C(CC)C(C)C
NC(C)(C)C(CC)CCC
NC(C)(C)CC(C)(C)CC
NC(C)(C)CC(C)C(C)C
NC(C)(C)CC(C)CCC
NC(C)(C)CC(CC)CC
NC(C)(C)CCC(C)(C)C
NC(C)(C)CCC(C)CC
NC(C)(C)CCCC(C)C
NC(C)(C)CCCCCC
NC(C)C(C(C)C)C(C)C
NC(C)C(C(C)C)CCC
NC(C)C(C)(C)C(C)(C)C
NC(C)C(C)(C)C(C)CC
NC(C)C(C)(C)CC(C)C
NC(C)C(C)(C)CCCC
NC(C)C(C)C(C)(C)CC
NC(C)C(C)C(C)C(C)C
NC(C)C(C)C(C)CCC
NC(C)C(C)C(CC)CC
NC(C)C(C)CC(C)(C)C
NC(C)C(C)CC(C)CC
NC(C)C(C)CCC(C)C
NC(C)C(C)CCCCC
NC(C)C(CC)(C)C(C)C
NC(C)C(CC)(C)CCC
NC(C)C(CC)(CC)CC
NC(C)C(CC)C(C)(C)C
NC(C)C(CC)C(C)CC
NC(C)C(CC)CC(C)C
NC(C)C(CC)CCCC
NC(C)CC(C)(C)C(C)C
NC(C)CC(C)(C)CCC
NC(C)CC(C)C(C)(C)C
NC(C)CC(C)C(C)CC
NC(C)CC(C)CC(C)C
NC(C)CC(C)CCCC
NC(C)CC(CC)(C)CC
NC(C)CC(CC)C(C)C
NC(C)CC(CC)CCC
NC(C)CCC(C)(C)CC
NC(C)CCC(C)C(C)C
NC(C)CCC(C)CCC
NC(C)CCC(CC)CC
NC(C)CCCC(C)(C)C
NC(C)CCCC(C)CC
NC(C)CCCCC(C)C
NC(C)CCCCCCC
NCC(C(C)(C)C)CCC
NCC(C(C)C)(C)C(C)C
NCC(C(C)C)(C)CCC
NCC(C(C)C)C(C)(C)C
NCC(C(C)C)C(C)CC
NCC(C(C)C)CC(C)C
NCC(C(C)C)CCCC
NCC(C)(C)C(C)(C)CC
NCC(C)(C)C(C)C(C)C
NCC(C)(C)C(C)CCC
NCC(C)(C)C(CC)CC
NCC(C)(C)CC(C)(C)C
NCC(C)(C)CC(C)CC
NCC(C)(C)CCC(C)C
NCC(C)(C)CCCCC
NCC(C)C(C)(C)C(C)C
NCC(C)C(C)(C)CCC
NCC(C)C(C)C(C)(C)C
NCC(C)C(C)C(C)CC
NCC(C)C(C)CC(C)C
NCC(C)C(C)CCCC
NCC(C)C(CC)(C)CC
NCC(C)C(CC)C(C)C
NCC(C)C(CC)CCC
NCC(C)CC(C)(C)CC
NCC(C)CC(C)C(C)C
NCC(C)CC(C)CCC
NCC(C)CC(CC)CC
NCC(C)CCC(C)(C)C
NCC(C)CCC(C)CC
NCC(C)CCCC(C)C
NCC(C)CCCCCC
NCC(CC)(C)C(C)(C)C
NCC(CC)(C)C(C)CC
NCC(CC)(C)CC(C)C
NCC(CC)(C)CCCC
NCC(CC)(CC)C(C)C
NCC(CC)(CC)CCC
NCC(CC)C(C)(C)CC
NCC(CC)C(C)C(C)C
NCC(CC)C(C)CCC
NCC(CC)C(CC)CC
NCC(CC)CC(C)(C)C
NCC(CC)CC(C)CC
NCC(CC)CCC(C)C
NCC(CC)CCCCC
NCCC(C(C)C)C(C)C
NCCC(C(C)C)CCC
NCCC(C)(C)C(C)(C)C
NCCC(C)(C)C(C)CC
NCCC(C)(C)CC(C)C
NCCC(C)(C)CCCC
NCCC(C)C(C)(C)CC
NCCC(C)C(C)C(C)C
NCCC(C)C(C)CCC
NCCC(C)C(CC)CC
NCCC(C)CC(C)(C)C
NCCC(C)CC(C)CC
NCCC(C)CCC(C)C
NCCC(C)CCCCC
NCCC(CC)(C)C(C)C
NCCC(CC)(C)CCC
NCCC(CC)(CC)CC
NCCC(CC)C(C)(C)C
NCCC(CC)C(C)CC
NCCC(CC)CC(C)C
NCCC(CC)CCCC
NCCC(CCC)CCC
NCCCC(C)(C)C(C)C
NCCCC(C)(C)CCC
NCCCC(C)C(C)(C)C
NCCCC(C)C(C)CC
NCCCC(C)CC(C)C
NCCCC(C)CCCC
NCCCC(CC)(C)CC
NCCCC(CC)C(C)C
NCCCC(CC)CCC
NCCCCC(C)(C)CC
NCCCCC(C)C(C)C
NCCCCC(C)CCC
NCCCCC(CC)CC
NCCCCCC(C)(C)C
NCCCCCC(C)CC
NCCCCCCC(C)C
NCCCCCCCCC
