CC(C)(C)C(C)(C)OCC
CC(C)(C)C(C)C(O)CC
CC(C)(C)C(C)COCC
CC(C)(C)C(C)OC(C)C
CC(C)(C)C(C)OCCC
CC(C)(C)C(CC)(O)CC
CC(C)(C)C(CC)OCC
CC(C)(C)C(O)(C)C(C)C
CC(C)(C)C(O)(C)CCC
CC(C)(C)C(O)C(C)(C)C
CC(C)(C)C(O)C(C)CC
CC(C)(C)C(O)CC(C)C
CC(C)(C)C(O)CCCC
CC(C)(C)CC(C)OCC
CC(C)(C)CC(O)(C)CC
CC(C)(C)CC(O)C(C)C
CC(C)(C)CC(O)CCC
CC(C)(C)CCC(O)CC
CC(C)(C)CCCOCC
CC(C)(C)CCOC(C)C
CC(C)(C)CCOCCC
CC(C)(C)COC(C)CC
CC(C)(C)COCC(C)C
CC(C)(C)COCCCC
CC(C)(C)OC(C)(C)CC
CC(C)(C)OC(C)C(C)C
CC(C)(C)OC(C)CCC
CC(C)(C)OC(CC)CC
CC(C)(C)OCC(C)(C)C
CC(C)(C)OCC(C)CC
CC(C)(C)OCCC(C)C
CC(C)(C)OCCCCC
CC(C)C(C(C)C)OCC
CC(C)C(C)(C)C(O)CC
CC(C)C(C)(C)COCC
CC(C)C(C)(C)OCCC
CC(C)C(C)C(C)OCC
CC(C)C(C)C(O)(C)CC
CC(C)C(C)C(O)CCC
CC(C)C(C)CC(O)CC
CC(C)C(C)CCOCC
CC(C)C(C)COCCC
CC(C)C(C)OC(C)CC
CC(C)C(C)OCC(C)C
CC(C)C(C)OCCCC
CC(C)C(CC)(C)OCC
CC(C)C(CC)(O)C(C)C
CC(C)C(CC)(O)CCC
CC(C)C(CC)C(O)CC
CC(C)C(CC)COCC
CC(C)C(CC)OCCC
CC(C)C(O)(C)C(C)CC
CC(C)C(O)(C)CC(C)C
CC(C)C(O)(C)CCCC
CC(C)C(O)C(C)(C)CC
CC(C)C(O)C(C)C(C)C
CC(C)C(O)C(C)CCC
CC(C)C(O)C(CC)CC
CC(C)C(O)CC(C)CC
CC(C)C(O)CCC(C)C
CC(C)C(O)CCCCC
CC(C)CC(C)(C)OCC
CC(C)CC(C)C(O)CC
CC(C)CC(C)COCC
CC(C)CC(C)OCCC
CC(C)CC(CC)(O)CC
CC(C)CC(CC)OCC
CC(C)CC(CO)CCC
CC(C)CC(O)(C)CCC
CC(C)CC(O)C(C)CC
CC(C)CC(O)CC(C)C
CC(C)CC(O)CCCC
CC(C)CC(OC)CCC
CC(C)CCC(C)OCC
CC(C)CCC(O)(C)CC
CC(C)CCC(O)CCC
CC(C)CCCC(O)CC
CC(C)CCCCOCC
CC(C)CCCOCCC
CC(C)CCOC(C)CC
CC(C)CCOCCCC
CC(C)COC(C)(C)CC
CC(C)COC(C)CCC
CC(C)COC(CC)CC
CC(C)COCC(C)CC
CC(C)COCCC(C)C
CC(C)COCCCCC
CC(C)OC(C)(C)C(C)C
CC(C)OC(C)(C)CCC
CC(C)OC(C)C(C)CC
CC(C)OC(C)CC(C)C
CC(C)OC(C)CCCC
CC(C)OC(CC)(C)CC
CC(C)OC(CC)C(C)C
CC(C)OC(CC)CCC
CC(C)OCC(C)(C)CC
CC(C)OCC(C)C(C)C
CC(C)OCC(C)CCC
CC(C)OCC(CC)CC
CC(C)OCCC(C)CC
CC(C)OCCCC(C)C
CC(C)OCCCCCC
CCC(C)(C)C(O)CCC
CCC(C)(C)CC(O)CC
CCC(C)(C)COCCC
CCC(C)(C)OC(C)CC
CCC(C)(C)OCCCC
CCC(C)C(C)OCCC
CCC(C)C(CO)CCC
CCC(C)C(O)(C)CCC
CCC(C)C(O)C(C)CC
CCC(C)C(O)CCCC
CCC(C)C(OC)CCC
CCC(C)CC(O)CCC
CCC(C)CCOCCC
CCC(C)COCCCC
CCC(C)OC(C)CCC
CCC(C)OCC(C)CC
CCC(C)OCCCCC
CCC(CC)(C)C(O)CC
CCC(CC)(C)OCCC
CCC(CC)(O)C(C)CC
CCC(CC)(O)CCCC
CCC(CC)C(O)CCC
CCC(CC)CC(O)CC
CCC(CC)COCCC
CCC(CC)OC(C)CC
CCC(CC)OCCCC
CCC(O)(C)C(C)(C)CC
CCC(O)(C)C(C)CCC
CCC(O)(C)C(CC)CC
CCC(O)(C)CC(C)CC
CCC(O)(C)CCCCC
CCC(O)C(C)(C)CCC
CCC(O)C(C)C(C)CC
CCC(O)C(C)CCCC
CCC(O)C(CC)CCC
CCC(O)CC(C)CCC
CCC(O)CCC(C)CC
CCC(O)CCCCCC
CCCC(C(C)O)CCC
CCCC(C)OCCCC
CCCC(CC)(O)CCC
CCCC(CO)(C)CCC
CCCC(CO)CCCC
CCCC(O)(C)CCCC
CCCC(O)C(C)CCC
CCCC(O)CCCCC
CCCC(OC)(C)CCC
CCCC(OC)CCCC
CCCCC(O)CCCC
CCCCOCCCCC
CCCOC(C)(C)CCC
CCCOC(C)CCCC
CCCOC(CC)CCC
CCCOCC(C)CCC
CCCOCCCCCC
CCOC(C(C)C)CCC
CCOC(C)(C)C(C)CC
CCOC(C)(C)CCCC
CCOC(C)C(C)(C)CC
CCOC(C)C(C)CCC
CCOC(C)C(CC)CC
CCOC(C)CC(C)CC
CCOC(C)CCCCC
CCOC(CC)(C)CCC
CCOC(CC)(CC)CC
CCOC(CC)C(C)CC
CCOC(CC)CCCC
CCOC(CCC)CCC
CCOCC(C)(C)CCC
CCOCC(C)C(C)CC
CCOCC(C)CCCC
CCOCC(CC)(C)CC
CCOCC(CC)CCC
CCOCCC(C)(C)CC
CCOCCC(C)CCC
CCOCCC(CC)CC
CCOCCCC(C)CC
CCOCCCCCCC
COC(C(C)(C)C)CCC
COC(C(C)C)(C)C(C)C
COC(C(C)C)(C)CCC
COC(C(C)C)C(C)(C)C
COC(C(C)C)C(C)CC
COC(C(C)C)CC(C)C
COC(C(C)C)CCCC
COC(C)(C)C(C)(C)CC
COC(C)(C)C(C)C(C)C
COC(C)(C)C(C)CCC
COC(C)(C)C(CC)CC
COC(C)(C)CC(C)(C)C
COC(C)(C)CC(C)CC
COC(C)(C)CCC(C)C
COC(C)(C)CCCCC
COC(C)C(C)(C)C(C)C
COC(C)C(C)(C)CCC
COC(C)C(C)C(C)(C)C
COC(C)C(C)C(C)CC
COC(C)C(C)CC(C)C
COC(C)C(C)CCCC
COC(C)C(CC)(C)CC
COC(C)C(CC)C(C)C
COC(C)C(CC)CCC
COC(C)CC(C)(C)CC
COC(C)CC(C)C(C)C
COC(C)CC(C)CCC
COC(C)CC(CC)CC
COC(C)CCC(C)(C)C
COC(C)CCC(C)CC
COC(C)CCCC(C)C
COC(C)CCCCCC
COC(CC)(C)C(C)(C)C
COC(CC)(C)C(C)CC
COC(CC)(C)CC(C)C
COC(CC)(C)CCCC
COC(CC)(CC)C(C)C
COC(CC)(CC)CCC
COC(CC)C(C)(C)CC
COC(CC)C(C)C(C)C
COC(CC)C(C)CCC
COC(CC)C(CC)CC
COC(CC)CC(C)(C)C
COC(CC)CC(C)CC
COC(CC)CCC(C)C
COC(CC)CCCCC
COCC(C(C)C)C(C)C
COCC(C(C)C)CCC
COCC(C)(C)C(C)(C)C
COCC(C)(C)C(C)CC
COCC(C)(C)CC(C)C
COCC(C)(C)CCCC
COCC(C)C(C)(C)CC
COCC(C)C(C)C(C)C
COCC(C)C(C)CCC
COCC(C)C(CC)CC
COCC(C)CC(C)(C)C
COCC(C)CC(C)CC
COCC(C)CCC(C)C
COCC(C)CCCCC
COCC(CC)(C)C(C)C
COCC(CC)(C)CCC
COCC(CC)(CC)CC
COCC(CC)C(C)(C)C
COCC(CC)C(C)CC
COCC(CC)CC(C)C
COCC(CC)CCCC
COCC(CCC)CCC
COCCC(C)(C)C(C)C
COCCC(C)(C)CCC
COCCC(C)C(C)(C)C
COCCC(C)C(C)CC
COCCC(C)CC(C)C
COCCC(C)CCCC
COCCC(CC)(C)CC
COCCC(CC)C(C)C
COCCC(CC)CCC
COCCCC(C)(C)CC
COCCCC(C)C(C)C
COCCCC(C)CCC
COCCCC(CC)CC
COCCCCC(C)(C)C
COCCCCC(C)CC
COCCCCCC(C)C
COCCCCCCCC
OC(C)(C)C(C)(C)C(C)C
OC(C)(C)C(C)(C)CCC
OC(C)(C)C(C)C(C)(C)C
OC(C)(C)C(C)C(C)CC
OC(C)(C)C(C)CC(C)C
OC(C)(C)C(C)CCCC
OC(C)(C)C(CC)(C)CC
OC(C)(C)C(CC)C(C)C
OC(C)(C)C(CC)CCC
OC(C)(C)CC(C)(C)CC
OC(C)(C)CC(C)C(C)C
OC(C)(C)CC(C)CCC
OC(C)(C)CC(CC)CC
OC(C)(C)CCC(C)(C)C
OC(C)(C)CCC(C)CC
OC(C)(C)CCCC(C)C
OC(C)(C)CCCCCC
OC(C)C(C(C)C)C(C)C
OC(C)C(C(C)C)CCC
OC(C)C(C)(C)C(C)(C)C
OC(C)C(C)(C)C(C)CC
OC(C)C(C)(C)CC(C)C
OC(C)C(C)(C)CCCC
OC(C)C(C)C(C)(C)CC
OC(C)C(C)C(C)C(C)C
OC(C)C(C)C(C)CCC
OC(C)C(C)C(CC)CC
OC(C)C(C)CC(C)(C)C
OC(C)C(C)CC(C)CC
OC(C)C(C)CCC(C)C
OC(C)C(C)CCCCC
OC(C)C(CC)(C)C(C)C
OC(C)C(CC)(C)CCC
OC(C)C(CC)(CC)CC
OC(C)C(CC)C(C)(C)C
OC(C)C(CC)C(C)CC
OC(C)C(CC)CC(C)C
OC(C)C(CC)CCCC
OC(C)CC(C)(C)C(C)C
OC(C)CC(C)(C)CCC
OC(C)CC(C)C(C)(C)C
OC(C)CC(C)C(C)CC
OC(C)CC(C)CC(C)C
OC(C)CC(C)CCCC
OC(C)CC(CC)(C)CC
OC(C)CC(CC)C(C)C
OC(C)CC(CC)CCC
OC(C)CCC(C)(C)CC
OC(C)CCC(C)C(C)C
OC(C)CCC(C)CCC
OC(C)CCC(CC)CC
OC(C)CCCC(C)(C)C
OC(C)CCCC(C)CC
OC(C)CCCCC(C)C
OC(C)CCCCCCC
OCC(C(C)(C)C)CCC
OCC(C(C)C)(C)C(C)C
OCC(C(C)C)(C)CCC
OCC(C(C)C)C(C)(C)C
OCC(C(C)C)C(C)CC
OCC(C(C)C)CC(C)C
OCC(C(C)C)CCCC
OCC(C)(C)C(C)(C)CC
OCC(C)(C)C(C)C(C)C
OCC(C)(C)C(C)CCC
OCC(C)(C)C(CC)CC
OCC(C)(C)CC(C)(C)C
OCC(C)(C)CC(C)CC
OCC(C)(C)CCC(C)C
OCC(C)(C)CCCCC
OCC(C)C(C)(C)C(C)C
OCC(C)C(C)(C)CCC
OCC(C)C(C)C(C)(C)C
OCC(C)C(C)C(C)CC
OCC(C)C(C)CC(C)C
OCC(C)C(C)CCCC
OCC(C)C(CC)(C)CC
OCC(C)C(CC)C(C)C
OCC(C)C(CC)CCC
OCC(C)CC(C)(C)CC
OCC(C)CC(C)C(C)C
OCC(C)CC(C)CCC
OCC(C)CC(CC)CC
OCC(C)CCC(C)(C)C
OCC(C)CCC(C)CC
OCC(C)CCCC(C)C
OCC(C)CCCCCC
OCC(CC)(C)C(C)(C)C
OCC(CC)(C)C(C)CC
OCC(CC)(C)CC(C)C
OCC(CC)(C)CCCC
OCC(CC)(CC)C(C)C
OCC(CC)(CC)CCC
OCC(CC)C(C)(C)CC
OCC(CC)C(C)C(C)C
OCC(CC)C(C)CCC
OCC(CC)C(CC)CC
OCC(CC)CC(C)(C)C
OCC(CC)CC(C)CC
OCC(CC)CCC(C)C
OCC(CC)CCCCC
OCCC(C(C)C)C(C)C
OCCC(C(C)C)CCC
OCCC(C)(C)C(C)(C)C
OCCC(C)(C)C(C)CC
OCCC(C)(C)CC(C)C
OCCC(C)(C)CCCC
OCCC(C)C(C)(C)CC
OCCC(C)C(C)C(C)C
OCCC(C)C(C)CCC
OCCC(C)C(CC)CC
OCCC(C)CC(C)(C)C
OCCC(C)CC(C)CC
OCCC(C)CCC(C)C
OCCC(C)CCCCC
OCCC(CC)(C)C(C)C
OCCC(CC)(C)CCC
OCCC(CC)(CC)CC
OCCC(CC)C(C)(C)C
OCCC(CC)C(C)CC
OCCC(CC)CC(C)C
OCCC(CC)CCCC
OCCC(CCC)CCC
OCCCC(C)(C)C(C)C
OCCCC(C)(C)CCC
OCCCC(C)C(C)(C)C
OCCCC(C)C(C)CC
OCCCC(C)CC(C)C
OCCCC(C)CCCC
OCCCC(CC)(C)CC
OCCCC(CC)C(C)C
OCCCC(CC)CCC
OCCCCC(C)(C)CC
OCCCCC(C)C(C)C
OCCCCC(C)CCC
OCCCCC(CC)CC
OCCCCCC(C)(C)C
OCCCCCC(C)CC
OCCCCCCC(C)C
OCCCCCCCCC
