CC(C)(C)C(C)(C)SiCC
CC(C)(C)C(C)C(Si)CC
CC(C)(C)C(C)CSiCC
CC(C)(C)C(C)Si(C)CC
CC(C)(C)C(C)SiC(C)C
CC(C)(C)C(C)SiCCC
CC(C)(C)C(CC)(Si)CC
CC(C)(C)C(CC)SiCC
CC(C)(C)C(Si)(C)C(C)C
CC(C)(C)C(Si)(C)CCC
CC(C)(C)C(Si)C(C)(C)C
CC(C)(C)C(Si)C(C)CC
CC(C)(C)C(Si)CC(C)C
CC(C)(C)C(Si)CCCC
CC(C)(C)CC(C)SiCC
CC(C)(C)CC(Si)(C)CC
CC(C)(C)CC(Si)C(C)C
CC(C)(C)CC(Si)CCC
CC(C)(C)CCC(Si)CC
CC(C)(C)CCCSiCC
CC(C)(C)CCSi(C)CC
CC(C)(C)CCSiC(C)C
CC(C)(C)CCSiCCC
CC(C)(C)CSi(C)(C)CC
CC(C)(C)CSi(C)C(C)C
CC(C)(C)CSi(C)CCC
CC(C)(C)CSi(CC)CC
CC(C)(C)CSiC(C)CC
CC(C)(C)CSiCC(C)C
CC(C)(C)CSiCCCC
CC(C)(C)Si(C)(C)C(C)C
CC(C)(C)Si(C)(C)CCC
CC(C)(C)Si(C)C(C)(C)C
CC(C)(C)Si(C)C(C)CC
CC(C)(C)Si(C)CC(C)C
CC(C)(C)Si(C)CCCC
CC(C)(C)Si(CC)(C)CC
CC(C)(C)Si(CC)C(C)C
CC(C)(C)Si(CC)CCC
CC(C)(C)SiC(C)(C)CC
CC(C)(C)SiC(C)C(C)C
CC(C)(C)SiC(C)CCC
CC(C)(C)SiC(CC)CC
CC(C)(C)SiCC(C)(C)C
CC(C)(C)SiCC(C)CC
CC(C)(C)SiCCC(C)C
CC(C)(C)SiCCCCC
CC(C)C(C(C)C)SiCC
CC(C)C(C)(C)C(Si)CC
CC(C)C(C)(C)CSiCC
CC(C)C(C)(C)Si(C)CC
CC(C)C(C)(C)SiCCC
CC(C)C(C)C(C)SiCC
CC(C)C(C)C(Si)(C)CC
CC(C)C(C)C(Si)CCC
CC(C)C(C)CC(Si)CC
CC(C)C(C)CCSiCC
CC(C)C(C)CSi(C)CC
CC(C)C(C)CSiCCC
CC(C)C(C)Si(C)(C)CC
CC(C)C(C)Si(C)CCC
CC(C)C(C)Si(CC)CC
CC(C)C(C)SiC(C)CC
CC(C)C(C)SiCC(C)C
CC(C)C(C)SiCCCC
CC(C)C(CC)(C)SiCC
CC(C)C(CC)(Si)C(C)C
CC(C)C(CC)(Si)CCC
CC(C)C(CC)C(Si)CC
CC(C)C(CC)CSiCC
CC(C)C(CC)Si(C)CC
CC(C)C(CC)SiCCC
CC(C)C(Si)(C)C(C)CC
CC(C)C(Si)(C)CC(C)C
CC(C)C(Si)(C)CCCC
CC(C)C(Si)C(C)(C)CC
CC(C)C(Si)C(C)C(C)C
CC(C)C(Si)C(C)CCC
CC(C)C(Si)C(CC)CC
CC(C)C(Si)CC(C)CC
CC(C)C(Si)CCC(C)C
CC(C)C(Si)CCCCC
CC(C)CC(C)(C)SiCC
CC(C)CC(C)C(Si)CC
CC(C)CC(C)CSiCC
CC(C)CC(C)Si(C)CC
CC(C)CC(C)SiCCC
CC(C)CC(CC)(Si)CC
CC(C)CC(CC)SiCC
CC(C)CC(CSi)CCC
CC(C)CC(Si)(C)CCC
CC(C)CC(Si)C(C)CC
CC(C)CC(Si)CC(C)C
CC(C)CC(Si)CCCC
CC(C)CC(SiC)CCC
CC(C)CCC(C)SiCC
CC(C)CCC(Si)(C)CC
CC(C)CCC(Si)CCC
CC(C)CCCC(Si)CC
CC(C)CCCCSiCC
CC(C)CCCSi(C)CC
CC(C)CCCSiCCC
CC(C)CCSi(C)(C)CC
CC(C)CCSi(C)CCC
CC(C)CCSi(CC)CC
CC(C)CCSiC(C)CC
CC(C)CCSiCCCC
CC(C)CSi(C)(C)CCC
CC(C)CSi(C)C(C)CC
CC(C)CSi(C)CC(C)C
CC(C)CSi(C)CCCC
CC(C)CSi(CC)(C)CC
CC(C)CSi(CC)CCC
CC(C)CSiC(C)(C)CC
CC(C)CSiC(C)CCC
CC(C)CSiC(CC)CC
CC(C)CSiCC(C)CC
CC(C)CSiCCC(C)C
CC(C)CSiCCCCC
CC(C)Si(C(C)C)C(C)C
CC(C)Si(C(C)C)CCC
CC(C)Si(C)(C)C(C)CC
CC(C)Si(C)(C)CC(C)C
CC(C)Si(C)(C)CCCC
CC(C)Si(C)C(C)(C)CC
CC(C)Si(C)C(C)C(C)C
CC(C)Si(C)C(C)CCC
CC(C)Si(C)C(CC)CC
CC(C)Si(C)CC(C)CC
CC(C)Si(C)CCC(C)C
CC(C)Si(C)CCCCC
CC(C)Si(CC)(C)C(C)C
CC(C)Si(CC)(C)CCC
CC(C)Si(CC)(CC)CC
CC(C)Si(CC)C(C)CC
CC(C)Si(CC)CC(C)C
CC(C)Si(CC)CCCC
CC(C)SiC(C)(C)C(C)C
CC(C)SiC(C)(C)CCC
CC(C)SiC(C)C(C)CC
CC(C)SiC(C)CC(C)C
CC(C)SiC(C)CCCC
CC(C)SiC(CC)(C)CC
CC(C)SiC(CC)C(C)C
CC(C)SiC(CC)CCC
CC(C)SiCC(C)(C)CC
CC(C)SiCC(C)C(C)C
CC(C)SiCC(C)CCC
CC(C)SiCC(CC)CC
CC(C)SiCCC(C)CC
CC(C)SiCCCC(C)C
CC(C)SiCCCCCC
CCC(C)(C)C(Si)CCC
CCC(C)(C)CC(Si)CC
CCC(C)(C)CSiCCC
CCC(C)(C)Si(C)CCC
CCC(C)(C)SiC(C)CC
CCC(C)(C)SiCCCC
CCC(C)C(C)SiCCC
CCC(C)C(CSi)CCC
CCC(C)C(Si)(C)CCC
CCC(C)C(Si)C(C)CC
CCC(C)C(Si)CCCC
CCC(C)C(SiC)CCC
CCC(C)CC(Si)CCC
CCC(C)CCSiCCC
CCC(C)CSi(C)CCC
CCC(C)CSiCCCC
CCC(C)Si(C)(C)CCC
CCC(C)Si(C)C(C)CC
CCC(C)Si(C)CCCC
CCC(C)Si(CC)CCC
CCC(C)SiC(C)CCC
CCC(C)SiCC(C)CC
CCC(C)SiCCCCC
CCC(CC)(C)C(Si)CC
CCC(CC)(C)SiCCC
CCC(CC)(Si)C(C)CC
CCC(CC)(Si)CCCC
CCC(CC)C(Si)CCC
CCC(CC)CC(Si)CC
CCC(CC)CSiCCC
CCC(CC)Si(C)CCC
CCC(CC)SiC(C)CC
CCC(CC)SiCCCC
CCC(Si)(C)C(C)(C)CC
CCC(Si)(C)C(C)CCC
CCC(Si)(C)C(CC)CC
CCC(Si)(C)CC(C)CC
CCC(Si)(C)CCCCC
CCC(Si)C(C)(C)CCC
CCC(Si)C(C)C(C)CC
CCC(Si)C(C)CCCC
CCC(Si)C(CC)CCC
CCC(Si)CC(C)CCC
CCC(Si)CCC(C)CC
CCC(Si)CCCCCC
CCCC(C(C)Si)CCC
CCCC(C)SiCCCC
CCCC(CC)(Si)CCC
CCCC(CSi)(C)CCC
CCCC(CSi)CCCC
CCCC(Si(C)C)CCC
CCCC(Si)(C)CCCC
CCCC(Si)C(C)CCC
CCCC(Si)CCCCC
CCCC(SiC)(C)CCC
CCCC(SiC)CCCC
CCCCC(Si)CCCC
CCCCSi(C)CCCC
CCCCSiCCCCC
CCCSi(C(C)C)CCC
CCCSi(C)(C)CCCC
CCCSi(C)C(C)CCC
CCCSi(C)CCCCC
CCCSi(CC)(C)CCC
CCCSi(CC)CCCC
CCCSi(CCC)CCC
CCCSiC(C)(C)CCC
CCCSiC(C)CCCC
CCCSiC(CC)CCC
CCCSiCC(C)CCC
CCCSiCCCCCC
CCSi(C)(C)C(C)(C)CC
CCSi(C)(C)C(C)CCC
CCSi(C)(C)C(CC)CC
CCSi(C)(C)CC(C)CC
CCSi(C)(C)CCCCC
CCSi(C)C(C)(C)CCC
CCSi(C)C(C)C(C)CC
CCSi(C)C(C)CCCC
CCSi(C)C(CC)(C)CC
CCSi(C)C(CC)CCC
CCSi(C)CC(C)(C)CC
CCSi(C)CC(C)CCC
CCSi(C)CC(CC)CC
CCSi(C)CCC(C)CC
CCSi(C)CCCCCC
CCSi(CC)(C)C(C)CC
CCSi(CC)(C)CCCC
CCSi(CC)(CC)CCC
CCSi(CC)C(C)(C)CC
CCSi(CC)C(C)CCC
CCSi(CC)C(CC)CC
CCSi(CC)CC(C)CC
CCSi(CC)CCCCC
CCSiC(C(C)C)CCC
CCSiC(C)(C)C(C)CC
CCSiC(C)(C)CCCC
CCSiC(C)C(C)(C)CC
CCSiC(C)C(C)CCC
CCSiC(C)C(CC)CC
CCSiC(C)CC(C)CC
CCSiC(C)CCCCC
CCSiC(CC)(C)CCC
CCSiC(CC)(CC)CC
CCSiC(CC)C(C)CC
CCSiC(CC)CCCC
CCSiC(CCC)CCC
CCSiCC(C)(C)CCC
CCSiCC(C)C(C)CC
CCSiCC(C)CCCC
CCSiCC(CC)(C)CC
CCSiCC(CC)CCC
CCSiCCC(C)(C)CC
CCSiCCC(C)CCC
CCSiCCC(CC)CC
CCSiCCCC(C)CC
CCSiCCCCCCC
CSi(C)(C)C(C)(C)C(C)C
CSi(C)(C)C(C)(C)CCC
CSi(C)(C)C(C)C(C)(C)C
CSi(C)(C)C(C)C(C)CC
CSi(C)(C)C(C)CC(C)C
CSi(C)(C)C(C)CCCC
CSi(C)(C)C(CC)(C)CC
CSi(C)(C)C(CC)C(C)C
CSi(C)(C)C(CC)CCC
CSi(C)(C)CC(C)(C)CC
CSi(C)(C)CC(C)C(C)C
CSi(C)(C)CC(C)CCC
CSi(C)(C)CC(CC)CC
CSi(C)(C)CCC(C)(C)C
CSi(C)(C)CCC(C)CC
CSi(C)(C)CCCC(C)C
CSi(C)(C)CCCCCC
CSi(C)C(C(C)C)C(C)C
CSi(C)C(C(C)C)CCC
CSi(C)C(C)(C)C(C)(C)C
CSi(C)C(C)(C)C(C)CC
CSi(C)C(C)(C)CC(C)C
CSi(C)C(C)(C)CCCC
CSi(C)C(C)C(C)(C)CC
CSi(C)C(C)C(C)C(C)C
CSi(C)C(C)C(C)CCC
CSi(C)C(C)C(CC)CC
CSi(C)C(C)CC(C)(C)C
CSi(C)C(C)CC(C)CC
CSi(C)C(C)CCC(C)C
CSi(C)C(C)CCCCC
CSi(C)C(CC)(C)C(C)C
CSi(C)C(CC)(C)CCC
CSi(C)C(CC)(CC)CC
CSi(C)C(CC)C(C)(C)C
CSi(C)C(CC)C(C)CC
CSi(C)C(CC)CC(C)C
CSi(C)C(CC)CCCC
CSi(C)CC(C)(C)C(C)C
CSi(C)CC(C)(C)CCC
CSi(C)CC(C)C(C)(C)C
CSi(C)CC(C)C(C)CC
CSi(C)CC(C)CC(C)C
CSi(C)CC(C)CCCC
CSi(C)CC(CC)(C)CC
CSi(C)CC(CC)C(C)C
CSi(C)CC(CC)CCC
CSi(C)CCC(C)(C)CC
CSi(C)CCC(C)C(C)C
CSi(C)CCC(C)CCC
CSi(C)CCC(CC)CC
CSi(C)CCCC(C)(C)C
CSi(C)CCCC(C)CC
CSi(C)CCCCC(C)C
CSi(C)CCCCCCC
CSiC(C(C)(C)C)CCC
CSiC(C(C)C)(C)C(C)C
CSiC(C(C)C)(C)CCC
CSiC(C(C)C)C(C)(C)C
CSiC(C(C)C)C(C)CC
CSiC(C(C)C)CC(C)C
CSiC(C(C)C)CCCC
CSiC(C)(C)C(C)(C)CC
CSiC(C)(C)C(C)C(C)C
CSiC(C)(C)C(C)CCC
CSiC(C)(C)C(CC)CC
CSiC(C)(C)CC(C)(C)C
CSiC(C)(C)CC(C)CC
CSiC(C)(C)CCC(C)C
CSiC(C)(C)CCCCC
CSiC(C)C(C)(C)C(C)C
CSiC(C)C(C)(C)CCC
CSiC(C)C(C)C(C)(C)C
CSiC(C)C(C)C(C)CC
CSiC(C)C(C)CC(C)C
CSiC(C)C(C)CCCC
CSiC(C)C(CC)(C)CC
CSiC(C)C(CC)C(C)C
CSiC(C)C(CC)CCC
CSiC(C)CC(C)(C)CC
CSiC(C)CC(C)C(C)C
CSiC(C)CC(C)CCC
CSiC(C)CC(CC)CC
CSiC(C)CCC(C)(C)C
CSiC(C)CCC(C)CC
CSiC(C)CCCC(C)C
CSiC(C)CCCCCC
CSiC(CC)(C)C(C)(C)C
CSiC(CC)(C)C(C)CC
CSiC(CC)(C)CC(C)C
CSiC(CC)(C)CCCC
CSiC(CC)(CC)C(C)C
CSiC(CC)(CC)CCC
CSiC(CC)C(C)(C)CC
CSiC(CC)C(C)C(C)C
CSiC(CC)C(C)CCC
CSiC(CC)C(CC)CC
CSiC(CC)CC(C)(C)C
CSiC(CC)CC(C)CC
CSiC(CC)CCC(C)C
CSiC(CC)CCCCC
CSiCC(C(C)C)C(C)C
CSiCC(C(C)C)CCC
CSiCC(C)(C)C(C)(C)C
CSiCC(C)(C)C(C)CC
CSiCC(C)(C)CC(C)C
CSiCC(C)(C)CCCC
CSiCC(C)C(C)(C)CC
CSiCC(C)C(C)C(C)C
CSiCC(C)C(C)CCC
CSiCC(C)C(CC)CC
CSiCC(C)CC(C)(C)C
CSiCC(C)CC(C)CC
CSiCC(C)CCC(C)C
CSiCC(C)CCCCC
CSiCC(CC)(C)C(C)C
CSiCC(CC)(C)CCC
CSiCC(CC)(CC)CC
CSiCC(CC)C(C)(C)C
CSiCC(CC)C(C)CC
CSiCC(CC)CC(C)C
CSiCC(CC)CCCC
CSiCC(CCC)CCC
CSiCCC(C)(C)C(C)C
CSiCCC(C)(C)CCC
CSiCCC(C)C(C)(C)C
CSiCCC(C)C(C)CC
CSiCCC(C)CC(C)C
CSiCCC(C)CCCC
CSiCCC(CC)(C)CC
CSiCCC(CC)C(C)C
CSiCCC(CC)CCC
CSiCCCC(C)(C)CC
CSiCCCC(C)C(C)C
CSiCCCC(C)CCC
CSiCCCC(CC)CC
CSiCCCCC(C)(C)C
CSiCCCCC(C)CC
CSiCCCCCC(C)C
CSiCCCCCCCC
SiC(C)(C)C(C)(C)C(C)C
SiC(C)(C)C(C)(C)CCC
SiC(C)(C)C(C)C(C)(C)C
SiC(C)(C)C(C)C(C)CC
SiC(C)(C)C(C)CC(C)C
SiC(C)(C)C(C)CCCC
SiC(C)(C)C(CC)(C)CC
SiC(C)(C)C(CC)C(C)C
SiC(C)(C)C(CC)CCC
SiC(C)(C)CC(C)(C)CC
SiC(C)(C)CC(C)C(C)C
SiC(C)(C)CC(C)CCC
SiC(C)(C)CC(CC)CC
SiC(C)(C)CCC(C)(C)C
SiC(C)(C)CCC(C)CC
SiC(C)(C)CCCC(C)C
SiC(C)(C)CCCCCC
SiC(C)C(C(C)C)C(C)C
SiC(C)C(C(C)C)CCC
SiC(C)C(C)(C)C(C)(C)C
SiC(C)C(C)(C)C(C)CC
SiC(C)C(C)(C)CC(C)C
SiC(C)C(C)(C)CCCC
SiC(C)C(C)C(C)(C)CC
SiC(C)C(C)C(C)C(C)C
SiC(C)C(C)C(C)CCC
SiC(C)C(C)C(CC)CC
SiC(C)C(C)CC(C)(C)C
SiC(C)C(C)CC(C)CC
SiC(C)C(C)CCC(C)C
SiC(C)C(C)CCCCC
SiC(C)C(CC)(C)C(C)C
SiC(C)C(CC)(C)CCC
SiC(C)C(CC)(CC)CC
SiC(C)C(CC)C(C)(C)C
SiC(C)C(CC)C(C)CC
SiC(C)C(CC)CC(C)C
SiC(C)C(CC)CCCC
SiC(C)CC(C)(C)C(C)C
SiC(C)CC(C)(C)CCC
SiC(C)CC(C)C(C)(C)C
SiC(C)CC(C)C(C)CC
SiC(C)CC(C)CC(C)C
SiC(C)CC(C)CCCC
SiC(C)CC(CC)(C)CC
SiC(C)CC(CC)C(C)C
SiC(C)CC(CC)CCC
SiC(C)CCC(C)(C)CC
SiC(C)CCC(C)C(C)C
SiC(C)CCC(C)CCC
SiC(C)CCC(CC)CC
SiC(C)CCCC(C)(C)C
SiC(C)CCCC(C)CC
SiC(C)CCCCC(C)C
SiC(C)CCCCCCC
SiCC(C(C)(C)C)CCC
SiCC(C(C)C)(C)C(C)C
SiCC(C(C)C)(C)CCC
SiCC(C(C)C)C(C)(C)C
SiCC(C(C)C)C(C)CC
SiCC(C(C)C)CC(C)C
SiCC(C(C)C)CCCC
SiCC(C)(C)C(C)(C)CC
SiCC(C)(C)C(C)C(C)C
SiCC(C)(C)C(C)CCC
SiCC(C)(C)C(CC)CC
SiCC(C)(C)CC(C)(C)C
SiCC(C)(C)CC(C)CC
SiCC(C)(C)CCC(C)C
SiCC(C)(C)CCCCC
SiCC(C)C(C)(C)C(C)C
SiCC(C)C(C)(C)CCC
SiCC(C)C(C)C(C)(C)C
SiCC(C)C(C)C(C)CC
SiCC(C)C(C)CC(C)C
SiCC(C)C(C)CCCC
SiCC(C)C(CC)(C)CC
SiCC(C)C(CC)C(C)C
SiCC(C)C(CC)CCC
SiCC(C)CC(C)(C)CC
SiCC(C)CC(C)C(C)C
SiCC(C)CC(C)CCC
SiCC(C)CC(CC)CC
SiCC(C)CCC(C)(C)C
SiCC(C)CCC(C)CC
SiCC(C)CCCC(C)C
SiCC(C)CCCCCC
SiCC(CC)(C)C(C)(C)C
SiCC(CC)(C)C(C)CC
SiCC(CC)(C)CC(C)C
SiCC(CC)(C)CCCC
SiCC(CC)(CC)C(C)C
SiCC(CC)(CC)CCC
SiCC(CC)C(C)(C)CC
SiCC(CC)C(C)C(C)C
SiCC(CC)C(C)CCC
SiCC(CC)C(CC)CC
SiCC(CC)CC(C)(C)C
SiCC(CC)CC(C)CC
SiCC(CC)CCC(C)C
SiCC(CC)CCCCC
SiCCC(C(C)C)C(C)C
SiCCC(C(C)C)CCC
SiCCC(C)(C)C(C)(C)C
SiCCC(C)(C)C(C)CC
SiCCC(C)(C)CC(C)C
SiCCC(C)(C)CCCC
SiCCC(C)C(C)(C)CC
SiCCC(C)C(C)C(C)C
SiCCC(C)C(C)CCC
SiCCC(C)C(CC)CC
SiCCC(C)CC(C)(C)C
SiCCC(C)CC(C)CC
SiCCC(C)CCC(C)C
SiCCC(C)CCCCC
SiCCC(CC)(C)C(C)C
SiCCC(CC)(C)CCC
SiCCC(CC)(CC)CC
SiCCC(CC)C(C)(C)C
SiCCC(CC)C(C)CC
SiCCC(CC)CC(C)C
SiCCC(CC)CCCC
SiCCC(CCC)CCC
SiCCCC(C)(C)C(C)C
SiCCCC(C)(C)CCC
SiCCCC(C)C(C)(C)C
SiCCCC(C)C(C)CC
SiCCCC(C)CC(C)C
SiCCCC(C)CCCC
SiCCCC(CC)(C)CC
SiCCCC(CC)C(C)C
SiCCCC(CC)CCC
SiCCCCC(C)(C)CC
SiCCCCC(C)C(C)C
SiCCCCC(C)CCC
SiCCCCC(CC)CC
SiCCCCCC(C)(C)C
SiCCCCCC(C)CC
SiCCCCCCC(C)C
SiCCCCCCCCC
