NN(N)N(N(N)N)N(N)N
NN(N)N(N(N)N)NNN
NN(N)N(N)N(N)N(N)N
NN(N)N(N)N(N)NNN
NN(N)N(N)N(NN)NN
NN(N)N(N)NN(N)NN
NN(N)N(N)NNN(N)N
NN(N)N(N)NNNNN
NN(N)N(NN)N(N)NN
NN(N)N(NN)NN(N)N
NN(N)N(NN)NNNN
NN(N)NN(N)N(N)NN
NN(N)NN(N)NN(N)N
NN(N)NN(N)NNNN
NN(N)NN(NN)NNN
NN(N)NNN(N)NNN
NN(N)NNN(NN)NN
NN(N)NNNN(N)NN
NN(N)NNNNN(N)N
NN(N)NNNNNNN
NNN(N)N(N)N(N)NN
NNN(N)N(N)NNNN
NNN(N)N(NN)NNN
NNN(N)NN(N)NNN
NNN(N)NNN(N)NN
NNN(N)NNNNNN
NNN(NN)N(N)NNN
NNN(NN)N(NN)NN
NNN(NN)NN(N)NN
NNN(NN)NNNNN
NNNN(N(N)N)NNN
NNNN(N)N(N)NNN
NNNN(N)NNNNN
NNNN(NN)NNNN
NNNN(NNN)NNN
NNNNN(N)NNNN
NNNNNNNNNN
