SiSi(Si)(Si)Si(Si)(Si)Si(Si)Si
SiSi(Si)(Si)Si(Si)(Si)SiSiSi
SiSi(Si)(Si)Si(Si)Si(Si)(Si)Si
SiSi(Si)(Si)Si(Si)Si(Si)SiSi
SiSi(Si)(Si)Si(Si)SiSi(Si)Si
SiSi(Si)(Si)Si(Si)SiSiSiSi
SiSi(Si)(Si)Si(SiSi)(Si)SiSi
SiSi(Si)(Si)Si(SiSi)Si(Si)Si
SiSi(Si)(Si)Si(SiSi)SiSiSi
SiSi(Si)(Si)SiSi(Si)(Si)SiSi
SiSi(Si)(Si)SiSi(Si)Si(Si)Si
SiSi(Si)(Si)SiSi(Si)SiSiSi
SiSi(Si)(Si)SiSi(SiSi)SiSi
SiSi(Si)(Si)SiSiSi(Si)(Si)Si
SiSi(Si)(Si)SiSiSi(Si)SiSi
SiSi(Si)(Si)SiSiSiSi(Si)Si
SiSi(Si)(Si)SiSiSiSiSiSi
SiSi(Si)Si(Si(Si)Si)Si(Si)Si
SiSi(Si)Si(Si(Si)Si)SiSiSi
SiSi(Si)Si(Si)(Si)Si(Si)SiSi
SiSi(Si)Si(Si)(Si)SiSi(Si)Si
SiSi(Si)Si(Si)(Si)SiSiSiSi
SiSi(Si)Si(Si)Si(Si)(Si)SiSi
SiSi(Si)Si(Si)Si(Si)Si(Si)Si
SiSi(Si)Si(Si)Si(Si)SiSiSi
SiSi(Si)Si(Si)Si(SiSi)SiSi
SiSi(Si)Si(Si)SiSi(Si)SiSi
SiSi(Si)Si(Si)SiSiSi(Si)Si
SiSi(Si)Si(Si)SiSiSiSiSi
SiSi(Si)Si(SiSi)(Si)Si(Si)Si
SiSi(Si)Si(SiSi)(Si)SiSiSi
SiSi(Si)Si(SiSi)(SiSi)SiSi
SiSi(Si)Si(SiSi)Si(Si)SiSi
SiSi(Si)Si(SiSi)SiSi(Si)Si
SiSi(Si)Si(SiSi)SiSiSiSi
SiSi(Si)SiSi(Si)(Si)SiSiSi
SiSi(Si)SiSi(Si)Si(Si)SiSi
SiSi(Si)SiSi(Si)SiSi(Si)Si
SiSi(Si)SiSi(Si)SiSiSiSi
SiSi(Si)SiSi(SiSi)(Si)SiSi
SiSi(Si)SiSi(SiSi)SiSiSi
SiSi(Si)SiSiSi(Si)(Si)SiSi
SiSi(Si)SiSiSi(Si)SiSiSi
SiSi(Si)SiSiSi(SiSi)SiSi
SiSi(Si)SiSiSiSi(Si)SiSi
SiSi(Si)SiSiSiSiSi(Si)Si
SiSi(Si)SiSiSiSiSiSiSi
SiSiSi(Si)(Si)Si(Si)(Si)SiSi
SiSiSi(Si)(Si)Si(Si)SiSiSi
SiSiSi(Si)(Si)Si(SiSi)SiSi
SiSiSi(Si)(Si)SiSi(Si)SiSi
SiSiSi(Si)(Si)SiSiSiSiSi
SiSiSi(Si)Si(Si)(Si)SiSiSi
SiSiSi(Si)Si(Si)Si(Si)SiSi
SiSiSi(Si)Si(Si)SiSiSiSi
SiSiSi(Si)Si(SiSi)SiSiSi
SiSiSi(Si)SiSi(Si)SiSiSi
SiSiSi(Si)SiSiSi(Si)SiSi
SiSiSi(Si)SiSiSiSiSiSi
SiSiSi(SiSi)(Si)Si(Si)SiSi
SiSiSi(SiSi)(Si)SiSiSiSi
SiSiSi(SiSi)(SiSi)SiSiSi
SiSiSi(SiSi)Si(Si)SiSiSi
SiSiSi(SiSi)Si(SiSi)SiSi
SiSiSi(SiSi)SiSi(Si)SiSi
SiSiSi(SiSi)SiSiSiSiSi
SiSiSiSi(Si(Si)Si)SiSiSi
SiSiSiSi(Si)(Si)SiSiSiSi
SiSiSiSi(Si)Si(Si)SiSiSi
SiSiSiSi(Si)SiSiSiSiSi
SiSiSiSi(SiSi)(Si)SiSiSi
SiSiSiSi(SiSi)SiSiSiSi
SiSiSiSi(SiSiSi)SiSiSi
SiSiSiSiSi(Si)SiSiSiSi
SiSiSiSiSiSiSiSiSiSi
