CC(C)(C)C(C)C(C)(C)C
CC(C)(C)CCC(C)(C)C
CC(C)C(C(C)C)C(C)C
CC(C)C(C)(C)C(C)(C)C
CC(C)C(C)C(C)C(C)C
CC(C)C(C)CC(C)(C)C
CC(C)CC(C)(C)C(C)C
CC(C)CC(C)C(C)(C)C
CC(C)CC(C)CC(C)C
CC(C)CCC(C)C(C)C
CC(C)CCCC(C)(C)C
CC(C)CCCCC(C)C
CCC(C(C)(C)C)C(C)C
CCC(C(C)C)C(C)CC
CCC(C(C)C)CC(C)C
CCC(C)(C(C)(C)C)CC
CCC(C)(C(C)C)C(C)C
CCC(C)(C)C(C)(C)CC
CCC(C)(C)C(C)C(C)C
CCC(C)(C)CC(C)(C)C
CCC(C)(C)CCC(C)C
CCC(C)(CC)CC(C)C
CCC(C)C(C)(C)C(C)C
CCC(C)C(C)(CC)CC
CCC(C)C(C)C(C)(C)C
CCC(C)C(C)C(C)CC
CCC(C)C(C)CC(C)C
CCC(C)CC(C)(C)CC
CCC(C)CC(C)C(C)C
CCC(C)CCC(C)(C)C
CCC(C)CCC(C)CC
CCC(C)CCCC(C)C
CCC(CC)(C(C)C)CC
CCC(CC)C(C)(C)CC
CCC(CC)C(C)C(C)C
CCC(CC)C(CC)CC
CCC(CC)CC(C)(C)C
CCC(CC)CC(C)CC
CCC(CC)CCC(C)C
CCCC(C(C)(C)C)CC
CCCC(C(C)C)C(C)C
CCCC(C(C)C)CCC
CCCC(C)(C(C)C)CC
CCCC(C)(C)C(C)(C)C
CCCC(C)(C)C(C)CC
CCCC(C)(C)CC(C)C
CCCC(C)(CC)CCC
CCCC(C)C(C)(C)CC
CCCC(C)C(C)C(C)C
CCCC(C)C(C)CCC
CCCC(C)C(CC)CC
CCCC(C)CC(C)(C)C
CCCC(C)CC(C)CC
CCCC(C)CCC(C)C
CCCC(CC)(CC)CC
CCCC(CC)C(C)CC
CCCC(CC)CC(C)C
CCCC(CCC)CCC
CCCCC(C(C)C)CC
CCCCC(C)(C)C(C)C
CCCCC(C)(C)CCC
CCCCC(C)(CC)CC
CCCCC(C)C(C)(C)C
CCCCC(C)C(C)CC
CCCCC(C)CC(C)C
CCCCC(C)CCCC
CCCCC(CC)CCC
CCCCCC(C)(C)CC
CCCCCC(C)C(C)C
CCCCCC(C)CCC
CCCCCC(CC)CC
CCCCCCC(C)(C)C
CCCCCCC(C)CC
CCCCCCCC(C)C
CCCCCCCCCC
