CN(N)N(N(N)N)N(N)N
CN(N)N(N(N)N)NNN
CN(N)N(N)N(N)N(N)N
CN(N)N(N)N(N)NNN
CN(N)N(N)N(NN)NN
CN(N)N(N)NN(N)NN
CN(N)N(N)NNN(N)N
CN(N)N(N)NNNNN
CN(N)N(NN)N(N)NN
CN(N)N(NN)NN(N)N
CN(N)N(NN)NNNN
CN(N)NN(N(N)N)NN
CN(N)NN(N)N(N)NN
CN(N)NN(N)NN(N)N
CN(N)NN(N)NNNN
CN(N)NN(NN)NNN
CN(N)NNN(N)N(N)N
CN(N)NNN(N)NNN
CN(N)NNN(NN)NN
CN(N)NNNN(N)NN
CN(N)NNNNN(N)N
CN(N)NNNNNNN
CNN(N(N)N)N(N)NN
CNN(N(N)N)NN(N)N
CNN(N(N)N)NNNN
CNN(N)N(N(N)N)NN
CNN(N)N(N)N(N)NN
CNN(N)N(N)NN(N)N
CNN(N)N(N)NNNN
CNN(N)N(NN)NNN
CNN(N)NN(N)N(N)N
CNN(N)NN(N)NNN
CNN(N)NN(NN)NN
CNN(N)NNN(N)NN
CNN(N)NNNN(N)N
CNN(N)NNNNNN
CNN(NN)N(N)N(N)N
CNN(NN)N(N)NNN
CNN(NN)N(NN)NN
CNN(NN)NN(N)NN
CNN(NN)NNN(N)N
CNN(NN)NNNNN
CNNN(N(N)N)N(N)N
CNNN(N(N)N)NNN
CNNN(N)N(N)N(N)N
CNNN(N)N(N)NNN
CNNN(N)N(NN)NN
CNNN(N)NN(N)NN
CNNN(N)NNN(N)N
CNNN(N)NNNNN
CNNN(NN)N(N)NN
CNNN(NN)NN(N)N
CNNN(NN)NNNN
CNNN(NNN)NNN
CNNNN(N(N)N)NN
CNNNN(N)N(N)NN
CNNNN(N)NN(N)N
CNNNN(N)NNNN
CNNNN(NN)NNN
CNNNNN(N)N(N)N
CNNNNN(N)NNN
CNNNNN(NN)NN
CNNNNNN(N)NN
CNNNNNNN(N)N
CNNNNNNNNN
NC(N)(N)N(N(N)N)NN
NC(N)(N)N(N)N(N)NN
NC(N)(N)N(N)NN(N)N
NC(N)(N)N(N)NNNN
NC(N)(N)N(NN)NNN
NC(N)(N)NN(N)N(N)N
NC(N)(N)NN(N)NNN
NC(N)(N)NN(NN)NN
NC(N)(N)NNN(N)NN
NC(N)(N)NNNN(N)N
NC(N)(N)NNNNNN
NC(N)N(N(N)N)N(N)N
NC(N)N(N(N)N)NNN
NC(N)N(N)N(N)N(N)N
NC(N)N(N)N(N)NNN
NC(N)N(N)N(NN)NN
NC(N)N(N)NN(N)NN
NC(N)N(N)NNN(N)N
NC(N)N(N)NNNNN
NC(N)N(NN)N(N)NN
NC(N)N(NN)NN(N)N
NC(N)N(NN)NNNN
NC(N)NN(N(N)N)NN
NC(N)NN(N)N(N)NN
NC(N)NN(N)NN(N)N
NC(N)NN(N)NNNN
NC(N)NN(NN)NNN
NC(N)NNN(N)N(N)N
NC(N)NNN(N)NNN
NC(N)NNN(NN)NN
NC(N)NNNN(N)NN
NC(N)NNNNN(N)N
NC(N)NNNNNNN
NCN(N(N)N)N(N)NN
NCN(N(N)N)NN(N)N
NCN(N(N)N)NNNN
NCN(N)N(N(N)N)NN
NCN(N)N(N)N(N)NN
NCN(N)N(N)NN(N)N
NCN(N)N(N)NNNN
NCN(N)N(NN)NNN
NCN(N)NN(N)N(N)N
NCN(N)NN(N)NNN
NCN(N)NN(NN)NN
NCN(N)NNN(N)NN
NCN(N)NNNN(N)N
NCN(N)NNNNNN
NCN(NN)N(N)N(N)N
NCN(NN)N(N)NNN
NCN(NN)N(NN)NN
NCN(NN)NN(N)NN
NCN(NN)NNN(N)N
NCN(NN)NNNNN
NCNN(N(N)N)N(N)N
NCNN(N(N)N)NNN
NCNN(N)N(N)N(N)N
NCNN(N)N(N)NNN
NCNN(N)N(NN)NN
NCNN(N)NN(N)NN
NCNN(N)NNN(N)N
NCNN(N)NNNNN
NCNN(NN)N(N)NN
NCNN(NN)NN(N)N
NCNN(NN)NNNN
NCNN(NNN)NNN
NCNNN(N(N)N)NN
NCNNN(N)N(N)NN
NCNNN(N)NN(N)N
NCNNN(N)NNNN
NCNNN(NN)NNN
NCNNNN(N)N(N)N
NCNNNN(N)NNN
NCNNNN(NN)NN
NCNNNNN(N)NN
NCNNNNNN(N)N
NCNNNNNNNN
NN(N)C(N(N)N)N(N)N
NN(N)N(N)C(N)N(N)N
NN(N)N(N)N(C)N(N)N
NN(N)N(N)NCN(N)N
NN(N)NC(N)(N)N(N)N
NN(N)NC(N)NN(N)N
NN(N)NCN(N)N(N)N
NN(N)NCNNN(N)N
NN(N)NN(C)NN(N)N
NN(N)NN(N)CN(N)N
NN(N)NNC(N)N(N)N
NN(N)NNN(C)N(N)N
NN(N)NNNCN(N)N
NNC(N(N)N)N(N)NN
NNC(N(N)N)NN(N)N
NNC(N(N)N)NNNN
NNC(N)(N(N)N)N(N)N
NNC(N)(N(N)N)NNN
NNC(N)(N)N(N)N(N)N
NNC(N)(N)N(N)NNN
NNC(N)(N)N(NN)NN
NNC(N)(N)NN(N)NN
NNC(N)(N)NNN(N)N
NNC(N)(N)NNNNN
NNC(N)(NN)N(N)NN
NNC(N)(NN)NN(N)N
NNC(N)(NN)NNNN
NNC(N)N(N(N)N)NN
NNC(N)N(N)N(N)NN
NNC(N)N(N)NN(N)N
NNC(N)N(N)NNNN
NNC(N)N(NN)NNN
NNC(N)NN(N)N(N)N
NNC(N)NN(N)NNN
NNC(N)NN(NN)NN
NNC(N)NNN(N)NN
NNC(N)NNNN(N)N
NNC(N)NNNNNN
NNC(NN)(N(N)N)NN
NNC(NN)(NN)NNN
NNC(NN)N(N)N(N)N
NNC(NN)N(N)NNN
NNC(NN)N(NN)NN
NNC(NN)NN(N)NN
NNC(NN)NNN(N)N
NNC(NN)NNNNN
NNCN(N(N)N)N(N)N
NNCN(N(N)N)NNN
NNCN(N)N(N)N(N)N
NNCN(N)N(N)NNN
NNCN(N)N(NN)NN
NNCN(N)NN(N)NN
NNCN(N)NNN(N)N
NNCN(N)NNNNN
NNCN(NN)N(N)NN
NNCN(NN)NN(N)N
NNCN(NN)NNNN
NNCN(NNN)NNN
NNCNN(N(N)N)NN
NNCNN(N)N(N)NN
NNCNN(N)NN(N)N
NNCNN(N)NNNN
NNCNN(NN)NNN
NNCNNN(N)N(N)N
NNCNNN(N)NNN
NNCNNN(NN)NN
NNCNNNN(N)NN
NNCNNNNN(N)N
NNCNNNNNNN
NNN(C)N(N)NN(N)N
NNN(C)NN(N)N(N)N
NNN(C)NNNN(N)N
NNN(N(N)N)CN(N)N
NNN(N(N)N)N(C)NN
NNN(N)C(N)(N)N(N)N
NNN(N)C(N)N(N)NN
NNN(N)C(N)NN(N)N
NNN(N)CN(N)N(N)N
NNN(N)CNNN(N)N
NNN(N)N(C)N(N)NN
NNN(N)N(C)NN(N)N
NNN(N)N(N)CN(N)N
NNN(N)N(N)N(C)NN
NNN(N)NC(N)N(N)N
NNN(N)NCN(N)NN
NNN(N)NCNN(N)N
NNN(N)NN(C)N(N)N
NNN(N)NNCN(N)N
NNN(N)NNN(C)NN
NNN(NN)C(N)N(N)N
NNN(NN)CN(N)NN
NNN(NN)CNN(N)N
NNN(NN)N(C)N(N)N
NNN(NN)NCN(N)N
NNN(NN)NN(C)NN
NNNC(N(N)N)N(N)N
NNNC(N(N)N)NNN
NNNC(N)(N)N(N)NN
NNNC(N)(N)NN(N)N
NNNC(N)(N)NNNN
NNNC(N)(NN)NNN
NNNC(N)N(N)N(N)N
NNNC(N)N(N)NNN
NNNC(N)N(NN)NN
NNNC(N)NN(N)NN
NNNC(N)NNN(N)N
NNNC(N)NNNNN
NNNC(NN)N(N)NN
NNNC(NN)NN(N)N
NNNC(NN)NNNN
NNNC(NNN)NNN
NNNCN(N(N)N)NN
NNNCN(N)N(N)NN
NNNCN(N)NN(N)N
NNNCN(N)NNNN
NNNCN(NN)NNN
NNNCNN(N)N(N)N
NNNCNN(N)NNN
NNNCNN(NN)NN
NNNCNNN(N)NN
NNNCNNNN(N)N
NNNCNNNNNN
NNNN(C(N)N)NNN
NNNN(C)N(N)N(N)N
NNNN(C)N(NN)NN
NNNN(C)NN(N)NN
NNNN(C)NNN(N)N
NNNN(CN)N(N)NN
NNNN(CN)NN(N)N
NNNN(N(N)C)NNN
NNNN(N)C(N)N(N)N
NNNN(N)CN(N)NN
NNNN(N)CNN(N)N
NNNN(N)N(C)N(N)N
NNNN(N)N(C)NNN
NNNN(N)NCN(N)N
NNNN(N)NN(C)NN
NNNN(NC)N(N)NN
NNNN(NC)NN(N)N
NNNN(NN)CN(N)N
NNNN(NN)N(C)NN
NNNNC(N)(N)N(N)N
NNNNC(N)N(N)NN
NNNNC(N)NN(N)N
NNNNC(N)NNNN
NNNNCN(N)N(N)N
NNNNCN(N)NNN
NNNNCN(NN)NN
NNNNCNN(N)NN
NNNNCNNN(N)N
NNNNCNNNNN
NNNNN(C)N(N)NN
NNNNN(C)NN(N)N
NNNNN(C)NNNN
NNNNN(CN)NNN
NNNNN(N)CN(N)N
NNNNN(N)N(C)NN
NNNNN(NC)NNN
NNNNNC(N)N(N)N
NNNNNCN(N)NN
NNNNNCNN(N)N
NNNNNN(C)N(N)N
NNNNNN(C)NNN
NNNNNNCN(N)N
NNNNNNN(C)NN
