CSi(Si)(Si)Si(Si(Si)Si)SiSi
CSi(Si)(Si)Si(Si)(Si)Si(Si)Si
CSi(Si)(Si)Si(Si)(Si)SiSiSi
CSi(Si)(Si)Si(Si)(SiSi)SiSi
CSi(Si)(Si)Si(Si)Si(Si)(Si)Si
CSi(Si)(Si)Si(Si)Si(Si)SiSi
CSi(Si)(Si)Si(Si)SiSi(Si)Si
CSi(Si)(Si)Si(Si)SiSiSiSi
CSi(Si)(Si)Si(SiSi)SiSiSi
CSi(Si)(Si)SiSi(Si)(Si)SiSi
CSi(Si)(Si)SiSi(Si)Si(Si)Si
CSi(Si)(Si)SiSi(Si)SiSiSi
CSi(Si)(Si)SiSi(SiSi)SiSi
CSi(Si)(Si)SiSiSi(Si)(Si)Si
CSi(Si)(Si)SiSiSi(Si)SiSi
CSi(Si)(Si)SiSiSiSi(Si)Si
CSi(Si)(Si)SiSiSiSiSiSi
CSi(Si)Si(Si(Si)(Si)Si)SiSi
CSi(Si)Si(Si(Si)Si)Si(Si)Si
CSi(Si)Si(Si(Si)Si)SiSiSi
CSi(Si)Si(Si)(Si(Si)Si)SiSi
CSi(Si)Si(Si)(Si)Si(Si)(Si)Si
CSi(Si)Si(Si)(Si)Si(Si)SiSi
CSi(Si)Si(Si)(Si)SiSi(Si)Si
CSi(Si)Si(Si)(Si)SiSiSiSi
CSi(Si)Si(Si)(SiSi)SiSiSi
CSi(Si)Si(Si)Si(Si)(Si)SiSi
CSi(Si)Si(Si)Si(Si)Si(Si)Si
CSi(Si)Si(Si)Si(Si)SiSiSi
CSi(Si)Si(Si)Si(SiSi)SiSi
CSi(Si)Si(Si)SiSi(Si)(Si)Si
CSi(Si)Si(Si)SiSi(Si)SiSi
CSi(Si)Si(Si)SiSiSi(Si)Si
CSi(Si)Si(Si)SiSiSiSiSi
CSi(Si)Si(SiSi)(SiSi)SiSi
CSi(Si)Si(SiSi)Si(Si)SiSi
CSi(Si)Si(SiSi)SiSi(Si)Si
CSi(Si)Si(SiSi)SiSiSiSi
CSi(Si)SiSi(Si(Si)Si)SiSi
CSi(Si)SiSi(Si)(Si)Si(Si)Si
CSi(Si)SiSi(Si)(Si)SiSiSi
CSi(Si)SiSi(Si)(SiSi)SiSi
CSi(Si)SiSi(Si)Si(Si)(Si)Si
CSi(Si)SiSi(Si)Si(Si)SiSi
CSi(Si)SiSi(Si)SiSi(Si)Si
CSi(Si)SiSi(Si)SiSiSiSi
CSi(Si)SiSi(SiSi)SiSiSi
CSi(Si)SiSiSi(Si)(Si)SiSi
CSi(Si)SiSiSi(Si)Si(Si)Si
CSi(Si)SiSiSi(Si)SiSiSi
CSi(Si)SiSiSi(SiSi)SiSi
CSi(Si)SiSiSiSi(Si)(Si)Si
CSi(Si)SiSiSiSi(Si)SiSi
CSi(Si)SiSiSiSiSi(Si)Si
CSi(Si)SiSiSiSiSiSiSi
CSiSi(Si(Si)(Si)Si)Si(Si)Si
CSiSi(Si(Si)(Si)Si)SiSiSi
CSiSi(Si(Si)Si)Si(Si)SiSi
CSiSi(Si(Si)Si)SiSi(Si)Si
CSiSi(Si(Si)Si)SiSiSiSi
CSiSi(Si)(Si(Si)(Si)Si)SiSi
CSiSi(Si)(Si(Si)Si)Si(Si)Si
CSiSi(Si)(Si(Si)Si)SiSiSi
CSiSi(Si)(Si)Si(Si)(Si)SiSi
CSiSi(Si)(Si)Si(Si)Si(Si)Si
CSiSi(Si)(Si)Si(Si)SiSiSi
CSiSi(Si)(Si)Si(SiSi)SiSi
CSiSi(Si)(Si)SiSi(Si)(Si)Si
CSiSi(Si)(Si)SiSi(Si)SiSi
CSiSi(Si)(Si)SiSiSi(Si)Si
CSiSi(Si)(Si)SiSiSiSiSi
CSiSi(Si)(SiSi)Si(Si)SiSi
CSiSi(Si)(SiSi)SiSi(Si)Si
CSiSi(Si)(SiSi)SiSiSiSi
CSiSi(Si)Si(Si(Si)Si)SiSi
CSiSi(Si)Si(Si)(Si)Si(Si)Si
CSiSi(Si)Si(Si)(Si)SiSiSi
CSiSi(Si)Si(Si)(SiSi)SiSi
CSiSi(Si)Si(Si)Si(Si)(Si)Si
CSiSi(Si)Si(Si)Si(Si)SiSi
CSiSi(Si)Si(Si)SiSi(Si)Si
CSiSi(Si)Si(Si)SiSiSiSi
CSiSi(Si)Si(SiSi)SiSiSi
CSiSi(Si)SiSi(Si)(Si)SiSi
CSiSi(Si)SiSi(Si)Si(Si)Si
CSiSi(Si)SiSi(Si)SiSiSi
CSiSi(Si)SiSi(SiSi)SiSi
CSiSi(Si)SiSiSi(Si)(Si)Si
CSiSi(Si)SiSiSi(Si)SiSi
CSiSi(Si)SiSiSiSi(Si)Si
CSiSi(Si)SiSiSiSiSiSi
CSiSi(SiSi)(Si(Si)Si)SiSi
CSiSi(SiSi)(SiSi)SiSiSi
CSiSi(SiSi)Si(Si)(Si)SiSi
CSiSi(SiSi)Si(Si)Si(Si)Si
CSiSi(SiSi)Si(Si)SiSiSi
CSiSi(SiSi)Si(SiSi)SiSi
CSiSi(SiSi)SiSi(Si)(Si)Si
CSiSi(SiSi)SiSi(Si)SiSi
CSiSi(SiSi)SiSiSi(Si)Si
CSiSi(SiSi)SiSiSiSiSi
CSiSiSi(Si(Si)(Si)Si)SiSi
CSiSiSi(Si(Si)Si)Si(Si)Si
CSiSiSi(Si(Si)Si)SiSiSi
CSiSiSi(Si)(Si(Si)Si)SiSi
CSiSiSi(Si)(Si)Si(Si)(Si)Si
CSiSiSi(Si)(Si)Si(Si)SiSi
CSiSiSi(Si)(Si)SiSi(Si)Si
CSiSiSi(Si)(Si)SiSiSiSi
CSiSiSi(Si)(SiSi)SiSiSi
CSiSiSi(Si)Si(Si)(Si)SiSi
CSiSiSi(Si)Si(Si)Si(Si)Si
CSiSiSi(Si)Si(Si)SiSiSi
CSiSiSi(Si)Si(SiSi)SiSi
CSiSiSi(Si)SiSi(Si)(Si)Si
CSiSiSi(Si)SiSi(Si)SiSi
CSiSiSi(Si)SiSiSi(Si)Si
CSiSiSi(Si)SiSiSiSiSi
CSiSiSi(SiSi)(SiSi)SiSi
CSiSiSi(SiSi)Si(Si)SiSi
CSiSiSi(SiSi)SiSi(Si)Si
CSiSiSi(SiSi)SiSiSiSi
CSiSiSi(SiSiSi)SiSiSi
CSiSiSiSi(Si(Si)Si)SiSi
CSiSiSiSi(Si)(Si)Si(Si)Si
CSiSiSiSi(Si)(Si)SiSiSi
CSiSiSiSi(Si)(SiSi)SiSi
CSiSiSiSi(Si)Si(Si)(Si)Si
CSiSiSiSi(Si)Si(Si)SiSi
CSiSiSiSi(Si)SiSi(Si)Si
CSiSiSiSi(Si)SiSiSiSi
CSiSiSiSi(SiSi)SiSiSi
CSiSiSiSiSi(Si)(Si)SiSi
CSiSiSiSiSi(Si)Si(Si)Si
CSiSiSiSiSi(Si)SiSiSi
CSiSiSiSiSi(SiSi)SiSi
CSiSiSiSiSiSi(Si)(Si)Si
CSiSiSiSiSiSi(Si)SiSi
CSiSiSiSiSiSiSi(Si)Si
CSiSiSiSiSiSiSiSiSi
SiSi(Si)(Si)C(Si)Si(Si)(Si)Si
SiSi(Si)(Si)Si(C)Si(Si)(Si)Si
SiSi(Si)(Si)Si(Si)(Si)C(Si)Si
SiSi(Si)(Si)Si(Si)(Si)SiCSi
SiSi(Si)(Si)Si(Si)C(Si)(Si)Si
SiSi(Si)(Si)Si(Si)Si(Si)CSi
SiSi(Si)(Si)Si(Si)SiC(Si)Si
SiSi(Si)(Si)Si(Si)SiSiCSi
SiSi(Si)(Si)SiCSi(Si)(Si)Si
SiSi(Si)(Si)SiSi(Si)(Si)CSi
SiSi(Si)(Si)SiSi(Si)C(Si)Si
SiSi(Si)(Si)SiSi(Si)SiCSi
SiSi(Si)(Si)SiSiC(Si)(Si)Si
SiSi(Si)(Si)SiSiSi(Si)CSi
SiSi(Si)(Si)SiSiSiC(Si)Si
SiSi(Si)(Si)SiSiSiSiCSi
SiSi(Si)C(Si(Si)Si)Si(Si)Si
SiSi(Si)C(Si)(Si)Si(Si)(Si)Si
SiSi(Si)C(Si)SiSi(Si)(Si)Si
SiSi(Si)CSi(Si)Si(Si)(Si)Si
SiSi(Si)CSiSiSi(Si)(Si)Si
SiSi(Si)Si(C)(Si)Si(Si)(Si)Si
SiSi(Si)Si(C)SiSi(Si)(Si)Si
SiSi(Si)Si(Si(Si)(Si)Si)CSi
SiSi(Si)Si(Si(Si)Si)C(Si)Si
SiSi(Si)Si(Si(Si)Si)SiCSi
SiSi(Si)Si(Si)(Si(Si)Si)CSi
SiSi(Si)Si(Si)(Si)C(Si)(Si)Si
SiSi(Si)Si(Si)(Si)CSi(Si)Si
SiSi(Si)Si(Si)(Si)Si(Si)CSi
SiSi(Si)Si(Si)(Si)SiC(Si)Si
SiSi(Si)Si(Si)(Si)SiSiCSi
SiSi(Si)Si(Si)C(Si)Si(Si)Si
SiSi(Si)Si(Si)CSi(Si)(Si)Si
SiSi(Si)Si(Si)Si(C)Si(Si)Si
SiSi(Si)Si(Si)Si(Si)(Si)CSi
SiSi(Si)Si(Si)Si(Si)C(Si)Si
SiSi(Si)Si(Si)Si(Si)SiCSi
SiSi(Si)Si(Si)SiC(Si)(Si)Si
SiSi(Si)Si(Si)SiCSi(Si)Si
SiSi(Si)Si(Si)SiSi(Si)CSi
SiSi(Si)Si(Si)SiSiC(Si)Si
SiSi(Si)Si(Si)SiSiSiCSi
SiSi(Si)SiC(Si)(Si)Si(Si)Si
SiSi(Si)SiC(Si)Si(Si)(Si)Si
SiSi(Si)SiC(Si)SiSi(Si)Si
SiSi(Si)SiCSi(Si)Si(Si)Si
SiSi(Si)SiCSiSi(Si)(Si)Si
SiSi(Si)SiSi(C)(Si)Si(Si)Si
SiSi(Si)SiSi(C)Si(Si)(Si)Si
SiSi(Si)SiSi(C)SiSi(Si)Si
SiSi(Si)SiSi(Si(Si)Si)CSi
SiSi(Si)SiSi(Si)(Si)C(Si)Si
SiSi(Si)SiSi(Si)(Si)SiCSi
SiSi(Si)SiSi(Si)C(Si)(Si)Si
SiSi(Si)SiSi(Si)CSi(Si)Si
SiSi(Si)SiSi(Si)Si(Si)CSi
SiSi(Si)SiSi(Si)SiC(Si)Si
SiSi(Si)SiSi(Si)SiSiCSi
SiSi(Si)SiSi(SiSi)SiCSi
SiSi(Si)SiSiC(Si)Si(Si)Si
SiSi(Si)SiSiCSi(Si)(Si)Si
SiSi(Si)SiSiCSiSi(Si)Si
SiSi(Si)SiSiSi(C)Si(Si)Si
SiSi(Si)SiSiSi(Si)(Si)CSi
SiSi(Si)SiSiSi(Si)C(Si)Si
SiSi(Si)SiSiSi(Si)SiCSi
SiSi(Si)SiSiSiC(Si)(Si)Si
SiSi(Si)SiSiSiCSi(Si)Si
SiSi(Si)SiSiSiSi(Si)CSi
SiSi(Si)SiSiSiSiC(Si)Si
SiSi(Si)SiSiSiSiSiCSi
SiSiC(Si(Si)(Si)Si)Si(Si)Si
SiSiC(Si(Si)Si)SiSi(Si)Si
SiSiC(Si)(Si(Si)(Si)Si)SiSi
SiSiC(Si)(Si(Si)Si)Si(Si)Si
SiSiC(Si)(Si)Si(Si)Si(Si)Si
SiSiC(Si)(Si)SiSi(Si)(Si)Si
SiSiC(Si)(Si)SiSiSi(Si)Si
SiSiC(Si)(SiSi)SiSi(Si)Si
SiSiC(Si)Si(Si)(Si)Si(Si)Si
SiSiC(Si)Si(Si)Si(Si)(Si)Si
SiSiC(Si)Si(Si)SiSi(Si)Si
SiSiC(Si)SiSi(Si)Si(Si)Si
SiSiC(Si)SiSiSi(Si)(Si)Si
SiSiC(Si)SiSiSiSi(Si)Si
SiSiC(SiSi)(Si(Si)Si)SiSi
SiSiC(SiSi)Si(Si)Si(Si)Si
SiSiC(SiSi)SiSi(Si)(Si)Si
SiSiC(SiSi)SiSiSi(Si)Si
SiSiCSi(Si(Si)Si)Si(Si)Si
SiSiCSi(Si)(Si)Si(Si)(Si)Si
SiSiCSi(Si)(Si)SiSi(Si)Si
SiSiCSi(Si)Si(Si)Si(Si)Si
SiSiCSi(Si)SiSi(Si)(Si)Si
SiSiCSi(Si)SiSiSi(Si)Si
SiSiCSi(SiSi)SiSi(Si)Si
SiSiCSiSi(Si)(Si)Si(Si)Si
SiSiCSiSi(Si)Si(Si)(Si)Si
SiSiCSiSi(Si)SiSi(Si)Si
SiSiCSiSiSi(Si)Si(Si)Si
SiSiCSiSiSiSi(Si)(Si)Si
SiSiCSiSiSiSiSi(Si)Si
SiSiSi(C(Si)Si)SiSi(Si)Si
SiSiSi(C)(Si(Si)(Si)Si)SiSi
SiSiSi(C)(Si(Si)Si)Si(Si)Si
SiSiSi(C)(Si)Si(Si)Si(Si)Si
SiSiSi(C)(Si)SiSi(Si)(Si)Si
SiSiSi(C)(Si)SiSiSi(Si)Si
SiSiSi(C)(SiSi)SiSi(Si)Si
SiSiSi(C)Si(Si)(Si)Si(Si)Si
SiSiSi(C)Si(Si)(SiSi)SiSi
SiSiSi(C)Si(Si)Si(Si)(Si)Si
SiSiSi(C)Si(Si)SiSi(Si)Si
SiSiSi(C)SiSi(Si)(Si)SiSi
SiSiSi(C)SiSi(Si)Si(Si)Si
SiSiSi(C)SiSiSi(Si)(Si)Si
SiSiSi(C)SiSiSiSi(Si)Si
SiSiSi(CSi)(Si)SiSi(Si)Si
SiSiSi(CSi)Si(Si)(Si)SiSi
SiSiSi(CSi)Si(Si)Si(Si)Si
SiSiSi(CSi)SiSi(Si)(Si)Si
SiSiSi(CSi)SiSiSi(Si)Si
SiSiSi(Si(Si)(Si)Si)C(Si)Si
SiSiSi(Si(Si)(Si)Si)CSiSi
SiSiSi(Si(Si)(Si)Si)SiCSi
SiSiSi(Si(Si)Si)C(Si)(Si)Si
SiSiSi(Si(Si)Si)C(Si)SiSi
SiSiSi(Si(Si)Si)CSi(Si)Si
SiSiSi(Si(Si)Si)Si(C)SiSi
SiSiSi(Si(Si)Si)Si(Si)CSi
SiSiSi(Si(Si)Si)SiC(Si)Si
SiSiSi(Si(Si)Si)SiCSiSi
SiSiSi(Si(Si)Si)SiSiCSi
SiSiSi(Si)(Si(Si)(Si)Si)CSi
SiSiSi(Si)(Si(Si)Si)C(Si)Si
SiSiSi(Si)(Si(Si)Si)CSiSi
SiSiSi(Si)(Si(Si)Si)SiCSi
SiSiSi(Si)(Si)C(Si)(Si)SiSi
SiSiSi(Si)(Si)C(Si)Si(Si)Si
SiSiSi(Si)(Si)C(SiSi)SiSi
SiSiSi(Si)(Si)CSi(Si)(Si)Si
SiSiSi(Si)(Si)CSiSi(Si)Si
SiSiSi(Si)(Si)Si(C)(Si)SiSi
SiSiSi(Si)(Si)Si(C)Si(Si)Si
SiSiSi(Si)(Si)Si(Si)(Si)CSi
SiSiSi(Si)(Si)Si(Si)C(Si)Si
SiSiSi(Si)(Si)Si(Si)CSiSi
SiSiSi(Si)(Si)Si(Si)SiCSi
SiSiSi(Si)(Si)SiC(Si)(Si)Si
SiSiSi(Si)(Si)SiC(Si)SiSi
SiSiSi(Si)(Si)SiCSi(Si)Si
SiSiSi(Si)(Si)SiSi(Si)CSi
SiSiSi(Si)(Si)SiSiC(Si)Si
SiSiSi(Si)(Si)SiSiCSiSi
SiSiSi(Si)(Si)SiSiSiCSi
SiSiSi(Si)(SiSi)C(Si)(Si)Si
SiSiSi(Si)(SiSi)C(Si)SiSi
SiSiSi(Si)(SiSi)CSi(Si)Si
SiSiSi(Si)(SiSi)Si(Si)CSi
SiSiSi(Si)(SiSi)SiC(Si)Si
SiSiSi(Si)(SiSi)SiCSiSi
SiSiSi(Si)(SiSi)SiSiCSi
SiSiSi(Si)C(Si(Si)Si)SiSi
SiSiSi(Si)C(Si)(Si)Si(Si)Si
SiSiSi(Si)C(Si)(SiSi)SiSi
SiSiSi(Si)C(Si)Si(Si)(Si)Si
SiSiSi(Si)C(Si)Si(Si)SiSi
SiSiSi(Si)C(Si)SiSi(Si)Si
SiSiSi(Si)CSi(Si)(Si)SiSi
SiSiSi(Si)CSi(Si)Si(Si)Si
SiSiSi(Si)CSiSi(Si)(Si)Si
SiSiSi(Si)CSiSiSi(Si)Si
SiSiSi(Si)Si(C)(Si)Si(Si)Si
SiSiSi(Si)Si(C)(SiSi)SiSi
SiSiSi(Si)Si(C)Si(Si)(Si)Si
SiSiSi(Si)Si(C)Si(Si)SiSi
SiSiSi(Si)Si(C)SiSi(Si)Si
SiSiSi(Si)Si(Si(Si)Si)CSi
SiSiSi(Si)Si(Si)(Si)C(Si)Si
SiSiSi(Si)Si(Si)(Si)CSiSi
SiSiSi(Si)Si(Si)(Si)SiCSi
SiSiSi(Si)Si(Si)(SiSi)CSi
SiSiSi(Si)Si(Si)C(Si)(Si)Si
SiSiSi(Si)Si(Si)C(Si)SiSi
SiSiSi(Si)Si(Si)CSi(Si)Si
SiSiSi(Si)Si(Si)Si(C)SiSi
SiSiSi(Si)Si(Si)Si(Si)CSi
SiSiSi(Si)Si(Si)SiC(Si)Si
SiSiSi(Si)Si(Si)SiCSiSi
SiSiSi(Si)Si(Si)SiSiCSi
SiSiSi(Si)Si(SiSi)C(Si)Si
SiSiSi(Si)Si(SiSi)CSiSi
SiSiSi(Si)Si(SiSi)SiCSi
SiSiSi(Si)SiC(Si)(Si)SiSi
SiSiSi(Si)SiC(Si)Si(Si)Si
SiSiSi(Si)SiC(SiSi)SiSi
SiSiSi(Si)SiCSi(Si)(Si)Si
SiSiSi(Si)SiCSi(Si)SiSi
SiSiSi(Si)SiCSiSi(Si)Si
SiSiSi(Si)SiSi(C)(Si)SiSi
SiSiSi(Si)SiSi(C)Si(Si)Si
SiSiSi(Si)SiSi(Si)(Si)CSi
SiSiSi(Si)SiSi(Si)C(Si)Si
SiSiSi(Si)SiSi(Si)CSiSi
SiSiSi(Si)SiSi(Si)SiCSi
SiSiSi(Si)SiSi(SiSi)CSi
SiSiSi(Si)SiSiC(Si)(Si)Si
SiSiSi(Si)SiSiC(Si)SiSi
SiSiSi(Si)SiSiCSi(Si)Si
SiSiSi(Si)SiSiSi(C)SiSi
SiSiSi(Si)SiSiSi(Si)CSi
SiSiSi(Si)SiSiSiC(Si)Si
SiSiSi(Si)SiSiSiCSiSi
SiSiSi(Si)SiSiSiSiCSi
SiSiSi(SiSi)(Si(Si)Si)CSi
SiSiSi(SiSi)(SiSi)C(Si)Si
SiSiSi(SiSi)(SiSi)CSiSi
SiSiSi(SiSi)(SiSi)SiCSi
SiSiSi(SiSi)C(Si)(Si)SiSi
SiSiSi(SiSi)C(Si)Si(Si)Si
SiSiSi(SiSi)C(SiSi)SiSi
SiSiSi(SiSi)CSi(Si)(Si)Si
SiSiSi(SiSi)CSi(Si)SiSi
SiSiSi(SiSi)CSiSi(Si)Si
SiSiSi(SiSi)Si(C)(Si)SiSi
SiSiSi(SiSi)Si(C)Si(Si)Si
SiSiSi(SiSi)Si(Si)(Si)CSi
SiSiSi(SiSi)Si(Si)C(Si)Si
SiSiSi(SiSi)Si(Si)CSiSi
SiSiSi(SiSi)Si(Si)SiCSi
SiSiSi(SiSi)Si(SiSi)CSi
SiSiSi(SiSi)SiC(Si)(Si)Si
SiSiSi(SiSi)SiC(Si)SiSi
SiSiSi(SiSi)SiCSi(Si)Si
SiSiSi(SiSi)SiSi(C)SiSi
SiSiSi(SiSi)SiSi(Si)CSi
SiSiSi(SiSi)SiSiC(Si)Si
SiSiSi(SiSi)SiSiCSiSi
SiSiSi(SiSi)SiSiSiCSi
SiSiSiC(Si(Si)(Si)Si)SiSi
SiSiSiC(Si(Si)Si)Si(Si)Si
SiSiSiC(Si(Si)Si)SiSiSi
SiSiSiC(Si)(Si(Si)Si)SiSi
SiSiSiC(Si)(Si)Si(Si)(Si)Si
SiSiSiC(Si)(Si)Si(Si)SiSi
SiSiSiC(Si)(Si)SiSi(Si)Si
SiSiSiC(Si)(SiSi)SiSiSi
SiSiSiC(Si)Si(Si)(Si)SiSi
SiSiSiC(Si)Si(Si)Si(Si)Si
SiSiSiC(Si)Si(SiSi)SiSi
SiSiSiC(Si)SiSi(Si)(Si)Si
SiSiSiC(Si)SiSi(Si)SiSi
SiSiSiC(Si)SiSiSi(Si)Si
SiSiSiC(SiSi)(SiSi)SiSi
SiSiSiC(SiSi)Si(Si)SiSi
SiSiSiC(SiSi)SiSi(Si)Si
SiSiSiC(SiSiSi)SiSiSi
SiSiSiCSi(Si(Si)Si)SiSi
SiSiSiCSi(Si)(Si)Si(Si)Si
SiSiSiCSi(Si)(SiSi)SiSi
SiSiSiCSi(Si)Si(Si)(Si)Si
SiSiSiCSi(Si)Si(Si)SiSi
SiSiSiCSi(Si)SiSi(Si)Si
SiSiSiCSiSi(Si)(Si)SiSi
SiSiSiCSiSi(Si)Si(Si)Si
SiSiSiCSiSi(SiSi)SiSi
SiSiSiCSiSiSi(Si)(Si)Si
SiSiSiCSiSiSi(Si)SiSi
SiSiSiCSiSiSiSi(Si)Si
SiSiSiSi(C(Si)Si)SiSiSi
SiSiSiSi(C)(Si(Si)Si)SiSi
SiSiSiSi(C)(Si)Si(Si)(Si)Si
SiSiSiSi(C)(Si)Si(Si)SiSi
SiSiSiSi(C)(Si)SiSi(Si)Si
SiSiSiSi(C)(SiSi)SiSiSi
SiSiSiSi(C)Si(Si)(Si)SiSi
SiSiSiSi(C)Si(Si)Si(Si)Si
SiSiSiSi(C)Si(SiSi)SiSi
SiSiSiSi(C)SiSi(Si)(Si)Si
SiSiSiSi(C)SiSi(Si)SiSi
SiSiSiSi(C)SiSiSi(Si)Si
SiSiSiSi(CSi)(Si)SiSiSi
SiSiSiSi(CSi)Si(Si)SiSi
SiSiSiSi(CSi)SiSi(Si)Si
SiSiSiSi(Si(Si)(Si)Si)CSi
SiSiSiSi(Si(Si)C)SiSiSi
SiSiSiSi(Si(Si)Si)C(Si)Si
SiSiSiSi(Si(Si)Si)CSiSi
SiSiSiSi(Si(Si)Si)SiCSi
SiSiSiSi(Si)(Si(Si)Si)CSi
SiSiSiSi(Si)(Si)C(Si)(Si)Si
SiSiSiSi(Si)(Si)C(Si)SiSi
SiSiSiSi(Si)(Si)CSi(Si)Si
SiSiSiSi(Si)(Si)CSiSiSi
SiSiSiSi(Si)(Si)Si(C)SiSi
SiSiSiSi(Si)(Si)Si(Si)CSi
SiSiSiSi(Si)(Si)SiC(Si)Si
SiSiSiSi(Si)(Si)SiCSiSi
SiSiSiSi(Si)(Si)SiSiCSi
SiSiSiSi(Si)(SiC)SiSiSi
SiSiSiSi(Si)(SiSi)C(Si)Si
SiSiSiSi(Si)(SiSi)CSiSi
SiSiSiSi(Si)(SiSi)SiCSi
SiSiSiSi(Si)C(Si)(Si)SiSi
SiSiSiSi(Si)C(Si)Si(Si)Si
SiSiSiSi(Si)C(Si)SiSiSi
SiSiSiSi(Si)C(SiSi)SiSi
SiSiSiSi(Si)CSi(Si)(Si)Si
SiSiSiSi(Si)CSi(Si)SiSi
SiSiSiSi(Si)CSiSi(Si)Si
SiSiSiSi(Si)Si(C)(Si)SiSi
SiSiSiSi(Si)Si(C)Si(Si)Si
SiSiSiSi(Si)Si(C)SiSiSi
SiSiSiSi(Si)Si(Si)(Si)CSi
SiSiSiSi(Si)Si(Si)C(Si)Si
SiSiSiSi(Si)Si(Si)CSiSi
SiSiSiSi(Si)Si(Si)SiCSi
SiSiSiSi(Si)Si(SiSi)CSi
SiSiSiSi(Si)SiC(Si)(Si)Si
SiSiSiSi(Si)SiC(Si)SiSi
SiSiSiSi(Si)SiCSi(Si)Si
SiSiSiSi(Si)SiCSiSiSi
SiSiSiSi(Si)SiSi(C)SiSi
SiSiSiSi(Si)SiSi(Si)CSi
SiSiSiSi(Si)SiSiC(Si)Si
SiSiSiSi(Si)SiSiCSiSi
SiSiSiSi(Si)SiSiSiCSi
SiSiSiSi(SiC)Si(Si)SiSi
SiSiSiSi(SiC)SiSi(Si)Si
SiSiSiSi(SiCSi)SiSiSi
SiSiSiSi(SiSi)(SiSi)CSi
SiSiSiSi(SiSi)C(Si)(Si)Si
SiSiSiSi(SiSi)C(Si)SiSi
SiSiSiSi(SiSi)CSi(Si)Si
SiSiSiSi(SiSi)CSiSiSi
SiSiSiSi(SiSi)Si(C)SiSi
SiSiSiSi(SiSi)Si(Si)CSi
SiSiSiSi(SiSi)SiC(Si)Si
SiSiSiSi(SiSi)SiCSiSi
SiSiSiSi(SiSi)SiSiCSi
SiSiSiSi(SiSiSi)CSiSi
SiSiSiSiC(Si(Si)Si)SiSi
SiSiSiSiC(Si)(Si)Si(Si)Si
SiSiSiSiC(Si)(Si)SiSiSi
SiSiSiSiC(Si)(SiSi)SiSi
SiSiSiSiC(Si)Si(Si)(Si)Si
SiSiSiSiC(Si)Si(Si)SiSi
SiSiSiSiC(Si)SiSi(Si)Si
SiSiSiSiC(Si)SiSiSiSi
SiSiSiSiC(SiSi)SiSiSi
SiSiSiSiCSi(Si)(Si)SiSi
SiSiSiSiCSi(Si)Si(Si)Si
SiSiSiSiCSi(Si)SiSiSi
SiSiSiSiCSi(SiSi)SiSi
SiSiSiSiCSiSi(Si)(Si)Si
SiSiSiSiCSiSi(Si)SiSi
SiSiSiSiCSiSiSi(Si)Si
SiSiSiSiSi(C)(Si)Si(Si)Si
SiSiSiSiSi(C)(Si)SiSiSi
SiSiSiSiSi(C)(SiSi)SiSi
SiSiSiSiSi(C)Si(Si)(Si)Si
SiSiSiSiSi(C)Si(Si)SiSi
SiSiSiSiSi(C)SiSi(Si)Si
SiSiSiSiSi(C)SiSiSiSi
SiSiSiSiSi(CSi)SiSiSi
SiSiSiSiSi(Si(Si)Si)CSi
SiSiSiSiSi(Si)(Si)C(Si)Si
SiSiSiSiSi(Si)(Si)CSiSi
SiSiSiSiSi(Si)(Si)SiCSi
SiSiSiSiSi(Si)(SiSi)CSi
SiSiSiSiSi(Si)C(Si)(Si)Si
SiSiSiSiSi(Si)C(Si)SiSi
SiSiSiSiSi(Si)CSi(Si)Si
SiSiSiSiSi(Si)CSiSiSi
SiSiSiSiSi(Si)Si(C)SiSi
SiSiSiSiSi(Si)Si(Si)CSi
SiSiSiSiSi(Si)SiC(Si)Si
SiSiSiSiSi(Si)SiCSiSi
SiSiSiSiSi(Si)SiSiCSi
SiSiSiSiSi(SiC)SiSiSi
SiSiSiSiSi(SiSi)C(Si)Si
SiSiSiSiSi(SiSi)CSiSi
SiSiSiSiSi(SiSi)SiCSi
SiSiSiSiSiC(Si)(Si)SiSi
SiSiSiSiSiC(Si)Si(Si)Si
SiSiSiSiSiC(Si)SiSiSi
SiSiSiSiSiC(SiSi)SiSi
SiSiSiSiSiCSi(Si)(Si)Si
SiSiSiSiSiCSi(Si)SiSi
SiSiSiSiSiCSiSi(Si)Si
SiSiSiSiSiCSiSiSiSi
SiSiSiSiSiSi(C)(Si)SiSi
SiSiSiSiSiSi(C)Si(Si)Si
SiSiSiSiSiSi(C)SiSiSi
SiSiSiSiSiSi(Si)(Si)CSi
SiSiSiSiSiSi(Si)C(Si)Si
SiSiSiSiSiSi(Si)CSiSi
SiSiSiSiSiSi(Si)SiCSi
SiSiSiSiSiSi(SiSi)CSi
SiSiSiSiSiSiC(Si)(Si)Si
SiSiSiSiSiSiC(Si)SiSi
SiSiSiSiSiSiCSi(Si)Si
SiSiSiSiSiSiCSiSiSi
SiSiSiSiSiSiSi(C)SiSi
SiSiSiSiSiSiSi(Si)CSi
SiSiSiSiSiSiSiC(Si)Si
SiSiSiSiSiSiSiCSiSi
SiSiSiSiSiSiSiSiCSi
