CC(N)(N)N(N(N)N)NN
CC(N)(N)N(N)N(N)NN
CC(N)(N)N(N)NN(N)N
CC(N)(N)N(N)NNNN
CC(N)(N)N(NN)NNN
CC(N)(N)NN(N)N(N)N
CC(N)(N)NN(N)NNN
CC(N)(N)NN(NN)NN
CC(N)(N)NNN(N)NN
CC(N)(N)NNNN(N)N
CC(N)(N)NNNNNN
CC(N)N(N(N)N)N(N)N
CC(N)N(N(N)N)NNN
CC(N)N(N)N(N)N(N)N
CC(N)N(N)N(N)NNN
CC(N)N(N)N(NN)NN
CC(N)N(N)NN(N)NN
CC(N)N(N)NNN(N)N
CC(N)N(N)NNNNN
CC(N)N(NN)N(N)NN
CC(N)N(NN)NN(N)N
CC(N)N(NN)NNNN
CC(N)NN(N(N)N)NN
CC(N)NN(N)N(N)NN
CC(N)NN(N)NN(N)N
CC(N)NN(N)NNNN
CC(N)NN(NN)NNN
CC(N)NNN(N)N(N)N
CC(N)NNN(N)NNN
CC(N)NNN(NN)NN
CC(N)NNNN(N)NN
CC(N)NNNNN(N)N
CC(N)NNNNNNN
CCN(N(N)N)N(N)NN
CCN(N(N)N)NN(N)N
CCN(N(N)N)NNNN
CCN(N)N(N(N)N)NN
CCN(N)N(N)N(N)NN
CCN(N)N(N)NN(N)N
CCN(N)N(N)NNNN
CCN(N)N(NN)NNN
CCN(N)NN(N)N(N)N
CCN(N)NN(N)NNN
CCN(N)NN(NN)NN
CCN(N)NNN(N)NN
CCN(N)NNNN(N)N
CCN(N)NNNNNN
CCN(NN)N(N)N(N)N
CCN(NN)N(N)NNN
CCN(NN)N(NN)NN
CCN(NN)NN(N)NN
CCN(NN)NNN(N)N
CCN(NN)NNNNN
CCNN(N(N)N)N(N)N
CCNN(N(N)N)NNN
CCNN(N)N(N)N(N)N
CCNN(N)N(N)NNN
CCNN(N)N(NN)NN
CCNN(N)NN(N)NN
CCNN(N)NNN(N)N
CCNN(N)NNNNN
CCNN(NN)N(N)NN
CCNN(NN)NN(N)N
CCNN(NN)NNNN
CCNN(NNN)NNN
CCNNN(N(N)N)NN
CCNNN(N)N(N)NN
CCNNN(N)NN(N)N
CCNNN(N)NNNN
CCNNN(NN)NNN
CCNNNN(N)N(N)N
CCNNNN(N)NNN
CCNNNN(NN)NN
CCNNNNN(N)NN
CCNNNNNN(N)N
CCNNNNNNNN
CN(C)N(N(N)N)N(N)N
CN(C)N(N(N)N)NNN
CN(C)N(N)N(N)N(N)N
CN(C)N(N)N(N)NNN
CN(C)N(N)N(NN)NN
CN(C)N(N)NN(N)NN
CN(C)N(N)NNN(N)N
CN(C)N(N)NNNNN
CN(C)N(NN)N(N)NN
CN(C)N(NN)NN(N)N
CN(C)N(NN)NNNN
CN(C)NN(N(N)N)NN
CN(C)NN(N)N(N)NN
CN(C)NN(N)NN(N)N
CN(C)NN(N)NNNN
CN(C)NN(NN)NNN
CN(C)NNN(N)N(N)N
CN(C)NNN(N)NNN
CN(C)NNN(NN)NN
CN(C)NNNN(N)NN
CN(C)NNNNN(N)N
CN(C)NNNNNNN
CN(N)C(N(N)N)N(N)N
CN(N)C(N(N)N)NNN
CN(N)C(N)(N(N)N)NN
CN(N)C(N)(N)N(N)NN
CN(N)C(N)(N)NN(N)N
CN(N)C(N)(N)NNNN
CN(N)C(N)(NN)NNN
CN(N)C(N)N(N)N(N)N
CN(N)C(N)N(N)NNN
CN(N)C(N)N(NN)NN
CN(N)C(N)NN(N)NN
CN(N)C(N)NNN(N)N
CN(N)C(N)NNNNN
CN(N)C(NN)(NN)NN
CN(N)C(NN)N(N)NN
CN(N)C(NN)NN(N)N
CN(N)C(NN)NNNN
CN(N)CN(N(N)N)NN
CN(N)CN(N)N(N)NN
CN(N)CN(N)NN(N)N
CN(N)CN(N)NNNN
CN(N)CN(NN)NNN
CN(N)CNN(N)N(N)N
CN(N)CNN(N)NNN
CN(N)CNN(NN)NN
CN(N)CNNN(N)NN
CN(N)CNNNN(N)N
CN(N)CNNNNNN
CN(N)N(C(N)N)NNN
CN(N)N(C)N(N)N(N)N
CN(N)N(C)N(N)NNN
CN(N)N(C)N(NN)NN
CN(N)N(C)NN(N)NN
CN(N)N(C)NNN(N)N
CN(N)N(C)NNNNN
CN(N)N(CN)N(N)NN
CN(N)N(CN)NN(N)N
CN(N)N(CN)NNNN
CN(N)N(N(N)C)N(N)N
CN(N)N(N(N)C)NNN
CN(N)N(N(N)N)C(N)N
CN(N)N(N(N)N)CNN
CN(N)N(N(N)N)NCN
CN(N)N(N)C(N)(N)NN
CN(N)N(N)C(N)N(N)N
CN(N)N(N)C(N)NNN
CN(N)N(N)C(NN)NN
CN(N)N(N)CN(N)NN
CN(N)N(N)CNN(N)N
CN(N)N(N)CNNNN
CN(N)N(N)N(C)N(N)N
CN(N)N(N)N(C)NNN
CN(N)N(N)N(N)C(N)N
CN(N)N(N)N(N)CNN
CN(N)N(N)N(N)N(N)C
CN(N)N(N)N(N)NCN
CN(N)N(N)N(NN)CN
CN(N)N(N)NC(N)(N)N
CN(N)N(N)NC(N)NN
CN(N)N(N)NCN(N)N
CN(N)N(N)NCNNN
CN(N)N(N)NN(C)NN
CN(N)N(N)NN(N)CN
CN(N)N(N)NNC(N)N
CN(N)N(N)NNCNN
CN(N)N(N)NNNCN
CN(N)N(NN)C(N)(N)N
CN(N)N(NN)C(N)NN
CN(N)N(NN)CN(N)N
CN(N)N(NN)CNNN
CN(N)N(NN)N(C)NN
CN(N)N(NN)N(N)CN
CN(N)N(NN)NC(N)N
CN(N)N(NN)NCNN
CN(N)N(NN)NNCN
CN(N)NC(N(N)N)NN
CN(N)NC(N)(N)N(N)N
CN(N)NC(N)(N)NNN
CN(N)NC(N)(NN)NN
CN(N)NC(N)N(N)NN
CN(N)NC(N)NN(N)N
CN(N)NC(N)NNNN
CN(N)NC(NN)NNN
CN(N)NCN(N)N(N)N
CN(N)NCN(N)NNN
CN(N)NCN(NN)NN
CN(N)NCNN(N)NN
CN(N)NCNNN(N)N
CN(N)NCNNNNN
CN(N)NN(C)N(N)NN
CN(N)NN(C)NN(N)N
CN(N)NN(C)NNNN
CN(N)NN(CN)NNN
CN(N)NN(N(N)C)NN
CN(N)NN(N(N)N)CN
CN(N)NN(N)C(N)(N)N
CN(N)NN(N)C(N)NN
CN(N)NN(N)CN(N)N
CN(N)NN(N)CNNN
CN(N)NN(N)N(C)NN
CN(N)NN(N)N(N)CN
CN(N)NN(N)NC(N)N
CN(N)NN(N)NCNN
CN(N)NN(N)NN(N)C
CN(N)NN(N)NNCN
CN(N)NN(NC)NNN
CN(N)NN(NN)C(N)N
CN(N)NN(NN)CNN
CN(N)NN(NN)NCN
CN(N)NNC(N)(N)NN
CN(N)NNC(N)N(N)N
CN(N)NNC(N)NNN
CN(N)NNC(NN)NN
CN(N)NNCN(N)NN
CN(N)NNCNN(N)N
CN(N)NNCNNNN
CN(N)NNN(C)N(N)N
CN(N)NNN(C)NNN
CN(N)NNN(N)C(N)N
CN(N)NNN(N)CNN
CN(N)NNN(N)N(N)C
CN(N)NNN(N)NCN
CN(N)NNN(NN)CN
CN(N)NNNC(N)(N)N
CN(N)NNNC(N)NN
CN(N)NNNCN(N)N
CN(N)NNNCNNN
CN(N)NNNN(C)NN
CN(N)NNNN(N)CN
CN(N)NNNNC(N)N
CN(N)NNNNCNN
CN(N)NNNNN(N)C
CN(N)NNNNNCN
CNC(N(N)N)N(N)NN
CNC(N(N)N)NN(N)N
CNC(N(N)N)NNNN
CNC(N)(N(N)N)N(N)N
CNC(N)(N(N)N)NNN
CNC(N)(N)N(N)N(N)N
CNC(N)(N)N(N)NNN
CNC(N)(N)N(NN)NN
CNC(N)(N)NN(N)NN
CNC(N)(N)NNN(N)N
CNC(N)(N)NNNNN
CNC(N)(NN)N(N)NN
CNC(N)(NN)NN(N)N
CNC(N)(NN)NNNN
CNC(N)N(N(N)N)NN
CNC(N)N(N)N(N)NN
CNC(N)N(N)NN(N)N
CNC(N)N(N)NNNN
CNC(N)N(NN)NNN
CNC(N)NN(N)N(N)N
CNC(N)NN(N)NNN
CNC(N)NN(NN)NN
CNC(N)NNN(N)NN
CNC(N)NNNN(N)N
CNC(N)NNNNNN
CNC(NN)(N(N)N)NN
CNC(NN)(NN)NNN
CNC(NN)N(N)N(N)N
CNC(NN)N(N)NNN
CNC(NN)N(NN)NN
CNC(NN)NN(N)NN
CNC(NN)NNN(N)N
CNC(NN)NNNNN
CNCN(N(N)N)N(N)N
CNCN(N(N)N)NNN
CNCN(N)N(N)N(N)N
CNCN(N)N(N)NNN
CNCN(N)N(NN)NN
CNCN(N)NN(N)NN
CNCN(N)NNN(N)N
CNCN(N)NNNNN
CNCN(NN)N(N)NN
CNCN(NN)NN(N)N
CNCN(NN)NNNN
CNCN(NNN)NNN
CNCNN(N(N)N)NN
CNCNN(N)N(N)NN
CNCNN(N)NN(N)N
CNCNN(N)NNNN
CNCNN(NN)NNN
CNCNNN(N)N(N)N
CNCNNN(N)NNN
CNCNNN(NN)NN
CNCNNNN(N)NN
CNCNNNNN(N)N
CNCNNNNNNN
CNN(C(N)(N)N)NNN
CNN(C(N)N)N(N)NN
CNN(C(N)N)NN(N)N
CNN(C(N)N)NNNN
CNN(C)N(N(N)N)NN
CNN(C)N(N)N(N)NN
CNN(C)N(N)NN(N)N
CNN(C)N(N)NNNN
CNN(C)N(NN)NNN
CNN(C)NN(N)N(N)N
CNN(C)NN(N)NNN
CNN(C)NN(NN)NN
CNN(C)NNN(N)NN
CNN(C)NNNN(N)N
CNN(C)NNNNNN
CNN(CN)N(N)N(N)N
CNN(CN)N(N)NNN
CNN(CN)N(NN)NN
CNN(CN)NN(N)NN
CNN(CN)NNN(N)N
CNN(CN)NNNNN
CNN(N(N)C)N(N)NN
CNN(N(N)C)NN(N)N
CNN(N(N)C)NNNN
CNN(N(N)N)C(N)(N)N
CNN(N(N)N)C(N)NN
CNN(N(N)N)CN(N)N
CNN(N(N)N)CNNN
CNN(N(N)N)N(C)NN
CNN(N(N)N)N(N)CN
CNN(N(N)N)N(N)NC
CNN(N(N)N)NC(N)N
CNN(N(N)N)NCNN
CNN(N(N)N)NN(N)C
CNN(N(N)N)NNCN
CNN(N)C(N(N)N)NN
CNN(N)C(N)(N)N(N)N
CNN(N)C(N)(N)NNN
CNN(N)C(N)(NN)NN
CNN(N)C(N)N(N)NN
CNN(N)C(N)NN(N)N
CNN(N)C(N)NNNN
CNN(N)C(NN)NNN
CNN(N)CN(N)N(N)N
CNN(N)CN(N)NNN
CNN(N)CN(NN)NN
CNN(N)CNN(N)NN
CNN(N)CNNN(N)N
CNN(N)CNNNNN
CNN(N)N(C)N(N)NN
CNN(N)N(C)NN(N)N
CNN(N)N(C)NNNN
CNN(N)N(CN)NNN
CNN(N)N(N(N)C)NN
CNN(N)N(N(N)N)CN
CNN(N)N(N)C(N)(N)N
CNN(N)N(N)C(N)NN
CNN(N)N(N)CN(N)N
CNN(N)N(N)CNNN
CNN(N)N(N)N(C)NN
CNN(N)N(N)N(N)CN
CNN(N)N(N)N(N)NC
CNN(N)N(N)NC(N)N
CNN(N)N(N)NCNN
CNN(N)N(N)NN(N)C
CNN(N)N(N)NNCN
CNN(N)N(NC)NNN
CNN(N)N(NN)C(N)N
CNN(N)N(NN)CNN
CNN(N)N(NN)NCN
CNN(N)NC(N)(N)NN
CNN(N)NC(N)N(N)N
CNN(N)NC(N)NNN
CNN(N)NC(NN)NN
CNN(N)NCN(N)NN
CNN(N)NCNN(N)N
CNN(N)NCNNNN
CNN(N)NN(C)N(N)N
CNN(N)NN(C)NNN
CNN(N)NN(N)C(N)N
CNN(N)NN(N)CNN
CNN(N)NN(N)N(N)C
CNN(N)NN(N)NCN
CNN(N)NN(NN)CN
CNN(N)NNC(N)(N)N
CNN(N)NNC(N)NN
CNN(N)NNCN(N)N
CNN(N)NNCNNN
CNN(N)NNN(C)NN
CNN(N)NNN(N)CN
CNN(N)NNN(N)NC
CNN(N)NNNC(N)N
CNN(N)NNNCNN
CNN(N)NNNN(N)C
CNN(N)NNNNCN
CNN(NC)N(N)N(N)N
CNN(NC)N(N)NNN
CNN(NC)N(NN)NN
CNN(NC)NN(N)NN
CNN(NC)NNN(N)N
CNN(NC)NNNNN
CNN(NN)C(N)(N)NN
CNN(NN)C(N)N(N)N
CNN(NN)C(N)NNN
CNN(NN)C(NN)NN
CNN(NN)CN(N)NN
CNN(NN)CNN(N)N
CNN(NN)CNNNN
CNN(NN)N(C)N(N)N
CNN(NN)N(C)NNN
CNN(NN)N(N)C(N)N
CNN(NN)N(N)CNN
CNN(NN)N(N)N(N)C
CNN(NN)N(N)NCN
CNN(NN)N(NC)NN
CNN(NN)N(NN)CN
CNN(NN)NC(N)(N)N
CNN(NN)NC(N)NN
CNN(NN)NCN(N)N
CNN(NN)NCNNN
CNN(NN)NN(C)NN
CNN(NN)NN(N)CN
CNN(NN)NN(N)NC
CNN(NN)NNC(N)N
CNN(NN)NNCNN
CNN(NN)NNN(N)C
CNN(NN)NNNCN
CNNC(N(N)N)N(N)N
CNNC(N(N)N)NNN
CNNC(N)(N(N)N)NN
CNNC(N)(N)N(N)NN
CNNC(N)(N)NN(N)N
CNNC(N)(N)NNNN
CNNC(N)(NN)NNN
CNNC(N)N(N)N(N)N
CNNC(N)N(N)NNN
CNNC(N)N(NN)NN
CNNC(N)NN(N)NN
CNNC(N)NNN(N)N
CNNC(N)NNNNN
CNNC(NN)(NN)NN
CNNC(NN)N(N)NN
CNNC(NN)NN(N)N
CNNC(NN)NNNN
CNNC(NNN)NNN
CNNCN(N(N)N)NN
CNNCN(N)N(N)NN
CNNCN(N)NN(N)N
CNNCN(N)NNNN
CNNCN(NN)NNN
CNNCNN(N)N(N)N
CNNCNN(N)NNN
CNNCNN(NN)NN
CNNCNNN(N)NN
CNNCNNNN(N)N
CNNCNNNNNN
CNNN(C(N)N)NNN
CNNN(C)N(N)N(N)N
CNNN(C)N(N)NNN
CNNN(C)N(NN)NN
CNNN(C)NN(N)NN
CNNN(C)NNN(N)N
CNNN(C)NNNNN
CNNN(CN)N(N)NN
CNNN(CN)NN(N)N
CNNN(CN)NNNN
CNNN(N(N)C)N(N)N
CNNN(N(N)C)NNN
CNNN(N(N)N)C(N)N
CNNN(N(N)N)CNN
CNNN(N(N)N)NCN
CNNN(N(N)N)NNC
CNNN(N)C(N)(N)NN
CNNN(N)C(N)N(N)N
CNNN(N)C(N)NNN
CNNN(N)C(NN)NN
CNNN(N)CN(N)NN
CNNN(N)CNN(N)N
CNNN(N)CNNNN
CNNN(N)N(C)N(N)N
CNNN(N)N(C)NNN
CNNN(N)N(N)C(N)N
CNNN(N)N(N)CNN
CNNN(N)N(N)N(N)C
CNNN(N)N(N)NCN
CNNN(N)N(N)NNC
CNNN(N)N(NC)NN
CNNN(N)N(NN)CN
CNNN(N)NC(N)(N)N
CNNN(N)NC(N)NN
CNNN(N)NCN(N)N
CNNN(N)NCNNN
CNNN(N)NN(C)NN
CNNN(N)NN(N)CN
CNNN(N)NN(N)NC
CNNN(N)NNC(N)N
CNNN(N)NNCNN
CNNN(N)NNN(N)C
CNNN(N)NNNCN
CNNN(NC)N(N)NN
CNNN(NC)NN(N)N
CNNN(NC)NNNN
CNNN(NCN)NNN
CNNN(NN)C(N)(N)N
CNNN(NN)C(N)NN
CNNN(NN)CN(N)N
CNNN(NN)CNNN
CNNN(NN)N(C)NN
CNNN(NN)N(N)CN
CNNN(NN)N(N)NC
CNNN(NN)NC(N)N
CNNN(NN)NCNN
CNNN(NN)NN(N)C
CNNN(NN)NNCN
CNNN(NNC)NNN
CNNN(NNN)CNN
CNNNC(N(N)N)NN
CNNNC(N)(N)N(N)N
CNNNC(N)(N)NNN
CNNNC(N)(NN)NN
CNNNC(N)N(N)NN
CNNNC(N)NN(N)N
CNNNC(N)NNNN
CNNNC(NN)NNN
CNNNCN(N)N(N)N
CNNNCN(N)NNN
CNNNCN(NN)NN
CNNNCNN(N)NN
CNNNCNNN(N)N
CNNNCNNNNN
CNNNN(C)N(N)NN
CNNNN(C)NN(N)N
CNNNN(C)NNNN
CNNNN(CN)NNN
CNNNN(N(N)C)NN
CNNNN(N(N)N)CN
CNNNN(N(N)N)NC
CNNNN(N)C(N)(N)N
CNNNN(N)C(N)NN
CNNNN(N)CN(N)N
CNNNN(N)CNNN
CNNNN(N)N(C)NN
CNNNN(N)N(N)CN
CNNNN(N)N(N)NC
CNNNN(N)NC(N)N
CNNNN(N)NCNN
CNNNN(N)NN(N)C
CNNNN(N)NNCN
CNNNN(N)NNNC
CNNNN(NC)NNN
CNNNN(NN)C(N)N
CNNNN(NN)CNN
CNNNN(NN)NCN
CNNNN(NN)NNC
CNNNNC(N)(N)NN
CNNNNC(N)N(N)N
CNNNNC(N)NNN
CNNNNC(NN)NN
CNNNNCN(N)NN
CNNNNCNN(N)N
CNNNNCNNNN
CNNNNN(C)N(N)N
CNNNNN(C)NNN
CNNNNN(N)C(N)N
CNNNNN(N)CNN
CNNNNN(N)N(N)C
CNNNNN(N)NCN
CNNNNN(N)NNC
CNNNNN(NC)NN
CNNNNN(NN)CN
CNNNNNC(N)(N)N
CNNNNNC(N)NN
CNNNNNCN(N)N
CNNNNNCNNN
CNNNNNN(C)NN
CNNNNNN(N)CN
CNNNNNN(N)NC
CNNNNNNC(N)N
CNNNNNNCNN
CNNNNNNN(N)C
CNNNNNNNCN
CNNNNNNNNC
NC(N)(N)C(N(N)N)NN
NC(N)(N)C(N)(N)N(N)N
NC(N)(N)C(N)(N)NNN
NC(N)(N)C(N)(NN)NN
NC(N)(N)C(N)N(N)NN
NC(N)(N)C(N)NN(N)N
NC(N)(N)C(N)NNNN
NC(N)(N)C(NN)NNN
NC(N)(N)CN(N)N(N)N
NC(N)(N)CN(N)NNN
NC(N)(N)CN(NN)NN
NC(N)(N)CNN(N)NN
NC(N)(N)CNNN(N)N
NC(N)(N)CNNNNN
NC(N)(N)N(C)N(N)NN
NC(N)(N)N(C)NN(N)N
NC(N)(N)N(C)NNNN
NC(N)(N)N(N)C(N)(N)N
NC(N)(N)N(N)C(N)NN
NC(N)(N)N(N)CN(N)N
NC(N)(N)N(N)CNNN
NC(N)(N)N(N)N(C)NN
NC(N)(N)N(N)NCNN
NC(N)(N)N(NN)CNN
NC(N)(N)NC(N)(N)NN
NC(N)(N)NC(N)N(N)N
NC(N)(N)NC(N)NNN
NC(N)(N)NC(NN)NN
NC(N)(N)NCN(N)NN
NC(N)(N)NCNN(N)N
NC(N)(N)NCNNNN
NC(N)(N)NN(C)N(N)N
NC(N)(N)NN(C)NNN
NC(N)(N)NN(N)CNN
NC(N)(N)NNC(N)(N)N
NC(N)(N)NNC(N)NN
NC(N)(N)NNCN(N)N
NC(N)(N)NNCNNN
NC(N)(N)NNN(C)NN
NC(N)(N)NNNCNN
NC(N)C(N(N)N)N(N)N
NC(N)C(N(N)N)NNN
NC(N)C(N)(N(N)N)NN
NC(N)C(N)(N)N(N)NN
NC(N)C(N)(N)NN(N)N
NC(N)C(N)(N)NNNN
NC(N)C(N)(NN)NNN
NC(N)C(N)N(N)N(N)N
NC(N)C(N)N(N)NNN
NC(N)C(N)N(NN)NN
NC(N)C(N)NN(N)NN
NC(N)C(N)NNN(N)N
NC(N)C(N)NNNNN
NC(N)C(NN)(NN)NN
NC(N)C(NN)N(N)NN
NC(N)C(NN)NN(N)N
NC(N)C(NN)NNNN
NC(N)CN(N(N)N)NN
NC(N)CN(N)N(N)NN
NC(N)CN(N)NN(N)N
NC(N)CN(N)NNNN
NC(N)CN(NN)NNN
NC(N)CNN(N)N(N)N
NC(N)CNN(N)NNN
NC(N)CNN(NN)NN
NC(N)CNNN(N)NN
NC(N)CNNNN(N)N
NC(N)CNNNNNN
NC(N)N(C(N)N)NNN
NC(N)N(C)N(N)N(N)N
NC(N)N(C)N(N)NNN
NC(N)N(C)N(NN)NN
NC(N)N(C)NN(N)NN
NC(N)N(C)NNN(N)N
NC(N)N(C)NNNNN
NC(N)N(N(N)N)C(N)N
NC(N)N(N(N)N)CNN
NC(N)N(N)C(N)(N)NN
NC(N)N(N)C(N)N(N)N
NC(N)N(N)C(N)NNN
NC(N)N(N)C(NN)NN
NC(N)N(N)CN(N)NN
NC(N)N(N)CNN(N)N
NC(N)N(N)CNNNN
NC(N)N(N)N(C)N(N)N
NC(N)N(N)N(C)NNN
NC(N)N(N)N(N)C(N)N
NC(N)N(N)N(N)CNN
NC(N)N(N)NC(N)(N)N
NC(N)N(N)NC(N)NN
NC(N)N(N)NCN(N)N
NC(N)N(N)NCNNN
NC(N)N(N)NN(C)NN
NC(N)N(N)NNCNN
NC(N)N(NN)C(N)(N)N
NC(N)N(NN)C(N)NN
NC(N)N(NN)CN(N)N
NC(N)N(NN)CNNN
NC(N)N(NN)N(C)NN
NC(N)N(NN)NCNN
NC(N)NC(N(N)N)NN
NC(N)NC(N)(N)N(N)N
NC(N)NC(N)(N)NNN
NC(N)NC(N)(NN)NN
NC(N)NC(N)N(N)NN
NC(N)NC(N)NN(N)N
NC(N)NC(N)NNNN
NC(N)NC(NN)NNN
NC(N)NCN(N)N(N)N
NC(N)NCN(N)NNN
NC(N)NCN(NN)NN
NC(N)NCNN(N)NN
NC(N)NCNNN(N)N
NC(N)NCNNNNN
NC(N)NN(C)N(N)NN
NC(N)NN(C)NN(N)N
NC(N)NN(C)NNNN
NC(N)NN(CN)NNN
NC(N)NN(N)C(N)(N)N
NC(N)NN(N)C(N)NN
NC(N)NN(N)CN(N)N
NC(N)NN(N)CNNN
NC(N)NN(N)N(C)NN
NC(N)NN(N)NC(N)N
NC(N)NN(N)NCNN
NC(N)NN(NC)NNN
NC(N)NN(NN)C(N)N
NC(N)NN(NN)CNN
NC(N)NNC(N)(N)NN
NC(N)NNC(N)N(N)N
NC(N)NNC(N)NNN
NC(N)NNC(NN)NN
NC(N)NNCN(N)NN
NC(N)NNCNN(N)N
NC(N)NNCNNNN
NC(N)NNN(C)N(N)N
NC(N)NNN(C)NNN
NC(N)NNN(N)C(N)N
NC(N)NNN(N)CNN
NC(N)NNNC(N)(N)N
NC(N)NNNC(N)NN
NC(N)NNNCN(N)N
NC(N)NNNCNNN
NC(N)NNNN(C)NN
NC(N)NNNNC(N)N
NC(N)NNNNCNN
NCC(N(N)N)N(N)NN
NCC(N(N)N)NN(N)N
NCC(N(N)N)NNNN
NCC(N)(N(N)N)N(N)N
NCC(N)(N(N)N)NNN
NCC(N)(N)N(N)N(N)N
NCC(N)(N)N(N)NNN
NCC(N)(N)N(NN)NN
NCC(N)(N)NN(N)NN
NCC(N)(N)NNN(N)N
NCC(N)(N)NNNNN
NCC(N)(NN)N(N)NN
NCC(N)(NN)NN(N)N
NCC(N)(NN)NNNN
NCC(N)N(N(N)N)NN
NCC(N)N(N)N(N)NN
NCC(N)N(N)NN(N)N
NCC(N)N(N)NNNN
NCC(N)N(NN)NNN
NCC(N)NN(N)N(N)N
NCC(N)NN(N)NNN
NCC(N)NN(NN)NN
NCC(N)NNN(N)NN
NCC(N)NNNN(N)N
NCC(N)NNNNNN
NCC(NN)(N(N)N)NN
NCC(NN)(NN)NNN
NCC(NN)N(N)N(N)N
NCC(NN)N(N)NNN
NCC(NN)N(NN)NN
NCC(NN)NN(N)NN
NCC(NN)NNN(N)N
NCC(NN)NNNNN
NCCN(N(N)N)N(N)N
NCCN(N(N)N)NNN
NCCN(N)N(N)N(N)N
NCCN(N)N(N)NNN
NCCN(N)N(NN)NN
NCCN(N)NN(N)NN
NCCN(N)NNN(N)N
NCCN(N)NNNNN
NCCN(NN)N(N)NN
NCCN(NN)NN(N)N
NCCN(NN)NNNN
NCCN(NNN)NNN
NCCNN(N(N)N)NN
NCCNN(N)N(N)NN
NCCNN(N)NN(N)N
NCCNN(N)NNNN
NCCNN(NN)NNN
NCCNNN(N)N(N)N
NCCNNN(N)NNN
NCCNNN(NN)NN
NCCNNNN(N)NN
NCCNNNNN(N)N
NCCNNNNNNN
NCN(C(N)(N)N)NNN
NCN(C(N)N)N(N)NN
NCN(C(N)N)NN(N)N
NCN(C(N)N)NNNN
NCN(C)N(N(N)N)NN
NCN(C)N(N)N(N)NN
NCN(C)N(N)NN(N)N
NCN(C)N(N)NNNN
NCN(C)N(NN)NNN
NCN(C)NN(N)N(N)N
NCN(C)NN(N)NNN
NCN(C)NN(NN)NN
NCN(C)NNN(N)NN
NCN(C)NNNN(N)N
NCN(C)NNNNNN
NCN(CN)N(N)N(N)N
NCN(CN)N(N)NNN
NCN(CN)N(NN)NN
NCN(CN)NN(N)NN
NCN(CN)NNN(N)N
NCN(CN)NNNNN
NCN(N(N)N)C(N)(N)N
NCN(N(N)N)C(N)NN
NCN(N(N)N)CN(N)N
NCN(N(N)N)CNNN
NCN(N(N)N)N(C)NN
NCN(N(N)N)N(N)CN
NCN(N(N)N)NC(N)N
NCN(N(N)N)NCNN
NCN(N)C(N(N)N)NN
NCN(N)C(N)(N)N(N)N
NCN(N)C(N)(N)NNN
NCN(N)C(N)(NN)NN
NCN(N)C(N)N(N)NN
NCN(N)C(N)NN(N)N
NCN(N)C(N)NNNN
NCN(N)C(NN)NNN
NCN(N)CN(N)N(N)N
NCN(N)CN(N)NNN
NCN(N)CN(NN)NN
NCN(N)CNN(N)NN
NCN(N)CNNN(N)N
NCN(N)CNNNNN
NCN(N)N(C)N(N)NN
NCN(N)N(C)NN(N)N
NCN(N)N(C)NNNN
NCN(N)N(CN)NNN
NCN(N)N(N)C(N)(N)N
NCN(N)N(N)C(N)NN
NCN(N)N(N)CN(N)N
NCN(N)N(N)CNNN
NCN(N)N(N)N(C)NN
NCN(N)N(N)N(N)CN
NCN(N)N(N)NC(N)N
NCN(N)N(N)NCNN
NCN(N)N(NC)NNN
NCN(N)N(NN)C(N)N
NCN(N)N(NN)CNN
NCN(N)NC(N)(N)NN
NCN(N)NC(N)N(N)N
NCN(N)NC(N)NNN
NCN(N)NC(NN)NN
NCN(N)NCN(N)NN
NCN(N)NCNN(N)N
NCN(N)NCNNNN
NCN(N)NN(C)N(N)N
NCN(N)NN(C)NNN
NCN(N)NN(N)C(N)N
NCN(N)NN(N)CNN
NCN(N)NNC(N)(N)N
NCN(N)NNC(N)NN
NCN(N)NNCN(N)N
NCN(N)NNCNNN
NCN(N)NNN(C)NN
NCN(N)NNN(N)CN
NCN(N)NNNC(N)N
NCN(N)NNNCNN
NCN(NN)C(N)(N)NN
NCN(NN)C(N)N(N)N
NCN(NN)C(N)NNN
NCN(NN)C(NN)NN
NCN(NN)CN(N)NN
NCN(NN)CNN(N)N
NCN(NN)CNNNN
NCN(NN)N(C)N(N)N
NCN(NN)N(C)NNN
NCN(NN)N(N)C(N)N
NCN(NN)N(N)CNN
NCN(NN)N(NN)CN
NCN(NN)NC(N)(N)N
NCN(NN)NC(N)NN
NCN(NN)NCN(N)N
NCN(NN)NCNNN
NCN(NN)NN(C)NN
NCN(NN)NN(N)CN
NCN(NN)NNC(N)N
NCN(NN)NNCNN
NCNC(N(N)N)N(N)N
NCNC(N(N)N)NNN
NCNC(N)(N(N)N)NN
NCNC(N)(N)N(N)NN
NCNC(N)(N)NN(N)N
NCNC(N)(N)NNNN
NCNC(N)(NN)NNN
NCNC(N)N(N)N(N)N
NCNC(N)N(N)NNN
NCNC(N)N(NN)NN
NCNC(N)NN(N)NN
NCNC(N)NNN(N)N
NCNC(N)NNNNN
NCNC(NN)(NN)NN
NCNC(NN)N(N)NN
NCNC(NN)NN(N)N
NCNC(NN)NNNN
NCNC(NNN)NNN
NCNCN(N(N)N)NN
NCNCN(N)N(N)NN
NCNCN(N)NN(N)N
NCNCN(N)NNNN
NCNCN(NN)NNN
NCNCNN(N)N(N)N
NCNCNN(N)NNN
NCNCNN(NN)NN
NCNCNNN(N)NN
NCNCNNNN(N)N
NCNCNNNNNN
NCNN(C(N)N)NNN
NCNN(C)N(N)N(N)N
NCNN(C)N(N)NNN
NCNN(C)N(NN)NN
NCNN(C)NN(N)NN
NCNN(C)NNN(N)N
NCNN(C)NNNNN
NCNN(CN)N(N)NN
NCNN(CN)NN(N)N
NCNN(CN)NNNN
NCNN(N(N)C)NNN
NCNN(N(N)N)C(N)N
NCNN(N(N)N)CNN
NCNN(N(N)N)NCN
NCNN(N)C(N)(N)NN
NCNN(N)C(N)N(N)N
NCNN(N)C(N)NNN
NCNN(N)C(NN)NN
NCNN(N)CN(N)NN
NCNN(N)CNN(N)N
NCNN(N)CNNNN
NCNN(N)N(C)N(N)N
NCNN(N)N(C)NNN
NCNN(N)N(N)C(N)N
NCNN(N)N(N)CNN
NCNN(N)N(N)NCN
NCNN(N)N(NN)CN
NCNN(N)NC(N)(N)N
NCNN(N)NC(N)NN
NCNN(N)NCN(N)N
NCNN(N)NCNNN
NCNN(N)NN(C)NN
NCNN(N)NN(N)CN
NCNN(N)NNC(N)N
NCNN(N)NNCNN
NCNN(NC)N(N)NN
NCNN(NC)NN(N)N
NCNN(NC)NNNN
NCNN(NCN)NNN
NCNN(NN)C(N)(N)N
NCNN(NN)C(N)NN
NCNN(NN)CN(N)N
NCNN(NN)CNNN
NCNN(NN)N(C)NN
NCNN(NN)N(N)CN
NCNN(NN)NC(N)N
NCNN(NN)NCNN
NCNN(NNN)CNN
NCNNC(N(N)N)NN
NCNNC(N)(N)N(N)N
NCNNC(N)(N)NNN
NCNNC(N)(NN)NN
NCNNC(N)N(N)NN
NCNNC(N)NN(N)N
NCNNC(N)NNNN
NCNNC(NN)NNN
NCNNCN(N)N(N)N
NCNNCN(N)NNN
NCNNCN(NN)NN
NCNNCNN(N)NN
NCNNCNNN(N)N
NCNNCNNNNN
NCNNN(C)N(N)NN
NCNNN(C)NN(N)N
NCNNN(C)NNNN
NCNNN(CN)NNN
NCNNN(N(N)N)CN
NCNNN(N)C(N)(N)N
NCNNN(N)C(N)NN
NCNNN(N)CN(N)N
NCNNN(N)CNNN
NCNNN(N)N(C)NN
NCNNN(N)N(N)CN
NCNNN(N)NC(N)N
NCNNN(N)NCNN
NCNNN(N)NNCN
NCNNN(NC)NNN
NCNNN(NN)C(N)N
NCNNN(NN)CNN
NCNNN(NN)NCN
NCNNNC(N)(N)NN
NCNNNC(N)N(N)N
NCNNNC(N)NNN
NCNNNC(NN)NN
NCNNNCN(N)NN
NCNNNCNN(N)N
NCNNNCNNNN
NCNNNN(C)N(N)N
NCNNNN(C)NNN
NCNNNN(N)C(N)N
NCNNNN(N)CNN
NCNNNN(N)NCN
NCNNNN(NN)CN
NCNNNNC(N)(N)N
NCNNNNC(N)NN
NCNNNNCN(N)N
NCNNNNCNNN
NCNNNNN(C)NN
NCNNNNN(N)CN
NCNNNNNC(N)N
NCNNNNNCNN
NCNNNNNNCN
NN(N)C(N)C(N)N(N)N
NN(N)CC(N)(N)N(N)N
NN(N)CN(N)CN(N)N
NN(N)CNC(N)N(N)N
NN(N)CNNCN(N)N
NN(N)N(C)C(N)N(N)N
NN(N)N(C)N(C)N(N)N
NN(N)N(C)NCN(N)N
NN(N)N(N)C(C)N(N)N
NN(N)N(N)CCN(N)N
NN(N)NC(C)(N)N(N)N
NN(N)NC(C)NN(N)N
NN(N)NC(N)CN(N)N
NN(N)NCC(N)N(N)N
NN(N)NCCNN(N)N
NN(N)NCN(C)N(N)N
NN(N)NCNCN(N)N
NN(N)NN(C)CN(N)N
NN(N)NNC(C)N(N)N
NN(N)NNCCN(N)N
NNC(C)(N(N)N)N(N)N
NNC(C)(N(N)N)NNN
NNC(C)(N)N(N)N(N)N
NNC(C)(N)N(N)NNN
NNC(C)(N)N(NN)NN
NNC(C)(N)NN(N)NN
NNC(C)(N)NNN(N)N
NNC(C)(N)NNNNN
NNC(C)(NN)N(N)NN
NNC(C)(NN)NN(N)N
NNC(C)(NN)NNNN
NNC(C)N(N(N)N)NN
NNC(C)N(N)N(N)NN
NNC(C)N(N)NN(N)N
NNC(C)N(N)NNNN
NNC(C)N(NN)NNN
NNC(C)NN(N)N(N)N
NNC(C)NN(N)NNN
NNC(C)NN(NN)NN
NNC(C)NNN(N)NN
NNC(C)NNNN(N)N
NNC(C)NNNNNN
NNC(N(N)N)C(N)NN
NNC(N(N)N)CN(N)N
NNC(N(N)N)CNNN
NNC(N(N)N)N(C)NN
NNC(N)(N)C(N)(N)NN
NNC(N)(N)C(N)N(N)N
NNC(N)(N)C(N)NNN
NNC(N)(N)CN(N)NN
NNC(N)(N)CNN(N)N
NNC(N)(N)CNNNN
NNC(N)(N)N(C)N(N)N
NNC(N)(N)N(C)NNN
NNC(N)(N)NCN(N)N
NNC(N)(N)NCNNN
NNC(N)(N)NN(C)NN
NNC(N)(NN)CN(N)N
NNC(N)(NN)CNNN
NNC(N)(NN)N(C)NN
NNC(N)C(N)(N)N(N)N
NNC(N)C(N)(N)NNN
NNC(N)C(N)(NN)NN
NNC(N)C(N)N(N)NN
NNC(N)C(N)NN(N)N
NNC(N)C(N)NNNN
NNC(N)C(NN)NNN
NNC(N)CN(N)N(N)N
NNC(N)CN(N)NNN
NNC(N)CN(NN)NN
NNC(N)CNN(N)NN
NNC(N)CNNN(N)N
NNC(N)CNNNNN
NNC(N)N(C)N(N)NN
NNC(N)N(C)NN(N)N
NNC(N)N(C)NNNN
NNC(N)N(CN)NNN
NNC(N)N(N)C(N)NN
NNC(N)N(N)CN(N)N
NNC(N)N(N)CNNN
NNC(N)N(N)N(C)NN
NNC(N)N(NC)NNN
NNC(N)NC(N)(N)NN
NNC(N)NC(N)N(N)N
NNC(N)NC(N)NNN
NNC(N)NCN(N)NN
NNC(N)NCNN(N)N
NNC(N)NCNNNN
NNC(N)NN(C)N(N)N
NNC(N)NN(C)NNN
NNC(N)NNC(N)NN
NNC(N)NNCN(N)N
NNC(N)NNCNNN
NNC(N)NNN(C)NN
NNC(NN)C(N)(N)NN
NNC(NN)C(N)N(N)N
NNC(NN)C(N)NNN
NNC(NN)C(NN)NN
NNC(NN)CN(N)NN
NNC(NN)CNN(N)N
NNC(NN)CNNNN
NNC(NN)N(C)N(N)N
NNC(NN)N(C)NNN
NNC(NN)NC(N)NN
NNC(NN)NCN(N)N
NNC(NN)NCNNN
NNC(NN)NN(C)NN
NNCC(N(N)N)N(N)N
NNCC(N(N)N)NNN
NNCC(N)(N(N)N)NN
NNCC(N)(N)N(N)NN
NNCC(N)(N)NN(N)N
NNCC(N)(N)NNNN
NNCC(N)(NN)NNN
NNCC(N)N(N)N(N)N
NNCC(N)N(N)NNN
NNCC(N)N(NN)NN
NNCC(N)NN(N)NN
NNCC(N)NNN(N)N
NNCC(N)NNNNN
NNCC(NN)(NN)NN
NNCC(NN)N(N)NN
NNCC(NN)NN(N)N
NNCC(NN)NNNN
NNCC(NNN)NNN
NNCCN(N(N)N)NN
NNCCN(N)N(N)NN
NNCCN(N)NN(N)N
NNCCN(N)NNNN
NNCCN(NN)NNN
NNCCNN(N)N(N)N
NNCCNN(N)NNN
NNCCNN(NN)NN
NNCCNNN(N)NN
NNCCNNNN(N)N
NNCCNNNNNN
NNCN(C(N)N)NNN
NNCN(C)N(N)N(N)N
NNCN(C)N(N)NNN
NNCN(C)N(NN)NN
NNCN(C)NN(N)NN
NNCN(C)NNN(N)N
NNCN(C)NNNNN
NNCN(CN)N(N)NN
NNCN(CN)NN(N)N
NNCN(CN)NNNN
NNCN(N(N)C)NNN
NNCN(N(N)N)CNN
NNCN(N)C(N)(N)NN
NNCN(N)C(N)N(N)N
NNCN(N)C(N)NNN
NNCN(N)C(NN)NN
NNCN(N)CN(N)NN
NNCN(N)CNN(N)N
NNCN(N)CNNNN
NNCN(N)N(C)N(N)N
NNCN(N)N(C)NNN
NNCN(N)N(N)CNN
NNCN(N)NC(N)NN
NNCN(N)NCN(N)N
NNCN(N)NCNNN
NNCN(N)NN(C)NN
NNCN(NC)N(N)NN
NNCN(NC)NN(N)N
NNCN(NC)NNNN
NNCN(NN)C(N)NN
NNCN(NN)CN(N)N
NNCN(NN)CNNN
NNCN(NN)N(C)NN
NNCN(NNN)CNN
NNCNC(N(N)N)NN
NNCNC(N)(N)N(N)N
NNCNC(N)(N)NNN
NNCNC(N)(NN)NN
NNCNC(N)N(N)NN
NNCNC(N)NN(N)N
NNCNC(N)NNNN
NNCNC(NN)NNN
NNCNCN(N)N(N)N
NNCNCN(N)NNN
NNCNCN(NN)NN
NNCNCNN(N)NN
NNCNCNNN(N)N
NNCNCNNNNN
NNCNN(C)N(N)NN
NNCNN(C)NN(N)N
NNCNN(C)NNNN
NNCNN(CN)NNN
NNCNN(N)C(N)NN
NNCNN(N)CN(N)N
NNCNN(N)CNNN
NNCNN(N)N(C)NN
NNCNN(N)NCNN
NNCNN(NC)NNN
NNCNN(NN)CNN
NNCNNC(N)(N)NN
NNCNNC(N)N(N)N
NNCNNC(N)NNN
NNCNNC(NN)NN
NNCNNCN(N)NN
NNCNNCNN(N)N
NNCNNCNNNN
NNCNNN(C)N(N)N
NNCNNN(C)NNN
NNCNNN(N)CNN
NNCNNNC(N)NN
NNCNNNCN(N)N
NNCNNNCNNN
NNCNNNN(C)NN
NNCNNNNCNN
NNN(C)C(N)(N)N(N)N
NNN(C)C(N)N(N)NN
NNN(C)C(N)NN(N)N
NNN(C)CN(N)N(N)N
NNN(C)CN(NN)NN
NNN(C)CNN(N)NN
NNN(C)CNNN(N)N
NNN(C)N(C)NN(N)N
NNN(C)N(N)CN(N)N
NNN(C)N(N)N(C)NN
NNN(C)NC(N)N(N)N
NNN(C)NCN(N)NN
NNN(C)NCNN(N)N
NNN(C)NN(C)N(N)N
NNN(C)NNCN(N)N
NNN(C)NNN(C)NN
NNN(N)C(C)(N)N(N)N
NNN(N)C(C)N(N)NN
NNN(N)C(C)NN(N)N
NNN(N)C(N)CN(N)N
NNN(N)CC(N)N(N)N
NNN(N)CCN(N)NN
NNN(N)CCNN(N)N
NNN(N)CN(C)N(N)N
NNN(N)CNCN(N)N
NNN(N)N(C)CN(N)N
NNN(N)N(C)N(C)NN
NNN(N)NC(C)N(N)N
NNN(N)NCCN(N)N
NNN(NN)C(C)N(N)N
NNN(NN)CCN(N)N
NNNC(C(N)N)NNN
NNNC(C)(N)N(N)NN
NNNC(C)(N)NN(N)N
NNNC(C)(N)NNNN
NNNC(C)(NN)NNN
NNNC(C)N(N)N(N)N
NNNC(C)N(N)NNN
NNNC(C)N(NN)NN
NNNC(C)NN(N)NN
NNNC(C)NNN(N)N
NNNC(C)NNNNN
NNNC(CN)(N)NNN
NNNC(CN)N(N)NN
NNNC(CN)NN(N)N
NNNC(CN)NNNN
NNNC(N(N)C)NNN
NNNC(N)(N)CN(N)N
NNNC(N)(N)N(C)NN
NNNC(N)(NC)NNN
NNNC(N)C(N)N(N)N
NNNC(N)C(N)NNN
NNNC(N)CN(N)NN
NNNC(N)CNN(N)N
NNNC(N)CNNNN
NNNC(N)N(C)N(N)N
NNNC(N)N(C)NNN
NNNC(N)NCN(N)N
NNNC(N)NN(C)NN
NNNC(NC)N(N)NN
NNNC(NC)NN(N)N
NNNC(NC)NNNN
NNNC(NN)CN(N)N
NNNC(NN)N(C)NN
NNNCC(N)(N)N(N)N
NNNCC(N)(N)NNN
NNNCC(N)N(N)NN
NNNCC(N)NN(N)N
NNNCC(N)NNNN
NNNCC(NN)NNN
NNNCCN(N)N(N)N
NNNCCN(N)NNN
NNNCCN(NN)NN
NNNCCNN(N)NN
NNNCCNNN(N)N
NNNCCNNNNN
NNNCN(C)N(N)NN
NNNCN(C)NN(N)N
NNNCN(C)NNNN
NNNCN(CN)NNN
NNNCN(N)CN(N)N
NNNCN(N)CNNN
NNNCN(N)N(C)NN
NNNCN(NC)NNN
NNNCNC(N)N(N)N
NNNCNC(N)NNN
NNNCNCN(N)NN
NNNCNCNN(N)N
NNNCNCNNNN
NNNCNN(C)N(N)N
NNNCNN(C)NNN
NNNCNNCN(N)N
NNNCNNCNNN
NNNCNNN(C)NN
NNNN(C(N)C)NNN
NNNN(C)C(N)N(N)N
NNNN(C)CN(N)NN
NNNN(C)CNN(N)N
NNNN(C)N(C)N(N)N
NNNN(C)N(C)NNN
NNNN(C)NCN(N)N
NNNN(C)NN(C)NN
NNNN(CC)N(N)NN
NNNN(CC)NN(N)N
NNNN(CN)CN(N)N
NNNN(CN)N(C)NN
NNNN(N(C)C)NNN
NNNN(N)C(C)N(N)N
NNNN(N)CCN(N)N
NNNN(N)CN(C)NN
NNNN(NC)CN(N)N
NNNN(NC)N(C)NN
NNNNC(C)(N)N(N)N
NNNNC(C)N(N)NN
NNNNC(C)NN(N)N
NNNNC(C)NNNN
NNNNC(N)CN(N)N
NNNNC(N)N(C)NN
NNNNCC(N)N(N)N
NNNNCCN(N)NN
NNNNCCNN(N)N
NNNNCCNNNN
NNNNCN(C)N(N)N
NNNNCN(C)NNN
NNNNCNCN(N)N
NNNNCNN(C)NN
NNNNN(C)CN(N)N
NNNNN(C)N(C)NN
NNNNN(CC)NNN
NNNNNC(C)N(N)N
NNNNNCCN(N)N
NNNNNCN(C)NN
