CC(O)(O)OOOOOO
CC(O)OOOOOOO
CCOOOOOOOO
COC(O)(O)OOOOO
COC(O)(OO)OOOO
COC(O)OOOOOO
COC(OO)(OO)OOO
COC(OO)OOOOO
COCOOOOOOO
COOC(O)(O)OOOO
COOC(O)(OO)OOO
COOC(O)OOOOO
COOC(OO)(OO)OO
COOC(OO)OOOO
COOC(OOO)OOO
COOCOOOOOO
COOOC(O)(O)OOO
COOOC(O)(OO)OO
COOOC(O)OOOO
COOOC(OO)OOO
COOOCOOOOO
COOOOC(O)(O)OO
COOOOC(O)OOO
COOOOC(OO)OO
COOOOCOOOO
COOOOOC(O)(O)O
COOOOOC(O)OO
COOOOOCOOO
COOOOOOC(O)O
COOOOOOCOO
COOOOOOOCO
COOOOOOOOC
OC(O)(O)OOC(O)(O)O
OC(O)OOOC(O)(O)O
OC(O)OOOOC(O)O
OCOOOOC(O)(O)O
OCOOOOOC(O)O
OCOOOOOOCO
OOC(O)(O)C(O)(O)OO
OOC(O)(O)OC(O)(O)O
OOC(O)(O)OOC(O)O
OOC(O)(O)OOOCO
OOC(O)(OO)C(O)(O)O
OOC(O)(OO)OC(O)O
OOC(O)(OO)OOCO
OOC(O)C(O)(OO)OO
OOC(O)OC(O)(O)OO
OOC(O)OOC(O)(O)O
OOC(O)OOC(O)OO
OOC(O)OOOC(O)O
OOC(O)OOOOCO
OOC(OO)(OO)C(O)O
OOC(OO)(OO)OCO
OOC(OO)C(O)(O)OO
OOC(OO)C(OO)OO
OOC(OO)OC(O)(O)O
OOC(OO)OC(O)OO
OOC(OO)OOC(O)O
OOC(OO)OOOCO
OOCC(OO)(OO)OO
OOCOC(O)(OO)OO
OOCOOC(O)(O)OO
OOCOOC(OO)OO
OOCOOOC(O)(O)O
OOCOOOC(O)OO
OOCOOOOC(O)O
OOCOOOOCOO
OOCOOOOOCO
OOOC(C(O)O)OOO
OOOC(C)(OO)OOO
OOOC(CO)(O)OOO
OOOC(O)(O)C(O)(O)O
OOOC(O)(O)C(O)OO
OOOC(O)(O)OC(O)O
OOOC(O)(O)OCOO
OOOC(O)(O)OOCO
OOOC(O)(OC)OOO
OOOC(O)(OO)C(O)O
OOOC(O)(OO)COO
OOOC(O)(OO)OCO
OOOC(O)C(O)(O)OO
OOOC(O)C(O)OOO
OOOC(O)C(OO)OO
OOOC(O)OC(O)(O)O
OOOC(O)OC(O)OO
OOOC(O)OOC(O)O
OOOC(O)OOCOO
OOOC(O)OOOCO
OOOC(OO)(OO)CO
OOOC(OO)C(O)(O)O
OOOC(OO)C(O)OO
OOOC(OO)OC(O)O
OOOC(OO)OCOO
OOOC(OO)OOCO
OOOC(OOO)COO
OOOC(OOO)OCO
OOOCC(O)(O)OOO
OOOCC(O)(OO)OO
OOOCC(OO)OOO
OOOCOC(O)(O)OO
OOOCOC(O)OOO
OOOCOC(OO)OO
OOOCOOC(O)(O)O
OOOCOOC(O)OO
OOOCOOCOOO
OOOCOOOC(O)O
OOOCOOOCOO
OOOCOOOOCO
OOOOC(C)(O)OOO
OOOOC(C)(OO)OO
OOOOC(C)OOOO
OOOOC(CO)OOO
OOOOC(O)(O)C(O)O
OOOOC(O)(O)COO
OOOOC(O)(O)OCO
OOOOC(O)(OO)CO
OOOOC(O)C(O)(O)O
OOOOC(O)C(O)OO
OOOOC(O)COOO
OOOOC(O)OC(O)O
OOOOC(O)OCOO
OOOOC(O)OOCO
OOOOC(OC)OOO
OOOOC(OO)C(O)O
OOOOC(OO)COO
OOOOC(OO)OCO
OOOOCC(O)(O)OO
OOOOCC(O)OOO
OOOOCC(OO)OO
OOOOCCOOOO
OOOOCOC(O)(O)O
OOOOCOC(O)OO
OOOOCOCOOO
OOOOCOOC(O)O
OOOOCOOCOO
OOOOCOOOCO
OOOOOC(C)(O)OO
OOOOOC(C)OOO
OOOOOC(O)(O)CO
OOOOOC(O)C(O)O
OOOOOC(O)COO
OOOOOC(O)OCO
OOOOOC(OO)CO
OOOOOCC(O)(O)O
OOOOOCC(O)OO
OOOOOCCOOO
OOOOOCOC(O)O
OOOOOCOCOO
OOOOOCOOCO
OOOOOOC(C)OO
OOOOOOC(O)CO
OOOOOOCC(O)O
OOOOOOCCOO
OOOOOOCOCO
OOOOOOOCCO
