CC(Si)(Si)Si(Si(Si)Si)SiSi
CC(Si)(Si)Si(Si)(Si)Si(Si)Si
CC(Si)(Si)Si(Si)(Si)SiSiSi
CC(Si)(Si)Si(Si)(SiSi)SiSi
CC(Si)(Si)Si(Si)Si(Si)(Si)Si
CC(Si)(Si)Si(Si)Si(Si)SiSi
CC(Si)(Si)Si(Si)SiSi(Si)Si
CC(Si)(Si)Si(Si)SiSiSiSi
CC(Si)(Si)Si(SiSi)SiSiSi
CC(Si)(Si)SiSi(Si)(Si)SiSi
CC(Si)(Si)SiSi(Si)Si(Si)Si
CC(Si)(Si)SiSi(Si)SiSiSi
CC(Si)(Si)SiSi(SiSi)SiSi
CC(Si)(Si)SiSiSi(Si)(Si)Si
CC(Si)(Si)SiSiSi(Si)SiSi
CC(Si)(Si)SiSiSiSi(Si)Si
CC(Si)(Si)SiSiSiSiSiSi
CC(Si)Si(Si(Si)(Si)Si)SiSi
CC(Si)Si(Si(Si)Si)Si(Si)Si
CC(Si)Si(Si(Si)Si)SiSiSi
CC(Si)Si(Si)(Si(Si)Si)SiSi
CC(Si)Si(Si)(Si)Si(Si)(Si)Si
CC(Si)Si(Si)(Si)Si(Si)SiSi
CC(Si)Si(Si)(Si)SiSi(Si)Si
CC(Si)Si(Si)(Si)SiSiSiSi
CC(Si)Si(Si)(SiSi)SiSiSi
CC(Si)Si(Si)Si(Si)(Si)SiSi
CC(Si)Si(Si)Si(Si)Si(Si)Si
CC(Si)Si(Si)Si(Si)SiSiSi
CC(Si)Si(Si)Si(SiSi)SiSi
CC(Si)Si(Si)SiSi(Si)(Si)Si
CC(Si)Si(Si)SiSi(Si)SiSi
CC(Si)Si(Si)SiSiSi(Si)Si
CC(Si)Si(Si)SiSiSiSiSi
CC(Si)Si(SiSi)(SiSi)SiSi
CC(Si)Si(SiSi)Si(Si)SiSi
CC(Si)Si(SiSi)SiSi(Si)Si
CC(Si)Si(SiSi)SiSiSiSi
CC(Si)SiSi(Si(Si)Si)SiSi
CC(Si)SiSi(Si)(Si)Si(Si)Si
CC(Si)SiSi(Si)(Si)SiSiSi
CC(Si)SiSi(Si)(SiSi)SiSi
CC(Si)SiSi(Si)Si(Si)(Si)Si
CC(Si)SiSi(Si)Si(Si)SiSi
CC(Si)SiSi(Si)SiSi(Si)Si
CC(Si)SiSi(Si)SiSiSiSi
CC(Si)SiSi(SiSi)SiSiSi
CC(Si)SiSiSi(Si)(Si)SiSi
CC(Si)SiSiSi(Si)Si(Si)Si
CC(Si)SiSiSi(Si)SiSiSi
CC(Si)SiSiSi(SiSi)SiSi
CC(Si)SiSiSiSi(Si)(Si)Si
CC(Si)SiSiSiSi(Si)SiSi
CC(Si)SiSiSiSiSi(Si)Si
CC(Si)SiSiSiSiSiSiSi
CCSi(Si(Si)(Si)Si)Si(Si)Si
CCSi(Si(Si)(Si)Si)SiSiSi
CCSi(Si(Si)Si)Si(Si)SiSi
CCSi(Si(Si)Si)SiSi(Si)Si
CCSi(Si(Si)Si)SiSiSiSi
CCSi(Si)(Si(Si)(Si)Si)SiSi
CCSi(Si)(Si(Si)Si)Si(Si)Si
CCSi(Si)(Si(Si)Si)SiSiSi
CCSi(Si)(Si)Si(Si)(Si)SiSi
CCSi(Si)(Si)Si(Si)Si(Si)Si
CCSi(Si)(Si)Si(Si)SiSiSi
CCSi(Si)(Si)Si(SiSi)SiSi
CCSi(Si)(Si)SiSi(Si)(Si)Si
CCSi(Si)(Si)SiSi(Si)SiSi
CCSi(Si)(Si)SiSiSi(Si)Si
CCSi(Si)(Si)SiSiSiSiSi
CCSi(Si)(SiSi)Si(Si)SiSi
CCSi(Si)(SiSi)SiSi(Si)Si
CCSi(Si)(SiSi)SiSiSiSi
CCSi(Si)Si(Si(Si)Si)SiSi
CCSi(Si)Si(Si)(Si)Si(Si)Si
CCSi(Si)Si(Si)(Si)SiSiSi
CCSi(Si)Si(Si)(SiSi)SiSi
CCSi(Si)Si(Si)Si(Si)(Si)Si
CCSi(Si)Si(Si)Si(Si)SiSi
CCSi(Si)Si(Si)SiSi(Si)Si
CCSi(Si)Si(Si)SiSiSiSi
CCSi(Si)Si(SiSi)SiSiSi
CCSi(Si)SiSi(Si)(Si)SiSi
CCSi(Si)SiSi(Si)Si(Si)Si
CCSi(Si)SiSi(Si)SiSiSi
CCSi(Si)SiSi(SiSi)SiSi
CCSi(Si)SiSiSi(Si)(Si)Si
CCSi(Si)SiSiSi(Si)SiSi
CCSi(Si)SiSiSiSi(Si)Si
CCSi(Si)SiSiSiSiSiSi
CCSi(SiSi)(Si(Si)Si)SiSi
CCSi(SiSi)(SiSi)SiSiSi
CCSi(SiSi)Si(Si)(Si)SiSi
CCSi(SiSi)Si(Si)Si(Si)Si
CCSi(SiSi)Si(Si)SiSiSi
CCSi(SiSi)Si(SiSi)SiSi
CCSi(SiSi)SiSi(Si)(Si)Si
CCSi(SiSi)SiSi(Si)SiSi
CCSi(SiSi)SiSiSi(Si)Si
CCSi(SiSi)SiSiSiSiSi
CCSiSi(Si(Si)(Si)Si)SiSi
CCSiSi(Si(Si)Si)Si(Si)Si
CCSiSi(Si(Si)Si)SiSiSi
CCSiSi(Si)(Si(Si)Si)SiSi
CCSiSi(Si)(Si)Si(Si)(Si)Si
CCSiSi(Si)(Si)Si(Si)SiSi
CCSiSi(Si)(Si)SiSi(Si)Si
CCSiSi(Si)(Si)SiSiSiSi
CCSiSi(Si)(SiSi)SiSiSi
CCSiSi(Si)Si(Si)(Si)SiSi
CCSiSi(Si)Si(Si)Si(Si)Si
CCSiSi(Si)Si(Si)SiSiSi
CCSiSi(Si)Si(SiSi)SiSi
CCSiSi(Si)SiSi(Si)(Si)Si
CCSiSi(Si)SiSi(Si)SiSi
CCSiSi(Si)SiSiSi(Si)Si
CCSiSi(Si)SiSiSiSiSi
CCSiSi(SiSi)(SiSi)SiSi
CCSiSi(SiSi)Si(Si)SiSi
CCSiSi(SiSi)SiSi(Si)Si
CCSiSi(SiSi)SiSiSiSi
CCSiSi(SiSiSi)SiSiSi
CCSiSiSi(Si(Si)Si)SiSi
CCSiSiSi(Si)(Si)Si(Si)Si
CCSiSiSi(Si)(Si)SiSiSi
CCSiSiSi(Si)(SiSi)SiSi
CCSiSiSi(Si)Si(Si)(Si)Si
CCSiSiSi(Si)Si(Si)SiSi
CCSiSiSi(Si)SiSi(Si)Si
CCSiSiSi(Si)SiSiSiSi
CCSiSiSi(SiSi)SiSiSi
CCSiSiSiSi(Si)(Si)SiSi
CCSiSiSiSi(Si)Si(Si)Si
CCSiSiSiSi(Si)SiSiSi
CCSiSiSiSi(SiSi)SiSi
CCSiSiSiSiSi(Si)(Si)Si
CCSiSiSiSiSi(Si)SiSi
CCSiSiSiSiSiSi(Si)Si
CCSiSiSiSiSiSiSiSi
CSi(C)(Si)Si(Si(Si)Si)SiSi
CSi(C)(Si)Si(Si)(Si)Si(Si)Si
CSi(C)(Si)Si(Si)(Si)SiSiSi
CSi(C)(Si)Si(Si)(SiSi)SiSi
CSi(C)(Si)Si(Si)Si(Si)(Si)Si
CSi(C)(Si)Si(Si)Si(Si)SiSi
CSi(C)(Si)Si(Si)SiSi(Si)Si
CSi(C)(Si)Si(Si)SiSiSiSi
CSi(C)(Si)Si(SiSi)SiSiSi
CSi(C)(Si)SiSi(Si)(Si)SiSi
CSi(C)(Si)SiSi(Si)Si(Si)Si
CSi(C)(Si)SiSi(Si)SiSiSi
CSi(C)(Si)SiSi(SiSi)SiSi
CSi(C)(Si)SiSiSi(Si)(Si)Si
CSi(C)(Si)SiSiSi(Si)SiSi
CSi(C)(Si)SiSiSiSi(Si)Si
CSi(C)(Si)SiSiSiSiSiSi
CSi(C)Si(Si(Si)(Si)Si)SiSi
CSi(C)Si(Si(Si)Si)Si(Si)Si
CSi(C)Si(Si(Si)Si)SiSiSi
CSi(C)Si(Si)(Si(Si)Si)SiSi
CSi(C)Si(Si)(Si)Si(Si)(Si)Si
CSi(C)Si(Si)(Si)Si(Si)SiSi
CSi(C)Si(Si)(Si)SiSi(Si)Si
CSi(C)Si(Si)(Si)SiSiSiSi
CSi(C)Si(Si)(SiSi)SiSiSi
CSi(C)Si(Si)Si(Si)(Si)SiSi
CSi(C)Si(Si)Si(Si)Si(Si)Si
CSi(C)Si(Si)Si(Si)SiSiSi
CSi(C)Si(Si)Si(SiSi)SiSi
CSi(C)Si(Si)SiSi(Si)(Si)Si
CSi(C)Si(Si)SiSi(Si)SiSi
CSi(C)Si(Si)SiSiSi(Si)Si
CSi(C)Si(Si)SiSiSiSiSi
CSi(C)Si(SiSi)(SiSi)SiSi
CSi(C)Si(SiSi)Si(Si)SiSi
CSi(C)Si(SiSi)SiSi(Si)Si
CSi(C)Si(SiSi)SiSiSiSi
CSi(C)SiSi(Si(Si)Si)SiSi
CSi(C)SiSi(Si)(Si)Si(Si)Si
CSi(C)SiSi(Si)(Si)SiSiSi
CSi(C)SiSi(Si)(SiSi)SiSi
CSi(C)SiSi(Si)Si(Si)(Si)Si
CSi(C)SiSi(Si)Si(Si)SiSi
CSi(C)SiSi(Si)SiSi(Si)Si
CSi(C)SiSi(Si)SiSiSiSi
CSi(C)SiSi(SiSi)SiSiSi
CSi(C)SiSiSi(Si)(Si)SiSi
CSi(C)SiSiSi(Si)Si(Si)Si
CSi(C)SiSiSi(Si)SiSiSi
CSi(C)SiSiSi(SiSi)SiSi
CSi(C)SiSiSiSi(Si)(Si)Si
CSi(C)SiSiSiSi(Si)SiSi
CSi(C)SiSiSiSiSi(Si)Si
CSi(C)SiSiSiSiSiSiSi
CSi(Si)(Si)C(Si(Si)Si)SiSi
CSi(Si)(Si)C(Si)(Si)Si(Si)Si
CSi(Si)(Si)C(Si)(Si)SiSiSi
CSi(Si)(Si)C(Si)(SiSi)SiSi
CSi(Si)(Si)C(Si)Si(Si)(Si)Si
CSi(Si)(Si)C(Si)Si(Si)SiSi
CSi(Si)(Si)C(Si)SiSi(Si)Si
CSi(Si)(Si)C(Si)SiSiSiSi
CSi(Si)(Si)C(SiSi)SiSiSi
CSi(Si)(Si)CSi(Si)(Si)SiSi
CSi(Si)(Si)CSi(Si)Si(Si)Si
CSi(Si)(Si)CSi(Si)SiSiSi
CSi(Si)(Si)CSi(SiSi)SiSi
CSi(Si)(Si)CSiSi(Si)(Si)Si
CSi(Si)(Si)CSiSi(Si)SiSi
CSi(Si)(Si)CSiSiSi(Si)Si
CSi(Si)(Si)CSiSiSiSiSi
CSi(Si)(Si)Si(C)(Si)Si(Si)Si
CSi(Si)(Si)Si(C)(Si)SiSiSi
CSi(Si)(Si)Si(C)(SiSi)SiSi
CSi(Si)(Si)Si(C)Si(Si)(Si)Si
CSi(Si)(Si)Si(C)Si(Si)SiSi
CSi(Si)(Si)Si(C)SiSi(Si)Si
CSi(Si)(Si)Si(C)SiSiSiSi
CSi(Si)(Si)Si(CSi)SiSiSi
CSi(Si)(Si)Si(Si(Si)Si)CSi
CSi(Si)(Si)Si(Si)(Si)C(Si)Si
CSi(Si)(Si)Si(Si)(Si)CSiSi
CSi(Si)(Si)Si(Si)(Si)SiCSi
CSi(Si)(Si)Si(Si)(SiSi)CSi
CSi(Si)(Si)Si(Si)C(Si)(Si)Si
CSi(Si)(Si)Si(Si)C(Si)SiSi
CSi(Si)(Si)Si(Si)CSi(Si)Si
CSi(Si)(Si)Si(Si)CSiSiSi
CSi(Si)(Si)Si(Si)Si(C)SiSi
CSi(Si)(Si)Si(Si)Si(Si)(Si)C
CSi(Si)(Si)Si(Si)Si(Si)CSi
CSi(Si)(Si)Si(Si)SiC(Si)Si
CSi(Si)(Si)Si(Si)SiCSiSi
CSi(Si)(Si)Si(Si)SiSiCSi
CSi(Si)(Si)Si(SiSi)C(Si)Si
CSi(Si)(Si)Si(SiSi)CSiSi
CSi(Si)(Si)Si(SiSi)SiCSi
CSi(Si)(Si)SiC(Si)(Si)SiSi
CSi(Si)(Si)SiC(Si)Si(Si)Si
CSi(Si)(Si)SiC(Si)SiSiSi
CSi(Si)(Si)SiC(SiSi)SiSi
CSi(Si)(Si)SiCSi(Si)(Si)Si
CSi(Si)(Si)SiCSi(Si)SiSi
CSi(Si)(Si)SiCSiSi(Si)Si
CSi(Si)(Si)SiCSiSiSiSi
CSi(Si)(Si)SiSi(C)(Si)SiSi
CSi(Si)(Si)SiSi(C)Si(Si)Si
CSi(Si)(Si)SiSi(C)SiSiSi
CSi(Si)(Si)SiSi(Si)(Si)CSi
CSi(Si)(Si)SiSi(Si)C(Si)Si
CSi(Si)(Si)SiSi(Si)CSiSi
CSi(Si)(Si)SiSi(Si)SiCSi
CSi(Si)(Si)SiSi(SiSi)CSi
CSi(Si)(Si)SiSiC(Si)(Si)Si
CSi(Si)(Si)SiSiC(Si)SiSi
CSi(Si)(Si)SiSiCSi(Si)Si
CSi(Si)(Si)SiSiCSiSiSi
CSi(Si)(Si)SiSiSi(C)SiSi
CSi(Si)(Si)SiSiSi(Si)(Si)C
CSi(Si)(Si)SiSiSi(Si)CSi
CSi(Si)(Si)SiSiSiC(Si)Si
CSi(Si)(Si)SiSiSiCSiSi
CSi(Si)(Si)SiSiSiSiCSi
CSi(Si)C(Si(Si)(Si)Si)SiSi
CSi(Si)C(Si(Si)Si)Si(Si)Si
CSi(Si)C(Si(Si)Si)SiSiSi
CSi(Si)C(Si)(Si(Si)Si)SiSi
CSi(Si)C(Si)(Si)Si(Si)(Si)Si
CSi(Si)C(Si)(Si)Si(Si)SiSi
CSi(Si)C(Si)(Si)SiSi(Si)Si
CSi(Si)C(Si)(Si)SiSiSiSi
CSi(Si)C(Si)(SiSi)SiSiSi
CSi(Si)C(Si)Si(Si)(Si)SiSi
CSi(Si)C(Si)Si(Si)Si(Si)Si
CSi(Si)C(Si)Si(Si)SiSiSi
CSi(Si)C(Si)Si(SiSi)SiSi
CSi(Si)C(Si)SiSi(Si)(Si)Si
CSi(Si)C(Si)SiSi(Si)SiSi
CSi(Si)C(Si)SiSiSi(Si)Si
CSi(Si)C(Si)SiSiSiSiSi
CSi(Si)C(SiSi)(SiSi)SiSi
CSi(Si)C(SiSi)Si(Si)SiSi
CSi(Si)C(SiSi)SiSi(Si)Si
CSi(Si)C(SiSi)SiSiSiSi
CSi(Si)CSi(Si(Si)Si)SiSi
CSi(Si)CSi(Si)(Si)Si(Si)Si
CSi(Si)CSi(Si)(Si)SiSiSi
CSi(Si)CSi(Si)(SiSi)SiSi
CSi(Si)CSi(Si)Si(Si)(Si)Si
CSi(Si)CSi(Si)Si(Si)SiSi
CSi(Si)CSi(Si)SiSi(Si)Si
CSi(Si)CSi(Si)SiSiSiSi
CSi(Si)CSi(SiSi)SiSiSi
CSi(Si)CSiSi(Si)(Si)SiSi
CSi(Si)CSiSi(Si)Si(Si)Si
CSi(Si)CSiSi(Si)SiSiSi
CSi(Si)CSiSi(SiSi)SiSi
CSi(Si)CSiSiSi(Si)(Si)Si
CSi(Si)CSiSiSi(Si)SiSi
CSi(Si)CSiSiSiSi(Si)Si
CSi(Si)CSiSiSiSiSiSi
CSi(Si)Si(C(Si)Si)SiSiSi
CSi(Si)Si(C)(Si(Si)Si)SiSi
CSi(Si)Si(C)(Si)Si(Si)(Si)Si
CSi(Si)Si(C)(Si)Si(Si)SiSi
CSi(Si)Si(C)(Si)SiSi(Si)Si
CSi(Si)Si(C)(Si)SiSiSiSi
CSi(Si)Si(C)(SiSi)SiSiSi
CSi(Si)Si(C)Si(Si)(Si)SiSi
CSi(Si)Si(C)Si(Si)Si(Si)Si
CSi(Si)Si(C)Si(Si)SiSiSi
CSi(Si)Si(C)Si(SiSi)SiSi
CSi(Si)Si(C)SiSi(Si)(Si)Si
CSi(Si)Si(C)SiSi(Si)SiSi
CSi(Si)Si(C)SiSiSi(Si)Si
CSi(Si)Si(C)SiSiSiSiSi
CSi(Si)Si(CSi)(Si)SiSiSi
CSi(Si)Si(CSi)Si(Si)SiSi
CSi(Si)Si(CSi)SiSi(Si)Si
CSi(Si)Si(CSi)SiSiSiSi
CSi(Si)Si(Si(Si)(Si)C)SiSi
CSi(Si)Si(Si(Si)(Si)Si)CSi
CSi(Si)Si(Si(Si)C)Si(Si)Si
CSi(Si)Si(Si(Si)C)SiSiSi
CSi(Si)Si(Si(Si)Si)C(Si)Si
CSi(Si)Si(Si(Si)Si)CSiSi
CSi(Si)Si(Si(Si)Si)SiCSi
CSi(Si)Si(Si)(Si(Si)C)SiSi
CSi(Si)Si(Si)(Si(Si)Si)CSi
CSi(Si)Si(Si)(Si)C(Si)(Si)Si
CSi(Si)Si(Si)(Si)C(Si)SiSi
CSi(Si)Si(Si)(Si)CSi(Si)Si
CSi(Si)Si(Si)(Si)CSiSiSi
CSi(Si)Si(Si)(Si)Si(C)SiSi
CSi(Si)Si(Si)(Si)Si(Si)(Si)C
CSi(Si)Si(Si)(Si)Si(Si)CSi
CSi(Si)Si(Si)(Si)SiC(Si)Si
CSi(Si)Si(Si)(Si)SiCSiSi
CSi(Si)Si(Si)(Si)SiSiCSi
CSi(Si)Si(Si)(SiSi)C(Si)Si
CSi(Si)Si(Si)(SiSi)CSiSi
CSi(Si)Si(Si)(SiSi)SiCSi
CSi(Si)Si(Si)C(Si)(Si)SiSi
CSi(Si)Si(Si)C(Si)Si(Si)Si
CSi(Si)Si(Si)C(Si)SiSiSi
CSi(Si)Si(Si)C(SiSi)SiSi
CSi(Si)Si(Si)CSi(Si)(Si)Si
CSi(Si)Si(Si)CSi(Si)SiSi
CSi(Si)Si(Si)CSiSi(Si)Si
CSi(Si)Si(Si)CSiSiSiSi
CSi(Si)Si(Si)Si(C)(Si)SiSi
CSi(Si)Si(Si)Si(C)Si(Si)Si
CSi(Si)Si(Si)Si(C)SiSiSi
CSi(Si)Si(Si)Si(Si)(Si)CSi
CSi(Si)Si(Si)Si(Si)C(Si)Si
CSi(Si)Si(Si)Si(Si)CSiSi
CSi(Si)Si(Si)Si(Si)Si(Si)C
CSi(Si)Si(Si)Si(Si)SiCSi
CSi(Si)Si(Si)Si(SiSi)CSi
CSi(Si)Si(Si)SiC(Si)(Si)Si
CSi(Si)Si(Si)SiC(Si)SiSi
CSi(Si)Si(Si)SiCSi(Si)Si
CSi(Si)Si(Si)SiCSiSiSi
CSi(Si)Si(Si)SiSi(C)SiSi
CSi(Si)Si(Si)SiSi(Si)(Si)C
CSi(Si)Si(Si)SiSi(Si)CSi
CSi(Si)Si(Si)SiSiC(Si)Si
CSi(Si)Si(Si)SiSiCSiSi
CSi(Si)Si(Si)SiSiSiCSi
CSi(Si)Si(SiSi)(SiSi)CSi
CSi(Si)Si(SiSi)C(Si)(Si)Si
CSi(Si)Si(SiSi)C(Si)SiSi
CSi(Si)Si(SiSi)CSi(Si)Si
CSi(Si)Si(SiSi)CSiSiSi
CSi(Si)Si(SiSi)Si(C)SiSi
CSi(Si)Si(SiSi)Si(Si)CSi
CSi(Si)Si(SiSi)SiC(Si)Si
CSi(Si)Si(SiSi)SiCSiSi
CSi(Si)Si(SiSi)SiSiCSi
CSi(Si)SiC(Si(Si)Si)SiSi
CSi(Si)SiC(Si)(Si)Si(Si)Si
CSi(Si)SiC(Si)(Si)SiSiSi
CSi(Si)SiC(Si)(SiSi)SiSi
CSi(Si)SiC(Si)Si(Si)(Si)Si
CSi(Si)SiC(Si)Si(Si)SiSi
CSi(Si)SiC(Si)SiSi(Si)Si
CSi(Si)SiC(Si)SiSiSiSi
CSi(Si)SiC(SiSi)SiSiSi
CSi(Si)SiCSi(Si)(Si)SiSi
CSi(Si)SiCSi(Si)Si(Si)Si
CSi(Si)SiCSi(Si)SiSiSi
CSi(Si)SiCSi(SiSi)SiSi
CSi(Si)SiCSiSi(Si)(Si)Si
CSi(Si)SiCSiSi(Si)SiSi
CSi(Si)SiCSiSiSi(Si)Si
CSi(Si)SiCSiSiSiSiSi
CSi(Si)SiSi(C)(Si)Si(Si)Si
CSi(Si)SiSi(C)(Si)SiSiSi
CSi(Si)SiSi(C)(SiSi)SiSi
CSi(Si)SiSi(C)Si(Si)(Si)Si
CSi(Si)SiSi(C)Si(Si)SiSi
CSi(Si)SiSi(C)SiSi(Si)Si
CSi(Si)SiSi(C)SiSiSiSi
CSi(Si)SiSi(CSi)SiSiSi
CSi(Si)SiSi(Si(Si)C)SiSi
CSi(Si)SiSi(Si(Si)Si)CSi
CSi(Si)SiSi(Si)(Si)C(Si)Si
CSi(Si)SiSi(Si)(Si)CSiSi
CSi(Si)SiSi(Si)(Si)Si(Si)C
CSi(Si)SiSi(Si)(Si)SiCSi
CSi(Si)SiSi(Si)(SiSi)CSi
CSi(Si)SiSi(Si)C(Si)(Si)Si
CSi(Si)SiSi(Si)C(Si)SiSi
CSi(Si)SiSi(Si)CSi(Si)Si
CSi(Si)SiSi(Si)CSiSiSi
CSi(Si)SiSi(Si)Si(C)SiSi
CSi(Si)SiSi(Si)Si(Si)(Si)C
CSi(Si)SiSi(Si)Si(Si)CSi
CSi(Si)SiSi(Si)SiC(Si)Si
CSi(Si)SiSi(Si)SiCSiSi
CSi(Si)SiSi(Si)SiSi(Si)C
CSi(Si)SiSi(Si)SiSiCSi
CSi(Si)SiSi(SiC)SiSiSi
CSi(Si)SiSi(SiSi)C(Si)Si
CSi(Si)SiSi(SiSi)CSiSi
CSi(Si)SiSi(SiSi)SiCSi
CSi(Si)SiSiC(Si)(Si)SiSi
CSi(Si)SiSiC(Si)Si(Si)Si
CSi(Si)SiSiC(Si)SiSiSi
CSi(Si)SiSiC(SiSi)SiSi
CSi(Si)SiSiCSi(Si)(Si)Si
CSi(Si)SiSiCSi(Si)SiSi
CSi(Si)SiSiCSiSi(Si)Si
CSi(Si)SiSiCSiSiSiSi
CSi(Si)SiSiSi(C)(Si)SiSi
CSi(Si)SiSiSi(C)Si(Si)Si
CSi(Si)SiSiSi(C)SiSiSi
CSi(Si)SiSiSi(Si)(Si)CSi
CSi(Si)SiSiSi(Si)C(Si)Si
CSi(Si)SiSiSi(Si)CSiSi
CSi(Si)SiSiSi(Si)Si(Si)C
CSi(Si)SiSiSi(Si)SiCSi
CSi(Si)SiSiSi(SiSi)CSi
CSi(Si)SiSiSiC(Si)(Si)Si
CSi(Si)SiSiSiC(Si)SiSi
CSi(Si)SiSiSiCSi(Si)Si
CSi(Si)SiSiSiCSiSiSi
CSi(Si)SiSiSiSi(C)SiSi
CSi(Si)SiSiSiSi(Si)(Si)C
CSi(Si)SiSiSiSi(Si)CSi
CSi(Si)SiSiSiSiC(Si)Si
CSi(Si)SiSiSiSiCSiSi
CSi(Si)SiSiSiSiSi(Si)C
CSi(Si)SiSiSiSiSiCSi
CSiC(Si(Si)(Si)Si)Si(Si)Si
CSiC(Si(Si)(Si)Si)SiSiSi
CSiC(Si(Si)Si)Si(Si)SiSi
CSiC(Si(Si)Si)SiSi(Si)Si
CSiC(Si(Si)Si)SiSiSiSi
CSiC(Si)(Si(Si)(Si)Si)SiSi
CSiC(Si)(Si(Si)Si)Si(Si)Si
CSiC(Si)(Si(Si)Si)SiSiSi
CSiC(Si)(Si)Si(Si)(Si)SiSi
CSiC(Si)(Si)Si(Si)Si(Si)Si
CSiC(Si)(Si)Si(Si)SiSiSi
CSiC(Si)(Si)Si(SiSi)SiSi
CSiC(Si)(Si)SiSi(Si)(Si)Si
CSiC(Si)(Si)SiSi(Si)SiSi
CSiC(Si)(Si)SiSiSi(Si)Si
CSiC(Si)(Si)SiSiSiSiSi
CSiC(Si)(SiSi)Si(Si)SiSi
CSiC(Si)(SiSi)SiSi(Si)Si
CSiC(Si)(SiSi)SiSiSiSi
CSiC(Si)Si(Si(Si)Si)SiSi
CSiC(Si)Si(Si)(Si)Si(Si)Si
CSiC(Si)Si(Si)(Si)SiSiSi
CSiC(Si)Si(Si)(SiSi)SiSi
CSiC(Si)Si(Si)Si(Si)(Si)Si
CSiC(Si)Si(Si)Si(Si)SiSi
CSiC(Si)Si(Si)SiSi(Si)Si
CSiC(Si)Si(Si)SiSiSiSi
CSiC(Si)Si(SiSi)SiSiSi
CSiC(Si)SiSi(Si)(Si)SiSi
CSiC(Si)SiSi(Si)Si(Si)Si
CSiC(Si)SiSi(Si)SiSiSi
CSiC(Si)SiSi(SiSi)SiSi
CSiC(Si)SiSiSi(Si)(Si)Si
CSiC(Si)SiSiSi(Si)SiSi
CSiC(Si)SiSiSiSi(Si)Si
CSiC(Si)SiSiSiSiSiSi
CSiC(SiSi)(Si(Si)Si)SiSi
CSiC(SiSi)(SiSi)SiSiSi
CSiC(SiSi)Si(Si)(Si)SiSi
CSiC(SiSi)Si(Si)Si(Si)Si
CSiC(SiSi)Si(Si)SiSiSi
CSiC(SiSi)Si(SiSi)SiSi
CSiC(SiSi)SiSi(Si)(Si)Si
CSiC(SiSi)SiSi(Si)SiSi
CSiC(SiSi)SiSiSi(Si)Si
CSiC(SiSi)SiSiSiSiSi
CSiCSi(Si(Si)(Si)Si)SiSi
CSiCSi(Si(Si)Si)Si(Si)Si
CSiCSi(Si(Si)Si)SiSiSi
CSiCSi(Si)(Si(Si)Si)SiSi
CSiCSi(Si)(Si)Si(Si)(Si)Si
CSiCSi(Si)(Si)Si(Si)SiSi
CSiCSi(Si)(Si)SiSi(Si)Si
CSiCSi(Si)(Si)SiSiSiSi
CSiCSi(Si)(SiSi)SiSiSi
CSiCSi(Si)Si(Si)(Si)SiSi
CSiCSi(Si)Si(Si)Si(Si)Si
CSiCSi(Si)Si(Si)SiSiSi
CSiCSi(Si)Si(SiSi)SiSi
CSiCSi(Si)SiSi(Si)(Si)Si
CSiCSi(Si)SiSi(Si)SiSi
CSiCSi(Si)SiSiSi(Si)Si
CSiCSi(Si)SiSiSiSiSi
CSiCSi(SiSi)(SiSi)SiSi
CSiCSi(SiSi)Si(Si)SiSi
CSiCSi(SiSi)SiSi(Si)Si
CSiCSi(SiSi)SiSiSiSi
CSiCSi(SiSiSi)SiSiSi
CSiCSiSi(Si(Si)Si)SiSi
CSiCSiSi(Si)(Si)Si(Si)Si
CSiCSiSi(Si)(Si)SiSiSi
CSiCSiSi(Si)(SiSi)SiSi
CSiCSiSi(Si)Si(Si)(Si)Si
CSiCSiSi(Si)Si(Si)SiSi
CSiCSiSi(Si)SiSi(Si)Si
CSiCSiSi(Si)SiSiSiSi
CSiCSiSi(SiSi)SiSiSi
CSiCSiSiSi(Si)(Si)SiSi
CSiCSiSiSi(Si)Si(Si)Si
CSiCSiSiSi(Si)SiSiSi
CSiCSiSiSi(SiSi)SiSi
CSiCSiSiSiSi(Si)(Si)Si
CSiCSiSiSiSi(Si)SiSi
CSiCSiSiSiSiSi(Si)Si
CSiCSiSiSiSiSiSiSi
CSiSi(C(Si)(Si)Si)SiSiSi
CSiSi(C(Si)Si)(Si)SiSiSi
CSiSi(C(Si)Si)Si(Si)SiSi
CSiSi(C(Si)Si)SiSi(Si)Si
CSiSi(C(Si)Si)SiSiSiSi
CSiSi(C)(Si(Si)(Si)Si)SiSi
CSiSi(C)(Si(Si)Si)Si(Si)Si
CSiSi(C)(Si(Si)Si)SiSiSi
CSiSi(C)(Si)Si(Si)(Si)SiSi
CSiSi(C)(Si)Si(Si)Si(Si)Si
CSiSi(C)(Si)Si(Si)SiSiSi
CSiSi(C)(Si)Si(SiSi)SiSi
CSiSi(C)(Si)SiSi(Si)(Si)Si
CSiSi(C)(Si)SiSi(Si)SiSi
CSiSi(C)(Si)SiSiSi(Si)Si
CSiSi(C)(Si)SiSiSiSiSi
CSiSi(C)(SiSi)Si(Si)SiSi
CSiSi(C)(SiSi)SiSi(Si)Si
CSiSi(C)(SiSi)SiSiSiSi
CSiSi(C)Si(Si(Si)Si)SiSi
CSiSi(C)Si(Si)(Si)Si(Si)Si
CSiSi(C)Si(Si)(Si)SiSiSi
CSiSi(C)Si(Si)(SiSi)SiSi
CSiSi(C)Si(Si)Si(Si)(Si)Si
CSiSi(C)Si(Si)Si(Si)SiSi
CSiSi(C)Si(Si)SiSi(Si)Si
CSiSi(C)Si(Si)SiSiSiSi
CSiSi(C)Si(SiSi)SiSiSi
CSiSi(C)SiSi(Si)(Si)SiSi
CSiSi(C)SiSi(Si)Si(Si)Si
CSiSi(C)SiSi(Si)SiSiSi
CSiSi(C)SiSi(SiSi)SiSi
CSiSi(C)SiSiSi(Si)(Si)Si
CSiSi(C)SiSiSi(Si)SiSi
CSiSi(C)SiSiSiSi(Si)Si
CSiSi(C)SiSiSiSiSiSi
CSiSi(CSi)(Si)Si(Si)SiSi
CSiSi(CSi)(Si)SiSi(Si)Si
CSiSi(CSi)(Si)SiSiSiSi
CSiSi(CSi)(SiSi)SiSiSi
CSiSi(CSi)Si(Si)(Si)SiSi
CSiSi(CSi)Si(Si)Si(Si)Si
CSiSi(CSi)Si(Si)SiSiSi
CSiSi(CSi)Si(SiSi)SiSi
CSiSi(CSi)SiSi(Si)(Si)Si
CSiSi(CSi)SiSi(Si)SiSi
CSiSi(CSi)SiSiSi(Si)Si
CSiSi(CSi)SiSiSiSiSi
CSiSi(Si(Si)(Si)C)Si(Si)Si
CSiSi(Si(Si)(Si)C)SiSiSi
CSiSi(Si(Si)(Si)Si)C(Si)Si
CSiSi(Si(Si)(Si)Si)CSiSi
CSiSi(Si(Si)(Si)Si)Si(Si)C
CSiSi(Si(Si)(Si)Si)SiCSi
CSiSi(Si(Si)C)Si(Si)SiSi
CSiSi(Si(Si)C)SiSi(Si)Si
CSiSi(Si(Si)C)SiSiSiSi
CSiSi(Si(Si)Si)C(Si)(Si)Si
CSiSi(Si(Si)Si)C(Si)SiSi
CSiSi(Si(Si)Si)CSi(Si)Si
CSiSi(Si(Si)Si)CSiSiSi
CSiSi(Si(Si)Si)Si(C)SiSi
CSiSi(Si(Si)Si)Si(Si)CSi
CSiSi(Si(Si)Si)Si(Si)SiC
CSiSi(Si(Si)Si)SiC(Si)Si
CSiSi(Si(Si)Si)SiCSiSi
CSiSi(Si(Si)Si)SiSi(Si)C
CSiSi(Si(Si)Si)SiSiCSi
CSiSi(Si)(Si(Si)(Si)C)SiSi
CSiSi(Si)(Si(Si)(Si)Si)CSi
CSiSi(Si)(Si(Si)(Si)Si)SiC
CSiSi(Si)(Si(Si)C)Si(Si)Si
CSiSi(Si)(Si(Si)C)SiSiSi
CSiSi(Si)(Si(Si)Si)C(Si)Si
CSiSi(Si)(Si(Si)Si)CSiSi
CSiSi(Si)(Si(Si)Si)SiCSi
CSiSi(Si)(Si)C(Si)(Si)SiSi
CSiSi(Si)(Si)C(Si)Si(Si)Si
CSiSi(Si)(Si)C(Si)SiSiSi
CSiSi(Si)(Si)C(SiSi)SiSi
CSiSi(Si)(Si)CSi(Si)(Si)Si
CSiSi(Si)(Si)CSi(Si)SiSi
CSiSi(Si)(Si)CSiSi(Si)Si
CSiSi(Si)(Si)CSiSiSiSi
CSiSi(Si)(Si)Si(C)(Si)SiSi
CSiSi(Si)(Si)Si(C)Si(Si)Si
CSiSi(Si)(Si)Si(C)SiSiSi
CSiSi(Si)(Si)Si(Si)(Si)CSi
CSiSi(Si)(Si)Si(Si)(Si)SiC
CSiSi(Si)(Si)Si(Si)C(Si)Si
CSiSi(Si)(Si)Si(Si)CSiSi
CSiSi(Si)(Si)Si(Si)Si(Si)C
CSiSi(Si)(Si)Si(Si)SiCSi
CSiSi(Si)(Si)Si(SiSi)CSi
CSiSi(Si)(Si)SiC(Si)(Si)Si
CSiSi(Si)(Si)SiC(Si)SiSi
CSiSi(Si)(Si)SiCSi(Si)Si
CSiSi(Si)(Si)SiCSiSiSi
CSiSi(Si)(Si)SiSi(C)SiSi
CSiSi(Si)(Si)SiSi(Si)(Si)C
CSiSi(Si)(Si)SiSi(Si)CSi
CSiSi(Si)(Si)SiSiC(Si)Si
CSiSi(Si)(Si)SiSiCSiSi
CSiSi(Si)(Si)SiSiSi(Si)C
CSiSi(Si)(Si)SiSiSiCSi
CSiSi(Si)(SiC)Si(Si)SiSi
CSiSi(Si)(SiC)SiSi(Si)Si
CSiSi(Si)(SiC)SiSiSiSi
CSiSi(Si)(SiSi)C(Si)(Si)Si
CSiSi(Si)(SiSi)C(Si)SiSi
CSiSi(Si)(SiSi)CSi(Si)Si
CSiSi(Si)(SiSi)CSiSiSi
CSiSi(Si)(SiSi)Si(C)SiSi
CSiSi(Si)(SiSi)Si(Si)CSi
CSiSi(Si)(SiSi)SiC(Si)Si
CSiSi(Si)(SiSi)SiCSiSi
CSiSi(Si)(SiSi)SiSi(Si)C
CSiSi(Si)(SiSi)SiSiCSi
CSiSi(Si)C(Si(Si)Si)SiSi
CSiSi(Si)C(Si)(Si)Si(Si)Si
CSiSi(Si)C(Si)(Si)SiSiSi
CSiSi(Si)C(Si)(SiSi)SiSi
CSiSi(Si)C(Si)Si(Si)(Si)Si
CSiSi(Si)C(Si)Si(Si)SiSi
CSiSi(Si)C(Si)SiSi(Si)Si
CSiSi(Si)C(Si)SiSiSiSi
CSiSi(Si)C(SiSi)SiSiSi
CSiSi(Si)CSi(Si)(Si)SiSi
CSiSi(Si)CSi(Si)Si(Si)Si
CSiSi(Si)CSi(Si)SiSiSi
CSiSi(Si)CSi(SiSi)SiSi
CSiSi(Si)CSiSi(Si)(Si)Si
CSiSi(Si)CSiSi(Si)SiSi
CSiSi(Si)CSiSiSi(Si)Si
CSiSi(Si)CSiSiSiSiSi
CSiSi(Si)Si(C)(Si)Si(Si)Si
CSiSi(Si)Si(C)(Si)SiSiSi
CSiSi(Si)Si(C)(SiSi)SiSi
CSiSi(Si)Si(C)Si(Si)(Si)Si
CSiSi(Si)Si(C)Si(Si)SiSi
CSiSi(Si)Si(C)SiSi(Si)Si
CSiSi(Si)Si(C)SiSiSiSi
CSiSi(Si)Si(CSi)SiSiSi
CSiSi(Si)Si(Si(Si)C)SiSi
CSiSi(Si)Si(Si(Si)Si)CSi
CSiSi(Si)Si(Si)(Si)C(Si)Si
CSiSi(Si)Si(Si)(Si)CSiSi
CSiSi(Si)Si(Si)(Si)Si(Si)C
CSiSi(Si)Si(Si)(Si)SiCSi
CSiSi(Si)Si(Si)(SiC)SiSi
CSiSi(Si)Si(Si)(SiSi)CSi
CSiSi(Si)Si(Si)C(Si)(Si)Si
CSiSi(Si)Si(Si)C(Si)SiSi
CSiSi(Si)Si(Si)CSi(Si)Si
CSiSi(Si)Si(Si)CSiSiSi
CSiSi(Si)Si(Si)Si(C)SiSi
CSiSi(Si)Si(Si)Si(Si)(Si)C
CSiSi(Si)Si(Si)Si(Si)CSi
CSiSi(Si)Si(Si)Si(Si)SiC
CSiSi(Si)Si(Si)SiC(Si)Si
CSiSi(Si)Si(Si)SiCSiSi
CSiSi(Si)Si(Si)SiSi(Si)C
CSiSi(Si)Si(Si)SiSiCSi
CSiSi(Si)Si(SiC)SiSiSi
CSiSi(Si)Si(SiSi)C(Si)Si
CSiSi(Si)Si(SiSi)CSiSi
CSiSi(Si)Si(SiSi)SiCSi
CSiSi(Si)SiC(Si)(Si)SiSi
CSiSi(Si)SiC(Si)Si(Si)Si
CSiSi(Si)SiC(Si)SiSiSi
CSiSi(Si)SiC(SiSi)SiSi
CSiSi(Si)SiCSi(Si)(Si)Si
CSiSi(Si)SiCSi(Si)SiSi
CSiSi(Si)SiCSiSi(Si)Si
CSiSi(Si)SiCSiSiSiSi
CSiSi(Si)SiSi(C)(Si)SiSi
CSiSi(Si)SiSi(C)Si(Si)Si
CSiSi(Si)SiSi(C)SiSiSi
CSiSi(Si)SiSi(Si)(Si)CSi
CSiSi(Si)SiSi(Si)(Si)SiC
CSiSi(Si)SiSi(Si)C(Si)Si
CSiSi(Si)SiSi(Si)CSiSi
CSiSi(Si)SiSi(Si)Si(Si)C
CSiSi(Si)SiSi(Si)SiCSi
CSiSi(Si)SiSi(SiSi)CSi
CSiSi(Si)SiSiC(Si)(Si)Si
CSiSi(Si)SiSiC(Si)SiSi
CSiSi(Si)SiSiCSi(Si)Si
CSiSi(Si)SiSiCSiSiSi
CSiSi(Si)SiSiSi(C)SiSi
CSiSi(Si)SiSiSi(Si)(Si)C
CSiSi(Si)SiSiSi(Si)CSi
CSiSi(Si)SiSiSi(Si)SiC
CSiSi(Si)SiSiSiC(Si)Si
CSiSi(Si)SiSiSiCSiSi
CSiSi(Si)SiSiSiSi(Si)C
CSiSi(Si)SiSiSiSiCSi
CSiSi(SiC)(Si(Si)Si)SiSi
CSiSi(SiC)Si(Si)(Si)SiSi
CSiSi(SiC)Si(Si)Si(Si)Si
CSiSi(SiC)Si(Si)SiSiSi
CSiSi(SiC)Si(SiSi)SiSi
CSiSi(SiC)SiSi(Si)(Si)Si
CSiSi(SiC)SiSi(Si)SiSi
CSiSi(SiC)SiSiSi(Si)Si
CSiSi(SiC)SiSiSiSiSi
CSiSi(SiSi)(Si(Si)C)SiSi
CSiSi(SiSi)(Si(Si)Si)CSi
CSiSi(SiSi)(SiC)SiSiSi
CSiSi(SiSi)(SiSi)C(Si)Si
CSiSi(SiSi)(SiSi)CSiSi
CSiSi(SiSi)(SiSi)SiCSi
CSiSi(SiSi)C(Si)(Si)SiSi
CSiSi(SiSi)C(Si)Si(Si)Si
CSiSi(SiSi)C(Si)SiSiSi
CSiSi(SiSi)C(SiSi)SiSi
CSiSi(SiSi)CSi(Si)(Si)Si
CSiSi(SiSi)CSi(Si)SiSi
CSiSi(SiSi)CSiSi(Si)Si
CSiSi(SiSi)CSiSiSiSi
CSiSi(SiSi)Si(C)(Si)SiSi
CSiSi(SiSi)Si(C)Si(Si)Si
CSiSi(SiSi)Si(C)SiSiSi
CSiSi(SiSi)Si(Si)(Si)CSi
CSiSi(SiSi)Si(Si)(Si)SiC
CSiSi(SiSi)Si(Si)C(Si)Si
CSiSi(SiSi)Si(Si)CSiSi
CSiSi(SiSi)Si(Si)Si(Si)C
CSiSi(SiSi)Si(Si)SiCSi
CSiSi(SiSi)Si(SiC)SiSi
CSiSi(SiSi)Si(SiSi)CSi
CSiSi(SiSi)SiC(Si)(Si)Si
CSiSi(SiSi)SiC(Si)SiSi
CSiSi(SiSi)SiCSi(Si)Si
CSiSi(SiSi)SiCSiSiSi
CSiSi(SiSi)SiSi(C)SiSi
CSiSi(SiSi)SiSi(Si)(Si)C
CSiSi(SiSi)SiSi(Si)CSi
CSiSi(SiSi)SiSi(Si)SiC
CSiSi(SiSi)SiSiC(Si)Si
CSiSi(SiSi)SiSiCSiSi
CSiSi(SiSi)SiSiSi(Si)C
CSiSi(SiSi)SiSiSiCSi
CSiSiC(Si(Si)(Si)Si)SiSi
CSiSiC(Si(Si)Si)Si(Si)Si
CSiSiC(Si(Si)Si)SiSiSi
CSiSiC(Si)(Si(Si)Si)SiSi
CSiSiC(Si)(Si)Si(Si)(Si)Si
CSiSiC(Si)(Si)Si(Si)SiSi
CSiSiC(Si)(Si)SiSi(Si)Si
CSiSiC(Si)(Si)SiSiSiSi
CSiSiC(Si)(SiSi)SiSiSi
CSiSiC(Si)Si(Si)(Si)SiSi
CSiSiC(Si)Si(Si)Si(Si)Si
CSiSiC(Si)Si(Si)SiSiSi
CSiSiC(Si)Si(SiSi)SiSi
CSiSiC(Si)SiSi(Si)(Si)Si
CSiSiC(Si)SiSi(Si)SiSi
CSiSiC(Si)SiSiSi(Si)Si
CSiSiC(Si)SiSiSiSiSi
CSiSiC(SiSi)(SiSi)SiSi
CSiSiC(SiSi)Si(Si)SiSi
CSiSiC(SiSi)SiSi(Si)Si
CSiSiC(SiSi)SiSiSiSi
CSiSiC(SiSiSi)SiSiSi
CSiSiCSi(Si(Si)Si)SiSi
CSiSiCSi(Si)(Si)Si(Si)Si
CSiSiCSi(Si)(Si)SiSiSi
CSiSiCSi(Si)(SiSi)SiSi
CSiSiCSi(Si)Si(Si)(Si)Si
CSiSiCSi(Si)Si(Si)SiSi
CSiSiCSi(Si)SiSi(Si)Si
CSiSiCSi(Si)SiSiSiSi
CSiSiCSi(SiSi)SiSiSi
CSiSiCSiSi(Si)(Si)SiSi
CSiSiCSiSi(Si)Si(Si)Si
CSiSiCSiSi(Si)SiSiSi
CSiSiCSiSi(SiSi)SiSi
CSiSiCSiSiSi(Si)(Si)Si
CSiSiCSiSiSi(Si)SiSi
CSiSiCSiSiSiSi(Si)Si
CSiSiCSiSiSiSiSiSi
CSiSiSi(C(Si)Si)SiSiSi
CSiSiSi(C)(Si(Si)Si)SiSi
CSiSiSi(C)(Si)Si(Si)(Si)Si
CSiSiSi(C)(Si)Si(Si)SiSi
CSiSiSi(C)(Si)SiSi(Si)Si
CSiSiSi(C)(Si)SiSiSiSi
CSiSiSi(C)(SiSi)SiSiSi
CSiSiSi(C)Si(Si)(Si)SiSi
CSiSiSi(C)Si(Si)Si(Si)Si
CSiSiSi(C)Si(Si)SiSiSi
CSiSiSi(C)Si(SiSi)SiSi
CSiSiSi(C)SiSi(Si)(Si)Si
CSiSiSi(C)SiSi(Si)SiSi
CSiSiSi(C)SiSiSi(Si)Si
CSiSiSi(C)SiSiSiSiSi
CSiSiSi(CSi)(Si)SiSiSi
CSiSiSi(CSi)Si(Si)SiSi
CSiSiSi(CSi)SiSi(Si)Si
CSiSiSi(CSi)SiSiSiSi
CSiSiSi(Si(Si)(Si)C)SiSi
CSiSiSi(Si(Si)(Si)Si)CSi
CSiSiSi(Si(Si)(Si)Si)SiC
CSiSiSi(Si(Si)C)Si(Si)Si
CSiSiSi(Si(Si)C)SiSiSi
CSiSiSi(Si(Si)Si)C(Si)Si
CSiSiSi(Si(Si)Si)CSiSi
CSiSiSi(Si(Si)Si)SiCSi
CSiSiSi(Si(Si)Si)SiSiC
CSiSiSi(Si)(Si(Si)C)SiSi
CSiSiSi(Si)(Si(Si)Si)CSi
CSiSiSi(Si)(Si(Si)Si)SiC
CSiSiSi(Si)(Si)C(Si)(Si)Si
CSiSiSi(Si)(Si)C(Si)SiSi
CSiSiSi(Si)(Si)CSi(Si)Si
CSiSiSi(Si)(Si)CSiSiSi
CSiSiSi(Si)(Si)Si(C)SiSi
CSiSiSi(Si)(Si)Si(Si)(Si)C
CSiSiSi(Si)(Si)Si(Si)CSi
CSiSiSi(Si)(Si)Si(Si)SiC
CSiSiSi(Si)(Si)SiC(Si)Si
CSiSiSi(Si)(Si)SiCSiSi
CSiSiSi(Si)(Si)SiSi(Si)C
CSiSiSi(Si)(Si)SiSiCSi
CSiSiSi(Si)(SiC)SiSiSi
CSiSiSi(Si)(SiSi)C(Si)Si
CSiSiSi(Si)(SiSi)CSiSi
CSiSiSi(Si)(SiSi)SiCSi
CSiSiSi(Si)(SiSi)SiSiC
CSiSiSi(Si)C(Si)(Si)SiSi
CSiSiSi(Si)C(Si)Si(Si)Si
CSiSiSi(Si)C(Si)SiSiSi
CSiSiSi(Si)C(SiSi)SiSi
CSiSiSi(Si)CSi(Si)(Si)Si
CSiSiSi(Si)CSi(Si)SiSi
CSiSiSi(Si)CSiSi(Si)Si
CSiSiSi(Si)CSiSiSiSi
CSiSiSi(Si)Si(C)(Si)SiSi
CSiSiSi(Si)Si(C)Si(Si)Si
CSiSiSi(Si)Si(C)SiSiSi
CSiSiSi(Si)Si(Si)(Si)CSi
CSiSiSi(Si)Si(Si)(Si)SiC
CSiSiSi(Si)Si(Si)C(Si)Si
CSiSiSi(Si)Si(Si)CSiSi
CSiSiSi(Si)Si(Si)Si(Si)C
CSiSiSi(Si)Si(Si)SiCSi
CSiSiSi(Si)Si(Si)SiSiC
CSiSiSi(Si)Si(SiC)SiSi
CSiSiSi(Si)Si(SiSi)CSi
CSiSiSi(Si)SiC(Si)(Si)Si
CSiSiSi(Si)SiC(Si)SiSi
CSiSiSi(Si)SiCSi(Si)Si
CSiSiSi(Si)SiCSiSiSi
CSiSiSi(Si)SiSi(C)SiSi
CSiSiSi(Si)SiSi(Si)(Si)C
CSiSiSi(Si)SiSi(Si)CSi
CSiSiSi(Si)SiSi(Si)SiC
CSiSiSi(Si)SiSiC(Si)Si
CSiSiSi(Si)SiSiCSiSi
CSiSiSi(Si)SiSiSi(Si)C
CSiSiSi(Si)SiSiSiCSi
CSiSiSi(SiC)Si(Si)SiSi
CSiSiSi(SiC)SiSi(Si)Si
CSiSiSi(SiC)SiSiSiSi
CSiSiSi(SiCSi)SiSiSi
CSiSiSi(SiSi)(SiC)SiSi
CSiSiSi(SiSi)(SiSi)CSi
CSiSiSi(SiSi)C(Si)(Si)Si
CSiSiSi(SiSi)C(Si)SiSi
CSiSiSi(SiSi)CSi(Si)Si
CSiSiSi(SiSi)CSiSiSi
CSiSiSi(SiSi)Si(C)SiSi
CSiSiSi(SiSi)Si(Si)CSi
CSiSiSi(SiSi)Si(Si)SiC
CSiSiSi(SiSi)SiC(Si)Si
CSiSiSi(SiSi)SiCSiSi
CSiSiSi(SiSi)SiSi(Si)C
CSiSiSi(SiSi)SiSiCSi
CSiSiSi(SiSiC)SiSiSi
CSiSiSi(SiSiSi)CSiSi
CSiSiSiC(Si(Si)Si)SiSi
CSiSiSiC(Si)(Si)Si(Si)Si
CSiSiSiC(Si)(Si)SiSiSi
CSiSiSiC(Si)(SiSi)SiSi
CSiSiSiC(Si)Si(Si)(Si)Si
CSiSiSiC(Si)Si(Si)SiSi
CSiSiSiC(Si)SiSi(Si)Si
CSiSiSiC(Si)SiSiSiSi
CSiSiSiC(SiSi)SiSiSi
CSiSiSiCSi(Si)(Si)SiSi
CSiSiSiCSi(Si)Si(Si)Si
CSiSiSiCSi(Si)SiSiSi
CSiSiSiCSi(SiSi)SiSi
CSiSiSiCSiSi(Si)(Si)Si
CSiSiSiCSiSi(Si)SiSi
CSiSiSiCSiSiSi(Si)Si
CSiSiSiCSiSiSiSiSi
CSiSiSiSi(C)(Si)Si(Si)Si
CSiSiSiSi(C)(Si)SiSiSi
CSiSiSiSi(C)(SiSi)SiSi
CSiSiSiSi(C)Si(Si)(Si)Si
CSiSiSiSi(C)Si(Si)SiSi
CSiSiSiSi(C)SiSi(Si)Si
CSiSiSiSi(C)SiSiSiSi
CSiSiSiSi(CSi)SiSiSi
CSiSiSiSi(Si(Si)C)SiSi
CSiSiSiSi(Si(Si)Si)CSi
CSiSiSiSi(Si(Si)Si)SiC
CSiSiSiSi(Si)(Si)C(Si)Si
CSiSiSiSi(Si)(Si)CSiSi
CSiSiSiSi(Si)(Si)Si(Si)C
CSiSiSiSi(Si)(Si)SiCSi
CSiSiSiSi(Si)(Si)SiSiC
CSiSiSiSi(Si)(SiC)SiSi
CSiSiSiSi(Si)(SiSi)CSi
CSiSiSiSi(Si)C(Si)(Si)Si
CSiSiSiSi(Si)C(Si)SiSi
CSiSiSiSi(Si)CSi(Si)Si
CSiSiSiSi(Si)CSiSiSi
CSiSiSiSi(Si)Si(C)SiSi
CSiSiSiSi(Si)Si(Si)(Si)C
CSiSiSiSi(Si)Si(Si)CSi
CSiSiSiSi(Si)Si(Si)SiC
CSiSiSiSi(Si)SiC(Si)Si
CSiSiSiSi(Si)SiCSiSi
CSiSiSiSi(Si)SiSi(Si)C
CSiSiSiSi(Si)SiSiCSi
CSiSiSiSi(Si)SiSiSiC
CSiSiSiSi(SiC)SiSiSi
CSiSiSiSi(SiSi)C(Si)Si
CSiSiSiSi(SiSi)CSiSi
CSiSiSiSi(SiSi)SiCSi
CSiSiSiSi(SiSi)SiSiC
CSiSiSiSiC(Si)(Si)SiSi
CSiSiSiSiC(Si)Si(Si)Si
CSiSiSiSiC(Si)SiSiSi
CSiSiSiSiC(SiSi)SiSi
CSiSiSiSiCSi(Si)(Si)Si
CSiSiSiSiCSi(Si)SiSi
CSiSiSiSiCSiSi(Si)Si
CSiSiSiSiCSiSiSiSi
CSiSiSiSiSi(C)(Si)SiSi
CSiSiSiSiSi(C)Si(Si)Si
CSiSiSiSiSi(C)SiSiSi
CSiSiSiSiSi(Si)(Si)CSi
CSiSiSiSiSi(Si)(Si)SiC
CSiSiSiSiSi(Si)C(Si)Si
CSiSiSiSiSi(Si)CSiSi
CSiSiSiSiSi(Si)Si(Si)C
CSiSiSiSiSi(Si)SiCSi
CSiSiSiSiSi(Si)SiSiC
CSiSiSiSiSi(SiC)SiSi
CSiSiSiSiSi(SiSi)CSi
CSiSiSiSiSiC(Si)(Si)Si
CSiSiSiSiSiC(Si)SiSi
CSiSiSiSiSiCSi(Si)Si
CSiSiSiSiSiCSiSiSi
CSiSiSiSiSiSi(C)SiSi
CSiSiSiSiSiSi(Si)(Si)C
CSiSiSiSiSiSi(Si)CSi
CSiSiSiSiSiSi(Si)SiC
CSiSiSiSiSiSiC(Si)Si
CSiSiSiSiSiSiCSiSi
CSiSiSiSiSiSiSi(Si)C
CSiSiSiSiSiSiSiCSi
CSiSiSiSiSiSiSiSiC
SiC(Si)(Si)Si(Si)C(Si)(Si)Si
SiC(Si)(Si)SiSiC(Si)(Si)Si
SiC(Si)Si(Si)(Si)C(Si)(Si)Si
SiC(Si)Si(Si)Si(Si)C(Si)Si
SiC(Si)Si(Si)SiC(Si)(Si)Si
SiC(Si)SiSi(Si)(Si)C(Si)Si
SiC(Si)SiSi(Si)C(Si)(Si)Si
SiC(Si)SiSi(Si)SiC(Si)Si
SiC(Si)SiSiSi(Si)C(Si)Si
SiC(Si)SiSiSiC(Si)(Si)Si
SiC(Si)SiSiSiSiC(Si)Si
SiCSi(Si)(Si)Si(Si)(Si)CSi
SiCSi(Si)(Si)Si(Si)C(Si)Si
SiCSi(Si)(Si)SiC(Si)(Si)Si
SiCSi(Si)(Si)SiSiC(Si)Si
SiCSi(Si)Si(Si)(Si)C(Si)Si
SiCSi(Si)Si(Si)C(Si)(Si)Si
SiCSi(Si)Si(Si)Si(Si)CSi
SiCSi(Si)Si(Si)SiC(Si)Si
SiCSi(Si)SiSi(Si)(Si)CSi
SiCSi(Si)SiSi(Si)C(Si)Si
SiCSi(Si)SiSiC(Si)(Si)Si
SiCSi(Si)SiSiSi(Si)CSi
SiCSi(Si)SiSiSiC(Si)Si
SiCSiSi(Si(Si)Si)SiCSi
SiCSiSi(Si)(Si)C(Si)(Si)Si
SiCSiSi(Si)(Si)Si(Si)CSi
SiCSiSi(Si)(Si)SiC(Si)Si
SiCSiSi(Si)(SiSi)SiCSi
SiCSiSi(Si)Si(Si)(Si)CSi
SiCSiSi(Si)Si(Si)C(Si)Si
SiCSiSi(Si)Si(Si)SiCSi
SiCSiSi(Si)SiC(Si)(Si)Si
SiCSiSi(Si)SiSi(Si)CSi
SiCSiSi(Si)SiSiC(Si)Si
SiCSiSi(SiSi)Si(Si)CSi
SiCSiSi(SiSi)SiC(Si)Si
SiCSiSiSi(Si)(Si)C(Si)Si
SiCSiSiSi(Si)(Si)SiCSi
SiCSiSiSi(Si)C(Si)(Si)Si
SiCSiSiSi(Si)Si(Si)CSi
SiCSiSiSi(Si)SiC(Si)Si
SiCSiSiSi(Si)SiSiCSi
SiCSiSiSi(SiSi)SiCSi
SiCSiSiSiSi(Si)(Si)CSi
SiCSiSiSiSi(Si)C(Si)Si
SiCSiSiSiSi(Si)SiCSi
SiCSiSiSiSiC(Si)(Si)Si
SiCSiSiSiSiSi(Si)CSi
SiCSiSiSiSiSiC(Si)Si
SiCSiSiSiSiSiSiCSi
SiSi(Si)(Si)C(C)Si(Si)(Si)Si
SiSi(Si)(Si)C(Si)(Si)C(Si)Si
SiSi(Si)(Si)C(Si)(Si)SiCSi
SiSi(Si)(Si)C(Si)C(Si)(Si)Si
SiSi(Si)(Si)C(Si)Si(Si)CSi
SiSi(Si)(Si)C(Si)SiC(Si)Si
SiSi(Si)(Si)C(Si)SiSiCSi
SiSi(Si)(Si)CCSi(Si)(Si)Si
SiSi(Si)(Si)CSi(Si)(Si)CSi
SiSi(Si)(Si)CSi(Si)C(Si)Si
SiSi(Si)(Si)CSi(Si)SiCSi
SiSi(Si)(Si)CSiC(Si)(Si)Si
SiSi(Si)(Si)CSiSi(Si)CSi
SiSi(Si)(Si)CSiSiC(Si)Si
SiSi(Si)(Si)CSiSiSiCSi
SiSi(Si)(Si)Si(C(Si)Si)CSi
SiSi(Si)(Si)Si(C)(Si)C(Si)Si
SiSi(Si)(Si)Si(C)(Si)SiCSi
SiSi(Si)(Si)Si(C)C(Si)(Si)Si
SiSi(Si)(Si)Si(C)Si(Si)CSi
SiSi(Si)(Si)Si(C)SiC(Si)Si
SiSi(Si)(Si)Si(C)SiSiCSi
SiSi(Si)(Si)Si(CSi)(Si)CSi
SiSi(Si)(Si)Si(CSi)SiCSi
SiSi(Si)(Si)Si(Si)(Si)CCSi
SiSi(Si)(Si)Si(Si)C(Si)CSi
SiSi(Si)(Si)Si(Si)CC(Si)Si
SiSi(Si)(Si)Si(Si)CSiCSi
SiSi(Si)(Si)Si(Si)Si(C)CSi
SiSi(Si)(Si)Si(Si)SiCCSi
SiSi(Si)(Si)SiC(Si)(Si)CSi
SiSi(Si)(Si)SiC(Si)C(Si)Si
SiSi(Si)(Si)SiC(Si)SiCSi
SiSi(Si)(Si)SiCC(Si)(Si)Si
SiSi(Si)(Si)SiCSi(Si)CSi
SiSi(Si)(Si)SiCSiC(Si)Si
SiSi(Si)(Si)SiCSiSiCSi
SiSi(Si)(Si)SiSi(C)(Si)CSi
SiSi(Si)(Si)SiSi(C)C(Si)Si
SiSi(Si)(Si)SiSi(C)SiCSi
SiSi(Si)(Si)SiSi(CSi)CSi
SiSi(Si)(Si)SiSi(Si)CCSi
SiSi(Si)(Si)SiSiC(Si)CSi
SiSi(Si)(Si)SiSiCC(Si)Si
SiSi(Si)(Si)SiSiCSiCSi
SiSi(Si)(Si)SiSiSi(C)CSi
SiSi(Si)(Si)SiSiSiCCSi
SiSi(Si)C(C)(Si)Si(Si)(Si)Si
SiSi(Si)C(C)SiSi(Si)(Si)Si
SiSi(Si)C(Si(Si)(Si)Si)CSi
SiSi(Si)C(Si(Si)Si)C(Si)Si
SiSi(Si)C(Si(Si)Si)SiCSi
SiSi(Si)C(Si)(Si(Si)Si)CSi
SiSi(Si)C(Si)(Si)C(Si)(Si)Si
SiSi(Si)C(Si)(Si)Si(Si)CSi
SiSi(Si)C(Si)(Si)SiC(Si)Si
SiSi(Si)C(Si)(Si)SiSiCSi
SiSi(Si)C(Si)C(Si)Si(Si)Si
SiSi(Si)C(Si)CSi(Si)(Si)Si
SiSi(Si)C(Si)Si(Si)(Si)CSi
SiSi(Si)C(Si)Si(Si)C(Si)Si
SiSi(Si)C(Si)Si(Si)SiCSi
SiSi(Si)C(Si)SiC(Si)(Si)Si
SiSi(Si)C(Si)SiSi(Si)CSi
SiSi(Si)C(Si)SiSiC(Si)Si
SiSi(Si)C(Si)SiSiSiCSi
SiSi(Si)CC(Si)(Si)Si(Si)Si
SiSi(Si)CC(Si)Si(Si)(Si)Si
SiSi(Si)CCSiSi(Si)(Si)Si
SiSi(Si)CSi(C)Si(Si)(Si)Si
SiSi(Si)CSi(Si)(Si)C(Si)Si
SiSi(Si)CSi(Si)(Si)SiCSi
SiSi(Si)CSi(Si)C(Si)(Si)Si
SiSi(Si)CSi(Si)CSi(Si)Si
SiSi(Si)CSi(Si)Si(Si)CSi
SiSi(Si)CSi(Si)SiC(Si)Si
SiSi(Si)CSi(Si)SiSiCSi
SiSi(Si)CSi(SiSi)SiCSi
SiSi(Si)CSiC(Si)Si(Si)Si
SiSi(Si)CSiCSi(Si)(Si)Si
SiSi(Si)CSiSi(Si)(Si)CSi
SiSi(Si)CSiSi(Si)C(Si)Si
SiSi(Si)CSiSi(Si)SiCSi
SiSi(Si)CSiSiC(Si)(Si)Si
SiSi(Si)CSiSiCSi(Si)Si
SiSi(Si)CSiSiSi(Si)CSi
SiSi(Si)CSiSiSiC(Si)Si
SiSi(Si)CSiSiSiSiCSi
SiSi(Si)Si(C(Si)(Si)Si)CSi
SiSi(Si)Si(C(Si)Si)(Si)CSi
SiSi(Si)Si(C(Si)Si)C(Si)Si
SiSi(Si)Si(C(Si)Si)SiCSi
SiSi(Si)Si(C)(C)Si(Si)(Si)Si
SiSi(Si)Si(C)(Si(Si)Si)CSi
SiSi(Si)Si(C)(Si)C(Si)(Si)Si
SiSi(Si)Si(C)(Si)CSi(Si)Si
SiSi(Si)Si(C)(Si)Si(Si)CSi
SiSi(Si)Si(C)(Si)SiC(Si)Si
SiSi(Si)Si(C)(Si)SiSiCSi
SiSi(Si)Si(C)C(Si)Si(Si)Si
SiSi(Si)Si(C)CSi(Si)(Si)Si
SiSi(Si)Si(C)Si(C)Si(Si)Si
SiSi(Si)Si(C)Si(Si)(Si)CSi
SiSi(Si)Si(C)Si(Si)C(Si)Si
SiSi(Si)Si(C)Si(Si)SiCSi
SiSi(Si)Si(C)SiC(Si)(Si)Si
SiSi(Si)Si(C)SiCSi(Si)Si
SiSi(Si)Si(C)SiSi(Si)CSi
SiSi(Si)Si(C)SiSiC(Si)Si
SiSi(Si)Si(C)SiSiSiCSi
SiSi(Si)Si(CSi)(Si)SiCSi
SiSi(Si)Si(CSi)CSi(Si)Si
SiSi(Si)Si(CSi)Si(Si)CSi
SiSi(Si)Si(CSi)SiC(Si)Si
SiSi(Si)Si(CSi)SiSiCSi
SiSi(Si)Si(Si(Si)Si)CCSi
SiSi(Si)Si(Si)(Si)C(Si)CSi
SiSi(Si)Si(Si)(Si)CC(Si)Si
SiSi(Si)Si(Si)(Si)CSiCSi
SiSi(Si)Si(Si)(Si)Si(C)CSi
SiSi(Si)Si(Si)(Si)SiCCSi
SiSi(Si)Si(Si)C(C)Si(Si)Si
SiSi(Si)Si(Si)C(Si)(Si)CSi
SiSi(Si)Si(Si)C(Si)C(Si)Si
SiSi(Si)Si(Si)C(Si)SiCSi
SiSi(Si)Si(Si)CC(Si)(Si)Si
SiSi(Si)Si(Si)CCSi(Si)Si
SiSi(Si)Si(Si)CSi(Si)CSi
SiSi(Si)Si(Si)CSiC(Si)Si
SiSi(Si)Si(Si)CSiSiCSi
SiSi(Si)Si(Si)Si(C)(Si)CSi
SiSi(Si)Si(Si)Si(C)C(Si)Si
SiSi(Si)Si(Si)Si(C)SiCSi
SiSi(Si)Si(Si)Si(CSi)CSi
SiSi(Si)Si(Si)Si(Si)CCSi
SiSi(Si)Si(Si)SiC(Si)CSi
SiSi(Si)Si(Si)SiCC(Si)Si
SiSi(Si)Si(Si)SiCSiCSi
SiSi(Si)Si(Si)SiSi(C)CSi
SiSi(Si)Si(Si)SiSiCCSi
SiSi(Si)SiC(C)(Si)Si(Si)Si
SiSi(Si)SiC(C)Si(Si)(Si)Si
SiSi(Si)SiC(C)SiSi(Si)Si
SiSi(Si)SiC(Si(Si)Si)CSi
SiSi(Si)SiC(Si)(Si)C(Si)Si
SiSi(Si)SiC(Si)(Si)SiCSi
SiSi(Si)SiC(Si)C(Si)(Si)Si
SiSi(Si)SiC(Si)CSi(Si)Si
SiSi(Si)SiC(Si)Si(Si)CSi
SiSi(Si)SiC(Si)SiC(Si)Si
SiSi(Si)SiC(Si)SiSiCSi
SiSi(Si)SiC(SiSi)SiCSi
SiSi(Si)SiCC(Si)Si(Si)Si
SiSi(Si)SiCCSi(Si)(Si)Si
SiSi(Si)SiCCSiSi(Si)Si
SiSi(Si)SiCSi(C)Si(Si)Si
SiSi(Si)SiCSi(Si)(Si)CSi
SiSi(Si)SiCSi(Si)C(Si)Si
SiSi(Si)SiCSi(Si)SiCSi
SiSi(Si)SiCSiC(Si)(Si)Si
SiSi(Si)SiCSiCSi(Si)Si
SiSi(Si)SiCSiSi(Si)CSi
SiSi(Si)SiCSiSiC(Si)Si
SiSi(Si)SiCSiSiSiCSi
SiSi(Si)SiSi(C(Si)Si)CSi
SiSi(Si)SiSi(C)(C)Si(Si)Si
SiSi(Si)SiSi(C)(Si)C(Si)Si
SiSi(Si)SiSi(C)(Si)SiCSi
SiSi(Si)SiSi(C)C(Si)(Si)Si
SiSi(Si)SiSi(C)CSi(Si)Si
SiSi(Si)SiSi(C)Si(Si)CSi
SiSi(Si)SiSi(C)SiC(Si)Si
SiSi(Si)SiSi(C)SiSiCSi
SiSi(Si)SiSi(CSi)(Si)CSi
SiSi(Si)SiSi(CSi)SiCSi
SiSi(Si)SiSi(Si)(Si)CCSi
SiSi(Si)SiSi(Si)C(Si)CSi
SiSi(Si)SiSi(Si)CC(Si)Si
SiSi(Si)SiSi(Si)CSiCSi
SiSi(Si)SiSi(Si)Si(C)CSi
SiSi(Si)SiSi(Si)SiCCSi
SiSi(Si)SiSi(SiC)SiCSi
SiSi(Si)SiSi(SiSi)CCSi
SiSi(Si)SiSiC(C)Si(Si)Si
SiSi(Si)SiSiC(Si)(Si)CSi
SiSi(Si)SiSiC(Si)C(Si)Si
SiSi(Si)SiSiC(Si)SiCSi
SiSi(Si)SiSiCC(Si)(Si)Si
SiSi(Si)SiSiCCSi(Si)Si
SiSi(Si)SiSiCSi(Si)CSi
SiSi(Si)SiSiCSiC(Si)Si
SiSi(Si)SiSiCSiSiCSi
SiSi(Si)SiSiSi(C)(Si)CSi
SiSi(Si)SiSiSi(C)C(Si)Si
SiSi(Si)SiSiSi(C)SiCSi
SiSi(Si)SiSiSi(CSi)CSi
SiSi(Si)SiSiSi(Si)CCSi
SiSi(Si)SiSiSiC(Si)CSi
SiSi(Si)SiSiSiCC(Si)Si
SiSi(Si)SiSiSiCSiCSi
SiSi(Si)SiSiSiSi(C)CSi
SiSi(Si)SiSiSiSiCCSi
SiSiC(C(Si)Si)SiSi(Si)Si
SiSiC(C)(Si(Si)(Si)Si)SiSi
SiSiC(C)(Si(Si)Si)Si(Si)Si
SiSiC(C)(Si)Si(Si)Si(Si)Si
SiSiC(C)(Si)SiSi(Si)(Si)Si
SiSiC(C)(Si)SiSiSi(Si)Si
SiSiC(C)(SiSi)SiSi(Si)Si
SiSiC(C)Si(Si)(Si)Si(Si)Si
SiSiC(C)Si(Si)Si(Si)(Si)Si
SiSiC(C)Si(Si)SiSi(Si)Si
SiSiC(C)SiSi(Si)Si(Si)Si
SiSiC(C)SiSiSi(Si)(Si)Si
SiSiC(C)SiSiSiSi(Si)Si
SiSiC(CSi)(Si)SiSi(Si)Si
SiSiC(CSi)Si(Si)Si(Si)Si
SiSiC(CSi)SiSi(Si)(Si)Si
SiSiC(CSi)SiSiSi(Si)Si
SiSiC(Si(Si)(Si)Si)C(Si)Si
SiSiC(Si(Si)(Si)Si)SiCSi
SiSiC(Si(Si)Si)C(Si)(Si)Si
SiSiC(Si(Si)Si)C(Si)SiSi
SiSiC(Si(Si)Si)CSi(Si)Si
SiSiC(Si(Si)Si)Si(Si)CSi
SiSiC(Si(Si)Si)SiC(Si)Si
SiSiC(Si(Si)Si)SiSiCSi
SiSiC(Si)(Si(Si)(Si)Si)CSi
SiSiC(Si)(Si(Si)Si)C(Si)Si
SiSiC(Si)(Si(Si)Si)SiCSi
SiSiC(Si)(Si)C(Si)(Si)SiSi
SiSiC(Si)(Si)C(Si)Si(Si)Si
SiSiC(Si)(Si)CSi(Si)(Si)Si
SiSiC(Si)(Si)CSiSi(Si)Si
SiSiC(Si)(Si)Si(C)Si(Si)Si
SiSiC(Si)(Si)Si(Si)(Si)CSi
SiSiC(Si)(Si)Si(Si)C(Si)Si
SiSiC(Si)(Si)Si(Si)SiCSi
SiSiC(Si)(Si)SiC(Si)(Si)Si
SiSiC(Si)(Si)SiCSi(Si)Si
SiSiC(Si)(Si)SiSi(Si)CSi
SiSiC(Si)(Si)SiSiC(Si)Si
SiSiC(Si)(Si)SiSiSiCSi
SiSiC(Si)(SiSi)C(Si)(Si)Si
SiSiC(Si)(SiSi)CSi(Si)Si
SiSiC(Si)(SiSi)Si(Si)CSi
SiSiC(Si)(SiSi)SiC(Si)Si
SiSiC(Si)(SiSi)SiSiCSi
SiSiC(Si)C(Si)(Si)Si(Si)Si
SiSiC(Si)C(Si)(SiSi)SiSi
SiSiC(Si)C(Si)Si(Si)(Si)Si
SiSiC(Si)C(Si)SiSi(Si)Si
SiSiC(Si)CSi(Si)Si(Si)Si
SiSiC(Si)CSiSi(Si)(Si)Si
SiSiC(Si)CSiSiSi(Si)Si
SiSiC(Si)Si(C)(Si)Si(Si)Si
SiSiC(Si)Si(C)Si(Si)(Si)Si
SiSiC(Si)Si(C)SiSi(Si)Si
SiSiC(Si)Si(Si(Si)Si)CSi
SiSiC(Si)Si(Si)(Si)C(Si)Si
SiSiC(Si)Si(Si)(Si)SiCSi
SiSiC(Si)Si(Si)C(Si)(Si)Si
SiSiC(Si)Si(Si)C(Si)SiSi
SiSiC(Si)Si(Si)CSi(Si)Si
SiSiC(Si)Si(Si)Si(Si)CSi
SiSiC(Si)Si(Si)SiC(Si)Si
SiSiC(Si)Si(Si)SiSiCSi
SiSiC(Si)Si(SiSi)SiCSi
SiSiC(Si)SiC(Si)(Si)SiSi
SiSiC(Si)SiC(Si)Si(Si)Si
SiSiC(Si)SiCSi(Si)(Si)Si
SiSiC(Si)SiCSiSi(Si)Si
SiSiC(Si)SiSi(C)Si(Si)Si
SiSiC(Si)SiSi(Si)(Si)CSi
SiSiC(Si)SiSi(Si)C(Si)Si
SiSiC(Si)SiSi(Si)SiCSi
SiSiC(Si)SiSiC(Si)(Si)Si
SiSiC(Si)SiSiC(Si)SiSi
SiSiC(Si)SiSiCSi(Si)Si
SiSiC(Si)SiSiSi(Si)CSi
SiSiC(Si)SiSiSiC(Si)Si
SiSiC(Si)SiSiSiSiCSi
SiSiC(SiSi)(Si(Si)Si)CSi
SiSiC(SiSi)(SiSi)C(Si)Si
SiSiC(SiSi)(SiSi)SiCSi
SiSiC(SiSi)C(Si)(Si)SiSi
SiSiC(SiSi)C(Si)Si(Si)Si
SiSiC(SiSi)C(SiSi)SiSi
SiSiC(SiSi)CSi(Si)(Si)Si
SiSiC(SiSi)CSiSi(Si)Si
SiSiC(SiSi)Si(C)Si(Si)Si
SiSiC(SiSi)Si(Si)(Si)CSi
SiSiC(SiSi)Si(Si)C(Si)Si
SiSiC(SiSi)Si(Si)SiCSi
SiSiC(SiSi)SiC(Si)(Si)Si
SiSiC(SiSi)SiC(Si)SiSi
SiSiC(SiSi)SiCSi(Si)Si
SiSiC(SiSi)SiSi(Si)CSi
SiSiC(SiSi)SiSiC(Si)Si
SiSiC(SiSi)SiSiSiCSi
SiSiCC(Si(Si)(Si)Si)SiSi
SiSiCC(Si(Si)Si)Si(Si)Si
SiSiCC(Si)(Si(Si)Si)SiSi
SiSiCC(Si)(Si)Si(Si)(Si)Si
SiSiCC(Si)(Si)SiSi(Si)Si
SiSiCC(Si)Si(Si)Si(Si)Si
SiSiCC(Si)SiSi(Si)(Si)Si
SiSiCC(Si)SiSiSi(Si)Si
SiSiCC(SiSi)(SiSi)SiSi
SiSiCC(SiSi)SiSi(Si)Si
SiSiCCSi(Si)(Si)Si(Si)Si
SiSiCCSi(Si)Si(Si)(Si)Si
SiSiCCSi(Si)SiSi(Si)Si
SiSiCCSiSi(Si)Si(Si)Si
SiSiCCSiSiSi(Si)(Si)Si
SiSiCCSiSiSiSi(Si)Si
SiSiCSi(C)(Si)Si(Si)(Si)Si
SiSiCSi(C)(Si)SiSi(Si)Si
SiSiCSi(C)Si(Si)Si(Si)Si
SiSiCSi(C)SiSi(Si)(Si)Si
SiSiCSi(C)SiSiSi(Si)Si
SiSiCSi(CSi)SiSi(Si)Si
SiSiCSi(Si(Si)(Si)Si)CSi
SiSiCSi(Si(Si)Si)C(Si)Si
SiSiCSi(Si(Si)Si)CSiSi
SiSiCSi(Si(Si)Si)SiCSi
SiSiCSi(Si)(Si(Si)Si)CSi
SiSiCSi(Si)(Si)C(Si)(Si)Si
SiSiCSi(Si)(Si)C(Si)SiSi
SiSiCSi(Si)(Si)CSi(Si)Si
SiSiCSi(Si)(Si)Si(Si)CSi
SiSiCSi(Si)(Si)SiC(Si)Si
SiSiCSi(Si)(Si)SiSiCSi
SiSiCSi(Si)(SiSi)CSiSi
SiSiCSi(Si)(SiSi)SiCSi
SiSiCSi(Si)C(Si)(Si)SiSi
SiSiCSi(Si)C(Si)Si(Si)Si
SiSiCSi(Si)C(SiSi)SiSi
SiSiCSi(Si)CSi(Si)(Si)Si
SiSiCSi(Si)CSiSi(Si)Si
SiSiCSi(Si)Si(C)Si(Si)Si
SiSiCSi(Si)Si(Si)(Si)CSi
SiSiCSi(Si)Si(Si)C(Si)Si
SiSiCSi(Si)Si(Si)CSiSi
SiSiCSi(Si)Si(Si)SiCSi
SiSiCSi(Si)SiC(Si)(Si)Si
SiSiCSi(Si)SiC(Si)SiSi
SiSiCSi(Si)SiCSi(Si)Si
SiSiCSi(Si)SiSi(Si)CSi
SiSiCSi(Si)SiSiC(Si)Si
SiSiCSi(Si)SiSiSiCSi
SiSiCSi(SiC)SiSi(Si)Si
SiSiCSi(SiSi)C(Si)SiSi
SiSiCSi(SiSi)CSi(Si)Si
SiSiCSi(SiSi)Si(Si)CSi
SiSiCSi(SiSi)SiC(Si)Si
SiSiCSi(SiSi)SiSiCSi
SiSiCSiC(Si(Si)Si)SiSi
SiSiCSiC(Si)(Si)Si(Si)Si
SiSiCSiC(Si)(SiSi)SiSi
SiSiCSiC(Si)Si(Si)(Si)Si
SiSiCSiC(Si)SiSi(Si)Si
SiSiCSiCSi(Si)Si(Si)Si
SiSiCSiCSiSi(Si)(Si)Si
SiSiCSiCSiSiSi(Si)Si
SiSiCSiSi(C)(Si)Si(Si)Si
SiSiCSiSi(C)Si(Si)(Si)Si
SiSiCSiSi(C)SiSi(Si)Si
SiSiCSiSi(Si(Si)Si)CSi
SiSiCSiSi(Si)(Si)C(Si)Si
SiSiCSiSi(Si)(Si)CSiSi
SiSiCSiSi(Si)(Si)SiCSi
SiSiCSiSi(Si)C(Si)(Si)Si
SiSiCSiSi(Si)C(Si)SiSi
SiSiCSiSi(Si)CSi(Si)Si
SiSiCSiSi(Si)Si(Si)CSi
SiSiCSiSi(Si)SiC(Si)Si
SiSiCSiSi(Si)SiCSiSi
SiSiCSiSi(Si)SiSiCSi
SiSiCSiSi(SiSi)CSiSi
SiSiCSiSi(SiSi)SiCSi
SiSiCSiSiC(Si)(Si)SiSi
SiSiCSiSiC(Si)Si(Si)Si
SiSiCSiSiC(SiSi)SiSi
SiSiCSiSiCSi(Si)(Si)Si
SiSiCSiSiCSiSi(Si)Si
SiSiCSiSiSi(C)Si(Si)Si
SiSiCSiSiSi(Si)(Si)CSi
SiSiCSiSiSi(Si)C(Si)Si
SiSiCSiSiSi(Si)CSiSi
SiSiCSiSiSi(Si)SiCSi
SiSiCSiSiSiC(Si)(Si)Si
SiSiCSiSiSiC(Si)SiSi
SiSiCSiSiSiCSi(Si)Si
SiSiCSiSiSiSi(Si)CSi
SiSiCSiSiSiSiC(Si)Si
SiSiCSiSiSiSiCSiSi
SiSiCSiSiSiSiSiCSi
SiSiSi(C(Si)(Si)Si)(Si)CSi
SiSiSi(C(Si)(Si)Si)C(Si)Si
SiSiSi(C(Si)(Si)Si)CSiSi
SiSiSi(C(Si)(Si)Si)SiCSi
SiSiSi(C(Si)Si)(Si)C(Si)Si
SiSiSi(C(Si)Si)(Si)CSiSi
SiSiSi(C(Si)Si)(Si)SiCSi
SiSiSi(C(Si)Si)(SiSi)CSi
SiSiSi(C(Si)Si)C(Si)SiSi
SiSiSi(C(Si)Si)CSi(Si)Si
SiSiSi(C(Si)Si)Si(C)SiSi
SiSiSi(C(Si)Si)Si(Si)CSi
SiSiSi(C(Si)Si)SiC(Si)Si
SiSiSi(C(Si)Si)SiCSiSi
SiSiSi(C(Si)Si)SiSiCSi
SiSiSi(C)(C)Si(Si)Si(Si)Si
SiSiSi(C)(C)SiSi(Si)(Si)Si
SiSiSi(C)(C)SiSiSi(Si)Si
SiSiSi(C)(CSi)SiSi(Si)Si
SiSiSi(C)(Si(Si)(Si)Si)CSi
SiSiSi(C)(Si(Si)Si)C(Si)Si
SiSiSi(C)(Si(Si)Si)CSiSi
SiSiSi(C)(Si(Si)Si)SiCSi
SiSiSi(C)(Si)C(Si)(Si)SiSi
SiSiSi(C)(Si)C(Si)Si(Si)Si
SiSiSi(C)(Si)C(SiSi)SiSi
SiSiSi(C)(Si)CSi(Si)(Si)Si
SiSiSi(C)(Si)CSiSi(Si)Si
SiSiSi(C)(Si)Si(C)(Si)SiSi
SiSiSi(C)(Si)Si(C)Si(Si)Si
SiSiSi(C)(Si)Si(Si)(Si)CSi
SiSiSi(C)(Si)Si(Si)C(Si)Si
SiSiSi(C)(Si)Si(Si)CSiSi
SiSiSi(C)(Si)Si(Si)SiCSi
SiSiSi(C)(Si)SiC(Si)(Si)Si
SiSiSi(C)(Si)SiC(Si)SiSi
SiSiSi(C)(Si)SiCSi(Si)Si
SiSiSi(C)(Si)SiSi(Si)CSi
SiSiSi(C)(Si)SiSiC(Si)Si
SiSiSi(C)(Si)SiSiCSiSi
SiSiSi(C)(Si)SiSiSiCSi
SiSiSi(C)(SiSi)C(Si)(Si)Si
SiSiSi(C)(SiSi)C(Si)SiSi
SiSiSi(C)(SiSi)CSi(Si)Si
SiSiSi(C)(SiSi)Si(Si)CSi
SiSiSi(C)(SiSi)SiC(Si)Si
SiSiSi(C)(SiSi)SiCSiSi
SiSiSi(C)(SiSi)SiSiCSi
SiSiSi(C)C(Si(Si)Si)SiSi
SiSiSi(C)C(Si)(Si)Si(Si)Si
SiSiSi(C)C(Si)(SiSi)SiSi
SiSiSi(C)C(Si)Si(Si)(Si)Si
SiSiSi(C)C(Si)Si(Si)SiSi
SiSiSi(C)C(Si)SiSi(Si)Si
SiSiSi(C)CSi(Si)(Si)SiSi
SiSiSi(C)CSi(Si)Si(Si)Si
SiSiSi(C)CSi(SiSi)SiSi
SiSiSi(C)CSiSi(Si)(Si)Si
SiSiSi(C)CSiSiSi(Si)Si
SiSiSi(C)Si(C)(Si)Si(Si)Si
SiSiSi(C)Si(C)(SiSi)SiSi
SiSiSi(C)Si(C)Si(Si)(Si)Si
SiSiSi(C)Si(C)SiSi(Si)Si
SiSiSi(C)Si(Si(Si)Si)CSi
SiSiSi(C)Si(Si)(Si)C(Si)Si
SiSiSi(C)Si(Si)(Si)CSiSi
SiSiSi(C)Si(Si)(Si)SiCSi
SiSiSi(C)Si(Si)(SiSi)CSi
SiSiSi(C)Si(Si)C(Si)(Si)Si
SiSiSi(C)Si(Si)C(Si)SiSi
SiSiSi(C)Si(Si)CSi(Si)Si
SiSiSi(C)Si(Si)Si(C)SiSi
SiSiSi(C)Si(Si)Si(Si)CSi
SiSiSi(C)Si(Si)SiC(Si)Si
SiSiSi(C)Si(Si)SiCSiSi
SiSiSi(C)Si(Si)SiSiCSi
SiSiSi(C)Si(SiSi)CSiSi
SiSiSi(C)Si(SiSi)SiCSi
SiSiSi(C)SiC(Si)(Si)SiSi
SiSiSi(C)SiC(Si)Si(Si)Si
SiSiSi(C)SiC(SiSi)SiSi
SiSiSi(C)SiCSi(Si)(Si)Si
SiSiSi(C)SiCSiSi(Si)Si
SiSiSi(C)SiSi(C)(Si)SiSi
SiSiSi(C)SiSi(C)Si(Si)Si
SiSiSi(C)SiSi(Si)(Si)CSi
SiSiSi(C)SiSi(Si)C(Si)Si
SiSiSi(C)SiSi(Si)CSiSi
SiSiSi(C)SiSi(Si)SiCSi
SiSiSi(C)SiSiC(Si)(Si)Si
SiSiSi(C)SiSiC(Si)SiSi
SiSiSi(C)SiSiCSi(Si)Si
SiSiSi(C)SiSiSi(C)SiSi
SiSiSi(C)SiSiSi(Si)CSi
SiSiSi(C)SiSiSiC(Si)Si
SiSiSi(C)SiSiSiCSiSi
SiSiSi(C)SiSiSiSiCSi
SiSiSi(CSi)(Si(Si)Si)CSi
SiSiSi(CSi)(Si)C(Si)SiSi
SiSiSi(CSi)(Si)CSi(Si)Si
SiSiSi(CSi)(Si)Si(Si)CSi
SiSiSi(CSi)(Si)SiC(Si)Si
SiSiSi(CSi)(Si)SiCSiSi
SiSiSi(CSi)(Si)SiSiCSi
SiSiSi(CSi)(SiSi)CSiSi
SiSiSi(CSi)(SiSi)SiCSi
SiSiSi(CSi)C(Si)(Si)SiSi
SiSiSi(CSi)C(Si)Si(Si)Si
SiSiSi(CSi)C(SiSi)SiSi
SiSiSi(CSi)CSi(Si)(Si)Si
SiSiSi(CSi)CSi(Si)SiSi
SiSiSi(CSi)CSiSi(Si)Si
SiSiSi(CSi)Si(C)(Si)SiSi
SiSiSi(CSi)Si(C)Si(Si)Si
SiSiSi(CSi)Si(Si)(Si)CSi
SiSiSi(CSi)Si(Si)C(Si)Si
SiSiSi(CSi)Si(Si)CSiSi
SiSiSi(CSi)Si(Si)SiCSi
SiSiSi(CSi)Si(SiSi)CSi
SiSiSi(CSi)SiC(Si)(Si)Si
SiSiSi(CSi)SiC(Si)SiSi
SiSiSi(CSi)SiCSi(Si)Si
SiSiSi(CSi)SiSi(C)SiSi
SiSiSi(CSi)SiSi(Si)CSi
SiSiSi(CSi)SiSiC(Si)Si
SiSiSi(CSi)SiSiCSiSi
SiSiSi(CSi)SiSiSiCSi
SiSiSi(Si(Si)(Si)Si)CCSi
SiSiSi(Si(Si)Si)C(C)SiSi
SiSiSi(Si(Si)Si)C(Si)CSi
SiSiSi(Si(Si)Si)CC(Si)Si
SiSiSi(Si(Si)Si)CCSiSi
SiSiSi(Si(Si)Si)CSiCSi
SiSiSi(Si(Si)Si)Si(C)CSi
SiSiSi(Si(Si)Si)SiCCSi
SiSiSi(Si)(Si(Si)Si)CCSi
SiSiSi(Si)(Si)C(C)(Si)SiSi
SiSiSi(Si)(Si)C(C)Si(Si)Si
SiSiSi(Si)(Si)C(Si)(Si)CSi
SiSiSi(Si)(Si)C(Si)C(Si)Si
SiSiSi(Si)(Si)C(Si)CSiSi
SiSiSi(Si)(Si)C(Si)SiCSi
SiSiSi(Si)(Si)C(SiSi)CSi
SiSiSi(Si)(Si)CC(Si)(Si)Si
SiSiSi(Si)(Si)CC(Si)SiSi
SiSiSi(Si)(Si)CCSi(Si)Si
SiSiSi(Si)(Si)CSi(Si)CSi
SiSiSi(Si)(Si)CSiC(Si)Si
SiSiSi(Si)(Si)CSiCSiSi
SiSiSi(Si)(Si)CSiSiCSi
SiSiSi(Si)(Si)Si(C)(C)SiSi
SiSiSi(Si)(Si)Si(C)(Si)CSi
SiSiSi(Si)(Si)Si(C)C(Si)Si
SiSiSi(Si)(Si)Si(C)CSiSi
SiSiSi(Si)(Si)Si(C)SiCSi
SiSiSi(Si)(Si)Si(CSi)CSi
SiSiSi(Si)(Si)Si(Si)CCSi
SiSiSi(Si)(Si)SiC(C)SiSi
SiSiSi(Si)(Si)SiC(Si)CSi
SiSiSi(Si)(Si)SiCC(Si)Si
SiSiSi(Si)(Si)SiCCSiSi
SiSiSi(Si)(Si)SiCSiCSi
SiSiSi(Si)(Si)SiSi(C)CSi
SiSiSi(Si)(Si)SiSiCCSi
SiSiSi(Si)(SiSi)C(C)SiSi
SiSiSi(Si)(SiSi)C(Si)CSi
SiSiSi(Si)(SiSi)CC(Si)Si
SiSiSi(Si)(SiSi)CCSiSi
SiSiSi(Si)(SiSi)CSiCSi
SiSiSi(Si)(SiSi)Si(C)CSi
SiSiSi(Si)(SiSi)SiCCSi
SiSiSi(Si)C(C)(Si)Si(Si)Si
SiSiSi(Si)C(C)(SiSi)SiSi
SiSiSi(Si)C(C)Si(Si)(Si)Si
SiSiSi(Si)C(C)Si(Si)SiSi
SiSiSi(Si)C(C)SiSi(Si)Si
SiSiSi(Si)C(Si(Si)Si)CSi
SiSiSi(Si)C(Si)(Si)C(Si)Si
SiSiSi(Si)C(Si)(Si)CSiSi
SiSiSi(Si)C(Si)(Si)SiCSi
SiSiSi(Si)C(Si)(SiSi)CSi
SiSiSi(Si)C(Si)C(Si)(Si)Si
SiSiSi(Si)C(Si)C(Si)SiSi
SiSiSi(Si)C(Si)CSi(Si)Si
SiSiSi(Si)C(Si)Si(Si)CSi
SiSiSi(Si)C(Si)SiC(Si)Si
SiSiSi(Si)C(Si)SiCSiSi
SiSiSi(Si)C(Si)SiSiCSi
SiSiSi(Si)C(SiSi)C(Si)Si
SiSiSi(Si)C(SiSi)CSiSi
SiSiSi(Si)C(SiSi)SiCSi
SiSiSi(Si)CC(Si)(Si)SiSi
SiSiSi(Si)CC(Si)Si(Si)Si
SiSiSi(Si)CC(SiSi)SiSi
SiSiSi(Si)CCSi(Si)(Si)Si
SiSiSi(Si)CCSi(Si)SiSi
SiSiSi(Si)CCSiSi(Si)Si
SiSiSi(Si)CSi(C)(Si)SiSi
SiSiSi(Si)CSi(C)Si(Si)Si
SiSiSi(Si)CSi(Si)(Si)CSi
SiSiSi(Si)CSi(Si)C(Si)Si
SiSiSi(Si)CSi(Si)CSiSi
SiSiSi(Si)CSi(Si)SiCSi
SiSiSi(Si)CSiC(Si)(Si)Si
SiSiSi(Si)CSiC(Si)SiSi
SiSiSi(Si)CSiCSi(Si)Si
SiSiSi(Si)CSiSi(C)SiSi
SiSiSi(Si)CSiSi(Si)CSi
SiSiSi(Si)CSiSiC(Si)Si
SiSiSi(Si)CSiSiCSiSi
SiSiSi(Si)CSiSiSiCSi
SiSiSi(Si)Si(C(Si)Si)CSi
SiSiSi(Si)Si(C)(C)Si(Si)Si
SiSiSi(Si)Si(C)(Si)C(Si)Si
SiSiSi(Si)Si(C)(Si)CSiSi
SiSiSi(Si)Si(C)(Si)SiCSi
SiSiSi(Si)Si(C)(SiSi)CSi
SiSiSi(Si)Si(C)C(Si)(Si)Si
SiSiSi(Si)Si(C)C(Si)SiSi
SiSiSi(Si)Si(C)CSi(Si)Si
SiSiSi(Si)Si(C)Si(C)SiSi
SiSiSi(Si)Si(C)Si(Si)CSi
SiSiSi(Si)Si(C)SiC(Si)Si
SiSiSi(Si)Si(C)SiCSiSi
SiSiSi(Si)Si(C)SiSiCSi
SiSiSi(Si)Si(CSi)(Si)CSi
SiSiSi(Si)Si(CSi)CSiSi
SiSiSi(Si)Si(CSi)SiCSi
SiSiSi(Si)Si(Si)(Si)CCSi
SiSiSi(Si)Si(Si)C(C)SiSi
SiSiSi(Si)Si(Si)C(Si)CSi
SiSiSi(Si)Si(Si)CC(Si)Si
SiSiSi(Si)Si(Si)CCSiSi
SiSiSi(Si)Si(Si)CSiCSi
SiSiSi(Si)Si(Si)Si(C)CSi
SiSiSi(Si)Si(Si)SiCCSi
SiSiSi(Si)Si(SiC)CSiSi
SiSiSi(Si)Si(SiC)SiCSi
SiSiSi(Si)Si(SiSi)CCSi
SiSiSi(Si)SiC(C)(Si)SiSi
SiSiSi(Si)SiC(C)Si(Si)Si
SiSiSi(Si)SiC(Si)(Si)CSi
SiSiSi(Si)SiC(Si)C(Si)Si
SiSiSi(Si)SiC(Si)CSiSi
SiSiSi(Si)SiC(Si)SiCSi
SiSiSi(Si)SiC(SiSi)CSi
SiSiSi(Si)SiCC(Si)(Si)Si
SiSiSi(Si)SiCC(Si)SiSi
SiSiSi(Si)SiCCSi(Si)Si
SiSiSi(Si)SiCSi(C)SiSi
SiSiSi(Si)SiCSi(Si)CSi
SiSiSi(Si)SiCSiC(Si)Si
SiSiSi(Si)SiCSiCSiSi
SiSiSi(Si)SiCSiSiCSi
SiSiSi(Si)SiSi(C)(C)SiSi
SiSiSi(Si)SiSi(C)(Si)CSi
SiSiSi(Si)SiSi(C)C(Si)Si
SiSiSi(Si)SiSi(C)CSiSi
SiSiSi(Si)SiSi(C)SiCSi
SiSiSi(Si)SiSi(CSi)CSi
SiSiSi(Si)SiSi(Si)CCSi
SiSiSi(Si)SiSiC(C)SiSi
SiSiSi(Si)SiSiC(Si)CSi
SiSiSi(Si)SiSiCC(Si)Si
SiSiSi(Si)SiSiCCSiSi
SiSiSi(Si)SiSiCSiCSi
SiSiSi(Si)SiSiSi(C)CSi
SiSiSi(Si)SiSiSiCCSi
SiSiSi(SiSi)(SiSi)CCSi
SiSiSi(SiSi)C(C)(Si)SiSi
SiSiSi(SiSi)C(C)Si(Si)Si
SiSiSi(SiSi)C(Si)(Si)CSi
SiSiSi(SiSi)C(Si)C(Si)Si
SiSiSi(SiSi)C(Si)CSiSi
SiSiSi(SiSi)C(Si)SiCSi
SiSiSi(SiSi)C(SiSi)CSi
SiSiSi(SiSi)CC(Si)(Si)Si
SiSiSi(SiSi)CC(Si)SiSi
SiSiSi(SiSi)CCSi(Si)Si
SiSiSi(SiSi)CSi(Si)CSi
SiSiSi(SiSi)CSiC(Si)Si
SiSiSi(SiSi)CSiCSiSi
SiSiSi(SiSi)CSiSiCSi
SiSiSi(SiSi)Si(C)(C)SiSi
SiSiSi(SiSi)Si(C)(Si)CSi
SiSiSi(SiSi)Si(C)C(Si)Si
SiSiSi(SiSi)Si(C)CSiSi
SiSiSi(SiSi)Si(C)SiCSi
SiSiSi(SiSi)Si(CSi)CSi
SiSiSi(SiSi)Si(Si)CCSi
SiSiSi(SiSi)SiC(C)SiSi
SiSiSi(SiSi)SiC(Si)CSi
SiSiSi(SiSi)SiCC(Si)Si
SiSiSi(SiSi)SiCCSiSi
SiSiSi(SiSi)SiCSiCSi
SiSiSi(SiSi)SiSi(C)CSi
SiSiSi(SiSi)SiSiCCSi
SiSiSiC(C(Si)Si)SiSiSi
SiSiSiC(C)(Si(Si)Si)SiSi
SiSiSiC(C)(Si)Si(Si)(Si)Si
SiSiSiC(C)(Si)Si(Si)SiSi
SiSiSiC(C)(Si)SiSi(Si)Si
SiSiSiC(C)(SiSi)SiSiSi
SiSiSiC(C)Si(Si)(Si)SiSi
SiSiSiC(C)Si(Si)Si(Si)Si
SiSiSiC(C)Si(SiSi)SiSi
SiSiSiC(C)SiSi(Si)(Si)Si
SiSiSiC(C)SiSi(Si)SiSi
SiSiSiC(C)SiSiSi(Si)Si
SiSiSiC(CSi)(Si)SiSiSi
SiSiSiC(CSi)Si(Si)SiSi
SiSiSiC(CSi)SiSi(Si)Si
SiSiSiC(Si(Si)(Si)Si)CSi
SiSiSiC(Si(Si)C)SiSiSi
SiSiSiC(Si(Si)Si)C(Si)Si
SiSiSiC(Si(Si)Si)CSiSi
SiSiSiC(Si(Si)Si)SiCSi
SiSiSiC(Si)(Si(Si)Si)CSi
SiSiSiC(Si)(Si)C(Si)(Si)Si
SiSiSiC(Si)(Si)C(Si)SiSi
SiSiSiC(Si)(Si)CSi(Si)Si
SiSiSiC(Si)(Si)Si(C)SiSi
SiSiSiC(Si)(Si)Si(Si)CSi
SiSiSiC(Si)(Si)SiC(Si)Si
SiSiSiC(Si)(Si)SiCSiSi
SiSiSiC(Si)(Si)SiSiCSi
SiSiSiC(Si)(SiC)SiSiSi
SiSiSiC(Si)(SiSi)C(Si)Si
SiSiSiC(Si)(SiSi)CSiSi
SiSiSiC(Si)(SiSi)SiCSi
SiSiSiC(Si)C(Si)(Si)SiSi
SiSiSiC(Si)C(Si)Si(Si)Si
SiSiSiC(Si)C(Si)SiSiSi
SiSiSiC(Si)C(SiSi)SiSi
SiSiSiC(Si)CSi(Si)(Si)Si
SiSiSiC(Si)CSi(Si)SiSi
SiSiSiC(Si)CSiSi(Si)Si
SiSiSiC(Si)Si(C)(Si)SiSi
SiSiSiC(Si)Si(C)Si(Si)Si
SiSiSiC(Si)Si(Si)(Si)CSi
SiSiSiC(Si)Si(Si)C(Si)Si
SiSiSiC(Si)Si(Si)CSiSi
SiSiSiC(Si)Si(Si)SiCSi
SiSiSiC(Si)Si(SiSi)CSi
SiSiSiC(Si)SiC(Si)(Si)Si
SiSiSiC(Si)SiC(Si)SiSi
SiSiSiC(Si)SiCSi(Si)Si
SiSiSiC(Si)SiSi(C)SiSi
SiSiSiC(Si)SiSi(Si)CSi
SiSiSiC(Si)SiSiC(Si)Si
SiSiSiC(Si)SiSiCSiSi
SiSiSiC(Si)SiSiSiCSi
SiSiSiC(SiC)Si(Si)SiSi
SiSiSiC(SiC)SiSi(Si)Si
SiSiSiC(SiSi)(SiSi)CSi
SiSiSiC(SiSi)C(Si)(Si)Si
SiSiSiC(SiSi)C(Si)SiSi
SiSiSiC(SiSi)CSi(Si)Si
SiSiSiC(SiSi)Si(C)SiSi
SiSiSiC(SiSi)Si(Si)CSi
SiSiSiC(SiSi)SiC(Si)Si
SiSiSiC(SiSi)SiCSiSi
SiSiSiC(SiSi)SiSiCSi
SiSiSiC(SiSiSi)CSiSi
SiSiSiC(SiSiSi)SiCSi
SiSiSiCC(Si(Si)Si)SiSi
SiSiSiCC(Si)(Si)Si(Si)Si
SiSiSiCC(Si)(Si)SiSiSi
SiSiSiCC(Si)(SiSi)SiSi
SiSiSiCC(Si)Si(Si)(Si)Si
SiSiSiCC(Si)Si(Si)SiSi
SiSiSiCC(Si)SiSi(Si)Si
SiSiSiCC(SiSi)SiSiSi
SiSiSiCCSi(Si)(Si)SiSi
SiSiSiCCSi(Si)Si(Si)Si
SiSiSiCCSi(SiSi)SiSi
SiSiSiCCSiSi(Si)(Si)Si
SiSiSiCCSiSi(Si)SiSi
SiSiSiCCSiSiSi(Si)Si
SiSiSiCSi(C)(Si)Si(Si)Si
SiSiSiCSi(C)(SiSi)SiSi
SiSiSiCSi(C)Si(Si)(Si)Si
SiSiSiCSi(C)Si(Si)SiSi
SiSiSiCSi(C)SiSi(Si)Si
SiSiSiCSi(Si(Si)Si)CSi
SiSiSiCSi(Si)(Si)C(Si)Si
SiSiSiCSi(Si)(Si)CSiSi
SiSiSiCSi(Si)(Si)SiCSi
SiSiSiCSi(Si)(SiSi)CSi
SiSiSiCSi(Si)C(Si)(Si)Si
SiSiSiCSi(Si)C(Si)SiSi
SiSiSiCSi(Si)CSi(Si)Si
SiSiSiCSi(Si)CSiSiSi
SiSiSiCSi(Si)Si(C)SiSi
SiSiSiCSi(Si)Si(Si)CSi
SiSiSiCSi(Si)SiC(Si)Si
SiSiSiCSi(Si)SiCSiSi
SiSiSiCSi(Si)SiSiCSi
SiSiSiCSi(SiSi)C(Si)Si
SiSiSiCSi(SiSi)CSiSi
SiSiSiCSi(SiSi)SiCSi
SiSiSiCSiC(Si)(Si)SiSi
SiSiSiCSiC(Si)Si(Si)Si
SiSiSiCSiC(Si)SiSiSi
SiSiSiCSiC(SiSi)SiSi
SiSiSiCSiCSi(Si)(Si)Si
SiSiSiCSiCSi(Si)SiSi
SiSiSiCSiCSiSi(Si)Si
SiSiSiCSiSi(C)(Si)SiSi
SiSiSiCSiSi(C)Si(Si)Si
SiSiSiCSiSi(Si)(Si)CSi
SiSiSiCSiSi(Si)C(Si)Si
SiSiSiCSiSi(Si)CSiSi
SiSiSiCSiSi(Si)SiCSi
SiSiSiCSiSi(SiSi)CSi
SiSiSiCSiSiC(Si)(Si)Si
SiSiSiCSiSiC(Si)SiSi
SiSiSiCSiSiCSi(Si)Si
SiSiSiCSiSiCSiSiSi
SiSiSiCSiSiSi(C)SiSi
SiSiSiCSiSiSi(Si)CSi
SiSiSiCSiSiSiC(Si)Si
SiSiSiCSiSiSiCSiSi
SiSiSiCSiSiSiSiCSi
SiSiSiSi(C(Si)(Si)Si)CSi
SiSiSiSi(C(Si)C)SiSiSi
SiSiSiSi(C(Si)Si)(Si)CSi
SiSiSiSi(C(Si)Si)C(Si)Si
SiSiSiSi(C(Si)Si)CSiSi
SiSiSiSi(C(Si)Si)SiCSi
SiSiSiSi(C)(C)Si(Si)(Si)Si
SiSiSiSi(C)(C)Si(Si)SiSi
SiSiSiSi(C)(C)SiSi(Si)Si
SiSiSiSi(C)(CSi)SiSiSi
SiSiSiSi(C)(Si(Si)Si)CSi
SiSiSiSi(C)(Si)C(Si)(Si)Si
SiSiSiSi(C)(Si)C(Si)SiSi
SiSiSiSi(C)(Si)CSi(Si)Si
SiSiSiSi(C)(Si)CSiSiSi
SiSiSiSi(C)(Si)Si(C)SiSi
SiSiSiSi(C)(Si)Si(Si)CSi
SiSiSiSi(C)(Si)SiC(Si)Si
SiSiSiSi(C)(Si)SiCSiSi
SiSiSiSi(C)(Si)SiSiCSi
SiSiSiSi(C)(SiC)SiSiSi
SiSiSiSi(C)(SiSi)C(Si)Si
SiSiSiSi(C)(SiSi)CSiSi
SiSiSiSi(C)(SiSi)SiCSi
SiSiSiSi(C)C(Si)(Si)SiSi
SiSiSiSi(C)C(Si)Si(Si)Si
SiSiSiSi(C)C(Si)SiSiSi
SiSiSiSi(C)C(SiSi)SiSi
SiSiSiSi(C)CSi(Si)(Si)Si
SiSiSiSi(C)CSi(Si)SiSi
SiSiSiSi(C)CSiSi(Si)Si
SiSiSiSi(C)Si(C)(Si)SiSi
SiSiSiSi(C)Si(C)Si(Si)Si
SiSiSiSi(C)Si(C)SiSiSi
SiSiSiSi(C)Si(Si)(Si)CSi
SiSiSiSi(C)Si(Si)C(Si)Si
SiSiSiSi(C)Si(Si)CSiSi
SiSiSiSi(C)Si(Si)SiCSi
SiSiSiSi(C)Si(SiSi)CSi
SiSiSiSi(C)SiC(Si)(Si)Si
SiSiSiSi(C)SiC(Si)SiSi
SiSiSiSi(C)SiCSi(Si)Si
SiSiSiSi(C)SiCSiSiSi
SiSiSiSi(C)SiSi(C)SiSi
SiSiSiSi(C)SiSi(Si)CSi
SiSiSiSi(C)SiSiC(Si)Si
SiSiSiSi(C)SiSiCSiSi
SiSiSiSi(C)SiSiSiCSi
SiSiSiSi(CC)(Si)SiSiSi
SiSiSiSi(CC)Si(Si)SiSi
SiSiSiSi(CC)SiSi(Si)Si
SiSiSiSi(CSi)(Si)CSiSi
SiSiSiSi(CSi)(Si)SiCSi
SiSiSiSi(CSi)(SiSi)CSi
SiSiSiSi(CSi)C(Si)SiSi
SiSiSiSi(CSi)CSi(Si)Si
SiSiSiSi(CSi)CSiSiSi
SiSiSiSi(CSi)Si(C)SiSi
SiSiSiSi(CSi)Si(Si)CSi
SiSiSiSi(CSi)SiC(Si)Si
SiSiSiSi(CSi)SiCSiSi
SiSiSiSi(CSi)SiSiCSi
SiSiSiSi(CSiSi)CSiSi
SiSiSiSi(Si(C)C)SiSiSi
SiSiSiSi(Si(Si)C)CSiSi
SiSiSiSi(Si(Si)C)SiCSi
SiSiSiSi(Si(Si)Si)CCSi
SiSiSiSi(Si)(Si)C(C)SiSi
SiSiSiSi(Si)(Si)C(Si)CSi
SiSiSiSi(Si)(Si)CC(Si)Si
SiSiSiSi(Si)(Si)CCSiSi
SiSiSiSi(Si)(Si)CSiCSi
SiSiSiSi(Si)(Si)Si(C)CSi
SiSiSiSi(Si)(Si)SiCCSi
SiSiSiSi(Si)(SiC)CSiSi
SiSiSiSi(Si)(SiC)SiCSi
SiSiSiSi(Si)(SiSi)CCSi
SiSiSiSi(Si)C(C)(Si)SiSi
SiSiSiSi(Si)C(C)Si(Si)Si
SiSiSiSi(Si)C(C)SiSiSi
SiSiSiSi(Si)C(Si)(Si)CSi
SiSiSiSi(Si)C(Si)C(Si)Si
SiSiSiSi(Si)C(Si)CSiSi
SiSiSiSi(Si)C(Si)SiCSi
SiSiSiSi(Si)C(SiSi)CSi
SiSiSiSi(Si)CC(Si)(Si)Si
SiSiSiSi(Si)CC(Si)SiSi
SiSiSiSi(Si)CCSi(Si)Si
SiSiSiSi(Si)CCSiSiSi
SiSiSiSi(Si)CSi(C)SiSi
SiSiSiSi(Si)CSi(Si)CSi
SiSiSiSi(Si)CSiC(Si)Si
SiSiSiSi(Si)CSiCSiSi
SiSiSiSi(Si)CSiSiCSi
SiSiSiSi(Si)Si(C)(C)SiSi
SiSiSiSi(Si)Si(C)(Si)CSi
SiSiSiSi(Si)Si(C)C(Si)Si
SiSiSiSi(Si)Si(C)CSiSi
SiSiSiSi(Si)Si(C)SiCSi
SiSiSiSi(Si)Si(CSi)CSi
SiSiSiSi(Si)Si(Si)CCSi
SiSiSiSi(Si)SiC(C)SiSi
SiSiSiSi(Si)SiC(Si)CSi
SiSiSiSi(Si)SiCC(Si)Si
SiSiSiSi(Si)SiCCSiSi
SiSiSiSi(Si)SiCSiCSi
SiSiSiSi(Si)SiSi(C)CSi
SiSiSiSi(Si)SiSiCCSi
SiSiSiSi(SiC)C(Si)SiSi
SiSiSiSi(SiC)CSi(Si)Si
SiSiSiSi(SiC)CSiSiSi
SiSiSiSi(SiC)Si(C)SiSi
SiSiSiSi(SiC)Si(Si)CSi
SiSiSiSi(SiC)SiC(Si)Si
SiSiSiSi(SiC)SiCSiSi
SiSiSiSi(SiC)SiSiCSi
SiSiSiSi(SiCSi)CSiSi
SiSiSiSi(SiCSi)SiCSi
SiSiSiSi(SiSi)C(C)SiSi
SiSiSiSi(SiSi)C(Si)CSi
SiSiSiSi(SiSi)CC(Si)Si
SiSiSiSi(SiSi)CCSiSi
SiSiSiSi(SiSi)CSiCSi
SiSiSiSi(SiSi)Si(C)CSi
SiSiSiSi(SiSi)SiCCSi
SiSiSiSi(SiSiSi)CCSi
SiSiSiSiC(C)(Si)Si(Si)Si
SiSiSiSiC(C)(Si)SiSiSi
SiSiSiSiC(C)(SiSi)SiSi
SiSiSiSiC(C)Si(Si)(Si)Si
SiSiSiSiC(C)Si(Si)SiSi
SiSiSiSiC(C)SiSi(Si)Si
SiSiSiSiC(C)SiSiSiSi
SiSiSiSiC(CSi)SiSiSi
SiSiSiSiC(Si(Si)Si)CSi
SiSiSiSiC(Si)(Si)C(Si)Si
SiSiSiSiC(Si)(Si)CSiSi
SiSiSiSiC(Si)(Si)SiCSi
SiSiSiSiC(Si)(SiSi)CSi
SiSiSiSiC(Si)C(Si)(Si)Si
SiSiSiSiC(Si)C(Si)SiSi
SiSiSiSiC(Si)CSi(Si)Si
SiSiSiSiC(Si)CSiSiSi
SiSiSiSiC(Si)Si(C)SiSi
SiSiSiSiC(Si)Si(Si)CSi
SiSiSiSiC(Si)SiC(Si)Si
SiSiSiSiC(Si)SiCSiSi
SiSiSiSiC(Si)SiSiCSi
SiSiSiSiC(SiC)SiSiSi
SiSiSiSiC(SiSi)C(Si)Si
SiSiSiSiC(SiSi)CSiSi
SiSiSiSiC(SiSi)SiCSi
SiSiSiSiCC(Si)(Si)SiSi
SiSiSiSiCC(Si)Si(Si)Si
SiSiSiSiCC(Si)SiSiSi
SiSiSiSiCC(SiSi)SiSi
SiSiSiSiCCSi(Si)(Si)Si
SiSiSiSiCCSi(Si)SiSi
SiSiSiSiCCSiSi(Si)Si
SiSiSiSiCCSiSiSiSi
SiSiSiSiCSi(C)(Si)SiSi
SiSiSiSiCSi(C)Si(Si)Si
SiSiSiSiCSi(C)SiSiSi
SiSiSiSiCSi(Si)(Si)CSi
SiSiSiSiCSi(Si)C(Si)Si
SiSiSiSiCSi(Si)CSiSi
SiSiSiSiCSi(Si)SiCSi
SiSiSiSiCSi(SiSi)CSi
SiSiSiSiCSiC(Si)(Si)Si
SiSiSiSiCSiC(Si)SiSi
SiSiSiSiCSiCSi(Si)Si
SiSiSiSiCSiCSiSiSi
SiSiSiSiCSiSi(C)SiSi
SiSiSiSiCSiSi(Si)CSi
SiSiSiSiCSiSiC(Si)Si
SiSiSiSiCSiSiCSiSi
SiSiSiSiCSiSiSiCSi
SiSiSiSiSi(C(Si)Si)CSi
SiSiSiSiSi(C)(C)Si(Si)Si
SiSiSiSiSi(C)(C)SiSiSi
SiSiSiSiSi(C)(Si)C(Si)Si
SiSiSiSiSi(C)(Si)CSiSi
SiSiSiSiSi(C)(Si)SiCSi
SiSiSiSiSi(C)(SiSi)CSi
SiSiSiSiSi(C)C(Si)(Si)Si
SiSiSiSiSi(C)C(Si)SiSi
SiSiSiSiSi(C)CSi(Si)Si
SiSiSiSiSi(C)CSiSiSi
SiSiSiSiSi(C)Si(C)SiSi
SiSiSiSiSi(C)Si(Si)CSi
SiSiSiSiSi(C)SiC(Si)Si
SiSiSiSiSi(C)SiCSiSi
SiSiSiSiSi(C)SiSiCSi
SiSiSiSiSi(CC)SiSiSi
SiSiSiSiSi(CSi)(Si)CSi
SiSiSiSiSi(CSi)CSiSi
SiSiSiSiSi(CSi)SiCSi
SiSiSiSiSi(Si)(Si)CCSi
SiSiSiSiSi(Si)C(C)SiSi
SiSiSiSiSi(Si)C(Si)CSi
SiSiSiSiSi(Si)CC(Si)Si
SiSiSiSiSi(Si)CCSiSi
SiSiSiSiSi(Si)CSiCSi
SiSiSiSiSi(Si)Si(C)CSi
SiSiSiSiSi(Si)SiCCSi
SiSiSiSiSi(SiC)CSiSi
SiSiSiSiSi(SiC)SiCSi
SiSiSiSiSi(SiSi)CCSi
SiSiSiSiSiC(C)(Si)SiSi
SiSiSiSiSiC(C)Si(Si)Si
SiSiSiSiSiC(C)SiSiSi
SiSiSiSiSiC(Si)(Si)CSi
SiSiSiSiSiC(Si)C(Si)Si
SiSiSiSiSiC(Si)CSiSi
SiSiSiSiSiC(Si)SiCSi
SiSiSiSiSiC(SiSi)CSi
SiSiSiSiSiCC(Si)(Si)Si
SiSiSiSiSiCC(Si)SiSi
SiSiSiSiSiCCSi(Si)Si
SiSiSiSiSiCCSiSiSi
SiSiSiSiSiCSi(C)SiSi
SiSiSiSiSiCSi(Si)CSi
SiSiSiSiSiCSiC(Si)Si
SiSiSiSiSiCSiCSiSi
SiSiSiSiSiCSiSiCSi
SiSiSiSiSiSi(C)(C)SiSi
SiSiSiSiSiSi(C)(Si)CSi
SiSiSiSiSiSi(C)C(Si)Si
SiSiSiSiSiSi(C)CSiSi
SiSiSiSiSiSi(C)SiCSi
SiSiSiSiSiSi(CSi)CSi
SiSiSiSiSiSi(Si)CCSi
SiSiSiSiSiSiC(C)SiSi
SiSiSiSiSiSiC(Si)CSi
SiSiSiSiSiSiCC(Si)Si
SiSiSiSiSiSiCCSiSi
SiSiSiSiSiSiCSiCSi
SiSiSiSiSiSiSi(C)CSi
SiSiSiSiSiSiSiCCSi
