CC(C)(N)N(N(N)N)NN
CC(C)(N)N(N)N(N)NN
CC(C)(N)N(N)NN(N)N
CC(C)(N)N(N)NNNN
CC(C)(N)N(NN)NNN
CC(C)(N)NN(N)N(N)N
CC(C)(N)NN(N)NNN
CC(C)(N)NN(NN)NN
CC(C)(N)NNN(N)NN
CC(C)(N)NNNN(N)N
CC(C)(N)NNNNNN
CC(C)N(N(N)N)N(N)N
CC(C)N(N(N)N)NNN
CC(C)N(N)N(N)N(N)N
CC(C)N(N)N(N)NNN
CC(C)N(N)N(NN)NN
CC(C)N(N)NN(N)NN
CC(C)N(N)NNN(N)N
CC(C)N(N)NNNNN
CC(C)N(NN)N(N)NN
CC(C)N(NN)NN(N)N
CC(C)N(NN)NNNN
CC(C)NN(N(N)N)NN
CC(C)NN(N)N(N)NN
CC(C)NN(N)NN(N)N
CC(C)NN(N)NNNN
CC(C)NN(NN)NNN
CC(C)NNN(N)N(N)N
CC(C)NNN(N)NNN
CC(C)NNN(NN)NN
CC(C)NNNN(N)NN
CC(C)NNNNN(N)N
CC(C)NNNNNNN
CC(N)(N)C(N(N)N)NN
CC(N)(N)C(N)(N)N(N)N
CC(N)(N)C(N)(N)NNN
CC(N)(N)C(N)(NN)NN
CC(N)(N)C(N)N(N)NN
CC(N)(N)C(N)NN(N)N
CC(N)(N)C(N)NNNN
CC(N)(N)C(NN)NNN
CC(N)(N)CN(N)N(N)N
CC(N)(N)CN(N)NNN
CC(N)(N)CN(NN)NN
CC(N)(N)CNN(N)NN
CC(N)(N)CNNN(N)N
CC(N)(N)CNNNNN
CC(N)(N)N(C)N(N)NN
CC(N)(N)N(C)NN(N)N
CC(N)(N)N(C)NNNN
CC(N)(N)N(CN)NNN
CC(N)(N)N(N(N)C)NN
CC(N)(N)N(N(N)N)CN
CC(N)(N)N(N(N)N)NC
CC(N)(N)N(N)C(N)(N)N
CC(N)(N)N(N)C(N)NN
CC(N)(N)N(N)CN(N)N
CC(N)(N)N(N)CNNN
CC(N)(N)N(N)N(C)NN
CC(N)(N)N(N)N(N)CN
CC(N)(N)N(N)N(N)NC
CC(N)(N)N(N)NC(N)N
CC(N)(N)N(N)NCNN
CC(N)(N)N(N)NN(N)C
CC(N)(N)N(N)NNCN
CC(N)(N)N(N)NNNC
CC(N)(N)N(NC)NNN
CC(N)(N)N(NN)C(N)N
CC(N)(N)N(NN)CNN
CC(N)(N)N(NN)NCN
CC(N)(N)N(NN)NNC
CC(N)(N)NC(N)(N)NN
CC(N)(N)NC(N)N(N)N
CC(N)(N)NC(N)NNN
CC(N)(N)NC(NN)NN
CC(N)(N)NCN(N)NN
CC(N)(N)NCNN(N)N
CC(N)(N)NCNNNN
CC(N)(N)NN(C)N(N)N
CC(N)(N)NN(C)NNN
CC(N)(N)NN(N)C(N)N
CC(N)(N)NN(N)CNN
CC(N)(N)NN(N)N(N)C
CC(N)(N)NN(N)NCN
CC(N)(N)NN(N)NNC
CC(N)(N)NN(NC)NN
CC(N)(N)NN(NN)CN
CC(N)(N)NNC(N)(N)N
CC(N)(N)NNC(N)NN
CC(N)(N)NNCN(N)N
CC(N)(N)NNCNNN
CC(N)(N)NNN(C)NN
CC(N)(N)NNN(N)CN
CC(N)(N)NNN(N)NC
CC(N)(N)NNNC(N)N
CC(N)(N)NNNCNN
CC(N)(N)NNNN(N)C
CC(N)(N)NNNNCN
CC(N)(N)NNNNNC
CC(N)C(N(N)N)N(N)N
CC(N)C(N(N)N)NNN
CC(N)C(N)(N(N)N)NN
CC(N)C(N)(N)N(N)NN
CC(N)C(N)(N)NN(N)N
CC(N)C(N)(N)NNNN
CC(N)C(N)(NN)NNN
CC(N)C(N)N(N)N(N)N
CC(N)C(N)N(N)NNN
CC(N)C(N)N(NN)NN
CC(N)C(N)NN(N)NN
CC(N)C(N)NNN(N)N
CC(N)C(N)NNNNN
CC(N)C(NN)(NN)NN
CC(N)C(NN)N(N)NN
CC(N)C(NN)NN(N)N
CC(N)C(NN)NNNN
CC(N)CN(N(N)N)NN
CC(N)CN(N)N(N)NN
CC(N)CN(N)NN(N)N
CC(N)CN(N)NNNN
CC(N)CN(NN)NNN
CC(N)CNN(N)N(N)N
CC(N)CNN(N)NNN
CC(N)CNN(NN)NN
CC(N)CNNN(N)NN
CC(N)CNNNN(N)N
CC(N)CNNNNNN
CC(N)N(C(N)N)NNN
CC(N)N(C)N(N)N(N)N
CC(N)N(C)N(N)NNN
CC(N)N(C)N(NN)NN
CC(N)N(C)NN(N)NN
CC(N)N(C)NNN(N)N
CC(N)N(C)NNNNN
CC(N)N(CN)N(N)NN
CC(N)N(CN)NN(N)N
CC(N)N(CN)NNNN
CC(N)N(N(N)C)N(N)N
CC(N)N(N(N)C)NNN
CC(N)N(N(N)N)C(N)N
CC(N)N(N(N)N)CNN
CC(N)N(N(N)N)NCN
CC(N)N(N(N)N)NNC
CC(N)N(N)C(N)(N)NN
CC(N)N(N)C(N)N(N)N
CC(N)N(N)C(N)NNN
CC(N)N(N)C(NN)NN
CC(N)N(N)CN(N)NN
CC(N)N(N)CNN(N)N
CC(N)N(N)CNNNN
CC(N)N(N)N(C)N(N)N
CC(N)N(N)N(C)NNN
CC(N)N(N)N(N)C(N)N
CC(N)N(N)N(N)CNN
CC(N)N(N)N(N)N(N)C
CC(N)N(N)N(N)NCN
CC(N)N(N)N(N)NNC
CC(N)N(N)N(NC)NN
CC(N)N(N)N(NN)CN
CC(N)N(N)NC(N)(N)N
CC(N)N(N)NC(N)NN
CC(N)N(N)NCN(N)N
CC(N)N(N)NCNNN
CC(N)N(N)NN(C)NN
CC(N)N(N)NN(N)CN
CC(N)N(N)NN(N)NC
CC(N)N(N)NNC(N)N
CC(N)N(N)NNCNN
CC(N)N(N)NNN(N)C
CC(N)N(N)NNNCN
CC(N)N(N)NNNNC
CC(N)N(NC)N(N)NN
CC(N)N(NC)NN(N)N
CC(N)N(NC)NNNN
CC(N)N(NN)C(N)(N)N
CC(N)N(NN)C(N)NN
CC(N)N(NN)CN(N)N
CC(N)N(NN)CNNN
CC(N)N(NN)N(C)NN
CC(N)N(NN)N(N)CN
CC(N)N(NN)N(N)NC
CC(N)N(NN)NC(N)N
CC(N)N(NN)NCNN
CC(N)N(NN)NN(N)C
CC(N)N(NN)NNCN
CC(N)N(NN)NNNC
CC(N)NC(N(N)N)NN
CC(N)NC(N)(N)N(N)N
CC(N)NC(N)(N)NNN
CC(N)NC(N)(NN)NN
CC(N)NC(N)N(N)NN
CC(N)NC(N)NN(N)N
CC(N)NC(N)NNNN
CC(N)NC(NN)NNN
CC(N)NCN(N)N(N)N
CC(N)NCN(N)NNN
CC(N)NCN(NN)NN
CC(N)NCNN(N)NN
CC(N)NCNNN(N)N
CC(N)NCNNNNN
CC(N)NN(C)N(N)NN
CC(N)NN(C)NN(N)N
CC(N)NN(C)NNNN
CC(N)NN(CN)NNN
CC(N)NN(N(N)C)NN
CC(N)NN(N(N)N)CN
CC(N)NN(N(N)N)NC
CC(N)NN(N)C(N)(N)N
CC(N)NN(N)C(N)NN
CC(N)NN(N)CN(N)N
CC(N)NN(N)CNNN
CC(N)NN(N)N(C)NN
CC(N)NN(N)N(N)CN
CC(N)NN(N)N(N)NC
CC(N)NN(N)NC(N)N
CC(N)NN(N)NCNN
CC(N)NN(N)NN(N)C
CC(N)NN(N)NNCN
CC(N)NN(N)NNNC
CC(N)NN(NC)NNN
CC(N)NN(NN)C(N)N
CC(N)NN(NN)CNN
CC(N)NN(NN)NCN
CC(N)NN(NN)NNC
CC(N)NNC(N)(N)NN
CC(N)NNC(N)N(N)N
CC(N)NNC(N)NNN
CC(N)NNC(NN)NN
CC(N)NNCN(N)NN
CC(N)NNCNN(N)N
CC(N)NNCNNNN
CC(N)NNN(C)N(N)N
CC(N)NNN(C)NNN
CC(N)NNN(N)C(N)N
CC(N)NNN(N)CNN
CC(N)NNN(N)N(N)C
CC(N)NNN(N)NCN
CC(N)NNN(N)NNC
CC(N)NNN(NC)NN
CC(N)NNN(NN)CN
CC(N)NNNC(N)(N)N
CC(N)NNNC(N)NN
CC(N)NNNCN(N)N
CC(N)NNNCNNN
CC(N)NNNN(C)NN
CC(N)NNNN(N)CN
CC(N)NNNN(N)NC
CC(N)NNNNC(N)N
CC(N)NNNNCNN
CC(N)NNNNN(N)C
CC(N)NNNNNCN
CC(N)NNNNNNC
CCC(N(N)N)N(N)NN
CCC(N(N)N)NN(N)N
CCC(N(N)N)NNNN
CCC(N)(N(N)N)N(N)N
CCC(N)(N(N)N)NNN
CCC(N)(N)N(N)N(N)N
CCC(N)(N)N(N)NNN
CCC(N)(N)N(NN)NN
CCC(N)(N)NN(N)NN
CCC(N)(N)NNN(N)N
CCC(N)(N)NNNNN
CCC(N)(NN)N(N)NN
CCC(N)(NN)NN(N)N
CCC(N)(NN)NNNN
CCC(N)N(N(N)N)NN
CCC(N)N(N)N(N)NN
CCC(N)N(N)NN(N)N
CCC(N)N(N)NNNN
CCC(N)N(NN)NNN
CCC(N)NN(N)N(N)N
CCC(N)NN(N)NNN
CCC(N)NN(NN)NN
CCC(N)NNN(N)NN
CCC(N)NNNN(N)N
CCC(N)NNNNNN
CCC(NN)(N(N)N)NN
CCC(NN)(NN)NNN
CCC(NN)N(N)N(N)N
CCC(NN)N(N)NNN
CCC(NN)N(NN)NN
CCC(NN)NN(N)NN
CCC(NN)NNN(N)N
CCC(NN)NNNNN
CCCN(N(N)N)N(N)N
CCCN(N(N)N)NNN
CCCN(N)N(N)N(N)N
CCCN(N)N(N)NNN
CCCN(N)N(NN)NN
CCCN(N)NN(N)NN
CCCN(N)NNN(N)N
CCCN(N)NNNNN
CCCN(NN)N(N)NN
CCCN(NN)NN(N)N
CCCN(NN)NNNN
CCCN(NNN)NNN
CCCNN(N(N)N)NN
CCCNN(N)N(N)NN
CCCNN(N)NN(N)N
CCCNN(N)NNNN
CCCNN(NN)NNN
CCCNNN(N)N(N)N
CCCNNN(N)NNN
CCCNNN(NN)NN
CCCNNNN(N)NN
CCCNNNNN(N)N
CCCNNNNNNN
CCN(C(N)(N)N)NNN
CCN(C(N)N)N(N)NN
CCN(C(N)N)NN(N)N
CCN(C(N)N)NNNN
CCN(C)N(N(N)N)NN
CCN(C)N(N)N(N)NN
CCN(C)N(N)NN(N)N
CCN(C)N(N)NNNN
CCN(C)N(NN)NNN
CCN(C)NN(N)N(N)N
CCN(C)NN(N)NNN
CCN(C)NN(NN)NN
CCN(C)NNN(N)NN
CCN(C)NNNN(N)N
CCN(C)NNNNNN
CCN(CN)N(N)N(N)N
CCN(CN)N(N)NNN
CCN(CN)N(NN)NN
CCN(CN)NN(N)NN
CCN(CN)NNN(N)N
CCN(CN)NNNNN
CCN(N(N)C)N(N)NN
CCN(N(N)C)NN(N)N
CCN(N(N)C)NNNN
CCN(N(N)N)C(N)(N)N
CCN(N(N)N)C(N)NN
CCN(N(N)N)CN(N)N
CCN(N(N)N)CNNN
CCN(N(N)N)N(C)NN
CCN(N(N)N)N(N)CN
CCN(N(N)N)N(N)NC
CCN(N(N)N)NC(N)N
CCN(N(N)N)NCNN
CCN(N(N)N)NN(N)C
CCN(N(N)N)NNCN
CCN(N(N)N)NNNC
CCN(N)C(N(N)N)NN
CCN(N)C(N)(N)N(N)N
CCN(N)C(N)(N)NNN
CCN(N)C(N)(NN)NN
CCN(N)C(N)N(N)NN
CCN(N)C(N)NN(N)N
CCN(N)C(N)NNNN
CCN(N)C(NN)NNN
CCN(N)CN(N)N(N)N
CCN(N)CN(N)NNN
CCN(N)CN(NN)NN
CCN(N)CNN(N)NN
CCN(N)CNNN(N)N
CCN(N)CNNNNN
CCN(N)N(C)N(N)NN
CCN(N)N(C)NN(N)N
CCN(N)N(C)NNNN
CCN(N)N(CN)NNN
CCN(N)N(N(N)C)NN
CCN(N)N(N(N)N)CN
CCN(N)N(N(N)N)NC
CCN(N)N(N)C(N)(N)N
CCN(N)N(N)C(N)NN
CCN(N)N(N)CN(N)N
CCN(N)N(N)CNNN
CCN(N)N(N)N(C)NN
CCN(N)N(N)N(N)CN
CCN(N)N(N)N(N)NC
CCN(N)N(N)NC(N)N
CCN(N)N(N)NCNN
CCN(N)N(N)NN(N)C
CCN(N)N(N)NNCN
CCN(N)N(N)NNNC
CCN(N)N(NC)NNN
CCN(N)N(NN)C(N)N
CCN(N)N(NN)CNN
CCN(N)N(NN)NCN
CCN(N)N(NN)NNC
CCN(N)NC(N)(N)NN
CCN(N)NC(N)N(N)N
CCN(N)NC(N)NNN
CCN(N)NC(NN)NN
CCN(N)NCN(N)NN
CCN(N)NCNN(N)N
CCN(N)NCNNNN
CCN(N)NN(C)N(N)N
CCN(N)NN(C)NNN
CCN(N)NN(N)C(N)N
CCN(N)NN(N)CNN
CCN(N)NN(N)N(N)C
CCN(N)NN(N)NCN
CCN(N)NN(N)NNC
CCN(N)NN(NC)NN
CCN(N)NN(NN)CN
CCN(N)NNC(N)(N)N
CCN(N)NNC(N)NN
CCN(N)NNCN(N)N
CCN(N)NNCNNN
CCN(N)NNN(C)NN
CCN(N)NNN(N)CN
CCN(N)NNN(N)NC
CCN(N)NNNC(N)N
CCN(N)NNNCNN
CCN(N)NNNN(N)C
CCN(N)NNNNCN
CCN(N)NNNNNC
CCN(NC)N(N)N(N)N
CCN(NC)N(N)NNN
CCN(NC)N(NN)NN
CCN(NC)NN(N)NN
CCN(NC)NNN(N)N
CCN(NC)NNNNN
CCN(NN)C(N)(N)NN
CCN(NN)C(N)N(N)N
CCN(NN)C(N)NNN
CCN(NN)C(NN)NN
CCN(NN)CN(N)NN
CCN(NN)CNN(N)N
CCN(NN)CNNNN
CCN(NN)N(C)N(N)N
CCN(NN)N(C)NNN
CCN(NN)N(N)C(N)N
CCN(NN)N(N)CNN
CCN(NN)N(N)N(N)C
CCN(NN)N(N)NCN
CCN(NN)N(N)NNC
CCN(NN)N(NC)NN
CCN(NN)N(NN)CN
CCN(NN)NC(N)(N)N
CCN(NN)NC(N)NN
CCN(NN)NCN(N)N
CCN(NN)NCNNN
CCN(NN)NN(C)NN
CCN(NN)NN(N)CN
CCN(NN)NN(N)NC
CCN(NN)NNC(N)N
CCN(NN)NNCNN
CCN(NN)NNN(N)C
CCN(NN)NNNCN
CCN(NN)NNNNC
CCNC(N(N)N)N(N)N
CCNC(N(N)N)NNN
CCNC(N)(N(N)N)NN
CCNC(N)(N)N(N)NN
CCNC(N)(N)NN(N)N
CCNC(N)(N)NNNN
CCNC(N)(NN)NNN
CCNC(N)N(N)N(N)N
CCNC(N)N(N)NNN
CCNC(N)N(NN)NN
CCNC(N)NN(N)NN
CCNC(N)NNN(N)N
CCNC(N)NNNNN
CCNC(NN)(NN)NN
CCNC(NN)N(N)NN
CCNC(NN)NN(N)N
CCNC(NN)NNNN
CCNC(NNN)NNN
CCNCN(N(N)N)NN
CCNCN(N)N(N)NN
CCNCN(N)NN(N)N
CCNCN(N)NNNN
CCNCN(NN)NNN
CCNCNN(N)N(N)N
CCNCNN(N)NNN
CCNCNN(NN)NN
CCNCNNN(N)NN
CCNCNNNN(N)N
CCNCNNNNNN
CCNN(C(N)N)NNN
CCNN(C)N(N)N(N)N
CCNN(C)N(N)NNN
CCNN(C)N(NN)NN
CCNN(C)NN(N)NN
CCNN(C)NNN(N)N
CCNN(C)NNNNN
CCNN(CN)N(N)NN
CCNN(CN)NN(N)N
CCNN(CN)NNNN
CCNN(N(N)C)N(N)N
CCNN(N(N)C)NNN
CCNN(N(N)N)C(N)N
CCNN(N(N)N)CNN
CCNN(N(N)N)NCN
CCNN(N(N)N)NNC
CCNN(N)C(N)(N)NN
CCNN(N)C(N)N(N)N
CCNN(N)C(N)NNN
CCNN(N)C(NN)NN
CCNN(N)CN(N)NN
CCNN(N)CNN(N)N
CCNN(N)CNNNN
CCNN(N)N(C)N(N)N
CCNN(N)N(C)NNN
CCNN(N)N(N)C(N)N
CCNN(N)N(N)CNN
CCNN(N)N(N)N(N)C
CCNN(N)N(N)NCN
CCNN(N)N(N)NNC
CCNN(N)N(NC)NN
CCNN(N)N(NN)CN
CCNN(N)NC(N)(N)N
CCNN(N)NC(N)NN
CCNN(N)NCN(N)N
CCNN(N)NCNNN
CCNN(N)NN(C)NN
CCNN(N)NN(N)CN
CCNN(N)NN(N)NC
CCNN(N)NNC(N)N
CCNN(N)NNCNN
CCNN(N)NNN(N)C
CCNN(N)NNNCN
CCNN(N)NNNNC
CCNN(NC)N(N)NN
CCNN(NC)NN(N)N
CCNN(NC)NNNN
CCNN(NCN)NNN
CCNN(NN)C(N)(N)N
CCNN(NN)C(N)NN
CCNN(NN)CN(N)N
CCNN(NN)CNNN
CCNN(NN)N(C)NN
CCNN(NN)N(N)CN
CCNN(NN)N(N)NC
CCNN(NN)NC(N)N
CCNN(NN)NCNN
CCNN(NN)NN(N)C
CCNN(NN)NNCN
CCNN(NN)NNNC
CCNN(NNC)NNN
CCNN(NNN)CNN
CCNNC(N(N)N)NN
CCNNC(N)(N)N(N)N
CCNNC(N)(N)NNN
CCNNC(N)(NN)NN
CCNNC(N)N(N)NN
CCNNC(N)NN(N)N
CCNNC(N)NNNN
CCNNC(NN)NNN
CCNNCN(N)N(N)N
CCNNCN(N)NNN
CCNNCN(NN)NN
CCNNCNN(N)NN
CCNNCNNN(N)N
CCNNCNNNNN
CCNNN(C)N(N)NN
CCNNN(C)NN(N)N
CCNNN(C)NNNN
CCNNN(CN)NNN
CCNNN(N(N)C)NN
CCNNN(N(N)N)CN
CCNNN(N(N)N)NC
CCNNN(N)C(N)(N)N
CCNNN(N)C(N)NN
CCNNN(N)CN(N)N
CCNNN(N)CNNN
CCNNN(N)N(C)NN
CCNNN(N)N(N)CN
CCNNN(N)N(N)NC
CCNNN(N)NC(N)N
CCNNN(N)NCNN
CCNNN(N)NN(N)C
CCNNN(N)NNCN
CCNNN(N)NNNC
CCNNN(NC)NNN
CCNNN(NN)C(N)N
CCNNN(NN)CNN
CCNNN(NN)NCN
CCNNN(NN)NNC
CCNNNC(N)(N)NN
CCNNNC(N)N(N)N
CCNNNC(N)NNN
CCNNNC(NN)NN
CCNNNCN(N)NN
CCNNNCNN(N)N
CCNNNCNNNN
CCNNNN(C)N(N)N
CCNNNN(C)NNN
CCNNNN(N)C(N)N
CCNNNN(N)CNN
CCNNNN(N)N(N)C
CCNNNN(N)NCN
CCNNNN(N)NNC
CCNNNN(NC)NN
CCNNNN(NN)CN
CCNNNNC(N)(N)N
CCNNNNC(N)NN
CCNNNNCN(N)N
CCNNNNCNNN
CCNNNNN(C)NN
CCNNNNN(N)CN
CCNNNNN(N)NC
CCNNNNNC(N)N
CCNNNNNCNN
CCNNNNNN(N)C
CCNNNNNNCN
CCNNNNNNNC
CN(C)C(N(N)N)N(N)N
CN(C)C(N(N)N)NNN
CN(C)C(N)(N(N)N)NN
CN(C)C(N)(N)N(N)NN
CN(C)C(N)(N)NN(N)N
CN(C)C(N)(N)NNNN
CN(C)C(N)(NN)NNN
CN(C)C(N)N(N)N(N)N
CN(C)C(N)N(N)NNN
CN(C)C(N)N(NN)NN
CN(C)C(N)NN(N)NN
CN(C)C(N)NNN(N)N
CN(C)C(N)NNNNN
CN(C)C(NN)(NN)NN
CN(C)C(NN)N(N)NN
CN(C)C(NN)NN(N)N
CN(C)C(NN)NNNN
CN(C)CN(N(N)N)NN
CN(C)CN(N)N(N)NN
CN(C)CN(N)NN(N)N
CN(C)CN(N)NNNN
CN(C)CN(NN)NNN
CN(C)CNN(N)N(N)N
CN(C)CNN(N)NNN
CN(C)CNN(NN)NN
CN(C)CNNN(N)NN
CN(C)CNNNN(N)N
CN(C)CNNNNNN
CN(C)N(C(N)N)NNN
CN(C)N(C)N(N)N(N)N
CN(C)N(C)N(N)NNN
CN(C)N(C)N(NN)NN
CN(C)N(C)NN(N)NN
CN(C)N(C)NNN(N)N
CN(C)N(C)NNNNN
CN(C)N(CN)N(N)NN
CN(C)N(CN)NN(N)N
CN(C)N(CN)NNNN
CN(C)N(N(N)N)C(N)N
CN(C)N(N(N)N)CNN
CN(C)N(N(N)N)NCN
CN(C)N(N)C(N)(N)NN
CN(C)N(N)C(N)N(N)N
CN(C)N(N)C(N)NNN
CN(C)N(N)C(NN)NN
CN(C)N(N)CN(N)NN
CN(C)N(N)CNN(N)N
CN(C)N(N)CNNNN
CN(C)N(N)N(C)N(N)N
CN(C)N(N)N(C)NNN
CN(C)N(N)N(N)C(N)N
CN(C)N(N)N(N)CNN
CN(C)N(N)N(N)NCN
CN(C)N(N)N(NN)CN
CN(C)N(N)NC(N)(N)N
CN(C)N(N)NC(N)NN
CN(C)N(N)NCN(N)N
CN(C)N(N)NCNNN
CN(C)N(N)NN(C)NN
CN(C)N(N)NN(N)CN
CN(C)N(N)NNC(N)N
CN(C)N(N)NNCNN
CN(C)N(N)NNNCN
CN(C)N(NN)C(N)(N)N
CN(C)N(NN)C(N)NN
CN(C)N(NN)CN(N)N
CN(C)N(NN)CNNN
CN(C)N(NN)N(C)NN
CN(C)N(NN)N(N)CN
CN(C)N(NN)NC(N)N
CN(C)N(NN)NCNN
CN(C)N(NN)NNCN
CN(C)NC(N(N)N)NN
CN(C)NC(N)(N)N(N)N
CN(C)NC(N)(N)NNN
CN(C)NC(N)(NN)NN
CN(C)NC(N)N(N)NN
CN(C)NC(N)NN(N)N
CN(C)NC(N)NNNN
CN(C)NC(NN)NNN
CN(C)NCN(N)N(N)N
CN(C)NCN(N)NNN
CN(C)NCN(NN)NN
CN(C)NCNN(N)NN
CN(C)NCNNN(N)N
CN(C)NCNNNNN
CN(C)NN(C)N(N)NN
CN(C)NN(C)NN(N)N
CN(C)NN(C)NNNN
CN(C)NN(CN)NNN
CN(C)NN(N(N)N)CN
CN(C)NN(N)C(N)(N)N
CN(C)NN(N)C(N)NN
CN(C)NN(N)CN(N)N
CN(C)NN(N)CNNN
CN(C)NN(N)N(C)NN
CN(C)NN(N)N(N)CN
CN(C)NN(N)NC(N)N
CN(C)NN(N)NCNN
CN(C)NN(N)NNCN
CN(C)NN(NC)NNN
CN(C)NN(NN)C(N)N
CN(C)NN(NN)CNN
CN(C)NN(NN)NCN
CN(C)NNC(N)(N)NN
CN(C)NNC(N)N(N)N
CN(C)NNC(N)NNN
CN(C)NNC(NN)NN
CN(C)NNCN(N)NN
CN(C)NNCNN(N)N
CN(C)NNCNNNN
CN(C)NNN(C)N(N)N
CN(C)NNN(C)NNN
CN(C)NNN(N)C(N)N
CN(C)NNN(N)CNN
CN(C)NNN(N)NCN
CN(C)NNN(NN)CN
CN(C)NNNC(N)(N)N
CN(C)NNNC(N)NN
CN(C)NNNCN(N)N
CN(C)NNNCNNN
CN(C)NNNN(C)NN
CN(C)NNNN(N)CN
CN(C)NNNNC(N)N
CN(C)NNNNCNN
CN(C)NNNNNCN
CN(N)C(C(N)N)NNN
CN(N)C(C)(N(N)N)NN
CN(N)C(C)(N)N(N)NN
CN(N)C(C)(N)NN(N)N
CN(N)C(C)(N)NNNN
CN(N)C(C)(NN)NNN
CN(N)C(C)N(N)N(N)N
CN(N)C(C)N(N)NNN
CN(N)C(C)N(NN)NN
CN(N)C(C)NN(N)NN
CN(N)C(C)NNN(N)N
CN(N)C(C)NNNNN
CN(N)C(CN)(N)NNN
CN(N)C(CN)N(N)NN
CN(N)C(CN)NN(N)N
CN(N)C(CN)NNNN
CN(N)C(N(N)C)NNN
CN(N)C(N(N)N)C(N)N
CN(N)C(N(N)N)CNN
CN(N)C(N(N)N)N(N)C
CN(N)C(N(N)N)NCN
CN(N)C(N)(N(N)C)NN
CN(N)C(N)(N(N)N)CN
CN(N)C(N)(N)C(N)(N)N
CN(N)C(N)(N)C(N)NN
CN(N)C(N)(N)CN(N)N
CN(N)C(N)(N)CNNN
CN(N)C(N)(N)N(C)NN
CN(N)C(N)(N)N(N)CN
CN(N)C(N)(N)NC(N)N
CN(N)C(N)(N)NCNN
CN(N)C(N)(N)NNCN
CN(N)C(N)(NN)C(N)N
CN(N)C(N)(NN)CNN
CN(N)C(N)(NN)NCN
CN(N)C(N)C(N)(N)NN
CN(N)C(N)C(N)N(N)N
CN(N)C(N)C(N)NNN
CN(N)C(N)C(NN)NN
CN(N)C(N)CN(N)NN
CN(N)C(N)CNN(N)N
CN(N)C(N)CNNNN
CN(N)C(N)N(C)N(N)N
CN(N)C(N)N(C)NNN
CN(N)C(N)N(N)C(N)N
CN(N)C(N)N(N)CNN
CN(N)C(N)N(N)NCN
CN(N)C(N)N(NN)CN
CN(N)C(N)NC(N)(N)N
CN(N)C(N)NC(N)NN
CN(N)C(N)NCN(N)N
CN(N)C(N)NCNNN
CN(N)C(N)NN(C)NN
CN(N)C(N)NN(N)CN
CN(N)C(N)NNC(N)N
CN(N)C(N)NNCNN
CN(N)C(N)NNNCN
CN(N)C(NN)(NN)CN
CN(N)C(NN)C(N)(N)N
CN(N)C(NN)C(N)NN
CN(N)C(NN)CN(N)N
CN(N)C(NN)CNNN
CN(N)C(NN)N(C)NN
CN(N)C(NN)N(N)CN
CN(N)C(NN)NC(N)N
CN(N)C(NN)NCNN
CN(N)C(NN)NNCN
CN(N)CC(N(N)N)NN
CN(N)CC(N)(N)N(N)N
CN(N)CC(N)(N)NNN
CN(N)CC(N)(NN)NN
CN(N)CC(N)N(N)NN
CN(N)CC(N)NN(N)N
CN(N)CC(N)NNNN
CN(N)CC(NN)NNN
CN(N)CCN(N)N(N)N
CN(N)CCN(N)NNN
CN(N)CCN(NN)NN
CN(N)CCNN(N)NN
CN(N)CCNNN(N)N
CN(N)CCNNNNN
CN(N)CN(C)N(N)NN
CN(N)CN(C)NN(N)N
CN(N)CN(C)NNNN
CN(N)CN(CN)NNN
CN(N)CN(N(N)N)CN
CN(N)CN(N)C(N)(N)N
CN(N)CN(N)C(N)NN
CN(N)CN(N)CN(N)N
CN(N)CN(N)CNNN
CN(N)CN(N)N(C)NN
CN(N)CN(N)N(N)CN
CN(N)CN(N)NC(N)N
CN(N)CN(N)NCNN
CN(N)CN(N)NNCN
CN(N)CN(NC)NNN
CN(N)CN(NN)C(N)N
CN(N)CN(NN)CNN
CN(N)CN(NN)NCN
CN(N)CNC(N)(N)NN
CN(N)CNC(N)N(N)N
CN(N)CNC(N)NNN
CN(N)CNC(NN)NN
CN(N)CNCN(N)NN
CN(N)CNCNN(N)N
CN(N)CNCNNNN
CN(N)CNN(C)N(N)N
CN(N)CNN(C)NNN
CN(N)CNN(N)C(N)N
CN(N)CNN(N)CNN
CN(N)CNN(N)NCN
CN(N)CNN(NN)CN
CN(N)CNNC(N)(N)N
CN(N)CNNC(N)NN
CN(N)CNNCN(N)N
CN(N)CNNCNNN
CN(N)CNNN(C)NN
CN(N)CNNN(N)CN
CN(N)CNNNC(N)N
CN(N)CNNNCNN
CN(N)CNNNNCN
CN(N)N(C(N)(N)N)CN
CN(N)N(C(N)N)C(N)N
CN(N)N(C(N)N)CNN
CN(N)N(C(N)N)NCN
CN(N)N(C)C(N)(N)NN
CN(N)N(C)C(N)N(N)N
CN(N)N(C)C(N)NNN
CN(N)N(C)C(NN)NN
CN(N)N(C)CN(N)NN
CN(N)N(C)CNN(N)N
CN(N)N(C)CNNNN
CN(N)N(C)N(C)N(N)N
CN(N)N(C)N(C)NNN
CN(N)N(C)N(N)C(N)N
CN(N)N(C)N(N)CNN
CN(N)N(C)N(N)NCN
CN(N)N(C)N(NN)CN
CN(N)N(C)NC(N)(N)N
CN(N)N(C)NC(N)NN
CN(N)N(C)NCN(N)N
CN(N)N(C)NCNNN
CN(N)N(C)NN(C)NN
CN(N)N(C)NN(N)CN
CN(N)N(C)NNC(N)N
CN(N)N(C)NNCNN
CN(N)N(C)NNNCN
CN(N)N(CN)C(N)NN
CN(N)N(CN)CN(N)N
CN(N)N(CN)CNNN
CN(N)N(CN)N(C)NN
CN(N)N(CN)N(N)CN
CN(N)N(CN)NC(N)N
CN(N)N(CN)NCNN
CN(N)N(CN)NNCN
CN(N)N(N(C)C)N(N)N
CN(N)N(N(C)C)NNN
CN(N)N(N(N)C)C(N)N
CN(N)N(N(N)C)CNN
CN(N)N(N(N)C)N(N)C
CN(N)N(N(N)C)NCN
CN(N)N(N(N)N)CCN
CN(N)N(N)C(C)(N)NN
CN(N)N(N)C(C)N(N)N
CN(N)N(N)C(C)NNN
CN(N)N(N)C(N)(N)CN
CN(N)N(N)C(N)C(N)N
CN(N)N(N)C(N)CNN
CN(N)N(N)C(N)N(N)C
CN(N)N(N)C(N)NCN
CN(N)N(N)C(NN)CN
CN(N)N(N)CC(N)(N)N
CN(N)N(N)CC(N)NN
CN(N)N(N)CCN(N)N
CN(N)N(N)CCNNN
CN(N)N(N)CN(C)NN
CN(N)N(N)CN(N)CN
CN(N)N(N)CNC(N)N
CN(N)N(N)CNCNN
CN(N)N(N)CNNCN
CN(N)N(N)N(C)C(N)N
CN(N)N(N)N(C)CNN
CN(N)N(N)N(C)N(N)C
CN(N)N(N)N(C)NCN
CN(N)N(N)N(CN)CN
CN(N)N(N)N(N)CCN
CN(N)N(N)N(N)N(C)C
CN(N)N(N)NC(C)NN
CN(N)N(N)NC(N)CN
CN(N)N(N)NCC(N)N
CN(N)N(N)NCCNN
CN(N)N(N)NCN(N)C
CN(N)N(N)NCNCN
CN(N)N(N)NN(C)CN
CN(N)N(N)NNCCN
CN(N)N(N)NNN(C)C
CN(N)N(NN)C(C)NN
CN(N)N(NN)C(N)CN
CN(N)N(NN)CC(N)N
CN(N)N(NN)CCNN
CN(N)N(NN)CN(N)C
CN(N)N(NN)CNCN
CN(N)N(NN)N(C)CN
CN(N)N(NN)NCCN
CN(N)N(NN)NN(C)C
CN(N)NC(C)(N)N(N)N
CN(N)NC(C)(N)NNN
CN(N)NC(C)(NN)NN
CN(N)NC(C)N(N)NN
CN(N)NC(C)NN(N)N
CN(N)NC(C)NNNN
CN(N)NC(CN)NNN
CN(N)NC(N(N)C)NN
CN(N)NC(N(N)N)CN
CN(N)NC(N)(N)C(N)N
CN(N)NC(N)(N)CNN
CN(N)NC(N)(N)N(N)C
CN(N)NC(N)(N)NCN
CN(N)NC(N)(NN)CN
CN(N)NC(N)C(N)(N)N
CN(N)NC(N)C(N)NN
CN(N)NC(N)CN(N)N
CN(N)NC(N)CNNN
CN(N)NC(N)N(C)NN
CN(N)NC(N)N(N)CN
CN(N)NC(N)NC(N)N
CN(N)NC(N)NCNN
CN(N)NC(N)NN(N)C
CN(N)NC(N)NNCN
CN(N)NC(NC)NNN
CN(N)NC(NN)C(N)N
CN(N)NC(NN)CNN
CN(N)NC(NN)NCN
CN(N)NCC(N)(N)NN
CN(N)NCC(N)N(N)N
CN(N)NCC(N)NNN
CN(N)NCC(NN)NN
CN(N)NCCN(N)NN
CN(N)NCCNN(N)N
CN(N)NCCNNNN
CN(N)NCN(C)N(N)N
CN(N)NCN(C)NNN
CN(N)NCN(N)C(N)N
CN(N)NCN(N)CNN
CN(N)NCN(N)N(N)C
CN(N)NCN(N)NCN
CN(N)NCN(NN)CN
CN(N)NCNC(N)(N)N
CN(N)NCNC(N)NN
CN(N)NCNCN(N)N
CN(N)NCNCNNN
CN(N)NCNN(C)NN
CN(N)NCNN(N)CN
CN(N)NCNNC(N)N
CN(N)NCNNCNN
CN(N)NCNNN(N)C
CN(N)NCNNNCN
CN(N)NN(C(N)N)CN
CN(N)NN(C)C(N)(N)N
CN(N)NN(C)C(N)NN
CN(N)NN(C)CN(N)N
CN(N)NN(C)CNNN
CN(N)NN(C)N(C)NN
CN(N)NN(C)N(N)CN
CN(N)NN(C)NC(N)N
CN(N)NN(C)NCNN
CN(N)NN(C)NN(N)C
CN(N)NN(C)NNCN
CN(N)NN(CC)NNN
CN(N)NN(CN)CNN
CN(N)NN(CN)NCN
CN(N)NN(N(C)C)NN
CN(N)NN(N(N)C)CN
CN(N)NN(N)C(C)NN
CN(N)NN(N)C(N)CN
CN(N)NN(N)CC(N)N
CN(N)NN(N)CCNN
CN(N)NN(N)CN(N)C
CN(N)NN(N)CNCN
CN(N)NN(N)N(C)CN
CN(N)NN(N)NCCN
CN(N)NN(N)NN(C)C
CN(N)NN(NC)CNN
CN(N)NN(NC)NCN
CN(N)NN(NN)CCN
CN(N)NNC(C)(N)NN
CN(N)NNC(C)N(N)N
CN(N)NNC(C)NNN
CN(N)NNC(N)(N)CN
CN(N)NNC(N)C(N)N
CN(N)NNC(N)CNN
CN(N)NNC(N)N(N)C
CN(N)NNC(N)NCN
CN(N)NNC(NN)CN
CN(N)NNCC(N)(N)N
CN(N)NNCC(N)NN
CN(N)NNCCN(N)N
CN(N)NNCCNNN
CN(N)NNCN(C)NN
CN(N)NNCN(N)CN
CN(N)NNCNC(N)N
CN(N)NNCNCNN
CN(N)NNCNNCN
CN(N)NNN(C)C(N)N
CN(N)NNN(C)CNN
CN(N)NNN(C)N(N)C
CN(N)NNN(C)NCN
CN(N)NNN(CN)CN
CN(N)NNN(N)CCN
CN(N)NNN(N)N(C)C
CN(N)NNNC(C)NN
CN(N)NNNC(N)CN
CN(N)NNNCC(N)N
CN(N)NNNCCNN
CN(N)NNNCN(N)C
CN(N)NNNCNCN
CN(N)NNNN(C)CN
CN(N)NNNNCCN
CN(N)NNNNN(C)C
CNC(C(N)(N)N)NNN
CNC(C(N)N)(N)NNN
CNC(C(N)N)N(N)NN
CNC(C(N)N)NN(N)N
CNC(C(N)N)NNNN
CNC(C)(N(N)N)N(N)N
CNC(C)(N(N)N)NNN
CNC(C)(N)N(N)N(N)N
CNC(C)(N)N(N)NNN
CNC(C)(N)N(NN)NN
CNC(C)(N)NN(N)NN
CNC(C)(N)NNN(N)N
CNC(C)(N)NNNNN
CNC(C)(NN)N(N)NN
CNC(C)(NN)NN(N)N
CNC(C)(NN)NNNN
CNC(C)N(N(N)N)NN
CNC(C)N(N)N(N)NN
CNC(C)N(N)NN(N)N
CNC(C)N(N)NNNN
CNC(C)N(NN)NNN
CNC(C)NN(N)N(N)N
CNC(C)NN(N)NNN
CNC(C)NN(NN)NN
CNC(C)NNN(N)NN
CNC(C)NNNN(N)N
CNC(C)NNNNNN
CNC(CN)(N)N(N)NN
CNC(CN)(N)NN(N)N
CNC(CN)(N)NNNN
CNC(CN)(NN)NNN
CNC(CN)N(N)N(N)N
CNC(CN)N(N)NNN
CNC(CN)N(NN)NN
CNC(CN)NN(N)NN
CNC(CN)NNN(N)N
CNC(CN)NNNNN
CNC(N(N)C)N(N)NN
CNC(N(N)C)NN(N)N
CNC(N(N)C)NNNN
CNC(N(N)N)C(N)(N)N
CNC(N(N)N)C(N)NN
CNC(N(N)N)CN(N)N
CNC(N(N)N)CNNN
CNC(N(N)N)N(C)NN
CNC(N(N)N)N(N)CN
CNC(N(N)N)N(N)NC
CNC(N(N)N)NC(N)N
CNC(N(N)N)NCNN
CNC(N(N)N)NN(N)C
CNC(N(N)N)NNCN
CNC(N(N)N)NNNC
CNC(N)(N(N)C)NNN
CNC(N)(N(N)N)C(N)N
CNC(N)(N(N)N)CNN
CNC(N)(N(N)N)N(N)C
CNC(N)(N(N)N)NCN
CNC(N)(N(N)N)NNC
CNC(N)(N)C(N)(N)NN
CNC(N)(N)C(N)N(N)N
CNC(N)(N)C(N)NNN
CNC(N)(N)C(NN)NN
CNC(N)(N)CN(N)NN
CNC(N)(N)CNN(N)N
CNC(N)(N)CNNNN
CNC(N)(N)N(C)N(N)N
CNC(N)(N)N(C)NNN
CNC(N)(N)N(N)C(N)N
CNC(N)(N)N(N)CNN
CNC(N)(N)N(N)N(N)C
CNC(N)(N)N(N)NCN
CNC(N)(N)N(N)NNC
CNC(N)(N)N(NC)NN
CNC(N)(N)N(NN)CN
CNC(N)(N)NC(N)(N)N
CNC(N)(N)NC(N)NN
CNC(N)(N)NCN(N)N
CNC(N)(N)NCNNN
CNC(N)(N)NN(C)NN
CNC(N)(N)NN(N)CN
CNC(N)(N)NN(N)NC
CNC(N)(N)NNC(N)N
CNC(N)(N)NNCNN
CNC(N)(N)NNN(N)C
CNC(N)(N)NNNCN
CNC(N)(N)NNNNC
CNC(N)(NC)N(N)NN
CNC(N)(NC)NN(N)N
CNC(N)(NC)NNNN
CNC(N)(NN)C(N)(N)N
CNC(N)(NN)C(N)NN
CNC(N)(NN)CN(N)N
CNC(N)(NN)CNNN
CNC(N)(NN)N(C)NN
CNC(N)(NN)N(N)CN
CNC(N)(NN)N(N)NC
CNC(N)(NN)NC(N)N
CNC(N)(NN)NCNN
CNC(N)(NN)NN(N)C
CNC(N)(NN)NNCN
CNC(N)(NN)NNNC
CNC(N)C(N(N)N)NN
CNC(N)C(N)(N)N(N)N
CNC(N)C(N)(N)NNN
CNC(N)C(N)(NN)NN
CNC(N)C(N)N(N)NN
CNC(N)C(N)NN(N)N
CNC(N)C(N)NNNN
CNC(N)C(NN)NNN
CNC(N)CN(N)N(N)N
CNC(N)CN(N)NNN
CNC(N)CN(NN)NN
CNC(N)CNN(N)NN
CNC(N)CNNN(N)N
CNC(N)CNNNNN
CNC(N)N(C)N(N)NN
CNC(N)N(C)NN(N)N
CNC(N)N(C)NNNN
CNC(N)N(CN)NNN
CNC(N)N(N(N)C)NN
CNC(N)N(N(N)N)CN
CNC(N)N(N(N)N)NC
CNC(N)N(N)C(N)(N)N
CNC(N)N(N)C(N)NN
CNC(N)N(N)CN(N)N
CNC(N)N(N)CNNN
CNC(N)N(N)N(C)NN
CNC(N)N(N)N(N)CN
CNC(N)N(N)N(N)NC
CNC(N)N(N)NC(N)N
CNC(N)N(N)NCNN
CNC(N)N(N)NN(N)C
CNC(N)N(N)NNCN
CNC(N)N(N)NNNC
CNC(N)N(NC)NNN
CNC(N)N(NN)C(N)N
CNC(N)N(NN)CNN
CNC(N)N(NN)NCN
CNC(N)N(NN)NNC
CNC(N)NC(N)(N)NN
CNC(N)NC(N)N(N)N
CNC(N)NC(N)NNN
CNC(N)NC(NN)NN
CNC(N)NCN(N)NN
CNC(N)NCNN(N)N
CNC(N)NCNNNN
CNC(N)NN(C)N(N)N
CNC(N)NN(C)NNN
CNC(N)NN(N)C(N)N
CNC(N)NN(N)CNN
CNC(N)NN(N)N(N)C
CNC(N)NN(N)NCN
CNC(N)NN(N)NNC
CNC(N)NN(NC)NN
CNC(N)NN(NN)CN
CNC(N)NNC(N)(N)N
CNC(N)NNC(N)NN
CNC(N)NNCN(N)N
CNC(N)NNCNNN
CNC(N)NNN(C)NN
CNC(N)NNN(N)CN
CNC(N)NNN(N)NC
CNC(N)NNNC(N)N
CNC(N)NNNCNN
CNC(N)NNNN(N)C
CNC(N)NNNNCN
CNC(N)NNNNNC
CNC(NC)(NN)NNN
CNC(NC)N(N)N(N)N
CNC(NC)N(N)NNN
CNC(NC)N(NN)NN
CNC(NC)NN(N)NN
CNC(NC)NNN(N)N
CNC(NC)NNNNN
CNC(NN)(N(N)C)NN
CNC(NN)(N(N)N)CN
CNC(NN)(N(N)N)NC
CNC(NN)(NN)C(N)N
CNC(NN)(NN)CNN
CNC(NN)(NN)NCN
CNC(NN)(NN)NNC
CNC(NN)C(N)(N)NN
CNC(NN)C(N)N(N)N
CNC(NN)C(N)NNN
CNC(NN)C(NN)NN
CNC(NN)CN(N)NN
CNC(NN)CNN(N)N
CNC(NN)CNNNN
CNC(NN)N(C)N(N)N
CNC(NN)N(C)NNN
CNC(NN)N(N)C(N)N
CNC(NN)N(N)CNN
CNC(NN)N(N)N(N)C
CNC(NN)N(N)NCN
CNC(NN)N(N)NNC
CNC(NN)N(NC)NN
CNC(NN)N(NN)CN
CNC(NN)NC(N)(N)N
CNC(NN)NC(N)NN
CNC(NN)NCN(N)N
CNC(NN)NCNNN
CNC(NN)NN(C)NN
CNC(NN)NN(N)CN
CNC(NN)NN(N)NC
CNC(NN)NNC(N)N
CNC(NN)NNCNN
CNC(NN)NNN(N)C
CNC(NN)NNNCN
CNC(NN)NNNNC
CNCC(N(N)N)N(N)N
CNCC(N(N)N)NNN
CNCC(N)(N(N)N)NN
CNCC(N)(N)N(N)NN
CNCC(N)(N)NN(N)N
CNCC(N)(N)NNNN
CNCC(N)(NN)NNN
CNCC(N)N(N)N(N)N
CNCC(N)N(N)NNN
CNCC(N)N(NN)NN
CNCC(N)NN(N)NN
CNCC(N)NNN(N)N
CNCC(N)NNNNN
CNCC(NN)(NN)NN
CNCC(NN)N(N)NN
CNCC(NN)NN(N)N
CNCC(NN)NNNN
CNCC(NNN)NNN
CNCCN(N(N)N)NN
CNCCN(N)N(N)NN
CNCCN(N)NN(N)N
CNCCN(N)NNNN
CNCCN(NN)NNN
CNCCNN(N)N(N)N
CNCCNN(N)NNN
CNCCNN(NN)NN
CNCCNNN(N)NN
CNCCNNNN(N)N
CNCCNNNNNN
CNCN(C(N)N)NNN
CNCN(C)N(N)N(N)N
CNCN(C)N(N)NNN
CNCN(C)N(NN)NN
CNCN(C)NN(N)NN
CNCN(C)NNN(N)N
CNCN(C)NNNNN
CNCN(CN)N(N)NN
CNCN(CN)NN(N)N
CNCN(CN)NNNN
CNCN(N(N)C)N(N)N
CNCN(N(N)C)NNN
CNCN(N(N)N)C(N)N
CNCN(N(N)N)CNN
CNCN(N(N)N)NCN
CNCN(N(N)N)NNC
CNCN(N)C(N)(N)NN
CNCN(N)C(N)N(N)N
CNCN(N)C(N)NNN
CNCN(N)C(NN)NN
CNCN(N)CN(N)NN
CNCN(N)CNN(N)N
CNCN(N)CNNNN
CNCN(N)N(C)N(N)N
CNCN(N)N(C)NNN
CNCN(N)N(N)C(N)N
CNCN(N)N(N)CNN
CNCN(N)N(N)N(N)C
CNCN(N)N(N)NCN
CNCN(N)N(N)NNC
CNCN(N)N(NC)NN
CNCN(N)N(NN)CN
CNCN(N)NC(N)(N)N
CNCN(N)NC(N)NN
CNCN(N)NCN(N)N
CNCN(N)NCNNN
CNCN(N)NN(C)NN
CNCN(N)NN(N)CN
CNCN(N)NN(N)NC
CNCN(N)NNC(N)N
CNCN(N)NNCNN
CNCN(N)NNN(N)C
CNCN(N)NNNCN
CNCN(N)NNNNC
CNCN(NC)N(N)NN
CNCN(NC)NN(N)N
CNCN(NC)NNNN
CNCN(NCN)NNN
CNCN(NN)C(N)(N)N
CNCN(NN)C(N)NN
CNCN(NN)CN(N)N
CNCN(NN)CNNN
CNCN(NN)N(C)NN
CNCN(NN)N(N)CN
CNCN(NN)N(N)NC
CNCN(NN)NC(N)N
CNCN(NN)NCNN
CNCN(NN)NN(N)C
CNCN(NN)NNCN
CNCN(NN)NNNC
CNCN(NNC)NNN
CNCN(NNN)CNN
CNCNC(N(N)N)NN
CNCNC(N)(N)N(N)N
CNCNC(N)(N)NNN
CNCNC(N)(NN)NN
CNCNC(N)N(N)NN
CNCNC(N)NN(N)N
CNCNC(N)NNNN
CNCNC(NN)NNN
CNCNCN(N)N(N)N
CNCNCN(N)NNN
CNCNCN(NN)NN
CNCNCNN(N)NN
CNCNCNNN(N)N
CNCNCNNNNN
CNCNN(C)N(N)NN
CNCNN(C)NN(N)N
CNCNN(C)NNNN
CNCNN(CN)NNN
CNCNN(N(N)C)NN
CNCNN(N(N)N)CN
CNCNN(N(N)N)NC
CNCNN(N)C(N)(N)N
CNCNN(N)C(N)NN
CNCNN(N)CN(N)N
CNCNN(N)CNNN
CNCNN(N)N(C)NN
CNCNN(N)N(N)CN
CNCNN(N)N(N)NC
CNCNN(N)NC(N)N
CNCNN(N)NCNN
CNCNN(N)NN(N)C
CNCNN(N)NNCN
CNCNN(N)NNNC
CNCNN(NC)NNN
CNCNN(NN)C(N)N
CNCNN(NN)CNN
CNCNN(NN)NCN
CNCNN(NN)NNC
CNCNNC(N)(N)NN
CNCNNC(N)N(N)N
CNCNNC(N)NNN
CNCNNC(NN)NN
CNCNNCN(N)NN
CNCNNCNN(N)N
CNCNNCNNNN
CNCNNN(C)N(N)N
CNCNNN(C)NNN
CNCNNN(N)C(N)N
CNCNNN(N)CNN
CNCNNN(N)N(N)C
CNCNNN(N)NCN
CNCNNN(N)NNC
CNCNNN(NC)NN
CNCNNN(NN)CN
CNCNNNC(N)(N)N
CNCNNNC(N)NN
CNCNNNCN(N)N
CNCNNNCNNN
CNCNNNN(C)NN
CNCNNNN(N)CN
CNCNNNN(N)NC
CNCNNNNC(N)N
CNCNNNNCNN
CNCNNNNN(N)C
CNCNNNNNCN
CNCNNNNNNC
CNN(C(N)(N)N)C(N)N
CNN(C(N)(N)N)CNN
CNN(C(N)(N)N)NCN
CNN(C(N)N)C(N)NN
CNN(C(N)N)CN(N)N
CNN(C(N)N)CNNN
CNN(C(N)N)N(C)NN
CNN(C(N)N)N(N)CN
CNN(C(N)N)NC(N)N
CNN(C(N)N)NCNN
CNN(C(N)N)NN(N)C
CNN(C(N)N)NNCN
CNN(C)C(N(N)N)NN
CNN(C)C(N)(N)N(N)N
CNN(C)C(N)(N)NNN
CNN(C)C(N)(NN)NN
CNN(C)C(N)N(N)NN
CNN(C)C(N)NN(N)N
CNN(C)C(N)NNNN
CNN(C)C(NN)NNN
CNN(C)CN(N)N(N)N
CNN(C)CN(N)NNN
CNN(C)CN(NN)NN
CNN(C)CNN(N)NN
CNN(C)CNNN(N)N
CNN(C)CNNNNN
CNN(C)N(C)N(N)NN
CNN(C)N(C)NN(N)N
CNN(C)N(C)NNNN
CNN(C)N(CN)NNN
CNN(C)N(N(N)C)NN
CNN(C)N(N(N)N)CN
CNN(C)N(N)C(N)(N)N
CNN(C)N(N)C(N)NN
CNN(C)N(N)CN(N)N
CNN(C)N(N)CNNN
CNN(C)N(N)N(C)NN
CNN(C)N(N)N(N)CN
CNN(C)N(N)NC(N)N
CNN(C)N(N)NCNN
CNN(C)N(N)NN(N)C
CNN(C)N(N)NNCN
CNN(C)N(NC)NNN
CNN(C)N(NN)C(N)N
CNN(C)N(NN)CNN
CNN(C)N(NN)NCN
CNN(C)NC(N)(N)NN
CNN(C)NC(N)N(N)N
CNN(C)NC(N)NNN
CNN(C)NC(NN)NN
CNN(C)NCN(N)NN
CNN(C)NCNN(N)N
CNN(C)NCNNNN
CNN(C)NN(C)N(N)N
CNN(C)NN(C)NNN
CNN(C)NN(N)C(N)N
CNN(C)NN(N)CNN
CNN(C)NN(N)N(N)C
CNN(C)NN(N)NCN
CNN(C)NN(NN)CN
CNN(C)NNC(N)(N)N
CNN(C)NNC(N)NN
CNN(C)NNCN(N)N
CNN(C)NNCNNN
CNN(C)NNN(C)NN
CNN(C)NNN(N)CN
CNN(C)NNNC(N)N
CNN(C)NNNCNN
CNN(C)NNNN(N)C
CNN(C)NNNNCN
CNN(CN)C(N)(N)NN
CNN(CN)C(N)N(N)N
CNN(CN)C(N)NNN
CNN(CN)C(NN)NN
CNN(CN)CN(N)NN
CNN(CN)CNN(N)N
CNN(CN)CNNNN
CNN(CN)N(C)N(N)N
CNN(CN)N(C)NNN
CNN(CN)N(N)C(N)N
CNN(CN)N(N)CNN
CNN(CN)N(N)N(N)C
CNN(CN)N(N)NCN
CNN(CN)N(NN)CN
CNN(CN)NC(N)(N)N
CNN(CN)NC(N)NN
CNN(CN)NCN(N)N
CNN(CN)NCNNN
CNN(CN)NN(C)NN
CNN(CN)NN(N)CN
CNN(CN)NNC(N)N
CNN(CN)NNCNN
CNN(CN)NNN(N)C
CNN(CN)NNNCN
CNN(N(C)C)N(N)NN
CNN(N(C)C)NN(N)N
CNN(N(C)C)NNNN
CNN(N(N)C)C(N)(N)N
CNN(N(N)C)C(N)NN
CNN(N(N)C)CN(N)N
CNN(N(N)C)CNNN
CNN(N(N)C)N(C)NN
CNN(N(N)C)N(N)CN
CNN(N(N)C)N(N)NC
CNN(N(N)C)NC(N)N
CNN(N(N)C)NCNN
CNN(N(N)C)NN(N)C
CNN(N(N)C)NNCN
CNN(N(N)N)C(C)NN
CNN(N(N)N)C(N)CN
CNN(N(N)N)CC(N)N
CNN(N(N)N)CCNN
CNN(N(N)N)CN(N)C
CNN(N(N)N)CNCN
CNN(N(N)N)N(C)CN
CNN(N(N)N)N(C)NC
CNN(N(N)N)NCCN
CNN(N(N)N)NN(C)C
CNN(N)C(C)(N)N(N)N
CNN(N)C(C)(N)NNN
CNN(N)C(C)(NN)NN
CNN(N)C(C)N(N)NN
CNN(N)C(C)NN(N)N
CNN(N)C(C)NNNN
CNN(N)C(CN)NNN
CNN(N)C(N(N)C)NN
CNN(N)C(N(N)N)CN
CNN(N)C(N)(N)C(N)N
CNN(N)C(N)(N)CNN
CNN(N)C(N)(N)N(N)C
CNN(N)C(N)(N)NCN
CNN(N)C(N)(NN)CN
CNN(N)C(N)C(N)(N)N
CNN(N)C(N)C(N)NN
CNN(N)C(N)CN(N)N
CNN(N)C(N)CNNN
CNN(N)C(N)N(C)NN
CNN(N)C(N)N(N)CN
CNN(N)C(N)N(N)NC
CNN(N)C(N)NC(N)N
CNN(N)C(N)NCNN
CNN(N)C(N)NN(N)C
CNN(N)C(N)NNCN
CNN(N)C(NC)NNN
CNN(N)C(NN)C(N)N
CNN(N)C(NN)CNN
CNN(N)C(NN)NCN
CNN(N)CC(N)(N)NN
CNN(N)CC(N)N(N)N
CNN(N)CC(N)NNN
CNN(N)CC(NN)NN
CNN(N)CCN(N)NN
CNN(N)CCNN(N)N
CNN(N)CCNNNN
CNN(N)CN(C)N(N)N
CNN(N)CN(C)NNN
CNN(N)CN(N)C(N)N
CNN(N)CN(N)CNN
CNN(N)CN(N)N(N)C
CNN(N)CN(N)NCN
CNN(N)CN(NN)CN
CNN(N)CNC(N)(N)N
CNN(N)CNC(N)NN
CNN(N)CNCN(N)N
CNN(N)CNCNNN
CNN(N)CNN(C)NN
CNN(N)CNN(N)CN
CNN(N)CNNC(N)N
CNN(N)CNNCNN
CNN(N)CNNN(N)C
CNN(N)CNNNCN
CNN(N)N(C(N)N)CN
CNN(N)N(C)C(N)(N)N
CNN(N)N(C)C(N)NN
CNN(N)N(C)CN(N)N
CNN(N)N(C)CNNN
CNN(N)N(C)N(C)NN
CNN(N)N(C)N(N)CN
CNN(N)N(C)N(N)NC
CNN(N)N(C)NC(N)N
CNN(N)N(C)NCNN
CNN(N)N(C)NN(N)C
CNN(N)N(C)NNCN
CNN(N)N(CC)NNN
CNN(N)N(CN)CNN
CNN(N)N(CN)NCN
CNN(N)N(N(C)C)NN
CNN(N)N(N(N)C)CN
CNN(N)N(N)C(C)NN
CNN(N)N(N)C(N)CN
CNN(N)N(N)CC(N)N
CNN(N)N(N)CCNN
CNN(N)N(N)CN(N)C
CNN(N)N(N)CNCN
CNN(N)N(N)N(C)CN
CNN(N)N(N)N(C)NC
CNN(N)N(N)NCCN
CNN(N)N(N)NN(C)C
CNN(N)N(NC)C(N)N
CNN(N)N(NC)CNN
CNN(N)N(NC)NCN
CNN(N)N(NN)CCN
CNN(N)NC(C)(N)NN
CNN(N)NC(C)N(N)N
CNN(N)NC(C)NNN
CNN(N)NC(N)(N)CN
CNN(N)NC(N)C(N)N
CNN(N)NC(N)CNN
CNN(N)NC(N)N(N)C
CNN(N)NC(N)NCN
CNN(N)NC(NN)CN
CNN(N)NCC(N)(N)N
CNN(N)NCC(N)NN
CNN(N)NCCN(N)N
CNN(N)NCCNNN
CNN(N)NCN(C)NN
CNN(N)NCN(N)CN
CNN(N)NCN(N)NC
CNN(N)NCNC(N)N
CNN(N)NCNCNN
CNN(N)NCNN(N)C
CNN(N)NCNNCN
CNN(N)NN(C)C(N)N
CNN(N)NN(C)CNN
CNN(N)NN(C)N(N)C
CNN(N)NN(C)NCN
CNN(N)NN(CN)CN
CNN(N)NN(N)CCN
CNN(N)NN(N)N(C)C
CNN(N)NN(NC)CN
CNN(N)NNC(C)NN
CNN(N)NNC(N)CN
CNN(N)NNCC(N)N
CNN(N)NNCCNN
CNN(N)NNCN(N)C
CNN(N)NNCNCN
CNN(N)NNN(C)CN
CNN(N)NNN(C)NC
CNN(N)NNNCCN
CNN(N)NNNN(C)C
CNN(NC)C(N)(N)NN
CNN(NC)C(N)N(N)N
CNN(NC)C(N)NNN
CNN(NC)C(NN)NN
CNN(NC)CN(N)NN
CNN(NC)CNN(N)N
CNN(NC)CNNNN
CNN(NC)N(C)N(N)N
CNN(NC)N(C)NNN
CNN(NC)N(N)C(N)N
CNN(NC)N(N)CNN
CNN(NC)N(N)N(N)C
CNN(NC)N(N)NCN
CNN(NC)N(NN)CN
CNN(NC)NC(N)(N)N
CNN(NC)NC(N)NN
CNN(NC)NCN(N)N
CNN(NC)NCNNN
CNN(NC)NN(C)NN
CNN(NC)NN(N)CN
CNN(NC)NN(N)NC
CNN(NC)NNC(N)N
CNN(NC)NNCNN
CNN(NC)NNN(N)C
CNN(NC)NNNCN
CNN(NN)C(C)(N)NN
CNN(NN)C(C)N(N)N
CNN(NN)C(C)NNN
CNN(NN)C(N)(N)CN
CNN(NN)C(N)C(N)N
CNN(NN)C(N)CNN
CNN(NN)C(N)N(N)C
CNN(NN)C(N)NCN
CNN(NN)C(NN)CN
CNN(NN)CC(N)(N)N
CNN(NN)CC(N)NN
CNN(NN)CCN(N)N
CNN(NN)CCNNN
CNN(NN)CN(C)NN
CNN(NN)CN(N)CN
CNN(NN)CN(N)NC
CNN(NN)CNC(N)N
CNN(NN)CNCNN
CNN(NN)CNN(N)C
CNN(NN)CNNCN
CNN(NN)N(C)C(N)N
CNN(NN)N(C)CNN
CNN(NN)N(C)N(N)C
CNN(NN)N(C)NCN
CNN(NN)N(CN)CN
CNN(NN)N(N)CCN
CNN(NN)N(N)N(C)C
CNN(NN)N(NC)CN
CNN(NN)N(NC)NC
CNN(NN)NC(C)NN
CNN(NN)NC(N)CN
CNN(NN)NCC(N)N
CNN(NN)NCCNN
CNN(NN)NCN(N)C
CNN(NN)NCNCN
CNN(NN)NN(C)CN
CNN(NN)NN(C)NC
CNN(NN)NNCCN
CNN(NN)NNN(C)C
CNNC(C(N)N)NNN
CNNC(C)(N(N)N)NN
CNNC(C)(N)N(N)NN
CNNC(C)(N)NN(N)N
CNNC(C)(N)NNNN
CNNC(C)(NN)NNN
CNNC(C)N(N)N(N)N
CNNC(C)N(N)NNN
CNNC(C)N(NN)NN
CNNC(C)NN(N)NN
CNNC(C)NNN(N)N
CNNC(C)NNNNN
CNNC(CN)(N)NNN
CNNC(CN)N(N)NN
CNNC(CN)NN(N)N
CNNC(CN)NNNN
CNNC(N(N)C)NNN
CNNC(N(N)N)C(N)N
CNNC(N(N)N)CNN
CNNC(N(N)N)N(N)C
CNNC(N(N)N)NCN
CNNC(N(N)N)NNC
CNNC(N)(N(N)C)NN
CNNC(N)(N(N)N)CN
CNNC(N)(N)C(N)(N)N
CNNC(N)(N)C(N)NN
CNNC(N)(N)CN(N)N
CNNC(N)(N)CNNN
CNNC(N)(N)N(C)NN
CNNC(N)(N)N(N)CN
CNNC(N)(N)N(N)NC
CNNC(N)(N)NC(N)N
CNNC(N)(N)NCNN
CNNC(N)(N)NN(N)C
CNNC(N)(N)NNCN
CNNC(N)(N)NNNC
CNNC(N)(NC)NNN
CNNC(N)(NN)C(N)N
CNNC(N)(NN)CNN
CNNC(N)(NN)NCN
CNNC(N)(NN)NNC
CNNC(N)C(N)(N)NN
CNNC(N)C(N)N(N)N
CNNC(N)C(N)NNN
CNNC(N)C(NN)NN
CNNC(N)CN(N)NN
CNNC(N)CNN(N)N
CNNC(N)CNNNN
CNNC(N)N(C)N(N)N
CNNC(N)N(C)NNN
CNNC(N)N(N)C(N)N
CNNC(N)N(N)CNN
CNNC(N)N(N)N(N)C
CNNC(N)N(N)NCN
CNNC(N)N(N)NNC
CNNC(N)N(NC)NN
CNNC(N)N(NN)CN
CNNC(N)NC(N)(N)N
CNNC(N)NC(N)NN
CNNC(N)NCN(N)N
CNNC(N)NCNNN
CNNC(N)NN(C)NN
CNNC(N)NN(N)CN
CNNC(N)NN(N)NC
CNNC(N)NNC(N)N
CNNC(N)NNCNN
CNNC(N)NNN(N)C
CNNC(N)NNNCN
CNNC(N)NNNNC
CNNC(NC)N(N)NN
CNNC(NC)NN(N)N
CNNC(NC)NNNN
CNNC(NN)(NN)CN
CNNC(NN)C(N)(N)N
CNNC(NN)C(N)NN
CNNC(NN)CN(N)N
CNNC(NN)CNNN
CNNC(NN)N(C)NN
CNNC(NN)N(N)CN
CNNC(NN)N(N)NC
CNNC(NN)NC(N)N
CNNC(NN)NCNN
CNNC(NN)NN(N)C
CNNC(NN)NNCN
CNNC(NN)NNNC
CNNC(NNC)NNN
CNNC(NNN)CNN
CNNC(NNN)NCN
CNNCC(N(N)N)NN
CNNCC(N)(N)N(N)N
CNNCC(N)(N)NNN
CNNCC(N)(NN)NN
CNNCC(N)N(N)NN
CNNCC(N)NN(N)N
CNNCC(N)NNNN
CNNCC(NN)NNN
CNNCCN(N)N(N)N
CNNCCN(N)NNN
CNNCCN(NN)NN
CNNCCNN(N)NN
CNNCCNNN(N)N
CNNCCNNNNN
CNNCN(C)N(N)NN
CNNCN(C)NN(N)N
CNNCN(C)NNNN
CNNCN(CN)NNN
CNNCN(N(N)C)NN
CNNCN(N(N)N)CN
CNNCN(N(N)N)NC
CNNCN(N)C(N)(N)N
CNNCN(N)C(N)NN
CNNCN(N)CN(N)N
CNNCN(N)CNNN
CNNCN(N)N(C)NN
CNNCN(N)N(N)CN
CNNCN(N)N(N)NC
CNNCN(N)NC(N)N
CNNCN(N)NCNN
CNNCN(N)NN(N)C
CNNCN(N)NNCN
CNNCN(N)NNNC
CNNCN(NC)NNN
CNNCN(NN)C(N)N
CNNCN(NN)CNN
CNNCN(NN)NCN
CNNCN(NN)NNC
CNNCNC(N)(N)NN
CNNCNC(N)N(N)N
CNNCNC(N)NNN
CNNCNC(NN)NN
CNNCNCN(N)NN
CNNCNCNN(N)N
CNNCNCNNNN
CNNCNN(C)N(N)N
CNNCNN(C)NNN
CNNCNN(N)C(N)N
CNNCNN(N)CNN
CNNCNN(N)N(N)C
CNNCNN(N)NCN
CNNCNN(N)NNC
CNNCNN(NC)NN
CNNCNN(NN)CN
CNNCNNC(N)(N)N
CNNCNNC(N)NN
CNNCNNCN(N)N
CNNCNNCNNN
CNNCNNN(C)NN
CNNCNNN(N)CN
CNNCNNN(N)NC
CNNCNNNC(N)N
CNNCNNNCNN
CNNCNNNN(N)C
CNNCNNNNCN
CNNCNNNNNC
CNNN(C(N)(N)N)CN
CNNN(C(N)C)NNN
CNNN(C(N)N)C(N)N
CNNN(C(N)N)CNN
CNNN(C(N)N)NCN
CNNN(C(N)N)NNC
CNNN(C)C(N)(N)NN
CNNN(C)C(N)N(N)N
CNNN(C)C(N)NNN
CNNN(C)C(NN)NN
CNNN(C)CN(N)NN
CNNN(C)CNN(N)N
CNNN(C)CNNNN
CNNN(C)N(C)N(N)N
CNNN(C)N(C)NNN
CNNN(C)N(N)C(N)N
CNNN(C)N(N)CNN
CNNN(C)N(N)N(N)C
CNNN(C)N(N)NCN
CNNN(C)N(NC)NN
CNNN(C)N(NN)CN
CNNN(C)NC(N)(N)N
CNNN(C)NC(N)NN
CNNN(C)NCN(N)N
CNNN(C)NCNNN
CNNN(C)NN(C)NN
CNNN(C)NN(N)CN
CNNN(C)NN(N)NC
CNNN(C)NNC(N)N
CNNN(C)NNCNN
CNNN(C)NNN(N)C
CNNN(C)NNNCN
CNNN(CC)N(N)NN
CNNN(CC)NN(N)N
CNNN(CC)NNNN
CNNN(CN)C(N)NN
CNNN(CN)CN(N)N
CNNN(CN)CNNN
CNNN(CN)N(C)NN
CNNN(CN)N(N)CN
CNNN(CN)N(N)NC
CNNN(CN)NC(N)N
CNNN(CN)NCNN
CNNN(CN)NN(N)C
CNNN(CN)NNCN
CNNN(CNN)CNN
CNNN(N(C)C)N(N)N
CNNN(N(C)C)NNN
CNNN(N(N)C)C(N)N
CNNN(N(N)C)CNN
CNNN(N(N)C)N(N)C
CNNN(N(N)C)NCN
CNNN(N(N)C)NNC
CNNN(N(N)N)CCN
CNNN(N)C(C)(N)NN
CNNN(N)C(C)N(N)N
CNNN(N)C(C)NNN
CNNN(N)C(N)(N)CN
CNNN(N)C(N)C(N)N
CNNN(N)C(N)CNN
CNNN(N)C(N)N(N)C
CNNN(N)C(N)NCN
CNNN(N)C(NN)CN
CNNN(N)CC(N)(N)N
CNNN(N)CC(N)NN
CNNN(N)CCN(N)N
CNNN(N)CCNNN
CNNN(N)CN(C)NN
CNNN(N)CN(N)CN
CNNN(N)CN(N)NC
CNNN(N)CNC(N)N
CNNN(N)CNCNN
CNNN(N)CNN(N)C
CNNN(N)CNNCN
CNNN(N)N(C)C(N)N
CNNN(N)N(C)CNN
CNNN(N)N(C)N(N)C
CNNN(N)N(C)NCN
CNNN(N)N(C)NNC
CNNN(N)N(CN)CN
CNNN(N)N(N)CCN
CNNN(N)N(N)N(C)C
CNNN(N)N(NC)CN
CNNN(N)N(NC)NC
CNNN(N)NC(C)NN
CNNN(N)NC(N)CN
CNNN(N)NCC(N)N
CNNN(N)NCCNN
CNNN(N)NCN(N)C
CNNN(N)NCNCN
CNNN(N)NN(C)CN
CNNN(N)NN(C)NC
CNNN(N)NNCCN
CNNN(N)NNN(C)C
CNNN(NC)C(N)(N)N
CNNN(NC)C(N)NN
CNNN(NC)CN(N)N
CNNN(NC)CNNN
CNNN(NC)N(C)NN
CNNN(NC)N(N)CN
CNNN(NC)N(N)NC
CNNN(NC)NC(N)N
CNNN(NC)NCNN
CNNN(NC)NN(N)C
CNNN(NC)NNCN
CNNN(NCN)CNN
CNNN(NCN)NCN
CNNN(NCN)NNC
CNNN(NN)C(C)NN
CNNN(NN)C(N)CN
CNNN(NN)CC(N)N
CNNN(NN)CCNN
CNNN(NN)CN(N)C
CNNN(NN)CNCN
CNNN(NN)N(C)CN
CNNN(NN)N(C)NC
CNNN(NN)NCCN
CNNN(NN)NN(C)C
CNNN(NNC)CNN
CNNN(NNC)NNC
CNNN(NNN)CCN
CNNNC(C)(N)N(N)N
CNNNC(C)(N)NNN
CNNNC(C)(NN)NN
CNNNC(C)N(N)NN
CNNNC(C)NN(N)N
CNNNC(C)NNNN
CNNNC(CN)NNN
CNNNC(N(N)C)NN
CNNNC(N(N)N)CN
CNNNC(N)(N)C(N)N
CNNNC(N)(N)CNN
CNNNC(N)(N)N(N)C
CNNNC(N)(N)NCN
CNNNC(N)(NN)CN
CNNNC(N)C(N)(N)N
CNNNC(N)C(N)NN
CNNNC(N)CN(N)N
CNNNC(N)CNNN
CNNNC(N)N(C)NN
CNNNC(N)N(N)CN
CNNNC(N)N(N)NC
CNNNC(N)NC(N)N
CNNNC(N)NCNN
CNNNC(N)NN(N)C
CNNNC(N)NNCN
CNNNC(N)NNNC
CNNNC(NC)NNN
CNNNC(NN)C(N)N
CNNNC(NN)CNN
CNNNC(NN)NCN
CNNNCC(N)(N)NN
CNNNCC(N)N(N)N
CNNNCC(N)NNN
CNNNCC(NN)NN
CNNNCCN(N)NN
CNNNCCNN(N)N
CNNNCCNNNN
CNNNCN(C)N(N)N
CNNNCN(C)NNN
CNNNCN(N)C(N)N
CNNNCN(N)CNN
CNNNCN(N)N(N)C
CNNNCN(N)NCN
CNNNCN(N)NNC
CNNNCN(NC)NN
CNNNCN(NN)CN
CNNNCNC(N)(N)N
CNNNCNC(N)NN
CNNNCNCN(N)N
CNNNCNCNNN
CNNNCNN(C)NN
CNNNCNN(N)CN
CNNNCNN(N)NC
CNNNCNNC(N)N
CNNNCNNCNN
CNNNCNNN(N)C
CNNNCNNNCN
CNNNCNNNNC
CNNNN(C(N)N)CN
CNNNN(C)C(N)(N)N
CNNNN(C)C(N)NN
CNNNN(C)CN(N)N
CNNNN(C)CNNN
CNNNN(C)N(C)NN
CNNNN(C)N(N)CN
CNNNN(C)N(N)NC
CNNNN(C)NC(N)N
CNNNN(C)NCNN
CNNNN(C)NN(N)C
CNNNN(C)NNCN
CNNNN(C)NNNC
CNNNN(CC)NNN
CNNNN(CN)CNN
CNNNN(CN)NCN
CNNNN(CN)NNC
CNNNN(N(C)C)NN
CNNNN(N(N)C)CN
CNNNN(N(N)C)NC
CNNNN(N)C(C)NN
CNNNN(N)C(N)CN
CNNNN(N)CC(N)N
CNNNN(N)CCNN
CNNNN(N)CN(N)C
CNNNN(N)CNCN
CNNNN(N)N(C)CN
CNNNN(N)N(C)NC
CNNNN(N)NCCN
CNNNN(N)NN(C)C
CNNNN(NC)C(N)N
CNNNN(NC)CNN
CNNNN(NC)NCN
CNNNN(NC)NNC
CNNNN(NN)CCN
CNNNNC(C)(N)NN
CNNNNC(C)N(N)N
CNNNNC(C)NNN
CNNNNC(N)(N)CN
CNNNNC(N)C(N)N
CNNNNC(N)CNN
CNNNNC(N)N(N)C
CNNNNC(N)NCN
CNNNNC(NN)CN
CNNNNCC(N)(N)N
CNNNNCC(N)NN
CNNNNCCN(N)N
CNNNNCCNNN
CNNNNCN(C)NN
CNNNNCN(N)CN
CNNNNCN(N)NC
CNNNNCNC(N)N
CNNNNCNCNN
CNNNNCNN(N)C
CNNNNCNNCN
CNNNNN(C)C(N)N
CNNNNN(C)CNN
CNNNNN(C)N(N)C
CNNNNN(C)NCN
CNNNNN(C)NNC
CNNNNN(CN)CN
CNNNNN(N)CCN
CNNNNN(N)N(C)C
CNNNNN(NC)CN
CNNNNN(NC)NC
CNNNNNC(C)NN
CNNNNNC(N)CN
CNNNNNCC(N)N
CNNNNNCCNN
CNNNNNCN(N)C
CNNNNNCNCN
CNNNNNN(C)CN
CNNNNNN(C)NC
CNNNNNNCCN
CNNNNNNN(C)C
NC(N)(N)C(C)(N)N(N)N
NC(N)(N)C(C)(N)NNN
NC(N)(N)C(C)(NN)NN
NC(N)(N)C(C)N(N)NN
NC(N)(N)C(C)NN(N)N
NC(N)(N)C(C)NNNN
NC(N)(N)C(N)(N)CNN
NC(N)(N)C(N)C(N)(N)N
NC(N)(N)C(N)C(N)NN
NC(N)(N)C(N)CN(N)N
NC(N)(N)C(N)CNNN
NC(N)(N)C(N)N(C)NN
NC(N)(N)C(N)NCNN
NC(N)(N)C(NN)CNN
NC(N)(N)CC(N)(N)NN
NC(N)(N)CC(N)N(N)N
NC(N)(N)CC(N)NNN
NC(N)(N)CC(NN)NN
NC(N)(N)CCN(N)NN
NC(N)(N)CCNN(N)N
NC(N)(N)CCNNNN
NC(N)(N)CN(C)N(N)N
NC(N)(N)CN(C)NNN
NC(N)(N)CN(N)CNN
NC(N)(N)CNC(N)NN
NC(N)(N)CNCN(N)N
NC(N)(N)CNCNNN
NC(N)(N)CNN(C)NN
NC(N)(N)CNNCNN
NC(N)(N)N(C)C(N)(N)N
NC(N)(N)N(C)C(N)NN
NC(N)(N)N(C)CN(N)N
NC(N)(N)N(C)CNNN
NC(N)(N)N(C)N(C)NN
NC(N)(N)N(C)NCNN
NC(N)(N)N(N)C(C)NN
NC(N)(N)N(N)CCNN
NC(N)(N)NC(C)(N)NN
NC(N)(N)NC(C)N(N)N
NC(N)(N)NC(C)NNN
NC(N)(N)NC(N)CNN
NC(N)(N)NCC(N)(N)N
NC(N)(N)NCC(N)NN
NC(N)(N)NCCN(N)N
NC(N)(N)NCCNNN
NC(N)(N)NCN(C)NN
NC(N)(N)NCNCNN
NC(N)(N)NN(C)CNN
NC(N)(N)NNC(C)NN
NC(N)(N)NNCCNN
NC(N)C(C(N)N)NNN
NC(N)C(C)(N(N)N)NN
NC(N)C(C)(N)N(N)NN
NC(N)C(C)(N)NN(N)N
NC(N)C(C)(N)NNNN
NC(N)C(C)(NN)NNN
NC(N)C(C)N(N)N(N)N
NC(N)C(C)N(N)NNN
NC(N)C(C)N(NN)NN
NC(N)C(C)NN(N)NN
NC(N)C(C)NNN(N)N
NC(N)C(C)NNNNN
NC(N)C(N(N)N)C(N)N
NC(N)C(N(N)N)CNN
NC(N)C(N)(N)C(N)(N)N
NC(N)C(N)(N)C(N)NN
NC(N)C(N)(N)CN(N)N
NC(N)C(N)(N)CNNN
NC(N)C(N)(N)N(C)NN
NC(N)C(N)(N)NCNN
NC(N)C(N)(NN)C(N)N
NC(N)C(N)(NN)CNN
NC(N)C(N)C(N)(N)NN
NC(N)C(N)C(N)N(N)N
NC(N)C(N)C(N)NNN
NC(N)C(N)C(NN)NN
NC(N)C(N)CN(N)NN
NC(N)C(N)CNN(N)N
NC(N)C(N)CNNNN
NC(N)C(N)N(C)N(N)N
NC(N)C(N)N(C)NNN
NC(N)C(N)N(N)CNN
NC(N)C(N)NC(N)(N)N
NC(N)C(N)NC(N)NN
NC(N)C(N)NCN(N)N
NC(N)C(N)NCNNN
NC(N)C(N)NN(C)NN
NC(N)C(N)NNCNN
NC(N)C(NN)C(N)(N)N
NC(N)C(NN)C(N)NN
NC(N)C(NN)CN(N)N
NC(N)C(NN)CNNN
NC(N)C(NN)N(C)NN
NC(N)C(NN)NCNN
NC(N)CC(N(N)N)NN
NC(N)CC(N)(N)N(N)N
NC(N)CC(N)(N)NNN
NC(N)CC(N)(NN)NN
NC(N)CC(N)N(N)NN
NC(N)CC(N)NN(N)N
NC(N)CC(N)NNNN
NC(N)CC(NN)NNN
NC(N)CCN(N)N(N)N
NC(N)CCN(N)NNN
NC(N)CCN(NN)NN
NC(N)CCNN(N)NN
NC(N)CCNNN(N)N
NC(N)CCNNNNN
NC(N)CN(C)N(N)NN
NC(N)CN(C)NN(N)N
NC(N)CN(C)NNNN
NC(N)CN(CN)NNN
NC(N)CN(N)C(N)(N)N
NC(N)CN(N)C(N)NN
NC(N)CN(N)CN(N)N
NC(N)CN(N)CNNN
NC(N)CN(N)N(C)NN
NC(N)CN(N)NCNN
NC(N)CN(NC)NNN
NC(N)CN(NN)CNN
NC(N)CNC(N)(N)NN
NC(N)CNC(N)N(N)N
NC(N)CNC(N)NNN
NC(N)CNC(NN)NN
NC(N)CNCN(N)NN
NC(N)CNCNN(N)N
NC(N)CNCNNNN
NC(N)CNN(C)N(N)N
NC(N)CNN(C)NNN
NC(N)CNN(N)CNN
NC(N)CNNC(N)(N)N
NC(N)CNNC(N)NN
NC(N)CNNCN(N)N
NC(N)CNNCNNN
NC(N)CNNN(C)NN
NC(N)CNNNCNN
NC(N)N(C(N)N)C(N)N
NC(N)N(C(N)N)CNN
NC(N)N(C)C(N)(N)NN
NC(N)N(C)C(N)N(N)N
NC(N)N(C)C(N)NNN
NC(N)N(C)C(NN)NN
NC(N)N(C)CN(N)NN
NC(N)N(C)CNN(N)N
NC(N)N(C)CNNNN
NC(N)N(C)N(C)N(N)N
NC(N)N(C)N(C)NNN
NC(N)N(C)N(N)CNN
NC(N)N(C)NC(N)(N)N
NC(N)N(C)NC(N)NN
NC(N)N(C)NCN(N)N
NC(N)N(C)NCNNN
NC(N)N(C)NN(C)NN
NC(N)N(C)NNCNN
NC(N)N(N)C(C)(N)NN
NC(N)N(N)C(C)N(N)N
NC(N)N(N)C(C)NNN
NC(N)N(N)C(N)C(N)N
NC(N)N(N)C(N)CNN
NC(N)N(N)CC(N)(N)N
NC(N)N(N)CC(N)NN
NC(N)N(N)CCN(N)N
NC(N)N(N)CCNNN
NC(N)N(N)CN(C)NN
NC(N)N(N)CNCNN
NC(N)N(N)N(C)C(N)N
NC(N)N(N)N(C)CNN
NC(N)N(N)NC(C)NN
NC(N)N(N)NCC(N)N
NC(N)N(N)NCCNN
NC(N)N(NN)C(C)NN
NC(N)N(NN)CC(N)N
NC(N)N(NN)CCNN
NC(N)NC(C)(N)N(N)N
NC(N)NC(C)(N)NNN
NC(N)NC(C)(NN)NN
NC(N)NC(C)N(N)NN
NC(N)NC(C)NN(N)N
NC(N)NC(C)NNNN
NC(N)NC(CN)NNN
NC(N)NC(N)(N)C(N)N
NC(N)NC(N)(N)CNN
NC(N)NC(N)C(N)(N)N
NC(N)NC(N)C(N)NN
NC(N)NC(N)CN(N)N
NC(N)NC(N)CNNN
NC(N)NC(N)N(C)NN
NC(N)NC(N)NC(N)N
NC(N)NC(N)NCNN
NC(N)NC(NC)NNN
NC(N)NC(NN)C(N)N
NC(N)NC(NN)CNN
NC(N)NCC(N)(N)NN
NC(N)NCC(N)N(N)N
NC(N)NCC(N)NNN
NC(N)NCC(NN)NN
NC(N)NCCN(N)NN
NC(N)NCCNN(N)N
NC(N)NCCNNNN
NC(N)NCN(C)N(N)N
NC(N)NCN(C)NNN
NC(N)NCN(N)C(N)N
NC(N)NCN(N)CNN
NC(N)NCNC(N)(N)N
NC(N)NCNC(N)NN
NC(N)NCNCN(N)N
NC(N)NCNCNNN
NC(N)NCNN(C)NN
NC(N)NCNNC(N)N
NC(N)NCNNCNN
NC(N)NN(C)C(N)(N)N
NC(N)NN(C)C(N)NN
NC(N)NN(C)CN(N)N
NC(N)NN(C)CNNN
NC(N)NN(C)N(C)NN
NC(N)NN(C)NC(N)N
NC(N)NN(C)NCNN
NC(N)NN(CC)NNN
NC(N)NN(CN)CNN
NC(N)NN(N)C(C)NN
NC(N)NN(N)CC(N)N
NC(N)NN(N)CCNN
NC(N)NN(NC)CNN
NC(N)NNC(C)(N)NN
NC(N)NNC(C)N(N)N
NC(N)NNC(C)NNN
NC(N)NNC(N)C(N)N
NC(N)NNC(N)CNN
NC(N)NNCC(N)(N)N
NC(N)NNCC(N)NN
NC(N)NNCCN(N)N
NC(N)NNCCNNN
NC(N)NNCN(C)NN
NC(N)NNCNCNN
NC(N)NNN(C)C(N)N
NC(N)NNN(C)CNN
NC(N)NNNC(C)NN
NC(N)NNNCC(N)N
NC(N)NNNCCNN
NCC(C(N)(N)N)NNN
NCC(C(N)N)(N)NNN
NCC(C(N)N)N(N)NN
NCC(C(N)N)NN(N)N
NCC(C(N)N)NNNN
NCC(C)(N(N)N)N(N)N
NCC(C)(N(N)N)NNN
NCC(C)(N)N(N)N(N)N
NCC(C)(N)N(N)NNN
NCC(C)(N)N(NN)NN
NCC(C)(N)NN(N)NN
NCC(C)(N)NNN(N)N
NCC(C)(N)NNNNN
NCC(C)(NN)N(N)NN
NCC(C)(NN)NN(N)N
NCC(C)(NN)NNNN
NCC(C)N(N(N)N)NN
NCC(C)N(N)N(N)NN
NCC(C)N(N)NN(N)N
NCC(C)N(N)NNNN
NCC(C)N(NN)NNN
NCC(C)NN(N)N(N)N
NCC(C)NN(N)NNN
NCC(C)NN(NN)NN
NCC(C)NNN(N)NN
NCC(C)NNNN(N)N
NCC(C)NNNNNN
NCC(CN)(N)N(N)NN
NCC(CN)(N)NN(N)N
NCC(CN)(N)NNNN
NCC(CN)(NN)NNN
NCC(CN)N(N)N(N)N
NCC(CN)N(N)NNN
NCC(CN)N(NN)NN
NCC(CN)NN(N)NN
NCC(CN)NNN(N)N
NCC(CN)NNNNN
NCC(N(N)N)C(N)(N)N
NCC(N(N)N)C(N)NN
NCC(N(N)N)CN(N)N
NCC(N(N)N)CNNN
NCC(N(N)N)N(C)NN
NCC(N(N)N)N(N)CN
NCC(N(N)N)NC(N)N
NCC(N(N)N)NCNN
NCC(N(N)N)NNCN
NCC(N)(N(N)N)C(N)N
NCC(N)(N(N)N)CNN
NCC(N)(N(N)N)NCN
NCC(N)(N)C(N)(N)NN
NCC(N)(N)C(N)N(N)N
NCC(N)(N)C(N)NNN
NCC(N)(N)C(NN)NN
NCC(N)(N)CN(N)NN
NCC(N)(N)CNN(N)N
NCC(N)(N)CNNNN
NCC(N)(N)N(C)N(N)N
NCC(N)(N)N(C)NNN
NCC(N)(N)N(N)C(N)N
NCC(N)(N)N(N)CNN
NCC(N)(N)N(N)NCN
NCC(N)(N)N(NN)CN
NCC(N)(N)NC(N)(N)N
NCC(N)(N)NC(N)NN
NCC(N)(N)NCN(N)N
NCC(N)(N)NCNNN
NCC(N)(N)NN(C)NN
NCC(N)(N)NN(N)CN
NCC(N)(N)NNC(N)N
NCC(N)(N)NNCNN
NCC(N)(N)NNNCN
NCC(N)(NN)C(N)(N)N
NCC(N)(NN)C(N)NN
NCC(N)(NN)CN(N)N
NCC(N)(NN)CNNN
NCC(N)(NN)N(C)NN
NCC(N)(NN)N(N)CN
NCC(N)(NN)NC(N)N
NCC(N)(NN)NCNN
NCC(N)(NN)NNCN
NCC(N)C(N(N)N)NN
NCC(N)C(N)(N)N(N)N
NCC(N)C(N)(N)NNN
NCC(N)C(N)(NN)NN
NCC(N)C(N)N(N)NN
NCC(N)C(N)NN(N)N
NCC(N)C(N)NNNN
NCC(N)C(NN)NNN
NCC(N)CN(N)N(N)N
NCC(N)CN(N)NNN
NCC(N)CN(NN)NN
NCC(N)CNN(N)NN
NCC(N)CNNN(N)N
NCC(N)CNNNNN
NCC(N)N(C)N(N)NN
NCC(N)N(C)NN(N)N
NCC(N)N(C)NNNN
NCC(N)N(CN)NNN
NCC(N)N(N(N)N)CN
NCC(N)N(N)C(N)(N)N
NCC(N)N(N)C(N)NN
NCC(N)N(N)CN(N)N
NCC(N)N(N)CNNN
NCC(N)N(N)N(C)NN
NCC(N)N(N)N(N)CN
NCC(N)N(N)NC(N)N
NCC(N)N(N)NCNN
NCC(N)N(N)NNCN
NCC(N)N(NC)NNN
NCC(N)N(NN)C(N)N
NCC(N)N(NN)CNN
NCC(N)N(NN)NCN
NCC(N)NC(N)(N)NN
NCC(N)NC(N)N(N)N
NCC(N)NC(N)NNN
NCC(N)NC(NN)NN
NCC(N)NCN(N)NN
NCC(N)NCNN(N)N
NCC(N)NCNNNN
NCC(N)NN(C)N(N)N
NCC(N)NN(C)NNN
NCC(N)NN(N)C(N)N
NCC(N)NN(N)CNN
NCC(N)NN(N)NCN
NCC(N)NN(NN)CN
NCC(N)NNC(N)(N)N
NCC(N)NNC(N)NN
NCC(N)NNCN(N)N
NCC(N)NNCNNN
NCC(N)NNN(C)NN
NCC(N)NNN(N)CN
NCC(N)NNNC(N)N
NCC(N)NNNCNN
NCC(N)NNNNCN
NCC(NN)(N(N)N)CN
NCC(NN)(NN)C(N)N
NCC(NN)(NN)CNN
NCC(NN)(NN)NCN
NCC(NN)C(N)(N)NN
NCC(NN)C(N)N(N)N
NCC(NN)C(N)NNN
NCC(NN)C(NN)NN
NCC(NN)CN(N)NN
NCC(NN)CNN(N)N
NCC(NN)CNNNN
NCC(NN)N(C)N(N)N
NCC(NN)N(C)NNN
NCC(NN)N(N)C(N)N
NCC(NN)N(N)CNN
NCC(NN)N(N)NCN
NCC(NN)N(NN)CN
NCC(NN)NC(N)(N)N
NCC(NN)NC(N)NN
NCC(NN)NCN(N)N
NCC(NN)NCNNN
NCC(NN)NN(C)NN
NCC(NN)NN(N)CN
NCC(NN)NNC(N)N
NCC(NN)NNCNN
NCC(NN)NNNCN
NCCC(N(N)N)N(N)N
NCCC(N(N)N)NNN
NCCC(N)(N(N)N)NN
NCCC(N)(N)N(N)NN
NCCC(N)(N)NN(N)N
NCCC(N)(N)NNNN
NCCC(N)(NN)NNN
NCCC(N)N(N)N(N)N
NCCC(N)N(N)NNN
NCCC(N)N(NN)NN
NCCC(N)NN(N)NN
NCCC(N)NNN(N)N
NCCC(N)NNNNN
NCCC(NN)(NN)NN
NCCC(NN)N(N)NN
NCCC(NN)NN(N)N
NCCC(NN)NNNN
NCCC(NNN)NNN
NCCCN(N(N)N)NN
NCCCN(N)N(N)NN
NCCCN(N)NN(N)N
NCCCN(N)NNNN
NCCCN(NN)NNN
NCCCNN(N)N(N)N
NCCCNN(N)NNN
NCCCNN(NN)NN
NCCCNNN(N)NN
NCCCNNNN(N)N
NCCCNNNNNN
NCCN(C(N)N)NNN
NCCN(C)N(N)N(N)N
NCCN(C)N(N)NNN
NCCN(C)N(NN)NN
NCCN(C)NN(N)NN
NCCN(C)NNN(N)N
NCCN(C)NNNNN
NCCN(CN)N(N)NN
NCCN(CN)NN(N)N
NCCN(CN)NNNN
NCCN(N(N)C)NNN
NCCN(N(N)N)C(N)N
NCCN(N(N)N)CNN
NCCN(N(N)N)NCN
NCCN(N)C(N)(N)NN
NCCN(N)C(N)N(N)N
NCCN(N)C(N)NNN
NCCN(N)C(NN)NN
NCCN(N)CN(N)NN
NCCN(N)CNN(N)N
NCCN(N)CNNNN
NCCN(N)N(C)N(N)N
NCCN(N)N(C)NNN
NCCN(N)N(N)C(N)N
NCCN(N)N(N)CNN
NCCN(N)N(N)NCN
NCCN(N)N(NN)CN
NCCN(N)NC(N)(N)N
NCCN(N)NC(N)NN
NCCN(N)NCN(N)N
NCCN(N)NCNNN
NCCN(N)NN(C)NN
NCCN(N)NN(N)CN
NCCN(N)NNC(N)N
NCCN(N)NNCNN
NCCN(N)NNNCN
NCCN(NC)N(N)NN
NCCN(NC)NN(N)N
NCCN(NC)NNNN
NCCN(NCN)NNN
NCCN(NN)C(N)(N)N
NCCN(NN)C(N)NN
NCCN(NN)CN(N)N
NCCN(NN)CNNN
NCCN(NN)N(C)NN
NCCN(NN)N(N)CN
NCCN(NN)NC(N)N
NCCN(NN)NCNN
NCCN(NN)NNCN
NCCN(NNN)CNN
NCCNC(N(N)N)NN
NCCNC(N)(N)N(N)N
NCCNC(N)(N)NNN
NCCNC(N)(NN)NN
NCCNC(N)N(N)NN
NCCNC(N)NN(N)N
NCCNC(N)NNNN
NCCNC(NN)NNN
NCCNCN(N)N(N)N
NCCNCN(N)NNN
NCCNCN(NN)NN
NCCNCNN(N)NN
NCCNCNNN(N)N
NCCNCNNNNN
NCCNN(C)N(N)NN
NCCNN(C)NN(N)N
NCCNN(C)NNNN
NCCNN(CN)NNN
NCCNN(N(N)N)CN
NCCNN(N)C(N)(N)N
NCCNN(N)C(N)NN
NCCNN(N)CN(N)N
NCCNN(N)CNNN
NCCNN(N)N(C)NN
NCCNN(N)N(N)CN
NCCNN(N)NC(N)N
NCCNN(N)NCNN
NCCNN(N)NNCN
NCCNN(NC)NNN
NCCNN(NN)C(N)N
NCCNN(NN)CNN
NCCNN(NN)NCN
NCCNNC(N)(N)NN
NCCNNC(N)N(N)N
NCCNNC(N)NNN
NCCNNC(NN)NN
NCCNNCN(N)NN
NCCNNCNN(N)N
NCCNNCNNNN
NCCNNN(C)N(N)N
NCCNNN(C)NNN
NCCNNN(N)C(N)N
NCCNNN(N)CNN
NCCNNN(N)NCN
NCCNNN(NN)CN
NCCNNNC(N)(N)N
NCCNNNC(N)NN
NCCNNNCN(N)N
NCCNNNCNNN
NCCNNNN(C)NN
NCCNNNN(N)CN
NCCNNNNC(N)N
NCCNNNNCNN
NCCNNNNNCN
NCN(C(N)(N)N)C(N)N
NCN(C(N)(N)N)CNN
NCN(C(N)N)C(N)NN
NCN(C(N)N)CN(N)N
NCN(C(N)N)CNNN
NCN(C(N)N)N(C)NN
NCN(C(N)N)NC(N)N
NCN(C(N)N)NCNN
NCN(C)C(N(N)N)NN
NCN(C)C(N)(N)N(N)N
NCN(C)C(N)(N)NNN
NCN(C)C(N)(NN)NN
NCN(C)C(N)N(N)NN
NCN(C)C(N)NN(N)N
NCN(C)C(N)NNNN
NCN(C)C(NN)NNN
NCN(C)CN(N)N(N)N
NCN(C)CN(N)NNN
NCN(C)CN(NN)NN
NCN(C)CNN(N)NN
NCN(C)CNNN(N)N
NCN(C)CNNNNN
NCN(C)N(C)N(N)NN
NCN(C)N(C)NN(N)N
NCN(C)N(C)NNNN
NCN(C)N(CN)NNN
NCN(C)N(N)C(N)(N)N
NCN(C)N(N)C(N)NN
NCN(C)N(N)CN(N)N
NCN(C)N(N)CNNN
NCN(C)N(N)N(C)NN
NCN(C)N(N)NC(N)N
NCN(C)N(N)NCNN
NCN(C)N(NC)NNN
NCN(C)N(NN)C(N)N
NCN(C)N(NN)CNN
NCN(C)NC(N)(N)NN
NCN(C)NC(N)N(N)N
NCN(C)NC(N)NNN
NCN(C)NC(NN)NN
NCN(C)NCN(N)NN
NCN(C)NCNN(N)N
NCN(C)NCNNNN
NCN(C)NN(C)N(N)N
NCN(C)NN(C)NNN
NCN(C)NN(N)C(N)N
NCN(C)NN(N)CNN
NCN(C)NNC(N)(N)N
NCN(C)NNC(N)NN
NCN(C)NNCN(N)N
NCN(C)NNCNNN
NCN(C)NNN(C)NN
NCN(C)NNNC(N)N
NCN(C)NNNCNN
NCN(CN)C(N)(N)NN
NCN(CN)C(N)N(N)N
NCN(CN)C(N)NNN
NCN(CN)C(NN)NN
NCN(CN)CN(N)NN
NCN(CN)CNN(N)N
NCN(CN)CNNNN
NCN(CN)N(C)N(N)N
NCN(CN)N(C)NNN
NCN(CN)N(N)C(N)N
NCN(CN)N(N)CNN
NCN(CN)NC(N)(N)N
NCN(CN)NC(N)NN
NCN(CN)NCN(N)N
NCN(CN)NCNNN
NCN(CN)NN(C)NN
NCN(CN)NNC(N)N
NCN(CN)NNCNN
NCN(N(N)N)C(C)NN
NCN(N(N)N)CC(N)N
NCN(N(N)N)CCNN
NCN(N(N)N)N(C)CN
NCN(N)C(C)(N)N(N)N
NCN(N)C(C)(N)NNN
NCN(N)C(C)(NN)NN
NCN(N)C(C)N(N)NN
NCN(N)C(C)NN(N)N
NCN(N)C(C)NNNN
NCN(N)C(CN)NNN
NCN(N)C(N)(N)C(N)N
NCN(N)C(N)(N)CNN
NCN(N)C(N)C(N)(N)N
NCN(N)C(N)C(N)NN
NCN(N)C(N)CN(N)N
NCN(N)C(N)CNNN
NCN(N)C(N)N(C)NN
NCN(N)C(N)N(N)CN
NCN(N)C(N)NC(N)N
NCN(N)C(N)NCNN
NCN(N)C(NC)NNN
NCN(N)C(NN)C(N)N
NCN(N)C(NN)CNN
NCN(N)CC(N)(N)NN
NCN(N)CC(N)N(N)N
NCN(N)CC(N)NNN
NCN(N)CC(NN)NN
NCN(N)CCN(N)NN
NCN(N)CCNN(N)N
NCN(N)CCNNNN
NCN(N)CN(C)N(N)N
NCN(N)CN(C)NNN
NCN(N)CN(N)C(N)N
NCN(N)CN(N)CNN
NCN(N)CNC(N)(N)N
NCN(N)CNC(N)NN
NCN(N)CNCN(N)N
NCN(N)CNCNNN
NCN(N)CNN(C)NN
NCN(N)CNNC(N)N
NCN(N)CNNCNN
NCN(N)N(C(N)N)CN
NCN(N)N(C)C(N)(N)N
NCN(N)N(C)C(N)NN
NCN(N)N(C)CN(N)N
NCN(N)N(C)CNNN
NCN(N)N(C)N(C)NN
NCN(N)N(C)N(N)CN
NCN(N)N(C)NC(N)N
NCN(N)N(C)NCNN
NCN(N)N(CC)NNN
NCN(N)N(CN)CNN
NCN(N)N(N)C(C)NN
NCN(N)N(N)CC(N)N
NCN(N)N(N)CCNN
NCN(N)N(N)N(C)CN
NCN(N)N(NC)CNN
NCN(N)NC(C)(N)NN
NCN(N)NC(C)N(N)N
NCN(N)NC(C)NNN
NCN(N)NC(N)C(N)N
NCN(N)NC(N)CNN
NCN(N)NCC(N)(N)N
NCN(N)NCC(N)NN
NCN(N)NCCN(N)N
NCN(N)NCCNNN
NCN(N)NCN(C)NN
NCN(N)NCN(N)CN
NCN(N)NCNC(N)N
NCN(N)NCNCNN
NCN(N)NN(C)C(N)N
NCN(N)NN(C)CNN
NCN(N)NN(CN)CN
NCN(N)NNC(C)NN
NCN(N)NNCC(N)N
NCN(N)NNCCNN
NCN(N)NNN(C)CN
NCN(NN)C(C)(N)NN
NCN(NN)C(C)N(N)N
NCN(NN)C(C)NNN
NCN(NN)C(N)C(N)N
NCN(NN)C(N)CNN
NCN(NN)CC(N)(N)N
NCN(NN)CC(N)NN
NCN(NN)CCN(N)N
NCN(NN)CCNNN
NCN(NN)CN(C)NN
NCN(NN)CN(N)CN
NCN(NN)CNC(N)N
NCN(NN)CNCNN
NCN(NN)N(C)C(N)N
NCN(NN)N(C)CNN
NCN(NN)N(CN)CN
NCN(NN)NC(C)NN
NCN(NN)NCC(N)N
NCN(NN)NCCNN
NCN(NN)NN(C)CN
NCNC(C(N)N)NNN
NCNC(C)(N(N)N)NN
NCNC(C)(N)N(N)NN
NCNC(C)(N)NN(N)N
NCNC(C)(N)NNNN
NCNC(C)(NN)NNN
NCNC(C)N(N)N(N)N
NCNC(C)N(N)NNN
NCNC(C)N(NN)NN
NCNC(C)NN(N)NN
NCNC(C)NNN(N)N
NCNC(C)NNNNN
NCNC(CN)(N)NNN
NCNC(CN)N(N)NN
NCNC(CN)NN(N)N
NCNC(CN)NNNN
NCNC(N(N)C)NNN
NCNC(N(N)N)C(N)N
NCNC(N(N)N)CNN
NCNC(N(N)N)NCN
NCNC(N)(N)C(N)(N)N
NCNC(N)(N)C(N)NN
NCNC(N)(N)CN(N)N
NCNC(N)(N)CNNN
NCNC(N)(N)N(C)NN
NCNC(N)(N)N(N)CN
NCNC(N)(N)NC(N)N
NCNC(N)(N)NCNN
NCNC(N)(N)NNCN
NCNC(N)(NC)NNN
NCNC(N)(NN)C(N)N
NCNC(N)(NN)CNN
NCNC(N)(NN)NCN
NCNC(N)C(N)(N)NN
NCNC(N)C(N)N(N)N
NCNC(N)C(N)NNN
NCNC(N)C(NN)NN
NCNC(N)CN(N)NN
NCNC(N)CNN(N)N
NCNC(N)CNNNN
NCNC(N)N(C)N(N)N
NCNC(N)N(C)NNN
NCNC(N)N(N)C(N)N
NCNC(N)N(N)CNN
NCNC(N)N(N)NCN
NCNC(N)N(NN)CN
NCNC(N)NC(N)(N)N
NCNC(N)NC(N)NN
NCNC(N)NCN(N)N
NCNC(N)NCNNN
NCNC(N)NN(C)NN
NCNC(N)NN(N)CN
NCNC(N)NNC(N)N
NCNC(N)NNCNN
NCNC(N)NNNCN
NCNC(NC)N(N)NN
NCNC(NC)NN(N)N
NCNC(NC)NNNN
NCNC(NN)C(N)(N)N
NCNC(NN)C(N)NN
NCNC(NN)CN(N)N
NCNC(NN)CNNN
NCNC(NN)N(C)NN
NCNC(NN)N(N)CN
NCNC(NN)NC(N)N
NCNC(NN)NCNN
NCNC(NN)NNCN
NCNC(NNN)CNN
NCNC(NNN)NCN
NCNCC(N(N)N)NN
NCNCC(N)(N)N(N)N
NCNCC(N)(N)NNN
NCNCC(N)(NN)NN
NCNCC(N)N(N)NN
NCNCC(N)NN(N)N
NCNCC(N)NNNN
NCNCC(NN)NNN
NCNCCN(N)N(N)N
NCNCCN(N)NNN
NCNCCN(NN)NN
NCNCCNN(N)NN
NCNCCNNN(N)N
NCNCCNNNNN
NCNCN(C)N(N)NN
NCNCN(C)NN(N)N
NCNCN(C)NNNN
NCNCN(CN)NNN
NCNCN(N(N)N)CN
NCNCN(N)C(N)(N)N
NCNCN(N)C(N)NN
NCNCN(N)CN(N)N
NCNCN(N)CNNN
NCNCN(N)N(C)NN
NCNCN(N)N(N)CN
NCNCN(N)NC(N)N
NCNCN(N)NCNN
NCNCN(N)NNCN
NCNCN(NC)NNN
NCNCN(NN)C(N)N
NCNCN(NN)CNN
NCNCN(NN)NCN
NCNCNC(N)(N)NN
NCNCNC(N)N(N)N
NCNCNC(N)NNN
NCNCNC(NN)NN
NCNCNCN(N)NN
NCNCNCNN(N)N
NCNCNCNNNN
NCNCNN(C)N(N)N
NCNCNN(C)NNN
NCNCNN(N)C(N)N
NCNCNN(N)CNN
NCNCNN(N)NCN
NCNCNN(NN)CN
NCNCNNC(N)(N)N
NCNCNNC(N)NN
NCNCNNCN(N)N
NCNCNNCNNN
NCNCNNN(C)NN
NCNCNNN(N)CN
NCNCNNNC(N)N
NCNCNNNCNN
NCNCNNNNCN
NCNN(C(N)(N)N)CN
NCNN(C(N)C)NNN
NCNN(C(N)N)C(N)N
NCNN(C(N)N)CNN
NCNN(C(N)N)NCN
NCNN(C)C(N)(N)NN
NCNN(C)C(N)N(N)N
NCNN(C)C(N)NNN
NCNN(C)C(NN)NN
NCNN(C)CN(N)NN
NCNN(C)CNN(N)N
NCNN(C)CNNNN
NCNN(C)N(C)N(N)N
NCNN(C)N(C)NNN
NCNN(C)N(N)C(N)N
NCNN(C)N(N)CNN
NCNN(C)N(NN)CN
NCNN(C)NC(N)(N)N
NCNN(C)NC(N)NN
NCNN(C)NCN(N)N
NCNN(C)NCNNN
NCNN(C)NN(C)NN
NCNN(C)NN(N)CN
NCNN(C)NNC(N)N
NCNN(C)NNCNN
NCNN(CC)N(N)NN
NCNN(CC)NN(N)N
NCNN(CC)NNNN
NCNN(CN)C(N)NN
NCNN(CN)CN(N)N
NCNN(CN)CNNN
NCNN(CN)N(C)NN
NCNN(CN)N(N)CN
NCNN(CN)NC(N)N
NCNN(CN)NCNN
NCNN(CNN)CNN
NCNN(N(C)C)NNN
NCNN(N(N)C)CNN
NCNN(N(N)C)NCN
NCNN(N)C(C)(N)NN
NCNN(N)C(C)N(N)N
NCNN(N)C(C)NNN
NCNN(N)C(N)C(N)N
NCNN(N)C(N)CNN
NCNN(N)CC(N)(N)N
NCNN(N)CC(N)NN
NCNN(N)CCN(N)N
NCNN(N)CCNNN
NCNN(N)CN(C)NN
NCNN(N)CN(N)CN
NCNN(N)CNC(N)N
NCNN(N)CNCNN
NCNN(N)N(C)C(N)N
NCNN(N)N(C)CNN
NCNN(N)N(C)NCN
NCNN(N)N(CN)CN
NCNN(N)NC(C)NN
NCNN(N)NCC(N)N
NCNN(N)NCCNN
NCNN(N)NN(C)CN
NCNN(NC)C(N)NN
NCNN(NC)CN(N)N
NCNN(NC)CNNN
NCNN(NC)N(C)NN
NCNN(NC)N(N)CN
NCNN(NC)NC(N)N
NCNN(NC)NCNN
NCNN(NCN)CNN
NCNN(NCN)NCN
NCNN(NN)C(C)NN
NCNN(NN)CC(N)N
NCNN(NN)CCNN
NCNN(NN)N(C)CN
NCNNC(C)(N)N(N)N
NCNNC(C)(N)NNN
NCNNC(C)(NN)NN
NCNNC(C)N(N)NN
NCNNC(C)NN(N)N
NCNNC(C)NNNN
NCNNC(CN)NNN
NCNNC(N)(N)C(N)N
NCNNC(N)(N)CNN
NCNNC(N)C(N)(N)N
NCNNC(N)C(N)NN
NCNNC(N)CN(N)N
NCNNC(N)CNNN
NCNNC(N)N(C)NN
NCNNC(N)N(N)CN
NCNNC(N)NC(N)N
NCNNC(N)NCNN
NCNNC(N)NNCN
NCNNC(NC)NNN
NCNNC(NN)C(N)N
NCNNC(NN)CNN
NCNNCC(N)(N)NN
NCNNCC(N)N(N)N
NCNNCC(N)NNN
NCNNCC(NN)NN
NCNNCCN(N)NN
NCNNCCNN(N)N
NCNNCCNNNN
NCNNCN(C)N(N)N
NCNNCN(C)NNN
NCNNCN(N)C(N)N
NCNNCN(N)CNN
NCNNCN(N)NCN
NCNNCN(NN)CN
NCNNCNC(N)(N)N
NCNNCNC(N)NN
NCNNCNCN(N)N
NCNNCNCNNN
NCNNCNN(C)NN
NCNNCNN(N)CN
NCNNCNNC(N)N
NCNNCNNCNN
NCNNCNNNCN
NCNNN(C(N)N)CN
NCNNN(C)C(N)(N)N
NCNNN(C)C(N)NN
NCNNN(C)CN(N)N
NCNNN(C)CNNN
NCNNN(C)N(C)NN
NCNNN(C)N(N)CN
NCNNN(C)NC(N)N
NCNNN(C)NCNN
NCNNN(C)NNCN
NCNNN(CC)NNN
NCNNN(CN)CNN
NCNNN(CN)NCN
NCNNN(N)C(C)NN
NCNNN(N)CC(N)N
NCNNN(N)CCNN
NCNNN(N)N(C)CN
NCNNN(NC)CNN
NCNNN(NC)NCN
NCNNNC(C)(N)NN
NCNNNC(C)N(N)N
NCNNNC(C)NNN
NCNNNC(N)C(N)N
NCNNNC(N)CNN
NCNNNCC(N)(N)N
NCNNNCC(N)NN
NCNNNCCN(N)N
NCNNNCCNNN
NCNNNCN(C)NN
NCNNNCN(N)CN
NCNNNCNC(N)N
NCNNNCNCNN
NCNNNN(C)C(N)N
NCNNNN(C)CNN
NCNNNN(C)NCN
NCNNNN(CN)CN
NCNNNNC(C)NN
NCNNNNCC(N)N
NCNNNNCCNN
NCNNNNN(C)CN
NN(N)C(C)C(N)N(N)N
NN(N)CC(C)(N)N(N)N
NN(N)CC(N)CN(N)N
NN(N)CCC(N)N(N)N
NN(N)CCNCN(N)N
NN(N)CN(C)CN(N)N
NN(N)CNC(C)N(N)N
NN(N)N(C)C(C)N(N)N
NN(N)N(C)CCN(N)N
NN(N)NC(C)(C)N(N)N
NN(N)NC(C)CN(N)N
NN(N)NCC(C)N(N)N
NN(N)NCCCN(N)N
NNC(C)(C)N(N)N(N)N
NNC(C)(C)N(N)NNN
NNC(C)(C)N(NN)NN
NNC(C)(C)NN(N)NN
NNC(C)(C)NNN(N)N
NNC(C)(C)NNNNN
NNC(C)(N)C(N)(N)NN
NNC(C)(N)C(N)N(N)N
NNC(C)(N)C(N)NNN
NNC(C)(N)CN(N)NN
NNC(C)(N)CNN(N)N
NNC(C)(N)CNNNN
NNC(C)(N)N(C)N(N)N
NNC(C)(N)N(C)NNN
NNC(C)(N)NCN(N)N
NNC(C)(N)NCNNN
NNC(C)(N)NN(C)NN
NNC(C)(NN)CN(N)N
NNC(C)(NN)CNNN
NNC(C)(NN)N(C)NN
NNC(C)C(N(N)N)NN
NNC(C)C(N)(N)N(N)N
NNC(C)C(N)(N)NNN
NNC(C)C(N)(NN)NN
NNC(C)C(N)N(N)NN
NNC(C)C(N)NN(N)N
NNC(C)C(N)NNNN
NNC(C)C(NN)NNN
NNC(C)CN(N)N(N)N
NNC(C)CN(N)NNN
NNC(C)CN(NN)NN
NNC(C)CNN(N)NN
NNC(C)CNNN(N)N
NNC(C)CNNNNN
NNC(C)N(C)N(N)NN
NNC(C)N(C)NN(N)N
NNC(C)N(C)NNNN
NNC(C)N(CN)NNN
NNC(C)N(N)CN(N)N
NNC(C)N(N)CNNN
NNC(C)N(N)N(C)NN
NNC(C)N(NC)NNN
NNC(C)NC(N)(N)NN
NNC(C)NC(N)N(N)N
NNC(C)NC(N)NNN
NNC(C)NCN(N)NN
NNC(C)NCNN(N)N
NNC(C)NCNNNN
NNC(C)NN(C)N(N)N
NNC(C)NN(C)NNN
NNC(C)NNCN(N)N
NNC(C)NNCNNN
NNC(C)NNN(C)NN
NNC(N)(N)C(C)N(N)N
NNC(N)(N)C(C)NNN
NNC(N)(N)CCN(N)N
NNC(N)(N)CCNNN
NNC(N)(N)CN(C)NN
NNC(N)C(C)(N)N(N)N
NNC(N)C(C)(N)NNN
NNC(N)C(C)(NN)NN
NNC(N)C(C)N(N)NN
NNC(N)C(C)NN(N)N
NNC(N)C(C)NNNN
NNC(N)C(CN)NNN
NNC(N)C(N)C(N)NN
NNC(N)C(N)CN(N)N
NNC(N)C(N)CNNN
NNC(N)C(N)N(C)NN
NNC(N)C(NC)NNN
NNC(N)CC(N)(N)NN
NNC(N)CC(N)N(N)N
NNC(N)CC(N)NNN
NNC(N)CCN(N)NN
NNC(N)CCNN(N)N
NNC(N)CCNNNN
NNC(N)CN(C)N(N)N
NNC(N)CN(C)NNN
NNC(N)CNCN(N)N
NNC(N)CNCNNN
NNC(N)CNN(C)NN
NNC(N)N(C)C(N)NN
NNC(N)N(C)CN(N)N
NNC(N)N(C)CNNN
NNC(N)N(C)N(C)NN
NNC(N)N(CC)NNN
NNC(N)N(N)C(C)NN
NNC(N)NC(C)(N)NN
NNC(N)NC(C)N(N)N
NNC(N)NC(C)NNN
NNC(N)NCC(N)NN
NNC(N)NCCN(N)N
NNC(N)NCCNNN
NNC(N)NCN(C)NN
NNC(N)NNC(C)NN
NNC(NN)C(C)(N)NN
NNC(NN)C(C)N(N)N
NNC(NN)C(C)NNN
NNC(NN)CC(N)NN
NNC(NN)CCN(N)N
NNC(NN)CCNNN
NNC(NN)CN(C)NN
NNC(NN)NC(C)NN
NNCC(C(N)N)NNN
NNCC(C)(N(N)N)NN
NNCC(C)(N)N(N)NN
NNCC(C)(N)NN(N)N
NNCC(C)(N)NNNN
NNCC(C)(NN)NNN
NNCC(C)N(N)N(N)N
NNCC(C)N(N)NNN
NNCC(C)N(NN)NN
NNCC(C)NN(N)NN
NNCC(C)NNN(N)N
NNCC(C)NNNNN
NNCC(CN)(N)NNN
NNCC(CN)N(N)NN
NNCC(CN)NN(N)N
NNCC(CN)NNNN
NNCC(N(N)C)NNN
NNCC(N(N)N)CNN
NNCC(N)(N)C(N)NN
NNCC(N)(N)CN(N)N
NNCC(N)(N)CNNN
NNCC(N)(N)N(C)NN
NNCC(N)(N)NCNN
NNCC(N)(NC)NNN
NNCC(N)(NN)CNN
NNCC(N)C(N)(N)NN
NNCC(N)C(N)N(N)N
NNCC(N)C(N)NNN
NNCC(N)C(NN)NN
NNCC(N)CN(N)NN
NNCC(N)CNN(N)N
NNCC(N)CNNNN
NNCC(N)N(C)N(N)N
NNCC(N)N(C)NNN
NNCC(N)N(N)CNN
NNCC(N)NC(N)NN
NNCC(N)NCN(N)N
NNCC(N)NCNNN
NNCC(N)NN(C)NN
NNCC(N)NNCNN
NNCC(NC)N(N)NN
NNCC(NC)NN(N)N
NNCC(NC)NNNN
NNCC(NN)C(N)NN
NNCC(NN)CN(N)N
NNCC(NN)CNNN
NNCC(NN)N(C)NN
NNCC(NN)NCNN
NNCC(NNN)CNN
NNCCC(N(N)N)NN
NNCCC(N)(N)N(N)N
NNCCC(N)(N)NNN
NNCCC(N)(NN)NN
NNCCC(N)N(N)NN
NNCCC(N)NN(N)N
NNCCC(N)NNNN
NNCCC(NN)NNN
NNCCCN(N)N(N)N
NNCCCN(N)NNN
NNCCCN(NN)NN
NNCCCNN(N)NN
NNCCCNNN(N)N
NNCCCNNNNN
NNCCN(C)N(N)NN
NNCCN(C)NN(N)N
NNCCN(C)NNNN
NNCCN(CN)NNN
NNCCN(N)C(N)NN
NNCCN(N)CN(N)N
NNCCN(N)CNNN
NNCCN(N)N(C)NN
NNCCN(N)NCNN
NNCCN(NC)NNN
NNCCN(NN)CNN
NNCCNC(N)(N)NN
NNCCNC(N)N(N)N
NNCCNC(N)NNN
NNCCNC(NN)NN
NNCCNCN(N)NN
NNCCNCNN(N)N
NNCCNCNNNN
NNCCNN(C)N(N)N
NNCCNN(C)NNN
NNCCNN(N)CNN
NNCCNNC(N)NN
NNCCNNCN(N)N
NNCCNNCNNN
NNCCNNN(C)NN
NNCCNNNCNN
NNCN(C(N)C)NNN
NNCN(C(N)N)CNN
NNCN(C)C(N)(N)NN
NNCN(C)C(N)N(N)N
NNCN(C)C(N)NNN
NNCN(C)C(NN)NN
NNCN(C)CN(N)NN
NNCN(C)CNN(N)N
NNCN(C)CNNNN
NNCN(C)N(C)N(N)N
NNCN(C)N(C)NNN
NNCN(C)NC(N)NN
NNCN(C)NCN(N)N
NNCN(C)NCNNN
NNCN(C)NN(C)NN
NNCN(CC)N(N)NN
NNCN(CC)NN(N)N
NNCN(CC)NNNN
NNCN(CN)C(N)NN
NNCN(CN)CN(N)N
NNCN(CN)CNNN
NNCN(CN)N(C)NN
NNCN(CNN)CNN
NNCN(N(C)C)NNN
NNCN(N(N)C)CNN
NNCN(N)C(C)(N)NN
NNCN(N)C(C)N(N)N
NNCN(N)C(C)NNN
NNCN(N)CC(N)NN
NNCN(N)CCN(N)N
NNCN(N)CCNNN
NNCN(N)CN(C)NN
NNCN(N)N(C)CNN
NNCN(N)NC(C)NN
NNCN(NC)C(N)NN
NNCN(NC)CN(N)N
NNCN(NC)CNNN
NNCN(NC)N(C)NN
NNCN(NN)C(C)NN
NNCNC(C)(N)N(N)N
NNCNC(C)(N)NNN
NNCNC(C)(NN)NN
NNCNC(C)N(N)NN
NNCNC(C)NN(N)N
NNCNC(C)NNNN
NNCNC(CN)NNN
NNCNC(N)C(N)NN
NNCNC(N)CN(N)N
NNCNC(N)CNNN
NNCNC(N)N(C)NN
NNCNC(N)NCNN
NNCNC(NC)NNN
NNCNCC(N)(N)NN
NNCNCC(N)N(N)N
NNCNCC(N)NNN
NNCNCC(NN)NN
NNCNCCN(N)NN
NNCNCCNN(N)N
NNCNCCNNNN
NNCNCN(C)N(N)N
NNCNCN(C)NNN
NNCNCN(N)CNN
NNCNCNC(N)NN
NNCNCNCN(N)N
NNCNCNCNNN
NNCNCNN(C)NN
NNCNCNNCNN
NNCNN(C)C(N)NN
NNCNN(C)CN(N)N
NNCNN(C)CNNN
NNCNN(C)N(C)NN
NNCNN(C)NCNN
NNCNN(CC)NNN
NNCNN(CN)CNN
NNCNN(N)C(C)NN
NNCNN(NC)CNN
NNCNNC(C)(N)NN
NNCNNC(C)N(N)N
NNCNNC(C)NNN
NNCNNCC(N)NN
NNCNNCCN(N)N
NNCNNCCNNN
NNCNNCN(C)NN
NNCNNN(C)CNN
NNCNNNC(C)NN
NNN(C)C(C)(N)N(N)N
NNN(C)C(C)N(N)NN
NNN(C)C(C)NN(N)N
NNN(C)C(N)CN(N)N
NNN(C)C(N)N(C)NN
NNN(C)CC(N)N(N)N
NNN(C)CCN(N)NN
NNN(C)CCNN(N)N
NNN(C)CN(C)N(N)N
NNN(C)CNCN(N)N
NNN(C)CNN(C)NN
NNN(C)N(C)CN(N)N
NNN(C)N(C)N(C)NN
NNN(C)NC(C)N(N)N
NNN(C)NCCN(N)N
NNN(N)C(C)(C)N(N)N
NNN(N)C(C)CN(N)N
NNN(N)CC(C)N(N)N
NNN(N)CCCN(N)N
NNNC(C(N)C)NNN
NNNC(C)(C)N(N)NN
NNNC(C)(C)NN(N)N
NNNC(C)(C)NNNN
NNNC(C)(CN)NNN
NNNC(C)(N)CN(N)N
NNNC(C)(N)N(C)NN
NNNC(C)(NC)NNN
NNNC(C)C(N)N(N)N
NNNC(C)C(N)NNN
NNNC(C)CN(N)NN
NNNC(C)CNN(N)N
NNNC(C)CNNNN
NNNC(C)N(C)N(N)N
NNNC(C)N(C)NNN
NNNC(C)NCN(N)N
NNNC(C)NN(C)NN
NNNC(CC)(N)NNN
NNNC(CC)N(N)NN
NNNC(CC)NN(N)N
NNNC(CC)NNNN
NNNC(CN)CN(N)N
NNNC(CN)N(C)NN
NNNC(N(C)C)NNN
NNNC(N)C(C)N(N)N
NNNC(N)CCN(N)N
NNNC(N)CN(C)NN
NNNC(NC)CN(N)N
NNNC(NC)N(C)NN
NNNCC(C)(N)N(N)N
NNNCC(C)(N)NNN
NNNCC(C)N(N)NN
NNNCC(C)NN(N)N
NNNCC(C)NNNN
NNNCC(CN)NNN
NNNCC(N)CN(N)N
NNNCC(N)CNNN
NNNCC(N)N(C)NN
NNNCC(NC)NNN
NNNCCC(N)N(N)N
NNNCCC(N)NNN
NNNCCCN(N)NN
NNNCCCNN(N)N
NNNCCCNNNN
NNNCCN(C)N(N)N
NNNCCN(C)NNN
NNNCCNCN(N)N
NNNCCNCNNN
NNNCCNN(C)NN
NNNCN(C)CN(N)N
NNNCN(C)CNNN
NNNCN(C)N(C)NN
NNNCN(CC)NNN
NNNCNC(C)N(N)N
NNNCNC(C)NNN
NNNCNCCN(N)N
NNNCNCN(C)NN
NNNN(C(C)C)NNN
NNNN(C)C(C)N(N)N
NNNN(C)CCN(N)N
NNNN(C)CN(C)NN
NNNN(CC)CN(N)N
NNNN(CC)N(C)NN
NNNNC(C)(C)N(N)N
NNNNC(C)CN(N)N
NNNNC(C)N(C)NN
NNNNCC(C)N(N)N
NNNNCCCN(N)N
NNNNCCN(C)NN
