CC(C)(O)OOOOOO
CC(C)OOOOOOO
CC(O)(O)C(O)(O)OOO
CC(O)(O)C(O)(OO)OO
CC(O)(O)C(O)OOOO
CC(O)(O)C(OO)OOO
CC(O)(O)COOOOO
CC(O)(O)OC(O)(O)OO
CC(O)(O)OC(O)OOO
CC(O)(O)OC(OO)OO
CC(O)(O)OCOOOO
CC(O)(O)OOC(O)(O)O
CC(O)(O)OOC(O)OO
CC(O)(O)OOCOOO
CC(O)(O)OOOC(O)O
CC(O)(O)OOOCOO
CC(O)(O)OOOOCO
CC(O)C(O)(O)OOOO
CC(O)C(O)(OO)OOO
CC(O)C(O)OOOOO
CC(O)C(OO)(OO)OO
CC(O)C(OO)OOOO
CC(O)COOOOOO
CC(O)OC(O)(O)OOO
CC(O)OC(O)(OO)OO
CC(O)OC(O)OOOO
CC(O)OC(OO)OOO
CC(O)OCOOOOO
CC(O)OOC(O)(O)OO
CC(O)OOC(O)OOO
CC(O)OOC(OO)OO
CC(O)OOCOOOO
CC(O)OOOC(O)(O)O
CC(O)OOOC(O)OO
CC(O)OOOCOOO
CC(O)OOOOC(O)O
CC(O)OOOOCOO
CC(O)OOOOOCO
CCC(O)(O)OOOOO
CCC(O)(OO)OOOO
CCC(O)OOOOOO
CCC(OO)(OO)OOO
CCC(OO)OOOOO
CCCOOOOOOO
CCOC(O)(O)OOOO
CCOC(O)(OO)OOO
CCOC(O)OOOOO
CCOC(OO)(OO)OO
CCOC(OO)OOOO
CCOC(OOO)OOO
CCOCOOOOOO
CCOOC(O)(O)OOO
CCOOC(O)(OO)OO
CCOOC(O)OOOO
CCOOC(OO)OOO
CCOOCOOOOO
CCOOOC(O)(O)OO
CCOOOC(O)OOO
CCOOOC(OO)OO
CCOOOCOOOO
CCOOOOC(O)(O)O
CCOOOOC(O)OO
CCOOOOCOOO
CCOOOOOC(O)O
CCOOOOOCOO
CCOOOOOOCO
COC(C(O)(O)O)OOO
COC(C(O)O)(O)OOO
COC(C(O)O)OOOO
COC(C)(O)OOOOO
COC(C)(OO)OOOO
COC(C)OOOOOO
COC(CO)(O)OOOO
COC(CO)(OO)OOO
COC(CO)OOOOO
COC(O)(O)C(O)(O)OO
COC(O)(O)C(O)OOO
COC(O)(O)C(OO)OO
COC(O)(O)COOOO
COC(O)(O)OC(O)(O)O
COC(O)(O)OC(O)OO
COC(O)(O)OCOOO
COC(O)(O)OOC(O)O
COC(O)(O)OOCOO
COC(O)(O)OOOCO
COC(O)(OC)OOOO
COC(O)(OO)C(O)(O)O
COC(O)(OO)C(O)OO
COC(O)(OO)COOO
COC(O)(OO)OC(O)O
COC(O)(OO)OCOO
COC(O)(OO)OOCO
COC(O)C(O)(O)OOO
COC(O)C(O)(OO)OO
COC(O)C(O)OOOO
COC(O)C(OO)OOO
COC(O)COOOOO
COC(O)OC(O)(O)OO
COC(O)OC(O)OOO
COC(O)OC(OO)OO
COC(O)OCOOOO
COC(O)OOC(O)(O)O
COC(O)OOC(O)OO
COC(O)OOCOOO
COC(O)OOOC(O)O
COC(O)OOOCOO
COC(O)OOOOCO
COC(OC)(OO)OOO
COC(OC)OOOOO
COC(OO)(OO)C(O)O
COC(OO)(OO)COO
COC(OO)(OO)OCO
COC(OO)C(O)(O)OO
COC(OO)C(O)OOO
COC(OO)C(OO)OO
COC(OO)COOOO
COC(OO)OC(O)(O)O
COC(OO)OC(O)OO
COC(OO)OCOOO
COC(OO)OOC(O)O
COC(OO)OOCOO
COC(OO)OOOCO
COCC(O)(O)OOOO
COCC(O)(OO)OOO
COCC(O)OOOOO
COCC(OO)(OO)OO
COCC(OO)OOOO
COCC(OOO)OOO
COCCOOOOOO
COCOC(O)(O)OOO
COCOC(O)(OO)OO
COCOC(O)OOOO
COCOC(OO)OOO
COCOCOOOOO
COCOOC(O)(O)OO
COCOOC(O)OOO
COCOOC(OO)OO
COCOOCOOOO
COCOOOC(O)(O)O
COCOOOC(O)OO
COCOOOCOOO
COCOOOOC(O)O
COCOOOOCOO
COCOOOOOCO
COOC(C(O)O)OOO
COOC(C)(O)OOOO
COOC(C)(OO)OOO
COOC(C)OOOOO
COOC(CO)(O)OOO
COOC(CO)OOOO
COOC(O)(O)C(O)(O)O
COOC(O)(O)C(O)OO
COOC(O)(O)COOO
COOC(O)(O)OC(O)O
COOC(O)(O)OCOO
COOC(O)(O)OOCO
COOC(O)(OC)OOO
COOC(O)(OO)C(O)O
COOC(O)(OO)COO
COOC(O)(OO)OCO
COOC(O)(OO)OOC
COOC(O)C(O)(O)OO
COOC(O)C(O)OOO
COOC(O)C(OO)OO
COOC(O)COOOO
COOC(O)OC(O)(O)O
COOC(O)OC(O)OO
COOC(O)OCOOO
COOC(O)OOC(O)O
COOC(O)OOCOO
COOC(O)OOOCO
COOC(OC)OOOO
COOC(OO)(OO)CO
COOC(OO)(OO)OC
COOC(OO)C(O)(O)O
COOC(OO)C(O)OO
COOC(OO)COOO
COOC(OO)OC(O)O
COOC(OO)OCOO
COOC(OO)OOCO
COOC(OOC)OOO
COOC(OOO)COO
COOC(OOO)OCO
COOCC(O)(O)OOO
COOCC(O)(OO)OO
COOCC(O)OOOO
COOCC(OO)OOO
COOCCOOOOO
COOCOC(O)(O)OO
COOCOC(O)OOO
COOCOC(OO)OO
COOCOCOOOO
COOCOOC(O)(O)O
COOCOOC(O)OO
COOCOOCOOO
COOCOOOC(O)O
COOCOOOCOO
COOCOOOOCO
COOOC(C)(O)OOO
COOOC(C)(OO)OO
COOOC(C)OOOO
COOOC(CO)OOO
COOOC(O)(O)C(O)O
COOOC(O)(O)COO
COOOC(O)(O)OCO
COOOC(O)(O)OOC
COOOC(O)(OO)CO
COOOC(O)(OO)OC
COOOC(O)C(O)(O)O
COOOC(O)C(O)OO
COOOC(O)COOO
COOOC(O)OC(O)O
COOOC(O)OCOO
COOOC(O)OOCO
COOOC(O)OOOC
COOOC(OC)OOO
COOOC(OO)C(O)O
COOOC(OO)COO
COOOC(OO)OCO
COOOC(OO)OOC
COOOCC(O)(O)OO
COOOCC(O)OOO
COOOCC(OO)OO
COOOCCOOOO
COOOCOC(O)(O)O
COOOCOC(O)OO
COOOCOCOOO
COOOCOOC(O)O
COOOCOOCOO
COOOCOOOCO
COOOOC(C)(O)OO
COOOOC(C)OOO
COOOOC(O)(O)CO
COOOOC(O)(O)OC
COOOOC(O)C(O)O
COOOOC(O)COO
COOOOC(O)OCO
COOOOC(O)OOC
COOOOC(OO)CO
COOOOC(OO)OC
COOOOCC(O)(O)O
COOOOCC(O)OO
COOOOCCOOO
COOOOCOC(O)O
COOOOCOCOO
COOOOCOOCO
COOOOCOOOC
COOOOOC(C)OO
COOOOOC(O)(O)C
COOOOOC(O)CO
COOOOOC(O)OC
COOOOOCC(O)O
COOOOOCCOO
COOOOOCOCO
COOOOOCOOC
COOOOOOC(O)C
COOOOOOCCO
COOOOOOCOC
COOOOOOOCC
OC(O)(O)C(O)C(O)(O)O
OC(O)(O)OCC(O)(O)O
OC(O)C(O)(O)C(O)(O)O
OC(O)C(O)OC(O)(O)O
OC(O)COOC(O)(O)O
OC(O)OC(O)(O)C(O)O
OC(O)OC(O)C(O)(O)O
OC(O)OC(O)OC(O)O
OC(O)OCOC(O)(O)O
OC(O)OOC(O)C(O)O
OC(O)OOCC(O)(O)O
OC(O)OOCOC(O)O
OC(O)OOOCC(O)O
OCC(O)(O)OC(O)(O)O
OCC(O)(O)OOC(O)O
OCC(O)OOC(O)(O)O
OCC(O)OOOC(O)O
OCCOOOC(O)(O)O
OCCOOOOC(O)O
OCOC(O)(O)C(O)(O)O
OCOC(O)(O)OC(O)O
OCOC(O)(OO)OCO
OCOC(O)OC(O)(O)O
OCOC(O)OOC(O)O
OCOC(OO)OC(O)O
OCOCOOC(O)(O)O
OCOCOOOC(O)O
OCOOC(O)(O)C(O)O
OCOOC(O)(O)OCO
OCOOC(O)C(O)(O)O
OCOOC(O)OC(O)O
OCOOC(O)OOCO
OCOOC(OO)OCO
OCOOCOC(O)(O)O
OCOOCOOC(O)O
OCOOOC(O)(O)CO
OCOOOC(O)C(O)O
OCOOOC(O)OCO
OCOOOCC(O)(O)O
OCOOOCOC(O)O
OCOOOCOOCO
OCOOOOC(O)CO
OCOOOOCC(O)O
OCOOOOCOCO
OCOOOOOCCO
OOC(C(O)(O)O)(O)CO
OOC(C(O)(O)O)C(O)O
OOC(C(O)(O)O)OCO
OOC(C(O)O)(O)C(O)O
OOC(C(O)O)(O)OCO
OOC(C(O)O)(OO)CO
OOC(C(O)O)C(O)OO
OOC(C(O)O)OC(O)O
OOC(C(O)O)OOCO
OOC(C)(O)C(O)(O)OO
OOC(C)(O)OC(O)(O)O
OOC(C)(O)OOC(O)O
OOC(C)(O)OOOCO
OOC(C)(OO)C(O)(O)O
OOC(C)(OO)OC(O)O
OOC(C)(OO)OOCO
OOC(C)C(O)(OO)OO
OOC(C)OC(O)(O)OO
OOC(C)OOC(O)(O)O
OOC(C)OOOC(O)O
OOC(C)OOOOCO
OOC(CO)(O)OC(O)O
OOC(CO)(O)OOCO
OOC(CO)(OO)OCO
OOC(CO)C(O)(O)OO
OOC(CO)C(OO)OO
OOC(CO)OC(O)(O)O
OOC(CO)OOC(O)O
OOC(CO)OOOCO
OOC(O)(O)C(O)(O)CO
OOC(O)(O)C(O)C(O)O
OOC(O)(O)C(O)OCO
OOC(O)(O)CC(O)(O)O
OOC(O)(O)COC(O)O
OOC(O)(O)COOCO
OOC(O)(O)OC(O)CO
OOC(O)(O)OCC(O)O
OOC(O)(O)OCOCO
OOC(O)(O)OOCCO
OOC(O)(OO)C(O)CO
OOC(O)(OO)CC(O)O
OOC(O)(OO)COCO
OOC(O)(OO)OCCO
OOC(O)C(C)(OO)OO
OOC(O)C(O)(O)C(O)O
OOC(O)C(O)(O)OCO
OOC(O)C(O)(OO)CO
OOC(O)C(O)C(O)(O)O
OOC(O)C(O)C(O)OO
OOC(O)C(O)OC(O)O
OOC(O)C(O)OOCO
OOC(O)C(OO)OCO
OOC(O)CC(O)(O)OO
OOC(O)COC(O)(O)O
OOC(O)COOC(O)O
OOC(O)COOOCO
OOC(O)OC(C)(O)OO
OOC(O)OC(O)(O)CO
OOC(O)OC(O)C(O)O
OOC(O)OC(O)OCO
OOC(O)OC(OO)CO
OOC(O)OCC(O)(O)O
OOC(O)OCC(O)OO
OOC(O)OCOC(O)O
OOC(O)OCOOCO
OOC(O)OOC(C)OO
OOC(O)OOC(O)CO
OOC(O)OOCC(O)O
OOC(O)OOCOCO
OOC(O)OOOCCO
OOC(OO)(OO)CCO
OOC(OO)C(C)(O)OO
OOC(OO)C(O)(O)CO
OOC(OO)C(O)C(O)O
OOC(OO)C(O)OCO
OOC(OO)CC(O)(O)O
OOC(OO)CC(O)OO
OOC(OO)COC(O)O
OOC(OO)COOCO
OOC(OO)OC(C)OO
OOC(OO)OC(O)CO
OOC(OO)OCC(O)O
OOC(OO)OCOCO
OOC(OO)OOCCO
OOCC(O)(O)C(O)(O)O
OOCC(O)(O)C(O)OO
OOCC(O)(O)OC(O)O
OOCC(O)(O)OOCO
OOCC(O)(OO)C(O)O
OOCC(O)(OO)COO
OOCC(O)(OO)OCO
OOCC(O)C(O)(O)OO
OOCC(O)C(OO)OO
OOCC(O)OC(O)(O)O
OOCC(O)OC(O)OO
OOCC(O)OOC(O)O
OOCC(O)OOOCO
OOCC(OO)(OO)CO
OOCC(OO)C(O)(O)O
OOCC(OO)C(O)OO
OOCC(OO)OC(O)O
OOCC(OO)OOCO
OOCCC(O)(OO)OO
OOCCOC(O)(O)OO
OOCCOC(OO)OO
OOCCOOC(O)(O)O
OOCCOOC(O)OO
OOCCOOOC(O)O
OOCCOOOOCO
OOCOC(C)(OO)OO
OOCOC(O)(O)C(O)O
OOCOC(O)(O)COO
OOCOC(O)(O)OCO
OOCOC(O)(OO)CO
OOCOC(O)C(O)(O)O
OOCOC(O)C(O)OO
OOCOC(O)OC(O)O
OOCOC(O)OCOO
OOCOC(O)OOCO
OOCOC(OO)C(O)O
OOCOC(OO)COO
OOCOC(OO)OCO
OOCOCC(O)(O)OO
OOCOCC(OO)OO
OOCOCOC(O)(O)O
OOCOCOC(O)OO
OOCOCOOC(O)O
OOCOCOOOCO
OOCOOC(C)(O)OO
OOCOOC(O)(O)CO
OOCOOC(O)C(O)O
OOCOOC(O)COO
OOCOOC(O)OCO
OOCOOC(OO)CO
OOCOOCC(O)(O)O
OOCOOCC(O)OO
OOCOOCOC(O)O
OOCOOCOCOO
OOCOOCOOCO
OOCOOOC(C)OO
OOCOOOC(O)CO
OOCOOOCC(O)O
OOCOOOCCOO
OOCOOOCOCO
OOCOOOOCCO
OOOC(C(O)(O)O)CO
OOOC(C(O)C)OOO
OOOC(C(O)O)(O)CO
OOOC(C(O)O)C(O)O
OOOC(C(O)O)COO
OOOC(C(O)O)OCO
OOOC(C)(CO)OOO
OOOC(C)(O)C(O)(O)O
OOOC(C)(O)C(O)OO
OOOC(C)(O)OC(O)O
OOOC(C)(O)OCOO
OOOC(C)(O)OOCO
OOOC(C)(OC)OOO
OOOC(C)(OO)C(O)O
OOOC(C)(OO)COO
OOOC(C)(OO)OCO
OOOC(C)C(O)(O)OO
OOOC(C)C(O)OOO
OOOC(C)C(OO)OO
OOOC(C)OC(O)(O)O
OOOC(C)OC(O)OO
OOOC(C)OOC(O)O
OOOC(C)OOCOO
OOOC(C)OOOCO
OOOC(CC)(O)OOO
OOOC(CO)(O)COO
OOOC(CO)(O)OCO
OOOC(CO)(OO)CO
OOOC(CO)C(O)OO
OOOC(CO)OC(O)O
OOOC(CO)OCOO
OOOC(CO)OOCO
OOOC(COO)COO
OOOC(O)(O)C(C)OO
OOOC(O)(O)C(O)CO
OOOC(O)(O)CC(O)O
OOOC(O)(O)CCOO
OOOC(O)(O)COCO
OOOC(O)(O)OCCO
OOOC(O)(OC)COO
OOOC(O)(OC)OCO
OOOC(O)(OO)CCO
OOOC(O)C(C)(O)OO
OOOC(O)C(O)(O)CO
OOOC(O)C(O)C(O)O
OOOC(O)C(O)COO
OOOC(O)C(O)OCO
OOOC(O)C(OO)CO
OOOC(O)CC(O)(O)O
OOOC(O)CC(O)OO
OOOC(O)COC(O)O
OOOC(O)COCOO
OOOC(O)COOCO
OOOC(O)OC(C)OO
OOOC(O)OC(O)CO
OOOC(O)OCC(O)O
OOOC(O)OCCOO
OOOC(O)OCOCO
OOOC(O)OOCCO
OOOC(OC)C(O)OO
OOOC(OC)OC(O)O
OOOC(OC)OCOO
OOOC(OC)OOCO
OOOC(OCO)COO
OOOC(OCO)OCO
OOOC(OO)C(C)OO
OOOC(OO)C(O)CO
OOOC(OO)CC(O)O
OOOC(OO)CCOO
OOOC(OO)COCO
OOOC(OO)OCCO
OOOC(OOO)CCO
OOOCC(C)(O)OOO
OOOCC(C)(OO)OO
OOOCC(CO)OOO
OOOCC(O)(O)C(O)O
OOOCC(O)(O)COO
OOOCC(O)(O)OCO
OOOCC(O)(OO)CO
OOOCC(O)C(O)(O)O
OOOCC(O)C(O)OO
OOOCC(O)COOO
OOOCC(O)OC(O)O
OOOCC(O)OCOO
OOOCC(O)OOCO
OOOCC(OC)OOO
OOOCC(OO)C(O)O
OOOCC(OO)COO
OOOCC(OO)OCO
OOOCCC(O)(O)OO
OOOCCC(O)OOO
OOOCCC(OO)OO
OOOCCOC(O)(O)O
OOOCCOC(O)OO
OOOCCOOC(O)O
OOOCCOOCOO
OOOCCOOOCO
OOOCOC(C)(O)OO
OOOCOC(C)OOO
OOOCOC(O)(O)CO
OOOCOC(O)C(O)O
OOOCOC(O)COO
OOOCOC(O)OCO
OOOCOC(OO)CO
OOOCOCC(O)(O)O
OOOCOCC(O)OO
OOOCOCCOOO
OOOCOCOC(O)O
OOOCOCOCOO
OOOCOCOOCO
OOOCOOC(C)OO
OOOCOOC(O)CO
OOOCOOCC(O)O
OOOCOOCCOO
OOOCOOCOCO
OOOCOOOCCO
OOOOC(C(O)O)CO
OOOOC(C)(C)OOO
OOOOC(C)(O)C(O)O
OOOOC(C)(O)COO
OOOOC(C)(O)OCO
OOOOC(C)(OO)CO
OOOOC(C)C(O)(O)O
OOOOC(C)C(O)OO
OOOOC(C)COOO
OOOOC(C)OC(O)O
OOOOC(C)OCOO
OOOOC(C)OOCO
OOOOC(CC)OOO
OOOOC(CO)(O)CO
OOOOC(CO)COO
OOOOC(CO)OCO
OOOOC(O)(O)CCO
OOOOC(O)C(C)OO
OOOOC(O)C(O)CO
OOOOC(O)CC(O)O
OOOOC(O)CCOO
OOOOC(O)COCO
OOOOC(O)OCCO
OOOOC(OC)COO
OOOOC(OC)OCO
OOOOC(OO)CCO
OOOOCC(C)(O)OO
OOOOCC(C)OOO
OOOOCC(O)(O)CO
OOOOCC(O)C(O)O
OOOOCC(O)COO
OOOOCC(O)OCO
OOOOCC(OO)CO
OOOOCCC(O)(O)O
OOOOCCC(O)OO
OOOOCCCOOO
OOOOCCOC(O)O
OOOOCCOCOO
OOOOCCOOCO
OOOOCOC(C)OO
OOOOCOC(O)CO
OOOOCOCC(O)O
OOOOCOCCOO
OOOOCOCOCO
OOOOCOOCCO
OOOOOC(C)(C)OO
OOOOOC(C)(O)CO
OOOOOC(C)C(O)O
OOOOOC(C)COO
OOOOOC(C)OCO
OOOOOC(CO)CO
OOOOOC(O)CCO
OOOOOCC(C)OO
OOOOOCC(O)CO
OOOOOCCC(O)O
OOOOOCCCOO
OOOOOCCOCO
OOOOOCOCCO
OOOOOOC(C)CO
OOOOOOCCCO
