CC(Cl)(Cl)C(Cl)(Cl)C(Cl)Cl
CC(Cl)(Cl)C(Cl)C(Cl)(Cl)Cl
CC(Cl)C(Cl)(Cl)C(Cl)(Cl)Cl
ClC(Cl)(Cl)C(C)C(Cl)(Cl)Cl
ClC(Cl)(Cl)CCC(Cl)(Cl)Cl
ClC(Cl)C(C(Cl)Cl)C(Cl)Cl
ClC(Cl)C(C)(Cl)C(Cl)(Cl)Cl
ClC(Cl)C(Cl)C(Cl)C(Cl)Cl
ClC(Cl)C(Cl)CC(Cl)(Cl)Cl
ClC(Cl)CC(Cl)(Cl)C(Cl)Cl
ClC(Cl)CC(Cl)C(Cl)(Cl)Cl
ClCC(C(Cl)(Cl)Cl)(Cl)CCl
ClCC(C(Cl)(Cl)Cl)C(Cl)Cl
ClCC(C(Cl)Cl)(Cl)C(Cl)Cl
ClCC(Cl)(Cl)C(Cl)(Cl)CCl
ClCC(Cl)(Cl)C(Cl)C(Cl)Cl
ClCC(Cl)(Cl)CC(Cl)(Cl)Cl
ClCC(Cl)C(Cl)(Cl)C(Cl)Cl
ClCC(Cl)C(Cl)C(Cl)(Cl)Cl
ClCCC(Cl)(Cl)C(Cl)(Cl)Cl
