CC(C)(C)N(N(N)N)NN
CC(C)(C)N(N)N(N)NN
CC(C)(C)N(N)NN(N)N
CC(C)(C)N(N)NNNN
CC(C)(C)N(NN)NNN
CC(C)(C)NN(N)N(N)N
CC(C)(C)NN(N)NNN
CC(C)(C)NN(NN)NN
CC(C)(C)NNN(N)NN
CC(C)(C)NNNN(N)N
CC(C)(C)NNNNNN
CC(C)(N)C(N(N)N)NN
CC(C)(N)C(N)(N)N(N)N
CC(C)(N)C(N)(N)NNN
CC(C)(N)C(N)(NN)NN
CC(C)(N)C(N)N(N)NN
CC(C)(N)C(N)NN(N)N
CC(C)(N)C(N)NNNN
CC(C)(N)C(NN)NNN
CC(C)(N)CN(N)N(N)N
CC(C)(N)CN(N)NNN
CC(C)(N)CN(NN)NN
CC(C)(N)CNN(N)NN
CC(C)(N)CNNN(N)N
CC(C)(N)CNNNNN
CC(C)(N)N(C)N(N)NN
CC(C)(N)N(C)NN(N)N
CC(C)(N)N(C)NNNN
CC(C)(N)N(CN)NNN
CC(C)(N)N(N(N)C)NN
CC(C)(N)N(N(N)N)CN
CC(C)(N)N(N(N)N)NC
CC(C)(N)N(N)C(N)(N)N
CC(C)(N)N(N)C(N)NN
CC(C)(N)N(N)CN(N)N
CC(C)(N)N(N)CNNN
CC(C)(N)N(N)N(C)NN
CC(C)(N)N(N)N(N)CN
CC(C)(N)N(N)N(N)NC
CC(C)(N)N(N)NC(N)N
CC(C)(N)N(N)NCNN
CC(C)(N)N(N)NN(N)C
CC(C)(N)N(N)NNCN
CC(C)(N)N(N)NNNC
CC(C)(N)N(NC)NNN
CC(C)(N)N(NN)C(N)N
CC(C)(N)N(NN)CNN
CC(C)(N)N(NN)NCN
CC(C)(N)N(NN)NNC
CC(C)(N)NC(N)(N)NN
CC(C)(N)NC(N)N(N)N
CC(C)(N)NC(N)NNN
CC(C)(N)NC(NN)NN
CC(C)(N)NCN(N)NN
CC(C)(N)NCNN(N)N
CC(C)(N)NCNNNN
CC(C)(N)NN(C)N(N)N
CC(C)(N)NN(C)NNN
CC(C)(N)NN(N)C(N)N
CC(C)(N)NN(N)CNN
CC(C)(N)NN(N)N(N)C
CC(C)(N)NN(N)NCN
CC(C)(N)NN(N)NNC
CC(C)(N)NN(NC)NN
CC(C)(N)NN(NN)CN
CC(C)(N)NNC(N)(N)N
CC(C)(N)NNC(N)NN
CC(C)(N)NNCN(N)N
CC(C)(N)NNCNNN
CC(C)(N)NNN(C)NN
CC(C)(N)NNN(N)CN
CC(C)(N)NNN(N)NC
CC(C)(N)NNNC(N)N
CC(C)(N)NNNCNN
CC(C)(N)NNNN(N)C
CC(C)(N)NNNNCN
CC(C)(N)NNNNNC
CC(C)C(N(N)N)N(N)N
CC(C)C(N(N)N)NNN
CC(C)C(N)(N(N)N)NN
CC(C)C(N)(N)N(N)NN
CC(C)C(N)(N)NN(N)N
CC(C)C(N)(N)NNNN
CC(C)C(N)(NN)NNN
CC(C)C(N)N(N)N(N)N
CC(C)C(N)N(N)NNN
CC(C)C(N)N(NN)NN
CC(C)C(N)NN(N)NN
CC(C)C(N)NNN(N)N
CC(C)C(N)NNNNN
CC(C)C(NN)(NN)NN
CC(C)C(NN)N(N)NN
CC(C)C(NN)NN(N)N
CC(C)C(NN)NNNN
CC(C)CN(N(N)N)NN
CC(C)CN(N)N(N)NN
CC(C)CN(N)NN(N)N
CC(C)CN(N)NNNN
CC(C)CN(NN)NNN
CC(C)CNN(N)N(N)N
CC(C)CNN(N)NNN
CC(C)CNN(NN)NN
CC(C)CNNN(N)NN
CC(C)CNNNN(N)N
CC(C)CNNNNNN
CC(C)N(C(N)N)NNN
CC(C)N(C)N(N)N(N)N
CC(C)N(C)N(N)NNN
CC(C)N(C)N(NN)NN
CC(C)N(C)NN(N)NN
CC(C)N(C)NNN(N)N
CC(C)N(C)NNNNN
CC(C)N(CN)N(N)NN
CC(C)N(CN)NN(N)N
CC(C)N(CN)NNNN
CC(C)N(N(N)C)N(N)N
CC(C)N(N(N)C)NNN
CC(C)N(N(N)N)C(N)N
CC(C)N(N(N)N)CNN
CC(C)N(N(N)N)NCN
CC(C)N(N(N)N)NNC
CC(C)N(N)C(N)(N)NN
CC(C)N(N)C(N)N(N)N
CC(C)N(N)C(N)NNN
CC(C)N(N)C(NN)NN
CC(C)N(N)CN(N)NN
CC(C)N(N)CNN(N)N
CC(C)N(N)CNNNN
CC(C)N(N)N(C)N(N)N
CC(C)N(N)N(C)NNN
CC(C)N(N)N(N)C(N)N
CC(C)N(N)N(N)CNN
CC(C)N(N)N(N)N(N)C
CC(C)N(N)N(N)NCN
CC(C)N(N)N(N)NNC
CC(C)N(N)N(NC)NN
CC(C)N(N)N(NN)CN
CC(C)N(N)NC(N)(N)N
CC(C)N(N)NC(N)NN
CC(C)N(N)NCN(N)N
CC(C)N(N)NCNNN
CC(C)N(N)NN(C)NN
CC(C)N(N)NN(N)CN
CC(C)N(N)NN(N)NC
CC(C)N(N)NNC(N)N
CC(C)N(N)NNCNN
CC(C)N(N)NNN(N)C
CC(C)N(N)NNNCN
CC(C)N(N)NNNNC
CC(C)N(NC)N(N)NN
CC(C)N(NC)NN(N)N
CC(C)N(NC)NNNN
CC(C)N(NN)C(N)(N)N
CC(C)N(NN)C(N)NN
CC(C)N(NN)CN(N)N
CC(C)N(NN)CNNN
CC(C)N(NN)N(C)NN
CC(C)N(NN)N(N)CN
CC(C)N(NN)N(N)NC
CC(C)N(NN)NC(N)N
CC(C)N(NN)NCNN
CC(C)N(NN)NN(N)C
CC(C)N(NN)NNCN
CC(C)N(NN)NNNC
CC(C)NC(N(N)N)NN
CC(C)NC(N)(N)N(N)N
CC(C)NC(N)(N)NNN
CC(C)NC(N)(NN)NN
CC(C)NC(N)N(N)NN
CC(C)NC(N)NN(N)N
CC(C)NC(N)NNNN
CC(C)NC(NN)NNN
CC(C)NCN(N)N(N)N
CC(C)NCN(N)NNN
CC(C)NCN(NN)NN
CC(C)NCNN(N)NN
CC(C)NCNNN(N)N
CC(C)NCNNNNN
CC(C)NN(C)N(N)NN
CC(C)NN(C)NN(N)N
CC(C)NN(C)NNNN
CC(C)NN(CN)NNN
CC(C)NN(N(N)C)NN
CC(C)NN(N(N)N)CN
CC(C)NN(N(N)N)NC
CC(C)NN(N)C(N)(N)N
CC(C)NN(N)C(N)NN
CC(C)NN(N)CN(N)N
CC(C)NN(N)CNNN
CC(C)NN(N)N(C)NN
CC(C)NN(N)N(N)CN
CC(C)NN(N)N(N)NC
CC(C)NN(N)NC(N)N
CC(C)NN(N)NCNN
CC(C)NN(N)NN(N)C
CC(C)NN(N)NNCN
CC(C)NN(N)NNNC
CC(C)NN(NC)NNN
CC(C)NN(NN)C(N)N
CC(C)NN(NN)CNN
CC(C)NN(NN)NCN
CC(C)NN(NN)NNC
CC(C)NNC(N)(N)NN
CC(C)NNC(N)N(N)N
CC(C)NNC(N)NNN
CC(C)NNC(NN)NN
CC(C)NNCN(N)NN
CC(C)NNCNN(N)N
CC(C)NNCNNNN
CC(C)NNN(C)N(N)N
CC(C)NNN(C)NNN
CC(C)NNN(N)C(N)N
CC(C)NNN(N)CNN
CC(C)NNN(N)N(N)C
CC(C)NNN(N)NCN
CC(C)NNN(N)NNC
CC(C)NNN(NC)NN
CC(C)NNN(NN)CN
CC(C)NNNC(N)(N)N
CC(C)NNNC(N)NN
CC(C)NNNCN(N)N
CC(C)NNNCNNN
CC(C)NNNN(C)NN
CC(C)NNNN(N)CN
CC(C)NNNN(N)NC
CC(C)NNNNC(N)N
CC(C)NNNNCNN
CC(C)NNNNN(N)C
CC(C)NNNNNCN
CC(C)NNNNNNC
CC(N)(N)C(C)(N)N(N)N
CC(N)(N)C(C)(N)NNN
CC(N)(N)C(C)(NN)NN
CC(N)(N)C(C)N(N)NN
CC(N)(N)C(C)NN(N)N
CC(N)(N)C(C)NNNN
CC(N)(N)C(CN)NNN
CC(N)(N)C(N(N)C)NN
CC(N)(N)C(N(N)N)CN
CC(N)(N)C(N(N)N)NC
CC(N)(N)C(N)(N)C(N)N
CC(N)(N)C(N)(N)CNN
CC(N)(N)C(N)(N)N(N)C
CC(N)(N)C(N)(N)NCN
CC(N)(N)C(N)(N)NNC
CC(N)(N)C(N)(NN)CN
CC(N)(N)C(N)(NN)NC
CC(N)(N)C(N)C(N)(N)N
CC(N)(N)C(N)C(N)NN
CC(N)(N)C(N)CN(N)N
CC(N)(N)C(N)CNNN
CC(N)(N)C(N)N(C)NN
CC(N)(N)C(N)N(N)CN
CC(N)(N)C(N)N(N)NC
CC(N)(N)C(N)NC(N)N
CC(N)(N)C(N)NCNN
CC(N)(N)C(N)NN(N)C
CC(N)(N)C(N)NNCN
CC(N)(N)C(N)NNNC
CC(N)(N)C(NC)NNN
CC(N)(N)C(NN)C(N)N
CC(N)(N)C(NN)CNN
CC(N)(N)C(NN)NCN
CC(N)(N)C(NN)NNC
CC(N)(N)CC(N)(N)NN
CC(N)(N)CC(N)N(N)N
CC(N)(N)CC(N)NNN
CC(N)(N)CC(NN)NN
CC(N)(N)CCN(N)NN
CC(N)(N)CCNN(N)N
CC(N)(N)CCNNNN
CC(N)(N)CN(C)N(N)N
CC(N)(N)CN(C)NNN
CC(N)(N)CN(N)C(N)N
CC(N)(N)CN(N)CNN
CC(N)(N)CN(N)N(N)C
CC(N)(N)CN(N)NCN
CC(N)(N)CN(N)NNC
CC(N)(N)CN(NC)NN
CC(N)(N)CN(NN)CN
CC(N)(N)CNC(N)(N)N
CC(N)(N)CNC(N)NN
CC(N)(N)CNCN(N)N
CC(N)(N)CNCNNN
CC(N)(N)CNN(C)NN
CC(N)(N)CNN(N)CN
CC(N)(N)CNN(N)NC
CC(N)(N)CNNC(N)N
CC(N)(N)CNNCNN
CC(N)(N)CNNN(N)C
CC(N)(N)CNNNCN
CC(N)(N)CNNNNC
CC(N)(N)N(C(N)N)CN
CC(N)(N)N(C)C(N)(N)N
CC(N)(N)N(C)C(N)NN
CC(N)(N)N(C)CN(N)N
CC(N)(N)N(C)CNNN
CC(N)(N)N(C)N(C)NN
CC(N)(N)N(C)N(N)CN
CC(N)(N)N(C)N(N)NC
CC(N)(N)N(C)NC(N)N
CC(N)(N)N(C)NCNN
CC(N)(N)N(C)NN(N)C
CC(N)(N)N(C)NNCN
CC(N)(N)N(C)NNNC
CC(N)(N)N(CN)CNN
CC(N)(N)N(CN)NCN
CC(N)(N)N(CN)NNC
CC(N)(N)N(N(C)C)NN
CC(N)(N)N(N(N)C)CN
CC(N)(N)N(N(N)C)NC
CC(N)(N)N(N)C(C)NN
CC(N)(N)N(N)C(N)(N)C
CC(N)(N)N(N)C(N)CN
CC(N)(N)N(N)C(N)NC
CC(N)(N)N(N)CC(N)N
CC(N)(N)N(N)CCNN
CC(N)(N)N(N)CN(N)C
CC(N)(N)N(N)CNCN
CC(N)(N)N(N)CNNC
CC(N)(N)N(N)N(C)CN
CC(N)(N)N(N)N(C)NC
CC(N)(N)N(N)NCCN
CC(N)(N)N(N)NCNC
CC(N)(N)N(N)NN(C)C
CC(N)(N)N(NC)C(N)N
CC(N)(N)N(NC)CNN
CC(N)(N)N(NC)NCN
CC(N)(N)N(NC)NNC
CC(N)(N)N(NN)CCN
CC(N)(N)N(NN)CNC
CC(N)(N)NC(C)(N)NN
CC(N)(N)NC(C)N(N)N
CC(N)(N)NC(C)NNN
CC(N)(N)NC(N)(N)CN
CC(N)(N)NC(N)(N)NC
CC(N)(N)NC(N)C(N)N
CC(N)(N)NC(N)CNN
CC(N)(N)NC(N)N(N)C
CC(N)(N)NC(N)NCN
CC(N)(N)NC(N)NNC
CC(N)(N)NC(NN)CN
CC(N)(N)NC(NN)NC
CC(N)(N)NCC(N)(N)N
CC(N)(N)NCC(N)NN
CC(N)(N)NCCN(N)N
CC(N)(N)NCCNNN
CC(N)(N)NCN(C)NN
CC(N)(N)NCN(N)CN
CC(N)(N)NCN(N)NC
CC(N)(N)NCNC(N)N
CC(N)(N)NCNCNN
CC(N)(N)NCNN(N)C
CC(N)(N)NCNNCN
CC(N)(N)NCNNNC
CC(N)(N)NN(C)C(N)N
CC(N)(N)NN(C)CNN
CC(N)(N)NN(C)N(N)C
CC(N)(N)NN(C)NCN
CC(N)(N)NN(C)NNC
CC(N)(N)NN(CN)CN
CC(N)(N)NN(N)CCN
CC(N)(N)NN(N)CNC
CC(N)(N)NN(N)N(C)C
CC(N)(N)NN(NC)CN
CC(N)(N)NN(NC)NC
CC(N)(N)NNC(C)NN
CC(N)(N)NNC(N)(N)C
CC(N)(N)NNC(N)CN
CC(N)(N)NNC(N)NC
CC(N)(N)NNCC(N)N
CC(N)(N)NNCCNN
CC(N)(N)NNCN(N)C
CC(N)(N)NNCNCN
CC(N)(N)NNCNNC
CC(N)(N)NNN(C)CN
CC(N)(N)NNN(C)NC
CC(N)(N)NNNCCN
CC(N)(N)NNNCNC
CC(N)(N)NNNN(C)C
CC(N)C(C(N)N)NNN
CC(N)C(C)(N(N)N)NN
CC(N)C(C)(N)N(N)NN
CC(N)C(C)(N)NN(N)N
CC(N)C(C)(N)NNNN
CC(N)C(C)(NN)NNN
CC(N)C(C)N(N)N(N)N
CC(N)C(C)N(N)NNN
CC(N)C(C)N(NN)NN
CC(N)C(C)NN(N)NN
CC(N)C(C)NNN(N)N
CC(N)C(C)NNNNN
CC(N)C(CN)(N)NNN
CC(N)C(CN)N(N)NN
CC(N)C(CN)NN(N)N
CC(N)C(CN)NNNN
CC(N)C(N(N)C)NNN
CC(N)C(N(N)N)C(N)N
CC(N)C(N(N)N)CNN
CC(N)C(N(N)N)N(N)C
CC(N)C(N(N)N)NCN
CC(N)C(N(N)N)NNC
CC(N)C(N)(N(N)C)NN
CC(N)C(N)(N(N)N)CN
CC(N)C(N)(N(N)N)NC
CC(N)C(N)(N)C(N)(N)N
CC(N)C(N)(N)C(N)NN
CC(N)C(N)(N)CN(N)N
CC(N)C(N)(N)CNNN
CC(N)C(N)(N)N(C)NN
CC(N)C(N)(N)N(N)CN
CC(N)C(N)(N)N(N)NC
CC(N)C(N)(N)NC(N)N
CC(N)C(N)(N)NCNN
CC(N)C(N)(N)NN(N)C
CC(N)C(N)(N)NNCN
CC(N)C(N)(N)NNNC
CC(N)C(N)(NC)NNN
CC(N)C(N)(NN)C(N)N
CC(N)C(N)(NN)CNN
CC(N)C(N)(NN)NCN
CC(N)C(N)(NN)NNC
CC(N)C(N)C(N)(N)NN
CC(N)C(N)C(N)N(N)N
CC(N)C(N)C(N)NNN
CC(N)C(N)C(NN)NN
CC(N)C(N)CN(N)NN
CC(N)C(N)CNN(N)N
CC(N)C(N)CNNNN
CC(N)C(N)N(C)N(N)N
CC(N)C(N)N(C)NNN
CC(N)C(N)N(N)C(N)N
CC(N)C(N)N(N)CNN
CC(N)C(N)N(N)N(N)C
CC(N)C(N)N(N)NCN
CC(N)C(N)N(N)NNC
CC(N)C(N)N(NC)NN
CC(N)C(N)N(NN)CN
CC(N)C(N)NC(N)(N)N
CC(N)C(N)NC(N)NN
CC(N)C(N)NCN(N)N
CC(N)C(N)NCNNN
CC(N)C(N)NN(C)NN
CC(N)C(N)NN(N)CN
CC(N)C(N)NN(N)NC
CC(N)C(N)NNC(N)N
CC(N)C(N)NNCNN
CC(N)C(N)NNN(N)C
CC(N)C(N)NNNCN
CC(N)C(N)NNNNC
CC(N)C(NC)N(N)NN
CC(N)C(NC)NN(N)N
CC(N)C(NC)NNNN
CC(N)C(NN)(NN)CN
CC(N)C(NN)(NN)NC
CC(N)C(NN)C(N)(N)N
CC(N)C(NN)C(N)NN
CC(N)C(NN)CN(N)N
CC(N)C(NN)CNNN
CC(N)C(NN)N(C)NN
CC(N)C(NN)N(N)CN
CC(N)C(NN)N(N)NC
CC(N)C(NN)NC(N)N
CC(N)C(NN)NCNN
CC(N)C(NN)NN(N)C
CC(N)C(NN)NNCN
CC(N)C(NN)NNNC
CC(N)CC(N(N)N)NN
CC(N)CC(N)(N)N(N)N
CC(N)CC(N)(N)NNN
CC(N)CC(N)(NN)NN
CC(N)CC(N)N(N)NN
CC(N)CC(N)NN(N)N
CC(N)CC(N)NNNN
CC(N)CC(NN)NNN
CC(N)CCN(N)N(N)N
CC(N)CCN(N)NNN
CC(N)CCN(NN)NN
CC(N)CCNN(N)NN
CC(N)CCNNN(N)N
CC(N)CCNNNNN
CC(N)CN(C)N(N)NN
CC(N)CN(C)NN(N)N
CC(N)CN(C)NNNN
CC(N)CN(CN)NNN
CC(N)CN(N(N)C)NN
CC(N)CN(N(N)N)CN
CC(N)CN(N(N)N)NC
CC(N)CN(N)C(N)(N)N
CC(N)CN(N)C(N)NN
CC(N)CN(N)CN(N)N
CC(N)CN(N)CNNN
CC(N)CN(N)N(C)NN
CC(N)CN(N)N(N)CN
CC(N)CN(N)N(N)NC
CC(N)CN(N)NC(N)N
CC(N)CN(N)NCNN
CC(N)CN(N)NN(N)C
CC(N)CN(N)NNCN
CC(N)CN(N)NNNC
CC(N)CN(NC)NNN
CC(N)CN(NN)C(N)N
CC(N)CN(NN)CNN
CC(N)CN(NN)NCN
CC(N)CN(NN)NNC
CC(N)CNC(N)(N)NN
CC(N)CNC(N)N(N)N
CC(N)CNC(N)NNN
CC(N)CNC(NN)NN
CC(N)CNCN(N)NN
CC(N)CNCNN(N)N
CC(N)CNCNNNN
CC(N)CNN(C)N(N)N
CC(N)CNN(C)NNN
CC(N)CNN(N)C(N)N
CC(N)CNN(N)CNN
CC(N)CNN(N)N(N)C
CC(N)CNN(N)NCN
CC(N)CNN(N)NNC
CC(N)CNN(NC)NN
CC(N)CNN(NN)CN
CC(N)CNNC(N)(N)N
CC(N)CNNC(N)NN
CC(N)CNNCN(N)N
CC(N)CNNCNNN
CC(N)CNNN(C)NN
CC(N)CNNN(N)CN
CC(N)CNNN(N)NC
CC(N)CNNNC(N)N
CC(N)CNNNCNN
CC(N)CNNNN(N)C
CC(N)CNNNNCN
CC(N)CNNNNNC
CC(N)N(C(N)(N)N)CN
CC(N)N(C(N)C)NNN
CC(N)N(C(N)N)C(N)N
CC(N)N(C(N)N)CNN
CC(N)N(C(N)N)NCN
CC(N)N(C(N)N)NNC
CC(N)N(C)C(N)(N)NN
CC(N)N(C)C(N)N(N)N
CC(N)N(C)C(N)NNN
CC(N)N(C)C(NN)NN
CC(N)N(C)CN(N)NN
CC(N)N(C)CNN(N)N
CC(N)N(C)CNNNN
CC(N)N(C)N(C)N(N)N
CC(N)N(C)N(C)NNN
CC(N)N(C)N(N)C(N)N
CC(N)N(C)N(N)CNN
CC(N)N(C)N(N)N(N)C
CC(N)N(C)N(N)NCN
CC(N)N(C)N(N)NNC
CC(N)N(C)N(NC)NN
CC(N)N(C)N(NN)CN
CC(N)N(C)NC(N)(N)N
CC(N)N(C)NC(N)NN
CC(N)N(C)NCN(N)N
CC(N)N(C)NCNNN
CC(N)N(C)NN(C)NN
CC(N)N(C)NN(N)CN
CC(N)N(C)NN(N)NC
CC(N)N(C)NNC(N)N
CC(N)N(C)NNCNN
CC(N)N(C)NNN(N)C
CC(N)N(C)NNNCN
CC(N)N(C)NNNNC
CC(N)N(CN)C(N)NN
CC(N)N(CN)CN(N)N
CC(N)N(CN)CNNN
CC(N)N(CN)N(C)NN
CC(N)N(CN)N(N)CN
CC(N)N(CN)N(N)NC
CC(N)N(CN)NC(N)N
CC(N)N(CN)NCNN
CC(N)N(CN)NN(N)C
CC(N)N(CN)NNCN
CC(N)N(CN)NNNC
CC(N)N(N(C)C)N(N)N
CC(N)N(N(C)C)NNN
CC(N)N(N(N)C)C(N)N
CC(N)N(N(N)C)CNN
CC(N)N(N(N)C)N(N)C
CC(N)N(N(N)C)NCN
CC(N)N(N(N)C)NNC
CC(N)N(N(N)N)C(N)C
CC(N)N(N(N)N)CCN
CC(N)N(N(N)N)CNC
CC(N)N(N)C(C)(N)NN
CC(N)N(N)C(C)N(N)N
CC(N)N(N)C(C)NNN
CC(N)N(N)C(N)(N)CN
CC(N)N(N)C(N)(N)NC
CC(N)N(N)C(N)C(N)N
CC(N)N(N)C(N)CNN
CC(N)N(N)C(N)N(N)C
CC(N)N(N)C(N)NCN
CC(N)N(N)C(N)NNC
CC(N)N(N)C(NN)CN
CC(N)N(N)C(NN)NC
CC(N)N(N)CC(N)(N)N
CC(N)N(N)CC(N)NN
CC(N)N(N)CCN(N)N
CC(N)N(N)CCNNN
CC(N)N(N)CN(C)NN
CC(N)N(N)CN(N)CN
CC(N)N(N)CN(N)NC
CC(N)N(N)CNC(N)N
CC(N)N(N)CNCNN
CC(N)N(N)CNN(N)C
CC(N)N(N)CNNCN
CC(N)N(N)CNNNC
CC(N)N(N)N(C)C(N)N
CC(N)N(N)N(C)CNN
CC(N)N(N)N(C)N(N)C
CC(N)N(N)N(C)NCN
CC(N)N(N)N(C)NNC
CC(N)N(N)N(CN)CN
CC(N)N(N)N(N)C(N)C
CC(N)N(N)N(N)CCN
CC(N)N(N)N(N)CNC
CC(N)N(N)N(N)N(C)C
CC(N)N(N)N(NC)CN
CC(N)N(N)N(NC)NC
CC(N)N(N)NC(C)NN
CC(N)N(N)NC(N)(N)C
CC(N)N(N)NC(N)CN
CC(N)N(N)NC(N)NC
CC(N)N(N)NCC(N)N
CC(N)N(N)NCCNN
CC(N)N(N)NCN(N)C
CC(N)N(N)NCNCN
CC(N)N(N)NCNNC
CC(N)N(N)NN(C)CN
CC(N)N(N)NN(C)NC
CC(N)N(N)NNCCN
CC(N)N(N)NNCNC
CC(N)N(N)NNN(C)C
CC(N)N(NC)C(N)(N)N
CC(N)N(NC)C(N)NN
CC(N)N(NC)CN(N)N
CC(N)N(NC)CNNN
CC(N)N(NC)N(C)NN
CC(N)N(NC)N(N)CN
CC(N)N(NC)N(N)NC
CC(N)N(NC)NC(N)N
CC(N)N(NC)NCNN
CC(N)N(NC)NN(N)C
CC(N)N(NC)NNCN
CC(N)N(NC)NNNC
CC(N)N(NN)C(C)NN
CC(N)N(NN)C(N)(N)C
CC(N)N(NN)C(N)CN
CC(N)N(NN)C(N)NC
CC(N)N(NN)CC(N)N
CC(N)N(NN)CCNN
CC(N)N(NN)CN(N)C
CC(N)N(NN)CNCN
CC(N)N(NN)CNNC
CC(N)N(NN)N(C)CN
CC(N)N(NN)N(C)NC
CC(N)N(NN)NCCN
CC(N)N(NN)NCNC
CC(N)N(NN)NN(C)C
CC(N)NC(C)(N)N(N)N
CC(N)NC(C)(N)NNN
CC(N)NC(C)(NN)NN
CC(N)NC(C)N(N)NN
CC(N)NC(C)NN(N)N
CC(N)NC(C)NNNN
CC(N)NC(CN)NNN
CC(N)NC(N(N)C)NN
CC(N)NC(N(N)N)CN
CC(N)NC(N(N)N)NC
CC(N)NC(N)(N)C(N)N
CC(N)NC(N)(N)CNN
CC(N)NC(N)(N)N(N)C
CC(N)NC(N)(N)NCN
CC(N)NC(N)(N)NNC
CC(N)NC(N)(NN)CN
CC(N)NC(N)(NN)NC
CC(N)NC(N)C(N)(N)N
CC(N)NC(N)C(N)NN
CC(N)NC(N)CN(N)N
CC(N)NC(N)CNNN
CC(N)NC(N)N(C)NN
CC(N)NC(N)N(N)CN
CC(N)NC(N)N(N)NC
CC(N)NC(N)NC(N)N
CC(N)NC(N)NCNN
CC(N)NC(N)NN(N)C
CC(N)NC(N)NNCN
CC(N)NC(N)NNNC
CC(N)NC(NC)NNN
CC(N)NC(NN)C(N)N
CC(N)NC(NN)CNN
CC(N)NC(NN)NCN
CC(N)NC(NN)NNC
CC(N)NCC(N)(N)NN
CC(N)NCC(N)N(N)N
CC(N)NCC(N)NNN
CC(N)NCC(NN)NN
CC(N)NCCN(N)NN
CC(N)NCCNN(N)N
CC(N)NCCNNNN
CC(N)NCN(C)N(N)N
CC(N)NCN(C)NNN
CC(N)NCN(N)C(N)N
CC(N)NCN(N)CNN
CC(N)NCN(N)N(N)C
CC(N)NCN(N)NCN
CC(N)NCN(N)NNC
CC(N)NCN(NC)NN
CC(N)NCN(NN)CN
CC(N)NCNC(N)(N)N
CC(N)NCNC(N)NN
CC(N)NCNCN(N)N
CC(N)NCNCNNN
CC(N)NCNN(C)NN
CC(N)NCNN(N)CN
CC(N)NCNN(N)NC
CC(N)NCNNC(N)N
CC(N)NCNNCNN
CC(N)NCNNN(N)C
CC(N)NCNNNCN
CC(N)NCNNNNC
CC(N)NN(C(N)N)CN
CC(N)NN(C)C(N)(N)N
CC(N)NN(C)C(N)NN
CC(N)NN(C)CN(N)N
CC(N)NN(C)CNNN
CC(N)NN(C)N(C)NN
CC(N)NN(C)N(N)CN
CC(N)NN(C)N(N)NC
CC(N)NN(C)NC(N)N
CC(N)NN(C)NCNN
CC(N)NN(C)NN(N)C
CC(N)NN(C)NNCN
CC(N)NN(C)NNNC
CC(N)NN(CC)NNN
CC(N)NN(CN)CNN
CC(N)NN(CN)NCN
CC(N)NN(CN)NNC
CC(N)NN(N(C)C)NN
CC(N)NN(N(N)C)CN
CC(N)NN(N(N)C)NC
CC(N)NN(N)C(C)NN
CC(N)NN(N)C(N)(N)C
CC(N)NN(N)C(N)CN
CC(N)NN(N)C(N)NC
CC(N)NN(N)CC(N)N
CC(N)NN(N)CCNN
CC(N)NN(N)CN(N)C
CC(N)NN(N)CNCN
CC(N)NN(N)CNNC
CC(N)NN(N)N(C)CN
CC(N)NN(N)N(C)NC
CC(N)NN(N)NC(N)C
CC(N)NN(N)NCCN
CC(N)NN(N)NCNC
CC(N)NN(N)NN(C)C
CC(N)NN(NC)C(N)N
CC(N)NN(NC)CNN
CC(N)NN(NC)NCN
CC(N)NN(NC)NNC
CC(N)NN(NN)C(N)C
CC(N)NN(NN)CCN
CC(N)NN(NN)CNC
CC(N)NNC(C)(N)NN
CC(N)NNC(C)N(N)N
CC(N)NNC(C)NNN
CC(N)NNC(N)(N)CN
CC(N)NNC(N)(N)NC
CC(N)NNC(N)C(N)N
CC(N)NNC(N)CNN
CC(N)NNC(N)N(N)C
CC(N)NNC(N)NCN
CC(N)NNC(N)NNC
CC(N)NNC(NN)CN
CC(N)NNC(NN)NC
CC(N)NNCC(N)(N)N
CC(N)NNCC(N)NN
CC(N)NNCCN(N)N
CC(N)NNCCNNN
CC(N)NNCN(C)NN
CC(N)NNCN(N)CN
CC(N)NNCN(N)NC
CC(N)NNCNC(N)N
CC(N)NNCNCNN
CC(N)NNCNN(N)C
CC(N)NNCNNCN
CC(N)NNCNNNC
CC(N)NNN(C)C(N)N
CC(N)NNN(C)CNN
CC(N)NNN(C)N(N)C
CC(N)NNN(C)NCN
CC(N)NNN(C)NNC
CC(N)NNN(CN)CN
CC(N)NNN(N)C(N)C
CC(N)NNN(N)CCN
CC(N)NNN(N)CNC
CC(N)NNN(N)N(C)C
CC(N)NNN(NC)CN
CC(N)NNN(NC)NC
CC(N)NNNC(C)NN
CC(N)NNNC(N)(N)C
CC(N)NNNC(N)CN
CC(N)NNNC(N)NC
CC(N)NNNCC(N)N
CC(N)NNNCCNN
CC(N)NNNCN(N)C
CC(N)NNNCNCN
CC(N)NNNCNNC
CC(N)NNNN(C)CN
CC(N)NNNN(C)NC
CC(N)NNNNC(N)C
CC(N)NNNNCCN
CC(N)NNNNCNC
CC(N)NNNNN(C)C
CCC(C(N)(N)N)NNN
CCC(C(N)N)(N)NNN
CCC(C(N)N)N(N)NN
CCC(C(N)N)NN(N)N
CCC(C(N)N)NNNN
CCC(C)(N(N)N)N(N)N
CCC(C)(N(N)N)NNN
CCC(C)(N)N(N)N(N)N
CCC(C)(N)N(N)NNN
CCC(C)(N)N(NN)NN
CCC(C)(N)NN(N)NN
CCC(C)(N)NNN(N)N
CCC(C)(N)NNNNN
CCC(C)(NN)N(N)NN
CCC(C)(NN)NN(N)N
CCC(C)(NN)NNNN
CCC(C)N(N(N)N)NN
CCC(C)N(N)N(N)NN
CCC(C)N(N)NN(N)N
CCC(C)N(N)NNNN
CCC(C)N(NN)NNN
CCC(C)NN(N)N(N)N
CCC(C)NN(N)NNN
CCC(C)NN(NN)NN
CCC(C)NNN(N)NN
CCC(C)NNNN(N)N
CCC(C)NNNNNN
CCC(CN)(N)N(N)NN
CCC(CN)(N)NN(N)N
CCC(CN)(N)NNNN
CCC(CN)(NN)NNN
CCC(CN)N(N)N(N)N
CCC(CN)N(N)NNN
CCC(CN)N(NN)NN
CCC(CN)NN(N)NN
CCC(CN)NNN(N)N
CCC(CN)NNNNN
CCC(N(N)C)N(N)NN
CCC(N(N)C)NN(N)N
CCC(N(N)C)NNNN
CCC(N(N)N)C(N)(N)N
CCC(N(N)N)C(N)NN
CCC(N(N)N)CN(N)N
CCC(N(N)N)CNNN
CCC(N(N)N)N(C)NN
CCC(N(N)N)N(N)CN
CCC(N(N)N)N(N)NC
CCC(N(N)N)NC(N)N
CCC(N(N)N)NCNN
CCC(N(N)N)NN(N)C
CCC(N(N)N)NNCN
CCC(N(N)N)NNNC
CCC(N)(N(N)C)NNN
CCC(N)(N(N)N)C(N)N
CCC(N)(N(N)N)CNN
CCC(N)(N(N)N)N(N)C
CCC(N)(N(N)N)NCN
CCC(N)(N(N)N)NNC
CCC(N)(N)C(N)(N)NN
CCC(N)(N)C(N)N(N)N
CCC(N)(N)C(N)NNN
CCC(N)(N)C(NN)NN
CCC(N)(N)CN(N)NN
CCC(N)(N)CNN(N)N
CCC(N)(N)CNNNN
CCC(N)(N)N(C)N(N)N
CCC(N)(N)N(C)NNN
CCC(N)(N)N(N)C(N)N
CCC(N)(N)N(N)CNN
CCC(N)(N)N(N)N(N)C
CCC(N)(N)N(N)NCN
CCC(N)(N)N(N)NNC
CCC(N)(N)N(NC)NN
CCC(N)(N)N(NN)CN
CCC(N)(N)NC(N)(N)N
CCC(N)(N)NC(N)NN
CCC(N)(N)NCN(N)N
CCC(N)(N)NCNNN
CCC(N)(N)NN(C)NN
CCC(N)(N)NN(N)CN
CCC(N)(N)NN(N)NC
CCC(N)(N)NNC(N)N
CCC(N)(N)NNCNN
CCC(N)(N)NNN(N)C
CCC(N)(N)NNNCN
CCC(N)(N)NNNNC
CCC(N)(NC)N(N)NN
CCC(N)(NC)NN(N)N
CCC(N)(NC)NNNN
CCC(N)(NN)C(N)(N)N
CCC(N)(NN)C(N)NN
CCC(N)(NN)CN(N)N
CCC(N)(NN)CNNN
CCC(N)(NN)N(C)NN
CCC(N)(NN)N(N)CN
CCC(N)(NN)N(N)NC
CCC(N)(NN)NC(N)N
CCC(N)(NN)NCNN
CCC(N)(NN)NN(N)C
CCC(N)(NN)NNCN
CCC(N)(NN)NNNC
CCC(N)C(N(N)N)NN
CCC(N)C(N)(N)N(N)N
CCC(N)C(N)(N)NNN
CCC(N)C(N)(NN)NN
CCC(N)C(N)N(N)NN
CCC(N)C(N)NN(N)N
CCC(N)C(N)NNNN
CCC(N)C(NN)NNN
CCC(N)CN(N)N(N)N
CCC(N)CN(N)NNN
CCC(N)CN(NN)NN
CCC(N)CNN(N)NN
CCC(N)CNNN(N)N
CCC(N)CNNNNN
CCC(N)N(C)N(N)NN
CCC(N)N(C)NN(N)N
CCC(N)N(C)NNNN
CCC(N)N(CN)NNN
CCC(N)N(N(N)C)NN
CCC(N)N(N(N)N)CN
CCC(N)N(N(N)N)NC
CCC(N)N(N)C(N)(N)N
CCC(N)N(N)C(N)NN
CCC(N)N(N)CN(N)N
CCC(N)N(N)CNNN
CCC(N)N(N)N(C)NN
CCC(N)N(N)N(N)CN
CCC(N)N(N)N(N)NC
CCC(N)N(N)NC(N)N
CCC(N)N(N)NCNN
CCC(N)N(N)NN(N)C
CCC(N)N(N)NNCN
CCC(N)N(N)NNNC
CCC(N)N(NC)NNN
CCC(N)N(NN)C(N)N
CCC(N)N(NN)CNN
CCC(N)N(NN)NCN
CCC(N)N(NN)NNC
CCC(N)NC(N)(N)NN
CCC(N)NC(N)N(N)N
CCC(N)NC(N)NNN
CCC(N)NC(NN)NN
CCC(N)NCN(N)NN
CCC(N)NCNN(N)N
CCC(N)NCNNNN
CCC(N)NN(C)N(N)N
CCC(N)NN(C)NNN
CCC(N)NN(N)C(N)N
CCC(N)NN(N)CNN
CCC(N)NN(N)N(N)C
CCC(N)NN(N)NCN
CCC(N)NN(N)NNC
CCC(N)NN(NC)NN
CCC(N)NN(NN)CN
CCC(N)NNC(N)(N)N
CCC(N)NNC(N)NN
CCC(N)NNCN(N)N
CCC(N)NNCNNN
CCC(N)NNN(C)NN
CCC(N)NNN(N)CN
CCC(N)NNN(N)NC
CCC(N)NNNC(N)N
CCC(N)NNNCNN
CCC(N)NNNN(N)C
CCC(N)NNNNCN
CCC(N)NNNNNC
CCC(NC)(NN)NNN
CCC(NC)N(N)N(N)N
CCC(NC)N(N)NNN
CCC(NC)N(NN)NN
CCC(NC)NN(N)NN
CCC(NC)NNN(N)N
CCC(NC)NNNNN
CCC(NN)(N(N)C)NN
CCC(NN)(N(N)N)CN
CCC(NN)(N(N)N)NC
CCC(NN)(NN)C(N)N
CCC(NN)(NN)CNN
CCC(NN)(NN)NCN
CCC(NN)(NN)NNC
CCC(NN)C(N)(N)NN
CCC(NN)C(N)N(N)N
CCC(NN)C(N)NNN
CCC(NN)C(NN)NN
CCC(NN)CN(N)NN
CCC(NN)CNN(N)N
CCC(NN)CNNNN
CCC(NN)N(C)N(N)N
CCC(NN)N(C)NNN
CCC(NN)N(N)C(N)N
CCC(NN)N(N)CNN
CCC(NN)N(N)N(N)C
CCC(NN)N(N)NCN
CCC(NN)N(N)NNC
CCC(NN)N(NC)NN
CCC(NN)N(NN)CN
CCC(NN)NC(N)(N)N
CCC(NN)NC(N)NN
CCC(NN)NCN(N)N
CCC(NN)NCNNN
CCC(NN)NN(C)NN
CCC(NN)NN(N)CN
CCC(NN)NN(N)NC
CCC(NN)NNC(N)N
CCC(NN)NNCNN
CCC(NN)NNN(N)C
CCC(NN)NNNCN
CCC(NN)NNNNC
CCCC(N(N)N)N(N)N
CCCC(N(N)N)NNN
CCCC(N)(N(N)N)NN
CCCC(N)(N)N(N)NN
CCCC(N)(N)NN(N)N
CCCC(N)(N)NNNN
CCCC(N)(NN)NNN
CCCC(N)N(N)N(N)N
CCCC(N)N(N)NNN
CCCC(N)N(NN)NN
CCCC(N)NN(N)NN
CCCC(N)NNN(N)N
CCCC(N)NNNNN
CCCC(NN)(NN)NN
CCCC(NN)N(N)NN
CCCC(NN)NN(N)N
CCCC(NN)NNNN
CCCC(NNN)NNN
CCCCN(N(N)N)NN
CCCCN(N)N(N)NN
CCCCN(N)NN(N)N
CCCCN(N)NNNN
CCCCN(NN)NNN
CCCCNN(N)N(N)N
CCCCNN(N)NNN
CCCCNN(NN)NN
CCCCNNN(N)NN
CCCCNNNN(N)N
CCCCNNNNNN
CCCN(C(N)N)NNN
CCCN(C)N(N)N(N)N
CCCN(C)N(N)NNN
CCCN(C)N(NN)NN
CCCN(C)NN(N)NN
CCCN(C)NNN(N)N
CCCN(C)NNNNN
CCCN(CN)N(N)NN
CCCN(CN)NN(N)N
CCCN(CN)NNNN
CCCN(N(N)C)N(N)N
CCCN(N(N)C)NNN
CCCN(N(N)N)C(N)N
CCCN(N(N)N)CNN
CCCN(N(N)N)NCN
CCCN(N(N)N)NNC
CCCN(N)C(N)(N)NN
CCCN(N)C(N)N(N)N
CCCN(N)C(N)NNN
CCCN(N)C(NN)NN
CCCN(N)CN(N)NN
CCCN(N)CNN(N)N
CCCN(N)CNNNN
CCCN(N)N(C)N(N)N
CCCN(N)N(C)NNN
CCCN(N)N(N)C(N)N
CCCN(N)N(N)CNN
CCCN(N)N(N)N(N)C
CCCN(N)N(N)NCN
CCCN(N)N(N)NNC
CCCN(N)N(NC)NN
CCCN(N)N(NN)CN
CCCN(N)NC(N)(N)N
CCCN(N)NC(N)NN
CCCN(N)NCN(N)N
CCCN(N)NCNNN
CCCN(N)NN(C)NN
CCCN(N)NN(N)CN
CCCN(N)NN(N)NC
CCCN(N)NNC(N)N
CCCN(N)NNCNN
CCCN(N)NNN(N)C
CCCN(N)NNNCN
CCCN(N)NNNNC
CCCN(NC)N(N)NN
CCCN(NC)NN(N)N
CCCN(NC)NNNN
CCCN(NCN)NNN
CCCN(NN)C(N)(N)N
CCCN(NN)C(N)NN
CCCN(NN)CN(N)N
CCCN(NN)CNNN
CCCN(NN)N(C)NN
CCCN(NN)N(N)CN
CCCN(NN)N(N)NC
CCCN(NN)NC(N)N
CCCN(NN)NCNN
CCCN(NN)NN(N)C
CCCN(NN)NNCN
CCCN(NN)NNNC
CCCN(NNC)NNN
CCCN(NNN)CNN
CCCNC(N(N)N)NN
CCCNC(N)(N)N(N)N
CCCNC(N)(N)NNN
CCCNC(N)(NN)NN
CCCNC(N)N(N)NN
CCCNC(N)NN(N)N
CCCNC(N)NNNN
CCCNC(NN)NNN
CCCNCN(N)N(N)N
CCCNCN(N)NNN
CCCNCN(NN)NN
CCCNCNN(N)NN
CCCNCNNN(N)N
CCCNCNNNNN
CCCNN(C)N(N)NN
CCCNN(C)NN(N)N
CCCNN(C)NNNN
CCCNN(CN)NNN
CCCNN(N(N)C)NN
CCCNN(N(N)N)CN
CCCNN(N(N)N)NC
CCCNN(N)C(N)(N)N
CCCNN(N)C(N)NN
CCCNN(N)CN(N)N
CCCNN(N)CNNN
CCCNN(N)N(C)NN
CCCNN(N)N(N)CN
CCCNN(N)N(N)NC
CCCNN(N)NC(N)N
CCCNN(N)NCNN
CCCNN(N)NN(N)C
CCCNN(N)NNCN
CCCNN(N)NNNC
CCCNN(NC)NNN
CCCNN(NN)C(N)N
CCCNN(NN)CNN
CCCNN(NN)NCN
CCCNN(NN)NNC
CCCNNC(N)(N)NN
CCCNNC(N)N(N)N
CCCNNC(N)NNN
CCCNNC(NN)NN
CCCNNCN(N)NN
CCCNNCNN(N)N
CCCNNCNNNN
CCCNNN(C)N(N)N
CCCNNN(C)NNN
CCCNNN(N)C(N)N
CCCNNN(N)CNN
CCCNNN(N)N(N)C
CCCNNN(N)NCN
CCCNNN(N)NNC
CCCNNN(NC)NN
CCCNNN(NN)CN
CCCNNNC(N)(N)N
CCCNNNC(N)NN
CCCNNNCN(N)N
CCCNNNCNNN
CCCNNNN(C)NN
CCCNNNN(N)CN
CCCNNNN(N)NC
CCCNNNNC(N)N
CCCNNNNCNN
CCCNNNNN(N)C
CCCNNNNNCN
CCCNNNNNNC
CCN(C(N)(N)C)NNN
CCN(C(N)(N)N)C(N)N
CCN(C(N)(N)N)CNN
CCN(C(N)(N)N)NCN
CCN(C(N)(N)N)NNC
CCN(C(N)C)N(N)NN
CCN(C(N)C)NN(N)N
CCN(C(N)C)NNNN
CCN(C(N)N)C(N)NN
CCN(C(N)N)CN(N)N
CCN(C(N)N)CNNN
CCN(C(N)N)N(C)NN
CCN(C(N)N)N(N)CN
CCN(C(N)N)N(N)NC
CCN(C(N)N)NC(N)N
CCN(C(N)N)NCNN
CCN(C(N)N)NN(N)C
CCN(C(N)N)NNCN
CCN(C(N)N)NNNC
CCN(C)C(N(N)N)NN
CCN(C)C(N)(N)N(N)N
CCN(C)C(N)(N)NNN
CCN(C)C(N)(NN)NN
CCN(C)C(N)N(N)NN
CCN(C)C(N)NN(N)N
CCN(C)C(N)NNNN
CCN(C)C(NN)NNN
CCN(C)CN(N)N(N)N
CCN(C)CN(N)NNN
CCN(C)CN(NN)NN
CCN(C)CNN(N)NN
CCN(C)CNNN(N)N
CCN(C)CNNNNN
CCN(C)N(C)N(N)NN
CCN(C)N(C)NN(N)N
CCN(C)N(C)NNNN
CCN(C)N(CN)NNN
CCN(C)N(N(N)C)NN
CCN(C)N(N(N)N)CN
CCN(C)N(N(N)N)NC
CCN(C)N(N)C(N)(N)N
CCN(C)N(N)C(N)NN
CCN(C)N(N)CN(N)N
CCN(C)N(N)CNNN
CCN(C)N(N)N(C)NN
CCN(C)N(N)N(N)CN
CCN(C)N(N)N(N)NC
CCN(C)N(N)NC(N)N
CCN(C)N(N)NCNN
CCN(C)N(N)NN(N)C
CCN(C)N(N)NNCN
CCN(C)N(N)NNNC
CCN(C)N(NC)NNN
CCN(C)N(NN)C(N)N
CCN(C)N(NN)CNN
CCN(C)N(NN)NCN
CCN(C)N(NN)NNC
CCN(C)NC(N)(N)NN
CCN(C)NC(N)N(N)N
CCN(C)NC(N)NNN
CCN(C)NC(NN)NN
CCN(C)NCN(N)NN
CCN(C)NCNN(N)N
CCN(C)NCNNNN
CCN(C)NN(C)N(N)N
CCN(C)NN(C)NNN
CCN(C)NN(N)C(N)N
CCN(C)NN(N)CNN
CCN(C)NN(N)N(N)C
CCN(C)NN(N)NCN
CCN(C)NN(N)NNC
CCN(C)NN(NC)NN
CCN(C)NN(NN)CN
CCN(C)NNC(N)(N)N
CCN(C)NNC(N)NN
CCN(C)NNCN(N)N
CCN(C)NNCNNN
CCN(C)NNN(C)NN
CCN(C)NNN(N)CN
CCN(C)NNN(N)NC
CCN(C)NNNC(N)N
CCN(C)NNNCNN
CCN(C)NNNN(N)C
CCN(C)NNNNCN
CCN(C)NNNNNC
CCN(CC)N(N)N(N)N
CCN(CC)N(N)NNN
CCN(CC)N(NN)NN
CCN(CC)NN(N)NN
CCN(CC)NNN(N)N
CCN(CC)NNNNN
CCN(CN)C(N)(N)NN
CCN(CN)C(N)N(N)N
CCN(CN)C(N)NNN
CCN(CN)C(NN)NN
CCN(CN)CN(N)NN
CCN(CN)CNN(N)N
CCN(CN)CNNNN
CCN(CN)N(C)N(N)N
CCN(CN)N(C)NNN
CCN(CN)N(N)C(N)N
CCN(CN)N(N)CNN
CCN(CN)N(N)N(N)C
CCN(CN)N(N)NCN
CCN(CN)N(N)NNC
CCN(CN)N(NC)NN
CCN(CN)N(NN)CN
CCN(CN)NC(N)(N)N
CCN(CN)NC(N)NN
CCN(CN)NCN(N)N
CCN(CN)NCNNN
CCN(CN)NN(C)NN
CCN(CN)NN(N)CN
CCN(CN)NN(N)NC
CCN(CN)NNC(N)N
CCN(CN)NNCNN
CCN(CN)NNN(N)C
CCN(CN)NNNCN
CCN(CN)NNNNC
CCN(N(C)C)N(N)NN
CCN(N(C)C)NN(N)N
CCN(N(C)C)NNNN
CCN(N(N)C)C(N)(N)N
CCN(N(N)C)C(N)NN
CCN(N(N)C)CN(N)N
CCN(N(N)C)CNNN
CCN(N(N)C)N(C)NN
CCN(N(N)C)N(N)CN
CCN(N(N)C)N(N)NC
CCN(N(N)C)NC(N)N
CCN(N(N)C)NCNN
CCN(N(N)C)NN(N)C
CCN(N(N)C)NNCN
CCN(N(N)C)NNNC
CCN(N(N)N)C(C)NN
CCN(N(N)N)C(N)(N)C
CCN(N(N)N)C(N)CN
CCN(N(N)N)C(N)NC
CCN(N(N)N)CC(N)N
CCN(N(N)N)CCNN
CCN(N(N)N)CN(N)C
CCN(N(N)N)CNCN
CCN(N(N)N)CNNC
CCN(N(N)N)N(C)CN
CCN(N(N)N)N(C)NC
CCN(N(N)N)N(N)CC
CCN(N(N)N)NC(N)C
CCN(N(N)N)NCCN
CCN(N(N)N)NCNC
CCN(N(N)N)NN(C)C
CCN(N)C(C)(N)N(N)N
CCN(N)C(C)(N)NNN
CCN(N)C(C)(NN)NN
CCN(N)C(C)N(N)NN
CCN(N)C(C)NN(N)N
CCN(N)C(C)NNNN
CCN(N)C(CN)NNN
CCN(N)C(N(N)C)NN
CCN(N)C(N(N)N)CN
CCN(N)C(N(N)N)NC
CCN(N)C(N)(N)C(N)N
CCN(N)C(N)(N)CNN
CCN(N)C(N)(N)N(N)C
CCN(N)C(N)(N)NCN
CCN(N)C(N)(N)NNC
CCN(N)C(N)(NN)CN
CCN(N)C(N)(NN)NC
CCN(N)C(N)C(N)(N)N
CCN(N)C(N)C(N)NN
CCN(N)C(N)CN(N)N
CCN(N)C(N)CNNN
CCN(N)C(N)N(C)NN
CCN(N)C(N)N(N)CN
CCN(N)C(N)N(N)NC
CCN(N)C(N)NC(N)N
CCN(N)C(N)NCNN
CCN(N)C(N)NN(N)C
CCN(N)C(N)NNCN
CCN(N)C(N)NNNC
CCN(N)C(NC)NNN
CCN(N)C(NN)C(N)N
CCN(N)C(NN)CNN
CCN(N)C(NN)NCN
CCN(N)C(NN)NNC
CCN(N)CC(N)(N)NN
CCN(N)CC(N)N(N)N
CCN(N)CC(N)NNN
CCN(N)CC(NN)NN
CCN(N)CCN(N)NN
CCN(N)CCNN(N)N
CCN(N)CCNNNN
CCN(N)CN(C)N(N)N
CCN(N)CN(C)NNN
CCN(N)CN(N)C(N)N
CCN(N)CN(N)CNN
CCN(N)CN(N)N(N)C
CCN(N)CN(N)NCN
CCN(N)CN(N)NNC
CCN(N)CN(NC)NN
CCN(N)CN(NN)CN
CCN(N)CNC(N)(N)N
CCN(N)CNC(N)NN
CCN(N)CNCN(N)N
CCN(N)CNCNNN
CCN(N)CNN(C)NN
CCN(N)CNN(N)CN
CCN(N)CNN(N)NC
CCN(N)CNNC(N)N
CCN(N)CNNCNN
CCN(N)CNNN(N)C
CCN(N)CNNNCN
CCN(N)CNNNNC
CCN(N)N(C(N)N)CN
CCN(N)N(C)C(N)(N)N
CCN(N)N(C)C(N)NN
CCN(N)N(C)CN(N)N
CCN(N)N(C)CNNN
CCN(N)N(C)N(C)NN
CCN(N)N(C)N(N)CN
CCN(N)N(C)N(N)NC
CCN(N)N(C)NC(N)N
CCN(N)N(C)NCNN
CCN(N)N(C)NN(N)C
CCN(N)N(C)NNCN
CCN(N)N(C)NNNC
CCN(N)N(CC)NNN
CCN(N)N(CN)CNN
CCN(N)N(CN)NCN
CCN(N)N(CN)NNC
CCN(N)N(N(C)C)NN
CCN(N)N(N(N)C)CN
CCN(N)N(N(N)C)NC
CCN(N)N(N)C(C)NN
CCN(N)N(N)C(N)(N)C
CCN(N)N(N)C(N)CN
CCN(N)N(N)C(N)NC
CCN(N)N(N)CC(N)N
CCN(N)N(N)CCNN
CCN(N)N(N)CN(N)C
CCN(N)N(N)CNCN
CCN(N)N(N)CNNC
CCN(N)N(N)N(C)CN
CCN(N)N(N)N(C)NC
CCN(N)N(N)N(N)CC
CCN(N)N(N)NC(N)C
CCN(N)N(N)NCCN
CCN(N)N(N)NCNC
CCN(N)N(N)NN(C)C
CCN(N)N(NC)C(N)N
CCN(N)N(NC)CNN
CCN(N)N(NC)NCN
CCN(N)N(NC)NNC
CCN(N)N(NN)C(N)C
CCN(N)N(NN)CCN
CCN(N)N(NN)CNC
CCN(N)NC(C)(N)NN
CCN(N)NC(C)N(N)N
CCN(N)NC(C)NNN
CCN(N)NC(N)(N)CN
CCN(N)NC(N)(N)NC
CCN(N)NC(N)C(N)N
CCN(N)NC(N)CNN
CCN(N)NC(N)N(N)C
CCN(N)NC(N)NCN
CCN(N)NC(N)NNC
CCN(N)NC(NN)CN
CCN(N)NC(NN)NC
CCN(N)NCC(N)(N)N
CCN(N)NCC(N)NN
CCN(N)NCCN(N)N
CCN(N)NCCNNN
CCN(N)NCN(C)NN
CCN(N)NCN(N)CN
CCN(N)NCN(N)NC
CCN(N)NCNC(N)N
CCN(N)NCNCNN
CCN(N)NCNN(N)C
CCN(N)NCNNCN
CCN(N)NCNNNC
CCN(N)NN(C)C(N)N
CCN(N)NN(C)CNN
CCN(N)NN(C)N(N)C
CCN(N)NN(C)NCN
CCN(N)NN(C)NNC
CCN(N)NN(CN)CN
CCN(N)NN(N)C(N)C
CCN(N)NN(N)CCN
CCN(N)NN(N)CNC
CCN(N)NN(N)N(C)C
CCN(N)NN(NC)CN
CCN(N)NN(NC)NC
CCN(N)NNC(C)NN
CCN(N)NNC(N)(N)C
CCN(N)NNC(N)CN
CCN(N)NNC(N)NC
CCN(N)NNCC(N)N
CCN(N)NNCCNN
CCN(N)NNCN(N)C
CCN(N)NNCNCN
CCN(N)NNCNNC
CCN(N)NNN(C)CN
CCN(N)NNN(C)NC
CCN(N)NNN(N)CC
CCN(N)NNNC(N)C
CCN(N)NNNCCN
CCN(N)NNNCNC
CCN(N)NNNN(C)C
CCN(NC)C(N)(N)NN
CCN(NC)C(N)N(N)N
CCN(NC)C(N)NNN
CCN(NC)C(NN)NN
CCN(NC)CN(N)NN
CCN(NC)CNN(N)N
CCN(NC)CNNNN
CCN(NC)N(C)N(N)N
CCN(NC)N(C)NNN
CCN(NC)N(N)C(N)N
CCN(NC)N(N)CNN
CCN(NC)N(N)N(N)C
CCN(NC)N(N)NCN
CCN(NC)N(N)NNC
CCN(NC)N(NC)NN
CCN(NC)N(NN)CN
CCN(NC)NC(N)(N)N
CCN(NC)NC(N)NN
CCN(NC)NCN(N)N
CCN(NC)NCNNN
CCN(NC)NN(C)NN
CCN(NC)NN(N)CN
CCN(NC)NN(N)NC
CCN(NC)NNC(N)N
CCN(NC)NNCNN
CCN(NC)NNN(N)C
CCN(NC)NNNCN
CCN(NC)NNNNC
CCN(NN)C(C)(N)NN
CCN(NN)C(C)N(N)N
CCN(NN)C(C)NNN
CCN(NN)C(N)(N)CN
CCN(NN)C(N)(N)NC
CCN(NN)C(N)C(N)N
CCN(NN)C(N)CNN
CCN(NN)C(N)N(N)C
CCN(NN)C(N)NCN
CCN(NN)C(N)NNC
CCN(NN)C(NN)CN
CCN(NN)C(NN)NC
CCN(NN)CC(N)(N)N
CCN(NN)CC(N)NN
CCN(NN)CCN(N)N
CCN(NN)CCNNN
CCN(NN)CN(C)NN
CCN(NN)CN(N)CN
CCN(NN)CN(N)NC
CCN(NN)CNC(N)N
CCN(NN)CNCNN
CCN(NN)CNN(N)C
CCN(NN)CNNCN
CCN(NN)CNNNC
CCN(NN)N(C)C(N)N
CCN(NN)N(C)CNN
CCN(NN)N(C)N(N)C
CCN(NN)N(C)NCN
CCN(NN)N(C)NNC
CCN(NN)N(CN)CN
CCN(NN)N(N)C(N)C
CCN(NN)N(N)CCN
CCN(NN)N(N)CNC
CCN(NN)N(N)N(C)C
CCN(NN)N(NC)CN
CCN(NN)N(NC)NC
CCN(NN)N(NN)CC
CCN(NN)NC(C)NN
CCN(NN)NC(N)(N)C
CCN(NN)NC(N)CN
CCN(NN)NC(N)NC
CCN(NN)NCC(N)N
CCN(NN)NCCNN
CCN(NN)NCN(N)C
CCN(NN)NCNCN
CCN(NN)NCNNC
CCN(NN)NN(C)CN
CCN(NN)NN(C)NC
CCN(NN)NN(N)CC
CCN(NN)NNC(N)C
CCN(NN)NNCCN
CCN(NN)NNCNC
CCN(NN)NNN(C)C
CCNC(C(N)N)NNN
CCNC(C)(N(N)N)NN
CCNC(C)(N)N(N)NN
CCNC(C)(N)NN(N)N
CCNC(C)(N)NNNN
CCNC(C)(NN)NNN
CCNC(C)N(N)N(N)N
CCNC(C)N(N)NNN
CCNC(C)N(NN)NN
CCNC(C)NN(N)NN
CCNC(C)NNN(N)N
CCNC(C)NNNNN
CCNC(CN)(N)NNN
CCNC(CN)N(N)NN
CCNC(CN)NN(N)N
CCNC(CN)NNNN
CCNC(N(N)C)NNN
CCNC(N(N)N)C(N)N
CCNC(N(N)N)CNN
CCNC(N(N)N)N(N)C
CCNC(N(N)N)NCN
CCNC(N(N)N)NNC
CCNC(N)(N(N)C)NN
CCNC(N)(N(N)N)CN
CCNC(N)(N(N)N)NC
CCNC(N)(N)C(N)(N)N
CCNC(N)(N)C(N)NN
CCNC(N)(N)CN(N)N
CCNC(N)(N)CNNN
CCNC(N)(N)N(C)NN
CCNC(N)(N)N(N)CN
CCNC(N)(N)N(N)NC
CCNC(N)(N)NC(N)N
CCNC(N)(N)NCNN
CCNC(N)(N)NN(N)C
CCNC(N)(N)NNCN
CCNC(N)(N)NNNC
CCNC(N)(NC)NNN
CCNC(N)(NN)C(N)N
CCNC(N)(NN)CNN
CCNC(N)(NN)NCN
CCNC(N)(NN)NNC
CCNC(N)C(N)(N)NN
CCNC(N)C(N)N(N)N
CCNC(N)C(N)NNN
CCNC(N)C(NN)NN
CCNC(N)CN(N)NN
CCNC(N)CNN(N)N
CCNC(N)CNNNN
CCNC(N)N(C)N(N)N
CCNC(N)N(C)NNN
CCNC(N)N(N)C(N)N
CCNC(N)N(N)CNN
CCNC(N)N(N)N(N)C
CCNC(N)N(N)NCN
CCNC(N)N(N)NNC
CCNC(N)N(NC)NN
CCNC(N)N(NN)CN
CCNC(N)NC(N)(N)N
CCNC(N)NC(N)NN
CCNC(N)NCN(N)N
CCNC(N)NCNNN
CCNC(N)NN(C)NN
CCNC(N)NN(N)CN
CCNC(N)NN(N)NC
CCNC(N)NNC(N)N
CCNC(N)NNCNN
CCNC(N)NNN(N)C
CCNC(N)NNNCN
CCNC(N)NNNNC
CCNC(NC)N(N)NN
CCNC(NC)NN(N)N
CCNC(NC)NNNN
CCNC(NN)(NN)CN
CCNC(NN)(NN)NC
CCNC(NN)C(N)(N)N
CCNC(NN)C(N)NN
CCNC(NN)CN(N)N
CCNC(NN)CNNN
CCNC(NN)N(C)NN
CCNC(NN)N(N)CN
CCNC(NN)N(N)NC
CCNC(NN)NC(N)N
CCNC(NN)NCNN
CCNC(NN)NN(N)C
CCNC(NN)NNCN
CCNC(NN)NNNC
CCNC(NNC)NNN
CCNC(NNN)CNN
CCNC(NNN)NCN
CCNCC(N(N)N)NN
CCNCC(N)(N)N(N)N
CCNCC(N)(N)NNN
CCNCC(N)(NN)NN
CCNCC(N)N(N)NN
CCNCC(N)NN(N)N
CCNCC(N)NNNN
CCNCC(NN)NNN
CCNCCN(N)N(N)N
CCNCCN(N)NNN
CCNCCN(NN)NN
CCNCCNN(N)NN
CCNCCNNN(N)N
CCNCCNNNNN
CCNCN(C)N(N)NN
CCNCN(C)NN(N)N
CCNCN(C)NNNN
CCNCN(CN)NNN
CCNCN(N(N)C)NN
CCNCN(N(N)N)CN
CCNCN(N(N)N)NC
CCNCN(N)C(N)(N)N
CCNCN(N)C(N)NN
CCNCN(N)CN(N)N
CCNCN(N)CNNN
CCNCN(N)N(C)NN
CCNCN(N)N(N)CN
CCNCN(N)N(N)NC
CCNCN(N)NC(N)N
CCNCN(N)NCNN
CCNCN(N)NN(N)C
CCNCN(N)NNCN
CCNCN(N)NNNC
CCNCN(NC)NNN
CCNCN(NN)C(N)N
CCNCN(NN)CNN
CCNCN(NN)NCN
CCNCN(NN)NNC
CCNCNC(N)(N)NN
CCNCNC(N)N(N)N
CCNCNC(N)NNN
CCNCNC(NN)NN
CCNCNCN(N)NN
CCNCNCNN(N)N
CCNCNCNNNN
CCNCNN(C)N(N)N
CCNCNN(C)NNN
CCNCNN(N)C(N)N
CCNCNN(N)CNN
CCNCNN(N)N(N)C
CCNCNN(N)NCN
CCNCNN(N)NNC
CCNCNN(NC)NN
CCNCNN(NN)CN
CCNCNNC(N)(N)N
CCNCNNC(N)NN
CCNCNNCN(N)N
CCNCNNCNNN
CCNCNNN(C)NN
CCNCNNN(N)CN
CCNCNNN(N)NC
CCNCNNNC(N)N
CCNCNNNCNN
CCNCNNNN(N)C
CCNCNNNNCN
CCNCNNNNNC
CCNN(C(N)(N)N)CN
CCNN(C(N)C)NNN
CCNN(C(N)N)C(N)N
CCNN(C(N)N)CNN
CCNN(C(N)N)NCN
CCNN(C(N)N)NNC
CCNN(C)C(N)(N)NN
CCNN(C)C(N)N(N)N
CCNN(C)C(N)NNN
CCNN(C)C(NN)NN
CCNN(C)CN(N)NN
CCNN(C)CNN(N)N
CCNN(C)CNNNN
CCNN(C)N(C)N(N)N
CCNN(C)N(C)NNN
CCNN(C)N(N)C(N)N
CCNN(C)N(N)CNN
CCNN(C)N(N)N(N)C
CCNN(C)N(N)NCN
CCNN(C)N(N)NNC
CCNN(C)N(NC)NN
CCNN(C)N(NN)CN
CCNN(C)NC(N)(N)N
CCNN(C)NC(N)NN
CCNN(C)NCN(N)N
CCNN(C)NCNNN
CCNN(C)NN(C)NN
CCNN(C)NN(N)CN
CCNN(C)NN(N)NC
CCNN(C)NNC(N)N
CCNN(C)NNCNN
CCNN(C)NNN(N)C
CCNN(C)NNNCN
CCNN(C)NNNNC
CCNN(CC)N(N)NN
CCNN(CC)NN(N)N
CCNN(CC)NNNN
CCNN(CN)C(N)NN
CCNN(CN)CN(N)N
CCNN(CN)CNNN
CCNN(CN)N(C)NN
CCNN(CN)N(N)CN
CCNN(CN)N(N)NC
CCNN(CN)NC(N)N
CCNN(CN)NCNN
CCNN(CN)NN(N)C
CCNN(CN)NNCN
CCNN(CN)NNNC
CCNN(CNN)CNN
CCNN(N(C)C)N(N)N
CCNN(N(C)C)NNN
CCNN(N(N)C)C(N)N
CCNN(N(N)C)CNN
CCNN(N(N)C)N(N)C
CCNN(N(N)C)NCN
CCNN(N(N)C)NNC
CCNN(N(N)N)C(N)C
CCNN(N(N)N)CCN
CCNN(N(N)N)CNC
CCNN(N(N)N)NCC
CCNN(N)C(C)(N)NN
CCNN(N)C(C)N(N)N
CCNN(N)C(C)NNN
CCNN(N)C(N)(N)CN
CCNN(N)C(N)(N)NC
CCNN(N)C(N)C(N)N
CCNN(N)C(N)CNN
CCNN(N)C(N)N(N)C
CCNN(N)C(N)NCN
CCNN(N)C(N)NNC
CCNN(N)C(NN)CN
CCNN(N)C(NN)NC
CCNN(N)CC(N)(N)N
CCNN(N)CC(N)NN
CCNN(N)CCN(N)N
CCNN(N)CCNNN
CCNN(N)CN(C)NN
CCNN(N)CN(N)CN
CCNN(N)CN(N)NC
CCNN(N)CNC(N)N
CCNN(N)CNCNN
CCNN(N)CNN(N)C
CCNN(N)CNNCN
CCNN(N)CNNNC
CCNN(N)N(C)C(N)N
CCNN(N)N(C)CNN
CCNN(N)N(C)N(N)C
CCNN(N)N(C)NCN
CCNN(N)N(C)NNC
CCNN(N)N(CN)CN
CCNN(N)N(N)C(N)C
CCNN(N)N(N)CCN
CCNN(N)N(N)CNC
CCNN(N)N(N)N(C)C
CCNN(N)N(N)NCC
CCNN(N)N(NC)CN
CCNN(N)N(NC)NC
CCNN(N)N(NN)CC
CCNN(N)NC(C)NN
CCNN(N)NC(N)(N)C
CCNN(N)NC(N)CN
CCNN(N)NC(N)NC
CCNN(N)NCC(N)N
CCNN(N)NCCNN
CCNN(N)NCN(N)C
CCNN(N)NCNCN
CCNN(N)NCNNC
CCNN(N)NN(C)CN
CCNN(N)NN(C)NC
CCNN(N)NN(N)CC
CCNN(N)NNC(N)C
CCNN(N)NNCCN
CCNN(N)NNCNC
CCNN(N)NNN(C)C
CCNN(NC)C(N)(N)N
CCNN(NC)C(N)NN
CCNN(NC)CN(N)N
CCNN(NC)CNNN
CCNN(NC)N(C)NN
CCNN(NC)N(N)CN
CCNN(NC)N(N)NC
CCNN(NC)NC(N)N
CCNN(NC)NCNN
CCNN(NC)NN(N)C
CCNN(NC)NNCN
CCNN(NC)NNNC
CCNN(NCC)NNN
CCNN(NCN)CNN
CCNN(NCN)NCN
CCNN(NCN)NNC
CCNN(NN)C(C)NN
CCNN(NN)C(N)(N)C
CCNN(NN)C(N)CN
CCNN(NN)C(N)NC
CCNN(NN)CC(N)N
CCNN(NN)CCNN
CCNN(NN)CN(N)C
CCNN(NN)CNCN
CCNN(NN)CNNC
CCNN(NN)N(C)CN
CCNN(NN)N(C)NC
CCNN(NN)N(N)CC
CCNN(NN)NC(N)C
CCNN(NN)NCCN
CCNN(NN)NCNC
CCNN(NN)NN(C)C
CCNN(NNC)CNN
CCNN(NNC)NNC
CCNN(NNN)CCN
CCNN(NNN)CNC
CCNNC(C)(N)N(N)N
CCNNC(C)(N)NNN
CCNNC(C)(NN)NN
CCNNC(C)N(N)NN
CCNNC(C)NN(N)N
CCNNC(C)NNNN
CCNNC(CN)NNN
CCNNC(N(N)C)NN
CCNNC(N(N)N)CN
CCNNC(N(N)N)NC
CCNNC(N)(N)C(N)N
CCNNC(N)(N)CNN
CCNNC(N)(N)N(N)C
CCNNC(N)(N)NCN
CCNNC(N)(N)NNC
CCNNC(N)(NN)CN
CCNNC(N)(NN)NC
CCNNC(N)C(N)(N)N
CCNNC(N)C(N)NN
CCNNC(N)CN(N)N
CCNNC(N)CNNN
CCNNC(N)N(C)NN
CCNNC(N)N(N)CN
CCNNC(N)N(N)NC
CCNNC(N)NC(N)N
CCNNC(N)NCNN
CCNNC(N)NN(N)C
CCNNC(N)NNCN
CCNNC(N)NNNC
CCNNC(NC)NNN
CCNNC(NN)C(N)N
CCNNC(NN)CNN
CCNNC(NN)NCN
CCNNC(NN)NNC
CCNNCC(N)(N)NN
CCNNCC(N)N(N)N
CCNNCC(N)NNN
CCNNCC(NN)NN
CCNNCCN(N)NN
CCNNCCNN(N)N
CCNNCCNNNN
CCNNCN(C)N(N)N
CCNNCN(C)NNN
CCNNCN(N)C(N)N
CCNNCN(N)CNN
CCNNCN(N)N(N)C
CCNNCN(N)NCN
CCNNCN(N)NNC
CCNNCN(NC)NN
CCNNCN(NN)CN
CCNNCNC(N)(N)N
CCNNCNC(N)NN
CCNNCNCN(N)N
CCNNCNCNNN
CCNNCNN(C)NN
CCNNCNN(N)CN
CCNNCNN(N)NC
CCNNCNNC(N)N
CCNNCNNCNN
CCNNCNNN(N)C
CCNNCNNNCN
CCNNCNNNNC
CCNNN(C(N)N)CN
CCNNN(C)C(N)(N)N
CCNNN(C)C(N)NN
CCNNN(C)CN(N)N
CCNNN(C)CNNN
CCNNN(C)N(C)NN
CCNNN(C)N(N)CN
CCNNN(C)N(N)NC
CCNNN(C)NC(N)N
CCNNN(C)NCNN
CCNNN(C)NN(N)C
CCNNN(C)NNCN
CCNNN(C)NNNC
CCNNN(CC)NNN
CCNNN(CN)CNN
CCNNN(CN)NCN
CCNNN(CN)NNC
CCNNN(N(C)C)NN
CCNNN(N(N)C)CN
CCNNN(N(N)C)NC
CCNNN(N(N)N)CC
CCNNN(N)C(C)NN
CCNNN(N)C(N)(N)C
CCNNN(N)C(N)CN
CCNNN(N)C(N)NC
CCNNN(N)CC(N)N
CCNNN(N)CCNN
CCNNN(N)CN(N)C
CCNNN(N)CNCN
CCNNN(N)CNNC
CCNNN(N)N(C)CN
CCNNN(N)N(C)NC
CCNNN(N)N(N)CC
CCNNN(N)NC(N)C
CCNNN(N)NCCN
CCNNN(N)NCNC
CCNNN(N)NN(C)C
CCNNN(N)NNCC
CCNNN(NC)C(N)N
CCNNN(NC)CNN
CCNNN(NC)NCN
CCNNN(NC)NNC
CCNNN(NN)C(N)C
CCNNN(NN)CCN
CCNNN(NN)CNC
CCNNN(NN)NCC
CCNNNC(C)(N)NN
CCNNNC(C)N(N)N
CCNNNC(C)NNN
CCNNNC(N)(N)CN
CCNNNC(N)(N)NC
CCNNNC(N)C(N)N
CCNNNC(N)CNN
CCNNNC(N)N(N)C
CCNNNC(N)NCN
CCNNNC(N)NNC
CCNNNC(NN)CN
CCNNNC(NN)NC
CCNNNCC(N)(N)N
CCNNNCC(N)NN
CCNNNCCN(N)N
CCNNNCCNNN
CCNNNCN(C)NN
CCNNNCN(N)CN
CCNNNCN(N)NC
CCNNNCNC(N)N
CCNNNCNCNN
CCNNNCNN(N)C
CCNNNCNNCN
CCNNNCNNNC
CCNNNN(C)C(N)N
CCNNNN(C)CNN
CCNNNN(C)N(N)C
CCNNNN(C)NCN
CCNNNN(C)NNC
CCNNNN(CN)CN
CCNNNN(N)C(N)C
CCNNNN(N)CCN
CCNNNN(N)CNC
CCNNNN(N)N(C)C
CCNNNN(N)NCC
CCNNNN(NC)CN
CCNNNN(NC)NC
CCNNNN(NN)CC
CCNNNNC(C)NN
CCNNNNC(N)(N)C
CCNNNNC(N)CN
CCNNNNC(N)NC
CCNNNNCC(N)N
CCNNNNCCNN
CCNNNNCN(N)C
CCNNNNCNCN
CCNNNNCNNC
CCNNNNN(C)CN
CCNNNNN(C)NC
CCNNNNN(N)CC
CCNNNNNC(N)C
CCNNNNNCCN
CCNNNNNCNC
CCNNNNNN(C)C
CCNNNNNNCC
CN(C)C(C(N)N)NNN
CN(C)C(C)(N(N)N)NN
CN(C)C(C)(N)N(N)NN
CN(C)C(C)(N)NN(N)N
CN(C)C(C)(N)NNNN
CN(C)C(C)(NN)NNN
CN(C)C(C)N(N)N(N)N
CN(C)C(C)N(N)NNN
CN(C)C(C)N(NN)NN
CN(C)C(C)NN(N)NN
CN(C)C(C)NNN(N)N
CN(C)C(C)NNNNN
CN(C)C(CN)(N)NNN
CN(C)C(CN)N(N)NN
CN(C)C(CN)NN(N)N
CN(C)C(CN)NNNN
CN(C)C(N(N)C)NNN
CN(C)C(N(N)N)C(N)N
CN(C)C(N(N)N)CNN
CN(C)C(N(N)N)N(N)C
CN(C)C(N(N)N)NCN
CN(C)C(N)(N(N)C)NN
CN(C)C(N)(N(N)N)CN
CN(C)C(N)(N)C(N)(N)N
CN(C)C(N)(N)C(N)NN
CN(C)C(N)(N)CN(N)N
CN(C)C(N)(N)CNNN
CN(C)C(N)(N)N(C)NN
CN(C)C(N)(N)N(N)CN
CN(C)C(N)(N)NC(N)N
CN(C)C(N)(N)NCNN
CN(C)C(N)(N)NN(N)C
CN(C)C(N)(N)NNCN
CN(C)C(N)(NN)C(N)N
CN(C)C(N)(NN)CNN
CN(C)C(N)(NN)NCN
CN(C)C(N)C(N)(N)NN
CN(C)C(N)C(N)N(N)N
CN(C)C(N)C(N)NNN
CN(C)C(N)C(NN)NN
CN(C)C(N)CN(N)NN
CN(C)C(N)CNN(N)N
CN(C)C(N)CNNNN
CN(C)C(N)N(C)N(N)N
CN(C)C(N)N(C)NNN
CN(C)C(N)N(N)C(N)N
CN(C)C(N)N(N)CNN
CN(C)C(N)N(N)N(N)C
CN(C)C(N)N(N)NCN
CN(C)C(N)N(NN)CN
CN(C)C(N)NC(N)(N)N
CN(C)C(N)NC(N)NN
CN(C)C(N)NCN(N)N
CN(C)C(N)NCNNN
CN(C)C(N)NN(C)NN
CN(C)C(N)NN(N)CN
CN(C)C(N)NNC(N)N
CN(C)C(N)NNCNN
CN(C)C(N)NNN(N)C
CN(C)C(N)NNNCN
CN(C)C(NN)(NN)CN
CN(C)C(NN)C(N)(N)N
CN(C)C(NN)C(N)NN
CN(C)C(NN)CN(N)N
CN(C)C(NN)CNNN
CN(C)C(NN)N(C)NN
CN(C)C(NN)N(N)CN
CN(C)C(NN)NC(N)N
CN(C)C(NN)NCNN
CN(C)C(NN)NN(N)C
CN(C)C(NN)NNCN
CN(C)CC(N(N)N)NN
CN(C)CC(N)(N)N(N)N
CN(C)CC(N)(N)NNN
CN(C)CC(N)(NN)NN
CN(C)CC(N)N(N)NN
CN(C)CC(N)NN(N)N
CN(C)CC(N)NNNN
CN(C)CC(NN)NNN
CN(C)CCN(N)N(N)N
CN(C)CCN(N)NNN
CN(C)CCN(NN)NN
CN(C)CCNN(N)NN
CN(C)CCNNN(N)N
CN(C)CCNNNNN
CN(C)CN(C)N(N)NN
CN(C)CN(C)NN(N)N
CN(C)CN(C)NNNN
CN(C)CN(CN)NNN
CN(C)CN(N(N)C)NN
CN(C)CN(N(N)N)CN
CN(C)CN(N)C(N)(N)N
CN(C)CN(N)C(N)NN
CN(C)CN(N)CN(N)N
CN(C)CN(N)CNNN
CN(C)CN(N)N(C)NN
CN(C)CN(N)N(N)CN
CN(C)CN(N)NC(N)N
CN(C)CN(N)NCNN
CN(C)CN(N)NN(N)C
CN(C)CN(N)NNCN
CN(C)CN(NC)NNN
CN(C)CN(NN)C(N)N
CN(C)CN(NN)CNN
CN(C)CN(NN)NCN
CN(C)CNC(N)(N)NN
CN(C)CNC(N)N(N)N
CN(C)CNC(N)NNN
CN(C)CNC(NN)NN
CN(C)CNCN(N)NN
CN(C)CNCNN(N)N
CN(C)CNCNNNN
CN(C)CNN(C)N(N)N
CN(C)CNN(C)NNN
CN(C)CNN(N)C(N)N
CN(C)CNN(N)CNN
CN(C)CNN(N)N(N)C
CN(C)CNN(N)NCN
CN(C)CNN(NN)CN
CN(C)CNNC(N)(N)N
CN(C)CNNC(N)NN
CN(C)CNNCN(N)N
CN(C)CNNCNNN
CN(C)CNNN(C)NN
CN(C)CNNN(N)CN
CN(C)CNNNC(N)N
CN(C)CNNNCNN
CN(C)CNNNN(N)C
CN(C)CNNNNCN
CN(C)N(C(N)(N)N)CN
CN(C)N(C(N)N)C(N)N
CN(C)N(C(N)N)CNN
CN(C)N(C(N)N)NCN
CN(C)N(C)C(N)(N)NN
CN(C)N(C)C(N)N(N)N
CN(C)N(C)C(N)NNN
CN(C)N(C)C(NN)NN
CN(C)N(C)CN(N)NN
CN(C)N(C)CNN(N)N
CN(C)N(C)CNNNN
CN(C)N(C)N(C)N(N)N
CN(C)N(C)N(C)NNN
CN(C)N(C)N(N)C(N)N
CN(C)N(C)N(N)CNN
CN(C)N(C)N(N)NCN
CN(C)N(C)N(NN)CN
CN(C)N(C)NC(N)(N)N
CN(C)N(C)NC(N)NN
CN(C)N(C)NCN(N)N
CN(C)N(C)NCNNN
CN(C)N(C)NN(C)NN
CN(C)N(C)NN(N)CN
CN(C)N(C)NNC(N)N
CN(C)N(C)NNCNN
CN(C)N(C)NNNCN
CN(C)N(CN)C(N)NN
CN(C)N(CN)CN(N)N
CN(C)N(CN)CNNN
CN(C)N(CN)N(C)NN
CN(C)N(CN)N(N)CN
CN(C)N(CN)NC(N)N
CN(C)N(CN)NCNN
CN(C)N(CN)NNCN
CN(C)N(N(C)C)N(N)N
CN(C)N(N(C)C)NNN
CN(C)N(N(N)N)CCN
CN(C)N(N)C(C)(N)NN
CN(C)N(N)C(C)N(N)N
CN(C)N(N)C(C)NNN
CN(C)N(N)C(N)(N)CN
CN(C)N(N)C(N)C(N)N
CN(C)N(N)C(N)CNN
CN(C)N(N)C(N)NCN
CN(C)N(N)C(NN)CN
CN(C)N(N)CC(N)(N)N
CN(C)N(N)CC(N)NN
CN(C)N(N)CCN(N)N
CN(C)N(N)CCNNN
CN(C)N(N)CN(C)NN
CN(C)N(N)CN(N)CN
CN(C)N(N)CNC(N)N
CN(C)N(N)CNCNN
CN(C)N(N)CNNCN
CN(C)N(N)N(C)C(N)N
CN(C)N(N)N(C)CNN
CN(C)N(N)N(C)NCN
CN(C)N(N)N(CN)CN
CN(C)N(N)N(N)CCN
CN(C)N(N)N(N)N(C)C
CN(C)N(N)NC(C)NN
CN(C)N(N)NC(N)CN
CN(C)N(N)NCC(N)N
CN(C)N(N)NCCNN
CN(C)N(N)NCNCN
CN(C)N(N)NN(C)CN
CN(C)N(N)NNCCN
CN(C)N(NN)C(C)NN
CN(C)N(NN)C(N)CN
CN(C)N(NN)CC(N)N
CN(C)N(NN)CCNN
CN(C)N(NN)CNCN
CN(C)N(NN)N(C)CN
CN(C)N(NN)NCCN
CN(C)NC(C)(N)N(N)N
CN(C)NC(C)(N)NNN
CN(C)NC(C)(NN)NN
CN(C)NC(C)N(N)NN
CN(C)NC(C)NN(N)N
CN(C)NC(C)NNNN
CN(C)NC(CN)NNN
CN(C)NC(N(N)C)NN
CN(C)NC(N(N)N)CN
CN(C)NC(N)(N)C(N)N
CN(C)NC(N)(N)CNN
CN(C)NC(N)(N)N(N)C
CN(C)NC(N)(N)NCN
CN(C)NC(N)(NN)CN
CN(C)NC(N)C(N)(N)N
CN(C)NC(N)C(N)NN
CN(C)NC(N)CN(N)N
CN(C)NC(N)CNNN
CN(C)NC(N)N(C)NN
CN(C)NC(N)N(N)CN
CN(C)NC(N)NC(N)N
CN(C)NC(N)NCNN
CN(C)NC(N)NNCN
CN(C)NC(NC)NNN
CN(C)NC(NN)C(N)N
CN(C)NC(NN)CNN
CN(C)NC(NN)NCN
CN(C)NCC(N)(N)NN
CN(C)NCC(N)N(N)N
CN(C)NCC(N)NNN
CN(C)NCC(NN)NN
CN(C)NCCN(N)NN
CN(C)NCCNN(N)N
CN(C)NCCNNNN
CN(C)NCN(C)N(N)N
CN(C)NCN(C)NNN
CN(C)NCN(N)C(N)N
CN(C)NCN(N)CNN
CN(C)NCN(N)NCN
CN(C)NCN(NN)CN
CN(C)NCNC(N)(N)N
CN(C)NCNC(N)NN
CN(C)NCNCN(N)N
CN(C)NCNCNNN
CN(C)NCNN(C)NN
CN(C)NCNN(N)CN
CN(C)NCNNC(N)N
CN(C)NCNNCNN
CN(C)NCNNNCN
CN(C)NN(C(N)N)CN
CN(C)NN(C)C(N)(N)N
CN(C)NN(C)C(N)NN
CN(C)NN(C)CN(N)N
CN(C)NN(C)CNNN
CN(C)NN(C)N(C)NN
CN(C)NN(C)N(N)CN
CN(C)NN(C)NC(N)N
CN(C)NN(C)NCNN
CN(C)NN(C)NNCN
CN(C)NN(CC)NNN
CN(C)NN(CN)CNN
CN(C)NN(CN)NCN
CN(C)NN(N(C)C)NN
CN(C)NN(N)C(C)NN
CN(C)NN(N)C(N)CN
CN(C)NN(N)CC(N)N
CN(C)NN(N)CCNN
CN(C)NN(N)CNCN
CN(C)NN(N)N(C)CN
CN(C)NN(N)NCCN
CN(C)NN(N)NN(C)C
CN(C)NN(NC)CNN
CN(C)NN(NC)NCN
CN(C)NN(NN)CCN
CN(C)NNC(C)(N)NN
CN(C)NNC(C)N(N)N
CN(C)NNC(C)NNN
CN(C)NNC(N)(N)CN
CN(C)NNC(N)C(N)N
CN(C)NNC(N)CNN
CN(C)NNC(N)N(N)C
CN(C)NNC(N)NCN
CN(C)NNC(NN)CN
CN(C)NNCC(N)(N)N
CN(C)NNCC(N)NN
CN(C)NNCCN(N)N
CN(C)NNCCNNN
CN(C)NNCN(C)NN
CN(C)NNCN(N)CN
CN(C)NNCNC(N)N
CN(C)NNCNCNN
CN(C)NNCNNCN
CN(C)NNN(C)C(N)N
CN(C)NNN(C)CNN
CN(C)NNN(C)NCN
CN(C)NNN(CN)CN
CN(C)NNN(N)CCN
CN(C)NNN(N)N(C)C
CN(C)NNNC(C)NN
CN(C)NNNC(N)CN
CN(C)NNNCC(N)N
CN(C)NNNCCNN
CN(C)NNNCN(N)C
CN(C)NNNCNCN
CN(C)NNNN(C)CN
CN(C)NNNNCCN
CN(C)NNNNN(C)C
CN(N)C(C(N)(N)N)CN
CN(N)C(C(N)N)(N)CN
CN(N)C(C(N)N)C(N)N
CN(N)C(C(N)N)CNN
CN(N)C(C(N)N)NCN
CN(N)C(C)(C)N(N)NN
CN(N)C(C)(C)NN(N)N
CN(N)C(C)(C)NNNN
CN(N)C(C)(CN)NNN
CN(N)C(C)(N(N)C)NN
CN(N)C(C)(N(N)N)CN
CN(N)C(C)(N)C(N)(N)N
CN(N)C(C)(N)C(N)NN
CN(N)C(C)(N)CN(N)N
CN(N)C(C)(N)CNNN
CN(N)C(C)(N)N(C)NN
CN(N)C(C)(N)N(N)CN
CN(N)C(C)(N)NC(N)N
CN(N)C(C)(N)NCNN
CN(N)C(C)(N)NNCN
CN(N)C(C)(NN)C(N)N
CN(N)C(C)(NN)CNN
CN(N)C(C)(NN)NCN
CN(N)C(C)C(N)(N)NN
CN(N)C(C)C(N)N(N)N
CN(N)C(C)C(N)NNN
CN(N)C(C)C(NN)NN
CN(N)C(C)CN(N)NN
CN(N)C(C)CNN(N)N
CN(N)C(C)CNNNN
CN(N)C(C)N(C)N(N)N
CN(N)C(C)N(C)NNN
CN(N)C(C)N(N)C(N)N
CN(N)C(C)N(N)CNN
CN(N)C(C)N(N)NCN
CN(N)C(C)N(NN)CN
CN(N)C(C)NC(N)(N)N
CN(N)C(C)NC(N)NN
CN(N)C(C)NCN(N)N
CN(N)C(C)NCNNN
CN(N)C(C)NN(C)NN
CN(N)C(C)NN(N)CN
CN(N)C(C)NNC(N)N
CN(N)C(C)NNCNN
CN(N)C(C)NNNCN
CN(N)C(CN)(N)CNN
CN(N)C(CN)(N)NCN
CN(N)C(CN)(NN)CN
CN(N)C(CN)C(N)NN
CN(N)C(CN)CN(N)N
CN(N)C(CN)CNNN
CN(N)C(CN)N(C)NN
CN(N)C(CN)N(N)CN
CN(N)C(CN)NC(N)N
CN(N)C(CN)NCNN
CN(N)C(CN)NNCN
CN(N)C(N(N)C)C(N)N
CN(N)C(N(N)C)CNN
CN(N)C(N(N)C)N(N)C
CN(N)C(N(N)C)NCN
CN(N)C(N(N)N)CCN
CN(N)C(N)(N(N)C)CN
CN(N)C(N)(N)C(C)NN
CN(N)C(N)(N)C(N)CN
CN(N)C(N)(N)CC(N)N
CN(N)C(N)(N)CCNN
CN(N)C(N)(N)CNCN
CN(N)C(N)(N)N(C)CN
CN(N)C(N)(N)NCCN
CN(N)C(N)(NN)CCN
CN(N)C(N)C(C)(N)NN
CN(N)C(N)C(C)N(N)N
CN(N)C(N)C(C)NNN
CN(N)C(N)C(N)(N)CN
CN(N)C(N)C(N)C(N)N
CN(N)C(N)C(N)CNN
CN(N)C(N)C(N)N(N)C
CN(N)C(N)C(N)NCN
CN(N)C(N)C(NN)CN
CN(N)C(N)CC(N)(N)N
CN(N)C(N)CC(N)NN
CN(N)C(N)CCN(N)N
CN(N)C(N)CCNNN
CN(N)C(N)CN(C)NN
CN(N)C(N)CN(N)CN
CN(N)C(N)CNC(N)N
CN(N)C(N)CNCNN
CN(N)C(N)CNNCN
CN(N)C(N)N(C)C(N)N
CN(N)C(N)N(C)CNN
CN(N)C(N)N(C)NCN
CN(N)C(N)N(CN)CN
CN(N)C(N)N(N)CCN
CN(N)C(N)N(N)N(C)C
CN(N)C(N)NC(C)NN
CN(N)C(N)NC(N)CN
CN(N)C(N)NCC(N)N
CN(N)C(N)NCCNN
CN(N)C(N)NCNCN
CN(N)C(N)NN(C)CN
CN(N)C(N)NNCCN
CN(N)C(NN)C(C)NN
CN(N)C(NN)C(N)CN
CN(N)C(NN)CC(N)N
CN(N)C(NN)CCNN
CN(N)C(NN)CNCN
CN(N)C(NN)N(C)CN
CN(N)C(NN)NCCN
CN(N)CC(C)(N)N(N)N
CN(N)CC(C)(N)NNN
CN(N)CC(C)(NN)NN
CN(N)CC(C)N(N)NN
CN(N)CC(C)NN(N)N
CN(N)CC(C)NNNN
CN(N)CC(CN)NNN
CN(N)CC(N(N)C)NN
CN(N)CC(N(N)N)CN
CN(N)CC(N)(N)C(N)N
CN(N)CC(N)(N)CNN
CN(N)CC(N)(N)N(N)C
CN(N)CC(N)(N)NCN
CN(N)CC(N)(NN)CN
CN(N)CC(N)C(N)(N)N
CN(N)CC(N)C(N)NN
CN(N)CC(N)CN(N)N
CN(N)CC(N)CNNN
CN(N)CC(N)N(C)NN
CN(N)CC(N)N(N)CN
CN(N)CC(N)NC(N)N
CN(N)CC(N)NCNN
CN(N)CC(N)NNCN
CN(N)CC(NC)NNN
CN(N)CC(NN)C(N)N
CN(N)CC(NN)CNN
CN(N)CC(NN)NCN
CN(N)CCC(N)(N)NN
CN(N)CCC(N)N(N)N
CN(N)CCC(N)NNN
CN(N)CCC(NN)NN
CN(N)CCCN(N)NN
CN(N)CCCNN(N)N
CN(N)CCCNNNN
CN(N)CCN(C)N(N)N
CN(N)CCN(C)NNN
CN(N)CCN(N)C(N)N
CN(N)CCN(N)CNN
CN(N)CCN(N)NCN
CN(N)CCN(NN)CN
CN(N)CCNC(N)(N)N
CN(N)CCNC(N)NN
CN(N)CCNCN(N)N
CN(N)CCNCNNN
CN(N)CCNN(C)NN
CN(N)CCNN(N)CN
CN(N)CCNNC(N)N
CN(N)CCNNCNN
CN(N)CCNNNCN
CN(N)CN(C(N)N)CN
CN(N)CN(C)C(N)(N)N
CN(N)CN(C)C(N)NN
CN(N)CN(C)CN(N)N
CN(N)CN(C)CNNN
CN(N)CN(C)N(C)NN
CN(N)CN(C)N(N)CN
CN(N)CN(C)NC(N)N
CN(N)CN(C)NCNN
CN(N)CN(C)NNCN
CN(N)CN(CC)NNN
CN(N)CN(CN)CNN
CN(N)CN(CN)NCN
CN(N)CN(N(C)C)NN
CN(N)CN(N)C(C)NN
CN(N)CN(N)C(N)CN
CN(N)CN(N)CC(N)N
CN(N)CN(N)CCNN
CN(N)CN(N)CN(N)C
CN(N)CN(N)CNCN
CN(N)CN(N)N(C)CN
CN(N)CN(N)NCCN
CN(N)CN(N)NN(C)C
CN(N)CN(NC)CNN
CN(N)CN(NC)NCN
CN(N)CN(NN)CCN
CN(N)CNC(C)(N)NN
CN(N)CNC(C)N(N)N
CN(N)CNC(C)NNN
CN(N)CNC(N)(N)CN
CN(N)CNC(N)C(N)N
CN(N)CNC(N)CNN
CN(N)CNC(N)N(N)C
CN(N)CNC(N)NCN
CN(N)CNC(NN)CN
CN(N)CNCC(N)(N)N
CN(N)CNCC(N)NN
CN(N)CNCCN(N)N
CN(N)CNCCNNN
CN(N)CNCN(C)NN
CN(N)CNCN(N)CN
CN(N)CNCNC(N)N
CN(N)CNCNCNN
CN(N)CNCNNCN
CN(N)CNN(C)C(N)N
CN(N)CNN(C)CNN
CN(N)CNN(C)NCN
CN(N)CNN(CN)CN
CN(N)CNN(N)CCN
CN(N)CNN(N)N(C)C
CN(N)CNNC(C)NN
CN(N)CNNC(N)CN
CN(N)CNNCC(N)N
CN(N)CNNCCNN
CN(N)CNNCN(N)C
CN(N)CNNCNCN
CN(N)CNNN(C)CN
CN(N)CNNNCCN
CN(N)N(C(N)N)CCN
CN(N)N(C)C(C)(N)NN
CN(N)N(C)C(C)N(N)N
CN(N)N(C)C(C)NNN
CN(N)N(C)C(N)(N)CN
CN(N)N(C)C(N)C(N)N
CN(N)N(C)C(N)CNN
CN(N)N(C)C(N)N(N)C
CN(N)N(C)C(N)NCN
CN(N)N(C)C(NN)CN
CN(N)N(C)CC(N)(N)N
CN(N)N(C)CC(N)NN
CN(N)N(C)CCN(N)N
CN(N)N(C)CCNNN
CN(N)N(C)CN(C)NN
CN(N)N(C)CN(N)CN
CN(N)N(C)CNC(N)N
CN(N)N(C)CNCNN
CN(N)N(C)CNNCN
CN(N)N(C)N(C)C(N)N
CN(N)N(C)N(C)CNN
CN(N)N(C)N(C)N(N)C
CN(N)N(C)N(C)NCN
CN(N)N(C)N(CN)CN
CN(N)N(C)N(N)CCN
CN(N)N(C)N(N)N(C)C
CN(N)N(C)NC(C)NN
CN(N)N(C)NC(N)CN
CN(N)N(C)NCC(N)N
CN(N)N(C)NCCNN
CN(N)N(C)NCN(N)C
CN(N)N(C)NCNCN
CN(N)N(C)NN(C)CN
CN(N)N(C)NNCCN
CN(N)N(C)NNN(C)C
CN(N)N(CN)C(C)NN
CN(N)N(CN)C(N)CN
CN(N)N(CN)CC(N)N
CN(N)N(CN)CCNN
CN(N)N(CN)CN(N)C
CN(N)N(CN)CNCN
CN(N)N(CN)N(C)CN
CN(N)N(CN)NCCN
CN(N)N(CN)NN(C)C
CN(N)N(N(C)C)C(N)N
CN(N)N(N(C)C)CNN
CN(N)N(N(C)C)N(N)C
CN(N)N(N(C)C)NCN
CN(N)N(N(N)C)CCN
CN(N)N(N)C(C)(C)NN
CN(N)N(N)C(C)(N)CN
CN(N)N(N)C(C)C(N)N
CN(N)N(N)C(C)CNN
CN(N)N(N)C(C)N(N)C
CN(N)N(N)C(C)NCN
CN(N)N(N)C(CN)CN
CN(N)N(N)C(N)CCN
CN(N)N(N)CC(C)NN
CN(N)N(N)CC(N)CN
CN(N)N(N)CCC(N)N
CN(N)N(N)CCCNN
CN(N)N(N)CCN(N)C
CN(N)N(N)CCNCN
CN(N)N(N)CN(C)CN
CN(N)N(N)CNCCN
CN(N)N(N)CNN(C)C
CN(N)N(N)N(C)CCN
CN(N)N(N)N(C)N(C)C
CN(N)N(N)NC(C)CN
CN(N)N(N)NCCCN
CN(N)N(NN)C(C)CN
CN(N)N(NN)CCCN
CN(N)NC(C(N)N)CN
CN(N)NC(C)(C)N(N)N
CN(N)NC(C)(C)NNN
CN(N)NC(C)(N)C(N)N
CN(N)NC(C)(N)CNN
CN(N)NC(C)(N)N(N)C
CN(N)NC(C)(N)NCN
CN(N)NC(C)(NN)CN
CN(N)NC(C)C(N)(N)N
CN(N)NC(C)C(N)NN
CN(N)NC(C)CN(N)N
CN(N)NC(C)CNNN
CN(N)NC(C)N(C)NN
CN(N)NC(C)N(N)CN
CN(N)NC(C)NC(N)N
CN(N)NC(C)NCNN
CN(N)NC(C)NN(N)C
CN(N)NC(C)NNCN
CN(N)NC(CC)NNN
CN(N)NC(CN)(N)CN
CN(N)NC(CN)CNN
CN(N)NC(CN)NCN
CN(N)NC(N(N)C)CN
CN(N)NC(N)(N)CCN
CN(N)NC(N)C(C)NN
CN(N)NC(N)C(N)CN
CN(N)NC(N)CC(N)N
CN(N)NC(N)CCNN
CN(N)NC(N)CN(N)C
CN(N)NC(N)CNCN
CN(N)NC(N)N(C)CN
CN(N)NC(N)NCCN
CN(N)NC(N)NN(C)C
CN(N)NC(NC)CNN
CN(N)NC(NC)NCN
CN(N)NC(NN)CCN
CN(N)NCC(C)(N)NN
CN(N)NCC(C)N(N)N
CN(N)NCC(C)NNN
CN(N)NCC(N)(N)CN
CN(N)NCC(N)C(N)N
CN(N)NCC(N)CNN
CN(N)NCC(N)N(N)C
CN(N)NCC(N)NCN
CN(N)NCC(NN)CN
CN(N)NCCC(N)(N)N
CN(N)NCCC(N)NN
CN(N)NCCCN(N)N
CN(N)NCCCNNN
CN(N)NCCN(C)NN
CN(N)NCCN(N)CN
CN(N)NCCNC(N)N
CN(N)NCCNCNN
CN(N)NCCNN(N)C
CN(N)NCCNNCN
CN(N)NCN(C)C(N)N
CN(N)NCN(C)CNN
CN(N)NCN(C)N(N)C
CN(N)NCN(C)NCN
CN(N)NCN(CN)CN
CN(N)NCN(N)CCN
CN(N)NCN(N)N(C)C
CN(N)NCNC(C)NN
CN(N)NCNC(N)CN
CN(N)NCNCC(N)N
CN(N)NCNCCNN
CN(N)NCNCN(N)C
CN(N)NCNCNCN
CN(N)NCNN(C)CN
CN(N)NCNNCCN
CN(N)NCNNN(C)C
CN(N)NN(C)C(C)NN
CN(N)NN(C)C(N)CN
CN(N)NN(C)CC(N)N
CN(N)NN(C)CCNN
CN(N)NN(C)CN(N)C
CN(N)NN(C)CNCN
CN(N)NN(C)N(C)CN
CN(N)NN(C)NCCN
CN(N)NN(C)NN(C)C
CN(N)NN(CC)CNN
CN(N)NN(CC)NCN
CN(N)NN(CN)CCN
CN(N)NN(N(C)C)CN
CN(N)NN(N)C(C)CN
CN(N)NN(N)CCCN
CN(N)NN(NC)CCN
CN(N)NNC(C)(C)NN
CN(N)NNC(C)(N)CN
CN(N)NNC(C)C(N)N
CN(N)NNC(C)CNN
CN(N)NNC(C)N(N)C
CN(N)NNC(C)NCN
CN(N)NNC(CN)CN
CN(N)NNC(N)CCN
CN(N)NNCC(C)NN
CN(N)NNCC(N)CN
CN(N)NNCCC(N)N
CN(N)NNCCCNN
CN(N)NNCCN(N)C
CN(N)NNCCNCN
CN(N)NNCN(C)CN
CN(N)NNCNCCN
CN(N)NNCNN(C)C
CN(N)NNN(C)CCN
CN(N)NNN(C)N(C)C
CN(N)NNNC(C)CN
CN(N)NNNCCCN
CNC(C(N)(N)N)(N)CN
CNC(C(N)(N)N)C(N)N
CNC(C(N)(N)N)CNN
CNC(C(N)(N)N)NCN
CNC(C(N)(N)N)NNC
CNC(C(N)N)(N)C(N)N
CNC(C(N)N)(N)CNN
CNC(C(N)N)(N)NCN
CNC(C(N)N)(N)NNC
CNC(C(N)N)(NN)CN
CNC(C(N)N)C(N)NN
CNC(C(N)N)CN(N)N
CNC(C(N)N)CNNN
CNC(C(N)N)N(C)NN
CNC(C(N)N)N(N)CN
CNC(C(N)N)N(N)NC
CNC(C(N)N)NC(N)N
CNC(C(N)N)NCNN
CNC(C(N)N)NN(N)C
CNC(C(N)N)NNCN
CNC(C(N)N)NNNC
CNC(C)(C(N)N)NNN
CNC(C)(C)N(N)N(N)N
CNC(C)(C)N(N)NNN
CNC(C)(C)N(NN)NN
CNC(C)(C)NN(N)NN
CNC(C)(C)NNN(N)N
CNC(C)(C)NNNNN
CNC(C)(CN)N(N)NN
CNC(C)(CN)NN(N)N
CNC(C)(CN)NNNN
CNC(C)(N(N)C)NNN
CNC(C)(N(N)N)C(N)N
CNC(C)(N(N)N)CNN
CNC(C)(N(N)N)N(N)C
CNC(C)(N(N)N)NCN
CNC(C)(N(N)N)NNC
CNC(C)(N)C(N)(N)NN
CNC(C)(N)C(N)N(N)N
CNC(C)(N)C(N)NNN
CNC(C)(N)C(NN)NN
CNC(C)(N)CN(N)NN
CNC(C)(N)CNN(N)N
CNC(C)(N)CNNNN
CNC(C)(N)N(C)N(N)N
CNC(C)(N)N(C)NNN
CNC(C)(N)N(N)C(N)N
CNC(C)(N)N(N)CNN
CNC(C)(N)N(N)N(N)C
CNC(C)(N)N(N)NCN
CNC(C)(N)N(N)NNC
CNC(C)(N)N(NC)NN
CNC(C)(N)N(NN)CN
CNC(C)(N)NC(N)(N)N
CNC(C)(N)NC(N)NN
CNC(C)(N)NCN(N)N
CNC(C)(N)NCNNN
CNC(C)(N)NN(C)NN
CNC(C)(N)NN(N)CN
CNC(C)(N)NN(N)NC
CNC(C)(N)NNC(N)N
CNC(C)(N)NNCNN
CNC(C)(N)NNN(N)C
CNC(C)(N)NNNCN
CNC(C)(N)NNNNC
CNC(C)(NC)N(N)NN
CNC(C)(NC)NN(N)N
CNC(C)(NC)NNNN
CNC(C)(NN)C(N)(N)N
CNC(C)(NN)C(N)NN
CNC(C)(NN)CN(N)N
CNC(C)(NN)CNNN
CNC(C)(NN)N(C)NN
CNC(C)(NN)N(N)CN
CNC(C)(NN)N(N)NC
CNC(C)(NN)NC(N)N
CNC(C)(NN)NCNN
CNC(C)(NN)NN(N)C
CNC(C)(NN)NNCN
CNC(C)(NN)NNNC
CNC(C)C(N(N)N)NN
CNC(C)C(N)(N)N(N)N
CNC(C)C(N)(N)NNN
CNC(C)C(N)(NN)NN
CNC(C)C(N)N(N)NN
CNC(C)C(N)NN(N)N
CNC(C)C(N)NNNN
CNC(C)C(NN)NNN
CNC(C)CN(N)N(N)N
CNC(C)CN(N)NNN
CNC(C)CN(NN)NN
CNC(C)CNN(N)NN
CNC(C)CNNN(N)N
CNC(C)CNNNNN
CNC(C)N(C)N(N)NN
CNC(C)N(C)NN(N)N
CNC(C)N(C)NNNN
CNC(C)N(CN)NNN
CNC(C)N(N(N)C)NN
CNC(C)N(N(N)N)CN
CNC(C)N(N(N)N)NC
CNC(C)N(N)C(N)(N)N
CNC(C)N(N)C(N)NN
CNC(C)N(N)CN(N)N
CNC(C)N(N)CNNN
CNC(C)N(N)N(C)NN
CNC(C)N(N)N(N)CN
CNC(C)N(N)N(N)NC
CNC(C)N(N)NC(N)N
CNC(C)N(N)NCNN
CNC(C)N(N)NN(N)C
CNC(C)N(N)NNCN
CNC(C)N(N)NNNC
CNC(C)N(NC)NNN
CNC(C)N(NN)C(N)N
CNC(C)N(NN)CNN
CNC(C)N(NN)NCN
CNC(C)N(NN)NNC
CNC(C)NC(N)(N)NN
CNC(C)NC(N)N(N)N
CNC(C)NC(N)NNN
CNC(C)NC(NN)NN
CNC(C)NCN(N)NN
CNC(C)NCNN(N)N
CNC(C)NCNNNN
CNC(C)NN(C)N(N)N
CNC(C)NN(C)NNN
CNC(C)NN(N)C(N)N
CNC(C)NN(N)CNN
CNC(C)NN(N)N(N)C
CNC(C)NN(N)NCN
CNC(C)NN(N)NNC
CNC(C)NN(NC)NN
CNC(C)NN(NN)CN
CNC(C)NNC(N)(N)N
CNC(C)NNC(N)NN
CNC(C)NNCN(N)N
CNC(C)NNCNNN
CNC(C)NNN(C)NN
CNC(C)NNN(N)CN
CNC(C)NNN(N)NC
CNC(C)NNNC(N)N
CNC(C)NNNCNN
CNC(C)NNNN(N)C
CNC(C)NNNNCN
CNC(C)NNNNNC
CNC(CN)(CN)NNN
CNC(CN)(N(N)N)CN
CNC(CN)(N)C(N)NN
CNC(CN)(N)CN(N)N
CNC(CN)(N)CNNN
CNC(CN)(N)N(C)NN
CNC(CN)(N)N(N)CN
CNC(CN)(N)N(N)NC
CNC(CN)(N)NC(N)N
CNC(CN)(N)NCNN
CNC(CN)(N)NN(N)C
CNC(CN)(N)NNCN
CNC(CN)(N)NNNC
CNC(CN)(NC)NNN
CNC(CN)(NN)CNN
CNC(CN)(NN)NCN
CNC(CN)(NN)NNC
CNC(CN)C(N)(N)NN
CNC(CN)C(N)N(N)N
CNC(CN)C(N)NNN
CNC(CN)C(NN)NN
CNC(CN)CN(N)NN
CNC(CN)CNN(N)N
CNC(CN)CNNNN
CNC(CN)N(C)N(N)N
CNC(CN)N(C)NNN
CNC(CN)N(N)C(N)N
CNC(CN)N(N)CNN
CNC(CN)N(N)N(N)C
CNC(CN)N(N)NCN
CNC(CN)N(N)NNC
CNC(CN)N(NC)NN
CNC(CN)N(NN)CN
CNC(CN)NC(N)(N)N
CNC(CN)NC(N)NN
CNC(CN)NCN(N)N
CNC(CN)NCNNN
CNC(CN)NN(C)NN
CNC(CN)NN(N)CN
CNC(CN)NN(N)NC
CNC(CN)NNC(N)N
CNC(CN)NNCNN
CNC(CN)NNN(N)C
CNC(CN)NNNCN
CNC(CN)NNNNC
CNC(N(C)C)N(N)NN
CNC(N(C)C)NN(N)N
CNC(N(C)C)NNNN
CNC(N(N)C)C(N)(N)N
CNC(N(N)C)C(N)NN
CNC(N(N)C)CN(N)N
CNC(N(N)C)CNNN
CNC(N(N)C)N(C)NN
CNC(N(N)C)N(N)CN
CNC(N(N)C)N(N)NC
CNC(N(N)C)NC(N)N
CNC(N(N)C)NCNN
CNC(N(N)C)NN(N)C
CNC(N(N)C)NNCN
CNC(N(N)C)NNNC
CNC(N(N)N)C(C)NN
CNC(N(N)N)C(N)CN
CNC(N(N)N)C(N)NC
CNC(N(N)N)CC(N)N
CNC(N(N)N)CCNN
CNC(N(N)N)CN(N)C
CNC(N(N)N)CNCN
CNC(N(N)N)CNNC
CNC(N(N)N)N(C)CN
CNC(N(N)N)N(C)NC
CNC(N(N)N)NCCN
CNC(N(N)N)NN(C)C
CNC(N)(N(C)C)NNN
CNC(N)(N(N)C)C(N)N
CNC(N)(N(N)C)CNN
CNC(N)(N(N)C)N(N)C
CNC(N)(N(N)C)NCN
CNC(N)(N(N)C)NNC
CNC(N)(N(N)N)CCN
CNC(N)(N(N)N)N(C)C
CNC(N)(N)C(C)(N)NN
CNC(N)(N)C(C)N(N)N
CNC(N)(N)C(C)NNN
CNC(N)(N)C(N)(N)CN
CNC(N)(N)C(N)(N)NC
CNC(N)(N)C(N)C(N)N
CNC(N)(N)C(N)CNN
CNC(N)(N)C(N)N(N)C
CNC(N)(N)C(N)NCN
CNC(N)(N)C(N)NNC
CNC(N)(N)C(NN)CN
CNC(N)(N)CC(N)(N)N
CNC(N)(N)CC(N)NN
CNC(N)(N)CCN(N)N
CNC(N)(N)CCNNN
CNC(N)(N)CN(C)NN
CNC(N)(N)CN(N)CN
CNC(N)(N)CN(N)NC
CNC(N)(N)CNC(N)N
CNC(N)(N)CNCNN
CNC(N)(N)CNN(N)C
CNC(N)(N)CNNCN
CNC(N)(N)CNNNC
CNC(N)(N)N(C)C(N)N
CNC(N)(N)N(C)CNN
CNC(N)(N)N(C)N(N)C
CNC(N)(N)N(C)NCN
CNC(N)(N)N(C)NNC
CNC(N)(N)N(CN)CN
CNC(N)(N)N(N)CCN
CNC(N)(N)N(N)N(C)C
CNC(N)(N)N(NC)CN
CNC(N)(N)N(NC)NC
CNC(N)(N)NC(C)NN
CNC(N)(N)NC(N)CN
CNC(N)(N)NCC(N)N
CNC(N)(N)NCCNN
CNC(N)(N)NCN(N)C
CNC(N)(N)NCNCN
CNC(N)(N)NCNNC
CNC(N)(N)NN(C)CN
CNC(N)(N)NN(C)NC
CNC(N)(N)NNCCN
CNC(N)(N)NNN(C)C
CNC(N)(NC)C(N)(N)N
CNC(N)(NC)C(N)NN
CNC(N)(NC)CN(N)N
CNC(N)(NC)CNNN
CNC(N)(NC)N(C)NN
CNC(N)(NC)N(N)CN
CNC(N)(NC)N(N)NC
CNC(N)(NC)NC(N)N
CNC(N)(NC)NCNN
CNC(N)(NC)NN(N)C
CNC(N)(NC)NNCN
CNC(N)(NC)NNNC
CNC(N)(NN)C(C)NN
CNC(N)(NN)C(N)CN
CNC(N)(NN)CC(N)N
CNC(N)(NN)CCNN
CNC(N)(NN)CN(N)C
CNC(N)(NN)CNCN
CNC(N)(NN)CNNC
CNC(N)(NN)N(C)CN
CNC(N)(NN)N(C)NC
CNC(N)(NN)NCCN
CNC(N)(NN)NN(C)C
CNC(N)C(C)(N)N(N)N
CNC(N)C(C)(N)NNN
CNC(N)C(C)(NN)NN
CNC(N)C(C)N(N)NN
CNC(N)C(C)NN(N)N
CNC(N)C(C)NNNN
CNC(N)C(CN)NNN
CNC(N)C(N(N)C)NN
CNC(N)C(N(N)N)CN
CNC(N)C(N)(N)C(N)N
CNC(N)C(N)(N)CNN
CNC(N)C(N)(N)N(N)C
CNC(N)C(N)(N)NCN
CNC(N)C(N)(N)NNC
CNC(N)C(N)(NN)CN
CNC(N)C(N)(NN)NC
CNC(N)C(N)C(N)(N)N
CNC(N)C(N)C(N)NN
CNC(N)C(N)CN(N)N
CNC(N)C(N)CNNN
CNC(N)C(N)N(C)NN
CNC(N)C(N)N(N)CN
CNC(N)C(N)N(N)NC
CNC(N)C(N)NC(N)N
CNC(N)C(N)NCNN
CNC(N)C(N)NN(N)C
CNC(N)C(N)NNCN
CNC(N)C(N)NNNC
CNC(N)C(NC)NNN
CNC(N)C(NN)C(N)N
CNC(N)C(NN)CNN
CNC(N)C(NN)NCN
CNC(N)C(NN)NNC
CNC(N)CC(N)(N)NN
CNC(N)CC(N)N(N)N
CNC(N)CC(N)NNN
CNC(N)CC(NN)NN
CNC(N)CCN(N)NN
CNC(N)CCNN(N)N
CNC(N)CCNNNN
CNC(N)CN(C)N(N)N
CNC(N)CN(C)NNN
CNC(N)CN(N)C(N)N
CNC(N)CN(N)CNN
CNC(N)CN(N)N(N)C
CNC(N)CN(N)NCN
CNC(N)CN(N)NNC
CNC(N)CN(NC)NN
CNC(N)CN(NN)CN
CNC(N)CNC(N)(N)N
CNC(N)CNC(N)NN
CNC(N)CNCN(N)N
CNC(N)CNCNNN
CNC(N)CNN(C)NN
CNC(N)CNN(N)CN
CNC(N)CNN(N)NC
CNC(N)CNNC(N)N
CNC(N)CNNCNN
CNC(N)CNNN(N)C
CNC(N)CNNNCN
CNC(N)CNNNNC
CNC(N)N(C(N)N)CN
CNC(N)N(C)C(N)(N)N
CNC(N)N(C)C(N)NN
CNC(N)N(C)CN(N)N
CNC(N)N(C)CNNN
CNC(N)N(C)N(C)NN
CNC(N)N(C)N(N)CN
CNC(N)N(C)N(N)NC
CNC(N)N(C)NC(N)N
CNC(N)N(C)NCNN
CNC(N)N(C)NN(N)C
CNC(N)N(C)NNCN
CNC(N)N(C)NNNC
CNC(N)N(CC)NNN
CNC(N)N(CN)CNN
CNC(N)N(CN)NCN
CNC(N)N(CN)NNC
CNC(N)N(N(C)C)NN
CNC(N)N(N(N)C)CN
CNC(N)N(N(N)C)NC
CNC(N)N(N)C(C)NN
CNC(N)N(N)C(N)CN
CNC(N)N(N)C(N)NC
CNC(N)N(N)CC(N)N
CNC(N)N(N)CCNN
CNC(N)N(N)CN(N)C
CNC(N)N(N)CNCN
CNC(N)N(N)CNNC
CNC(N)N(N)N(C)CN
CNC(N)N(N)N(C)NC
CNC(N)N(N)NCCN
CNC(N)N(N)NN(C)C
CNC(N)N(NC)C(N)N
CNC(N)N(NC)CNN
CNC(N)N(NC)NCN
CNC(N)N(NC)NNC
CNC(N)N(NN)CCN
CNC(N)NC(C)(N)NN
CNC(N)NC(C)N(N)N
CNC(N)NC(C)NNN
CNC(N)NC(N)(N)CN
CNC(N)NC(N)(N)NC
CNC(N)NC(N)C(N)N
CNC(N)NC(N)CNN
CNC(N)NC(N)N(N)C
CNC(N)NC(N)NCN
CNC(N)NC(N)NNC
CNC(N)NC(NN)CN
CNC(N)NCC(N)(N)N
CNC(N)NCC(N)NN
CNC(N)NCCN(N)N
CNC(N)NCCNNN
CNC(N)NCN(C)NN
CNC(N)NCN(N)CN
CNC(N)NCN(N)NC
CNC(N)NCNC(N)N
CNC(N)NCNCNN
CNC(N)NCNN(N)C
CNC(N)NCNNCN
CNC(N)NCNNNC
CNC(N)NN(C)C(N)N
CNC(N)NN(C)CNN
CNC(N)NN(C)N(N)C
CNC(N)NN(C)NCN
CNC(N)NN(C)NNC
CNC(N)NN(CN)CN
CNC(N)NN(N)CCN
CNC(N)NN(N)N(C)C
CNC(N)NN(NC)CN
CNC(N)NN(NC)NC
CNC(N)NNC(C)NN
CNC(N)NNC(N)CN
CNC(N)NNC(N)NC
CNC(N)NNCC(N)N
CNC(N)NNCCNN
CNC(N)NNCN(N)C
CNC(N)NNCNCN
CNC(N)NNCNNC
CNC(N)NNN(C)CN
CNC(N)NNN(C)NC
CNC(N)NNNCCN
CNC(N)NNNN(C)C
CNC(NC)(N(N)N)CN
CNC(NC)(N(N)N)NC
CNC(NC)(NC)NNN
CNC(NC)(NN)C(N)N
CNC(NC)(NN)CNN
CNC(NC)(NN)NCN
CNC(NC)(NN)NNC
CNC(NC)C(N)(N)NN
CNC(NC)C(N)N(N)N
CNC(NC)C(N)NNN
CNC(NC)C(NN)NN
CNC(NC)CN(N)NN
CNC(NC)CNN(N)N
CNC(NC)CNNNN
CNC(NC)N(C)N(N)N
CNC(NC)N(C)NNN
CNC(NC)N(N)C(N)N
CNC(NC)N(N)CNN
CNC(NC)N(N)N(N)C
CNC(NC)N(N)NCN
CNC(NC)N(N)NNC
CNC(NC)N(NC)NN
CNC(NC)N(NN)CN
CNC(NC)NC(N)(N)N
CNC(NC)NC(N)NN
CNC(NC)NCN(N)N
CNC(NC)NCNNN
CNC(NC)NN(C)NN
CNC(NC)NN(N)CN
CNC(NC)NN(N)NC
CNC(NC)NNC(N)N
CNC(NC)NNCNN
CNC(NC)NNN(N)C
CNC(NC)NNNCN
CNC(NC)NNNNC
CNC(NN)(N(C)C)NN
CNC(NN)(N(N)C)CN
CNC(NN)(N(N)C)NC
CNC(NN)(NN)CCN
CNC(NN)C(C)(N)NN
CNC(NN)C(C)N(N)N
CNC(NN)C(C)NNN
CNC(NN)C(N)(N)CN
CNC(NN)C(N)(N)NC
CNC(NN)C(N)C(N)N
CNC(NN)C(N)CNN
CNC(NN)C(N)N(N)C
CNC(NN)C(N)NCN
CNC(NN)C(N)NNC
CNC(NN)C(NN)CN
CNC(NN)C(NN)NC
CNC(NN)CC(N)(N)N
CNC(NN)CC(N)NN
CNC(NN)CCN(N)N
CNC(NN)CCNNN
CNC(NN)CN(C)NN
CNC(NN)CN(N)CN
CNC(NN)CN(N)NC
CNC(NN)CNC(N)N
CNC(NN)CNCNN
CNC(NN)CNN(N)C
CNC(NN)CNNCN
CNC(NN)CNNNC
CNC(NN)N(C)C(N)N
CNC(NN)N(C)CNN
CNC(NN)N(C)N(N)C
CNC(NN)N(C)NCN
CNC(NN)N(C)NNC
CNC(NN)N(CN)CN
CNC(NN)N(N)CCN
CNC(NN)N(N)N(C)C
CNC(NN)N(NC)CN
CNC(NN)N(NC)NC
CNC(NN)NC(C)NN
CNC(NN)NC(N)CN
CNC(NN)NC(N)NC
CNC(NN)NCC(N)N
CNC(NN)NCCNN
CNC(NN)NCN(N)C
CNC(NN)NCNCN
CNC(NN)NCNNC
CNC(NN)NN(C)CN
CNC(NN)NN(C)NC
CNC(NN)NNCCN
CNC(NN)NNN(C)C
CNCC(C(N)N)NNN
CNCC(C)(N(N)N)NN
CNCC(C)(N)N(N)NN
CNCC(C)(N)NN(N)N
CNCC(C)(N)NNNN
CNCC(C)(NN)NNN
CNCC(C)N(N)N(N)N
CNCC(C)N(N)NNN
CNCC(C)N(NN)NN
CNCC(C)NN(N)NN
CNCC(C)NNN(N)N
CNCC(C)NNNNN
CNCC(CN)(N)NNN
CNCC(CN)N(N)NN
CNCC(CN)NN(N)N
CNCC(CN)NNNN
CNCC(N(N)C)NNN
CNCC(N(N)N)C(N)N
CNCC(N(N)N)CNN
CNCC(N(N)N)N(N)C
CNCC(N(N)N)NCN
CNCC(N(N)N)NNC
CNCC(N)(N(N)C)NN
CNCC(N)(N(N)N)CN
CNCC(N)(N(N)N)NC
CNCC(N)(N)C(N)(N)N
CNCC(N)(N)C(N)NN
CNCC(N)(N)CN(N)N
CNCC(N)(N)CNNN
CNCC(N)(N)N(C)NN
CNCC(N)(N)N(N)CN
CNCC(N)(N)N(N)NC
CNCC(N)(N)NC(N)N
CNCC(N)(N)NCNN
CNCC(N)(N)NN(N)C
CNCC(N)(N)NNCN
CNCC(N)(N)NNNC
CNCC(N)(NC)NNN
CNCC(N)(NN)C(N)N
CNCC(N)(NN)CNN
CNCC(N)(NN)NCN
CNCC(N)(NN)NNC
CNCC(N)C(N)(N)NN
CNCC(N)C(N)N(N)N
CNCC(N)C(N)NNN
CNCC(N)C(NN)NN
CNCC(N)CN(N)NN
CNCC(N)CNN(N)N
CNCC(N)CNNNN
CNCC(N)N(C)N(N)N
CNCC(N)N(C)NNN
CNCC(N)N(N)C(N)N
CNCC(N)N(N)CNN
CNCC(N)N(N)N(N)C
CNCC(N)N(N)NCN
CNCC(N)N(N)NNC
CNCC(N)N(NC)NN
CNCC(N)N(NN)CN
CNCC(N)NC(N)(N)N
CNCC(N)NC(N)NN
CNCC(N)NCN(N)N
CNCC(N)NCNNN
CNCC(N)NN(C)NN
CNCC(N)NN(N)CN
CNCC(N)NN(N)NC
CNCC(N)NNC(N)N
CNCC(N)NNCNN
CNCC(N)NNN(N)C
CNCC(N)NNNCN
CNCC(N)NNNNC
CNCC(NC)N(N)NN
CNCC(NC)NN(N)N
CNCC(NC)NNNN
CNCC(NN)(NN)CN
CNCC(NN)(NN)NC
CNCC(NN)C(N)(N)N
CNCC(NN)C(N)NN
CNCC(NN)CN(N)N
CNCC(NN)CNNN
CNCC(NN)N(C)NN
CNCC(NN)N(N)CN
CNCC(NN)N(N)NC
CNCC(NN)NC(N)N
CNCC(NN)NCNN
CNCC(NN)NN(N)C
CNCC(NN)NNCN
CNCC(NN)NNNC
CNCC(NNC)NNN
CNCC(NNN)CNN
CNCC(NNN)NCN
CNCCC(N(N)N)NN
CNCCC(N)(N)N(N)N
CNCCC(N)(N)NNN
CNCCC(N)(NN)NN
CNCCC(N)N(N)NN
CNCCC(N)NN(N)N
CNCCC(N)NNNN
CNCCC(NN)NNN
CNCCCN(N)N(N)N
CNCCCN(N)NNN
CNCCCN(NN)NN
CNCCCNN(N)NN
CNCCCNNN(N)N
CNCCCNNNNN
CNCCN(C)N(N)NN
CNCCN(C)NN(N)N
CNCCN(C)NNNN
CNCCN(CN)NNN
CNCCN(N(N)C)NN
CNCCN(N(N)N)CN
CNCCN(N(N)N)NC
CNCCN(N)C(N)(N)N
CNCCN(N)C(N)NN
CNCCN(N)CN(N)N
CNCCN(N)CNNN
CNCCN(N)N(C)NN
CNCCN(N)N(N)CN
CNCCN(N)N(N)NC
CNCCN(N)NC(N)N
CNCCN(N)NCNN
CNCCN(N)NN(N)C
CNCCN(N)NNCN
CNCCN(N)NNNC
CNCCN(NC)NNN
CNCCN(NN)C(N)N
CNCCN(NN)CNN
CNCCN(NN)NCN
CNCCN(NN)NNC
CNCCNC(N)(N)NN
CNCCNC(N)N(N)N
CNCCNC(N)NNN
CNCCNC(NN)NN
CNCCNCN(N)NN
CNCCNCNN(N)N
CNCCNCNNNN
CNCCNN(C)N(N)N
CNCCNN(C)NNN
CNCCNN(N)C(N)N
CNCCNN(N)CNN
CNCCNN(N)N(N)C
CNCCNN(N)NCN
CNCCNN(N)NNC
CNCCNN(NC)NN
CNCCNN(NN)CN
CNCCNNC(N)(N)N
CNCCNNC(N)NN
CNCCNNCN(N)N
CNCCNNCNNN
CNCCNNN(C)NN
CNCCNNN(N)CN
CNCCNNN(N)NC
CNCCNNNC(N)N
CNCCNNNCNN
CNCCNNNN(N)C
CNCCNNNNCN
CNCCNNNNNC
CNCN(C(N)(N)N)CN
CNCN(C(N)C)NNN
CNCN(C(N)N)C(N)N
CNCN(C(N)N)CNN
CNCN(C(N)N)NCN
CNCN(C(N)N)NNC
CNCN(C)C(N)(N)NN
CNCN(C)C(N)N(N)N
CNCN(C)C(N)NNN
CNCN(C)C(NN)NN
CNCN(C)CN(N)NN
CNCN(C)CNN(N)N
CNCN(C)CNNNN
CNCN(C)N(C)N(N)N
CNCN(C)N(C)NNN
CNCN(C)N(N)C(N)N
CNCN(C)N(N)CNN
CNCN(C)N(N)N(N)C
CNCN(C)N(N)NCN
CNCN(C)N(N)NNC
CNCN(C)N(NC)NN
CNCN(C)N(NN)CN
CNCN(C)NC(N)(N)N
CNCN(C)NC(N)NN
CNCN(C)NCN(N)N
CNCN(C)NCNNN
CNCN(C)NN(C)NN
CNCN(C)NN(N)CN
CNCN(C)NN(N)NC
CNCN(C)NNC(N)N
CNCN(C)NNCNN
CNCN(C)NNN(N)C
CNCN(C)NNNCN
CNCN(C)NNNNC
CNCN(CC)N(N)NN
CNCN(CC)NN(N)N
CNCN(CC)NNNN
CNCN(CN)C(N)NN
CNCN(CN)CN(N)N
CNCN(CN)CNNN
CNCN(CN)N(C)NN
CNCN(CN)N(N)CN
CNCN(CN)N(N)NC
CNCN(CN)NC(N)N
CNCN(CN)NCNN
CNCN(CN)NN(N)C
CNCN(CN)NNCN
CNCN(CN)NNNC
CNCN(CNN)CNN
CNCN(N(C)C)N(N)N
CNCN(N(C)C)NNN
CNCN(N(N)C)C(N)N
CNCN(N(N)C)CNN
CNCN(N(N)C)N(N)C
CNCN(N(N)C)NCN
CNCN(N(N)C)NNC
CNCN(N(N)N)CCN
CNCN(N(N)N)CNC
CNCN(N)C(C)(N)NN
CNCN(N)C(C)N(N)N
CNCN(N)C(C)NNN
CNCN(N)C(N)(N)CN
CNCN(N)C(N)(N)NC
CNCN(N)C(N)C(N)N
CNCN(N)C(N)CNN
CNCN(N)C(N)N(N)C
CNCN(N)C(N)NCN
CNCN(N)C(N)NNC
CNCN(N)C(NN)CN
CNCN(N)C(NN)NC
CNCN(N)CC(N)(N)N
CNCN(N)CC(N)NN
CNCN(N)CCN(N)N
CNCN(N)CCNNN
CNCN(N)CN(C)NN
CNCN(N)CN(N)CN
CNCN(N)CN(N)NC
CNCN(N)CNC(N)N
CNCN(N)CNCNN
CNCN(N)CNN(N)C
CNCN(N)CNNCN
CNCN(N)CNNNC
CNCN(N)N(C)C(N)N
CNCN(N)N(C)CNN
CNCN(N)N(C)N(N)C
CNCN(N)N(C)NCN
CNCN(N)N(C)NNC
CNCN(N)N(CN)CN
CNCN(N)N(N)CCN
CNCN(N)N(N)CNC
CNCN(N)N(N)N(C)C
CNCN(N)N(NC)CN
CNCN(N)N(NC)NC
CNCN(N)NC(C)NN
CNCN(N)NC(N)CN
CNCN(N)NC(N)NC
CNCN(N)NCC(N)N
CNCN(N)NCCNN
CNCN(N)NCN(N)C
CNCN(N)NCNCN
CNCN(N)NCNNC
CNCN(N)NN(C)CN
CNCN(N)NN(C)NC
CNCN(N)NNCCN
CNCN(N)NNN(C)C
CNCN(NC)C(N)(N)N
CNCN(NC)C(N)NN
CNCN(NC)CN(N)N
CNCN(NC)CNNN
CNCN(NC)N(C)NN
CNCN(NC)N(N)CN
CNCN(NC)N(N)NC
CNCN(NC)NC(N)N
CNCN(NC)NCNN
CNCN(NC)NN(N)C
CNCN(NC)NNCN
CNCN(NC)NNNC
CNCN(NCN)CNN
CNCN(NCN)NCN
CNCN(NCN)NNC
CNCN(NN)C(C)NN
CNCN(NN)C(N)CN
CNCN(NN)C(N)NC
CNCN(NN)CC(N)N
CNCN(NN)CCNN
CNCN(NN)CN(N)C
CNCN(NN)CNCN
CNCN(NN)CNNC
CNCN(NN)N(C)CN
CNCN(NN)N(C)NC
CNCN(NN)NCCN
CNCN(NN)NN(C)C
CNCN(NNC)CNN
CNCN(NNC)NNC
CNCN(NNN)CCN
CNCN(NNN)CNC
CNCNC(C)(N)N(N)N
CNCNC(C)(N)NNN
CNCNC(C)(NN)NN
CNCNC(C)N(N)NN
CNCNC(C)NN(N)N
CNCNC(C)NNNN
CNCNC(CN)NNN
CNCNC(N(N)C)NN
CNCNC(N(N)N)CN
CNCNC(N(N)N)NC
CNCNC(N)(N)C(N)N
CNCNC(N)(N)CNN
CNCNC(N)(N)N(N)C
CNCNC(N)(N)NCN
CNCNC(N)(N)NNC
CNCNC(N)(NN)CN
CNCNC(N)(NN)NC
CNCNC(N)C(N)(N)N
CNCNC(N)C(N)NN
CNCNC(N)CN(N)N
CNCNC(N)CNNN
CNCNC(N)N(C)NN
CNCNC(N)N(N)CN
CNCNC(N)N(N)NC
CNCNC(N)NC(N)N
CNCNC(N)NCNN
CNCNC(N)NN(N)C
CNCNC(N)NNCN
CNCNC(N)NNNC
CNCNC(NC)NNN
CNCNC(NN)C(N)N
CNCNC(NN)CNN
CNCNC(NN)NCN
CNCNC(NN)NNC
CNCNCC(N)(N)NN
CNCNCC(N)N(N)N
CNCNCC(N)NNN
CNCNCC(NN)NN
CNCNCCN(N)NN
CNCNCCNN(N)N
CNCNCCNNNN
CNCNCN(C)N(N)N
CNCNCN(C)NNN
CNCNCN(N)C(N)N
CNCNCN(N)CNN
CNCNCN(N)N(N)C
CNCNCN(N)NCN
CNCNCN(N)NNC
CNCNCN(NC)NN
CNCNCN(NN)CN
CNCNCNC(N)(N)N
CNCNCNC(N)NN
CNCNCNCN(N)N
CNCNCNCNNN
CNCNCNN(C)NN
CNCNCNN(N)CN
CNCNCNN(N)NC
CNCNCNNC(N)N
CNCNCNNCNN
CNCNCNNN(N)C
CNCNCNNNCN
CNCNCNNNNC
CNCNN(C(N)N)CN
CNCNN(C)C(N)(N)N
CNCNN(C)C(N)NN
CNCNN(C)CN(N)N
CNCNN(C)CNNN
CNCNN(C)N(C)NN
CNCNN(C)N(N)CN
CNCNN(C)N(N)NC
CNCNN(C)NC(N)N
CNCNN(C)NCNN
CNCNN(C)NN(N)C
CNCNN(C)NNCN
CNCNN(C)NNNC
CNCNN(CC)NNN
CNCNN(CN)CNN
CNCNN(CN)NCN
CNCNN(CN)NNC
CNCNN(N(C)C)NN
CNCNN(N(N)C)CN
CNCNN(N(N)C)NC
CNCNN(N)C(C)NN
CNCNN(N)C(N)CN
CNCNN(N)C(N)NC
CNCNN(N)CC(N)N
CNCNN(N)CCNN
CNCNN(N)CN(N)C
CNCNN(N)CNCN
CNCNN(N)CNNC
CNCNN(N)N(C)CN
CNCNN(N)N(C)NC
CNCNN(N)NCCN
CNCNN(N)NCNC
CNCNN(N)NN(C)C
CNCNN(NC)C(N)N
CNCNN(NC)CNN
CNCNN(NC)NCN
CNCNN(NC)NNC
CNCNN(NN)CCN
CNCNN(NN)CNC
CNCNNC(C)(N)NN
CNCNNC(C)N(N)N
CNCNNC(C)NNN
CNCNNC(N)(N)CN
CNCNNC(N)(N)NC
CNCNNC(N)C(N)N
CNCNNC(N)CNN
CNCNNC(N)N(N)C
CNCNNC(N)NCN
CNCNNC(N)NNC
CNCNNC(NN)CN
CNCNNC(NN)NC
CNCNNCC(N)(N)N
CNCNNCC(N)NN
CNCNNCCN(N)N
CNCNNCCNNN
CNCNNCN(C)NN
CNCNNCN(N)CN
CNCNNCN(N)NC
CNCNNCNC(N)N
CNCNNCNCNN
CNCNNCNN(N)C
CNCNNCNNCN
CNCNNCNNNC
CNCNNN(C)C(N)N
CNCNNN(C)CNN
CNCNNN(C)N(N)C
CNCNNN(C)NCN
CNCNNN(C)NNC
CNCNNN(CN)CN
CNCNNN(N)CCN
CNCNNN(N)CNC
CNCNNN(N)N(C)C
CNCNNN(NC)CN
CNCNNN(NC)NC
CNCNNNC(C)NN
CNCNNNC(N)CN
CNCNNNC(N)NC
CNCNNNCC(N)N
CNCNNNCCNN
CNCNNNCN(N)C
CNCNNNCNCN
CNCNNNCNNC
CNCNNNN(C)CN
CNCNNNN(C)NC
CNCNNNNCCN
CNCNNNNCNC
CNCNNNNN(C)C
CNN(C(N)(N)N)CCN
CNN(C(N)N)C(C)NN
CNN(C(N)N)C(N)CN
CNN(C(N)N)CC(N)N
CNN(C(N)N)CCNN
CNN(C(N)N)CN(N)C
CNN(C(N)N)CNCN
CNN(C(N)N)N(C)CN
CNN(C(N)N)N(C)NC
CNN(C(N)N)NCCN
CNN(C(N)N)NN(C)C
CNN(C)C(C)(N)N(N)N
CNN(C)C(C)(N)NNN
CNN(C)C(C)(NN)NN
CNN(C)C(C)N(N)NN
CNN(C)C(C)NN(N)N
CNN(C)C(C)NNNN
CNN(C)C(CN)NNN
CNN(C)C(N(N)C)NN
CNN(C)C(N(N)N)CN
CNN(C)C(N)(N)C(N)N
CNN(C)C(N)(N)CNN
CNN(C)C(N)(N)N(N)C
CNN(C)C(N)(N)NCN
CNN(C)C(N)(NN)CN
CNN(C)C(N)C(N)(N)N
CNN(C)C(N)C(N)NN
CNN(C)C(N)CN(N)N
CNN(C)C(N)CNNN
CNN(C)C(N)N(C)NN
CNN(C)C(N)N(N)CN
CNN(C)C(N)N(N)NC
CNN(C)C(N)NC(N)N
CNN(C)C(N)NCNN
CNN(C)C(N)NN(N)C
CNN(C)C(N)NNCN
CNN(C)C(NC)NNN
CNN(C)C(NN)C(N)N
CNN(C)C(NN)CNN
CNN(C)C(NN)NCN
CNN(C)CC(N)(N)NN
CNN(C)CC(N)N(N)N
CNN(C)CC(N)NNN
CNN(C)CC(NN)NN
CNN(C)CCN(N)NN
CNN(C)CCNN(N)N
CNN(C)CCNNNN
CNN(C)CN(C)N(N)N
CNN(C)CN(C)NNN
CNN(C)CN(N)C(N)N
CNN(C)CN(N)CNN
CNN(C)CN(N)N(N)C
CNN(C)CN(N)NCN
CNN(C)CN(NC)NN
CNN(C)CN(NN)CN
CNN(C)CNC(N)(N)N
CNN(C)CNC(N)NN
CNN(C)CNCN(N)N
CNN(C)CNCNNN
CNN(C)CNN(C)NN
CNN(C)CNN(N)CN
CNN(C)CNN(N)NC
CNN(C)CNNC(N)N
CNN(C)CNNCNN
CNN(C)CNNN(N)C
CNN(C)CNNNCN
CNN(C)N(C(N)N)CN
CNN(C)N(C)C(N)(N)N
CNN(C)N(C)C(N)NN
CNN(C)N(C)CN(N)N
CNN(C)N(C)CNNN
CNN(C)N(C)N(C)NN
CNN(C)N(C)N(N)CN
CNN(C)N(C)NC(N)N
CNN(C)N(C)NCNN
CNN(C)N(C)NN(N)C
CNN(C)N(C)NNCN
CNN(C)N(CC)NNN
CNN(C)N(CN)CNN
CNN(C)N(CN)NCN
CNN(C)N(N(C)C)NN
CNN(C)N(N(N)C)CN
CNN(C)N(N)C(C)NN
CNN(C)N(N)C(N)CN
CNN(C)N(N)CC(N)N
CNN(C)N(N)CCNN
CNN(C)N(N)CN(N)C
CNN(C)N(N)CNCN
CNN(C)N(N)N(C)CN
CNN(C)N(N)N(C)NC
CNN(C)N(N)NCCN
CNN(C)N(N)NN(C)C
CNN(C)N(NC)CNN
CNN(C)N(NC)NCN
CNN(C)N(NN)CCN
CNN(C)NC(C)(N)NN
CNN(C)NC(C)N(N)N
CNN(C)NC(C)NNN
CNN(C)NC(N)(N)CN
CNN(C)NC(N)C(N)N
CNN(C)NC(N)CNN
CNN(C)NC(N)N(N)C
CNN(C)NC(N)NCN
CNN(C)NC(NN)CN
CNN(C)NCC(N)(N)N
CNN(C)NCC(N)NN
CNN(C)NCCN(N)N
CNN(C)NCCNNN
CNN(C)NCN(C)NN
CNN(C)NCN(N)CN
CNN(C)NCN(N)NC
CNN(C)NCNC(N)N
CNN(C)NCNCNN
CNN(C)NCNN(N)C
CNN(C)NCNNCN
CNN(C)NN(C)C(N)N
CNN(C)NN(C)CNN
CNN(C)NN(C)N(N)C
CNN(C)NN(C)NCN
CNN(C)NN(CN)CN
CNN(C)NN(N)CCN
CNN(C)NN(N)N(C)C
CNN(C)NNC(C)NN
CNN(C)NNC(N)CN
CNN(C)NNCC(N)N
CNN(C)NNCCNN
CNN(C)NNCN(N)C
CNN(C)NNCNCN
CNN(C)NNN(C)CN
CNN(C)NNN(C)NC
CNN(C)NNNCCN
CNN(C)NNNN(C)C
CNN(CN)C(C)(N)NN
CNN(CN)C(C)N(N)N
CNN(CN)C(C)NNN
CNN(CN)C(N)(N)CN
CNN(CN)C(N)C(N)N
CNN(CN)C(N)CNN
CNN(CN)C(N)N(N)C
CNN(CN)C(N)NCN
CNN(CN)C(NN)CN
CNN(CN)CC(N)(N)N
CNN(CN)CC(N)NN
CNN(CN)CCN(N)N
CNN(CN)CCNNN
CNN(CN)CN(C)NN
CNN(CN)CN(N)CN
CNN(CN)CN(N)NC
CNN(CN)CNC(N)N
CNN(CN)CNCNN
CNN(CN)CNN(N)C
CNN(CN)CNNCN
CNN(CN)N(C)C(N)N
CNN(CN)N(C)CNN
CNN(CN)N(C)N(N)C
CNN(CN)N(C)NCN
CNN(CN)N(CN)CN
CNN(CN)N(N)CCN
CNN(CN)N(N)N(C)C
CNN(CN)N(NC)CN
CNN(CN)NC(C)NN
CNN(CN)NC(N)CN
CNN(CN)NCC(N)N
CNN(CN)NCCNN
CNN(CN)NCN(N)C
CNN(CN)NCNCN
CNN(CN)NN(C)CN
CNN(CN)NN(C)NC
CNN(CN)NNCCN
CNN(CN)NNN(C)C
CNN(N(C)C)C(N)(N)N
CNN(N(C)C)C(N)NN
CNN(N(C)C)CN(N)N
CNN(N(C)C)CNNN
CNN(N(C)C)N(C)NN
CNN(N(C)C)N(N)CN
CNN(N(C)C)N(N)NC
CNN(N(C)C)NC(N)N
CNN(N(C)C)NCNN
CNN(N(C)C)NN(N)C
CNN(N(C)C)NNCN
CNN(N(N)C)C(C)NN
CNN(N(N)C)C(N)CN
CNN(N(N)C)CC(N)N
CNN(N(N)C)CCNN
CNN(N(N)C)CN(N)C
CNN(N(N)C)CNCN
CNN(N(N)C)N(C)CN
CNN(N(N)C)N(C)NC
CNN(N(N)C)NCCN
CNN(N(N)C)NN(C)C
CNN(N(N)N)C(C)CN
CNN(N(N)N)CCCN
CNN(N(N)N)CN(C)C
CNN(N)C(C(N)N)CN
CNN(N)C(C)(C)N(N)N
CNN(N)C(C)(C)NNN
CNN(N)C(C)(N)C(N)N
CNN(N)C(C)(N)CNN
CNN(N)C(C)(N)N(N)C
CNN(N)C(C)(N)NCN
CNN(N)C(C)(NN)CN
CNN(N)C(C)C(N)(N)N
CNN(N)C(C)C(N)NN
CNN(N)C(C)CN(N)N
CNN(N)C(C)CNNN
CNN(N)C(C)N(C)NN
CNN(N)C(C)N(N)CN
CNN(N)C(C)N(N)NC
CNN(N)C(C)NC(N)N
CNN(N)C(C)NCNN
CNN(N)C(C)NN(N)C
CNN(N)C(C)NNCN
CNN(N)C(CC)NNN
CNN(N)C(CN)(N)CN
CNN(N)C(CN)CNN
CNN(N)C(CN)NCN
CNN(N)C(N(C)C)NN
CNN(N)C(N(N)C)CN
CNN(N)C(N)(N)CCN
CNN(N)C(N)(N)N(C)C
CNN(N)C(N)C(C)NN
CNN(N)C(N)C(N)CN
CNN(N)C(N)CC(N)N
CNN(N)C(N)CCNN
CNN(N)C(N)CN(N)C
CNN(N)C(N)CNCN
CNN(N)C(N)N(C)CN
CNN(N)C(N)NCCN
CNN(N)C(N)NN(C)C
CNN(N)C(NC)CNN
CNN(N)C(NC)NCN
CNN(N)C(NN)CCN
CNN(N)CC(C)(N)NN
CNN(N)CC(C)N(N)N
CNN(N)CC(C)NNN
CNN(N)CC(N)(N)CN
CNN(N)CC(N)C(N)N
CNN(N)CC(N)CNN
CNN(N)CC(N)N(N)C
CNN(N)CC(N)NCN
CNN(N)CC(NN)CN
CNN(N)CCC(N)(N)N
CNN(N)CCC(N)NN
CNN(N)CCCN(N)N
CNN(N)CCCNNN
CNN(N)CCN(C)NN
CNN(N)CCN(N)CN
CNN(N)CCN(N)NC
CNN(N)CCNC(N)N
CNN(N)CCNCNN
CNN(N)CCNN(N)C
CNN(N)CCNNCN
CNN(N)CN(C)C(N)N
CNN(N)CN(C)CNN
CNN(N)CN(C)N(N)C
CNN(N)CN(C)NCN
CNN(N)CN(CN)CN
CNN(N)CN(N)CCN
CNN(N)CN(N)N(C)C
CNN(N)CNC(C)NN
CNN(N)CNC(N)CN
CNN(N)CNCC(N)N
CNN(N)CNCCNN
CNN(N)CNCN(N)C
CNN(N)CNCNCN
CNN(N)CNN(C)CN
CNN(N)CNNCCN
CNN(N)CNNN(C)C
CNN(N)N(C)C(C)NN
CNN(N)N(C)C(N)CN
CNN(N)N(C)CC(N)N
CNN(N)N(C)CCNN
CNN(N)N(C)CN(N)C
CNN(N)N(C)CNCN
CNN(N)N(C)N(C)CN
CNN(N)N(C)N(C)NC
CNN(N)N(C)NCCN
CNN(N)N(C)NN(C)C
CNN(N)N(CC)CNN
CNN(N)N(CC)NCN
CNN(N)N(CN)CCN
CNN(N)N(N(C)C)CN
CNN(N)N(N)C(C)CN
CNN(N)N(N)CCCN
CNN(N)N(N)CN(C)C
CNN(N)N(NC)CCN
CNN(N)NC(C)(C)NN
CNN(N)NC(C)(N)CN
CNN(N)NC(C)C(N)N
CNN(N)NC(C)CNN
CNN(N)NC(C)N(N)C
CNN(N)NC(C)NCN
CNN(N)NC(CN)CN
CNN(N)NC(N)CCN
CNN(N)NC(N)N(C)C
CNN(N)NCC(C)NN
CNN(N)NCC(N)CN
CNN(N)NCCC(N)N
CNN(N)NCCCNN
CNN(N)NCCN(N)C
CNN(N)NCCNCN
CNN(N)NCN(C)CN
CNN(N)NCNCCN
CNN(N)NCNN(C)C
CNN(N)NN(C)CCN
CNN(N)NN(C)N(C)C
CNN(N)NNC(C)CN
CNN(N)NNCCCN
CNN(N)NNCN(C)C
CNN(NC)C(C)(N)NN
CNN(NC)C(C)N(N)N
CNN(NC)C(C)NNN
CNN(NC)C(N)(N)CN
CNN(NC)C(N)C(N)N
CNN(NC)C(N)CNN
CNN(NC)C(N)N(N)C
CNN(NC)C(N)NCN
CNN(NC)C(NN)CN
CNN(NC)CC(N)(N)N
CNN(NC)CC(N)NN
CNN(NC)CCN(N)N
CNN(NC)CCNNN
CNN(NC)CN(C)NN
CNN(NC)CN(N)CN
CNN(NC)CN(N)NC
CNN(NC)CNC(N)N
CNN(NC)CNCNN
CNN(NC)CNN(N)C
CNN(NC)CNNCN
CNN(NC)N(C)C(N)N
CNN(NC)N(C)CNN
CNN(NC)N(C)N(N)C
CNN(NC)N(C)NCN
CNN(NC)N(CN)CN
CNN(NC)N(N)CCN
CNN(NC)N(N)N(C)C
CNN(NC)N(NC)CN
CNN(NC)N(NC)NC
CNN(NC)NC(C)NN
CNN(NC)NC(N)CN
CNN(NC)NCC(N)N
CNN(NC)NCCNN
CNN(NC)NCN(N)C
CNN(NC)NCNCN
CNN(NC)NN(C)CN
CNN(NC)NN(C)NC
CNN(NC)NNCCN
CNN(NC)NNN(C)C
CNN(NN)C(C)(C)NN
CNN(NN)C(C)(N)CN
CNN(NN)C(C)C(N)N
CNN(NN)C(C)CNN
CNN(NN)C(C)N(N)C
CNN(NN)C(C)NCN
CNN(NN)C(CN)CN
CNN(NN)C(N)CCN
CNN(NN)C(N)N(C)C
CNN(NN)CC(C)NN
CNN(NN)CC(N)CN
CNN(NN)CCC(N)N
CNN(NN)CCCNN
CNN(NN)CCN(N)C
CNN(NN)CCNCN
CNN(NN)CN(C)CN
CNN(NN)CNCCN
CNN(NN)CNN(C)C
CNN(NN)N(C)CCN
CNN(NN)N(C)N(C)C
CNN(NN)NC(C)CN
CNN(NN)NCCCN
CNN(NN)NCN(C)C
CNNC(C(N)(N)N)CN
CNNC(C(N)C)NNN
CNNC(C(N)N)(N)CN
CNNC(C(N)N)C(N)N
CNNC(C(N)N)CNN
CNNC(C(N)N)NCN
CNNC(C(N)N)NNC
CNNC(C)(C)N(N)NN
CNNC(C)(C)NN(N)N
CNNC(C)(C)NNNN
CNNC(C)(CN)NNN
CNNC(C)(N(N)C)NN
CNNC(C)(N(N)N)CN
CNNC(C)(N)C(N)(N)N
CNNC(C)(N)C(N)NN
CNNC(C)(N)CN(N)N
CNNC(C)(N)CNNN
CNNC(C)(N)N(C)NN
CNNC(C)(N)N(N)CN
CNNC(C)(N)N(N)NC
CNNC(C)(N)NC(N)N
CNNC(C)(N)NCNN
CNNC(C)(N)NN(N)C
CNNC(C)(N)NNCN
CNNC(C)(N)NNNC
CNNC(C)(NC)NNN
CNNC(C)(NN)C(N)N
CNNC(C)(NN)CNN
CNNC(C)(NN)NCN
CNNC(C)(NN)NNC
CNNC(C)C(N)(N)NN
CNNC(C)C(N)N(N)N
CNNC(C)C(N)NNN
CNNC(C)C(NN)NN
CNNC(C)CN(N)NN
CNNC(C)CNN(N)N
CNNC(C)CNNNN
CNNC(C)N(C)N(N)N
CNNC(C)N(C)NNN
CNNC(C)N(N)C(N)N
CNNC(C)N(N)CNN
CNNC(C)N(N)N(N)C
CNNC(C)N(N)NCN
CNNC(C)N(N)NNC
CNNC(C)N(NC)NN
CNNC(C)N(NN)CN
CNNC(C)NC(N)(N)N
CNNC(C)NC(N)NN
CNNC(C)NCN(N)N
CNNC(C)NCNNN
CNNC(C)NN(C)NN
CNNC(C)NN(N)CN
CNNC(C)NN(N)NC
CNNC(C)NNC(N)N
CNNC(C)NNCNN
CNNC(C)NNN(N)C
CNNC(C)NNNCN
CNNC(C)NNNNC
CNNC(CC)(N)NNN
CNNC(CC)N(N)NN
CNNC(CC)NN(N)N
CNNC(CC)NNNN
CNNC(CN)(N)CNN
CNNC(CN)(N)NCN
CNNC(CN)(N)NNC
CNNC(CN)(NN)CN
CNNC(CN)C(N)NN
CNNC(CN)CN(N)N
CNNC(CN)CNNN
CNNC(CN)N(C)NN
CNNC(CN)N(N)CN
CNNC(CN)N(N)NC
CNNC(CN)NC(N)N
CNNC(CN)NCNN
CNNC(CN)NN(N)C
CNNC(CN)NNCN
CNNC(CN)NNNC
CNNC(CNN)CNN
CNNC(N(C)C)NNN
CNNC(N(N)C)C(N)N
CNNC(N(N)C)CNN
CNNC(N(N)C)N(N)C
CNNC(N(N)C)NCN
CNNC(N(N)C)NNC
CNNC(N(N)N)CCN
CNNC(N(N)N)N(C)C
CNNC(N)(N(C)C)NN
CNNC(N)(N(N)C)CN
CNNC(N)(N)C(C)NN
CNNC(N)(N)C(N)CN
CNNC(N)(N)CC(N)N
CNNC(N)(N)CCNN
CNNC(N)(N)CN(N)C
CNNC(N)(N)CNCN
CNNC(N)(N)N(C)CN
CNNC(N)(N)N(C)NC
CNNC(N)(N)NCCN
CNNC(N)(N)NN(C)C
CNNC(N)(NC)CNN
CNNC(N)(NC)NCN
CNNC(N)(NC)NNC
CNNC(N)(NN)CCN
CNNC(N)C(C)(N)NN
CNNC(N)C(C)N(N)N
CNNC(N)C(C)NNN
CNNC(N)C(N)(N)CN
CNNC(N)C(N)C(N)N
CNNC(N)C(N)CNN
CNNC(N)C(N)N(N)C
CNNC(N)C(N)NCN
CNNC(N)C(N)NNC
CNNC(N)C(NN)CN
CNNC(N)CC(N)(N)N
CNNC(N)CC(N)NN
CNNC(N)CCN(N)N
CNNC(N)CCNNN
CNNC(N)CN(C)NN
CNNC(N)CN(N)CN
CNNC(N)CN(N)NC
CNNC(N)CNC(N)N
CNNC(N)CNCNN
CNNC(N)CNN(N)C
CNNC(N)CNNCN
CNNC(N)CNNNC
CNNC(N)N(C)C(N)N
CNNC(N)N(C)CNN
CNNC(N)N(C)N(N)C
CNNC(N)N(C)NCN
CNNC(N)N(C)NNC
CNNC(N)N(CN)CN
CNNC(N)N(N)CCN
CNNC(N)N(N)N(C)C
CNNC(N)N(NC)CN
CNNC(N)N(NC)NC
CNNC(N)NC(C)NN
CNNC(N)NC(N)CN
CNNC(N)NCC(N)N
CNNC(N)NCCNN
CNNC(N)NCN(N)C
CNNC(N)NCNCN
CNNC(N)NN(C)CN
CNNC(N)NN(C)NC
CNNC(N)NNCCN
CNNC(N)NNN(C)C
CNNC(NC)C(N)NN
CNNC(NC)CN(N)N
CNNC(NC)CNNN
CNNC(NC)N(C)NN
CNNC(NC)N(N)CN
CNNC(NC)N(N)NC
CNNC(NC)NC(N)N
CNNC(NC)NCNN
CNNC(NC)NN(N)C
CNNC(NC)NNCN
CNNC(NC)NNNC
CNNC(NCN)CNN
CNNC(NCN)NCN
CNNC(NN)C(C)NN
CNNC(NN)C(N)CN
CNNC(NN)CC(N)N
CNNC(NN)CCNN
CNNC(NN)CN(N)C
CNNC(NN)CNCN
CNNC(NN)N(C)CN
CNNC(NN)N(C)NC
CNNC(NN)NCCN
CNNC(NN)NN(C)C
CNNC(NNC)CNN
CNNC(NNC)NCN
CNNC(NNC)NNC
CNNC(NNN)CCN
CNNCC(C)(N)N(N)N
CNNCC(C)(N)NNN
CNNCC(C)(NN)NN
CNNCC(C)N(N)NN
CNNCC(C)NN(N)N
CNNCC(C)NNNN
CNNCC(CN)NNN
CNNCC(N(N)C)NN
CNNCC(N(N)N)CN
CNNCC(N)(N)C(N)N
CNNCC(N)(N)CNN
CNNCC(N)(N)N(N)C
CNNCC(N)(N)NCN
CNNCC(N)(N)NNC
CNNCC(N)(NN)CN
CNNCC(N)C(N)(N)N
CNNCC(N)C(N)NN
CNNCC(N)CN(N)N
CNNCC(N)CNNN
CNNCC(N)N(C)NN
CNNCC(N)N(N)CN
CNNCC(N)N(N)NC
CNNCC(N)NC(N)N
CNNCC(N)NCNN
CNNCC(N)NN(N)C
CNNCC(N)NNCN
CNNCC(N)NNNC
CNNCC(NC)NNN
CNNCC(NN)C(N)N
CNNCC(NN)CNN
CNNCC(NN)NCN
CNNCC(NN)NNC
CNNCCC(N)(N)NN
CNNCCC(N)N(N)N
CNNCCC(N)NNN
CNNCCC(NN)NN
CNNCCCN(N)NN
CNNCCCNN(N)N
CNNCCCNNNN
CNNCCN(C)N(N)N
CNNCCN(C)NNN
CNNCCN(N)C(N)N
CNNCCN(N)CNN
CNNCCN(N)N(N)C
CNNCCN(N)NCN
CNNCCN(N)NNC
CNNCCN(NC)NN
CNNCCN(NN)CN
CNNCCNC(N)(N)N
CNNCCNC(N)NN
CNNCCNCN(N)N
CNNCCNCNNN
CNNCCNN(C)NN
CNNCCNN(N)CN
CNNCCNN(N)NC
CNNCCNNC(N)N
CNNCCNNCNN
CNNCCNNN(N)C
CNNCCNNNCN
CNNCCNNNNC
CNNCN(C(N)N)CN
CNNCN(C)C(N)(N)N
CNNCN(C)C(N)NN
CNNCN(C)CN(N)N
CNNCN(C)CNNN
CNNCN(C)N(C)NN
CNNCN(C)N(N)CN
CNNCN(C)N(N)NC
CNNCN(C)NC(N)N
CNNCN(C)NCNN
CNNCN(C)NN(N)C
CNNCN(C)NNCN
CNNCN(C)NNNC
CNNCN(CC)NNN
CNNCN(CN)CNN
CNNCN(CN)NCN
CNNCN(CN)NNC
CNNCN(N(C)C)NN
CNNCN(N(N)C)CN
CNNCN(N(N)C)NC
CNNCN(N)C(C)NN
CNNCN(N)C(N)CN
CNNCN(N)CC(N)N
CNNCN(N)CCNN
CNNCN(N)CN(N)C
CNNCN(N)CNCN
CNNCN(N)CNNC
CNNCN(N)N(C)CN
CNNCN(N)N(C)NC
CNNCN(N)NCCN
CNNCN(N)NN(C)C
CNNCN(NC)C(N)N
CNNCN(NC)CNN
CNNCN(NC)NCN
CNNCN(NC)NNC
CNNCN(NN)CCN
CNNCNC(C)(N)NN
CNNCNC(C)N(N)N
CNNCNC(C)NNN
CNNCNC(N)(N)CN
CNNCNC(N)C(N)N
CNNCNC(N)CNN
CNNCNC(N)N(N)C
CNNCNC(N)NCN
CNNCNC(N)NNC
CNNCNC(NN)CN
CNNCNCC(N)(N)N
CNNCNCC(N)NN
CNNCNCCN(N)N
CNNCNCCNNN
CNNCNCN(C)NN
CNNCNCN(N)CN
CNNCNCN(N)NC
CNNCNCNC(N)N
CNNCNCNCNN
CNNCNCNN(N)C
CNNCNCNNCN
CNNCNCNNNC
CNNCNN(C)C(N)N
CNNCNN(C)CNN
CNNCNN(C)N(N)C
CNNCNN(C)NCN
CNNCNN(C)NNC
CNNCNN(CN)CN
CNNCNN(N)CCN
CNNCNN(N)N(C)C
CNNCNN(NC)CN
CNNCNN(NC)NC
CNNCNNC(C)NN
CNNCNNC(N)CN
CNNCNNCC(N)N
CNNCNNCCNN
CNNCNNCN(N)C
CNNCNNCNCN
CNNCNNCNNC
CNNCNNN(C)CN
CNNCNNN(C)NC
CNNCNNNCCN
CNNCNNNN(C)C
CNNN(C(C)C)NNN
CNNN(C(N)C)CNN
CNNN(C(N)C)NCN
CNNN(C(N)C)NNC
CNNN(C(N)N)CCN
CNNN(C)C(C)(N)NN
CNNN(C)C(C)N(N)N
CNNN(C)C(C)NNN
CNNN(C)C(N)(N)CN
CNNN(C)C(N)C(N)N
CNNN(C)C(N)CNN
CNNN(C)C(N)N(N)C
CNNN(C)C(N)NCN
CNNN(C)C(NN)CN
CNNN(C)CC(N)(N)N
CNNN(C)CC(N)NN
CNNN(C)CCN(N)N
CNNN(C)CCNNN
CNNN(C)CN(C)NN
CNNN(C)CN(N)CN
CNNN(C)CN(N)NC
CNNN(C)CNC(N)N
CNNN(C)CNCNN
CNNN(C)CNN(N)C
CNNN(C)CNNCN
CNNN(C)N(C)C(N)N
CNNN(C)N(C)CNN
CNNN(C)N(C)N(N)C
CNNN(C)N(C)NCN
CNNN(C)N(C)NNC
CNNN(C)N(CN)CN
CNNN(C)N(N)CCN
CNNN(C)N(N)N(C)C
CNNN(C)N(NC)CN
CNNN(C)N(NC)NC
CNNN(C)NC(C)NN
CNNN(C)NC(N)CN
CNNN(C)NCC(N)N
CNNN(C)NCCNN
CNNN(C)NCN(N)C
CNNN(C)NCNCN
CNNN(C)NN(C)CN
CNNN(C)NN(C)NC
CNNN(C)NNCCN
CNNN(C)NNN(C)C
CNNN(CC)C(N)NN
CNNN(CC)CN(N)N
CNNN(CC)CNNN
CNNN(CC)N(C)NN
CNNN(CC)N(N)CN
CNNN(CC)N(N)NC
CNNN(CC)NC(N)N
CNNN(CC)NCNN
CNNN(CC)NN(N)C
CNNN(CC)NNCN
CNNN(CCN)CNN
CNNN(CN)C(C)NN
CNNN(CN)C(N)CN
CNNN(CN)CC(N)N
CNNN(CN)CCNN
CNNN(CN)CN(N)C
CNNN(CN)CNCN
CNNN(CN)N(C)CN
CNNN(CN)N(C)NC
CNNN(CN)NCCN
CNNN(CN)NN(C)C
CNNN(N(C)C)C(N)N
CNNN(N(C)C)CNN
CNNN(N(C)C)N(N)C
CNNN(N(C)C)NCN
CNNN(N(C)C)NNC
CNNN(N(N)C)CCN
CNNN(N)C(C)(C)NN
CNNN(N)C(C)(N)CN
CNNN(N)C(C)C(N)N
CNNN(N)C(C)CNN
CNNN(N)C(C)N(N)C
CNNN(N)C(C)NCN
CNNN(N)C(CN)CN
CNNN(N)C(N)CCN
CNNN(N)C(N)N(C)C
CNNN(N)CC(C)NN
CNNN(N)CC(N)CN
CNNN(N)CCC(N)N
CNNN(N)CCCNN
CNNN(N)CCN(N)C
CNNN(N)CCNCN
CNNN(N)CN(C)CN
CNNN(N)CN(C)NC
CNNN(N)CNCCN
CNNN(N)CNN(C)C
CNNN(N)N(C)CCN
CNNN(N)N(C)N(C)C
CNNN(N)NC(C)CN
CNNN(N)NCCCN
CNNN(N)NCN(C)C
CNNN(NC)C(C)NN
CNNN(NC)C(N)CN
CNNN(NC)CC(N)N
CNNN(NC)CCNN
CNNN(NC)CN(N)C
CNNN(NC)CNCN
CNNN(NC)N(C)CN
CNNN(NC)N(C)NC
CNNN(NC)NCCN
CNNN(NC)NN(C)C
CNNN(NCN)CCN
CNNN(NN)C(C)CN
CNNN(NN)CCCN
CNNN(NN)CN(C)C
CNNN(NNC)CCN
CNNNC(C(N)N)CN
CNNNC(C)(C)N(N)N
CNNNC(C)(C)NNN
CNNNC(C)(N)C(N)N
CNNNC(C)(N)CNN
CNNNC(C)(N)N(N)C
CNNNC(C)(N)NCN
CNNNC(C)(NN)CN
CNNNC(C)C(N)(N)N
CNNNC(C)C(N)NN
CNNNC(C)CN(N)N
CNNNC(C)CNNN
CNNNC(C)N(C)NN
CNNNC(C)N(N)CN
CNNNC(C)N(N)NC
CNNNC(C)NC(N)N
CNNNC(C)NCNN
CNNNC(C)NN(N)C
CNNNC(C)NNCN
CNNNC(C)NNNC
CNNNC(CC)NNN
CNNNC(CN)(N)CN
CNNNC(CN)CNN
CNNNC(CN)NCN
CNNNC(N(C)C)NN
CNNNC(N(N)C)CN
CNNNC(N)(N)CCN
CNNNC(N)(N)N(C)C
CNNNC(N)C(C)NN
CNNNC(N)C(N)CN
CNNNC(N)CC(N)N
CNNNC(N)CCNN
CNNNC(N)CN(N)C
CNNNC(N)CNCN
CNNNC(N)N(C)CN
CNNNC(N)N(C)NC
CNNNC(N)NCCN
CNNNC(N)NN(C)C
CNNNC(NC)CNN
CNNNC(NC)NCN
CNNNC(NN)CCN
CNNNCC(C)(N)NN
CNNNCC(C)N(N)N
CNNNCC(C)NNN
CNNNCC(N)(N)CN
CNNNCC(N)C(N)N
CNNNCC(N)CNN
CNNNCC(N)N(N)C
CNNNCC(N)NCN
CNNNCC(NN)CN
CNNNCCC(N)(N)N
CNNNCCC(N)NN
CNNNCCCN(N)N
CNNNCCCNNN
CNNNCCN(C)NN
CNNNCCN(N)CN
CNNNCCN(N)NC
CNNNCCNC(N)N
CNNNCCNCNN
CNNNCCNN(N)C
CNNNCCNNCN
CNNNCCNNNC
CNNNCN(C)C(N)N
CNNNCN(C)CNN
CNNNCN(C)N(N)C
CNNNCN(C)NCN
CNNNCN(C)NNC
CNNNCN(CN)CN
CNNNCN(N)CCN
CNNNCN(N)N(C)C
CNNNCN(NC)CN
CNNNCN(NC)NC
CNNNCNC(C)NN
CNNNCNC(N)CN
CNNNCNCC(N)N
CNNNCNCCNN
CNNNCNCN(N)C
CNNNCNCNCN
CNNNCNN(C)CN
CNNNCNN(C)NC
CNNNCNNCCN
CNNNCNNN(C)C
CNNNN(C)C(C)NN
CNNNN(C)C(N)CN
CNNNN(C)CC(N)N
CNNNN(C)CCNN
CNNNN(C)CN(N)C
CNNNN(C)CNCN
CNNNN(C)N(C)CN
CNNNN(C)N(C)NC
CNNNN(C)NCCN
CNNNN(C)NN(C)C
CNNNN(CC)CNN
CNNNN(CC)NCN
CNNNN(CC)NNC
CNNNN(CN)CCN
CNNNN(N(C)C)CN
CNNNN(N(C)C)NC
CNNNN(N)C(C)CN
CNNNN(N)CCCN
CNNNN(N)CN(C)C
CNNNN(NC)CCN
CNNNNC(C)(C)NN
CNNNNC(C)(N)CN
CNNNNC(C)C(N)N
CNNNNC(C)CNN
CNNNNC(C)N(N)C
CNNNNC(C)NCN
CNNNNC(CN)CN
CNNNNC(N)CCN
CNNNNC(N)N(C)C
CNNNNCC(C)NN
CNNNNCC(N)CN
CNNNNCCC(N)N
CNNNNCCCNN
CNNNNCCN(N)C
CNNNNCCNCN
CNNNNCN(C)CN
CNNNNCN(C)NC
CNNNNCNCCN
CNNNNCNN(C)C
CNNNNN(C)CCN
CNNNNN(C)N(C)C
CNNNNNC(C)CN
CNNNNNCCCN
CNNNNNCN(C)C
NC(N)(N)C(C)(C)N(N)N
NC(N)(N)C(C)(C)NNN
NC(N)(N)C(C)(N)CNN
NC(N)(N)C(C)C(N)(N)N
NC(N)(N)C(C)C(N)NN
NC(N)(N)C(C)CN(N)N
NC(N)(N)C(C)CNNN
NC(N)(N)C(C)N(C)NN
NC(N)(N)C(C)NCNN
NC(N)(N)C(N)C(C)NN
NC(N)(N)C(N)CCNN
NC(N)(N)CC(C)(N)NN
NC(N)(N)CC(C)N(N)N
NC(N)(N)CC(C)NNN
NC(N)(N)CC(N)CNN
NC(N)(N)CCC(N)(N)N
NC(N)(N)CCC(N)NN
NC(N)(N)CCCN(N)N
NC(N)(N)CCCNNN
NC(N)(N)CCN(C)NN
NC(N)(N)CCNCNN
NC(N)(N)CN(C)CNN
NC(N)(N)CNC(C)NN
NC(N)(N)CNCCNN
NC(N)(N)N(C)C(C)NN
NC(N)(N)N(C)CCNN
NC(N)(N)NC(C)(C)NN
NC(N)(N)NC(C)CNN
NC(N)(N)NCC(C)NN
NC(N)(N)NCCCNN
NC(N)C(C(N)N)C(N)N
NC(N)C(C(N)N)CNN
NC(N)C(C)(C)N(N)NN
NC(N)C(C)(C)NN(N)N
NC(N)C(C)(C)NNNN
NC(N)C(C)(N)C(N)(N)N
NC(N)C(C)(N)C(N)NN
NC(N)C(C)(N)CN(N)N
NC(N)C(C)(N)CNNN
NC(N)C(C)(N)N(C)NN
NC(N)C(C)(N)NCNN
NC(N)C(C)(NN)C(N)N
NC(N)C(C)(NN)CNN
NC(N)C(C)C(N)(N)NN
NC(N)C(C)C(N)N(N)N
NC(N)C(C)C(N)NNN
NC(N)C(C)C(NN)NN
NC(N)C(C)CN(N)NN
NC(N)C(C)CNN(N)N
NC(N)C(C)CNNNN
NC(N)C(C)N(C)N(N)N
NC(N)C(C)N(C)NNN
NC(N)C(C)N(N)CNN
NC(N)C(C)NC(N)(N)N
NC(N)C(C)NC(N)NN
NC(N)C(C)NCN(N)N
NC(N)C(C)NCNNN
NC(N)C(C)NN(C)NN
NC(N)C(C)NNCNN
NC(N)C(N)(N)C(C)NN
NC(N)C(N)(N)CCNN
NC(N)C(N)C(C)(N)NN
NC(N)C(N)C(C)N(N)N
NC(N)C(N)C(C)NNN
NC(N)C(N)C(N)C(N)N
NC(N)C(N)C(N)CNN
NC(N)C(N)CC(N)(N)N
NC(N)C(N)CC(N)NN
NC(N)C(N)CCN(N)N
NC(N)C(N)CCNNN
NC(N)C(N)CN(C)NN
NC(N)C(N)CNCNN
NC(N)C(N)N(C)CNN
NC(N)C(N)NC(C)NN
NC(N)C(N)NCCNN
NC(N)C(NN)C(C)NN
NC(N)C(NN)CCNN
NC(N)CC(C)(N)N(N)N
NC(N)CC(C)(N)NNN
NC(N)CC(C)(NN)NN
NC(N)CC(C)N(N)NN
NC(N)CC(C)NN(N)N
NC(N)CC(C)NNNN
NC(N)CC(CN)NNN
NC(N)CC(N)(N)C(N)N
NC(N)CC(N)(N)CNN
NC(N)CC(N)C(N)(N)N
NC(N)CC(N)C(N)NN
NC(N)CC(N)CN(N)N
NC(N)CC(N)CNNN
NC(N)CC(N)N(C)NN
NC(N)CC(N)NCNN
NC(N)CC(NC)NNN
NC(N)CC(NN)C(N)N
NC(N)CC(NN)CNN
NC(N)CCC(N)(N)NN
NC(N)CCC(N)N(N)N
NC(N)CCC(N)NNN
NC(N)CCC(NN)NN
NC(N)CCCN(N)NN
NC(N)CCCNN(N)N
NC(N)CCCNNNN
NC(N)CCN(C)N(N)N
NC(N)CCN(C)NNN
NC(N)CCN(N)CNN
NC(N)CCNC(N)(N)N
NC(N)CCNC(N)NN
NC(N)CCNCN(N)N
NC(N)CCNCNNN
NC(N)CCNN(C)NN
NC(N)CCNNCNN
NC(N)CN(C)C(N)(N)N
NC(N)CN(C)C(N)NN
NC(N)CN(C)CN(N)N
NC(N)CN(C)CNNN
NC(N)CN(C)N(C)NN
NC(N)CN(C)NCNN
NC(N)CN(CC)NNN
NC(N)CN(CN)CNN
NC(N)CN(N)C(C)NN
NC(N)CN(N)CC(N)N
NC(N)CN(N)CCNN
NC(N)CN(NC)CNN
NC(N)CNC(C)(N)NN
NC(N)CNC(C)N(N)N
NC(N)CNC(C)NNN
NC(N)CNC(N)C(N)N
NC(N)CNC(N)CNN
NC(N)CNCC(N)(N)N
NC(N)CNCC(N)NN
NC(N)CNCCN(N)N
NC(N)CNCCNNN
NC(N)CNCN(C)NN
NC(N)CNCNCNN
NC(N)CNN(C)CNN
NC(N)CNNC(C)NN
NC(N)CNNCC(N)N
NC(N)CNNCCNN
NC(N)N(C)C(C)(N)NN
NC(N)N(C)C(C)N(N)N
NC(N)N(C)C(C)NNN
NC(N)N(C)C(N)C(N)N
NC(N)N(C)C(N)CNN
NC(N)N(C)CC(N)(N)N
NC(N)N(C)CC(N)NN
NC(N)N(C)CCN(N)N
NC(N)N(C)CCNNN
NC(N)N(C)CN(C)NN
NC(N)N(C)CNCNN
NC(N)N(C)N(C)C(N)N
NC(N)N(C)N(C)CNN
NC(N)N(C)NC(C)NN
NC(N)N(C)NCC(N)N
NC(N)N(C)NCCNN
NC(N)N(N)C(C)(C)NN
NC(N)N(N)C(C)C(N)N
NC(N)N(N)C(C)CNN
NC(N)N(N)CC(C)NN
NC(N)N(N)CCC(N)N
NC(N)N(N)CCCNN
NC(N)NC(C)(C)N(N)N
NC(N)NC(C)(C)NNN
NC(N)NC(C)(N)C(N)N
NC(N)NC(C)(N)CNN
NC(N)NC(C)C(N)(N)N
NC(N)NC(C)C(N)NN
NC(N)NC(C)CN(N)N
NC(N)NC(C)CNNN
NC(N)NC(C)N(C)NN
NC(N)NC(C)NC(N)N
NC(N)NC(C)NCNN
NC(N)NC(CC)NNN
NC(N)NC(CN)CNN
NC(N)NC(N)C(C)NN
NC(N)NC(N)CC(N)N
NC(N)NC(N)CCNN
NC(N)NC(NC)CNN
NC(N)NCC(C)(N)NN
NC(N)NCC(C)N(N)N
NC(N)NCC(C)NNN
NC(N)NCC(N)C(N)N
NC(N)NCC(N)CNN
NC(N)NCCC(N)(N)N
NC(N)NCCC(N)NN
NC(N)NCCCN(N)N
NC(N)NCCCNNN
NC(N)NCCN(C)NN
NC(N)NCCNC(N)N
NC(N)NCCNCNN
NC(N)NCN(C)C(N)N
NC(N)NCN(C)CNN
NC(N)NCNC(C)NN
NC(N)NCNCC(N)N
NC(N)NCNCCNN
NC(N)NN(C)C(C)NN
NC(N)NN(C)CC(N)N
NC(N)NN(C)CCNN
NC(N)NN(CC)CNN
NC(N)NNC(C)(C)NN
NC(N)NNC(C)C(N)N
NC(N)NNC(C)CNN
NC(N)NNCC(C)NN
NC(N)NNCCC(N)N
NC(N)NNCCCNN
NCC(C(N)(N)N)(N)CN
NCC(C(N)(N)N)C(N)N
NCC(C(N)(N)N)CNN
NCC(C(N)(N)N)NCN
NCC(C(N)N)(N)C(N)N
NCC(C(N)N)(N)CNN
NCC(C(N)N)(N)NCN
NCC(C(N)N)(NN)CN
NCC(C(N)N)C(N)NN
NCC(C(N)N)CN(N)N
NCC(C(N)N)CNNN
NCC(C(N)N)N(C)NN
NCC(C(N)N)N(N)CN
NCC(C(N)N)NC(N)N
NCC(C(N)N)NCNN
NCC(C(N)N)NNCN
NCC(C)(C(N)N)NNN
NCC(C)(C)N(N)N(N)N
NCC(C)(C)N(N)NNN
NCC(C)(C)N(NN)NN
NCC(C)(C)NN(N)NN
NCC(C)(C)NNN(N)N
NCC(C)(C)NNNNN
NCC(C)(CN)N(N)NN
NCC(C)(CN)NN(N)N
NCC(C)(CN)NNNN
NCC(C)(N(N)N)C(N)N
NCC(C)(N(N)N)CNN
NCC(C)(N(N)N)NCN
NCC(C)(N)C(N)(N)NN
NCC(C)(N)C(N)N(N)N
NCC(C)(N)C(N)NNN
NCC(C)(N)C(NN)NN
NCC(C)(N)CN(N)NN
NCC(C)(N)CNN(N)N
NCC(C)(N)CNNNN
NCC(C)(N)N(C)N(N)N
NCC(C)(N)N(C)NNN
NCC(C)(N)N(N)C(N)N
NCC(C)(N)N(N)CNN
NCC(C)(N)N(N)NCN
NCC(C)(N)N(NN)CN
NCC(C)(N)NC(N)(N)N
NCC(C)(N)NC(N)NN
NCC(C)(N)NCN(N)N
NCC(C)(N)NCNNN
NCC(C)(N)NN(C)NN
NCC(C)(N)NN(N)CN
NCC(C)(N)NNC(N)N
NCC(C)(N)NNCNN
NCC(C)(N)NNNCN
NCC(C)(NN)C(N)(N)N
NCC(C)(NN)C(N)NN
NCC(C)(NN)CN(N)N
NCC(C)(NN)CNNN
NCC(C)(NN)N(C)NN
NCC(C)(NN)N(N)CN
NCC(C)(NN)NC(N)N
NCC(C)(NN)NCNN
NCC(C)(NN)NNCN
NCC(C)C(N(N)N)NN
NCC(C)C(N)(N)N(N)N
NCC(C)C(N)(N)NNN
NCC(C)C(N)(NN)NN
NCC(C)C(N)N(N)NN
NCC(C)C(N)NN(N)N
NCC(C)C(N)NNNN
NCC(C)C(NN)NNN
NCC(C)CN(N)N(N)N
NCC(C)CN(N)NNN
NCC(C)CN(NN)NN
NCC(C)CNN(N)NN
NCC(C)CNNN(N)N
NCC(C)CNNNNN
NCC(C)N(C)N(N)NN
NCC(C)N(C)NN(N)N
NCC(C)N(C)NNNN
NCC(C)N(CN)NNN
NCC(C)N(N(N)N)CN
NCC(C)N(N)C(N)(N)N
NCC(C)N(N)C(N)NN
NCC(C)N(N)CN(N)N
NCC(C)N(N)CNNN
NCC(C)N(N)N(C)NN
NCC(C)N(N)N(N)CN
NCC(C)N(N)NC(N)N
NCC(C)N(N)NCNN
NCC(C)N(N)NNCN
NCC(C)N(NC)NNN
NCC(C)N(NN)C(N)N
NCC(C)N(NN)CNN
NCC(C)N(NN)NCN
NCC(C)NC(N)(N)NN
NCC(C)NC(N)N(N)N
NCC(C)NC(N)NNN
NCC(C)NC(NN)NN
NCC(C)NCN(N)NN
NCC(C)NCNN(N)N
NCC(C)NCNNNN
NCC(C)NN(C)N(N)N
NCC(C)NN(C)NNN
NCC(C)NN(N)C(N)N
NCC(C)NN(N)CNN
NCC(C)NN(N)NCN
NCC(C)NN(NN)CN
NCC(C)NNC(N)(N)N
NCC(C)NNC(N)NN
NCC(C)NNCN(N)N
NCC(C)NNCNNN
NCC(C)NNN(C)NN
NCC(C)NNN(N)CN
NCC(C)NNNC(N)N
NCC(C)NNNCNN
NCC(C)NNNNCN
NCC(CN)(CN)NNN
NCC(CN)(N(N)N)CN
NCC(CN)(N)C(N)NN
NCC(CN)(N)CN(N)N
NCC(CN)(N)CNNN
NCC(CN)(N)N(C)NN
NCC(CN)(N)N(N)CN
NCC(CN)(N)NC(N)N
NCC(CN)(N)NCNN
NCC(CN)(N)NNCN
NCC(CN)(NN)CNN
NCC(CN)(NN)NCN
NCC(CN)C(N)(N)NN
NCC(CN)C(N)N(N)N
NCC(CN)C(N)NNN
NCC(CN)C(NN)NN
NCC(CN)CN(N)NN
NCC(CN)CNN(N)N
NCC(CN)CNNNN
NCC(CN)N(C)N(N)N
NCC(CN)N(C)NNN
NCC(CN)N(N)C(N)N
NCC(CN)N(N)CNN
NCC(CN)N(N)NCN
NCC(CN)N(NN)CN
NCC(CN)NC(N)(N)N
NCC(CN)NC(N)NN
NCC(CN)NCN(N)N
NCC(CN)NCNNN
NCC(CN)NN(C)NN
NCC(CN)NN(N)CN
NCC(CN)NNC(N)N
NCC(CN)NNCNN
NCC(CN)NNNCN
NCC(N(N)N)C(C)NN
NCC(N(N)N)C(N)CN
NCC(N(N)N)CC(N)N
NCC(N(N)N)CCNN
NCC(N(N)N)CNCN
NCC(N(N)N)N(C)CN
NCC(N)(N)C(C)(N)NN
NCC(N)(N)C(C)N(N)N
NCC(N)(N)C(C)NNN
NCC(N)(N)C(N)(N)CN
NCC(N)(N)C(N)C(N)N
NCC(N)(N)C(N)CNN
NCC(N)(N)C(N)NCN
NCC(N)(N)CC(N)(N)N
NCC(N)(N)CC(N)NN
NCC(N)(N)CCN(N)N
NCC(N)(N)CCNNN
NCC(N)(N)CN(C)NN
NCC(N)(N)CN(N)CN
NCC(N)(N)CNC(N)N
NCC(N)(N)CNCNN
NCC(N)(N)CNNCN
NCC(N)(N)N(C)C(N)N
NCC(N)(N)N(C)CNN
NCC(N)(N)N(C)NCN
NCC(N)(N)N(CN)CN
NCC(N)(N)NC(C)NN
NCC(N)(N)NCC(N)N
NCC(N)(N)NCCNN
NCC(N)(N)NCNCN
NCC(N)(N)NN(C)CN
NCC(N)(NN)C(C)NN
NCC(N)(NN)CC(N)N
NCC(N)(NN)CCNN
NCC(N)(NN)CNCN
NCC(N)(NN)N(C)CN
NCC(N)C(C)(N)N(N)N
NCC(N)C(C)(N)NNN
NCC(N)C(C)(NN)NN
NCC(N)C(C)N(N)NN
NCC(N)C(C)NN(N)N
NCC(N)C(C)NNNN
NCC(N)C(CN)NNN
NCC(N)C(N)(N)C(N)N
NCC(N)C(N)(N)CNN
NCC(N)C(N)(N)NCN
NCC(N)C(N)(NN)CN
NCC(N)C(N)C(N)(N)N
NCC(N)C(N)C(N)NN
NCC(N)C(N)CN(N)N
NCC(N)C(N)CNNN
NCC(N)C(N)N(C)NN
NCC(N)C(N)N(N)CN
NCC(N)C(N)NC(N)N
NCC(N)C(N)NCNN
NCC(N)C(N)NNCN
NCC(N)C(NC)NNN
NCC(N)C(NN)C(N)N
NCC(N)C(NN)CNN
NCC(N)C(NN)NCN
NCC(N)CC(N)(N)NN
NCC(N)CC(N)N(N)N
NCC(N)CC(N)NNN
NCC(N)CC(NN)NN
NCC(N)CCN(N)NN
NCC(N)CCNN(N)N
NCC(N)CCNNNN
NCC(N)CN(C)N(N)N
NCC(N)CN(C)NNN
NCC(N)CN(N)C(N)N
NCC(N)CN(N)CNN
NCC(N)CN(N)NCN
NCC(N)CN(NN)CN
NCC(N)CNC(N)(N)N
NCC(N)CNC(N)NN
NCC(N)CNCN(N)N
NCC(N)CNCNNN
NCC(N)CNN(C)NN
NCC(N)CNN(N)CN
NCC(N)CNNC(N)N
NCC(N)CNNCNN
NCC(N)CNNNCN
NCC(N)N(C(N)N)CN
NCC(N)N(C)C(N)(N)N
NCC(N)N(C)C(N)NN
NCC(N)N(C)CN(N)N
NCC(N)N(C)CNNN
NCC(N)N(C)N(C)NN
NCC(N)N(C)N(N)CN
NCC(N)N(C)NC(N)N
NCC(N)N(C)NCNN
NCC(N)N(C)NNCN
NCC(N)N(CC)NNN
NCC(N)N(CN)CNN
NCC(N)N(CN)NCN
NCC(N)N(N)C(C)NN
NCC(N)N(N)C(N)CN
NCC(N)N(N)CC(N)N
NCC(N)N(N)CCNN
NCC(N)N(N)CNCN
NCC(N)N(N)N(C)CN
NCC(N)N(NC)CNN
NCC(N)N(NC)NCN
NCC(N)NC(C)(N)NN
NCC(N)NC(C)N(N)N
NCC(N)NC(C)NNN
NCC(N)NC(N)(N)CN
NCC(N)NC(N)C(N)N
NCC(N)NC(N)CNN
NCC(N)NC(N)NCN
NCC(N)NCC(N)(N)N
NCC(N)NCC(N)NN
NCC(N)NCCN(N)N
NCC(N)NCCNNN
NCC(N)NCN(C)NN
NCC(N)NCN(N)CN
NCC(N)NCNC(N)N
NCC(N)NCNCNN
NCC(N)NCNNCN
NCC(N)NN(C)C(N)N
NCC(N)NN(C)CNN
NCC(N)NN(C)NCN
NCC(N)NN(CN)CN
NCC(N)NNC(C)NN
NCC(N)NNC(N)CN
NCC(N)NNCC(N)N
NCC(N)NNCCNN
NCC(N)NNCNCN
NCC(N)NNN(C)CN
NCC(NN)C(C)(N)NN
NCC(NN)C(C)N(N)N
NCC(NN)C(C)NNN
NCC(NN)C(N)(N)CN
NCC(NN)C(N)C(N)N
NCC(NN)C(N)CNN
NCC(NN)C(N)NCN
NCC(NN)C(NN)CN
NCC(NN)CC(N)(N)N
NCC(NN)CC(N)NN
NCC(NN)CCN(N)N
NCC(NN)CCNNN
NCC(NN)CN(C)NN
NCC(NN)CN(N)CN
NCC(NN)CNC(N)N
NCC(NN)CNCNN
NCC(NN)CNNCN
NCC(NN)N(C)C(N)N
NCC(NN)N(C)CNN
NCC(NN)N(C)NCN
NCC(NN)N(CN)CN
NCC(NN)NC(C)NN
NCC(NN)NC(N)CN
NCC(NN)NCC(N)N
NCC(NN)NCCNN
NCC(NN)NCNCN
NCC(NN)NN(C)CN
NCCC(C(N)N)NNN
NCCC(C)(N(N)N)NN
NCCC(C)(N)N(N)NN
NCCC(C)(N)NN(N)N
NCCC(C)(N)NNNN
NCCC(C)(NN)NNN
NCCC(C)N(N)N(N)N
NCCC(C)N(N)NNN
NCCC(C)N(NN)NN
NCCC(C)NN(N)NN
NCCC(C)NNN(N)N
NCCC(C)NNNNN
NCCC(CN)(N)NNN
NCCC(CN)N(N)NN
NCCC(CN)NN(N)N
NCCC(CN)NNNN
NCCC(N(N)C)NNN
NCCC(N(N)N)C(N)N
NCCC(N(N)N)CNN
NCCC(N(N)N)NCN
NCCC(N)(N(N)N)CN
NCCC(N)(N)C(N)(N)N
NCCC(N)(N)C(N)NN
NCCC(N)(N)CN(N)N
NCCC(N)(N)CNNN
NCCC(N)(N)N(C)NN
NCCC(N)(N)N(N)CN
NCCC(N)(N)NC(N)N
NCCC(N)(N)NCNN
NCCC(N)(N)NNCN
NCCC(N)(NC)NNN
NCCC(N)(NN)C(N)N
NCCC(N)(NN)CNN
NCCC(N)(NN)NCN
NCCC(N)C(N)(N)NN
NCCC(N)C(N)N(N)N
NCCC(N)C(N)NNN
NCCC(N)C(NN)NN
NCCC(N)CN(N)NN
NCCC(N)CNN(N)N
NCCC(N)CNNNN
NCCC(N)N(C)N(N)N
NCCC(N)N(C)NNN
NCCC(N)N(N)C(N)N
NCCC(N)N(N)CNN
NCCC(N)N(N)NCN
NCCC(N)N(NN)CN
NCCC(N)NC(N)(N)N
NCCC(N)NC(N)NN
NCCC(N)NCN(N)N
NCCC(N)NCNNN
NCCC(N)NN(C)NN
NCCC(N)NN(N)CN
NCCC(N)NNC(N)N
NCCC(N)NNCNN
NCCC(N)NNNCN
NCCC(NC)N(N)NN
NCCC(NC)NN(N)N
NCCC(NC)NNNN
NCCC(NN)(NN)CN
NCCC(NN)C(N)(N)N
NCCC(NN)C(N)NN
NCCC(NN)CN(N)N
NCCC(NN)CNNN
NCCC(NN)N(C)NN
NCCC(NN)N(N)CN
NCCC(NN)NC(N)N
NCCC(NN)NCNN
NCCC(NN)NNCN
NCCC(NNN)CNN
NCCC(NNN)NCN
NCCCC(N(N)N)NN
NCCCC(N)(N)N(N)N
NCCCC(N)(N)NNN
NCCCC(N)(NN)NN
NCCCC(N)N(N)NN
NCCCC(N)NN(N)N
NCCCC(N)NNNN
NCCCC(NN)NNN
NCCCCN(N)N(N)N
NCCCCN(N)NNN
NCCCCN(NN)NN
NCCCCNN(N)NN
NCCCCNNN(N)N
NCCCCNNNNN
NCCCN(C)N(N)NN
NCCCN(C)NN(N)N
NCCCN(C)NNNN
NCCCN(CN)NNN
NCCCN(N(N)N)CN
NCCCN(N)C(N)(N)N
NCCCN(N)C(N)NN
NCCCN(N)CN(N)N
NCCCN(N)CNNN
NCCCN(N)N(C)NN
NCCCN(N)N(N)CN
NCCCN(N)NC(N)N
NCCCN(N)NCNN
NCCCN(N)NNCN
NCCCN(NC)NNN
NCCCN(NN)C(N)N
NCCCN(NN)CNN
NCCCN(NN)NCN
NCCCNC(N)(N)NN
NCCCNC(N)N(N)N
NCCCNC(N)NNN
NCCCNC(NN)NN
NCCCNCN(N)NN
NCCCNCNN(N)N
NCCCNCNNNN
NCCCNN(C)N(N)N
NCCCNN(C)NNN
NCCCNN(N)C(N)N
NCCCNN(N)CNN
NCCCNN(N)NCN
NCCCNN(NN)CN
NCCCNNC(N)(N)N
NCCCNNC(N)NN
NCCCNNCN(N)N
NCCCNNCNNN
NCCCNNN(C)NN
NCCCNNN(N)CN
NCCCNNNC(N)N
NCCCNNNCNN
NCCCNNNNCN
NCCN(C(N)(N)N)CN
NCCN(C(N)C)NNN
NCCN(C(N)N)C(N)N
NCCN(C(N)N)CNN
NCCN(C(N)N)NCN
NCCN(C)C(N)(N)NN
NCCN(C)C(N)N(N)N
NCCN(C)C(N)NNN
NCCN(C)C(NN)NN
NCCN(C)CN(N)NN
NCCN(C)CNN(N)N
NCCN(C)CNNNN
NCCN(C)N(C)N(N)N
NCCN(C)N(C)NNN
NCCN(C)N(N)C(N)N
NCCN(C)N(N)CNN
NCCN(C)N(N)NCN
NCCN(C)N(NN)CN
NCCN(C)NC(N)(N)N
NCCN(C)NC(N)NN
NCCN(C)NCN(N)N
NCCN(C)NCNNN
NCCN(C)NN(C)NN
NCCN(C)NN(N)CN
NCCN(C)NNC(N)N
NCCN(C)NNCNN
NCCN(C)NNNCN
NCCN(CC)N(N)NN
NCCN(CC)NN(N)N
NCCN(CC)NNNN
NCCN(CN)C(N)NN
NCCN(CN)CN(N)N
NCCN(CN)CNNN
NCCN(CN)N(C)NN
NCCN(CN)N(N)CN
NCCN(CN)NC(N)N
NCCN(CN)NCNN
NCCN(CN)NNCN
NCCN(CNN)CNN
NCCN(N(C)C)NNN
NCCN(N(N)C)CNN
NCCN(N(N)C)NCN
NCCN(N(N)N)CCN
NCCN(N)C(C)(N)NN
NCCN(N)C(C)N(N)N
NCCN(N)C(C)NNN
NCCN(N)C(N)(N)CN
NCCN(N)C(N)C(N)N
NCCN(N)C(N)CNN
NCCN(N)C(N)NCN
NCCN(N)C(NN)CN
NCCN(N)CC(N)(N)N
NCCN(N)CC(N)NN
NCCN(N)CCN(N)N
NCCN(N)CCNNN
NCCN(N)CN(C)NN
NCCN(N)CN(N)CN
NCCN(N)CNC(N)N
NCCN(N)CNCNN
NCCN(N)CNNCN
NCCN(N)N(C)C(N)N
NCCN(N)N(C)CNN
NCCN(N)N(C)NCN
NCCN(N)N(CN)CN
NCCN(N)N(N)CCN
NCCN(N)NC(C)NN
NCCN(N)NC(N)CN
NCCN(N)NCC(N)N
NCCN(N)NCCNN
NCCN(N)NCNCN
NCCN(N)NN(C)CN
NCCN(NC)C(N)NN
NCCN(NC)CN(N)N
NCCN(NC)CNNN
NCCN(NC)N(C)NN
NCCN(NC)N(N)CN
NCCN(NC)NC(N)N
NCCN(NC)NCNN
NCCN(NC)NNCN
NCCN(NCN)CNN
NCCN(NCN)NCN
NCCN(NN)C(C)NN
NCCN(NN)C(N)CN
NCCN(NN)CC(N)N
NCCN(NN)CCNN
NCCN(NN)CNCN
NCCN(NN)N(C)CN
NCCN(NNN)CCN
NCCNC(C)(N)N(N)N
NCCNC(C)(N)NNN
NCCNC(C)(NN)NN
NCCNC(C)N(N)NN
NCCNC(C)NN(N)N
NCCNC(C)NNNN
NCCNC(CN)NNN
NCCNC(N(N)N)CN
NCCNC(N)(N)C(N)N
NCCNC(N)(N)CNN
NCCNC(N)(N)NCN
NCCNC(N)(NN)CN
NCCNC(N)C(N)(N)N
NCCNC(N)C(N)NN
NCCNC(N)CN(N)N
NCCNC(N)CNNN
NCCNC(N)N(C)NN
NCCNC(N)N(N)CN
NCCNC(N)NC(N)N
NCCNC(N)NCNN
NCCNC(N)NNCN
NCCNC(NC)NNN
NCCNC(NN)C(N)N
NCCNC(NN)CNN
NCCNC(NN)NCN
NCCNCC(N)(N)NN
NCCNCC(N)N(N)N
NCCNCC(N)NNN
NCCNCC(NN)NN
NCCNCCN(N)NN
NCCNCCNN(N)N
NCCNCCNNNN
NCCNCN(C)N(N)N
NCCNCN(C)NNN
NCCNCN(N)C(N)N
NCCNCN(N)CNN
NCCNCN(N)NCN
NCCNCN(NN)CN
NCCNCNC(N)(N)N
NCCNCNC(N)NN
NCCNCNCN(N)N
NCCNCNCNNN
NCCNCNN(C)NN
NCCNCNN(N)CN
NCCNCNNC(N)N
NCCNCNNCNN
NCCNCNNNCN
NCCNN(C(N)N)CN
NCCNN(C)C(N)(N)N
NCCNN(C)C(N)NN
NCCNN(C)CN(N)N
NCCNN(C)CNNN
NCCNN(C)N(C)NN
NCCNN(C)N(N)CN
NCCNN(C)NC(N)N
NCCNN(C)NCNN
NCCNN(C)NNCN
NCCNN(CC)NNN
NCCNN(CN)CNN
NCCNN(CN)NCN
NCCNN(N)C(C)NN
NCCNN(N)C(N)CN
NCCNN(N)CC(N)N
NCCNN(N)CCNN
NCCNN(N)CNCN
NCCNN(N)N(C)CN
NCCNN(N)NCCN
NCCNN(NC)CNN
NCCNN(NC)NCN
NCCNN(NN)CCN
NCCNNC(C)(N)NN
NCCNNC(C)N(N)N
NCCNNC(C)NNN
NCCNNC(N)(N)CN
NCCNNC(N)C(N)N
NCCNNC(N)CNN
NCCNNC(N)NCN
NCCNNC(NN)CN
NCCNNCC(N)(N)N
NCCNNCC(N)NN
NCCNNCCN(N)N
NCCNNCCNNN
NCCNNCN(C)NN
NCCNNCN(N)CN
NCCNNCNC(N)N
NCCNNCNCNN
NCCNNCNNCN
NCCNNN(C)C(N)N
NCCNNN(C)CNN
NCCNNN(C)NCN
NCCNNN(CN)CN
NCCNNN(N)CCN
NCCNNNC(C)NN
NCCNNNC(N)CN
NCCNNNCC(N)N
NCCNNNCCNN
NCCNNNCNCN
NCCNNNN(C)CN
NCCNNNNCCN
NCN(C(N)N)C(C)NN
NCN(C(N)N)CC(N)N
NCN(C(N)N)CCNN
NCN(C(N)N)N(C)CN
NCN(C)C(C)(N)N(N)N
NCN(C)C(C)(N)NNN
NCN(C)C(C)(NN)NN
NCN(C)C(C)N(N)NN
NCN(C)C(C)NN(N)N
NCN(C)C(C)NNNN
NCN(C)C(CN)NNN
NCN(C)C(N)(N)C(N)N
NCN(C)C(N)(N)CNN
NCN(C)C(N)C(N)(N)N
NCN(C)C(N)C(N)NN
NCN(C)C(N)CN(N)N
NCN(C)C(N)CNNN
NCN(C)C(N)N(C)NN
NCN(C)C(N)N(N)CN
NCN(C)C(N)NC(N)N
NCN(C)C(N)NCNN
NCN(C)C(NC)NNN
NCN(C)C(NN)C(N)N
NCN(C)C(NN)CNN
NCN(C)CC(N)(N)NN
NCN(C)CC(N)N(N)N
NCN(C)CC(N)NNN
NCN(C)CC(NN)NN
NCN(C)CCN(N)NN
NCN(C)CCNN(N)N
NCN(C)CCNNNN
NCN(C)CN(C)N(N)N
NCN(C)CN(C)NNN
NCN(C)CN(N)C(N)N
NCN(C)CN(N)CNN
NCN(C)CN(NN)CN
NCN(C)CNC(N)(N)N
NCN(C)CNC(N)NN
NCN(C)CNCN(N)N
NCN(C)CNCNNN
NCN(C)CNN(C)NN
NCN(C)CNN(N)CN
NCN(C)CNNC(N)N
NCN(C)CNNCNN
NCN(C)N(C)C(N)(N)N
NCN(C)N(C)C(N)NN
NCN(C)N(C)CN(N)N
NCN(C)N(C)CNNN
NCN(C)N(C)N(C)NN
NCN(C)N(C)NC(N)N
NCN(C)N(C)NCNN
NCN(C)N(CC)NNN
NCN(C)N(CN)CNN
NCN(C)N(N)C(C)NN
NCN(C)N(N)CC(N)N
NCN(C)N(N)CCNN
NCN(C)N(N)N(C)CN
NCN(C)N(NC)CNN
NCN(C)NC(C)(N)NN
NCN(C)NC(C)N(N)N
NCN(C)NC(C)NNN
NCN(C)NC(N)C(N)N
NCN(C)NC(N)CNN
NCN(C)NCC(N)(N)N
NCN(C)NCC(N)NN
NCN(C)NCCN(N)N
NCN(C)NCCNNN
NCN(C)NCN(C)NN
NCN(C)NCN(N)CN
NCN(C)NCNC(N)N
NCN(C)NCNCNN
NCN(C)NN(C)C(N)N
NCN(C)NN(C)CNN
NCN(C)NNC(C)NN
NCN(C)NNCC(N)N
NCN(C)NNCCNN
NCN(C)NNN(C)CN
NCN(CN)C(C)(N)NN
NCN(CN)C(C)N(N)N
NCN(CN)C(C)NNN
NCN(CN)C(N)C(N)N
NCN(CN)C(N)CNN
NCN(CN)CC(N)(N)N
NCN(CN)CC(N)NN
NCN(CN)CCN(N)N
NCN(CN)CCNNN
NCN(CN)CN(C)NN
NCN(CN)CN(N)CN
NCN(CN)CNC(N)N
NCN(CN)CNCNN
NCN(CN)N(C)C(N)N
NCN(CN)N(C)CNN
NCN(CN)N(CN)CN
NCN(CN)NC(C)NN
NCN(CN)NCC(N)N
NCN(CN)NCCNN
NCN(CN)NN(C)CN
NCN(N)C(C)(C)N(N)N
NCN(N)C(C)(C)NNN
NCN(N)C(C)(N)C(N)N
NCN(N)C(C)(N)CNN
NCN(N)C(C)C(N)(N)N
NCN(N)C(C)C(N)NN
NCN(N)C(C)CN(N)N
NCN(N)C(C)CNNN
NCN(N)C(C)N(C)NN
NCN(N)C(C)N(N)CN
NCN(N)C(C)NC(N)N
NCN(N)C(C)NCNN
NCN(N)C(CC)NNN
NCN(N)C(CN)CNN
NCN(N)C(N)C(C)NN
NCN(N)C(N)CC(N)N
NCN(N)C(N)CCNN
NCN(N)C(NC)CNN
NCN(N)CC(C)(N)NN
NCN(N)CC(C)N(N)N
NCN(N)CC(C)NNN
NCN(N)CC(N)C(N)N
NCN(N)CC(N)CNN
NCN(N)CCC(N)(N)N
NCN(N)CCC(N)NN
NCN(N)CCCN(N)N
NCN(N)CCCNNN
NCN(N)CCN(C)NN
NCN(N)CCN(N)CN
NCN(N)CCNC(N)N
NCN(N)CCNCNN
NCN(N)CN(C)C(N)N
NCN(N)CN(C)CNN
NCN(N)CNC(C)NN
NCN(N)CNCC(N)N
NCN(N)CNCCNN
NCN(N)N(C)C(C)NN
NCN(N)N(C)CC(N)N
NCN(N)N(C)CCNN
NCN(N)N(C)N(C)CN
NCN(N)N(CC)CNN
NCN(N)NC(C)(C)NN
NCN(N)NC(C)C(N)N
NCN(N)NC(C)CNN
NCN(N)NCC(C)NN
NCN(N)NCCC(N)N
NCN(N)NCCCNN
NCN(NN)C(C)(C)NN
NCN(NN)C(C)C(N)N
NCN(NN)C(C)CNN
NCN(NN)CC(C)NN
NCN(NN)CCC(N)N
NCN(NN)CCCNN
NCNC(C(N)C)NNN
NCNC(C(N)N)C(N)N
NCNC(C(N)N)CNN
NCNC(C(N)N)NCN
NCNC(C)(C)N(N)NN
NCNC(C)(C)NN(N)N
NCNC(C)(C)NNNN
NCNC(C)(CN)NNN
NCNC(C)(N)C(N)(N)N
NCNC(C)(N)C(N)NN
NCNC(C)(N)CN(N)N
NCNC(C)(N)CNNN
NCNC(C)(N)N(C)NN
NCNC(C)(N)N(N)CN
NCNC(C)(N)NC(N)N
NCNC(C)(N)NCNN
NCNC(C)(N)NNCN
NCNC(C)(NC)NNN
NCNC(C)(NN)C(N)N
NCNC(C)(NN)CNN
NCNC(C)(NN)NCN
NCNC(C)C(N)(N)NN
NCNC(C)C(N)N(N)N
NCNC(C)C(N)NNN
NCNC(C)C(NN)NN
NCNC(C)CN(N)NN
NCNC(C)CNN(N)N
NCNC(C)CNNNN
NCNC(C)N(C)N(N)N
NCNC(C)N(C)NNN
NCNC(C)N(N)C(N)N
NCNC(C)N(N)CNN
NCNC(C)N(N)NCN
NCNC(C)N(NN)CN
NCNC(C)NC(N)(N)N
NCNC(C)NC(N)NN
NCNC(C)NCN(N)N
NCNC(C)NCNNN
NCNC(C)NN(C)NN
NCNC(C)NN(N)CN
NCNC(C)NNC(N)N
NCNC(C)NNCNN
NCNC(C)NNNCN
NCNC(CC)(N)NNN
NCNC(CC)N(N)NN
NCNC(CC)NN(N)N
NCNC(CC)NNNN
NCNC(CN)(N)CNN
NCNC(CN)(N)NCN
NCNC(CN)C(N)NN
NCNC(CN)CN(N)N
NCNC(CN)CNNN
NCNC(CN)N(C)NN
NCNC(CN)N(N)CN
NCNC(CN)NC(N)N
NCNC(CN)NCNN
NCNC(CN)NNCN
NCNC(CNN)CNN
NCNC(N(C)C)NNN
NCNC(N(N)C)CNN
NCNC(N(N)C)NCN
NCNC(N)(N)C(C)NN
NCNC(N)(N)CC(N)N
NCNC(N)(N)CCNN
NCNC(N)(N)N(C)CN
NCNC(N)(NC)CNN
NCNC(N)(NC)NCN
NCNC(N)C(C)(N)NN
NCNC(N)C(C)N(N)N
NCNC(N)C(C)NNN
NCNC(N)C(N)C(N)N
NCNC(N)C(N)CNN
NCNC(N)C(N)NCN
NCNC(N)CC(N)(N)N
NCNC(N)CC(N)NN
NCNC(N)CCN(N)N
NCNC(N)CCNNN
NCNC(N)CN(C)NN
NCNC(N)CN(N)CN
NCNC(N)CNC(N)N
NCNC(N)CNCNN
NCNC(N)CNNCN
NCNC(N)N(C)C(N)N
NCNC(N)N(C)CNN
NCNC(N)N(C)NCN
NCNC(N)N(CN)CN
NCNC(N)NC(C)NN
NCNC(N)NCC(N)N
NCNC(N)NCCNN
NCNC(N)NN(C)CN
NCNC(NC)C(N)NN
NCNC(NC)CN(N)N
NCNC(NC)CNNN
NCNC(NC)N(C)NN
NCNC(NC)N(N)CN
NCNC(NC)NC(N)N
NCNC(NC)NCNN
NCNC(NC)NNCN
NCNC(NCN)CNN
NCNC(NCN)NCN
NCNC(NN)C(C)NN
NCNC(NN)CC(N)N
NCNC(NN)CCNN
NCNC(NN)N(C)CN
NCNCC(C)(N)N(N)N
NCNCC(C)(N)NNN
NCNCC(C)(NN)NN
NCNCC(C)N(N)NN
NCNCC(C)NN(N)N
NCNCC(C)NNNN
NCNCC(CN)NNN
NCNCC(N)(N)C(N)N
NCNCC(N)(N)CNN
NCNCC(N)(N)NCN
NCNCC(N)C(N)(N)N
NCNCC(N)C(N)NN
NCNCC(N)CN(N)N
NCNCC(N)CNNN
NCNCC(N)N(C)NN
NCNCC(N)N(N)CN
NCNCC(N)NC(N)N
NCNCC(N)NCNN
NCNCC(N)NNCN
NCNCC(NC)NNN
NCNCC(NN)C(N)N
NCNCC(NN)CNN
NCNCC(NN)NCN
NCNCCC(N)(N)NN
NCNCCC(N)N(N)N
NCNCCC(N)NNN
NCNCCC(NN)NN
NCNCCCN(N)NN
NCNCCCNN(N)N
NCNCCCNNNN
NCNCCN(C)N(N)N
NCNCCN(C)NNN
NCNCCN(N)C(N)N
NCNCCN(N)CNN
NCNCCN(N)NCN
NCNCCN(NN)CN
NCNCCNC(N)(N)N
NCNCCNC(N)NN
NCNCCNCN(N)N
NCNCCNCNNN
NCNCCNN(C)NN
NCNCCNN(N)CN
NCNCCNNC(N)N
NCNCCNNCNN
NCNCCNNNCN
NCNCN(C(N)N)CN
NCNCN(C)C(N)(N)N
NCNCN(C)C(N)NN
NCNCN(C)CN(N)N
NCNCN(C)CNNN
NCNCN(C)N(C)NN
NCNCN(C)N(N)CN
NCNCN(C)NC(N)N
NCNCN(C)NCNN
NCNCN(C)NNCN
NCNCN(CC)NNN
NCNCN(CN)CNN
NCNCN(CN)NCN
NCNCN(N)C(C)NN
NCNCN(N)CC(N)N
NCNCN(N)CCNN
NCNCN(N)CNCN
NCNCN(N)N(C)CN
NCNCN(NC)CNN
NCNCN(NC)NCN
NCNCNC(C)(N)NN
NCNCNC(C)N(N)N
NCNCNC(C)NNN
NCNCNC(N)C(N)N
NCNCNC(N)CNN
NCNCNC(N)NCN
NCNCNCC(N)(N)N
NCNCNCC(N)NN
NCNCNCCN(N)N
NCNCNCCNNN
NCNCNCN(C)NN
NCNCNCN(N)CN
NCNCNCNC(N)N
NCNCNCNCNN
NCNCNCNNCN
NCNCNN(C)C(N)N
NCNCNN(C)CNN
NCNCNN(C)NCN
NCNCNN(CN)CN
NCNCNNC(C)NN
NCNCNNCC(N)N
NCNCNNCCNN
NCNCNNCNCN
NCNCNNN(C)CN
NCNN(C(C)C)NNN
NCNN(C(N)C)CNN
NCNN(C(N)C)NCN
NCNN(C)C(C)(N)NN
NCNN(C)C(C)N(N)N
NCNN(C)C(C)NNN
NCNN(C)C(N)C(N)N
NCNN(C)C(N)CNN
NCNN(C)CC(N)(N)N
NCNN(C)CC(N)NN
NCNN(C)CCN(N)N
NCNN(C)CCNNN
NCNN(C)CN(C)NN
NCNN(C)CN(N)CN
NCNN(C)CNC(N)N
NCNN(C)CNCNN
NCNN(C)N(C)C(N)N
NCNN(C)N(C)CNN
NCNN(C)N(C)NCN
NCNN(C)N(CN)CN
NCNN(C)NC(C)NN
NCNN(C)NCC(N)N
NCNN(C)NCCNN
NCNN(C)NN(C)CN
NCNN(CC)C(N)NN
NCNN(CC)CN(N)N
NCNN(CC)CNNN
NCNN(CC)N(C)NN
NCNN(CC)N(N)CN
NCNN(CC)NC(N)N
NCNN(CC)NCNN
NCNN(CN)C(C)NN
NCNN(CN)CC(N)N
NCNN(CN)CCNN
NCNN(CN)N(C)CN
NCNN(N(C)C)CNN
NCNN(N(C)C)NCN
NCNN(N)C(C)(C)NN
NCNN(N)C(C)C(N)N
NCNN(N)C(C)CNN
NCNN(N)CC(C)NN
NCNN(N)CCC(N)N
NCNN(N)CCCNN
NCNN(N)CN(C)CN
NCNN(NC)C(C)NN
NCNN(NC)CC(N)N
NCNN(NC)CCNN
NCNN(NC)N(C)CN
NCNNC(C)(C)N(N)N
NCNNC(C)(C)NNN
NCNNC(C)(N)C(N)N
NCNNC(C)(N)CNN
NCNNC(C)C(N)(N)N
NCNNC(C)C(N)NN
NCNNC(C)CN(N)N
NCNNC(C)CNNN
NCNNC(C)N(C)NN
NCNNC(C)N(N)CN
NCNNC(C)NC(N)N
NCNNC(C)NCNN
NCNNC(C)NNCN
NCNNC(CC)NNN
NCNNC(CN)CNN
NCNNC(N)C(C)NN
NCNNC(N)CC(N)N
NCNNC(N)CCNN
NCNNC(N)N(C)CN
NCNNC(NC)CNN
NCNNCC(C)(N)NN
NCNNCC(C)N(N)N
NCNNCC(C)NNN
NCNNCC(N)C(N)N
NCNNCC(N)CNN
NCNNCCC(N)(N)N
NCNNCCC(N)NN
NCNNCCCN(N)N
NCNNCCCNNN
NCNNCCN(C)NN
NCNNCCN(N)CN
NCNNCCNC(N)N
NCNNCCNCNN
NCNNCCNNCN
NCNNCN(C)C(N)N
NCNNCN(C)CNN
NCNNCN(C)NCN
NCNNCN(CN)CN
NCNNCNC(C)NN
NCNNCNCC(N)N
NCNNCNCCNN
NCNNCNN(C)CN
NCNNN(C)C(C)NN
NCNNN(C)CC(N)N
NCNNN(C)CCNN
NCNNN(C)N(C)CN
NCNNN(CC)CNN
NCNNN(CC)NCN
NCNNNC(C)(C)NN
NCNNNC(C)C(N)N
NCNNNC(C)CNN
NCNNNCC(C)NN
NCNNNCCC(N)N
NCNNNCCCNN
NCNNNCN(C)CN
NN(N)C(C)C(C)N(N)N
NN(N)CC(C)(C)N(N)N
NN(N)CC(C)CN(N)N
NN(N)CCC(C)N(N)N
NN(N)CCCCN(N)N
NNC(C)(C)C(N)(N)NN
NNC(C)(C)C(N)N(N)N
NNC(C)(C)C(N)NNN
NNC(C)(C)CN(N)NN
NNC(C)(C)CNN(N)N
NNC(C)(C)CNNNN
NNC(C)(C)N(C)N(N)N
NNC(C)(C)N(C)NNN
NNC(C)(C)NCN(N)N
NNC(C)(C)NCNNN
NNC(C)(C)NN(C)NN
NNC(C)(N)C(C)(N)NN
NNC(C)(N)C(C)N(N)N
NNC(C)(N)C(C)NNN
NNC(C)(N)CCN(N)N
NNC(C)(N)CCNNN
NNC(C)(N)CN(C)NN
NNC(C)C(C)(N)N(N)N
NNC(C)C(C)(N)NNN
NNC(C)C(C)(NN)NN
NNC(C)C(C)N(N)NN
NNC(C)C(C)NN(N)N
NNC(C)C(C)NNNN
NNC(C)C(CN)NNN
NNC(C)C(N)C(N)NN
NNC(C)C(N)CN(N)N
NNC(C)C(N)CNNN
NNC(C)C(N)N(C)NN
NNC(C)C(NC)NNN
NNC(C)CC(N)(N)NN
NNC(C)CC(N)N(N)N
NNC(C)CC(N)NNN
NNC(C)CC(NN)NN
NNC(C)CCN(N)NN
NNC(C)CCNN(N)N
NNC(C)CCNNNN
NNC(C)CN(C)N(N)N
NNC(C)CN(C)NNN
NNC(C)CNC(N)NN
NNC(C)CNCN(N)N
NNC(C)CNCNNN
NNC(C)CNN(C)NN
NNC(C)N(C)CN(N)N
NNC(C)N(C)CNNN
NNC(C)N(C)N(C)NN
NNC(C)N(CC)NNN
NNC(C)N(N)C(C)NN
NNC(C)NC(C)(N)NN
NNC(C)NC(C)N(N)N
NNC(C)NC(C)NNN
NNC(C)NCC(N)NN
NNC(C)NCCN(N)N
NNC(C)NCCNNN
NNC(C)NCN(C)NN
NNC(C)NNC(C)NN
NNC(N)C(C)(C)N(N)N
NNC(N)C(C)(C)NNN
NNC(N)C(C)C(N)NN
NNC(N)C(C)CN(N)N
NNC(N)C(C)CNNN
NNC(N)C(C)N(C)NN
NNC(N)C(CC)NNN
NNC(N)CC(C)(N)NN
NNC(N)CC(C)N(N)N
NNC(N)CC(C)NNN
NNC(N)CCC(N)NN
NNC(N)CCCN(N)N
NNC(N)CCCNNN
NNC(N)CCN(C)NN
NNC(N)N(C)C(C)NN
NNC(N)NC(C)(C)NN
NNC(NN)C(C)(C)NN
NNCC(C(N)C)NNN
NNCC(C(N)N)CNN
NNCC(C)(C)N(N)NN
NNCC(C)(C)NN(N)N
NNCC(C)(C)NNNN
NNCC(C)(CN)NNN
NNCC(C)(N)C(N)NN
NNCC(C)(N)CN(N)N
NNCC(C)(N)CNNN
NNCC(C)(N)N(C)NN
NNCC(C)(N)NCNN
NNCC(C)(NC)NNN
NNCC(C)(NN)CNN
NNCC(C)C(N)(N)NN
NNCC(C)C(N)N(N)N
NNCC(C)C(N)NNN
NNCC(C)C(NN)NN
NNCC(C)CN(N)NN
NNCC(C)CNN(N)N
NNCC(C)CNNNN
NNCC(C)N(C)N(N)N
NNCC(C)N(C)NNN
NNCC(C)N(N)CNN
NNCC(C)NC(N)NN
NNCC(C)NCN(N)N
NNCC(C)NCNNN
NNCC(C)NN(C)NN
NNCC(C)NNCNN
NNCC(CC)(N)NNN
NNCC(CC)N(N)NN
NNCC(CC)NN(N)N
NNCC(CC)NNNN
NNCC(CN)(N)CNN
NNCC(CN)C(N)NN
NNCC(CN)CN(N)N
NNCC(CN)CNNN
NNCC(CN)N(C)NN
NNCC(CN)NCNN
NNCC(CNN)CNN
NNCC(N(C)C)NNN
NNCC(N(N)C)CNN
NNCC(N)(N)C(C)NN
NNCC(N)(NC)CNN
NNCC(N)C(C)(N)NN
NNCC(N)C(C)N(N)N
NNCC(N)C(C)NNN
NNCC(N)C(N)CNN
NNCC(N)CC(N)NN
NNCC(N)CCN(N)N
NNCC(N)CCNNN
NNCC(N)CN(C)NN
NNCC(N)CNCNN
NNCC(N)N(C)CNN
NNCC(N)NC(C)NN
NNCC(NC)C(N)NN
NNCC(NC)CN(N)N
NNCC(NC)CNNN
NNCC(NC)N(C)NN
NNCC(NC)NCNN
NNCC(NN)C(C)NN
NNCCC(C)(N)N(N)N
NNCCC(C)(N)NNN
NNCCC(C)(NN)NN
NNCCC(C)N(N)NN
NNCCC(C)NN(N)N
NNCCC(C)NNNN
NNCCC(CN)NNN
NNCCC(N)(N)CNN
NNCCC(N)C(N)NN
NNCCC(N)CN(N)N
NNCCC(N)CNNN
NNCCC(N)N(C)NN
NNCCC(N)NCNN
NNCCC(NC)NNN
NNCCC(NN)CNN
NNCCCC(N)(N)NN
NNCCCC(N)N(N)N
NNCCCC(N)NNN
NNCCCC(NN)NN
NNCCCCN(N)NN
NNCCCCNN(N)N
NNCCCCNNNN
NNCCCN(C)N(N)N
NNCCCN(C)NNN
NNCCCN(N)CNN
NNCCCNC(N)NN
NNCCCNCN(N)N
NNCCCNCNNN
NNCCCNN(C)NN
NNCCCNNCNN
NNCCN(C)C(N)NN
NNCCN(C)CN(N)N
NNCCN(C)CNNN
NNCCN(C)N(C)NN
NNCCN(C)NCNN
NNCCN(CC)NNN
NNCCN(CN)CNN
NNCCN(N)C(C)NN
NNCCN(N)CCNN
NNCCN(NC)CNN
NNCCNC(C)(N)NN
NNCCNC(C)N(N)N
NNCCNC(C)NNN
NNCCNC(N)CNN
NNCCNCC(N)NN
NNCCNCCN(N)N
NNCCNCCNNN
NNCCNCN(C)NN
NNCCNCNCNN
NNCCNN(C)CNN
NNCCNNC(C)NN
NNCCNNCCNN
NNCN(C(C)C)NNN
NNCN(C(N)C)CNN
NNCN(C)C(C)(N)NN
NNCN(C)C(C)N(N)N
NNCN(C)C(C)NNN
NNCN(C)CC(N)NN
NNCN(C)CCN(N)N
NNCN(C)CCNNN
NNCN(C)CN(C)NN
NNCN(C)N(C)CNN
NNCN(C)NC(C)NN
NNCN(CC)C(N)NN
NNCN(CC)CN(N)N
NNCN(CC)CNNN
NNCN(CC)N(C)NN
NNCN(CN)C(C)NN
NNCN(N(C)C)CNN
NNCN(N)C(C)(C)NN
NNCN(N)CC(C)NN
NNCN(NC)C(C)NN
NNCNC(C)(C)N(N)N
NNCNC(C)(C)NNN
NNCNC(C)C(N)NN
NNCNC(C)CN(N)N
NNCNC(C)CNNN
NNCNC(C)N(C)NN
NNCNC(C)NCNN
NNCNC(CC)NNN
NNCNC(N)C(C)NN
NNCNCC(C)(N)NN
NNCNCC(C)N(N)N
NNCNCC(C)NNN
NNCNCCC(N)NN
NNCNCCCN(N)N
NNCNCCCNNN
NNCNCCN(C)NN
NNCNCCNCNN
NNCNCN(C)CNN
NNCNCNC(C)NN
NNCNN(C)C(C)NN
NNCNN(CC)CNN
NNCNNC(C)(C)NN
NNCNNCC(C)NN
NNN(C)C(C)(C)N(N)N
NNN(C)C(C)CN(N)N
NNN(C)C(C)N(C)NN
NNN(C)CC(C)N(N)N
NNN(C)CCCN(N)N
NNN(C)CCN(C)NN
NNNC(C(C)C)NNN
NNNC(C)(C)CN(N)N
NNNC(C)(C)N(C)NN
NNNC(C)(CC)NNN
NNNC(C)C(C)N(N)N
NNNC(C)C(C)NNN
NNNC(C)CCN(N)N
NNNC(C)CN(C)NN
NNNC(CC)CN(N)N
NNNC(CC)N(C)NN
NNNCC(C)(C)N(N)N
NNNCC(C)(C)NNN
NNNCC(C)CN(N)N
NNNCC(C)CNNN
NNNCC(C)N(C)NN
NNNCC(CC)NNN
NNNCCC(C)N(N)N
NNNCCC(C)NNN
NNNCCCCN(N)N
NNNCCCCNNN
NNNCCCN(C)NN
