CC(C)(C)OOOOOO
CC(C)(O)C(O)(O)OOO
CC(C)(O)C(O)(OO)OO
CC(C)(O)C(O)OOOO
CC(C)(O)C(OO)OOO
CC(C)(O)COOOOO
CC(C)(O)OC(O)(O)OO
CC(C)(O)OC(O)OOO
CC(C)(O)OC(OO)OO
CC(C)(O)OCOOOO
CC(C)(O)OOC(O)(O)O
CC(C)(O)OOC(O)OO
CC(C)(O)OOCOOO
CC(C)(O)OOOC(O)O
CC(C)(O)OOOCOO
CC(C)(O)OOOOCO
CC(C)C(O)(O)OOOO
CC(C)C(O)(OO)OOO
CC(C)C(O)OOOOO
CC(C)C(OO)(OO)OO
CC(C)C(OO)OOOO
CC(C)COOOOOO
CC(C)OC(O)(O)OOO
CC(C)OC(O)(OO)OO
CC(C)OC(O)OOOO
CC(C)OC(OO)OOO
CC(C)OCOOOOO
CC(C)OOC(O)(O)OO
CC(C)OOC(O)OOO
CC(C)OOC(OO)OO
CC(C)OOCOOOO
CC(C)OOOC(O)(O)O
CC(C)OOOC(O)OO
CC(C)OOOCOOO
CC(C)OOOOC(O)O
CC(C)OOOOCOO
CC(C)OOOOOCO
CC(O)(O)C(C)(O)OOO
CC(O)(O)C(C)(OO)OO
CC(O)(O)C(C)OOOO
CC(O)(O)C(CO)OOO
CC(O)(O)C(O)(O)C(O)O
CC(O)(O)C(O)(O)COO
CC(O)(O)C(O)(O)OCO
CC(O)(O)C(O)(OO)CO
CC(O)(O)C(O)C(O)(O)O
CC(O)(O)C(O)C(O)OO
CC(O)(O)C(O)COOO
CC(O)(O)C(O)OC(O)O
CC(O)(O)C(O)OCOO
CC(O)(O)C(O)OOCO
CC(O)(O)C(OO)C(O)O
CC(O)(O)C(OO)COO
CC(O)(O)C(OO)OCO
CC(O)(O)CC(O)(O)OO
CC(O)(O)CC(O)OOO
CC(O)(O)CC(OO)OO
CC(O)(O)CCOOOO
CC(O)(O)COC(O)(O)O
CC(O)(O)COC(O)OO
CC(O)(O)COCOOO
CC(O)(O)COOC(O)O
CC(O)(O)COOCOO
CC(O)(O)COOOCO
CC(O)(O)OC(C)(O)OO
CC(O)(O)OC(C)OOO
CC(O)(O)OC(O)(O)CO
CC(O)(O)OC(O)C(O)O
CC(O)(O)OC(O)COO
CC(O)(O)OC(O)OCO
CC(O)(O)OC(OO)CO
CC(O)(O)OCC(O)(O)O
CC(O)(O)OCC(O)OO
CC(O)(O)OCCOOO
CC(O)(O)OCOC(O)O
CC(O)(O)OCOCOO
CC(O)(O)OCOOCO
CC(O)(O)OOC(C)OO
CC(O)(O)OOC(O)(O)C
CC(O)(O)OOC(O)CO
CC(O)(O)OOCC(O)O
CC(O)(O)OOCCOO
CC(O)(O)OOCOCO
CC(O)(O)OOOCCO
CC(O)C(C(O)O)OOO
CC(O)C(C)(O)OOOO
CC(O)C(C)(OO)OOO
CC(O)C(C)OOOOO
CC(O)C(CO)(O)OOO
CC(O)C(CO)OOOO
CC(O)C(O)(O)C(O)(O)O
CC(O)C(O)(O)C(O)OO
CC(O)C(O)(O)COOO
CC(O)C(O)(O)OC(O)O
CC(O)C(O)(O)OCOO
CC(O)C(O)(O)OOCO
CC(O)C(O)(OO)C(O)O
CC(O)C(O)(OO)COO
CC(O)C(O)(OO)OCO
CC(O)C(O)C(O)(O)OO
CC(O)C(O)C(O)OOO
CC(O)C(O)C(OO)OO
CC(O)C(O)COOOO
CC(O)C(O)OC(O)(O)O
CC(O)C(O)OC(O)OO
CC(O)C(O)OCOOO
CC(O)C(O)OOC(O)O
CC(O)C(O)OOCOO
CC(O)C(O)OOOCO
CC(O)C(OO)(OO)CO
CC(O)C(OO)C(O)(O)O
CC(O)C(OO)C(O)OO
CC(O)C(OO)COOO
CC(O)C(OO)OC(O)O
CC(O)C(OO)OCOO
CC(O)C(OO)OOCO
CC(O)CC(O)(O)OOO
CC(O)CC(O)(OO)OO
CC(O)CC(O)OOOO
CC(O)CC(OO)OOO
CC(O)CCOOOOO
CC(O)COC(O)(O)OO
CC(O)COC(O)OOO
CC(O)COC(OO)OO
CC(O)COCOOOO
CC(O)COOC(O)(O)O
CC(O)COOC(O)OO
CC(O)COOCOOO
CC(O)COOOC(O)O
CC(O)COOOCOO
CC(O)COOOOCO
CC(O)OC(C)(O)OOO
CC(O)OC(C)(OO)OO
CC(O)OC(C)OOOO
CC(O)OC(CO)OOO
CC(O)OC(O)(O)C(O)O
CC(O)OC(O)(O)COO
CC(O)OC(O)(O)OCO
CC(O)OC(O)(OO)CO
CC(O)OC(O)C(O)(O)O
CC(O)OC(O)C(O)OO
CC(O)OC(O)COOO
CC(O)OC(O)OC(O)O
CC(O)OC(O)OCOO
CC(O)OC(O)OOCO
CC(O)OC(OC)OOO
CC(O)OC(OO)C(O)O
CC(O)OC(OO)COO
CC(O)OC(OO)OCO
CC(O)OCC(O)(O)OO
CC(O)OCC(O)OOO
CC(O)OCC(OO)OO
CC(O)OCCOOOO
CC(O)OCOC(O)(O)O
CC(O)OCOC(O)OO
CC(O)OCOCOOO
CC(O)OCOOC(O)O
CC(O)OCOOCOO
CC(O)OCOOOCO
CC(O)OOC(C)(O)OO
CC(O)OOC(C)OOO
CC(O)OOC(O)(O)CO
CC(O)OOC(O)C(O)O
CC(O)OOC(O)COO
CC(O)OOC(O)OCO
CC(O)OOC(OO)CO
CC(O)OOCC(O)(O)O
CC(O)OOCC(O)OO
CC(O)OOCCOOO
CC(O)OOCOC(O)O
CC(O)OOCOCOO
CC(O)OOCOOCO
CC(O)OOOC(C)OO
CC(O)OOOC(O)(O)C
CC(O)OOOC(O)CO
CC(O)OOOCC(O)O
CC(O)OOOCCOO
CC(O)OOOCOCO
CC(O)OOOOC(O)C
CC(O)OOOOCCO
CCC(C(O)(O)O)OOO
CCC(C(O)O)(O)OOO
CCC(C(O)O)OOOO
CCC(C)(O)OOOOO
CCC(C)(OO)OOOO
CCC(C)OOOOOO
CCC(CO)(O)OOOO
CCC(CO)(OO)OOO
CCC(CO)OOOOO
CCC(O)(O)C(O)(O)OO
CCC(O)(O)C(O)OOO
CCC(O)(O)C(OO)OO
CCC(O)(O)COOOO
CCC(O)(O)OC(O)(O)O
CCC(O)(O)OC(O)OO
CCC(O)(O)OCOOO
CCC(O)(O)OOC(O)O
CCC(O)(O)OOCOO
CCC(O)(O)OOOCO
CCC(O)(OO)C(O)(O)O
CCC(O)(OO)C(O)OO
CCC(O)(OO)COOO
CCC(O)(OO)OC(O)O
CCC(O)(OO)OCOO
CCC(O)(OO)OOCO
CCC(O)C(O)(O)OOO
CCC(O)C(O)(OO)OO
CCC(O)C(O)OOOO
CCC(O)C(OO)OOO
CCC(O)COOOOO
CCC(O)OC(O)(O)OO
CCC(O)OC(O)OOO
CCC(O)OC(OO)OO
CCC(O)OCOOOO
CCC(O)OOC(O)(O)O
CCC(O)OOC(O)OO
CCC(O)OOCOOO
CCC(O)OOOC(O)O
CCC(O)OOOCOO
CCC(O)OOOOCO
CCC(OO)(OO)C(O)O
CCC(OO)(OO)COO
CCC(OO)(OO)OCO
CCC(OO)C(O)(O)OO
CCC(OO)C(O)OOO
CCC(OO)C(OO)OO
CCC(OO)COOOO
CCC(OO)OC(O)(O)O
CCC(OO)OC(O)OO
CCC(OO)OCOOO
CCC(OO)OOC(O)O
CCC(OO)OOCOO
CCC(OO)OOOCO
CCCC(O)(O)OOOO
CCCC(O)(OO)OOO
CCCC(O)OOOOO
CCCC(OO)(OO)OO
CCCC(OO)OOOO
CCCC(OOO)OOO
CCCCOOOOOO
CCCOC(O)(O)OOO
CCCOC(O)(OO)OO
CCCOC(O)OOOO
CCCOC(OO)OOO
CCCOCOOOOO
CCCOOC(O)(O)OO
CCCOOC(O)OOO
CCCOOC(OO)OO
CCCOOCOOOO
CCCOOOC(O)(O)O
CCCOOOC(O)OO
CCCOOOCOOO
CCCOOOOC(O)O
CCCOOOOCOO
CCCOOOOOCO
CCOC(C(O)O)OOO
CCOC(C)(O)OOOO
CCOC(C)(OO)OOO
CCOC(C)OOOOO
CCOC(CO)(O)OOO
CCOC(CO)OOOO
CCOC(O)(O)C(O)(O)O
CCOC(O)(O)C(O)OO
CCOC(O)(O)COOO
CCOC(O)(O)OC(O)O
CCOC(O)(O)OCOO
CCOC(O)(O)OOCO
CCOC(O)(OC)OOO
CCOC(O)(OO)C(O)O
CCOC(O)(OO)COO
CCOC(O)(OO)OCO
CCOC(O)C(O)(O)OO
CCOC(O)C(O)OOO
CCOC(O)C(OO)OO
CCOC(O)COOOO
CCOC(O)OC(O)(O)O
CCOC(O)OC(O)OO
CCOC(O)OCOOO
CCOC(O)OOC(O)O
CCOC(O)OOCOO
CCOC(O)OOOCO
CCOC(OC)OOOO
CCOC(OO)(OO)CO
CCOC(OO)C(O)(O)O
CCOC(OO)C(O)OO
CCOC(OO)COOO
CCOC(OO)OC(O)O
CCOC(OO)OCOO
CCOC(OO)OOCO
CCOC(OOO)COO
CCOC(OOO)OCO
CCOCC(O)(O)OOO
CCOCC(O)(OO)OO
CCOCC(O)OOOO
CCOCC(OO)OOO
CCOCCOOOOO
CCOCOC(O)(O)OO
CCOCOC(O)OOO
CCOCOC(OO)OO
CCOCOCOOOO
CCOCOOC(O)(O)O
CCOCOOC(O)OO
CCOCOOCOOO
CCOCOOOC(O)O
CCOCOOOCOO
CCOCOOOOCO
CCOOC(C)(O)OOO
CCOOC(C)(OO)OO
CCOOC(C)OOOO
CCOOC(CO)OOO
CCOOC(O)(O)C(O)O
CCOOC(O)(O)COO
CCOOC(O)(O)OCO
CCOOC(O)(OO)CO
CCOOC(O)C(O)(O)O
CCOOC(O)C(O)OO
CCOOC(O)COOO
CCOOC(O)OC(O)O
CCOOC(O)OCOO
CCOOC(O)OOCO
CCOOC(OC)OOO
CCOOC(OO)C(O)O
CCOOC(OO)COO
CCOOC(OO)OCO
CCOOCC(O)(O)OO
CCOOCC(O)OOO
CCOOCC(OO)OO
CCOOCCOOOO
CCOOCOC(O)(O)O
CCOOCOC(O)OO
CCOOCOCOOO
CCOOCOOC(O)O
CCOOCOOCOO
CCOOCOOOCO
CCOOOC(C)(O)OO
CCOOOC(C)OOO
CCOOOC(O)(O)CO
CCOOOC(O)C(O)O
CCOOOC(O)COO
CCOOOC(O)OCO
CCOOOC(OO)CO
CCOOOCC(O)(O)O
CCOOOCC(O)OO
CCOOOCCOOO
CCOOOCOC(O)O
CCOOOCOCOO
CCOOOCOOCO
CCOOOOC(C)OO
CCOOOOC(O)(O)C
CCOOOOC(O)CO
CCOOOOCC(O)O
CCOOOOCCOO
CCOOOOCOCO
CCOOOOOC(O)C
CCOOOOOCCO
CCOOOOOOCC
COC(C(O)(O)C)OOO
COC(C(O)(O)O)(O)CO
COC(C(O)(O)O)C(O)O
COC(C(O)(O)O)COO
COC(C(O)(O)O)OCO
COC(C(O)C)(O)OOO
COC(C(O)C)OOOO
COC(C(O)O)(O)C(O)O
COC(C(O)O)(O)COO
COC(C(O)O)(O)OCO
COC(C(O)O)(OO)CO
COC(C(O)O)C(O)OO
COC(C(O)O)COOO
COC(C(O)O)OC(O)O
COC(C(O)O)OCOO
COC(C(O)O)OOCO
COC(C)(C(O)O)OOO
COC(C)(C)OOOOO
COC(C)(CO)OOOO
COC(C)(O)C(O)(O)OO
COC(C)(O)C(O)OOO
COC(C)(O)C(OO)OO
COC(C)(O)COOOO
COC(C)(O)OC(O)(O)O
COC(C)(O)OC(O)OO
COC(C)(O)OCOOO
COC(C)(O)OOC(O)O
COC(C)(O)OOCOO
COC(C)(O)OOOCO
COC(C)(OC)OOOO
COC(C)(OO)C(O)(O)O
COC(C)(OO)C(O)OO
COC(C)(OO)COOO
COC(C)(OO)OC(O)O
COC(C)(OO)OCOO
COC(C)(OO)OOCO
COC(C)C(O)(O)OOO
COC(C)C(O)(OO)OO
COC(C)C(O)OOOO
COC(C)C(OO)OOO
COC(C)COOOOO
COC(C)OC(O)(O)OO
COC(C)OC(O)OOO
COC(C)OC(OO)OO
COC(C)OCOOOO
COC(C)OOC(O)(O)O
COC(C)OOC(O)OO
COC(C)OOCOOO
COC(C)OOOC(O)O
COC(C)OOOCOO
COC(C)OOOOCO
COC(CC)(O)OOOO
COC(CC)(OO)OOO
COC(CC)OOOOO
COC(CO)(CO)OOO
COC(CO)(O)C(O)OO
COC(CO)(O)COOO
COC(CO)(O)OC(O)O
COC(CO)(O)OCOO
COC(CO)(O)OOCO
COC(CO)(OC)OOO
COC(CO)(OO)COO
COC(CO)(OO)OCO
COC(CO)C(O)(O)OO
COC(CO)C(O)OOO
COC(CO)C(OO)OO
COC(CO)COOOO
COC(CO)OC(O)(O)O
COC(CO)OC(O)OO
COC(CO)OCOOO
COC(CO)OOC(O)O
COC(CO)OOCOO
COC(CO)OOOCO
COC(O)(O)C(C)(O)OO
COC(O)(O)C(C)OOO
COC(O)(O)C(O)(O)CO
COC(O)(O)C(O)(O)OC
COC(O)(O)C(O)C(O)O
COC(O)(O)C(O)COO
COC(O)(O)C(O)OCO
COC(O)(O)C(OO)CO
COC(O)(O)CC(O)(O)O
COC(O)(O)CC(O)OO
COC(O)(O)CCOOO
COC(O)(O)COC(O)O
COC(O)(O)COCOO
COC(O)(O)COOCO
COC(O)(O)OC(C)OO
COC(O)(O)OC(O)(O)C
COC(O)(O)OC(O)CO
COC(O)(O)OCC(O)O
COC(O)(O)OCCOO
COC(O)(O)OCOCO
COC(O)(O)OOC(O)C
COC(O)(O)OOCCO
COC(O)(O)OOOCC
COC(O)(OC)C(O)(O)O
COC(O)(OC)C(O)OO
COC(O)(OC)COOO
COC(O)(OC)OC(O)O
COC(O)(OC)OCOO
COC(O)(OC)OOCO
COC(O)(OO)C(C)OO
COC(O)(OO)C(O)(O)C
COC(O)(OO)C(O)CO
COC(O)(OO)CC(O)O
COC(O)(OO)CCOO
COC(O)(OO)COCO
COC(O)(OO)OC(O)C
COC(O)(OO)OCCO
COC(O)(OO)OOCC
COC(O)C(C)(O)OOO
COC(O)C(C)(OO)OO
COC(O)C(C)OOOO
COC(O)C(CO)OOO
COC(O)C(O)(O)C(O)O
COC(O)C(O)(O)COO
COC(O)C(O)(O)OCO
COC(O)C(O)(OO)CO
COC(O)C(O)(OO)OC
COC(O)C(O)C(O)(O)O
COC(O)C(O)C(O)OO
COC(O)C(O)COOO
COC(O)C(O)OC(O)O
COC(O)C(O)OCOO
COC(O)C(O)OOCO
COC(O)C(OC)OOO
COC(O)C(OO)C(O)O
COC(O)C(OO)COO
COC(O)C(OO)OCO
COC(O)CC(O)(O)OO
COC(O)CC(O)OOO
COC(O)CC(OO)OO
COC(O)CCOOOO
COC(O)COC(O)(O)O
COC(O)COC(O)OO
COC(O)COCOOO
COC(O)COOC(O)O
COC(O)COOCOO
COC(O)COOOCO
COC(O)OC(C)(O)OO
COC(O)OC(C)OOO
COC(O)OC(O)(O)CO
COC(O)OC(O)(O)OC
COC(O)OC(O)C(O)O
COC(O)OC(O)COO
COC(O)OC(O)OCO
COC(O)OC(OO)CO
COC(O)OCC(O)(O)O
COC(O)OCC(O)OO
COC(O)OCCOOO
COC(O)OCOC(O)O
COC(O)OCOCOO
COC(O)OCOOCO
COC(O)OOC(C)OO
COC(O)OOC(O)(O)C
COC(O)OOC(O)CO
COC(O)OOC(O)OC
COC(O)OOCC(O)O
COC(O)OOCCOO
COC(O)OOCOCO
COC(O)OOOC(O)C
COC(O)OOOCCO
COC(O)OOOOCC
COC(OC)(OC)OOO
COC(OC)(OO)C(O)O
COC(OC)(OO)COO
COC(OC)(OO)OCO
COC(OC)C(O)(O)OO
COC(OC)C(O)OOO
COC(OC)C(OO)OO
COC(OC)COOOO
COC(OC)OC(O)(O)O
COC(OC)OC(O)OO
COC(OC)OCOOO
COC(OC)OOC(O)O
COC(OC)OOCOO
COC(OC)OOOCO
COC(OO)(OO)C(O)C
COC(OO)(OO)CCO
COC(OO)(OO)OCC
COC(OO)C(C)(O)OO
COC(OO)C(C)OOO
COC(OO)C(O)(O)CO
COC(OO)C(O)(O)OC
COC(OO)C(O)C(O)O
COC(OO)C(O)COO
COC(OO)C(O)OCO
COC(OO)C(OO)CO
COC(OO)C(OO)OC
COC(OO)CC(O)(O)O
COC(OO)CC(O)OO
COC(OO)CCOOO
COC(OO)COC(O)O
COC(OO)COCOO
COC(OO)COOCO
COC(OO)OC(C)OO
COC(OO)OC(O)(O)C
COC(OO)OC(O)CO
COC(OO)OC(O)OC
COC(OO)OCC(O)O
COC(OO)OCCOO
COC(OO)OCOCO
COC(OO)OOC(O)C
COC(OO)OOCCO
COC(OO)OOOCC
COCC(C(O)O)OOO
COCC(C)(O)OOOO
COCC(C)(OO)OOO
COCC(C)OOOOO
COCC(CO)(O)OOO
COCC(CO)OOOO
COCC(O)(O)C(O)(O)O
COCC(O)(O)C(O)OO
COCC(O)(O)COOO
COCC(O)(O)OC(O)O
COCC(O)(O)OCOO
COCC(O)(O)OOCO
COCC(O)(OC)OOO
COCC(O)(OO)C(O)O
COCC(O)(OO)COO
COCC(O)(OO)OCO
COCC(O)C(O)(O)OO
COCC(O)C(O)OOO
COCC(O)C(OO)OO
COCC(O)COOOO
COCC(O)OC(O)(O)O
COCC(O)OC(O)OO
COCC(O)OCOOO
COCC(O)OOC(O)O
COCC(O)OOCOO
COCC(O)OOOCO
COCC(OC)OOOO
COCC(OO)(OO)CO
COCC(OO)(OO)OC
COCC(OO)C(O)(O)O
COCC(OO)C(O)OO
COCC(OO)COOO
COCC(OO)OC(O)O
COCC(OO)OCOO
COCC(OO)OOCO
COCC(OOO)COO
COCC(OOO)OCO
COCCC(O)(O)OOO
COCCC(O)(OO)OO
COCCC(O)OOOO
COCCC(OO)OOO
COCCCOOOOO
COCCOC(O)(O)OO
COCCOC(O)OOO
COCCOC(OO)OO
COCCOCOOOO
COCCOOC(O)(O)O
COCCOOC(O)OO
COCCOOCOOO
COCCOOOC(O)O
COCCOOOCOO
COCCOOOOCO
COCOC(C)(O)OOO
COCOC(C)(OO)OO
COCOC(C)OOOO
COCOC(CO)OOO
COCOC(O)(O)C(O)O
COCOC(O)(O)COO
COCOC(O)(O)OCO
COCOC(O)(OO)CO
COCOC(O)(OO)OC
COCOC(O)C(O)(O)O
COCOC(O)C(O)OO
COCOC(O)COOO
COCOC(O)OC(O)O
COCOC(O)OCOO
COCOC(O)OOCO
COCOC(OC)OOO
COCOC(OO)C(O)O
COCOC(OO)COO
COCOC(OO)OCO
COCOCC(O)(O)OO
COCOCC(O)OOO
COCOCC(OO)OO
COCOCCOOOO
COCOCOC(O)(O)O
COCOCOC(O)OO
COCOCOCOOO
COCOCOOC(O)O
COCOCOOCOO
COCOCOOOCO
COCOOC(C)(O)OO
COCOOC(C)OOO
COCOOC(O)(O)CO
COCOOC(O)(O)OC
COCOOC(O)C(O)O
COCOOC(O)COO
COCOOC(O)OCO
COCOOC(OO)CO
COCOOC(OO)OC
COCOOCC(O)(O)O
COCOOCC(O)OO
COCOOCCOOO
COCOOCOC(O)O
COCOOCOCOO
COCOOCOOCO
COCOOOC(C)OO
COCOOOC(O)(O)C
COCOOOC(O)CO
COCOOOC(O)OC
COCOOOCC(O)O
COCOOOCCOO
COCOOOCOCO
COCOOOOC(O)C
COCOOOOCCO
COCOOOOCOC
COCOOOOOCC
COOC(C(O)(O)O)CO
COOC(C(O)C)OOO
COOC(C(O)O)(O)CO
COOC(C(O)O)C(O)O
COOC(C(O)O)COO
COOC(C(O)O)OCO
COOC(C(O)O)OOC
COOC(C)(C)OOOO
COOC(C)(CO)OOO
COOC(C)(O)C(O)(O)O
COOC(C)(O)C(O)OO
COOC(C)(O)COOO
COOC(C)(O)OC(O)O
COOC(C)(O)OCOO
COOC(C)(O)OOCO
COOC(C)(OC)OOO
COOC(C)(OO)C(O)O
COOC(C)(OO)COO
COOC(C)(OO)OCO
COOC(C)(OO)OOC
COOC(C)C(O)(O)OO
COOC(C)C(O)OOO
COOC(C)C(OO)OO
COOC(C)COOOO
COOC(C)OC(O)(O)O
COOC(C)OC(O)OO
COOC(C)OCOOO
COOC(C)OOC(O)O
COOC(C)OOCOO
COOC(C)OOOCO
COOC(CC)(O)OOO
COOC(CC)OOOO
COOC(CO)(O)COO
COOC(CO)(O)OCO
COOC(CO)(O)OOC
COOC(CO)(OO)CO
COOC(CO)C(O)OO
COOC(CO)COOO
COOC(CO)OC(O)O
COOC(CO)OCOO
COOC(CO)OOCO
COOC(COO)COO
COOC(O)(O)C(C)OO
COOC(O)(O)C(O)(O)C
COOC(O)(O)C(O)CO
COOC(O)(O)C(O)OC
COOC(O)(O)CC(O)O
COOC(O)(O)CCOO
COOC(O)(O)COCO
COOC(O)(O)OC(O)C
COOC(O)(O)OCCO
COOC(O)(O)OCOC
COOC(O)(O)OOCC
COOC(O)(OC)C(O)O
COOC(O)(OC)COO
COOC(O)(OC)OCO
COOC(O)(OC)OOC
COOC(O)(OO)C(O)C
COOC(O)(OO)CCO
COOC(O)(OO)COC
COOC(O)(OO)OCC
COOC(O)C(C)(O)OO
COOC(O)C(C)OOO
COOC(O)C(O)(O)CO
COOC(O)C(O)(O)OC
COOC(O)C(O)C(O)O
COOC(O)C(O)COO
COOC(O)C(O)OCO
COOC(O)C(O)OOC
COOC(O)C(OO)CO
COOC(O)C(OO)OC
COOC(O)CC(O)(O)O
COOC(O)CC(O)OO
COOC(O)CCOOO
COOC(O)COC(O)O
COOC(O)COCOO
COOC(O)COOCO
COOC(O)OC(C)OO
COOC(O)OC(O)(O)C
COOC(O)OC(O)CO
COOC(O)OC(O)OC
COOC(O)OCC(O)O
COOC(O)OCCOO
COOC(O)OCOCO
COOC(O)OOC(O)C
COOC(O)OOCCO
COOC(O)OOCOC
COOC(O)OOOCC
COOC(OC)(OO)CO
COOC(OC)(OO)OC
COOC(OC)C(O)(O)O
COOC(OC)C(O)OO
COOC(OC)COOO
COOC(OC)OC(O)O
COOC(OC)OCOO
COOC(OC)OOCO
COOC(OCO)COO
COOC(OCO)OCO
COOC(OO)(OO)CC
COOC(OO)C(C)OO
COOC(OO)C(O)(O)C
COOC(OO)C(O)CO
COOC(OO)C(O)OC
COOC(OO)CC(O)O
COOC(OO)CCOO
COOC(OO)COCO
COOC(OO)OC(O)C
COOC(OO)OCCO
COOC(OO)OCOC
COOC(OO)OOCC
COOC(OOC)COO
COOC(OOC)OCO
COOC(OOC)OOC
COOC(OOO)CCO
COOC(OOO)COC
COOC(OOO)OCC
COOCC(C)(O)OOO
COOCC(C)(OO)OO
COOCC(C)OOOO
COOCC(CO)OOO
COOCC(O)(O)C(O)O
COOCC(O)(O)COO
COOCC(O)(O)OCO
COOCC(O)(O)OOC
COOCC(O)(OO)CO
COOCC(O)(OO)OC
COOCC(O)C(O)(O)O
COOCC(O)C(O)OO
COOCC(O)COOO
COOCC(O)OC(O)O
COOCC(O)OCOO
COOCC(O)OOCO
COOCC(OC)OOO
COOCC(OO)C(O)O
COOCC(OO)COO
COOCC(OO)OCO
COOCC(OO)OOC
COOCCC(O)(O)OO
COOCCC(O)OOO
COOCCC(OO)OO
COOCCCOOOO
COOCCOC(O)(O)O
COOCCOC(O)OO
COOCCOCOOO
COOCCOOC(O)O
COOCCOOCOO
COOCCOOOCO
COOCOC(C)(O)OO
COOCOC(C)OOO
COOCOC(O)(O)CO
COOCOC(O)(O)OC
COOCOC(O)C(O)O
COOCOC(O)COO
COOCOC(O)OCO
COOCOC(O)OOC
COOCOC(OO)CO
COOCOC(OO)OC
COOCOCC(O)(O)O
COOCOCC(O)OO
COOCOCCOOO
COOCOCOC(O)O
COOCOCOCOO
COOCOCOOCO
COOCOOC(C)OO
COOCOOC(O)(O)C
COOCOOC(O)CO
COOCOOC(O)OC
COOCOOCC(O)O
COOCOOCCOO
COOCOOCOCO
COOCOOCOOC
COOCOOOC(O)C
COOCOOOCCO
COOCOOOCOC
COOCOOOOCC
COOOC(C(O)O)CO
COOOC(C)(C)OOO
COOOC(C)(O)C(O)O
COOOC(C)(O)COO
COOOC(C)(O)OCO
COOOC(C)(O)OOC
COOOC(C)(OO)CO
COOOC(C)(OO)OC
COOOC(C)C(O)(O)O
COOOC(C)C(O)OO
COOOC(C)COOO
COOOC(C)OC(O)O
COOOC(C)OCOO
COOOC(C)OOCO
COOOC(C)OOOC
COOOC(CC)OOO
COOOC(CO)(O)CO
COOOC(CO)COO
COOOC(CO)OCO
COOOC(CO)OOC
COOOC(O)(O)C(O)C
COOOC(O)(O)CCO
COOOC(O)(O)COC
COOOC(O)(O)OCC
COOOC(O)(OC)CO
COOOC(O)(OC)OC
COOOC(O)(OO)CC
COOOC(O)C(C)OO
COOOC(O)C(O)(O)C
COOOC(O)C(O)CO
COOOC(O)C(O)OC
COOOC(O)CC(O)O
COOOC(O)CCOO
COOOC(O)COCO
COOOC(O)COOC
COOOC(O)OC(O)C
COOOC(O)OCCO
COOOC(O)OCOC
COOOC(O)OOCC
COOOC(OC)C(O)O
COOOC(OC)COO
COOOC(OC)OCO
COOOC(OC)OOC
COOOC(OO)C(O)C
COOOC(OO)CCO
COOOC(OO)COC
COOOC(OO)OCC
COOOCC(C)(O)OO
COOOCC(C)OOO
COOOCC(O)(O)CO
COOOCC(O)(O)OC
COOOCC(O)C(O)O
COOOCC(O)COO
COOOCC(O)OCO
COOOCC(O)OOC
COOOCC(OO)CO
COOOCC(OO)OC
COOOCCC(O)(O)O
COOOCCC(O)OO
COOOCCCOOO
COOOCCOC(O)O
COOOCCOCOO
COOOCCOOCO
COOOCCOOOC
COOOCOC(C)OO
COOOCOC(O)(O)C
COOOCOC(O)CO
COOOCOC(O)OC
COOOCOCC(O)O
COOOCOCCOO
COOOCOCOCO
COOOCOCOOC
COOOCOOC(O)C
COOOCOOCCO
COOOCOOCOC
COOOCOOOCC
COOOOC(C)(C)OO
COOOOC(C)(O)CO
COOOOC(C)(O)OC
COOOOC(C)C(O)O
COOOOC(C)COO
COOOOC(C)OCO
COOOOC(C)OOC
COOOOC(CO)CO
COOOOC(O)(O)CC
COOOOC(O)C(O)C
COOOOC(O)CCO
COOOOC(O)COC
COOOOC(O)OCC
COOOOC(OC)CO
COOOOC(OC)OC
COOOOC(OO)CC
COOOOCC(C)OO
COOOOCC(O)(O)C
COOOOCC(O)CO
COOOOCC(O)OC
COOOOCCC(O)O
COOOOCCCOO
COOOOCCOCO
COOOOCCOOC
COOOOCOC(O)C
COOOOCOCCO
COOOOCOCOC
COOOOCOOCC
COOOOOC(C)(O)C
COOOOOC(C)CO
COOOOOC(C)OC
COOOOOC(O)CC
COOOOOCC(O)C
COOOOOCCCO
COOOOOCCOC
COOOOOCOCC
COOOOOOC(C)C
COOOOOOCCC
OC(O)(O)C(C)C(O)(O)O
OC(O)(O)CCC(O)(O)O
OC(O)C(C(O)O)C(O)O
OC(O)C(C)(O)C(O)(O)O
OC(O)C(C)OC(O)(O)O
OC(O)C(O)C(O)C(O)O
OC(O)C(O)CC(O)(O)O
OC(O)CC(O)(O)C(O)O
OC(O)CC(O)C(O)(O)O
OC(O)CCOC(O)(O)O
OC(O)COC(O)C(O)O
OC(O)COCC(O)(O)O
OC(O)COOCC(O)O
OC(O)OC(C)(O)C(O)O
OC(O)OC(C)C(O)(O)O
OC(O)OC(C)OC(O)O
OC(O)OC(O)CC(O)O
OC(O)OCC(O)C(O)O
OC(O)OCCC(O)(O)O
OC(O)OCCOC(O)O
OC(O)OCOCC(O)O
OC(O)OOC(C)C(O)O
OC(O)OOCCC(O)O
OCC(C(O)(O)O)(O)CO
OCC(C(O)(O)O)C(O)O
OCC(C(O)O)(O)C(O)O
OCC(C(O)O)OC(O)O
OCC(C)(O)OC(O)(O)O
OCC(C)(O)OOC(O)O
OCC(C)OOC(O)(O)O
OCC(C)OOOC(O)O
OCC(CO)(O)OC(O)O
OCC(CO)OC(O)(O)O
OCC(CO)OOC(O)O
OCC(O)(O)C(O)(O)CO
OCC(O)(O)C(O)C(O)O
OCC(O)(O)CC(O)(O)O
OCC(O)(O)COC(O)O
OCC(O)(O)OCC(O)O
OCC(O)C(O)(O)C(O)O
OCC(O)C(O)C(O)(O)O
OCC(O)C(O)OC(O)O
OCC(O)COC(O)(O)O
OCC(O)COOC(O)O
OCC(O)OC(O)(O)CO
OCC(O)OC(O)C(O)O
OCC(O)OCC(O)(O)O
OCC(O)OCOC(O)O
OCC(O)OOC(O)CO
OCC(O)OOCC(O)O
OCCC(O)(O)C(O)(O)O
OCCC(O)(O)OC(O)O
OCCC(O)OC(O)(O)O
OCCC(O)OOC(O)O
OCCC(OO)OC(O)O
OCCCOOC(O)(O)O
OCCCOOOC(O)O
OCCOC(O)(O)C(O)O
OCCOC(O)C(O)(O)O
OCCOC(O)OC(O)O
OCCOCOC(O)(O)O
OCCOCOOC(O)O
OCCOOC(O)(O)CO
OCCOOC(O)C(O)O
OCCOOCC(O)(O)O
OCCOOCOC(O)O
OCCOOOC(O)CO
OCCOOOCC(O)O
OCCOOOOCCO
OCOC(C(O)(O)O)CO
OCOC(C(O)O)(O)CO
OCOC(C(O)O)C(O)O
OCOC(C(O)O)OCO
OCOC(C)(O)C(O)(O)O
OCOC(C)(O)OC(O)O
OCOC(C)(OO)OCO
OCOC(C)OC(O)(O)O
OCOC(C)OOC(O)O
OCOC(CO)(O)OCO
OCOC(CO)OC(O)O
OCOC(O)(O)C(O)CO
OCOC(O)(O)CC(O)O
OCOC(O)(O)OCCO
OCOC(O)(OC)OCO
OCOC(O)(OO)CCO
OCOC(O)C(O)(O)CO
OCOC(O)C(O)C(O)O
OCOC(O)C(O)OCO
OCOC(O)CC(O)(O)O
OCOC(O)COC(O)O
OCOC(O)OC(O)CO
OCOC(O)OCC(O)O
OCOC(O)OOCCO
OCOC(OC)OC(O)O
OCOC(OCO)OCO
OCOC(OO)C(O)CO
OCOC(OO)CC(O)O
OCOC(OO)OCCO
OCOCC(O)(O)C(O)O
OCOCC(O)(O)OCO
OCOCC(O)C(O)(O)O
OCOCC(O)OC(O)O
OCOCC(OO)OCO
OCOCCOC(O)(O)O
OCOCCOOC(O)O
OCOCOC(O)(O)CO
OCOCOC(O)C(O)O
OCOCOC(O)OCO
OCOCOCC(O)(O)O
OCOCOCOC(O)O
OCOCOOC(O)CO
OCOCOOCC(O)O
OCOCOOCOCO
OCOCOOOCCO
OCOOC(C(O)O)CO
OCOOC(C)(O)C(O)O
OCOOC(C)(O)OCO
OCOOC(C)C(O)(O)O
OCOOC(C)OC(O)O
OCOOC(C)OOCO
OCOOC(CO)(O)CO
OCOOC(CO)OCO
OCOOC(O)(O)CCO
OCOOC(O)C(O)CO
OCOOC(O)CC(O)O
OCOOC(O)COCO
OCOOC(O)OCCO
OCOOC(OC)OCO
OCOOC(OO)CCO
OCOOCC(O)(O)CO
OCOOCC(O)C(O)O
OCOOCC(O)OCO
OCOOCCC(O)(O)O
OCOOCCOC(O)O
OCOOCCOOCO
OCOOCOC(O)CO
OCOOCOCC(O)O
OCOOCOCOCO
OCOOCOOCCO
OCOOOC(C)(O)CO
OCOOOC(C)C(O)O
OCOOOC(C)OCO
OCOOOC(CO)CO
OCOOOC(O)CCO
OCOOOCC(O)CO
OCOOOCCC(O)O
OCOOOCCOCO
OCOOOCOCCO
OCOOOOC(C)CO
OCOOOOCCCO
OOC(C(O)(O)O)CCO
OOC(C(O)O)(O)CCO
OOC(C(O)O)C(C)OO
OOC(C(O)O)C(O)CO
OOC(C(O)O)CC(O)O
OOC(C(O)O)COCO
OOC(C(O)O)OCCO
OOC(C)(C(O)(O)O)CO
OOC(C)(C(O)O)C(O)O
OOC(C)(C(O)O)OCO
OOC(C)(C)C(O)(O)OO
OOC(C)(C)OC(O)(O)O
OOC(C)(C)OOC(O)O
OOC(C)(C)OOOCO
OOC(C)(CO)OC(O)O
OOC(C)(CO)OOCO
OOC(C)(O)C(C)(O)OO
OOC(C)(O)C(O)(O)CO
OOC(C)(O)C(O)C(O)O
OOC(C)(O)C(O)OCO
OOC(C)(O)CC(O)(O)O
OOC(C)(O)COC(O)O
OOC(C)(O)COOCO
OOC(C)(O)OC(O)CO
OOC(C)(O)OCC(O)O
OOC(C)(O)OCOCO
OOC(C)(O)OOCCO
OOC(C)(OO)C(O)CO
OOC(C)(OO)CC(O)O
OOC(C)(OO)COCO
OOC(C)(OO)OCCO
OOC(C)C(C)(OO)OO
OOC(C)C(O)(O)C(O)O
OOC(C)C(O)(O)OCO
OOC(C)C(O)(OO)CO
OOC(C)C(O)C(O)(O)O
OOC(C)C(O)C(O)OO
OOC(C)C(O)OC(O)O
OOC(C)C(O)OOCO
OOC(C)C(OO)OCO
OOC(C)CC(O)(O)OO
OOC(C)CC(OO)OO
OOC(C)COC(O)(O)O
OOC(C)COOC(O)O
OOC(C)COOOCO
OOC(C)OC(C)(O)OO
OOC(C)OC(O)(O)CO
OOC(C)OC(O)C(O)O
OOC(C)OC(O)OCO
OOC(C)OCC(O)(O)O
OOC(C)OCOC(O)O
OOC(C)OCOOCO
OOC(C)OOC(C)OO
OOC(C)OOC(O)CO
OOC(C)OOCC(O)O
OOC(C)OOCOCO
OOC(C)OOOCCO
OOC(CO)(C(O)O)CO
OOC(CO)(CO)OCO
OOC(CO)(O)C(O)CO
OOC(CO)(O)CC(O)O
OOC(CO)(O)COCO
OOC(CO)(O)OCCO
OOC(CO)(OO)CCO
OOC(CO)C(C)(O)OO
OOC(CO)C(O)(O)CO
OOC(CO)C(O)C(O)O
OOC(CO)C(O)OCO
OOC(CO)C(OO)CO
OOC(CO)CC(O)(O)O
OOC(CO)CC(O)OO
OOC(CO)COC(O)O
OOC(CO)COOCO
OOC(CO)OC(C)OO
OOC(CO)OC(O)CO
OOC(CO)OCC(O)O
OOC(CO)OCOCO
OOC(CO)OOCCO
OOC(O)(O)C(C)(O)CO
OOC(O)(O)C(C)C(O)O
OOC(O)(O)C(C)OCO
OOC(O)(O)C(CO)CO
OOC(O)(O)C(O)CCO
OOC(O)(O)CC(O)CO
OOC(O)(O)CCC(O)O
OOC(O)(O)CCOCO
OOC(O)(O)COCCO
OOC(O)(O)OC(C)CO
OOC(O)(O)OCCCO
OOC(O)(OO)C(C)CO
OOC(O)(OO)CCCO
OOC(O)C(C(O)O)CO
OOC(O)C(C)(O)C(O)O
OOC(O)C(C)(O)OCO
OOC(O)C(C)(OO)CO
OOC(O)C(C)C(O)(O)O
OOC(O)C(C)C(O)OO
OOC(O)C(C)OC(O)O
OOC(O)C(C)OOCO
OOC(O)C(CO)(O)CO
OOC(O)C(CO)OCO
OOC(O)C(O)(O)CCO
OOC(O)C(O)C(O)CO
OOC(O)C(O)CC(O)O
OOC(O)C(O)COCO
OOC(O)C(O)OCCO
OOC(O)C(OC)OCO
OOC(O)C(OO)CCO
OOC(O)CC(C)(O)OO
OOC(O)CC(O)(O)CO
OOC(O)CC(O)C(O)O
OOC(O)CC(O)OCO
OOC(O)CCC(O)(O)O
OOC(O)CCC(O)OO
OOC(O)CCOC(O)O
OOC(O)CCOOCO
OOC(O)COC(C)OO
OOC(O)COC(O)CO
OOC(O)COCC(O)O
OOC(O)COCOCO
OOC(O)COOCCO
OOC(O)OC(C)(C)OO
OOC(O)OC(C)(O)CO
OOC(O)OC(C)C(O)O
OOC(O)OC(C)OCO
OOC(O)OC(CO)CO
OOC(O)OC(O)CCO
OOC(O)OCC(C)OO
OOC(O)OCC(O)CO
OOC(O)OCCC(O)O
OOC(O)OCCOCO
OOC(O)OCOCCO
OOC(O)OOC(C)CO
OOC(O)OOCCCO
OOC(OO)C(C)(C)OO
OOC(OO)C(C)(O)CO
OOC(OO)C(C)C(O)O
OOC(OO)C(C)OCO
OOC(OO)C(CO)CO
OOC(OO)C(O)CCO
OOC(OO)CC(O)CO
OOC(OO)CCC(O)O
OOC(OO)CCOCO
OOC(OO)COCCO
OOC(OO)OC(C)CO
OOC(OO)OCCCO
OOCC(C(O)(O)O)CO
OOCC(C(O)O)(O)CO
OOCC(C(O)O)C(O)O
OOCC(C(O)O)COO
OOCC(C(O)O)OCO
OOCC(C)(O)C(O)(O)O
OOCC(C)(O)C(O)OO
OOCC(C)(O)OC(O)O
OOCC(C)(O)OOCO
OOCC(C)(OO)C(O)O
OOCC(C)(OO)COO
OOCC(C)(OO)OCO
OOCC(C)C(O)(O)OO
OOCC(C)C(OO)OO
OOCC(C)OC(O)(O)O
OOCC(C)OC(O)OO
OOCC(C)OOC(O)O
OOCC(C)OOOCO
OOCC(CO)(O)COO
OOCC(CO)(O)OCO
OOCC(CO)(OO)CO
OOCC(CO)C(O)OO
OOCC(CO)OC(O)O
OOCC(CO)OOCO
OOCC(COO)COO
OOCC(O)(O)C(C)OO
OOCC(O)(O)C(O)CO
OOCC(O)(O)CC(O)O
OOCC(O)(O)COCO
OOCC(O)(O)OCCO
OOCC(O)(OC)COO
OOCC(O)(OC)OCO
OOCC(O)(OO)CCO
OOCC(O)C(C)(O)OO
OOCC(O)C(O)(O)CO
OOCC(O)C(O)C(O)O
OOCC(O)C(O)COO
OOCC(O)C(O)OCO
OOCC(O)C(OO)CO
OOCC(O)CC(O)(O)O
OOCC(O)CC(O)OO
OOCC(O)COC(O)O
OOCC(O)COOCO
OOCC(O)OC(C)OO
OOCC(O)OC(O)CO
OOCC(O)OCC(O)O
OOCC(O)OCOCO
OOCC(O)OOCCO
OOCC(OC)C(O)OO
OOCC(OC)OC(O)O
OOCC(OC)OOCO
OOCC(OCO)COO
OOCC(OCO)OCO
OOCC(OO)C(C)OO
OOCC(OO)C(O)CO
OOCC(OO)CC(O)O
OOCC(OO)COCO
OOCC(OO)OCCO
OOCCC(C)(OO)OO
OOCCC(O)(O)C(O)O
OOCCC(O)(O)COO
OOCCC(O)(O)OCO
OOCCC(O)(OO)CO
OOCCC(O)C(O)(O)O
OOCCC(O)C(O)OO
OOCCC(O)OC(O)O
OOCCC(O)OOCO
OOCCC(OO)C(O)O
OOCCC(OO)COO
OOCCC(OO)OCO
OOCCCC(O)(O)OO
OOCCCC(OO)OO
OOCCCOC(O)(O)O
OOCCCOC(O)OO
OOCCCOOC(O)O
OOCCCOOOCO
OOCCOC(C)(O)OO
OOCCOC(O)(O)CO
OOCCOC(O)C(O)O
OOCCOC(O)COO
OOCCOC(O)OCO
OOCCOC(OO)CO
OOCCOCC(O)(O)O
OOCCOCC(O)OO
OOCCOCOC(O)O
OOCCOCOOCO
OOCCOOC(C)OO
OOCCOOC(O)CO
OOCCOOCC(O)O
OOCCOOCCOO
OOCCOOCOCO
OOCCOOOCCO
OOCOC(C(O)O)CO
OOCOC(C)(O)C(O)O
OOCOC(C)(O)COO
OOCOC(C)(O)OCO
OOCOC(C)(OO)CO
OOCOC(C)C(O)(O)O
OOCOC(C)C(O)OO
OOCOC(C)OC(O)O
OOCOC(C)OCOO
OOCOC(C)OOCO
OOCOC(CO)(O)CO
OOCOC(CO)COO
OOCOC(CO)OCO
OOCOC(O)(O)CCO
OOCOC(O)C(C)OO
OOCOC(O)C(O)CO
OOCOC(O)CC(O)O
OOCOC(O)CCOO
OOCOC(O)COCO
OOCOC(O)OCCO
OOCOC(OC)COO
OOCOC(OC)OCO
OOCOC(OO)CCO
OOCOCC(C)(O)OO
OOCOCC(O)(O)CO
OOCOCC(O)C(O)O
OOCOCC(O)COO
OOCOCC(O)OCO
OOCOCC(OO)CO
OOCOCCC(O)(O)O
OOCOCCC(O)OO
OOCOCCOC(O)O
OOCOCCOCOO
OOCOCCOOCO
OOCOCOC(C)OO
OOCOCOC(O)CO
OOCOCOCC(O)O
OOCOCOCCOO
OOCOCOCOCO
OOCOCOOCCO
OOCOOC(C)(C)OO
OOCOOC(C)(O)CO
OOCOOC(C)C(O)O
OOCOOC(C)COO
OOCOOC(C)OCO
OOCOOC(CO)CO
OOCOOC(O)CCO
OOCOOCC(C)OO
OOCOOCC(O)CO
OOCOOCCC(O)O
OOCOOCCCOO
OOCOOCCOCO
OOCOOCOCCO
OOCOOOC(C)CO
OOCOOOCCCO
OOOC(C(C)C)OOO
OOOC(C(O)C)COO
OOOC(C(O)C)OCO
OOOC(C(O)O)CCO
OOOC(C)(C(O)O)CO
OOOC(C)(C)C(O)(O)O
OOOC(C)(C)C(O)OO
OOOC(C)(C)OC(O)O
OOOC(C)(C)OCOO
OOOC(C)(C)OOCO
OOOC(C)(CC)OOO
OOOC(C)(CO)COO
OOOC(C)(CO)OCO
OOOC(C)(O)C(C)OO
OOOC(C)(O)C(O)CO
OOOC(C)(O)CC(O)O
OOOC(C)(O)CCOO
OOOC(C)(O)COCO
OOOC(C)(O)OCCO
OOOC(C)(OC)COO
OOOC(C)(OC)OCO
OOOC(C)(OO)CCO
OOOC(C)C(C)(O)OO
OOOC(C)C(C)OOO
OOOC(C)C(O)(O)CO
OOOC(C)C(O)C(O)O
OOOC(C)C(O)COO
OOOC(C)C(O)OCO
OOOC(C)C(OO)CO
OOOC(C)CC(O)(O)O
OOOC(C)CC(O)OO
OOOC(C)COC(O)O
OOOC(C)COCOO
OOOC(C)COOCO
OOOC(C)OC(C)OO
OOOC(C)OC(O)CO
OOOC(C)OCC(O)O
OOOC(C)OCCOO
OOOC(C)OCOCO
OOOC(C)OOCCO
OOOC(CC)(O)COO
OOOC(CC)(O)OCO
OOOC(CC)C(O)OO
OOOC(CC)OC(O)O
OOOC(CC)OCOO
OOOC(CC)OOCO
OOOC(CO)(CO)CO
OOOC(CO)(O)CCO
OOOC(CO)C(C)OO
OOOC(CO)C(O)CO
OOOC(CO)CC(O)O
OOOC(CO)CCOO
OOOC(CO)COCO
OOOC(CO)OCCO
OOOC(COO)CCO
OOOC(O)(O)C(C)CO
OOOC(O)(O)CCCO
OOOC(O)(OC)CCO
OOOC(O)C(C)(C)OO
OOOC(O)C(C)(O)CO
OOOC(O)C(C)C(O)O
OOOC(O)C(C)COO
OOOC(O)C(C)OCO
OOOC(O)C(CO)CO
OOOC(O)C(O)CCO
OOOC(O)CC(C)OO
OOOC(O)CC(O)CO
OOOC(O)CCC(O)O
OOOC(O)CCCOO
OOOC(O)CCOCO
OOOC(O)COCCO
OOOC(O)OC(C)CO
OOOC(O)OCCCO
OOOC(OC)C(C)OO
OOOC(OC)C(O)CO
OOOC(OC)CC(O)O
OOOC(OC)CCOO
OOOC(OC)COCO
OOOC(OC)OCCO
OOOC(OCO)CCO
OOOC(OO)C(C)CO
OOOC(OO)CCCO
OOOCC(C(O)O)CO
OOOCC(C)(C)OOO
OOOCC(C)(O)C(O)O
OOOCC(C)(O)COO
OOOCC(C)(O)OCO
OOOCC(C)(OO)CO
OOOCC(C)C(O)(O)O
OOOCC(C)C(O)OO
OOOCC(C)COOO
OOOCC(C)OC(O)O
OOOCC(C)OCOO
OOOCC(C)OOCO
OOOCC(CC)OOO
OOOCC(CO)(O)CO
OOOCC(CO)COO
OOOCC(CO)OCO
OOOCC(O)(O)CCO
OOOCC(O)C(C)OO
OOOCC(O)C(O)CO
OOOCC(O)CC(O)O
OOOCC(O)CCOO
OOOCC(O)COCO
OOOCC(O)OCCO
OOOCC(OC)COO
OOOCC(OC)OCO
OOOCC(OO)CCO
OOOCCC(C)(O)OO
OOOCCC(C)OOO
OOOCCC(O)(O)CO
OOOCCC(O)C(O)O
OOOCCC(O)COO
OOOCCC(O)OCO
OOOCCC(OO)CO
OOOCCCC(O)(O)O
OOOCCCC(O)OO
OOOCCCCOOO
OOOCCCOC(O)O
OOOCCCOCOO
OOOCCCOOCO
OOOCCOC(C)OO
OOOCCOC(O)CO
OOOCCOCC(O)O
OOOCCOCCOO
OOOCCOCOCO
OOOCCOOCCO
OOOCOC(C)(C)OO
OOOCOC(C)(O)CO
OOOCOC(C)C(O)O
OOOCOC(C)COO
OOOCOC(C)OCO
OOOCOC(CO)CO
OOOCOC(O)CCO
OOOCOCC(C)OO
OOOCOCC(O)CO
OOOCOCCC(O)O
OOOCOCCCOO
OOOCOCCOCO
OOOCOCOCCO
OOOCOOC(C)CO
OOOCOOCCCO
OOOOC(C)(C)C(O)O
OOOOC(C)(C)COO
OOOOC(C)(C)OCO
OOOOC(C)(CO)CO
OOOOC(C)(O)CCO
OOOOC(C)C(C)OO
OOOOC(C)C(O)CO
OOOOC(C)CC(O)O
OOOOC(C)CCOO
OOOOC(C)COCO
OOOOC(C)OCCO
OOOOC(CC)COO
OOOOC(CC)OCO
OOOOC(CO)CCO
OOOOC(O)C(C)CO
OOOOC(O)CCCO
OOOOC(OC)CCO
OOOOCC(C)(C)OO
OOOOCC(C)(O)CO
OOOOCC(C)C(O)O
OOOOCC(C)COO
OOOOCC(C)OCO
OOOOCC(CO)CO
OOOOCC(O)CCO
OOOOCCC(C)OO
OOOOCCC(O)CO
OOOOCCCC(O)O
OOOOCCCCOO
OOOOCCCOCO
OOOOCCOCCO
OOOOCOC(C)CO
OOOOCOCCCO
OOOOOC(C)(C)CO
OOOOOC(C)CCO
OOOOOCC(C)CO
OOOOOCCCCO
