CC(C)(Cl)C(Cl)(Cl)C(Cl)Cl
CC(C)(Cl)C(Cl)C(Cl)(Cl)Cl
CC(C)C(Cl)(Cl)C(Cl)(Cl)Cl
CC(Cl)(Cl)C(C(Cl)Cl)CCl
CC(Cl)(Cl)C(C)(Cl)C(Cl)Cl
CC(Cl)(Cl)C(C)C(Cl)(Cl)Cl
CC(Cl)(Cl)C(CCl)(Cl)CCl
CC(Cl)(Cl)C(Cl)(Cl)CCCl
CC(Cl)(Cl)C(Cl)C(Cl)(Cl)C
CC(Cl)(Cl)C(Cl)C(Cl)CCl
CC(Cl)(Cl)C(Cl)CC(Cl)Cl
CC(Cl)(Cl)CC(Cl)(Cl)CCl
CC(Cl)(Cl)CC(Cl)C(Cl)Cl
CC(Cl)(Cl)CCC(Cl)(Cl)Cl
CC(Cl)C(C(Cl)(Cl)Cl)CCl
CC(Cl)C(C(Cl)Cl)(Cl)CCl
CC(Cl)C(C(Cl)Cl)C(Cl)Cl
CC(Cl)C(C)(Cl)C(Cl)(Cl)Cl
CC(Cl)C(Cl)(Cl)C(Cl)(Cl)C
CC(Cl)C(Cl)(Cl)C(Cl)CCl
CC(Cl)C(Cl)(Cl)CC(Cl)Cl
CC(Cl)C(Cl)C(Cl)(Cl)CCl
CC(Cl)C(Cl)C(Cl)C(Cl)Cl
CC(Cl)C(Cl)CC(Cl)(Cl)Cl
CC(Cl)CC(Cl)(Cl)C(Cl)Cl
CC(Cl)CC(Cl)C(Cl)(Cl)Cl
CCC(C(Cl)(Cl)Cl)(Cl)CCl
CCC(C(Cl)(Cl)Cl)C(Cl)Cl
CCC(C(Cl)Cl)(Cl)C(Cl)Cl
CCC(Cl)(Cl)C(Cl)(Cl)CCl
CCC(Cl)(Cl)C(Cl)C(Cl)Cl
CCC(Cl)(Cl)CC(Cl)(Cl)Cl
CCC(Cl)C(Cl)(Cl)C(Cl)Cl
CCC(Cl)C(Cl)C(Cl)(Cl)Cl
CCCC(Cl)(Cl)C(Cl)(Cl)Cl
ClC(Cl)C(C)(C)C(Cl)(Cl)Cl
ClC(Cl)C(C)C(Cl)C(Cl)Cl
ClC(Cl)C(C)CC(Cl)(Cl)Cl
ClC(Cl)CC(C)(Cl)C(Cl)Cl
ClC(Cl)CC(C)C(Cl)(Cl)Cl
ClC(Cl)CC(Cl)CC(Cl)Cl
ClC(Cl)CCC(Cl)C(Cl)Cl
ClC(Cl)CCCC(Cl)(Cl)Cl
ClCC(C(Cl)Cl)C(Cl)CCl
ClCC(C(Cl)Cl)CC(Cl)Cl
ClCC(C)(C(Cl)(Cl)Cl)CCl
ClCC(C)(C(Cl)Cl)C(Cl)Cl
ClCC(C)(Cl)C(Cl)(Cl)CCl
ClCC(C)(Cl)C(Cl)C(Cl)Cl
ClCC(C)(Cl)CC(Cl)(Cl)Cl
ClCC(C)C(Cl)(Cl)C(Cl)Cl
ClCC(C)C(Cl)C(Cl)(Cl)Cl
ClCC(CCl)(C(Cl)Cl)CCl
ClCC(CCl)(Cl)CC(Cl)Cl
ClCC(CCl)C(Cl)(Cl)CCl
ClCC(CCl)C(Cl)C(Cl)Cl
ClCC(CCl)CC(Cl)(Cl)Cl
ClCC(Cl)(Cl)C(C)(Cl)CCl
ClCC(Cl)(Cl)C(C)C(Cl)Cl
ClCC(Cl)(Cl)CCC(Cl)Cl
ClCC(Cl)C(C)(Cl)C(Cl)Cl
ClCC(Cl)C(C)C(Cl)(Cl)Cl
ClCC(Cl)C(CCl)(Cl)CCl
ClCC(Cl)C(Cl)C(Cl)CCl
ClCC(Cl)C(Cl)CC(Cl)Cl
ClCC(Cl)CC(Cl)(Cl)CCl
ClCC(Cl)CC(Cl)C(Cl)Cl
ClCC(Cl)CCC(Cl)(Cl)Cl
ClCCC(C(Cl)(Cl)Cl)CCl
ClCCC(C(Cl)Cl)(Cl)CCl
ClCCC(C(Cl)Cl)C(Cl)Cl
ClCCC(C)(Cl)C(Cl)(Cl)Cl
ClCCC(Cl)(Cl)C(Cl)CCl
ClCCC(Cl)(Cl)CC(Cl)Cl
ClCCC(Cl)C(Cl)(Cl)CCl
ClCCC(Cl)C(Cl)C(Cl)Cl
ClCCC(Cl)CC(Cl)(Cl)Cl
ClCCCC(Cl)(Cl)C(Cl)Cl
ClCCCC(Cl)C(Cl)(Cl)Cl
