CC(C)(C)C(O)(O)OOO
CC(C)(C)C(O)(OO)OO
CC(C)(C)C(O)OOOO
CC(C)(C)C(OO)OOO
CC(C)(C)COOOOO
CC(C)(C)OC(O)(O)OO
CC(C)(C)OC(O)OOO
CC(C)(C)OC(OO)OO
CC(C)(C)OCOOOO
CC(C)(C)OOC(O)(O)O
CC(C)(C)OOC(O)OO
CC(C)(C)OOCOOO
CC(C)(C)OOOC(O)O
CC(C)(C)OOOCOO
CC(C)(C)OOOOCO
CC(C)(O)C(C)(O)OOO
CC(C)(O)C(C)(OO)OO
CC(C)(O)C(C)OOOO
CC(C)(O)C(CO)OOO
CC(C)(O)C(O)(O)C(O)O
CC(C)(O)C(O)(O)COO
CC(C)(O)C(O)(O)OCO
CC(C)(O)C(O)(OO)CO
CC(C)(O)C(O)C(O)(O)O
CC(C)(O)C(O)C(O)OO
CC(C)(O)C(O)COOO
CC(C)(O)C(O)OC(O)O
CC(C)(O)C(O)OCOO
CC(C)(O)C(O)OOCO
CC(C)(O)C(OO)C(O)O
CC(C)(O)C(OO)COO
CC(C)(O)C(OO)OCO
CC(C)(O)CC(O)(O)OO
CC(C)(O)CC(O)OOO
CC(C)(O)CC(OO)OO
CC(C)(O)CCOOOO
CC(C)(O)COC(O)(O)O
CC(C)(O)COC(O)OO
CC(C)(O)COCOOO
CC(C)(O)COOC(O)O
CC(C)(O)COOCOO
CC(C)(O)COOOCO
CC(C)(O)OC(C)(O)OO
CC(C)(O)OC(C)OOO
CC(C)(O)OC(O)(O)CO
CC(C)(O)OC(O)C(O)O
CC(C)(O)OC(O)COO
CC(C)(O)OC(O)OCO
CC(C)(O)OC(OO)CO
CC(C)(O)OCC(O)(O)O
CC(C)(O)OCC(O)OO
CC(C)(O)OCCOOO
CC(C)(O)OCOC(O)O
CC(C)(O)OCOCOO
CC(C)(O)OCOOCO
CC(C)(O)OOC(C)OO
CC(C)(O)OOC(O)CO
CC(C)(O)OOCC(O)O
CC(C)(O)OOCCOO
CC(C)(O)OOCOCO
CC(C)(O)OOOCCO
CC(C)C(C(O)O)OOO
CC(C)C(C)(O)OOOO
CC(C)C(C)(OO)OOO
CC(C)C(C)OOOOO
CC(C)C(CO)(O)OOO
CC(C)C(CO)OOOO
CC(C)C(O)(O)C(O)(O)O
CC(C)C(O)(O)C(O)OO
CC(C)C(O)(O)COOO
CC(C)C(O)(O)OC(O)O
CC(C)C(O)(O)OCOO
CC(C)C(O)(O)OOCO
CC(C)C(O)(OO)C(O)O
CC(C)C(O)(OO)COO
CC(C)C(O)(OO)OCO
CC(C)C(O)C(O)(O)OO
CC(C)C(O)C(O)OOO
CC(C)C(O)C(OO)OO
CC(C)C(O)COOOO
CC(C)C(O)OC(O)(O)O
CC(C)C(O)OC(O)OO
CC(C)C(O)OCOOO
CC(C)C(O)OOC(O)O
CC(C)C(O)OOCOO
CC(C)C(O)OOOCO
CC(C)C(OO)(OO)CO
CC(C)C(OO)C(O)(O)O
CC(C)C(OO)C(O)OO
CC(C)C(OO)COOO
CC(C)C(OO)OC(O)O
CC(C)C(OO)OCOO
CC(C)C(OO)OOCO
CC(C)CC(O)(O)OOO
CC(C)CC(O)(OO)OO
CC(C)CC(O)OOOO
CC(C)CC(OO)OOO
CC(C)CCOOOOO
CC(C)COC(O)(O)OO
CC(C)COC(O)OOO
CC(C)COC(OO)OO
CC(C)COCOOOO
CC(C)COOC(O)(O)O
CC(C)COOC(O)OO
CC(C)COOCOOO
CC(C)COOOC(O)O
CC(C)COOOCOO
CC(C)COOOOCO
CC(C)OC(C)(O)OOO
CC(C)OC(C)(OO)OO
CC(C)OC(C)OOOO
CC(C)OC(CO)OOO
CC(C)OC(O)(O)C(O)O
CC(C)OC(O)(O)COO
CC(C)OC(O)(O)OCO
CC(C)OC(O)(OO)CO
CC(C)OC(O)C(O)(O)O
CC(C)OC(O)C(O)OO
CC(C)OC(O)COOO
CC(C)OC(O)OC(O)O
CC(C)OC(O)OCOO
CC(C)OC(O)OOCO
CC(C)OC(OC)OOO
CC(C)OC(OO)C(O)O
CC(C)OC(OO)COO
CC(C)OC(OO)OCO
CC(C)OCC(O)(O)OO
CC(C)OCC(O)OOO
CC(C)OCC(OO)OO
CC(C)OCCOOOO
CC(C)OCOC(O)(O)O
CC(C)OCOC(O)OO
CC(C)OCOCOOO
CC(C)OCOOC(O)O
CC(C)OCOOCOO
CC(C)OCOOOCO
CC(C)OOC(C)(O)OO
CC(C)OOC(C)OOO
CC(C)OOC(O)(O)CO
CC(C)OOC(O)C(O)O
CC(C)OOC(O)COO
CC(C)OOC(O)OCO
CC(C)OOC(OO)CO
CC(C)OOCC(O)(O)O
CC(C)OOCC(O)OO
CC(C)OOCCOOO
CC(C)OOCOC(O)O
CC(C)OOCOCOO
CC(C)OOCOOCO
CC(C)OOOC(C)OO
CC(C)OOOC(O)(O)C
CC(C)OOOC(O)CO
CC(C)OOOCC(O)O
CC(C)OOOCCOO
CC(C)OOOCOCO
CC(C)OOOOCCO
CC(O)(O)C(C(O)O)CO
CC(O)(O)C(C)(C)OOO
CC(O)(O)C(C)(O)C(O)O
CC(O)(O)C(C)(O)COO
CC(O)(O)C(C)(O)OCO
CC(O)(O)C(C)(OO)CO
CC(O)(O)C(C)C(O)(O)O
CC(O)(O)C(C)C(O)OO
CC(O)(O)C(C)COOO
CC(O)(O)C(C)OC(O)O
CC(O)(O)C(C)OCOO
CC(O)(O)C(C)OOCO
CC(O)(O)C(CO)(O)CO
CC(O)(O)C(CO)COO
CC(O)(O)C(CO)OCO
CC(O)(O)C(O)(O)CCO
CC(O)(O)C(O)C(C)OO
CC(O)(O)C(O)C(O)(O)C
CC(O)(O)C(O)C(O)CO
CC(O)(O)C(O)CC(O)O
CC(O)(O)C(O)CCOO
CC(O)(O)C(O)COCO
CC(O)(O)C(O)OCCO
CC(O)(O)C(OO)CCO
CC(O)(O)CC(C)(O)OO
CC(O)(O)CC(C)OOO
CC(O)(O)CC(O)(O)CO
CC(O)(O)CC(O)C(O)O
CC(O)(O)CC(O)COO
CC(O)(O)CC(O)OCO
CC(O)(O)CC(OO)CO
CC(O)(O)CCC(O)(O)O
CC(O)(O)CCC(O)OO
CC(O)(O)CCCOOO
CC(O)(O)CCOC(O)O
CC(O)(O)CCOCOO
CC(O)(O)CCOOCO
CC(O)(O)COC(C)OO
CC(O)(O)COC(O)CO
CC(O)(O)COCC(O)O
CC(O)(O)COCCOO
CC(O)(O)COCOCO
CC(O)(O)COOCCO
CC(O)(O)OC(C)(C)OO
CC(O)(O)OC(C)(O)CO
CC(O)(O)OC(C)C(O)O
CC(O)(O)OC(C)COO
CC(O)(O)OC(C)OCO
CC(O)(O)OC(CO)CO
CC(O)(O)OC(O)CCO
CC(O)(O)OCC(C)OO
CC(O)(O)OCC(O)(O)C
CC(O)(O)OCC(O)CO
CC(O)(O)OCCC(O)O
CC(O)(O)OCCCOO
CC(O)(O)OCCOCO
CC(O)(O)OCOCCO
CC(O)(O)OOC(C)(O)C
CC(O)(O)OOC(C)CO
CC(O)(O)OOCCCO
CC(O)C(C(O)(O)O)CO
CC(O)C(C(O)C)OOO
CC(O)C(C(O)O)(O)CO
CC(O)C(C(O)O)C(O)O
CC(O)C(C(O)O)COO
CC(O)C(C(O)O)OCO
CC(O)C(C)(C)OOOO
CC(O)C(C)(CO)OOO
CC(O)C(C)(O)C(O)(O)O
CC(O)C(C)(O)C(O)OO
CC(O)C(C)(O)COOO
CC(O)C(C)(O)OC(O)O
CC(O)C(C)(O)OCOO
CC(O)C(C)(O)OOCO
CC(O)C(C)(OO)C(O)O
CC(O)C(C)(OO)COO
CC(O)C(C)(OO)OCO
CC(O)C(C)C(O)(O)OO
CC(O)C(C)C(O)OOO
CC(O)C(C)C(OO)OO
CC(O)C(C)COOOO
CC(O)C(C)OC(O)(O)O
CC(O)C(C)OC(O)OO
CC(O)C(C)OCOOO
CC(O)C(C)OOC(O)O
CC(O)C(C)OOCOO
CC(O)C(C)OOOCO
CC(O)C(CO)(O)COO
CC(O)C(CO)(O)OCO
CC(O)C(CO)(OO)CO
CC(O)C(CO)C(O)OO
CC(O)C(CO)COOO
CC(O)C(CO)OC(O)O
CC(O)C(CO)OCOO
CC(O)C(CO)OOCO
CC(O)C(O)(O)C(C)OO
CC(O)C(O)(O)C(O)(O)C
CC(O)C(O)(O)C(O)CO
CC(O)C(O)(O)CC(O)O
CC(O)C(O)(O)CCOO
CC(O)C(O)(O)COCO
CC(O)C(O)(O)OCCO
CC(O)C(O)(OO)C(O)C
CC(O)C(O)(OO)CCO
CC(O)C(O)C(C)(O)OO
CC(O)C(O)C(C)OOO
CC(O)C(O)C(O)(O)CO
CC(O)C(O)C(O)C(O)O
CC(O)C(O)C(O)COO
CC(O)C(O)C(O)OCO
CC(O)C(O)C(OO)CO
CC(O)C(O)CC(O)(O)O
CC(O)C(O)CC(O)OO
CC(O)C(O)CCOOO
CC(O)C(O)COC(O)O
CC(O)C(O)COCOO
CC(O)C(O)COOCO
CC(O)C(O)OC(C)OO
CC(O)C(O)OC(O)(O)C
CC(O)C(O)OC(O)CO
CC(O)C(O)OCC(O)O
CC(O)C(O)OCCOO
CC(O)C(O)OCOCO
CC(O)C(O)OOCCO
CC(O)C(OO)C(C)OO
CC(O)C(OO)C(O)(O)C
CC(O)C(OO)C(O)CO
CC(O)C(OO)CC(O)O
CC(O)C(OO)CCOO
CC(O)C(OO)COCO
CC(O)C(OO)OCCO
CC(O)CC(C)(O)OOO
CC(O)CC(C)(OO)OO
CC(O)CC(C)OOOO
CC(O)CC(CO)OOO
CC(O)CC(O)(O)C(O)O
CC(O)CC(O)(O)COO
CC(O)CC(O)(O)OCO
CC(O)CC(O)(OO)CO
CC(O)CC(O)C(O)(O)O
CC(O)CC(O)C(O)OO
CC(O)CC(O)COOO
CC(O)CC(O)OC(O)O
CC(O)CC(O)OCOO
CC(O)CC(O)OOCO
CC(O)CC(OC)OOO
CC(O)CC(OO)C(O)O
CC(O)CC(OO)COO
CC(O)CC(OO)OCO
CC(O)CCC(O)(O)OO
CC(O)CCC(O)OOO
CC(O)CCC(OO)OO
CC(O)CCCOOOO
CC(O)CCOC(O)(O)O
CC(O)CCOC(O)OO
CC(O)CCOCOOO
CC(O)CCOOC(O)O
CC(O)CCOOCOO
CC(O)CCOOOCO
CC(O)COC(C)(O)OO
CC(O)COC(C)OOO
CC(O)COC(O)(O)CO
CC(O)COC(O)C(O)O
CC(O)COC(O)COO
CC(O)COC(O)OCO
CC(O)COC(OO)CO
CC(O)COCC(O)(O)O
CC(O)COCC(O)OO
CC(O)COCCOOO
CC(O)COCOC(O)O
CC(O)COCOCOO
CC(O)COCOOCO
CC(O)COOC(C)OO
CC(O)COOC(O)(O)C
CC(O)COOC(O)CO
CC(O)COOCC(O)O
CC(O)COOCCOO
CC(O)COOCOCO
CC(O)COOOCCO
CC(O)OC(C(O)O)CO
CC(O)OC(C)(C)OOO
CC(O)OC(C)(O)C(O)O
CC(O)OC(C)(O)COO
CC(O)OC(C)(O)OCO
CC(O)OC(C)(OO)CO
CC(O)OC(C)C(O)(O)O
CC(O)OC(C)C(O)OO
CC(O)OC(C)COOO
CC(O)OC(C)OC(O)O
CC(O)OC(C)OCOO
CC(O)OC(C)OOCO
CC(O)OC(CC)OOO
CC(O)OC(CO)(O)CO
CC(O)OC(CO)COO
CC(O)OC(CO)OCO
CC(O)OC(O)(O)C(O)C
CC(O)OC(O)(O)CCO
CC(O)OC(O)C(C)OO
CC(O)OC(O)C(O)(O)C
CC(O)OC(O)C(O)CO
CC(O)OC(O)CC(O)O
CC(O)OC(O)CCOO
CC(O)OC(O)COCO
CC(O)OC(O)OC(O)C
CC(O)OC(O)OCCO
CC(O)OC(OC)COO
CC(O)OC(OC)OCO
CC(O)OC(OO)C(O)C
CC(O)OC(OO)CCO
CC(O)OCC(C)(O)OO
CC(O)OCC(C)OOO
CC(O)OCC(O)(O)CO
CC(O)OCC(O)C(O)O
CC(O)OCC(O)COO
CC(O)OCC(O)OCO
CC(O)OCC(OO)CO
CC(O)OCCC(O)(O)O
CC(O)OCCC(O)OO
CC(O)OCCCOOO
CC(O)OCCOC(O)O
CC(O)OCCOCOO
CC(O)OCCOOCO
CC(O)OCOC(C)OO
CC(O)OCOC(O)(O)C
CC(O)OCOC(O)CO
CC(O)OCOCC(O)O
CC(O)OCOCCOO
CC(O)OCOCOCO
CC(O)OCOOCCO
CC(O)OOC(C)(C)OO
CC(O)OOC(C)(O)CO
CC(O)OOC(C)C(O)O
CC(O)OOC(C)COO
CC(O)OOC(C)OCO
CC(O)OOC(CO)CO
CC(O)OOC(O)C(O)C
CC(O)OOC(O)CCO
CC(O)OOCC(C)OO
CC(O)OOCC(O)(O)C
CC(O)OOCC(O)CO
CC(O)OOCCC(O)O
CC(O)OOCCCOO
CC(O)OOCCOCO
CC(O)OOCOC(O)C
CC(O)OOCOCCO
CC(O)OOOC(C)(O)C
CC(O)OOOC(C)CO
CC(O)OOOCC(O)C
CC(O)OOOCCCO
CC(O)OOOOC(C)C
CCC(C(O)(O)C)OOO
CCC(C(O)(O)O)(O)CO
CCC(C(O)(O)O)C(O)O
CCC(C(O)(O)O)COO
CCC(C(O)(O)O)OCO
CCC(C(O)C)(O)OOO
CCC(C(O)C)OOOO
CCC(C(O)O)(O)C(O)O
CCC(C(O)O)(O)COO
CCC(C(O)O)(O)OCO
CCC(C(O)O)(OO)CO
CCC(C(O)O)C(O)OO
CCC(C(O)O)COOO
CCC(C(O)O)OC(O)O
CCC(C(O)O)OCOO
CCC(C(O)O)OOCO
CCC(C)(C(O)O)OOO
CCC(C)(C)OOOOO
CCC(C)(CO)OOOO
CCC(C)(O)C(O)(O)OO
CCC(C)(O)C(O)OOO
CCC(C)(O)C(OO)OO
CCC(C)(O)COOOO
CCC(C)(O)OC(O)(O)O
CCC(C)(O)OC(O)OO
CCC(C)(O)OCOOO
CCC(C)(O)OOC(O)O
CCC(C)(O)OOCOO
CCC(C)(O)OOOCO
CCC(C)(OO)C(O)(O)O
CCC(C)(OO)C(O)OO
CCC(C)(OO)COOO
CCC(C)(OO)OC(O)O
CCC(C)(OO)OCOO
CCC(C)(OO)OOCO
CCC(C)C(O)(O)OOO
CCC(C)C(O)(OO)OO
CCC(C)C(O)OOOO
CCC(C)C(OO)OOO
CCC(C)COOOOO
CCC(C)OC(O)(O)OO
CCC(C)OC(O)OOO
CCC(C)OC(OO)OO
CCC(C)OCOOOO
CCC(C)OOC(O)(O)O
CCC(C)OOC(O)OO
CCC(C)OOCOOO
CCC(C)OOOC(O)O
CCC(C)OOOCOO
CCC(C)OOOOCO
CCC(CC)(O)OOOO
CCC(CC)(OO)OOO
CCC(CC)OOOOO
CCC(CO)(CO)OOO
CCC(CO)(O)C(O)OO
CCC(CO)(O)COOO
CCC(CO)(O)OC(O)O
CCC(CO)(O)OCOO
CCC(CO)(O)OOCO
CCC(CO)(OO)COO
CCC(CO)(OO)OCO
CCC(CO)C(O)(O)OO
CCC(CO)C(O)OOO
CCC(CO)C(OO)OO
CCC(CO)COOOO
CCC(CO)OC(O)(O)O
CCC(CO)OC(O)OO
CCC(CO)OCOOO
CCC(CO)OOC(O)O
CCC(CO)OOCOO
CCC(CO)OOOCO
CCC(O)(O)C(C)(O)OO
CCC(O)(O)C(C)OOO
CCC(O)(O)C(O)(O)CO
CCC(O)(O)C(O)C(O)O
CCC(O)(O)C(O)COO
CCC(O)(O)C(O)OCO
CCC(O)(O)C(OO)CO
CCC(O)(O)CC(O)(O)O
CCC(O)(O)CC(O)OO
CCC(O)(O)CCOOO
CCC(O)(O)COC(O)O
CCC(O)(O)COCOO
CCC(O)(O)COOCO
CCC(O)(O)OC(C)OO
CCC(O)(O)OC(O)(O)C
CCC(O)(O)OC(O)CO
CCC(O)(O)OCC(O)O
CCC(O)(O)OCCOO
CCC(O)(O)OCOCO
CCC(O)(O)OOC(O)C
CCC(O)(O)OOCCO
CCC(O)(OO)C(C)OO
CCC(O)(OO)C(O)(O)C
CCC(O)(OO)C(O)CO
CCC(O)(OO)CC(O)O
CCC(O)(OO)CCOO
CCC(O)(OO)COCO
CCC(O)(OO)OC(O)C
CCC(O)(OO)OCCO
CCC(O)C(C)(O)OOO
CCC(O)C(C)(OO)OO
CCC(O)C(C)OOOO
CCC(O)C(CO)OOO
CCC(O)C(O)(O)C(O)O
CCC(O)C(O)(O)COO
CCC(O)C(O)(O)OCO
CCC(O)C(O)(OO)CO
CCC(O)C(O)C(O)(O)O
CCC(O)C(O)C(O)OO
CCC(O)C(O)COOO
CCC(O)C(O)OC(O)O
CCC(O)C(O)OCOO
CCC(O)C(O)OOCO
CCC(O)C(OC)OOO
CCC(O)C(OO)C(O)O
CCC(O)C(OO)COO
CCC(O)C(OO)OCO
CCC(O)CC(O)(O)OO
CCC(O)CC(O)OOO
CCC(O)CC(OO)OO
CCC(O)CCOOOO
CCC(O)COC(O)(O)O
CCC(O)COC(O)OO
CCC(O)COCOOO
CCC(O)COOC(O)O
CCC(O)COOCOO
CCC(O)COOOCO
CCC(O)OC(C)(O)OO
CCC(O)OC(C)OOO
CCC(O)OC(O)(O)CO
CCC(O)OC(O)C(O)O
CCC(O)OC(O)COO
CCC(O)OC(O)OCO
CCC(O)OC(OO)CO
CCC(O)OCC(O)(O)O
CCC(O)OCC(O)OO
CCC(O)OCCOOO
CCC(O)OCOC(O)O
CCC(O)OCOCOO
CCC(O)OCOOCO
CCC(O)OOC(C)OO
CCC(O)OOC(O)(O)C
CCC(O)OOC(O)CO
CCC(O)OOCC(O)O
CCC(O)OOCCOO
CCC(O)OOCOCO
CCC(O)OOOC(O)C
CCC(O)OOOCCO
CCC(OO)(OO)C(O)C
CCC(OO)(OO)CCO
CCC(OO)C(C)(O)OO
CCC(OO)C(C)OOO
CCC(OO)C(O)(O)CO
CCC(OO)C(O)C(O)O
CCC(OO)C(O)COO
CCC(OO)C(O)OCO
CCC(OO)C(OO)CO
CCC(OO)CC(O)(O)O
CCC(OO)CC(O)OO
CCC(OO)CCOOO
CCC(OO)COC(O)O
CCC(OO)COCOO
CCC(OO)COOCO
CCC(OO)OC(C)OO
CCC(OO)OC(O)(O)C
CCC(OO)OC(O)CO
CCC(OO)OCC(O)O
CCC(OO)OCCOO
CCC(OO)OCOCO
CCC(OO)OOC(O)C
CCC(OO)OOCCO
CCCC(C(O)O)OOO
CCCC(C)(O)OOOO
CCCC(C)(OO)OOO
CCCC(C)OOOOO
CCCC(CO)(O)OOO
CCCC(CO)OOOO
CCCC(O)(O)C(O)(O)O
CCCC(O)(O)C(O)OO
CCCC(O)(O)COOO
CCCC(O)(O)OC(O)O
CCCC(O)(O)OCOO
CCCC(O)(O)OOCO
CCCC(O)(OC)OOO
CCCC(O)(OO)C(O)O
CCCC(O)(OO)COO
CCCC(O)(OO)OCO
CCCC(O)C(O)(O)OO
CCCC(O)C(O)OOO
CCCC(O)C(OO)OO
CCCC(O)COOOO
CCCC(O)OC(O)(O)O
CCCC(O)OC(O)OO
CCCC(O)OCOOO
CCCC(O)OOC(O)O
CCCC(O)OOCOO
CCCC(O)OOOCO
CCCC(OC)OOOO
CCCC(OO)(OO)CO
CCCC(OO)C(O)(O)O
CCCC(OO)C(O)OO
CCCC(OO)COOO
CCCC(OO)OC(O)O
CCCC(OO)OCOO
CCCC(OO)OOCO
CCCC(OOO)COO
CCCC(OOO)OCO
CCCCC(O)(O)OOO
CCCCC(O)(OO)OO
CCCCC(O)OOOO
CCCCC(OO)OOO
CCCCCOOOOO
CCCCOC(O)(O)OO
CCCCOC(O)OOO
CCCCOC(OO)OO
CCCCOCOOOO
CCCCOOC(O)(O)O
CCCCOOC(O)OO
CCCCOOCOOO
CCCCOOOC(O)O
CCCCOOOCOO
CCCCOOOOCO
CCCOC(C)(O)OOO
CCCOC(C)(OO)OO
CCCOC(C)OOOO
CCCOC(CO)OOO
CCCOC(O)(O)C(O)O
CCCOC(O)(O)COO
CCCOC(O)(O)OCO
CCCOC(O)(OO)CO
CCCOC(O)C(O)(O)O
CCCOC(O)C(O)OO
CCCOC(O)COOO
CCCOC(O)OC(O)O
CCCOC(O)OCOO
CCCOC(O)OOCO
CCCOC(OC)OOO
CCCOC(OO)C(O)O
CCCOC(OO)COO
CCCOC(OO)OCO
CCCOCC(O)(O)OO
CCCOCC(O)OOO
CCCOCC(OO)OO
CCCOCCOOOO
CCCOCOC(O)(O)O
CCCOCOC(O)OO
CCCOCOCOOO
CCCOCOOC(O)O
CCCOCOOCOO
CCCOCOOOCO
CCCOOC(C)(O)OO
CCCOOC(C)OOO
CCCOOC(O)(O)CO
CCCOOC(O)C(O)O
CCCOOC(O)COO
CCCOOC(O)OCO
CCCOOC(OO)CO
CCCOOCC(O)(O)O
CCCOOCC(O)OO
CCCOOCCOOO
CCCOOCOC(O)O
CCCOOCOCOO
CCCOOCOOCO
CCCOOOC(C)OO
CCCOOOC(O)(O)C
CCCOOOC(O)CO
CCCOOOCC(O)O
CCCOOOCCOO
CCCOOOCOCO
CCCOOOOC(O)C
CCCOOOOCCO
CCOC(C(O)(O)O)CO
CCOC(C(O)C)OOO
CCOC(C(O)O)(O)CO
CCOC(C(O)O)C(O)O
CCOC(C(O)O)COO
CCOC(C(O)O)OCO
CCOC(C)(C)OOOO
CCOC(C)(CO)OOO
CCOC(C)(O)C(O)(O)O
CCOC(C)(O)C(O)OO
CCOC(C)(O)COOO
CCOC(C)(O)OC(O)O
CCOC(C)(O)OCOO
CCOC(C)(O)OOCO
CCOC(C)(OC)OOO
CCOC(C)(OO)C(O)O
CCOC(C)(OO)COO
CCOC(C)(OO)OCO
CCOC(C)C(O)(O)OO
CCOC(C)C(O)OOO
CCOC(C)C(OO)OO
CCOC(C)COOOO
CCOC(C)OC(O)(O)O
CCOC(C)OC(O)OO
CCOC(C)OCOOO
CCOC(C)OOC(O)O
CCOC(C)OOCOO
CCOC(C)OOOCO
CCOC(CC)(O)OOO
CCOC(CC)OOOO
CCOC(CO)(O)COO
CCOC(CO)(O)OCO
CCOC(CO)(OO)CO
CCOC(CO)C(O)OO
CCOC(CO)COOO
CCOC(CO)OC(O)O
CCOC(CO)OCOO
CCOC(CO)OOCO
CCOC(COO)COO
CCOC(O)(O)C(C)OO
CCOC(O)(O)C(O)(O)C
CCOC(O)(O)C(O)CO
CCOC(O)(O)CC(O)O
CCOC(O)(O)CCOO
CCOC(O)(O)COCO
CCOC(O)(O)OC(O)C
CCOC(O)(O)OCCO
CCOC(O)(OC)COO
CCOC(O)(OC)OCO
CCOC(O)(OO)C(O)C
CCOC(O)(OO)CCO
CCOC(O)(OO)OCC
CCOC(O)C(C)(O)OO
CCOC(O)C(C)OOO
CCOC(O)C(O)(O)CO
CCOC(O)C(O)C(O)O
CCOC(O)C(O)COO
CCOC(O)C(O)OCO
CCOC(O)C(OO)CO
CCOC(O)CC(O)(O)O
CCOC(O)CC(O)OO
CCOC(O)CCOOO
CCOC(O)COC(O)O
CCOC(O)COCOO
CCOC(O)COOCO
CCOC(O)OC(C)OO
CCOC(O)OC(O)(O)C
CCOC(O)OC(O)CO
CCOC(O)OCC(O)O
CCOC(O)OCCOO
CCOC(O)OCOCO
CCOC(O)OOC(O)C
CCOC(O)OOCCO
CCOC(OC)C(O)OO
CCOC(OC)COOO
CCOC(OC)OC(O)O
CCOC(OC)OCOO
CCOC(OC)OOCO
CCOC(OCO)COO
CCOC(OCO)OCO
CCOC(OO)(OO)CC
CCOC(OO)C(C)OO
CCOC(OO)C(O)(O)C
CCOC(OO)C(O)CO
CCOC(OO)CC(O)O
CCOC(OO)CCOO
CCOC(OO)COCO
CCOC(OO)OC(O)C
CCOC(OO)OCCO
CCOC(OOO)CCO
CCOC(OOO)OCC
CCOCC(C)(O)OOO
CCOCC(C)(OO)OO
CCOCC(C)OOOO
CCOCC(CO)OOO
CCOCC(O)(O)C(O)O
CCOCC(O)(O)COO
CCOCC(O)(O)OCO
CCOCC(O)(OO)CO
CCOCC(O)C(O)(O)O
CCOCC(O)C(O)OO
CCOCC(O)COOO
CCOCC(O)OC(O)O
CCOCC(O)OCOO
CCOCC(O)OOCO
CCOCC(OC)OOO
CCOCC(OO)C(O)O
CCOCC(OO)COO
CCOCC(OO)OCO
CCOCCC(O)(O)OO
CCOCCC(O)OOO
CCOCCC(OO)OO
CCOCCCOOOO
CCOCCOC(O)(O)O
CCOCCOC(O)OO
CCOCCOCOOO
CCOCCOOC(O)O
CCOCCOOCOO
CCOCCOOOCO
CCOCOC(C)(O)OO
CCOCOC(C)OOO
CCOCOC(O)(O)CO
CCOCOC(O)C(O)O
CCOCOC(O)COO
CCOCOC(O)OCO
CCOCOC(OO)CO
CCOCOCC(O)(O)O
CCOCOCC(O)OO
CCOCOCCOOO
CCOCOCOC(O)O
CCOCOCOCOO
CCOCOCOOCO
CCOCOOC(C)OO
CCOCOOC(O)(O)C
CCOCOOC(O)CO
CCOCOOCC(O)O
CCOCOOCCOO
CCOCOOCOCO
CCOCOOOC(O)C
CCOCOOOCCO
CCOOC(C(O)O)CO
CCOOC(C)(C)OOO
CCOOC(C)(O)C(O)O
CCOOC(C)(O)COO
CCOOC(C)(O)OCO
CCOOC(C)(OO)CO
CCOOC(C)C(O)(O)O
CCOOC(C)C(O)OO
CCOOC(C)COOO
CCOOC(C)OC(O)O
CCOOC(C)OCOO
CCOOC(C)OOCO
CCOOC(CC)OOO
CCOOC(CO)(O)CO
CCOOC(CO)COO
CCOOC(CO)OCO
CCOOC(O)(O)C(O)C
CCOOC(O)(O)CCO
CCOOC(O)(O)OCC
CCOOC(O)(OO)CC
CCOOC(O)C(C)OO
CCOOC(O)C(O)(O)C
CCOOC(O)C(O)CO
CCOOC(O)CC(O)O
CCOOC(O)CCOO
CCOOC(O)COCO
CCOOC(O)OC(O)C
CCOOC(O)OCCO
CCOOC(O)OOCC
CCOOC(OC)COO
CCOOC(OC)OCO
CCOOC(OO)C(O)C
CCOOC(OO)CCO
CCOOC(OO)OCC
CCOOCC(C)(O)OO
CCOOCC(C)OOO
CCOOCC(O)(O)CO
CCOOCC(O)C(O)O
CCOOCC(O)COO
CCOOCC(O)OCO
CCOOCC(OO)CO
CCOOCCC(O)(O)O
CCOOCCC(O)OO
CCOOCCCOOO
CCOOCCOC(O)O
CCOOCCOCOO
CCOOCCOOCO
CCOOCOC(C)OO
CCOOCOC(O)(O)C
CCOOCOC(O)CO
CCOOCOCC(O)O
CCOOCOCCOO
CCOOCOCOCO
CCOOCOOC(O)C
CCOOCOOCCO
CCOOOC(C)(C)OO
CCOOOC(C)(O)CO
CCOOOC(C)C(O)O
CCOOOC(C)COO
CCOOOC(C)OCO
CCOOOC(CO)CO
CCOOOC(O)(O)CC
CCOOOC(O)C(O)C
CCOOOC(O)CCO
CCOOOC(O)OCC
CCOOOC(OO)CC
CCOOOCC(C)OO
CCOOOCC(O)(O)C
CCOOOCC(O)CO
CCOOOCCC(O)O
CCOOOCCCOO
CCOOOCCOCO
CCOOOCOC(O)C
CCOOOCOCCO
CCOOOCOOCC
CCOOOOC(C)(O)C
CCOOOOC(C)CO
CCOOOOC(O)CC
CCOOOOCC(O)C
CCOOOOCCCO
CCOOOOCOCC
CCOOOOOC(C)C
CCOOOOOCCC
COC(C(C)(O)C)OOO
COC(C(C)C)(O)OOO
COC(C(C)C)OOOO
COC(C(O)(O)C)(O)CO
COC(C(O)(O)C)C(O)O
COC(C(O)(O)C)COO
COC(C(O)(O)C)OCO
COC(C(O)(O)O)(O)CC
COC(C(O)(O)O)C(O)C
COC(C(O)(O)O)CCO
COC(C(O)(O)O)OCC
COC(C(O)C)(O)COO
COC(C(O)C)(O)OCO
COC(C(O)C)(OO)CO
COC(C(O)C)C(O)OO
COC(C(O)C)COOO
COC(C(O)C)OC(O)O
COC(C(O)C)OCOO
COC(C(O)C)OOCO
COC(C(O)O)(O)C(O)C
COC(C(O)O)(O)CCO
COC(C(O)O)(O)OCC
COC(C(O)O)(OC)CO
COC(C(O)O)(OO)CC
COC(C(O)O)C(C)OO
COC(C(O)O)C(O)CO
COC(C(O)O)C(O)OC
COC(C(O)O)CC(O)O
COC(C(O)O)CCOO
COC(C(O)O)COCO
COC(C(O)O)OC(O)C
COC(C(O)O)OCCO
COC(C(O)O)OOCC
COC(C)(C(O)(O)O)CO
COC(C)(C(O)C)OOO
COC(C)(C(O)O)C(O)O
COC(C)(C(O)O)COO
COC(C)(C(O)O)OCO
COC(C)(C)C(O)(O)OO
COC(C)(C)C(O)OOO
COC(C)(C)C(OO)OO
COC(C)(C)COOOO
COC(C)(C)OC(O)(O)O
COC(C)(C)OC(O)OO
COC(C)(C)OCOOO
COC(C)(C)OOC(O)O
COC(C)(C)OOCOO
COC(C)(C)OOOCO
COC(C)(CC)OOOO
COC(C)(CO)C(O)OO
COC(C)(CO)COOO
COC(C)(CO)OC(O)O
COC(C)(CO)OCOO
COC(C)(CO)OOCO
COC(C)(O)C(C)(O)OO
COC(C)(O)C(C)OOO
COC(C)(O)C(O)(O)CO
COC(C)(O)C(O)(O)OC
COC(C)(O)C(O)C(O)O
COC(C)(O)C(O)COO
COC(C)(O)C(O)OCO
COC(C)(O)C(OO)CO
COC(C)(O)CC(O)(O)O
COC(C)(O)CC(O)OO
COC(C)(O)CCOOO
COC(C)(O)COC(O)O
COC(C)(O)COCOO
COC(C)(O)COOCO
COC(C)(O)OC(C)OO
COC(C)(O)OC(O)(O)C
COC(C)(O)OC(O)CO
COC(C)(O)OCC(O)O
COC(C)(O)OCCOO
COC(C)(O)OCOCO
COC(C)(O)OOC(O)C
COC(C)(O)OOCCO
COC(C)(O)OOOCC
COC(C)(OC)C(O)(O)O
COC(C)(OC)C(O)OO
COC(C)(OC)COOO
COC(C)(OC)OC(O)O
COC(C)(OC)OCOO
COC(C)(OC)OOCO
COC(C)(OO)C(C)OO
COC(C)(OO)C(O)(O)C
COC(C)(OO)C(O)CO
COC(C)(OO)CC(O)O
COC(C)(OO)CCOO
COC(C)(OO)COCO
COC(C)(OO)OC(O)C
COC(C)(OO)OCCO
COC(C)(OO)OOCC
COC(C)C(C)(O)OOO
COC(C)C(C)(OO)OO
COC(C)C(C)OOOO
COC(C)C(CO)OOO
COC(C)C(O)(O)C(O)O
COC(C)C(O)(O)COO
COC(C)C(O)(O)OCO
COC(C)C(O)(OO)CO
COC(C)C(O)(OO)OC
COC(C)C(O)C(O)(O)O
COC(C)C(O)C(O)OO
COC(C)C(O)COOO
COC(C)C(O)OC(O)O
COC(C)C(O)OCOO
COC(C)C(O)OOCO
COC(C)C(OC)OOO
COC(C)C(OO)C(O)O
COC(C)C(OO)COO
COC(C)C(OO)OCO
COC(C)CC(O)(O)OO
COC(C)CC(O)OOO
COC(C)CC(OO)OO
COC(C)CCOOOO
COC(C)COC(O)(O)O
COC(C)COC(O)OO
COC(C)COCOOO
COC(C)COOC(O)O
COC(C)COOCOO
COC(C)COOOCO
COC(C)OC(C)(O)OO
COC(C)OC(C)OOO
COC(C)OC(O)(O)CO
COC(C)OC(O)(O)OC
COC(C)OC(O)C(O)O
COC(C)OC(O)COO
COC(C)OC(O)OCO
COC(C)OC(OO)CO
COC(C)OCC(O)(O)O
COC(C)OCC(O)OO
COC(C)OCCOOO
COC(C)OCOC(O)O
COC(C)OCOCOO
COC(C)OCOOCO
COC(C)OOC(C)OO
COC(C)OOC(O)(O)C
COC(C)OOC(O)CO
COC(C)OOCC(O)O
COC(C)OOCCOO
COC(C)OOCOCO
COC(C)OOOC(O)C
COC(C)OOOCCO
COC(C)OOOOCC
COC(CC)(CO)OOO
COC(CC)(O)C(O)OO
COC(CC)(O)COOO
COC(CC)(O)OC(O)O
COC(CC)(O)OCOO
COC(CC)(O)OOCO
COC(CC)(OC)OOO
COC(CC)(OO)COO
COC(CC)(OO)OCO
COC(CC)C(O)(O)OO
COC(CC)C(O)OOO
COC(CC)C(OO)OO
COC(CC)COOOO
COC(CC)OC(O)(O)O
COC(CC)OC(O)OO
COC(CC)OCOOO
COC(CC)OOC(O)O
COC(CC)OOCOO
COC(CC)OOOCO
COC(CO)(C(O)O)CO
COC(CO)(CO)COO
COC(CO)(CO)OCO
COC(CO)(O)C(C)OO
COC(CO)(O)C(O)CO
COC(CO)(O)CC(O)O
COC(CO)(O)CCOO
COC(CO)(O)COCO
COC(CO)(O)OC(O)C
COC(CO)(O)OCCO
COC(CO)(O)OOCC
COC(CO)(OC)COO
COC(CO)(OC)OCO
COC(CO)(OO)CCO
COC(CO)(OO)OCC
COC(CO)C(C)(O)OO
COC(CO)C(C)OOO
COC(CO)C(O)(O)CO
COC(CO)C(O)(O)OC
COC(CO)C(O)C(O)O
COC(CO)C(O)COO
COC(CO)C(O)OCO
COC(CO)C(OO)CO
COC(CO)C(OO)OC
COC(CO)CC(O)(O)O
COC(CO)CC(O)OO
COC(CO)CCOOO
COC(CO)COC(O)O
COC(CO)COCOO
COC(CO)COOCO
COC(CO)OC(C)OO
COC(CO)OC(O)(O)C
COC(CO)OC(O)CO
COC(CO)OCC(O)O
COC(CO)OCCOO
COC(CO)OCOCO
COC(CO)OOC(O)C
COC(CO)OOCCO
COC(CO)OOOCC
COC(O)(O)C(C)(C)OO
COC(O)(O)C(C)(O)CO
COC(O)(O)C(C)C(O)O
COC(O)(O)C(C)COO
COC(O)(O)C(C)OCO
COC(O)(O)C(CO)CO
COC(O)(O)C(O)(O)CC
COC(O)(O)C(O)C(O)C
COC(O)(O)C(O)CCO
COC(O)(O)C(O)OCC
COC(O)(O)C(OO)CC
COC(O)(O)CC(C)OO
COC(O)(O)CC(O)(O)C
COC(O)(O)CC(O)CO
COC(O)(O)CCC(O)O
COC(O)(O)CCCOO
COC(O)(O)CCOCO
COC(O)(O)COC(O)C
COC(O)(O)COCCO
COC(O)(O)COOCC
COC(O)(O)OC(C)(O)C
COC(O)(O)OC(C)CO
COC(O)(O)OC(O)CC
COC(O)(O)OCC(O)C
COC(O)(O)OCCCO
COC(O)(O)OCOCC
COC(O)(O)OOC(C)C
COC(O)(O)OOCCC
COC(O)(OC)C(C)OO
COC(O)(OC)C(O)(O)C
COC(O)(OC)C(O)CO
COC(O)(OC)CC(O)O
COC(O)(OC)CCOO
COC(O)(OC)COCO
COC(O)(OC)OC(O)C
COC(O)(OC)OCCO
COC(O)(OC)OOCC
COC(O)(OO)C(C)(O)C
COC(O)(OO)C(C)CO
COC(O)(OO)C(O)CC
COC(O)(OO)CC(O)C
COC(O)(OO)CCCO
COC(O)(OO)COCC
COC(O)(OO)OC(C)C
COC(O)(OO)OCCC
COC(O)C(C(O)O)CO
COC(O)C(C)(C)OOO
COC(O)C(C)(O)C(O)O
COC(O)C(C)(O)COO
COC(O)C(C)(O)OCO
COC(O)C(C)(OO)CO
COC(O)C(C)(OO)OC
COC(O)C(C)C(O)(O)O
COC(O)C(C)C(O)OO
COC(O)C(C)COOO
COC(O)C(C)OC(O)O
COC(O)C(C)OCOO
COC(O)C(C)OOCO
COC(O)C(CC)OOO
COC(O)C(CO)(O)CO
COC(O)C(CO)COO
COC(O)C(CO)OCO
COC(O)C(O)(O)C(O)C
COC(O)C(O)(O)CCO
COC(O)C(O)(O)OCC
COC(O)C(O)(OC)CO
COC(O)C(O)(OC)OC
COC(O)C(O)(OO)CC
COC(O)C(O)C(C)OO
COC(O)C(O)C(O)(O)C
COC(O)C(O)C(O)CO
COC(O)C(O)C(O)OC
COC(O)C(O)CC(O)O
COC(O)C(O)CCOO
COC(O)C(O)COCO
COC(O)C(O)OC(O)C
COC(O)C(O)OCCO
COC(O)C(O)OOCC
COC(O)C(OC)COO
COC(O)C(OC)OCO
COC(O)C(OO)C(O)C
COC(O)C(OO)CCO
COC(O)C(OO)OCC
COC(O)CC(C)(O)OO
COC(O)CC(C)OOO
COC(O)CC(O)(O)CO
COC(O)CC(O)(O)OC
COC(O)CC(O)C(O)O
COC(O)CC(O)COO
COC(O)CC(O)OCO
COC(O)CC(OO)CO
COC(O)CCC(O)(O)O
COC(O)CCC(O)OO
COC(O)CCCOOO
COC(O)CCOC(O)O
COC(O)CCOCOO
COC(O)CCOOCO
COC(O)COC(C)OO
COC(O)COC(O)(O)C
COC(O)COC(O)CO
COC(O)COCC(O)O
COC(O)COCCOO
COC(O)COCOCO
COC(O)COOC(O)C
COC(O)COOCCO
COC(O)COOOCC
COC(O)OC(C)(C)OO
COC(O)OC(C)(O)CO
COC(O)OC(C)(O)OC
COC(O)OC(C)C(O)O
COC(O)OC(C)COO
COC(O)OC(C)OCO
COC(O)OC(CO)CO
COC(O)OC(O)(O)CC
COC(O)OC(O)C(O)C
COC(O)OC(O)CCO
COC(O)OC(O)OCC
COC(O)OC(OC)CO
COC(O)OC(OO)CC
COC(O)OCC(C)OO
COC(O)OCC(O)(O)C
COC(O)OCC(O)CO
COC(O)OCC(O)OC
COC(O)OCCC(O)O
COC(O)OCCCOO
COC(O)OCCOCO
COC(O)OCOC(O)C
COC(O)OCOCCO
COC(O)OCOOCC
COC(O)OOC(C)(O)C
COC(O)OOC(C)CO
COC(O)OOC(C)OC
COC(O)OOC(O)CC
COC(O)OOCC(O)C
COC(O)OOCCCO
COC(O)OOCOCC
COC(O)OOOC(C)C
COC(O)OOOCCC
COC(OC)(OC)C(O)O
COC(OC)(OC)COO
COC(OC)(OC)OCO
COC(OC)(OO)C(O)C
COC(OC)(OO)CCO
COC(OC)(OO)OCC
COC(OC)C(C)(O)OO
COC(OC)C(C)OOO
COC(OC)C(O)(O)CO
COC(OC)C(O)(O)OC
COC(OC)C(O)C(O)O
COC(OC)C(O)COO
COC(OC)C(O)OCO
COC(OC)C(OO)CO
COC(OC)CC(O)(O)O
COC(OC)CC(O)OO
COC(OC)CCOOO
COC(OC)COC(O)O
COC(OC)COCOO
COC(OC)COOCO
COC(OC)OC(C)OO
COC(OC)OC(O)(O)C
COC(OC)OC(O)CO
COC(OC)OC(O)OC
COC(OC)OCC(O)O
COC(OC)OCCOO
COC(OC)OCOCO
COC(OC)OOC(O)C
COC(OC)OOCCO
COC(OC)OOOCC
COC(OO)(OO)C(C)C
COC(OO)(OO)CCC
COC(OO)C(C)(C)OO
COC(OO)C(C)(O)CO
COC(OO)C(C)(O)OC
COC(OO)C(C)C(O)O
COC(OO)C(C)COO
COC(OO)C(C)OCO
COC(OO)C(CO)CO
COC(OO)C(O)(O)CC
COC(OO)C(O)C(O)C
COC(OO)C(O)CCO
COC(OO)C(O)OCC
COC(OO)C(OC)OC
COC(OO)C(OO)CC
COC(OO)CC(C)OO
COC(OO)CC(O)(O)C
COC(OO)CC(O)CO
COC(OO)CC(O)OC
COC(OO)CCC(O)O
COC(OO)CCCOO
COC(OO)CCOCO
COC(OO)COC(O)C
COC(OO)COCCO
COC(OO)COOCC
COC(OO)OC(C)(O)C
COC(OO)OC(C)CO
COC(OO)OC(C)OC
COC(OO)OC(O)CC
COC(OO)OCC(O)C
COC(OO)OCCCO
COC(OO)OCOCC
COC(OO)OOC(C)C
COC(OO)OOCCC
COCC(C(O)(O)O)CO
COCC(C(O)C)OOO
COCC(C(O)O)(O)CO
COCC(C(O)O)C(O)O
COCC(C(O)O)COO
COCC(C(O)O)OCO
COCC(C)(C)OOOO
COCC(C)(CO)OOO
COCC(C)(O)C(O)(O)O
COCC(C)(O)C(O)OO
COCC(C)(O)COOO
COCC(C)(O)OC(O)O
COCC(C)(O)OCOO
COCC(C)(O)OOCO
COCC(C)(OC)OOO
COCC(C)(OO)C(O)O
COCC(C)(OO)COO
COCC(C)(OO)OCO
COCC(C)C(O)(O)OO
COCC(C)C(O)OOO
COCC(C)C(OO)OO
COCC(C)COOOO
COCC(C)OC(O)(O)O
COCC(C)OC(O)OO
COCC(C)OCOOO
COCC(C)OOC(O)O
COCC(C)OOCOO
COCC(C)OOOCO
COCC(CC)(O)OOO
COCC(CC)OOOO
COCC(CO)(O)COO
COCC(CO)(O)OCO
COCC(CO)(OO)CO
COCC(CO)C(O)OO
COCC(CO)COOO
COCC(CO)OC(O)O
COCC(CO)OCOO
COCC(CO)OOCO
COCC(COO)COO
COCC(O)(O)C(C)OO
COCC(O)(O)C(O)(O)C
COCC(O)(O)C(O)CO
COCC(O)(O)C(O)OC
COCC(O)(O)CC(O)O
COCC(O)(O)CCOO
COCC(O)(O)COCO
COCC(O)(O)OC(O)C
COCC(O)(O)OCCO
COCC(O)(O)OOCC
COCC(O)(OC)C(O)O
COCC(O)(OC)COO
COCC(O)(OC)OCO
COCC(O)(OO)C(O)C
COCC(O)(OO)CCO
COCC(O)(OO)COC
COCC(O)(OO)OCC
COCC(O)C(C)(O)OO
COCC(O)C(C)OOO
COCC(O)C(O)(O)CO
COCC(O)C(O)(O)OC
COCC(O)C(O)C(O)O
COCC(O)C(O)COO
COCC(O)C(O)OCO
COCC(O)C(OO)CO
COCC(O)C(OO)OC
COCC(O)CC(O)(O)O
COCC(O)CC(O)OO
COCC(O)CCOOO
COCC(O)COC(O)O
COCC(O)COCOO
COCC(O)COOCO
COCC(O)OC(C)OO
COCC(O)OC(O)(O)C
COCC(O)OC(O)CO
COCC(O)OC(O)OC
COCC(O)OCC(O)O
COCC(O)OCCOO
COCC(O)OCOCO
COCC(O)OOC(O)C
COCC(O)OOCCO
COCC(O)OOOCC
COCC(OC)(OO)CO
COCC(OC)(OO)OC
COCC(OC)C(O)(O)O
COCC(OC)C(O)OO
COCC(OC)COOO
COCC(OC)OC(O)O
COCC(OC)OCOO
COCC(OC)OOCO
COCC(OCO)COO
COCC(OCO)OCO
COCC(OO)(OO)CC
COCC(OO)C(C)OO
COCC(OO)C(O)(O)C
COCC(OO)C(O)CO
COCC(OO)C(O)OC
COCC(OO)CC(O)O
COCC(OO)CCOO
COCC(OO)COCO
COCC(OO)OC(O)C
COCC(OO)OCCO
COCC(OO)OOCC
COCC(OOO)CCO
COCC(OOO)COC
COCC(OOO)OCC
COCCC(C)(O)OOO
COCCC(C)(OO)OO
COCCC(C)OOOO
COCCC(CO)OOO
COCCC(O)(O)C(O)O
COCCC(O)(O)COO
COCCC(O)(O)OCO
COCCC(O)(OO)CO
COCCC(O)(OO)OC
COCCC(O)C(O)(O)O
COCCC(O)C(O)OO
COCCC(O)COOO
COCCC(O)OC(O)O
COCCC(O)OCOO
COCCC(O)OOCO
COCCC(OC)OOO
COCCC(OO)C(O)O
COCCC(OO)COO
COCCC(OO)OCO
COCCCC(O)(O)OO
COCCCC(O)OOO
COCCCC(OO)OO
COCCCCOOOO
COCCCOC(O)(O)O
COCCCOC(O)OO
COCCCOCOOO
COCCCOOC(O)O
COCCCOOCOO
COCCCOOOCO
COCCOC(C)(O)OO
COCCOC(C)OOO
COCCOC(O)(O)CO
COCCOC(O)(O)OC
COCCOC(O)C(O)O
COCCOC(O)COO
COCCOC(O)OCO
COCCOC(OO)CO
COCCOC(OO)OC
COCCOCC(O)(O)O
COCCOCC(O)OO
COCCOCCOOO
COCCOCOC(O)O
COCCOCOCOO
COCCOCOOCO
COCCOOC(C)OO
COCCOOC(O)(O)C
COCCOOC(O)CO
COCCOOC(O)OC
COCCOOCC(O)O
COCCOOCCOO
COCCOOCOCO
COCCOOOC(O)C
COCCOOOCCO
COCCOOOOCC
COCOC(C(O)O)CO
COCOC(C)(C)OOO
COCOC(C)(O)C(O)O
COCOC(C)(O)COO
COCOC(C)(O)OCO
COCOC(C)(OO)CO
COCOC(C)(OO)OC
COCOC(C)C(O)(O)O
COCOC(C)C(O)OO
COCOC(C)COOO
COCOC(C)OC(O)O
COCOC(C)OCOO
COCOC(C)OOCO
COCOC(CC)OOO
COCOC(CO)(O)CO
COCOC(CO)COO
COCOC(CO)OCO
COCOC(O)(O)C(O)C
COCOC(O)(O)CCO
COCOC(O)(O)COC
COCOC(O)(O)OCC
COCOC(O)(OC)CO
COCOC(O)(OC)OC
COCOC(O)(OO)CC
COCOC(O)C(C)OO
COCOC(O)C(O)(O)C
COCOC(O)C(O)CO
COCOC(O)C(O)OC
COCOC(O)CC(O)O
COCOC(O)CCOO
COCOC(O)COCO
COCOC(O)OC(O)C
COCOC(O)OCCO
COCOC(O)OCOC
COCOC(O)OOCC
COCOC(OC)C(O)O
COCOC(OC)COO
COCOC(OC)OCO
COCOC(OO)C(O)C
COCOC(OO)CCO
COCOC(OO)COC
COCOC(OO)OCC
COCOCC(C)(O)OO
COCOCC(C)OOO
COCOCC(O)(O)CO
COCOCC(O)(O)OC
COCOCC(O)C(O)O
COCOCC(O)COO
COCOCC(O)OCO
COCOCC(OO)CO
COCOCC(OO)OC
COCOCCC(O)(O)O
COCOCCC(O)OO
COCOCCCOOO
COCOCCOC(O)O
COCOCCOCOO
COCOCCOOCO
COCOCOC(C)OO
COCOCOC(O)(O)C
COCOCOC(O)CO
COCOCOC(O)OC
COCOCOCC(O)O
COCOCOCCOO
COCOCOCOCO
COCOCOOC(O)C
COCOCOOCCO
COCOCOOOCC
COCOOC(C)(C)OO
COCOOC(C)(O)CO
COCOOC(C)(O)OC
COCOOC(C)C(O)O
COCOOC(C)COO
COCOOC(C)OCO
COCOOC(CO)CO
COCOOC(O)(O)CC
COCOOC(O)C(O)C
COCOOC(O)CCO
COCOOC(O)COC
COCOOC(O)OCC
COCOOC(OC)CO
COCOOC(OC)OC
COCOOC(OO)CC
COCOOCC(C)OO
COCOOCC(O)(O)C
COCOOCC(O)CO
COCOOCC(O)OC
COCOOCCC(O)O
COCOOCCCOO
COCOOCCOCO
COCOOCOC(O)C
COCOOCOCCO
COCOOCOCOC
COCOOCOOCC
COCOOOC(C)(O)C
COCOOOC(C)CO
COCOOOC(C)OC
COCOOOC(O)CC
COCOOOCC(O)C
COCOOOCCCO
COCOOOCCOC
COCOOOCOCC
COCOOOOC(C)C
COCOOOOCCC
COOC(C(C)C)OOO
COOC(C(O)(O)C)CO
COOC(C(O)(O)O)CC
COOC(C(O)C)(O)CO
COOC(C(O)C)COO
COOC(C(O)C)OCO
COOC(C(O)C)OOC
COOC(C(O)O)(O)CC
COOC(C(O)O)C(O)C
COOC(C(O)O)CCO
COOC(C(O)O)COC
COOC(C(O)O)OCC
COOC(C)(C(O)O)CO
COOC(C)(C)C(O)(O)O
COOC(C)(C)C(O)OO
COOC(C)(C)COOO
COOC(C)(C)OC(O)O
COOC(C)(C)OCOO
COOC(C)(C)OOCO
COOC(C)(CC)OOO
COOC(C)(CO)COO
COOC(C)(CO)OCO
COOC(C)(CO)OOC
COOC(C)(O)C(C)OO
COOC(C)(O)C(O)(O)C
COOC(C)(O)C(O)CO
COOC(C)(O)C(O)OC
COOC(C)(O)CC(O)O
COOC(C)(O)CCOO
COOC(C)(O)COCO
COOC(C)(O)OC(O)C
COOC(C)(O)OCCO
COOC(C)(O)OCOC
COOC(C)(O)OOCC
COOC(C)(OC)C(O)O
COOC(C)(OC)COO
COOC(C)(OC)OCO
COOC(C)(OC)OOC
COOC(C)(OO)C(O)C
COOC(C)(OO)CCO
COOC(C)(OO)COC
COOC(C)(OO)OCC
COOC(C)C(C)(O)OO
COOC(C)C(C)OOO
COOC(C)C(O)(O)CO
COOC(C)C(O)(O)OC
COOC(C)C(O)C(O)O
COOC(C)C(O)COO
COOC(C)C(O)OCO
COOC(C)C(O)OOC
COOC(C)C(OO)CO
COOC(C)C(OO)OC
COOC(C)CC(O)(O)O
COOC(C)CC(O)OO
COOC(C)CCOOO
COOC(C)COC(O)O
COOC(C)COCOO
COOC(C)COOCO
COOC(C)OC(C)OO
COOC(C)OC(O)(O)C
COOC(C)OC(O)CO
COOC(C)OC(O)OC
COOC(C)OCC(O)O
COOC(C)OCCOO
COOC(C)OCOCO
COOC(C)OOC(O)C
COOC(C)OOCCO
COOC(C)OOCOC
COOC(C)OOOCC
COOC(CC)(O)COO
COOC(CC)(O)OCO
COOC(CC)(O)OOC
COOC(CC)C(O)OO
COOC(CC)COOO
COOC(CC)OC(O)O
COOC(CC)OCOO
COOC(CC)OOCO
COOC(CO)(CO)CO
COOC(CO)(O)CCO
COOC(CO)(O)COC
COOC(CO)(O)OCC
COOC(CO)(OC)CO
COOC(CO)(OO)CC
COOC(CO)C(C)OO
COOC(CO)C(O)CO
COOC(CO)C(O)OC
COOC(CO)CC(O)O
COOC(CO)CCOO
COOC(CO)COCO
COOC(CO)OC(O)C
COOC(CO)OCCO
COOC(CO)OCOC
COOC(CO)OOCC
COOC(COC)COO
COOC(COO)CCO
COOC(O)(O)C(C)(O)C
COOC(O)(O)C(C)CO
COOC(O)(O)C(C)OC
COOC(O)(O)C(O)CC
COOC(O)(O)CC(O)C
COOC(O)(O)CCCO
COOC(O)(O)CCOC
COOC(O)(O)COCC
COOC(O)(O)OC(C)C
COOC(O)(O)OCCC
COOC(O)(OC)C(O)C
COOC(O)(OC)CCO
COOC(O)(OC)COC
COOC(O)(OC)OCC
COOC(O)(OO)C(C)C
COOC(O)(OO)CCC
COOC(O)C(C)(C)OO
COOC(O)C(C)(O)CO
COOC(O)C(C)(O)OC
COOC(O)C(C)C(O)O
COOC(O)C(C)COO
COOC(O)C(C)OCO
COOC(O)C(CO)CO
COOC(O)C(O)(O)CC
COOC(O)C(O)C(O)C
COOC(O)C(O)CCO
COOC(O)C(O)COC
COOC(O)C(O)OCC
COOC(O)C(OC)CO
COOC(O)C(OC)OC
COOC(O)C(OO)CC
COOC(O)CC(C)OO
COOC(O)CC(O)(O)C
COOC(O)CC(O)CO
COOC(O)CC(O)OC
COOC(O)CCC(O)O
COOC(O)CCCOO
COOC(O)CCOCO
COOC(O)COC(O)C
COOC(O)COCCO
COOC(O)COCOC
COOC(O)COOCC
COOC(O)OC(C)(O)C
COOC(O)OC(C)CO
COOC(O)OC(C)OC
COOC(O)OC(O)CC
COOC(O)OCC(O)C
COOC(O)OCCCO
COOC(O)OCCOC
COOC(O)OCOCC
COOC(O)OOC(C)C
COOC(O)OOCCC
COOC(OC)(OC)CO
COOC(OC)(OC)OC
COOC(OC)(OO)CC
COOC(OC)C(C)OO
COOC(OC)C(O)(O)C
COOC(OC)C(O)CO
COOC(OC)C(O)OC
COOC(OC)CC(O)O
COOC(OC)CCOO
COOC(OC)COCO
COOC(OC)OC(O)C
COOC(OC)OCCO
COOC(OC)OCOC
COOC(OC)OOCC
COOC(OCC)COO
COOC(OCC)OCO
COOC(OCO)CCO
COOC(OCO)COC
COOC(OO)C(C)(O)C
COOC(OO)C(C)CO
COOC(OO)C(C)OC
COOC(OO)C(O)CC
COOC(OO)CC(O)C
COOC(OO)CCCO
COOC(OO)CCOC
COOC(OO)COCC
COOC(OO)OC(C)C
COOC(OO)OCCC
COOC(OOC)CCO
COOC(OOC)COC
COOC(OOC)OCC
COOC(OOO)CCC
COOCC(C(O)O)CO
COOCC(C)(C)OOO
COOCC(C)(O)C(O)O
COOCC(C)(O)COO
COOCC(C)(O)OCO
COOCC(C)(O)OOC
COOCC(C)(OO)CO
COOCC(C)(OO)OC
COOCC(C)C(O)(O)O
COOCC(C)C(O)OO
COOCC(C)COOO
COOCC(C)OC(O)O
COOCC(C)OCOO
COOCC(C)OOCO
COOCC(CC)OOO
COOCC(CO)(O)CO
COOCC(CO)COO
COOCC(CO)OCO
COOCC(CO)OOC
COOCC(O)(O)C(O)C
COOCC(O)(O)CCO
COOCC(O)(O)COC
COOCC(O)(O)OCC
COOCC(O)(OC)CO
COOCC(O)(OC)OC
COOCC(O)(OO)CC
COOCC(O)C(C)OO
COOCC(O)C(O)(O)C
COOCC(O)C(O)CO
COOCC(O)C(O)OC
COOCC(O)CC(O)O
COOCC(O)CCOO
COOCC(O)COCO
COOCC(O)COOC
COOCC(O)OC(O)C
COOCC(O)OCCO
COOCC(O)OCOC
COOCC(O)OOCC
COOCC(OC)C(O)O
COOCC(OC)COO
COOCC(OC)OCO
COOCC(OC)OOC
COOCC(OO)C(O)C
COOCC(OO)CCO
COOCC(OO)COC
COOCC(OO)OCC
COOCCC(C)(O)OO
COOCCC(C)OOO
COOCCC(O)(O)CO
COOCCC(O)(O)OC
COOCCC(O)C(O)O
COOCCC(O)COO
COOCCC(O)OCO
COOCCC(O)OOC
COOCCC(OO)CO
COOCCC(OO)OC
COOCCCC(O)(O)O
COOCCCC(O)OO
COOCCCCOOO
COOCCCOC(O)O
COOCCCOCOO
COOCCCOOCO
COOCCOC(C)OO
COOCCOC(O)(O)C
COOCCOC(O)CO
COOCCOC(O)OC
COOCCOCC(O)O
COOCCOCCOO
COOCCOCOCO
COOCCOOC(O)C
COOCCOOCCO
COOCCOOCOC
COOCCOOOCC
COOCOC(C)(C)OO
COOCOC(C)(O)CO
COOCOC(C)(O)OC
COOCOC(C)C(O)O
COOCOC(C)COO
COOCOC(C)OCO
COOCOC(C)OOC
COOCOC(CO)CO
COOCOC(O)(O)CC
COOCOC(O)C(O)C
COOCOC(O)CCO
COOCOC(O)COC
COOCOC(O)OCC
COOCOC(OC)CO
COOCOC(OC)OC
COOCOC(OO)CC
COOCOCC(C)OO
COOCOCC(O)(O)C
COOCOCC(O)CO
COOCOCC(O)OC
COOCOCCC(O)O
COOCOCCCOO
COOCOCCOCO
COOCOCCOOC
COOCOCOC(O)C
COOCOCOCCO
COOCOCOCOC
COOCOCOOCC
COOCOOC(C)(O)C
COOCOOC(C)CO
COOCOOC(C)OC
COOCOOC(O)CC
COOCOOCC(O)C
COOCOOCCCO
COOCOOCCOC
COOCOOCOCC
COOCOOOC(C)C
COOCOOOCCC
COOOC(C(O)C)CO
COOOC(C(O)O)CC
COOOC(C)(C)C(O)O
COOOC(C)(C)COO
COOOC(C)(C)OCO
COOOC(C)(C)OOC
COOOC(C)(CO)CO
COOOC(C)(O)C(O)C
COOOC(C)(O)CCO
COOOC(C)(O)COC
COOOC(C)(O)OCC
COOOC(C)(OC)CO
COOOC(C)(OC)OC
COOOC(C)(OO)CC
COOOC(C)C(C)OO
COOOC(C)C(O)(O)C
COOOC(C)C(O)CO
COOOC(C)C(O)OC
COOOC(C)CC(O)O
COOOC(C)CCOO
COOOC(C)COCO
COOOC(C)COOC
COOOC(C)OC(O)C
COOOC(C)OCCO
COOOC(C)OCOC
COOOC(C)OOCC
COOOC(CC)COO
COOOC(CC)OCO
COOOC(CC)OOC
COOOC(CO)(O)CC
COOOC(CO)CCO
COOOC(CO)COC
COOOC(CO)OCC
COOOC(O)(O)C(C)C
COOOC(O)(O)CCC
COOOC(O)(OC)CC
COOOC(O)C(C)(O)C
COOOC(O)C(C)CO
COOOC(O)C(C)OC
COOOC(O)C(O)CC
COOOC(O)CC(O)C
COOOC(O)CCCO
COOOC(O)CCOC
COOOC(O)COCC
COOOC(O)OC(C)C
COOOC(O)OCCC
COOOC(OC)C(O)C
COOOC(OC)CCO
COOOC(OC)COC
COOOC(OC)OCC
COOOC(OO)C(C)C
COOOC(OO)CCC
COOOCC(C)(C)OO
COOOCC(C)(O)CO
COOOCC(C)(O)OC
COOOCC(C)C(O)O
COOOCC(C)COO
COOOCC(C)OCO
COOOCC(C)OOC
COOOCC(CO)CO
COOOCC(O)(O)CC
COOOCC(O)C(O)C
COOOCC(O)CCO
COOOCC(O)COC
COOOCC(O)OCC
COOOCC(OC)CO
COOOCC(OC)OC
COOOCC(OO)CC
COOOCCC(C)OO
COOOCCC(O)(O)C
COOOCCC(O)CO
COOOCCC(O)OC
COOOCCCC(O)O
COOOCCCCOO
COOOCCCOCO
COOOCCCOOC
COOOCCOC(O)C
COOOCCOCCO
COOOCCOCOC
COOOCCOOCC
COOOCOC(C)(O)C
COOOCOC(C)CO
COOOCOC(C)OC
COOOCOC(O)CC
COOOCOCC(O)C
COOOCOCCCO
COOOCOCCOC
COOOCOCOCC
COOOCOOC(C)C
COOOCOOCCC
COOOOC(C)(C)CO
COOOOC(C)(C)OC
COOOOC(C)(O)CC
COOOOC(C)C(O)C
COOOOC(C)CCO
COOOOC(C)COC
COOOOC(C)OCC
COOOOC(CO)CC
COOOOC(O)C(C)C
COOOOC(O)CCC
COOOOC(OC)CC
COOOOCC(C)(O)C
COOOOCC(C)CO
COOOOCC(C)OC
COOOOCC(O)CC
COOOOCCC(O)C
COOOOCCCCO
COOOOCCCOC
COOOOCCOCC
COOOOCOC(C)C
COOOOCOCCC
COOOOOC(C)(C)C
COOOOOC(C)CC
COOOOOCC(C)C
COOOOOCCCC
OC(O)C(C)(C)C(O)(O)O
OC(O)C(C)C(O)C(O)O
OC(O)C(C)CC(O)(O)O
OC(O)CC(C)(O)C(O)O
OC(O)CC(C)C(O)(O)O
OC(O)CC(O)CC(O)O
OC(O)CCC(O)C(O)O
OC(O)CCCC(O)(O)O
OC(O)COC(C)C(O)O
OC(O)COCCC(O)O
OC(O)OC(C)(C)C(O)O
OC(O)OC(C)CC(O)O
OC(O)OCC(C)C(O)O
OC(O)OCCCC(O)O
OCC(C(O)O)C(O)CO
OCC(C(O)O)CC(O)O
OCC(C)(C(O)(O)O)CO
OCC(C)(C(O)O)C(O)O
OCC(C)(C)OC(O)(O)O
OCC(C)(C)OOC(O)O
OCC(C)(CO)OC(O)O
OCC(C)(O)C(O)(O)CO
OCC(C)(O)C(O)C(O)O
OCC(C)(O)CC(O)(O)O
OCC(C)(O)COC(O)O
OCC(C)(O)OCC(O)O
OCC(C)C(O)(O)C(O)O
OCC(C)C(O)C(O)(O)O
OCC(C)C(O)OC(O)O
OCC(C)COC(O)(O)O
OCC(C)COOC(O)O
OCC(C)OC(O)(O)CO
OCC(C)OC(O)C(O)O
OCC(C)OCC(O)(O)O
OCC(C)OCOC(O)O
OCC(C)OOCC(O)O
OCC(CO)(C(O)O)CO
OCC(CO)(O)CC(O)O
OCC(CO)C(O)(O)CO
OCC(CO)C(O)C(O)O
OCC(CO)CC(O)(O)O
OCC(CO)COC(O)O
OCC(CO)OCC(O)O
OCC(O)(O)C(C)(O)CO
OCC(O)(O)C(C)C(O)O
OCC(O)(O)CCC(O)O
OCC(O)C(C)(O)C(O)O
OCC(O)C(C)C(O)(O)O
OCC(O)C(C)OC(O)O
OCC(O)C(CO)(O)CO
OCC(O)C(O)C(O)CO
OCC(O)C(O)CC(O)O
OCC(O)CC(O)(O)CO
OCC(O)CC(O)C(O)O
OCC(O)CCC(O)(O)O
OCC(O)CCOC(O)O
OCC(O)COCC(O)O
OCC(O)OC(C)(O)CO
OCC(O)OC(C)C(O)O
OCC(O)OC(CO)CO
OCC(O)OCC(O)CO
OCC(O)OCCC(O)O
OCC(O)OOC(C)CO
OCCC(C(O)(O)O)CO
OCCC(C(O)O)(O)CO
OCCC(C(O)O)C(O)O
OCCC(C)(O)C(O)(O)O
OCCC(C)(O)OC(O)O
OCCC(C)OC(O)(O)O
OCCC(C)OOC(O)O
OCCC(CO)OC(O)O
OCCC(O)(O)C(O)CO
OCCC(O)(O)CC(O)O
OCCC(O)(OO)CCO
OCCC(O)C(O)(O)CO
OCCC(O)C(O)C(O)O
OCCC(O)CC(O)(O)O
OCCC(O)COC(O)O
OCCC(O)OC(O)CO
OCCC(O)OCC(O)O
OCCC(OC)OC(O)O
OCCC(OO)C(O)CO
OCCC(OO)CC(O)O
OCCCC(O)(O)C(O)O
OCCCC(O)C(O)(O)O
OCCCC(O)OC(O)O
OCCCCOC(O)(O)O
OCCCCOOC(O)O
OCCCOC(O)(O)CO
OCCCOC(O)C(O)O
OCCCOCC(O)(O)O
OCCCOCOC(O)O
OCCCOOC(O)CO
OCCCOOCC(O)O
OCCOC(C(O)O)CO
OCCOC(C)(O)C(O)O
OCCOC(C)C(O)(O)O
OCCOC(C)OC(O)O
OCCOC(CO)(O)CO
OCCOC(O)(O)CCO
OCCOC(O)C(O)CO
OCCOC(O)CC(O)O
OCCOC(O)OCCO
OCCOC(OO)CCO
OCCOCC(O)(O)CO
OCCOCC(O)C(O)O
OCCOCCC(O)(O)O
OCCOCCOC(O)O
OCCOCOC(O)CO
OCCOCOCC(O)O
OCCOOC(C)(O)CO
OCCOOC(C)C(O)O
OCCOOC(CO)CO
OCCOOC(O)CCO
OCCOOCC(O)CO
OCCOOCCC(O)O
OCCOOCOCCO
OCCOOOC(C)CO
OCCOOOCCCO
OCOC(C(O)C)OCO
OCOC(C(O)O)CCO
OCOC(C)(C(O)O)CO
OCOC(C)(C)C(O)(O)O
OCOC(C)(C)OC(O)O
OCOC(C)(CO)OCO
OCOC(C)(O)C(O)CO
OCOC(C)(O)CC(O)O
OCOC(C)(O)OCCO
OCOC(C)(OC)OCO
OCOC(C)(OO)CCO
OCOC(C)C(O)(O)CO
OCOC(C)C(O)C(O)O
OCOC(C)C(O)OCO
OCOC(C)CC(O)(O)O
OCOC(C)COC(O)O
OCOC(C)OC(O)CO
OCOC(C)OCC(O)O
OCOC(C)OOCCO
OCOC(CC)(O)OCO
OCOC(CC)OC(O)O
OCOC(CO)(CO)CO
OCOC(CO)(O)CCO
OCOC(CO)C(O)CO
OCOC(CO)CC(O)O
OCOC(CO)OCCO
OCOC(O)(O)C(C)CO
OCOC(O)(O)CCCO
OCOC(O)(OC)CCO
OCOC(O)C(C)(O)CO
OCOC(O)C(C)C(O)O
OCOC(O)C(CO)CO
OCOC(O)C(O)CCO
OCOC(O)CC(O)CO
OCOC(O)CCC(O)O
OCOC(O)COCCO
OCOC(O)OC(C)CO
OCOC(O)OCCCO
OCOC(OC)C(O)CO
OCOC(OC)CC(O)O
OCOC(OC)OCCO
OCOC(OCO)CCO
OCOC(OO)C(C)CO
OCOC(OO)CCCO
OCOCC(C(O)O)CO
OCOCC(C)(O)C(O)O
OCOCC(C)(O)OCO
OCOCC(C)C(O)(O)O
OCOCC(C)OC(O)O
OCOCC(CO)(O)CO
OCOCC(CO)OCO
OCOCC(O)(O)CCO
OCOCC(O)C(O)CO
OCOCC(O)CC(O)O
OCOCC(O)COCO
OCOCC(O)OCCO
OCOCC(OC)OCO
OCOCC(OO)CCO
OCOCCC(O)(O)CO
OCOCCC(O)C(O)O
OCOCCC(O)OCO
OCOCCCC(O)(O)O
OCOCCCOC(O)O
OCOCCOC(O)CO
OCOCCOCC(O)O
OCOCCOOCCO
OCOCOC(C)(O)CO
OCOCOC(C)C(O)O
OCOCOC(C)OCO
OCOCOC(CO)CO
OCOCOC(O)CCO
OCOCOCC(O)CO
OCOCOCCC(O)O
OCOCOCCOCO
OCOCOCOCCO
OCOCOOC(C)CO
OCOCOOCCCO
OCOOC(C)(C)C(O)O
OCOOC(C)(C)OCO
OCOOC(C)(CO)CO
OCOOC(C)(O)CCO
OCOOC(C)C(O)CO
OCOOC(C)CC(O)O
OCOOC(C)COCO
OCOOC(C)OCCO
OCOOC(CC)OCO
OCOOC(CO)CCO
OCOOC(O)C(C)CO
OCOOC(O)CCCO
OCOOC(OC)CCO
OCOOCC(C)(O)CO
OCOOCC(C)C(O)O
OCOOCC(C)OCO
OCOOCC(CO)CO
OCOOCC(O)CCO
OCOOCCC(O)CO
OCOOCCCC(O)O
OCOOCCCOCO
OCOOCCOCCO
OCOOCOC(C)CO
OCOOCOCCCO
OCOOOC(C)(C)CO
OCOOOC(C)CCO
OCOOOCC(C)CO
OCOOOCCCCO
OOC(C(O)O)C(C)CO
OOC(C(O)O)CCCO
OOC(C)(C(O)O)CCO
OOC(C)(C)C(C)(O)OO
OOC(C)(C)C(O)(O)CO
OOC(C)(C)C(O)C(O)O
OOC(C)(C)C(O)OCO
OOC(C)(C)CC(O)(O)O
OOC(C)(C)COC(O)O
OOC(C)(C)COOCO
OOC(C)(C)OC(O)CO
OOC(C)(C)OCC(O)O
OOC(C)(C)OCOCO
OOC(C)(C)OOCCO
OOC(C)(CO)C(O)CO
OOC(C)(CO)CC(O)O
OOC(C)(CO)COCO
OOC(C)(CO)OCCO
OOC(C)(O)C(C)(O)CO
OOC(C)(O)C(C)C(O)O
OOC(C)(O)C(C)OCO
OOC(C)(O)C(CO)CO
OOC(C)(O)C(O)CCO
OOC(C)(O)CC(O)CO
OOC(C)(O)CCC(O)O
OOC(C)(O)CCOCO
OOC(C)(O)COCCO
OOC(C)(O)OC(C)CO
OOC(C)(O)OCCCO
OOC(C)(OO)C(C)CO
OOC(C)(OO)CCCO
OOC(C)C(C(O)O)CO
OOC(C)C(C)(O)C(O)O
OOC(C)C(C)(O)OCO
OOC(C)C(C)(OO)CO
OOC(C)C(C)C(O)(O)O
OOC(C)C(C)C(O)OO
OOC(C)C(C)OC(O)O
OOC(C)C(C)OOCO
OOC(C)C(CO)(O)CO
OOC(C)C(CO)OCO
OOC(C)C(O)(O)CCO
OOC(C)C(O)C(C)OO
OOC(C)C(O)C(O)CO
OOC(C)C(O)CC(O)O
OOC(C)C(O)COCO
OOC(C)C(O)OCCO
OOC(C)C(OC)OCO
OOC(C)C(OO)CCO
OOC(C)CC(C)(O)OO
OOC(C)CC(O)(O)CO
OOC(C)CC(O)C(O)O
OOC(C)CC(O)OCO
OOC(C)CCC(O)(O)O
OOC(C)CCC(O)OO
OOC(C)CCOC(O)O
OOC(C)CCOOCO
OOC(C)COC(C)OO
OOC(C)COC(O)CO
OOC(C)COCC(O)O
OOC(C)COCOCO
OOC(C)COOCCO
OOC(C)OC(C)(C)OO
OOC(C)OC(C)(O)CO
OOC(C)OC(C)C(O)O
OOC(C)OC(C)OCO
OOC(C)OC(CO)CO
OOC(C)OC(O)CCO
OOC(C)OCC(O)CO
OOC(C)OCCC(O)O
OOC(C)OCCOCO
OOC(C)OCOCCO
OOC(C)OOC(C)CO
OOC(C)OOCCCO
OOC(CO)(CO)CCO
OOC(CO)(O)C(C)CO
OOC(CO)(O)CCCO
OOC(CO)C(C)(C)OO
OOC(CO)C(C)(O)CO
OOC(CO)C(C)C(O)O
OOC(CO)C(C)OCO
OOC(CO)C(CO)CO
OOC(CO)C(O)CCO
OOC(CO)CC(C)OO
OOC(CO)CC(O)CO
OOC(CO)CCC(O)O
OOC(CO)CCOCO
OOC(CO)COCCO
OOC(CO)OC(C)CO
OOC(CO)OCCCO
OOC(O)(O)C(C)(C)CO
OOC(O)(O)C(C)CCO
OOC(O)(O)CC(C)CO
OOC(O)(O)CCCCO
OOC(O)C(C)(C)C(O)O
OOC(O)C(C)(C)OCO
OOC(O)C(C)(CO)CO
OOC(O)C(C)(O)CCO
OOC(O)C(C)C(O)CO
OOC(O)C(C)CC(O)O
OOC(O)C(C)COCO
OOC(O)C(C)OCCO
OOC(O)C(CC)OCO
OOC(O)C(CO)CCO
OOC(O)C(O)C(C)CO
OOC(O)C(O)CCCO
OOC(O)C(OC)CCO
OOC(O)CC(C)(C)OO
OOC(O)CC(C)(O)CO
OOC(O)CC(C)C(O)O
OOC(O)CC(C)OCO
OOC(O)CC(CO)CO
OOC(O)CC(O)CCO
OOC(O)CCC(O)CO
OOC(O)CCCC(O)O
OOC(O)CCCOCO
OOC(O)CCOCCO
OOC(O)COC(C)CO
OOC(O)COCCCO
OOC(O)OC(C)(C)CO
OOC(O)OC(C)CCO
OOC(O)OCC(C)CO
OOC(O)OCCCCO
OOC(OO)C(C)(C)CO
OOC(OO)C(C)CCO
OOC(OO)CC(C)CO
OOC(OO)CCCCO
OOCC(C(O)C)COO
OOCC(C(O)C)OCO
OOCC(C(O)O)CCO
OOCC(C)(C(O)O)CO
OOCC(C)(C)C(O)(O)O
OOCC(C)(C)C(O)OO
OOCC(C)(C)OC(O)O
OOCC(C)(C)OOCO
OOCC(C)(CO)COO
OOCC(C)(CO)OCO
OOCC(C)(O)C(C)OO
OOCC(C)(O)C(O)CO
OOCC(C)(O)CC(O)O
OOCC(C)(O)COCO
OOCC(C)(O)OCCO
OOCC(C)(OC)COO
OOCC(C)(OC)OCO
OOCC(C)(OO)CCO
OOCC(C)C(C)(O)OO
OOCC(C)C(O)(O)CO
OOCC(C)C(O)C(O)O
OOCC(C)C(O)COO
OOCC(C)C(O)OCO
OOCC(C)C(OO)CO
OOCC(C)CC(O)(O)O
OOCC(C)CC(O)OO
OOCC(C)COC(O)O
OOCC(C)COOCO
OOCC(C)OC(C)OO
OOCC(C)OC(O)CO
OOCC(C)OCC(O)O
OOCC(C)OCOCO
OOCC(C)OOCCO
OOCC(CC)(O)COO
OOCC(CC)(O)OCO
OOCC(CC)C(O)OO
OOCC(CC)OC(O)O
OOCC(CC)OOCO
OOCC(CO)(CO)CO
OOCC(CO)(O)CCO
OOCC(CO)C(C)OO
OOCC(CO)C(O)CO
OOCC(CO)CC(O)O
OOCC(CO)COCO
OOCC(CO)OCCO
OOCC(COO)CCO
OOCC(O)(O)C(C)CO
OOCC(O)(O)CCCO
OOCC(O)(OC)CCO
OOCC(O)C(C)(C)OO
OOCC(O)C(C)(O)CO
OOCC(O)C(C)C(O)O
OOCC(O)C(C)OCO
OOCC(O)C(CO)CO
OOCC(O)C(O)CCO
OOCC(O)CC(C)OO
OOCC(O)CC(O)CO
OOCC(O)CCC(O)O
OOCC(O)CCOCO
OOCC(O)COCCO
OOCC(O)OC(C)CO
OOCC(O)OCCCO
OOCC(OC)C(C)OO
OOCC(OC)C(O)CO
OOCC(OC)CC(O)O
OOCC(OC)COCO
OOCC(OC)OCCO
OOCC(OCO)CCO
OOCC(OO)C(C)CO
OOCC(OO)CCCO
OOCCC(C(O)O)CO
OOCCC(C)(O)C(O)O
OOCCC(C)(O)COO
OOCCC(C)(O)OCO
OOCCC(C)(OO)CO
OOCCC(C)C(O)(O)O
OOCCC(C)C(O)OO
OOCCC(C)OC(O)O
OOCCC(C)OOCO
OOCCC(CO)(O)CO
OOCCC(CO)COO
OOCCC(CO)OCO
OOCCC(O)(O)CCO
OOCCC(O)C(C)OO
OOCCC(O)C(O)CO
OOCCC(O)CC(O)O
OOCCC(O)CCOO
OOCCC(O)COCO
OOCCC(O)OCCO
OOCCC(OC)COO
OOCCC(OC)OCO
OOCCC(OO)CCO
OOCCCC(C)(O)OO
OOCCCC(O)(O)CO
OOCCCC(O)C(O)O
OOCCCC(O)COO
OOCCCC(O)OCO
OOCCCC(OO)CO
OOCCCCC(O)(O)O
OOCCCCC(O)OO
OOCCCCOC(O)O
OOCCCCOOCO
OOCCCOC(C)OO
OOCCCOC(O)CO
OOCCCOCC(O)O
OOCCCOCOCO
OOCCCOOCCO
OOCCOC(C)(C)OO
OOCCOC(C)(O)CO
OOCCOC(C)C(O)O
OOCCOC(C)COO
OOCCOC(C)OCO
OOCCOC(CO)CO
OOCCOC(O)CCO
OOCCOCC(C)OO
OOCCOCC(O)CO
OOCCOCCC(O)O
OOCCOCCCOO
OOCCOCCOCO
OOCCOCOCCO
OOCCOOC(C)CO
OOCCOOCCCO
OOCOC(C)(C)C(O)O
OOCOC(C)(C)COO
OOCOC(C)(C)OCO
OOCOC(C)(CO)CO
OOCOC(C)(O)CCO
OOCOC(C)C(C)OO
OOCOC(C)C(O)CO
OOCOC(C)CC(O)O
OOCOC(C)CCOO
OOCOC(C)COCO
OOCOC(C)OCCO
OOCOC(CC)COO
OOCOC(CC)OCO
OOCOC(CO)CCO
OOCOC(O)C(C)CO
OOCOC(O)CCCO
OOCOC(OC)CCO
OOCOCC(C)(C)OO
OOCOCC(C)(O)CO
OOCOCC(C)C(O)O
OOCOCC(C)COO
OOCOCC(C)OCO
OOCOCC(CO)CO
OOCOCC(O)CCO
OOCOCCC(C)OO
OOCOCCC(O)CO
OOCOCCCC(O)O
OOCOCCCCOO
OOCOCCCOCO
OOCOCCOCCO
OOCOCOC(C)CO
OOCOCOCCCO
OOCOOC(C)(C)CO
OOCOOC(C)CCO
OOCOOCC(C)CO
OOCOOCCCCO
OOOC(C(C)C)COO
OOOC(C(C)C)OCO
OOOC(C(O)C)CCO
OOOC(C)(C)C(C)OO
OOOC(C)(C)C(O)CO
OOOC(C)(C)CC(O)O
OOOC(C)(C)CCOO
OOOC(C)(C)COCO
OOOC(C)(C)OCCO
OOOC(C)(CC)COO
OOOC(C)(CC)OCO
OOOC(C)(CO)CCO
OOOC(C)(O)C(C)CO
OOOC(C)(O)CCCO
OOOC(C)(OC)CCO
OOOC(C)C(C)(C)OO
OOOC(C)C(C)(O)CO
OOOC(C)C(C)C(O)O
OOOC(C)C(C)COO
OOOC(C)C(C)OCO
OOOC(C)C(CO)CO
OOOC(C)C(O)CCO
OOOC(C)CC(C)OO
OOOC(C)CC(O)CO
OOOC(C)CCC(O)O
OOOC(C)CCCOO
OOOC(C)CCOCO
OOOC(C)COCCO
OOOC(C)OC(C)CO
OOOC(C)OCCCO
OOOC(CC)(O)CCO
OOOC(CC)C(C)OO
OOOC(CC)C(O)CO
OOOC(CC)CC(O)O
OOOC(CC)CCOO
OOOC(CC)COCO
OOOC(CC)OCCO
OOOC(CCO)CCO
OOOC(CO)C(C)CO
OOOC(CO)CCCO
OOOC(O)C(C)(C)CO
OOOC(O)C(C)CCO
OOOC(O)CC(C)CO
OOOC(O)CCCCO
OOOC(OC)C(C)CO
OOOC(OC)CCCO
OOOCC(C)(C)C(O)O
OOOCC(C)(C)COO
OOOCC(C)(C)OCO
OOOCC(C)(CO)CO
OOOCC(C)(O)CCO
OOOCC(C)C(C)OO
OOOCC(C)C(O)CO
OOOCC(C)CC(O)O
OOOCC(C)CCOO
OOOCC(C)COCO
OOOCC(C)OCCO
OOOCC(CC)COO
OOOCC(CC)OCO
OOOCC(CO)CCO
OOOCC(O)C(C)CO
OOOCC(O)CCCO
OOOCC(OC)CCO
OOOCCC(C)(C)OO
OOOCCC(C)(O)CO
OOOCCC(C)C(O)O
OOOCCC(C)COO
OOOCCC(C)OCO
OOOCCC(CO)CO
OOOCCC(O)CCO
OOOCCCC(C)OO
OOOCCCC(O)CO
OOOCCCCC(O)O
OOOCCCCCOO
OOOCCCCOCO
OOOCCCOCCO
OOOCCOC(C)CO
OOOCCOCCCO
OOOCOC(C)(C)CO
OOOCOC(C)CCO
OOOCOCC(C)CO
OOOCOCCCCO
OOOOC(C)(C)CCO
OOOOC(C)C(C)CO
OOOOC(C)CCCO
OOOOC(CC)CCO
OOOOCC(C)(C)CO
OOOOCC(C)CCO
OOOOCCC(C)CO
OOOOCCCCCO
