CC(C)(C)C(Cl)(Cl)C(Cl)Cl
CC(C)(C)C(Cl)C(Cl)(Cl)Cl
CC(C)(Cl)C(C(Cl)Cl)CCl
CC(C)(Cl)C(C)(Cl)C(Cl)Cl
CC(C)(Cl)C(C)C(Cl)(Cl)Cl
CC(C)(Cl)C(CCl)(Cl)CCl
CC(C)(Cl)C(Cl)(Cl)CCCl
CC(C)(Cl)C(Cl)C(Cl)(Cl)C
CC(C)(Cl)C(Cl)C(Cl)CCl
CC(C)(Cl)C(Cl)CC(Cl)Cl
CC(C)(Cl)CC(Cl)(Cl)CCl
CC(C)(Cl)CC(Cl)C(Cl)Cl
CC(C)(Cl)CCC(Cl)(Cl)Cl
CC(C)C(C(Cl)(Cl)Cl)CCl
CC(C)C(C(Cl)Cl)(Cl)CCl
CC(C)C(C(Cl)Cl)C(Cl)Cl
CC(C)C(C)(Cl)C(Cl)(Cl)Cl
CC(C)C(Cl)(Cl)C(Cl)(Cl)C
CC(C)C(Cl)(Cl)C(Cl)CCl
CC(C)C(Cl)(Cl)CC(Cl)Cl
CC(C)C(Cl)C(Cl)(Cl)CCl
CC(C)C(Cl)C(Cl)C(Cl)Cl
CC(C)C(Cl)CC(Cl)(Cl)Cl
CC(C)CC(Cl)(Cl)C(Cl)Cl
CC(C)CC(Cl)C(Cl)(Cl)Cl
CC(Cl)(Cl)C(C)(C)C(Cl)Cl
CC(Cl)(Cl)C(C)(CCl)CCl
CC(Cl)(Cl)C(C)(Cl)CCCl
CC(Cl)(Cl)C(C)C(Cl)(Cl)C
CC(Cl)(Cl)C(C)C(Cl)CCl
CC(Cl)(Cl)C(C)CC(Cl)Cl
CC(Cl)(Cl)C(CCl)CCCl
CC(Cl)(Cl)C(Cl)C(C)(Cl)C
CC(Cl)(Cl)C(Cl)C(C)CCl
CC(Cl)(Cl)C(Cl)CCCCl
CC(Cl)(Cl)CC(C)(Cl)CCl
CC(Cl)(Cl)CC(C)C(Cl)Cl
CC(Cl)(Cl)CC(CCl)CCl
CC(Cl)(Cl)CC(Cl)CCCl
CC(Cl)(Cl)CCC(Cl)(Cl)C
CC(Cl)(Cl)CCC(Cl)CCl
CC(Cl)(Cl)CCCC(Cl)Cl
CC(Cl)C(C(Cl)(Cl)C)CCl
CC(Cl)C(C(Cl)C)(Cl)CCl
CC(Cl)C(C(Cl)Cl)C(Cl)C
CC(Cl)C(C(Cl)Cl)CCCl
CC(Cl)C(C)(C(Cl)Cl)CCl
CC(Cl)C(C)(C)C(Cl)(Cl)Cl
CC(Cl)C(C)(Cl)C(Cl)(Cl)C
CC(Cl)C(C)(Cl)C(Cl)CCl
CC(Cl)C(C)(Cl)CC(Cl)Cl
CC(Cl)C(C)C(Cl)(Cl)CCl
CC(Cl)C(C)C(Cl)C(Cl)Cl
CC(Cl)C(C)CC(Cl)(Cl)Cl
CC(Cl)C(CCl)(CCl)CCl
CC(Cl)C(CCl)(Cl)CCCl
CC(Cl)C(CCl)C(Cl)CCl
CC(Cl)C(CCl)CC(Cl)Cl
CC(Cl)C(Cl)(Cl)C(C)(Cl)C
CC(Cl)C(Cl)(Cl)C(C)CCl
CC(Cl)C(Cl)(Cl)CCCCl
CC(Cl)C(Cl)C(C)(Cl)CCl
CC(Cl)C(Cl)C(C)C(Cl)Cl
CC(Cl)C(Cl)C(CCl)CCl
CC(Cl)C(Cl)C(Cl)C(Cl)C
CC(Cl)C(Cl)C(Cl)CCCl
CC(Cl)C(Cl)CC(Cl)(Cl)C
CC(Cl)C(Cl)CC(Cl)CCl
CC(Cl)C(Cl)CCC(Cl)Cl
CC(Cl)CC(C(Cl)Cl)CCl
CC(Cl)CC(C)(Cl)C(Cl)Cl
CC(Cl)CC(C)C(Cl)(Cl)Cl
CC(Cl)CC(CCl)(Cl)CCl
CC(Cl)CC(Cl)(Cl)C(Cl)C
CC(Cl)CC(Cl)(Cl)CCCl
CC(Cl)CC(Cl)C(Cl)(Cl)C
CC(Cl)CC(Cl)C(Cl)CCl
CC(Cl)CC(Cl)CC(Cl)Cl
CC(Cl)CCC(Cl)(Cl)CCl
CC(Cl)CCC(Cl)C(Cl)Cl
CC(Cl)CCCC(Cl)(Cl)Cl
CCC(C(Cl)(Cl)C)(Cl)CCl
CCC(C(Cl)(Cl)C)C(Cl)Cl
CCC(C(Cl)(Cl)Cl)(Cl)CC
CCC(C(Cl)(Cl)Cl)C(Cl)C
CCC(C(Cl)(Cl)Cl)CCCl
CCC(C(Cl)Cl)(Cl)C(Cl)C
CCC(C(Cl)Cl)(Cl)CCCl
CCC(C(Cl)Cl)C(Cl)CCl
CCC(C(Cl)Cl)CC(Cl)Cl
CCC(C)(C(Cl)(Cl)Cl)CCl
CCC(C)(C(Cl)Cl)C(Cl)Cl
CCC(C)(Cl)C(Cl)(Cl)CCl
CCC(C)(Cl)C(Cl)C(Cl)Cl
CCC(C)(Cl)CC(Cl)(Cl)Cl
CCC(C)C(Cl)(Cl)C(Cl)Cl
CCC(C)C(Cl)C(Cl)(Cl)Cl
CCC(CCl)(C(Cl)Cl)CCl
CCC(CCl)(Cl)C(Cl)CCl
CCC(CCl)(Cl)CC(Cl)Cl
CCC(CCl)C(Cl)(Cl)CCl
CCC(CCl)C(Cl)C(Cl)Cl
CCC(CCl)CC(Cl)(Cl)Cl
CCC(Cl)(Cl)C(C)(Cl)CCl
CCC(Cl)(Cl)C(C)C(Cl)Cl
CCC(Cl)(Cl)C(CCl)CCl
CCC(Cl)(Cl)C(Cl)(Cl)CC
CCC(Cl)(Cl)C(Cl)C(Cl)C
CCC(Cl)(Cl)C(Cl)CCCl
CCC(Cl)(Cl)CC(Cl)(Cl)C
CCC(Cl)(Cl)CC(Cl)CCl
CCC(Cl)(Cl)CCC(Cl)Cl
CCC(Cl)C(C(Cl)Cl)CCl
CCC(Cl)C(C)(Cl)C(Cl)Cl
CCC(Cl)C(C)C(Cl)(Cl)Cl
CCC(Cl)C(CCl)(Cl)CCl
CCC(Cl)C(Cl)(Cl)C(Cl)C
CCC(Cl)C(Cl)(Cl)CCCl
CCC(Cl)C(Cl)C(Cl)(Cl)C
CCC(Cl)C(Cl)C(Cl)CCl
CCC(Cl)C(Cl)CC(Cl)Cl
CCC(Cl)CC(Cl)(Cl)CCl
CCC(Cl)CC(Cl)C(Cl)Cl
CCC(Cl)CCC(Cl)(Cl)Cl
CCCC(C(Cl)(Cl)Cl)CCl
CCCC(C(Cl)Cl)(Cl)CCl
CCCC(C(Cl)Cl)C(Cl)Cl
CCCC(C)(Cl)C(Cl)(Cl)Cl
CCCC(Cl)(Cl)C(Cl)(Cl)C
CCCC(Cl)(Cl)C(Cl)CCl
CCCC(Cl)(Cl)CC(Cl)Cl
CCCC(Cl)C(Cl)(Cl)CCl
CCCC(Cl)C(Cl)C(Cl)Cl
CCCC(Cl)CC(Cl)(Cl)Cl
CCCCC(Cl)(Cl)C(Cl)Cl
CCCCC(Cl)C(Cl)(Cl)Cl
ClC(Cl)C(C)C(C)C(Cl)Cl
ClC(Cl)CC(C)(C)C(Cl)Cl
ClC(Cl)CC(C)CC(Cl)Cl
ClC(Cl)CCC(C)C(Cl)Cl
ClC(Cl)CCCCC(Cl)Cl
ClCC(C(Cl)Cl)C(C)CCl
ClCC(C)(C)C(Cl)(Cl)CCl
ClCC(C)(C)C(Cl)C(Cl)Cl
ClCC(C)(C)CC(Cl)(Cl)Cl
ClCC(C)(CCl)CC(Cl)Cl
ClCC(C)(Cl)C(C)(Cl)CCl
ClCC(C)(Cl)C(C)C(Cl)Cl
ClCC(C)(Cl)CCC(Cl)Cl
ClCC(C)C(C)(Cl)C(Cl)Cl
ClCC(C)C(C)C(Cl)(Cl)Cl
ClCC(C)C(CCl)(Cl)CCl
ClCC(C)C(Cl)C(Cl)CCl
ClCC(C)C(Cl)CC(Cl)Cl
ClCC(C)CC(Cl)(Cl)CCl
ClCC(C)CC(Cl)C(Cl)Cl
ClCC(C)CCC(Cl)(Cl)Cl
ClCC(CCl)C(C)(Cl)CCl
ClCC(CCl)C(C)C(Cl)Cl
ClCC(CCl)C(CCl)CCl
ClCC(CCl)CC(Cl)CCl
ClCC(CCl)CCC(Cl)Cl
ClCC(Cl)C(C)(C)C(Cl)Cl
ClCC(Cl)C(C)(CCl)CCl
ClCC(Cl)C(C)C(Cl)CCl
ClCC(Cl)C(C)CC(Cl)Cl
ClCC(Cl)CC(C)(Cl)CCl
ClCC(Cl)CC(C)C(Cl)Cl
ClCC(Cl)CCC(Cl)CCl
ClCC(Cl)CCCC(Cl)Cl
ClCCC(C(Cl)Cl)CCCl
ClCCC(C)(C(Cl)Cl)CCl
ClCCC(C)(C)C(Cl)(Cl)Cl
ClCCC(C)(Cl)C(Cl)CCl
ClCCC(C)(Cl)CC(Cl)Cl
ClCCC(C)C(Cl)(Cl)CCl
ClCCC(C)C(Cl)C(Cl)Cl
ClCCC(C)CC(Cl)(Cl)Cl
ClCCC(CCl)(CCl)CCl
ClCCC(CCl)(Cl)CCCl
ClCCC(CCl)C(Cl)CCl
ClCCC(CCl)CC(Cl)Cl
ClCCC(Cl)(Cl)C(C)CCl
ClCCC(Cl)C(C)(Cl)CCl
ClCCC(Cl)C(C)C(Cl)Cl
ClCCC(Cl)C(CCl)CCl
ClCCC(Cl)C(Cl)CCCl
ClCCC(Cl)CC(Cl)CCl
ClCCC(Cl)CCC(Cl)Cl
ClCCCC(C(Cl)Cl)CCl
ClCCCC(C)(Cl)C(Cl)Cl
ClCCCC(C)C(Cl)(Cl)Cl
ClCCCC(CCl)(Cl)CCl
ClCCCC(Cl)(Cl)CCCl
ClCCCC(Cl)C(Cl)CCl
ClCCCC(Cl)CC(Cl)Cl
ClCCCCC(Cl)(Cl)CCl
ClCCCCC(Cl)C(Cl)Cl
ClCCCCCC(Cl)(Cl)Cl
