CC(C)(C)C(C)(O)OOO
CC(C)(C)C(C)(OO)OO
CC(C)(C)C(C)OOOO
CC(C)(C)C(CO)OOO
CC(C)(C)C(O)(O)C(O)O
CC(C)(C)C(O)(O)COO
CC(C)(C)C(O)(O)OCO
CC(C)(C)C(O)(OO)CO
CC(C)(C)C(O)C(O)(O)O
CC(C)(C)C(O)C(O)OO
CC(C)(C)C(O)COOO
CC(C)(C)C(O)OC(O)O
CC(C)(C)C(O)OCOO
CC(C)(C)C(O)OOCO
CC(C)(C)C(OO)C(O)O
CC(C)(C)C(OO)COO
CC(C)(C)C(OO)OCO
CC(C)(C)CC(O)(O)OO
CC(C)(C)CC(O)OOO
CC(C)(C)CC(OO)OO
CC(C)(C)CCOOOO
CC(C)(C)COC(O)(O)O
CC(C)(C)COC(O)OO
CC(C)(C)COCOOO
CC(C)(C)COOC(O)O
CC(C)(C)COOCOO
CC(C)(C)COOOCO
CC(C)(C)OC(C)(O)OO
CC(C)(C)OC(C)OOO
CC(C)(C)OC(O)(O)CO
CC(C)(C)OC(O)C(O)O
CC(C)(C)OC(O)COO
CC(C)(C)OC(O)OCO
CC(C)(C)OC(OO)CO
CC(C)(C)OCC(O)(O)O
CC(C)(C)OCC(O)OO
CC(C)(C)OCCOOO
CC(C)(C)OCOC(O)O
CC(C)(C)OCOCOO
CC(C)(C)OCOOCO
CC(C)(C)OOC(C)OO
CC(C)(C)OOC(O)CO
CC(C)(C)OOCC(O)O
CC(C)(C)OOCCOO
CC(C)(C)OOCOCO
CC(C)(C)OOOCCO
CC(C)(O)C(C(O)O)CO
CC(C)(O)C(C)(C)OOO
CC(C)(O)C(C)(O)C(O)O
CC(C)(O)C(C)(O)COO
CC(C)(O)C(C)(O)OCO
CC(C)(O)C(C)(OO)CO
CC(C)(O)C(C)C(O)(O)O
CC(C)(O)C(C)C(O)OO
CC(C)(O)C(C)COOO
CC(C)(O)C(C)OC(O)O
CC(C)(O)C(C)OCOO
CC(C)(O)C(C)OOCO
CC(C)(O)C(CO)(O)CO
CC(C)(O)C(CO)COO
CC(C)(O)C(CO)OCO
CC(C)(O)C(O)(O)CCO
CC(C)(O)C(O)C(C)OO
CC(C)(O)C(O)C(O)(O)C
CC(C)(O)C(O)C(O)CO
CC(C)(O)C(O)CC(O)O
CC(C)(O)C(O)CCOO
CC(C)(O)C(O)COCO
CC(C)(O)C(O)OCCO
CC(C)(O)C(OO)CCO
CC(C)(O)CC(C)(O)OO
CC(C)(O)CC(C)OOO
CC(C)(O)CC(O)(O)CO
CC(C)(O)CC(O)C(O)O
CC(C)(O)CC(O)COO
CC(C)(O)CC(O)OCO
CC(C)(O)CC(OO)CO
CC(C)(O)CCC(O)(O)O
CC(C)(O)CCC(O)OO
CC(C)(O)CCCOOO
CC(C)(O)CCOC(O)O
CC(C)(O)CCOCOO
CC(C)(O)CCOOCO
CC(C)(O)COC(C)OO
CC(C)(O)COC(O)CO
CC(C)(O)COCC(O)O
CC(C)(O)COCCOO
CC(C)(O)COCOCO
CC(C)(O)COOCCO
CC(C)(O)OC(C)(C)OO
CC(C)(O)OC(C)(O)CO
CC(C)(O)OC(C)C(O)O
CC(C)(O)OC(C)COO
CC(C)(O)OC(C)OCO
CC(C)(O)OC(CO)CO
CC(C)(O)OC(O)CCO
CC(C)(O)OCC(C)OO
CC(C)(O)OCC(O)CO
CC(C)(O)OCCC(O)O
CC(C)(O)OCCCOO
CC(C)(O)OCCOCO
CC(C)(O)OCOCCO
CC(C)(O)OOC(C)(O)C
CC(C)(O)OOC(C)CO
CC(C)(O)OOCCCO
CC(C)C(C(O)(O)O)CO
CC(C)C(C(O)C)OOO
CC(C)C(C(O)O)(O)CO
CC(C)C(C(O)O)C(O)O
CC(C)C(C(O)O)COO
CC(C)C(C(O)O)OCO
CC(C)C(C)(C)OOOO
CC(C)C(C)(CO)OOO
CC(C)C(C)(O)C(O)(O)O
CC(C)C(C)(O)C(O)OO
CC(C)C(C)(O)COOO
CC(C)C(C)(O)OC(O)O
CC(C)C(C)(O)OCOO
CC(C)C(C)(O)OOCO
CC(C)C(C)(OO)C(O)O
CC(C)C(C)(OO)COO
CC(C)C(C)(OO)OCO
CC(C)C(C)C(O)(O)OO
CC(C)C(C)C(O)OOO
CC(C)C(C)C(OO)OO
CC(C)C(C)COOOO
CC(C)C(C)OC(O)(O)O
CC(C)C(C)OC(O)OO
CC(C)C(C)OCOOO
CC(C)C(C)OOC(O)O
CC(C)C(C)OOCOO
CC(C)C(C)OOOCO
CC(C)C(CO)(O)COO
CC(C)C(CO)(O)OCO
CC(C)C(CO)(OO)CO
CC(C)C(CO)C(O)OO
CC(C)C(CO)COOO
CC(C)C(CO)OC(O)O
CC(C)C(CO)OCOO
CC(C)C(CO)OOCO
CC(C)C(O)(O)C(C)OO
CC(C)C(O)(O)C(O)(O)C
CC(C)C(O)(O)C(O)CO
CC(C)C(O)(O)CC(O)O
CC(C)C(O)(O)CCOO
CC(C)C(O)(O)COCO
CC(C)C(O)(O)OCCO
CC(C)C(O)(OO)C(O)C
CC(C)C(O)(OO)CCO
CC(C)C(O)C(C)(O)OO
CC(C)C(O)C(C)OOO
CC(C)C(O)C(O)(O)CO
CC(C)C(O)C(O)C(O)O
CC(C)C(O)C(O)COO
CC(C)C(O)C(O)OCO
CC(C)C(O)C(OO)CO
CC(C)C(O)CC(O)(O)O
CC(C)C(O)CC(O)OO
CC(C)C(O)CCOOO
CC(C)C(O)COC(O)O
CC(C)C(O)COCOO
CC(C)C(O)COOCO
CC(C)C(O)OC(C)OO
CC(C)C(O)OC(O)(O)C
CC(C)C(O)OC(O)CO
CC(C)C(O)OCC(O)O
CC(C)C(O)OCCOO
CC(C)C(O)OCOCO
CC(C)C(O)OOCCO
CC(C)C(OO)C(C)OO
CC(C)C(OO)C(O)(O)C
CC(C)C(OO)C(O)CO
CC(C)C(OO)CC(O)O
CC(C)C(OO)CCOO
CC(C)C(OO)COCO
CC(C)C(OO)OCCO
CC(C)CC(C)(O)OOO
CC(C)CC(C)(OO)OO
CC(C)CC(C)OOOO
CC(C)CC(CO)OOO
CC(C)CC(O)(O)C(O)O
CC(C)CC(O)(O)COO
CC(C)CC(O)(O)OCO
CC(C)CC(O)(OO)CO
CC(C)CC(O)C(O)(O)O
CC(C)CC(O)C(O)OO
CC(C)CC(O)COOO
CC(C)CC(O)OC(O)O
CC(C)CC(O)OCOO
CC(C)CC(O)OOCO
CC(C)CC(OC)OOO
CC(C)CC(OO)C(O)O
CC(C)CC(OO)COO
CC(C)CC(OO)OCO
CC(C)CCC(O)(O)OO
CC(C)CCC(O)OOO
CC(C)CCC(OO)OO
CC(C)CCCOOOO
CC(C)CCOC(O)(O)O
CC(C)CCOC(O)OO
CC(C)CCOCOOO
CC(C)CCOOC(O)O
CC(C)CCOOCOO
CC(C)CCOOOCO
CC(C)COC(C)(O)OO
CC(C)COC(C)OOO
CC(C)COC(O)(O)CO
CC(C)COC(O)C(O)O
CC(C)COC(O)COO
CC(C)COC(O)OCO
CC(C)COC(OO)CO
CC(C)COCC(O)(O)O
CC(C)COCC(O)OO
CC(C)COCCOOO
CC(C)COCOC(O)O
CC(C)COCOCOO
CC(C)COCOOCO
CC(C)COOC(C)OO
CC(C)COOC(O)(O)C
CC(C)COOC(O)CO
CC(C)COOCC(O)O
CC(C)COOCCOO
CC(C)COOCOCO
CC(C)COOOCCO
CC(C)OC(C(O)O)CO
CC(C)OC(C)(C)OOO
CC(C)OC(C)(O)C(O)O
CC(C)OC(C)(O)COO
CC(C)OC(C)(O)OCO
CC(C)OC(C)(OO)CO
CC(C)OC(C)C(O)(O)O
CC(C)OC(C)C(O)OO
CC(C)OC(C)COOO
CC(C)OC(C)OC(O)O
CC(C)OC(C)OCOO
CC(C)OC(C)OOCO
CC(C)OC(CC)OOO
CC(C)OC(CO)(O)CO
CC(C)OC(CO)COO
CC(C)OC(CO)OCO
CC(C)OC(O)(O)C(O)C
CC(C)OC(O)(O)CCO
CC(C)OC(O)C(C)OO
CC(C)OC(O)C(O)(O)C
CC(C)OC(O)C(O)CO
CC(C)OC(O)CC(O)O
CC(C)OC(O)CCOO
CC(C)OC(O)COCO
CC(C)OC(O)OCCO
CC(C)OC(OC)COO
CC(C)OC(OC)OCO
CC(C)OC(OO)C(O)C
CC(C)OC(OO)CCO
CC(C)OCC(C)(O)OO
CC(C)OCC(C)OOO
CC(C)OCC(O)(O)CO
CC(C)OCC(O)C(O)O
CC(C)OCC(O)COO
CC(C)OCC(O)OCO
CC(C)OCC(OO)CO
CC(C)OCCC(O)(O)O
CC(C)OCCC(O)OO
CC(C)OCCCOOO
CC(C)OCCOC(O)O
CC(C)OCCOCOO
CC(C)OCCOOCO
CC(C)OCOC(C)OO
CC(C)OCOC(O)(O)C
CC(C)OCOC(O)CO
CC(C)OCOCC(O)O
CC(C)OCOCCOO
CC(C)OCOCOCO
CC(C)OCOOCCO
CC(C)OOC(C)(C)OO
CC(C)OOC(C)(O)CO
CC(C)OOC(C)C(O)O
CC(C)OOC(C)COO
CC(C)OOC(C)OCO
CC(C)OOC(CO)CO
CC(C)OOC(O)C(O)C
CC(C)OOC(O)CCO
CC(C)OOCC(C)OO
CC(C)OOCC(O)(O)C
CC(C)OOCC(O)CO
CC(C)OOCCC(O)O
CC(C)OOCCCOO
CC(C)OOCCOCO
CC(C)OOCOCCO
CC(C)OOOC(C)(O)C
CC(C)OOOC(C)CO
CC(C)OOOCCCO
CC(C)OOOOC(C)C
CC(O)(O)C(C)(C)C(O)O
CC(O)(O)C(C)(C)COO
CC(O)(O)C(C)(C)OCO
CC(O)(O)C(C)(CO)CO
CC(O)(O)C(C)(O)CCO
CC(O)(O)C(C)C(C)OO
CC(O)(O)C(C)C(O)(O)C
CC(O)(O)C(C)C(O)CO
CC(O)(O)C(C)CC(O)O
CC(O)(O)C(C)CCOO
CC(O)(O)C(C)COCO
CC(O)(O)C(C)OCCO
CC(O)(O)C(CO)CCO
CC(O)(O)C(O)C(C)(O)C
CC(O)(O)C(O)C(C)CO
CC(O)(O)C(O)CCCO
CC(O)(O)CC(C)(C)OO
CC(O)(O)CC(C)(O)CO
CC(O)(O)CC(C)C(O)O
CC(O)(O)CC(C)COO
CC(O)(O)CC(C)OCO
CC(O)(O)CC(CO)CO
CC(O)(O)CC(O)CCO
CC(O)(O)CCC(C)OO
CC(O)(O)CCC(O)(O)C
CC(O)(O)CCC(O)CO
CC(O)(O)CCCC(O)O
CC(O)(O)CCCCOO
CC(O)(O)CCCOCO
CC(O)(O)CCOCCO
CC(O)(O)COC(C)(O)C
CC(O)(O)COC(C)CO
CC(O)(O)COCCCO
CC(O)(O)OC(C)(C)CO
CC(O)(O)OC(C)CCO
CC(O)(O)OCC(C)(O)C
CC(O)(O)OCC(C)CO
CC(O)(O)OCCCCO
CC(O)(O)OOC(C)(C)C
CC(O)C(C(O)(O)C)CO
CC(O)C(C(O)C)(O)CO
CC(O)C(C(O)C)COO
CC(O)C(C(O)C)OCO
CC(O)C(C(O)O)C(O)C
CC(O)C(C(O)O)CCO
CC(O)C(C)(C(O)O)CO
CC(O)C(C)(C)C(O)(O)O
CC(O)C(C)(C)C(O)OO
CC(O)C(C)(C)COOO
CC(O)C(C)(C)OC(O)O
CC(O)C(C)(C)OCOO
CC(O)C(C)(C)OOCO
CC(O)C(C)(CO)COO
CC(O)C(C)(CO)OCO
CC(O)C(C)(O)C(C)OO
CC(O)C(C)(O)C(O)(O)C
CC(O)C(C)(O)C(O)CO
CC(O)C(C)(O)CC(O)O
CC(O)C(C)(O)CCOO
CC(O)C(C)(O)COCO
CC(O)C(C)(O)OCCO
CC(O)C(C)(OO)C(O)C
CC(O)C(C)(OO)CCO
CC(O)C(C)C(C)(O)OO
CC(O)C(C)C(C)OOO
CC(O)C(C)C(O)(O)CO
CC(O)C(C)C(O)C(O)O
CC(O)C(C)C(O)COO
CC(O)C(C)C(O)OCO
CC(O)C(C)C(OO)CO
CC(O)C(C)CC(O)(O)O
CC(O)C(C)CC(O)OO
CC(O)C(C)CCOOO
CC(O)C(C)COC(O)O
CC(O)C(C)COCOO
CC(O)C(C)COOCO
CC(O)C(C)OC(C)OO
CC(O)C(C)OC(O)(O)C
CC(O)C(C)OC(O)CO
CC(O)C(C)OCC(O)O
CC(O)C(C)OCCOO
CC(O)C(C)OCOCO
CC(O)C(C)OOCCO
CC(O)C(CO)(CO)CO
CC(O)C(CO)(O)CCO
CC(O)C(CO)C(C)OO
CC(O)C(CO)C(O)CO
CC(O)C(CO)CC(O)O
CC(O)C(CO)CCOO
CC(O)C(CO)COCO
CC(O)C(CO)OCCO
CC(O)C(O)(O)C(C)(O)C
CC(O)C(O)(O)C(C)CO
CC(O)C(O)(O)CCCO
CC(O)C(O)C(C)(C)OO
CC(O)C(O)C(C)(O)CO
CC(O)C(O)C(C)C(O)O
CC(O)C(O)C(C)COO
CC(O)C(O)C(C)OCO
CC(O)C(O)C(CO)CO
CC(O)C(O)C(O)C(O)C
CC(O)C(O)C(O)CCO
CC(O)C(O)CC(C)OO
CC(O)C(O)CC(O)(O)C
CC(O)C(O)CC(O)CO
CC(O)C(O)CCC(O)O
CC(O)C(O)CCCOO
CC(O)C(O)CCOCO
CC(O)C(O)COCCO
CC(O)C(O)OC(C)(O)C
CC(O)C(O)OC(C)CO
CC(O)C(O)OCCCO
CC(O)C(OO)C(C)(O)C
CC(O)C(OO)C(C)CO
CC(O)C(OO)CCCO
CC(O)CC(C(O)O)CO
CC(O)CC(C)(C)OOO
CC(O)CC(C)(O)C(O)O
CC(O)CC(C)(O)COO
CC(O)CC(C)(O)OCO
CC(O)CC(C)(OO)CO
CC(O)CC(C)C(O)(O)O
CC(O)CC(C)C(O)OO
CC(O)CC(C)COOO
CC(O)CC(C)OC(O)O
CC(O)CC(C)OCOO
CC(O)CC(C)OOCO
CC(O)CC(CC)OOO
CC(O)CC(CO)(O)CO
CC(O)CC(CO)COO
CC(O)CC(CO)OCO
CC(O)CC(O)(O)C(O)C
CC(O)CC(O)(O)CCO
CC(O)CC(O)C(C)OO
CC(O)CC(O)C(O)(O)C
CC(O)CC(O)C(O)CO
CC(O)CC(O)CC(O)O
CC(O)CC(O)CCOO
CC(O)CC(O)COCO
CC(O)CC(O)OCCO
CC(O)CC(OC)COO
CC(O)CC(OC)OCO
CC(O)CC(OO)C(O)C
CC(O)CC(OO)CCO
CC(O)CCC(C)(O)OO
CC(O)CCC(C)OOO
CC(O)CCC(O)(O)CO
CC(O)CCC(O)C(O)O
CC(O)CCC(O)COO
CC(O)CCC(O)OCO
CC(O)CCC(OO)CO
CC(O)CCCC(O)(O)O
CC(O)CCCC(O)OO
CC(O)CCCCOOO
CC(O)CCCOC(O)O
CC(O)CCCOCOO
CC(O)CCCOOCO
CC(O)CCOC(C)OO
CC(O)CCOC(O)(O)C
CC(O)CCOC(O)CO
CC(O)CCOCC(O)O
CC(O)CCOCCOO
CC(O)CCOCOCO
CC(O)CCOOCCO
CC(O)COC(C)(C)OO
CC(O)COC(C)(O)CO
CC(O)COC(C)C(O)O
CC(O)COC(C)COO
CC(O)COC(C)OCO
CC(O)COC(CO)CO
CC(O)COC(O)C(O)C
CC(O)COC(O)CCO
CC(O)COCC(C)OO
CC(O)COCC(O)(O)C
CC(O)COCC(O)CO
CC(O)COCCC(O)O
CC(O)COCCCOO
CC(O)COCCOCO
CC(O)COCOCCO
CC(O)COOC(C)(O)C
CC(O)COOC(C)CO
CC(O)COOCC(O)C
CC(O)COOCCCO
CC(O)COOOC(C)C
CC(O)OC(C(O)C)CO
CC(O)OC(C)(C)C(O)O
CC(O)OC(C)(C)COO
CC(O)OC(C)(C)OCO
CC(O)OC(C)(CO)CO
CC(O)OC(C)(O)C(O)C
CC(O)OC(C)(O)CCO
CC(O)OC(C)C(C)OO
CC(O)OC(C)C(O)(O)C
CC(O)OC(C)C(O)CO
CC(O)OC(C)CC(O)O
CC(O)OC(C)CCOO
CC(O)OC(C)COCO
CC(O)OC(C)OC(O)C
CC(O)OC(C)OCCO
CC(O)OC(CC)COO
CC(O)OC(CC)OCO
CC(O)OC(CO)CCO
CC(O)OC(O)(O)C(C)C
CC(O)OC(O)C(C)(O)C
CC(O)OC(O)C(C)CO
CC(O)OC(O)CC(O)C
CC(O)OC(O)CCCO
CC(O)OC(O)OC(C)C
CC(O)OC(OC)CCO
CC(O)OC(OO)C(C)C
CC(O)OCC(C)(C)OO
CC(O)OCC(C)(O)CO
CC(O)OCC(C)C(O)O
CC(O)OCC(C)COO
CC(O)OCC(C)OCO
CC(O)OCC(CO)CO
CC(O)OCC(O)C(O)C
CC(O)OCC(O)CCO
CC(O)OCCC(C)OO
CC(O)OCCC(O)(O)C
CC(O)OCCC(O)CO
CC(O)OCCCC(O)O
CC(O)OCCCCOO
CC(O)OCCCOCO
CC(O)OCCOC(O)C
CC(O)OCCOCCO
CC(O)OCOC(C)(O)C
CC(O)OCOC(C)CO
CC(O)OCOCC(O)C
CC(O)OCOCCCO
CC(O)OCOOC(C)C
CC(O)OOC(C)(C)CO
CC(O)OOC(C)C(O)C
CC(O)OOC(C)CCO
CC(O)OOC(O)C(C)C
CC(O)OOCC(C)(O)C
CC(O)OOCC(C)CO
CC(O)OOCCC(O)C
CC(O)OOCCCCO
CC(O)OOCOC(C)C
CC(O)OOOC(C)(C)C
CC(O)OOOCC(C)C
CCC(C(C)(O)C)OOO
CCC(C(C)C)(O)OOO
CCC(C(C)C)OOOO
CCC(C(O)(O)C)(O)CO
CCC(C(O)(O)C)C(O)O
CCC(C(O)(O)C)COO
CCC(C(O)(O)C)OCO
CCC(C(O)(O)O)(O)CC
CCC(C(O)(O)O)C(O)C
CCC(C(O)(O)O)CCO
CCC(C(O)C)(O)COO
CCC(C(O)C)(O)OCO
CCC(C(O)C)(OO)CO
CCC(C(O)C)C(O)OO
CCC(C(O)C)COOO
CCC(C(O)C)OC(O)O
CCC(C(O)C)OCOO
CCC(C(O)C)OOCO
CCC(C(O)O)(O)C(O)C
CCC(C(O)O)(O)CCO
CCC(C(O)O)(OO)CC
CCC(C(O)O)C(C)OO
CCC(C(O)O)C(O)CO
CCC(C(O)O)CC(O)O
CCC(C(O)O)CCOO
CCC(C(O)O)COCO
CCC(C(O)O)OC(O)C
CCC(C(O)O)OCCO
CCC(C)(C(O)(O)O)CO
CCC(C)(C(O)C)OOO
CCC(C)(C(O)O)C(O)O
CCC(C)(C(O)O)COO
CCC(C)(C(O)O)OCO
CCC(C)(C)C(O)(O)OO
CCC(C)(C)C(O)OOO
CCC(C)(C)C(OO)OO
CCC(C)(C)COOOO
CCC(C)(C)OC(O)(O)O
CCC(C)(C)OC(O)OO
CCC(C)(C)OCOOO
CCC(C)(C)OOC(O)O
CCC(C)(C)OOCOO
CCC(C)(C)OOOCO
CCC(C)(CC)OOOO
CCC(C)(CO)C(O)OO
CCC(C)(CO)COOO
CCC(C)(CO)OC(O)O
CCC(C)(CO)OCOO
CCC(C)(CO)OOCO
CCC(C)(O)C(C)(O)OO
CCC(C)(O)C(C)OOO
CCC(C)(O)C(O)(O)CO
CCC(C)(O)C(O)C(O)O
CCC(C)(O)C(O)COO
CCC(C)(O)C(O)OCO
CCC(C)(O)C(OO)CO
CCC(C)(O)CC(O)(O)O
CCC(C)(O)CC(O)OO
CCC(C)(O)CCOOO
CCC(C)(O)COC(O)O
CCC(C)(O)COCOO
CCC(C)(O)COOCO
CCC(C)(O)OC(C)OO
CCC(C)(O)OC(O)(O)C
CCC(C)(O)OC(O)CO
CCC(C)(O)OCC(O)O
CCC(C)(O)OCCOO
CCC(C)(O)OCOCO
CCC(C)(O)OOC(O)C
CCC(C)(O)OOCCO
CCC(C)(OO)C(C)OO
CCC(C)(OO)C(O)(O)C
CCC(C)(OO)C(O)CO
CCC(C)(OO)CC(O)O
CCC(C)(OO)CCOO
CCC(C)(OO)COCO
CCC(C)(OO)OC(O)C
CCC(C)(OO)OCCO
CCC(C)C(C)(O)OOO
CCC(C)C(C)(OO)OO
CCC(C)C(C)OOOO
CCC(C)C(CO)OOO
CCC(C)C(O)(O)C(O)O
CCC(C)C(O)(O)COO
CCC(C)C(O)(O)OCO
CCC(C)C(O)(OO)CO
CCC(C)C(O)C(O)(O)O
CCC(C)C(O)C(O)OO
CCC(C)C(O)COOO
CCC(C)C(O)OC(O)O
CCC(C)C(O)OCOO
CCC(C)C(O)OOCO
CCC(C)C(OC)OOO
CCC(C)C(OO)C(O)O
CCC(C)C(OO)COO
CCC(C)C(OO)OCO
CCC(C)CC(O)(O)OO
CCC(C)CC(O)OOO
CCC(C)CC(OO)OO
CCC(C)CCOOOO
CCC(C)COC(O)(O)O
CCC(C)COC(O)OO
CCC(C)COCOOO
CCC(C)COOC(O)O
CCC(C)COOCOO
CCC(C)COOOCO
CCC(C)OC(C)(O)OO
CCC(C)OC(C)OOO
CCC(C)OC(O)(O)CO
CCC(C)OC(O)C(O)O
CCC(C)OC(O)COO
CCC(C)OC(O)OCO
CCC(C)OC(OO)CO
CCC(C)OCC(O)(O)O
CCC(C)OCC(O)OO
CCC(C)OCCOOO
CCC(C)OCOC(O)O
CCC(C)OCOCOO
CCC(C)OCOOCO
CCC(C)OOC(C)OO
CCC(C)OOC(O)(O)C
CCC(C)OOC(O)CO
CCC(C)OOCC(O)O
CCC(C)OOCCOO
CCC(C)OOCOCO
CCC(C)OOOC(O)C
CCC(C)OOOCCO
CCC(CC)(CO)OOO
CCC(CC)(O)C(O)OO
CCC(CC)(O)COOO
CCC(CC)(O)OC(O)O
CCC(CC)(O)OCOO
CCC(CC)(O)OOCO
CCC(CC)(OO)COO
CCC(CC)(OO)OCO
CCC(CC)C(O)(O)OO
CCC(CC)C(O)OOO
CCC(CC)C(OO)OO
CCC(CC)COOOO
CCC(CC)OC(O)(O)O
CCC(CC)OC(O)OO
CCC(CC)OCOOO
CCC(CC)OOC(O)O
CCC(CC)OOCOO
CCC(CC)OOOCO
CCC(CO)(C(O)O)CO
CCC(CO)(CO)COO
CCC(CO)(CO)OCO
CCC(CO)(O)C(C)OO
CCC(CO)(O)C(O)CO
CCC(CO)(O)CC(O)O
CCC(CO)(O)CCOO
CCC(CO)(O)COCO
CCC(CO)(O)OC(O)C
CCC(CO)(O)OCCO
CCC(CO)(OO)CCO
CCC(CO)C(C)(O)OO
CCC(CO)C(C)OOO
CCC(CO)C(O)(O)CO
CCC(CO)C(O)C(O)O
CCC(CO)C(O)COO
CCC(CO)C(O)OCO
CCC(CO)C(OO)CO
CCC(CO)CC(O)(O)O
CCC(CO)CC(O)OO
CCC(CO)CCOOO
CCC(CO)COC(O)O
CCC(CO)COCOO
CCC(CO)COOCO
CCC(CO)OC(C)OO
CCC(CO)OC(O)(O)C
CCC(CO)OC(O)CO
CCC(CO)OCC(O)O
CCC(CO)OCCOO
CCC(CO)OCOCO
CCC(CO)OOC(O)C
CCC(CO)OOCCO
CCC(O)(O)C(C)(C)OO
CCC(O)(O)C(C)(O)CO
CCC(O)(O)C(C)C(O)O
CCC(O)(O)C(C)COO
CCC(O)(O)C(C)OCO
CCC(O)(O)C(CO)CO
CCC(O)(O)C(O)(O)CC
CCC(O)(O)C(O)C(O)C
CCC(O)(O)C(O)CCO
CCC(O)(O)CC(C)OO
CCC(O)(O)CC(O)(O)C
CCC(O)(O)CC(O)CO
CCC(O)(O)CCC(O)O
CCC(O)(O)CCCOO
CCC(O)(O)CCOCO
CCC(O)(O)COC(O)C
CCC(O)(O)COCCO
CCC(O)(O)OC(C)(O)C
CCC(O)(O)OC(C)CO
CCC(O)(O)OCC(O)C
CCC(O)(O)OCCCO
CCC(O)(O)OOC(C)C
CCC(O)(OO)C(C)(O)C
CCC(O)(OO)C(C)CO
CCC(O)(OO)CC(O)C
CCC(O)(OO)CCCO
CCC(O)(OO)OC(C)C
CCC(O)C(C(O)O)CO
CCC(O)C(C)(C)OOO
CCC(O)C(C)(O)C(O)O
CCC(O)C(C)(O)COO
CCC(O)C(C)(O)OCO
CCC(O)C(C)(OO)CO
CCC(O)C(C)C(O)(O)O
CCC(O)C(C)C(O)OO
CCC(O)C(C)COOO
CCC(O)C(C)OC(O)O
CCC(O)C(C)OCOO
CCC(O)C(C)OOCO
CCC(O)C(CC)OOO
CCC(O)C(CO)(O)CO
CCC(O)C(CO)COO
CCC(O)C(CO)OCO
CCC(O)C(O)(O)C(O)C
CCC(O)C(O)(O)CCO
CCC(O)C(O)(OO)CC
CCC(O)C(O)C(C)OO
CCC(O)C(O)C(O)(O)C
CCC(O)C(O)C(O)CO
CCC(O)C(O)CC(O)O
CCC(O)C(O)CCOO
CCC(O)C(O)COCO
CCC(O)C(O)OC(O)C
CCC(O)C(O)OCCO
CCC(O)C(OC)COO
CCC(O)C(OC)OCO
CCC(O)C(OO)C(O)C
CCC(O)C(OO)CCO
CCC(O)CC(C)(O)OO
CCC(O)CC(C)OOO
CCC(O)CC(O)(O)CO
CCC(O)CC(O)C(O)O
CCC(O)CC(O)COO
CCC(O)CC(O)OCO
CCC(O)CC(OO)CO
CCC(O)CCC(O)(O)O
CCC(O)CCC(O)OO
CCC(O)CCCOOO
CCC(O)CCOC(O)O
CCC(O)CCOCOO
CCC(O)CCOOCO
CCC(O)COC(C)OO
CCC(O)COC(O)(O)C
CCC(O)COC(O)CO
CCC(O)COCC(O)O
CCC(O)COCCOO
CCC(O)COCOCO
CCC(O)COOC(O)C
CCC(O)COOCCO
CCC(O)OC(C)(C)OO
CCC(O)OC(C)(O)CO
CCC(O)OC(C)C(O)O
CCC(O)OC(C)COO
CCC(O)OC(C)OCO
CCC(O)OC(CO)CO
CCC(O)OC(O)(O)CC
CCC(O)OC(O)C(O)C
CCC(O)OC(O)CCO
CCC(O)OCC(C)OO
CCC(O)OCC(O)(O)C
CCC(O)OCC(O)CO
CCC(O)OCCC(O)O
CCC(O)OCCCOO
CCC(O)OCCOCO
CCC(O)OCOC(O)C
CCC(O)OCOCCO
CCC(O)OOC(C)(O)C
CCC(O)OOC(C)CO
CCC(O)OOC(O)CC
CCC(O)OOCC(O)C
CCC(O)OOCCCO
CCC(O)OOOC(C)C
CCC(OO)(OO)C(C)C
CCC(OO)C(C)(C)OO
CCC(OO)C(C)(O)CO
CCC(OO)C(C)C(O)O
CCC(OO)C(C)COO
CCC(OO)C(C)OCO
CCC(OO)C(CO)CO
CCC(OO)C(O)(O)CC
CCC(OO)C(O)C(O)C
CCC(OO)C(O)CCO
CCC(OO)C(OO)CC
CCC(OO)CC(C)OO
CCC(OO)CC(O)(O)C
CCC(OO)CC(O)CO
CCC(OO)CCC(O)O
CCC(OO)CCCOO
CCC(OO)CCOCO
CCC(OO)COC(O)C
CCC(OO)COCCO
CCC(OO)OC(C)(O)C
CCC(OO)OC(C)CO
CCC(OO)OC(O)CC
CCC(OO)OCC(O)C
CCC(OO)OCCCO
CCC(OO)OOC(C)C
CCCC(C(O)(O)O)CO
CCCC(C(O)C)OOO
CCCC(C(O)O)(O)CO
CCCC(C(O)O)C(O)O
CCCC(C(O)O)COO
CCCC(C(O)O)OCO
CCCC(C)(C)OOOO
CCCC(C)(CO)OOO
CCCC(C)(O)C(O)(O)O
CCCC(C)(O)C(O)OO
CCCC(C)(O)COOO
CCCC(C)(O)OC(O)O
CCCC(C)(O)OCOO
CCCC(C)(O)OOCO
CCCC(C)(OC)OOO
CCCC(C)(OO)C(O)O
CCCC(C)(OO)COO
CCCC(C)(OO)OCO
CCCC(C)C(O)(O)OO
CCCC(C)C(O)OOO
CCCC(C)C(OO)OO
CCCC(C)COOOO
CCCC(C)OC(O)(O)O
CCCC(C)OC(O)OO
CCCC(C)OCOOO
CCCC(C)OOC(O)O
CCCC(C)OOCOO
CCCC(C)OOOCO
CCCC(CC)(O)OOO
CCCC(CC)OOOO
CCCC(CO)(O)COO
CCCC(CO)(O)OCO
CCCC(CO)(OO)CO
CCCC(CO)C(O)OO
CCCC(CO)COOO
CCCC(CO)OC(O)O
CCCC(CO)OCOO
CCCC(CO)OOCO
CCCC(COO)COO
CCCC(O)(O)C(C)OO
CCCC(O)(O)C(O)(O)C
CCCC(O)(O)C(O)CO
CCCC(O)(O)CC(O)O
CCCC(O)(O)CCOO
CCCC(O)(O)COCO
CCCC(O)(O)OC(O)C
CCCC(O)(O)OCCO
CCCC(O)(OC)COO
CCCC(O)(OC)OCO
CCCC(O)(OO)C(O)C
CCCC(O)(OO)CCO
CCCC(O)C(C)(O)OO
CCCC(O)C(C)OOO
CCCC(O)C(O)(O)CO
CCCC(O)C(O)C(O)O
CCCC(O)C(O)COO
CCCC(O)C(O)OCO
CCCC(O)C(OO)CO
CCCC(O)CC(O)(O)O
CCCC(O)CC(O)OO
CCCC(O)CCOOO
CCCC(O)COC(O)O
CCCC(O)COCOO
CCCC(O)COOCO
CCCC(O)OC(C)OO
CCCC(O)OC(O)(O)C
CCCC(O)OC(O)CO
CCCC(O)OCC(O)O
CCCC(O)OCCOO
CCCC(O)OCOCO
CCCC(O)OOC(O)C
CCCC(O)OOCCO
CCCC(OC)C(O)OO
CCCC(OC)COOO
CCCC(OC)OC(O)O
CCCC(OC)OCOO
CCCC(OC)OOCO
CCCC(OCO)COO
CCCC(OCO)OCO
CCCC(OO)(OO)CC
CCCC(OO)C(C)OO
CCCC(OO)C(O)(O)C
CCCC(OO)C(O)CO
CCCC(OO)CC(O)O
CCCC(OO)CCOO
CCCC(OO)COCO
CCCC(OO)OC(O)C
CCCC(OO)OCCO
CCCC(OOO)CCO
CCCCC(C)(O)OOO
CCCCC(C)(OO)OO
CCCCC(C)OOOO
CCCCC(CO)OOO
CCCCC(O)(O)C(O)O
CCCCC(O)(O)COO
CCCCC(O)(O)OCO
CCCCC(O)(OO)CO
CCCCC(O)C(O)(O)O
CCCCC(O)C(O)OO
CCCCC(O)COOO
CCCCC(O)OC(O)O
CCCCC(O)OCOO
CCCCC(O)OOCO
CCCCC(OC)OOO
CCCCC(OO)C(O)O
CCCCC(OO)COO
CCCCC(OO)OCO
CCCCCC(O)(O)OO
CCCCCC(O)OOO
CCCCCC(OO)OO
CCCCCCOOOO
CCCCCOC(O)(O)O
CCCCCOC(O)OO
CCCCCOCOOO
CCCCCOOC(O)O
CCCCCOOCOO
CCCCCOOOCO
CCCCOC(C)(O)OO
CCCCOC(C)OOO
CCCCOC(O)(O)CO
CCCCOC(O)C(O)O
CCCCOC(O)COO
CCCCOC(O)OCO
CCCCOC(OO)CO
CCCCOCC(O)(O)O
CCCCOCC(O)OO
CCCCOCCOOO
CCCCOCOC(O)O
CCCCOCOCOO
CCCCOCOOCO
CCCCOOC(C)OO
CCCCOOC(O)(O)C
CCCCOOC(O)CO
CCCCOOCC(O)O
CCCCOOCCOO
CCCCOOCOCO
CCCCOOOC(O)C
CCCCOOOCCO
CCCOC(C(O)O)CO
CCCOC(C)(C)OOO
CCCOC(C)(O)C(O)O
CCCOC(C)(O)COO
CCCOC(C)(O)OCO
CCCOC(C)(OO)CO
CCCOC(C)C(O)(O)O
CCCOC(C)C(O)OO
CCCOC(C)COOO
CCCOC(C)OC(O)O
CCCOC(C)OCOO
CCCOC(C)OOCO
CCCOC(CC)OOO
CCCOC(CO)(O)CO
CCCOC(CO)COO
CCCOC(CO)OCO
CCCOC(O)(O)C(O)C
CCCOC(O)(O)CCO
CCCOC(O)(OO)CC
CCCOC(O)C(C)OO
CCCOC(O)C(O)(O)C
CCCOC(O)C(O)CO
CCCOC(O)CC(O)O
CCCOC(O)CCOO
CCCOC(O)COCO
CCCOC(O)OC(O)C
CCCOC(O)OCCO
CCCOC(OC)COO
CCCOC(OC)OCO
CCCOC(OO)C(O)C
CCCOC(OO)CCO
CCCOCC(C)(O)OO
CCCOCC(C)OOO
CCCOCC(O)(O)CO
CCCOCC(O)C(O)O
CCCOCC(O)COO
CCCOCC(O)OCO
CCCOCC(OO)CO
CCCOCCC(O)(O)O
CCCOCCC(O)OO
CCCOCCCOOO
CCCOCCOC(O)O
CCCOCCOCOO
CCCOCCOOCO
CCCOCOC(C)OO
CCCOCOC(O)(O)C
CCCOCOC(O)CO
CCCOCOCC(O)O
CCCOCOCCOO
CCCOCOCOCO
CCCOCOOC(O)C
CCCOCOOCCO
CCCOOC(C)(C)OO
CCCOOC(C)(O)CO
CCCOOC(C)C(O)O
CCCOOC(C)COO
CCCOOC(C)OCO
CCCOOC(CO)CO
CCCOOC(O)(O)CC
CCCOOC(O)C(O)C
CCCOOC(O)CCO
CCCOOC(OO)CC
CCCOOCC(C)OO
CCCOOCC(O)(O)C
CCCOOCC(O)CO
CCCOOCCC(O)O
CCCOOCCCOO
CCCOOCCOCO
CCCOOCOC(O)C
CCCOOCOCCO
CCCOOOC(C)(O)C
CCCOOOC(C)CO
CCCOOOC(O)CC
CCCOOOCC(O)C
CCCOOOCCCO
CCCOOOOC(C)C
CCCOOOOCCC
CCOC(C(C)C)OOO
CCOC(C(O)(O)C)CO
CCOC(C(O)(O)O)CC
CCOC(C(O)C)(O)CO
CCOC(C(O)C)COO
CCOC(C(O)C)OCO
CCOC(C(O)O)(O)CC
CCOC(C(O)O)C(O)C
CCOC(C(O)O)CCO
CCOC(C(O)O)OCC
CCOC(C)(C(O)O)CO
CCOC(C)(C)C(O)(O)O
CCOC(C)(C)C(O)OO
CCOC(C)(C)COOO
CCOC(C)(C)OC(O)O
CCOC(C)(C)OCOO
CCOC(C)(C)OOCO
CCOC(C)(CC)OOO
CCOC(C)(CO)COO
CCOC(C)(CO)OCO
CCOC(C)(O)C(C)OO
CCOC(C)(O)C(O)(O)C
CCOC(C)(O)C(O)CO
CCOC(C)(O)CC(O)O
CCOC(C)(O)CCOO
CCOC(C)(O)COCO
CCOC(C)(O)OC(O)C
CCOC(C)(O)OCCO
CCOC(C)(OC)COO
CCOC(C)(OC)OCO
CCOC(C)(OO)C(O)C
CCOC(C)(OO)CCO
CCOC(C)(OO)OCC
CCOC(C)C(C)(O)OO
CCOC(C)C(C)OOO
CCOC(C)C(O)(O)CO
CCOC(C)C(O)C(O)O
CCOC(C)C(O)COO
CCOC(C)C(O)OCO
CCOC(C)C(OO)CO
CCOC(C)CC(O)(O)O
CCOC(C)CC(O)OO
CCOC(C)CCOOO
CCOC(C)COC(O)O
CCOC(C)COCOO
CCOC(C)COOCO
CCOC(C)OC(C)OO
CCOC(C)OC(O)(O)C
CCOC(C)OC(O)CO
CCOC(C)OCC(O)O
CCOC(C)OCCOO
CCOC(C)OCOCO
CCOC(C)OOC(O)C
CCOC(C)OOCCO
CCOC(CC)(O)COO
CCOC(CC)(O)OCO
CCOC(CC)C(O)OO
CCOC(CC)COOO
CCOC(CC)OC(O)O
CCOC(CC)OCOO
CCOC(CC)OOCO
CCOC(CO)(CO)CO
CCOC(CO)(O)CCO
CCOC(CO)(O)OCC
CCOC(CO)(OO)CC
CCOC(CO)C(C)OO
CCOC(CO)C(O)CO
CCOC(CO)CC(O)O
CCOC(CO)CCOO
CCOC(CO)COCO
CCOC(CO)OC(O)C
CCOC(CO)OCCO
CCOC(COO)CCO
CCOC(O)(O)C(C)(O)C
CCOC(O)(O)C(C)CO
CCOC(O)(O)C(O)CC
CCOC(O)(O)CC(O)C
CCOC(O)(O)CCCO
CCOC(O)(O)OC(C)C
CCOC(O)(O)OCCC
CCOC(O)(OC)CCO
CCOC(O)(OC)OCC
CCOC(O)(OO)C(C)C
CCOC(O)(OO)CCC
CCOC(O)C(C)(C)OO
CCOC(O)C(C)(O)CO
CCOC(O)C(C)C(O)O
CCOC(O)C(C)COO
CCOC(O)C(C)OCO
CCOC(O)C(CO)CO
CCOC(O)C(O)(O)CC
CCOC(O)C(O)C(O)C
CCOC(O)C(O)CCO
CCOC(O)C(O)OCC
CCOC(O)C(OO)CC
CCOC(O)CC(C)OO
CCOC(O)CC(O)(O)C
CCOC(O)CC(O)CO
CCOC(O)CCC(O)O
CCOC(O)CCCOO
CCOC(O)CCOCO
CCOC(O)COC(O)C
CCOC(O)COCCO
CCOC(O)OC(C)(O)C
CCOC(O)OC(C)CO
CCOC(O)OC(O)CC
CCOC(O)OCC(O)C
CCOC(O)OCCCO
CCOC(O)OOC(C)C
CCOC(O)OOCCC
CCOC(OC)C(C)OO
CCOC(OC)C(O)CO
CCOC(OC)CC(O)O
CCOC(OC)CCOO
CCOC(OC)COCO
CCOC(OC)OC(O)C
CCOC(OC)OCCO
CCOC(OCC)COO
CCOC(OCC)OCO
CCOC(OCO)CCO
CCOC(OO)C(C)(O)C
CCOC(OO)C(C)CO
CCOC(OO)C(O)CC
CCOC(OO)CC(O)C
CCOC(OO)CCCO
CCOC(OO)OC(C)C
CCOC(OO)OCCC
CCOC(OOO)CCC
CCOCC(C(O)O)CO
CCOCC(C)(C)OOO
CCOCC(C)(O)C(O)O
CCOCC(C)(O)COO
CCOCC(C)(O)OCO
CCOCC(C)(OO)CO
CCOCC(C)C(O)(O)O
CCOCC(C)C(O)OO
CCOCC(C)COOO
CCOCC(C)OC(O)O
CCOCC(C)OCOO
CCOCC(C)OOCO
CCOCC(CC)OOO
CCOCC(CO)(O)CO
CCOCC(CO)COO
CCOCC(CO)OCO
CCOCC(O)(O)C(O)C
CCOCC(O)(O)CCO
CCOCC(O)(O)OCC
CCOCC(O)(OO)CC
CCOCC(O)C(C)OO
CCOCC(O)C(O)(O)C
CCOCC(O)C(O)CO
CCOCC(O)CC(O)O
CCOCC(O)CCOO
CCOCC(O)COCO
CCOCC(O)OC(O)C
CCOCC(O)OCCO
CCOCC(OC)COO
CCOCC(OC)OCO
CCOCC(OO)C(O)C
CCOCC(OO)CCO
CCOCC(OO)OCC
CCOCCC(C)(O)OO
CCOCCC(C)OOO
CCOCCC(O)(O)CO
CCOCCC(O)C(O)O
CCOCCC(O)COO
CCOCCC(O)OCO
CCOCCC(OO)CO
CCOCCCC(O)(O)O
CCOCCCC(O)OO
CCOCCCCOOO
CCOCCCOC(O)O
CCOCCCOCOO
CCOCCCOOCO
CCOCCOC(C)OO
CCOCCOC(O)(O)C
CCOCCOC(O)CO
CCOCCOCC(O)O
CCOCCOCCOO
CCOCCOCOCO
CCOCCOOC(O)C
CCOCCOOCCO
CCOCOC(C)(C)OO
CCOCOC(C)(O)CO
CCOCOC(C)C(O)O
CCOCOC(C)COO
CCOCOC(C)OCO
CCOCOC(CO)CO
CCOCOC(O)(O)CC
CCOCOC(O)C(O)C
CCOCOC(O)CCO
CCOCOC(O)OCC
CCOCOC(OO)CC
CCOCOCC(C)OO
CCOCOCC(O)(O)C
CCOCOCC(O)CO
CCOCOCCC(O)O
CCOCOCCCOO
CCOCOCCOCO
CCOCOCOC(O)C
CCOCOCOCCO
CCOCOOC(C)(O)C
CCOCOOC(C)CO
CCOCOOC(O)CC
CCOCOOCC(O)C
CCOCOOCCCO
CCOCOOCOCC
CCOCOOOC(C)C
CCOCOOOCCC
CCOOC(C(O)C)CO
CCOOC(C(O)O)CC
CCOOC(C)(C)C(O)O
CCOOC(C)(C)COO
CCOOC(C)(C)OCO
CCOOC(C)(CO)CO
CCOOC(C)(O)C(O)C
CCOOC(C)(O)CCO
CCOOC(C)(O)OCC
CCOOC(C)(OO)CC
CCOOC(C)C(C)OO
CCOOC(C)C(O)(O)C
CCOOC(C)C(O)CO
CCOOC(C)CC(O)O
CCOOC(C)CCOO
CCOOC(C)COCO
CCOOC(C)OC(O)C
CCOOC(C)OCCO
CCOOC(C)OOCC
CCOOC(CC)COO
CCOOC(CC)OCO
CCOOC(CO)(O)CC
CCOOC(CO)CCO
CCOOC(CO)OCC
CCOOC(O)(O)C(C)C
CCOOC(O)(O)CCC
CCOOC(O)C(C)(O)C
CCOOC(O)C(C)CO
CCOOC(O)C(O)CC
CCOOC(O)CC(O)C
CCOOC(O)CCCO
CCOOC(O)COCC
CCOOC(O)OC(C)C
CCOOC(O)OCCC
CCOOC(OC)CCO
CCOOC(OC)OCC
CCOOC(OO)C(C)C
CCOOC(OO)CCC
CCOOCC(C)(C)OO
CCOOCC(C)(O)CO
CCOOCC(C)C(O)O
CCOOCC(C)COO
CCOOCC(C)OCO
CCOOCC(CO)CO
CCOOCC(O)(O)CC
CCOOCC(O)C(O)C
CCOOCC(O)CCO
CCOOCC(O)OCC
CCOOCC(OO)CC
CCOOCCC(C)OO
CCOOCCC(O)(O)C
CCOOCCC(O)CO
CCOOCCCC(O)O
CCOOCCCCOO
CCOOCCCOCO
CCOOCCOC(O)C
CCOOCCOCCO
CCOOCCOOCC
CCOOCOC(C)(O)C
CCOOCOC(C)CO
CCOOCOC(O)CC
CCOOCOCC(O)C
CCOOCOCCCO
CCOOCOCOCC
CCOOCOOC(C)C
CCOOCOOCCC
CCOOOC(C)(C)CO
CCOOOC(C)(O)CC
CCOOOC(C)C(O)C
CCOOOC(C)CCO
CCOOOC(C)OCC
CCOOOC(CO)CC
CCOOOC(O)C(C)C
CCOOOC(O)CCC
CCOOOCC(C)(O)C
CCOOOCC(C)CO
CCOOOCC(O)CC
CCOOOCCC(O)C
CCOOOCCCCO
CCOOOCCOCC
CCOOOCOC(C)C
CCOOOCOCCC
CCOOOOC(C)(C)C
CCOOOOC(C)CC
CCOOOOCC(C)C
CCOOOOCCCC
COC(C(C)(C)C)OOO
COC(C(C)(O)C)(O)CO
COC(C(C)(O)C)C(O)O
COC(C(C)(O)C)COO
COC(C(C)(O)C)OCO
COC(C(C)C)(O)COO
COC(C(C)C)(O)OCO
COC(C(C)C)(OO)CO
COC(C(C)C)C(O)OO
COC(C(C)C)COOO
COC(C(C)C)OC(O)O
COC(C(C)C)OCOO
COC(C(C)C)OOCO
COC(C(O)(O)C)(O)CC
COC(C(O)(O)C)C(O)C
COC(C(O)(O)C)CCO
COC(C(O)(O)C)OCC
COC(C(O)(O)O)C(C)C
COC(C(O)(O)O)CCC
COC(C(O)C)(O)C(O)C
COC(C(O)C)(O)CCO
COC(C(O)C)(O)OCC
COC(C(O)C)(OC)CO
COC(C(O)C)(OO)CC
COC(C(O)C)C(C)OO
COC(C(O)C)C(O)CO
COC(C(O)C)C(O)OC
COC(C(O)C)CC(O)O
COC(C(O)C)CCOO
COC(C(O)C)COCO
COC(C(O)C)OC(O)C
COC(C(O)C)OCCO
COC(C(O)C)OOCC
COC(C(O)O)(O)C(C)C
COC(C(O)O)(O)CCC
COC(C(O)O)(OC)CC
COC(C(O)O)C(C)CO
COC(C(O)O)C(C)OC
COC(C(O)O)C(O)CC
COC(C(O)O)CC(O)C
COC(C(O)O)CCCO
COC(C(O)O)COCC
COC(C(O)O)OC(C)C
COC(C(O)O)OCCC
COC(C)(C(C)C)OOO
COC(C)(C(O)(O)C)CO
COC(C)(C(O)(O)O)CC
COC(C)(C(O)C)COO
COC(C)(C(O)C)OCO
COC(C)(C(O)O)C(O)C
COC(C)(C(O)O)CCO
COC(C)(C(O)O)OCC
COC(C)(C)C(C)(O)OO
COC(C)(C)C(C)OOO
COC(C)(C)C(O)(O)CO
COC(C)(C)C(O)(O)OC
COC(C)(C)C(O)C(O)O
COC(C)(C)C(O)COO
COC(C)(C)C(O)OCO
COC(C)(C)C(OO)CO
COC(C)(C)CC(O)(O)O
COC(C)(C)CC(O)OO
COC(C)(C)CCOOO
COC(C)(C)COC(O)O
COC(C)(C)COCOO
COC(C)(C)COOCO
COC(C)(C)OC(C)OO
COC(C)(C)OC(O)(O)C
COC(C)(C)OC(O)CO
COC(C)(C)OCC(O)O
COC(C)(C)OCCOO
COC(C)(C)OCOCO
COC(C)(C)OOC(O)C
COC(C)(C)OOCCO
COC(C)(C)OOOCC
COC(C)(CC)C(O)OO
COC(C)(CC)COOO
COC(C)(CC)OC(O)O
COC(C)(CC)OCOO
COC(C)(CC)OOCO
COC(C)(CO)C(C)OO
COC(C)(CO)C(O)CO
COC(C)(CO)CC(O)O
COC(C)(CO)CCOO
COC(C)(CO)COCO
COC(C)(CO)OC(O)C
COC(C)(CO)OCCO
COC(C)(CO)OOCC
COC(C)(O)C(C)(C)OO
COC(C)(O)C(C)(O)CO
COC(C)(O)C(C)(O)OC
COC(C)(O)C(C)C(O)O
COC(C)(O)C(C)COO
COC(C)(O)C(C)OCO
COC(C)(O)C(CO)CO
COC(C)(O)C(O)(O)CC
COC(C)(O)C(O)C(O)C
COC(C)(O)C(O)CCO
COC(C)(O)C(O)OCC
COC(C)(O)C(OO)CC
COC(C)(O)CC(C)OO
COC(C)(O)CC(O)(O)C
COC(C)(O)CC(O)CO
COC(C)(O)CCC(O)O
COC(C)(O)CCCOO
COC(C)(O)CCOCO
COC(C)(O)COC(O)C
COC(C)(O)COCCO
COC(C)(O)COOCC
COC(C)(O)OC(C)(O)C
COC(C)(O)OC(C)CO
COC(C)(O)OC(O)CC
COC(C)(O)OCC(O)C
COC(C)(O)OCCCO
COC(C)(O)OCOCC
COC(C)(O)OOC(C)C
COC(C)(O)OOCCC
COC(C)(OC)C(C)OO
COC(C)(OC)C(O)(O)C
COC(C)(OC)C(O)CO
COC(C)(OC)CC(O)O
COC(C)(OC)CCOO
COC(C)(OC)COCO
COC(C)(OC)OC(O)C
COC(C)(OC)OCCO
COC(C)(OC)OOCC
COC(C)(OO)C(C)(O)C
COC(C)(OO)C(C)CO
COC(C)(OO)C(O)CC
COC(C)(OO)CC(O)C
COC(C)(OO)CCCO
COC(C)(OO)COCC
COC(C)(OO)OC(C)C
COC(C)(OO)OCCC
COC(C)C(C(O)O)CO
COC(C)C(C)(C)OOO
COC(C)C(C)(O)C(O)O
COC(C)C(C)(O)COO
COC(C)C(C)(O)OCO
COC(C)C(C)(OO)CO
COC(C)C(C)(OO)OC
COC(C)C(C)C(O)(O)O
COC(C)C(C)C(O)OO
COC(C)C(C)COOO
COC(C)C(C)OC(O)O
COC(C)C(C)OCOO
COC(C)C(C)OOCO
COC(C)C(CC)OOO
COC(C)C(CO)(O)CO
COC(C)C(CO)COO
COC(C)C(CO)OCO
COC(C)C(O)(O)C(O)C
COC(C)C(O)(O)CCO
COC(C)C(O)(O)OCC
COC(C)C(O)(OC)CO
COC(C)C(O)(OC)OC
COC(C)C(O)(OO)CC
COC(C)C(O)C(C)OO
COC(C)C(O)C(O)(O)C
COC(C)C(O)C(O)CO
COC(C)C(O)C(O)OC
COC(C)C(O)CC(O)O
COC(C)C(O)CCOO
COC(C)C(O)COCO
COC(C)C(O)OC(O)C
COC(C)C(O)OCCO
COC(C)C(O)OOCC
COC(C)C(OC)COO
COC(C)C(OC)OCO
COC(C)C(OO)C(O)C
COC(C)C(OO)CCO
COC(C)C(OO)OCC
COC(C)CC(C)(O)OO
COC(C)CC(C)OOO
COC(C)CC(O)(O)CO
COC(C)CC(O)(O)OC
COC(C)CC(O)C(O)O
COC(C)CC(O)COO
COC(C)CC(O)OCO
COC(C)CC(OO)CO
COC(C)CC(OO)OC
COC(C)CCC(O)(O)O
COC(C)CCC(O)OO
COC(C)CCCOOO
COC(C)CCOC(O)O
COC(C)CCOCOO
COC(C)CCOOCO
COC(C)COC(C)OO
COC(C)COC(O)(O)C
COC(C)COC(O)CO
COC(C)COCC(O)O
COC(C)COCCOO
COC(C)COCOCO
COC(C)COOC(O)C
COC(C)COOCCO
COC(C)COOOCC
COC(C)OC(C)(C)OO
COC(C)OC(C)(O)CO
COC(C)OC(C)(O)OC
COC(C)OC(C)C(O)O
COC(C)OC(C)COO
COC(C)OC(C)OCO
COC(C)OC(CO)CO
COC(C)OC(O)(O)CC
COC(C)OC(O)C(O)C
COC(C)OC(O)CCO
COC(C)OC(O)OCC
COC(C)OC(OO)CC
COC(C)OCC(C)OO
COC(C)OCC(O)(O)C
COC(C)OCC(O)CO
COC(C)OCCC(O)O
COC(C)OCCCOO
COC(C)OCCOCO
COC(C)OCOC(O)C
COC(C)OCOCCO
COC(C)OCOOCC
COC(C)OOC(C)(O)C
COC(C)OOC(C)CO
COC(C)OOC(C)OC
COC(C)OOC(O)CC
COC(C)OOCC(O)C
COC(C)OOCCCO
COC(C)OOCOCC
COC(C)OOOC(C)C
COC(C)OOOCCC
COC(CC)(CC)OOO
COC(CC)(CO)COO
COC(CC)(CO)OCO
COC(CC)(O)C(C)OO
COC(CC)(O)C(O)CO
COC(CC)(O)CC(O)O
COC(CC)(O)CCOO
COC(CC)(O)COCO
COC(CC)(O)OC(O)C
COC(CC)(O)OCCO
COC(CC)(O)OOCC
COC(CC)(OC)COO
COC(CC)(OC)OCO
COC(CC)(OO)CCO
COC(CC)(OO)OCC
COC(CC)C(C)(O)OO
COC(CC)C(C)OOO
COC(CC)C(O)(O)CO
COC(CC)C(O)(O)OC
COC(CC)C(O)C(O)O
COC(CC)C(O)COO
COC(CC)C(O)OCO
COC(CC)C(OO)CO
COC(CC)C(OO)OC
COC(CC)CC(O)(O)O
COC(CC)CC(O)OO
COC(CC)CCOOO
COC(CC)COC(O)O
COC(CC)COCOO
COC(CC)COOCO
COC(CC)OC(C)OO
COC(CC)OC(O)(O)C
COC(CC)OC(O)CO
COC(CC)OCC(O)O
COC(CC)OCCOO
COC(CC)OCOCO
COC(CC)OOC(O)C
COC(CC)OOCCO
COC(CC)OOOCC
COC(CO)(C(O)C)CO
COC(CO)(C(O)O)CC
COC(CO)(CO)CCO
COC(CO)(CO)OCC
COC(CO)(O)C(C)CO
COC(CO)(O)C(O)CC
COC(CO)(O)CC(O)C
COC(CO)(O)CCCO
COC(CO)(O)COCC
COC(CO)(O)OC(C)C
COC(CO)(O)OCCC
COC(CO)(OC)CCO
COC(CO)(OC)OCC
COC(CO)(OO)CCC
COC(CO)C(C)(C)OO
COC(CO)C(C)(O)CO
COC(CO)C(C)(O)OC
COC(CO)C(C)C(O)O
COC(CO)C(C)COO
COC(CO)C(C)OCO
COC(CO)C(CO)CO
COC(CO)C(O)(O)CC
COC(CO)C(O)C(O)C
COC(CO)C(O)CCO
COC(CO)C(O)OCC
COC(CO)C(OC)CO
COC(CO)C(OC)OC
COC(CO)C(OO)CC
COC(CO)CC(C)OO
COC(CO)CC(O)(O)C
COC(CO)CC(O)CO
COC(CO)CC(O)OC
COC(CO)CCC(O)O
COC(CO)CCCOO
COC(CO)CCOCO
COC(CO)COC(O)C
COC(CO)COCCO
COC(CO)COOCC
COC(CO)OC(C)(O)C
COC(CO)OC(C)CO
COC(CO)OC(C)OC
COC(CO)OC(O)CC
COC(CO)OCC(O)C
COC(CO)OCCCO
COC(CO)OCOCC
COC(CO)OOC(C)C
COC(CO)OOCCC
COC(O)(O)C(C)(C)CO
COC(O)(O)C(C)(O)CC
COC(O)(O)C(C)C(O)C
COC(O)(O)C(C)CCO
COC(O)(O)C(C)OCC
COC(O)(O)C(CO)CC
COC(O)(O)C(O)C(C)C
COC(O)(O)C(O)CCC
COC(O)(O)CC(C)(O)C
COC(O)(O)CC(C)CO
COC(O)(O)CC(O)CC
COC(O)(O)CCC(O)C
COC(O)(O)CCCCO
COC(O)(O)CCOCC
COC(O)(O)COC(C)C
COC(O)(O)COCCC
COC(O)(O)OC(C)(C)C
COC(O)(O)OC(C)CC
COC(O)(O)OCC(C)C
COC(O)(O)OCCCC
COC(O)(OC)C(C)(O)C
COC(O)(OC)C(C)CO
COC(O)(OC)C(O)CC
COC(O)(OC)CC(O)C
COC(O)(OC)CCCO
COC(O)(OC)COCC
COC(O)(OC)OC(C)C
COC(O)(OC)OCCC
COC(O)(OO)C(C)(C)C
COC(O)(OO)C(C)CC
COC(O)(OO)CC(C)C
COC(O)(OO)CCCC
COC(O)C(C(O)C)CO
COC(O)C(C(O)O)CC
COC(O)C(C)(C)C(O)O
COC(O)C(C)(C)COO
COC(O)C(C)(C)OCO
COC(O)C(C)(CO)CO
COC(O)C(C)(O)C(O)C
COC(O)C(C)(O)CCO
COC(O)C(C)(O)OCC
COC(O)C(C)(OC)CO
COC(O)C(C)(OC)OC
COC(O)C(C)(OO)CC
COC(O)C(C)C(C)OO
COC(O)C(C)C(O)(O)C
COC(O)C(C)C(O)CO
COC(O)C(C)C(O)OC
COC(O)C(C)CC(O)O
COC(O)C(C)CCOO
COC(O)C(C)COCO
COC(O)C(C)OC(O)C
COC(O)C(C)OCCO
COC(O)C(C)OOCC
COC(O)C(CC)COO
COC(O)C(CC)OCO
COC(O)C(CO)(O)CC
COC(O)C(CO)CCO
COC(O)C(CO)OCC
COC(O)C(O)(O)C(C)C
COC(O)C(O)(O)CCC
COC(O)C(O)(OC)CC
COC(O)C(O)C(C)(O)C
COC(O)C(O)C(C)CO
COC(O)C(O)C(O)CC
COC(O)C(O)CC(O)C
COC(O)C(O)CCCO
COC(O)C(O)COCC
COC(O)C(O)OC(C)C
COC(O)C(O)OCCC
COC(O)C(OC)CCO
COC(O)C(OC)OCC
COC(O)C(OO)C(C)C
COC(O)C(OO)CCC
COC(O)CC(C)(C)OO
COC(O)CC(C)(O)CO
COC(O)CC(C)(O)OC
COC(O)CC(C)C(O)O
COC(O)CC(C)COO
COC(O)CC(C)OCO
COC(O)CC(CO)CO
COC(O)CC(O)(O)CC
COC(O)CC(O)C(O)C
COC(O)CC(O)CCO
COC(O)CC(O)OCC
COC(O)CC(OO)CC
COC(O)CCC(C)OO
COC(O)CCC(O)(O)C
COC(O)CCC(O)CO
COC(O)CCC(O)OC
COC(O)CCCC(O)O
COC(O)CCCCOO
COC(O)CCCOCO
COC(O)CCOC(O)C
COC(O)CCOCCO
COC(O)CCOOCC
COC(O)COC(C)(O)C
COC(O)COC(C)CO
COC(O)COC(C)OC
COC(O)COC(O)CC
COC(O)COCC(O)C
COC(O)COCCCO
COC(O)COCOCC
COC(O)COOC(C)C
COC(O)COOCCC
COC(O)OC(C)(C)CO
COC(O)OC(C)(C)OC
COC(O)OC(C)(O)CC
COC(O)OC(C)C(O)C
COC(O)OC(C)CCO
COC(O)OC(C)OCC
COC(O)OC(CO)CC
COC(O)OC(O)C(C)C
COC(O)OC(O)CCC
COC(O)OC(OC)CC
COC(O)OCC(C)(O)C
COC(O)OCC(C)CO
COC(O)OCC(C)OC
COC(O)OCC(O)CC
COC(O)OCCC(O)C
COC(O)OCCCCO
COC(O)OCCOCC
COC(O)OCOC(C)C
COC(O)OCOCCC
COC(O)OOC(C)(C)C
COC(O)OOC(C)CC
COC(O)OOCC(C)C
COC(O)OOCCCC
COC(OC)(OC)C(O)C
COC(OC)(OC)CCO
COC(OC)(OC)OCC
COC(OC)(OO)C(C)C
COC(OC)(OO)CCC
COC(OC)C(C)(C)OO
COC(OC)C(C)(O)CO
COC(OC)C(C)(O)OC
COC(OC)C(C)C(O)O
COC(OC)C(C)COO
COC(OC)C(C)OCO
COC(OC)C(CO)CO
COC(OC)C(O)(O)CC
COC(OC)C(O)C(O)C
COC(OC)C(O)CCO
COC(OC)C(O)OCC
COC(OC)C(OC)OC
COC(OC)C(OO)CC
COC(OC)CC(C)OO
COC(OC)CC(O)(O)C
COC(OC)CC(O)CO
COC(OC)CC(O)OC
COC(OC)CCC(O)O
COC(OC)CCCOO
COC(OC)CCOCO
COC(OC)COC(O)C
COC(OC)COCCO
COC(OC)COOCC
COC(OC)OC(C)(O)C
COC(OC)OC(C)CO
COC(OC)OC(C)OC
COC(OC)OC(O)CC
COC(OC)OCC(O)C
COC(OC)OCCCO
COC(OC)OCOCC
COC(OC)OOC(C)C
COC(OC)OOCCC
COC(OO)C(C)(C)CO
COC(OO)C(C)(C)OC
COC(OO)C(C)(O)CC
COC(OO)C(C)C(O)C
COC(OO)C(C)CCO
COC(OO)C(C)OCC
COC(OO)C(CO)CC
COC(OO)C(O)C(C)C
COC(OO)C(O)CCC
COC(OO)CC(C)(O)C
COC(OO)CC(C)CO
COC(OO)CC(O)CC
COC(OO)CCC(O)C
COC(OO)CCCCO
COC(OO)CCOCC
COC(OO)COC(C)C
COC(OO)COCCC
COC(OO)OC(C)(C)C
COC(OO)OC(C)CC
COC(OO)OCC(C)C
COC(OO)OCCCC
COCC(C(C)C)OOO
COCC(C(O)(O)C)CO
COCC(C(O)(O)O)CC
COCC(C(O)C)(O)CO
COCC(C(O)C)COO
COCC(C(O)C)OCO
COCC(C(O)O)(O)CC
COCC(C(O)O)C(O)C
COCC(C(O)O)CCO
COCC(C(O)O)COC
COCC(C(O)O)OCC
COCC(C)(C(O)O)CO
COCC(C)(C)C(O)(O)O
COCC(C)(C)C(O)OO
COCC(C)(C)COOO
COCC(C)(C)OC(O)O
COCC(C)(C)OCOO
COCC(C)(C)OOCO
COCC(C)(CC)OOO
COCC(C)(CO)COO
COCC(C)(CO)OCO
COCC(C)(O)C(C)OO
COCC(C)(O)C(O)(O)C
COCC(C)(O)C(O)CO
COCC(C)(O)C(O)OC
COCC(C)(O)CC(O)O
COCC(C)(O)CCOO
COCC(C)(O)COCO
COCC(C)(O)OC(O)C
COCC(C)(O)OCCO
COCC(C)(O)OOCC
COCC(C)(OC)C(O)O
COCC(C)(OC)COO
COCC(C)(OC)OCO
COCC(C)(OO)C(O)C
COCC(C)(OO)CCO
COCC(C)(OO)COC
COCC(C)(OO)OCC
COCC(C)C(C)(O)OO
COCC(C)C(C)OOO
COCC(C)C(O)(O)CO
COCC(C)C(O)(O)OC
COCC(C)C(O)C(O)O
COCC(C)C(O)COO
COCC(C)C(O)OCO
COCC(C)C(OO)CO
COCC(C)C(OO)OC
COCC(C)CC(O)(O)O
COCC(C)CC(O)OO
COCC(C)CCOOO
COCC(C)COC(O)O
COCC(C)COCOO
COCC(C)COOCO
COCC(C)OC(C)OO
COCC(C)OC(O)(O)C
COCC(C)OC(O)CO
COCC(C)OC(O)OC
COCC(C)OCC(O)O
COCC(C)OCCOO
COCC(C)OCOCO
COCC(C)OOC(O)C
COCC(C)OOCCO
COCC(C)OOOCC
COCC(CC)(O)COO
COCC(CC)(O)OCO
COCC(CC)C(O)OO
COCC(CC)COOO
COCC(CC)OC(O)O
COCC(CC)OCOO
COCC(CC)OOCO
COCC(CO)(CO)CO
COCC(CO)(O)CCO
COCC(CO)(O)COC
COCC(CO)(O)OCC
COCC(CO)(OC)CO
COCC(CO)(OO)CC
COCC(CO)C(C)OO
COCC(CO)C(O)CO
COCC(CO)C(O)OC
COCC(CO)CC(O)O
COCC(CO)CCOO
COCC(CO)COCO
COCC(CO)OC(O)C
COCC(CO)OCCO
COCC(CO)OOCC
COCC(COO)CCO
COCC(COO)COC
COCC(O)(O)C(C)(O)C
COCC(O)(O)C(C)CO
COCC(O)(O)C(C)OC
COCC(O)(O)C(O)CC
COCC(O)(O)CC(O)C
COCC(O)(O)CCCO
COCC(O)(O)COCC
COCC(O)(O)OC(C)C
COCC(O)(O)OCCC
COCC(O)(OC)C(O)C
COCC(O)(OC)CCO
COCC(O)(OC)COC
COCC(O)(OC)OCC
COCC(O)(OO)C(C)C
COCC(O)(OO)CCC
COCC(O)C(C)(C)OO
COCC(O)C(C)(O)CO
COCC(O)C(C)(O)OC
COCC(O)C(C)C(O)O
COCC(O)C(C)COO
COCC(O)C(C)OCO
COCC(O)C(CO)CO
COCC(O)C(O)(O)CC
COCC(O)C(O)C(O)C
COCC(O)C(O)CCO
COCC(O)C(O)COC
COCC(O)C(O)OCC
COCC(O)C(OC)CO
COCC(O)C(OC)OC
COCC(O)C(OO)CC
COCC(O)CC(C)OO
COCC(O)CC(O)(O)C
COCC(O)CC(O)CO
COCC(O)CC(O)OC
COCC(O)CCC(O)O
COCC(O)CCCOO
COCC(O)CCOCO
COCC(O)COC(O)C
COCC(O)COCCO
COCC(O)COOCC
COCC(O)OC(C)(O)C
COCC(O)OC(C)CO
COCC(O)OC(C)OC
COCC(O)OC(O)CC
COCC(O)OCC(O)C
COCC(O)OCCCO
COCC(O)OCOCC
COCC(O)OOC(C)C
COCC(O)OOCCC
COCC(OC)(OC)CO
COCC(OC)(OC)OC
COCC(OC)(OO)CC
COCC(OC)C(C)OO
COCC(OC)C(O)(O)C
COCC(OC)C(O)CO
COCC(OC)C(O)OC
COCC(OC)CC(O)O
COCC(OC)CCOO
COCC(OC)COCO
COCC(OC)OC(O)C
COCC(OC)OCCO
COCC(OC)OOCC
COCC(OCC)COO
COCC(OCC)OCO
COCC(OCO)CCO
COCC(OCO)COC
COCC(OO)C(C)(O)C
COCC(OO)C(C)CO
COCC(OO)C(C)OC
COCC(OO)C(O)CC
COCC(OO)CC(O)C
COCC(OO)CCCO
COCC(OO)COCC
COCC(OO)OC(C)C
COCC(OO)OCCC
COCC(OOO)CCC
COCCC(C(O)O)CO
COCCC(C)(C)OOO
COCCC(C)(O)C(O)O
COCCC(C)(O)COO
COCCC(C)(O)OCO
COCCC(C)(OO)CO
COCCC(C)(OO)OC
COCCC(C)C(O)(O)O
COCCC(C)C(O)OO
COCCC(C)COOO
COCCC(C)OC(O)O
COCCC(C)OCOO
COCCC(C)OOCO
COCCC(CC)OOO
COCCC(CO)(O)CO
COCCC(CO)COO
COCCC(CO)OCO
COCCC(O)(O)C(O)C
COCCC(O)(O)CCO
COCCC(O)(O)COC
COCCC(O)(O)OCC
COCCC(O)(OC)CO
COCCC(O)(OC)OC
COCCC(O)(OO)CC
COCCC(O)C(C)OO
COCCC(O)C(O)(O)C
COCCC(O)C(O)CO
COCCC(O)C(O)OC
COCCC(O)CC(O)O
COCCC(O)CCOO
COCCC(O)COCO
COCCC(O)OC(O)C
COCCC(O)OCCO
COCCC(O)OOCC
COCCC(OC)C(O)O
COCCC(OC)COO
COCCC(OC)OCO
COCCC(OO)C(O)C
COCCC(OO)CCO
COCCC(OO)COC
COCCC(OO)OCC
COCCCC(C)(O)OO
COCCCC(C)OOO
COCCCC(O)(O)CO
COCCCC(O)(O)OC
COCCCC(O)C(O)O
COCCCC(O)COO
COCCCC(O)OCO
COCCCC(OO)CO
COCCCC(OO)OC
COCCCCC(O)(O)O
COCCCCC(O)OO
COCCCCCOOO
COCCCCOC(O)O
COCCCCOCOO
COCCCCOOCO
COCCCOC(C)OO
COCCCOC(O)(O)C
COCCCOC(O)CO
COCCCOC(O)OC
COCCCOCC(O)O
COCCCOCCOO
COCCCOCOCO
COCCCOOC(O)C
COCCCOOCCO
COCCCOOOCC
COCCOC(C)(C)OO
COCCOC(C)(O)CO
COCCOC(C)(O)OC
COCCOC(C)C(O)O
COCCOC(C)COO
COCCOC(C)OCO
COCCOC(CO)CO
COCCOC(O)(O)CC
COCCOC(O)C(O)C
COCCOC(O)CCO
COCCOC(O)COC
COCCOC(O)OCC
COCCOC(OC)CO
COCCOC(OC)OC
COCCOC(OO)CC
COCCOCC(C)OO
COCCOCC(O)(O)C
COCCOCC(O)CO
COCCOCC(O)OC
COCCOCCC(O)O
COCCOCCCOO
COCCOCCOCO
COCCOCOC(O)C
COCCOCOCCO
COCCOCOOCC
COCCOOC(C)(O)C
COCCOOC(C)CO
COCCOOC(C)OC
COCCOOC(O)CC
COCCOOCC(O)C
COCCOOCCCO
COCCOOCCOC
COCCOOCOCC
COCCOOOC(C)C
COCCOOOCCC
COCOC(C(O)C)CO
COCOC(C(O)O)CC
COCOC(C)(C)C(O)O
COCOC(C)(C)COO
COCOC(C)(C)OCO
COCOC(C)(CO)CO
COCOC(C)(O)C(O)C
COCOC(C)(O)CCO
COCOC(C)(O)COC
COCOC(C)(O)OCC
COCOC(C)(OC)CO
COCOC(C)(OC)OC
COCOC(C)(OO)CC
COCOC(C)C(C)OO
COCOC(C)C(O)(O)C
COCOC(C)C(O)CO
COCOC(C)C(O)OC
COCOC(C)CC(O)O
COCOC(C)CCOO
COCOC(C)COCO
COCOC(C)OC(O)C
COCOC(C)OCCO
COCOC(C)OCOC
COCOC(C)OOCC
COCOC(CC)COO
COCOC(CC)OCO
COCOC(CO)(O)CC
COCOC(CO)CCO
COCOC(CO)COC
COCOC(CO)OCC
COCOC(O)(O)C(C)C
COCOC(O)(O)CCC
COCOC(O)(OC)CC
COCOC(O)C(C)(O)C
COCOC(O)C(C)CO
COCOC(O)C(C)OC
COCOC(O)C(O)CC
COCOC(O)CC(O)C
COCOC(O)CCCO
COCOC(O)CCOC
COCOC(O)COCC
COCOC(O)OC(C)C
COCOC(O)OCCC
COCOC(OC)C(O)C
COCOC(OC)CCO
COCOC(OC)COC
COCOC(OC)OCC
COCOC(OO)C(C)C
COCOC(OO)CCC
COCOCC(C)(C)OO
COCOCC(C)(O)CO
COCOCC(C)(O)OC
COCOCC(C)C(O)O
COCOCC(C)COO
COCOCC(C)OCO
COCOCC(CO)CO
COCOCC(O)(O)CC
COCOCC(O)C(O)C
COCOCC(O)CCO
COCOCC(O)COC
COCOCC(O)OCC
COCOCC(OC)CO
COCOCC(OC)OC
COCOCC(OO)CC
COCOCCC(C)OO
COCOCCC(O)(O)C
COCOCCC(O)CO
COCOCCC(O)OC
COCOCCCC(O)O
COCOCCCCOO
COCOCCCOCO
COCOCCOC(O)C
COCOCCOCCO
COCOCCOCOC
COCOCCOOCC
COCOCOC(C)(O)C
COCOCOC(C)CO
COCOCOC(C)OC
COCOCOC(O)CC
COCOCOCC(O)C
COCOCOCCCO
COCOCOCCOC
COCOCOCOCC
COCOCOOC(C)C
COCOCOOCCC
COCOOC(C)(C)CO
COCOOC(C)(C)OC
COCOOC(C)(O)CC
COCOOC(C)C(O)C
COCOOC(C)CCO
COCOOC(C)COC
COCOOC(C)OCC
COCOOC(CO)CC
COCOOC(O)C(C)C
COCOOC(O)CCC
COCOOC(OC)CC
COCOOCC(C)(O)C
COCOOCC(C)CO
COCOOCC(C)OC
COCOOCC(O)CC
COCOOCCC(O)C
COCOOCCCCO
COCOOCCCOC
COCOOCCOCC
COCOOCOC(C)C
COCOOCOCCC
COCOOOC(C)(C)C
COCOOOC(C)CC
COCOOOCC(C)C
COCOOOCCCC
COOC(C(C)(O)C)CO
COOC(C(C)C)(O)CO
COOC(C(C)C)COO
COOC(C(C)C)OCO
COOC(C(C)C)OOC
COOC(C(O)(O)C)CC
COOC(C(O)C)(O)CC
COOC(C(O)C)C(O)C
COOC(C(O)C)CCO
COOC(C(O)C)COC
COOC(C(O)C)OCC
COOC(C(O)O)C(C)C
COOC(C(O)O)CCC
COOC(C)(C(O)C)CO
COOC(C)(C(O)O)CC
COOC(C)(C)C(C)OO
COOC(C)(C)C(O)(O)C
COOC(C)(C)C(O)CO
COOC(C)(C)C(O)OC
COOC(C)(C)CC(O)O
COOC(C)(C)CCOO
COOC(C)(C)COCO
COOC(C)(C)OC(O)C
COOC(C)(C)OCCO
COOC(C)(C)OCOC
COOC(C)(C)OOCC
COOC(C)(CC)COO
COOC(C)(CC)OCO
COOC(C)(CC)OOC
COOC(C)(CO)CCO
COOC(C)(CO)COC
COOC(C)(CO)OCC
COOC(C)(O)C(C)(O)C
COOC(C)(O)C(C)CO
COOC(C)(O)C(C)OC
COOC(C)(O)C(O)CC
COOC(C)(O)CC(O)C
COOC(C)(O)CCCO
COOC(C)(O)CCOC
COOC(C)(O)COCC
COOC(C)(O)OC(C)C
COOC(C)(O)OCCC
COOC(C)(OC)C(O)C
COOC(C)(OC)CCO
COOC(C)(OC)COC
COOC(C)(OC)OCC
COOC(C)(OO)C(C)C
COOC(C)(OO)CCC
COOC(C)C(C)(C)OO
COOC(C)C(C)(O)CO
COOC(C)C(C)(O)OC
COOC(C)C(C)C(O)O
COOC(C)C(C)COO
COOC(C)C(C)OCO
COOC(C)C(C)OOC
COOC(C)C(CO)CO
COOC(C)C(O)(O)CC
COOC(C)C(O)C(O)C
COOC(C)C(O)CCO
COOC(C)C(O)COC
COOC(C)C(O)OCC
COOC(C)C(OC)CO
COOC(C)C(OC)OC
COOC(C)C(OO)CC
COOC(C)CC(C)OO
COOC(C)CC(O)(O)C
COOC(C)CC(O)CO
COOC(C)CC(O)OC
COOC(C)CCC(O)O
COOC(C)CCCOO
COOC(C)CCOCO
COOC(C)COC(O)C
COOC(C)COCCO
COOC(C)COCOC
COOC(C)COOCC
COOC(C)OC(C)(O)C
COOC(C)OC(C)CO
COOC(C)OC(C)OC
COOC(C)OC(O)CC
COOC(C)OCC(O)C
COOC(C)OCCCO
COOC(C)OCCOC
COOC(C)OCOCC
COOC(C)OOC(C)C
COOC(C)OOCCC
COOC(CC)(O)CCO
COOC(CC)(O)COC
COOC(CC)(O)OCC
COOC(CC)(OO)CC
COOC(CC)C(C)OO
COOC(CC)C(O)CO
COOC(CC)C(O)OC
COOC(CC)CC(O)O
COOC(CC)CCOO
COOC(CC)COCO
COOC(CC)OC(O)C
COOC(CC)OCCO
COOC(CC)OCOC
COOC(CC)OOCC
COOC(CCO)CCO
COOC(CO)(CO)CC
COOC(CO)(O)CCC
COOC(CO)(OC)CC
COOC(CO)C(C)CO
COOC(CO)C(C)OC
COOC(CO)C(O)CC
COOC(CO)CC(O)C
COOC(CO)CCCO
COOC(CO)CCOC
COOC(CO)COCC
COOC(CO)OC(C)C
COOC(CO)OCCC
COOC(COC)CCO
COOC(COC)COC
COOC(COO)CCC
COOC(O)(O)C(C)(C)C
COOC(O)(O)C(C)CC
COOC(O)(O)CC(C)C
COOC(O)(O)CCCC
COOC(O)(OC)C(C)C
COOC(O)(OC)CCC
COOC(O)C(C)(C)CO
COOC(O)C(C)(C)OC
COOC(O)C(C)(O)CC
COOC(O)C(C)C(O)C
COOC(O)C(C)CCO
COOC(O)C(C)COC
COOC(O)C(C)OCC
COOC(O)C(CO)CC
COOC(O)C(O)C(C)C
COOC(O)C(O)CCC
COOC(O)C(OC)CC
COOC(O)CC(C)(O)C
COOC(O)CC(C)CO
COOC(O)CC(C)OC
COOC(O)CC(O)CC
COOC(O)CCC(O)C
COOC(O)CCCCO
COOC(O)CCCOC
COOC(O)CCOCC
COOC(O)COC(C)C
COOC(O)COCCC
COOC(O)OC(C)(C)C
COOC(O)OC(C)CC
COOC(O)OCC(C)C
COOC(O)OCCCC
COOC(OC)(OC)CC
COOC(OC)C(C)(O)C
COOC(OC)C(C)CO
COOC(OC)C(C)OC
COOC(OC)C(O)CC
COOC(OC)CC(O)C
COOC(OC)CCCO
COOC(OC)CCOC
COOC(OC)COCC
COOC(OC)OC(C)C
COOC(OC)OCCC
COOC(OCC)CCO
COOC(OCC)COC
COOC(OCC)OCC
COOC(OCO)CCC
COOC(OO)C(C)(C)C
COOC(OO)C(C)CC
COOC(OO)CC(C)C
COOC(OO)CCCC
COOC(OOC)CCC
COOCC(C(O)C)CO
COOCC(C(O)O)CC
COOCC(C)(C)C(O)O
COOCC(C)(C)COO
COOCC(C)(C)OCO
COOCC(C)(C)OOC
COOCC(C)(CO)CO
COOCC(C)(O)C(O)C
COOCC(C)(O)CCO
COOCC(C)(O)COC
COOCC(C)(O)OCC
COOCC(C)(OC)CO
COOCC(C)(OC)OC
COOCC(C)(OO)CC
COOCC(C)C(C)OO
COOCC(C)C(O)(O)C
COOCC(C)C(O)CO
COOCC(C)C(O)OC
COOCC(C)CC(O)O
COOCC(C)CCOO
COOCC(C)COCO
COOCC(C)COOC
COOCC(C)OC(O)C
COOCC(C)OCCO
COOCC(C)OCOC
COOCC(C)OOCC
COOCC(CC)COO
COOCC(CC)OCO
COOCC(CC)OOC
COOCC(CO)(O)CC
COOCC(CO)CCO
COOCC(CO)COC
COOCC(CO)OCC
COOCC(O)(O)C(C)C
COOCC(O)(O)CCC
COOCC(O)(OC)CC
COOCC(O)C(C)(O)C
COOCC(O)C(C)CO
COOCC(O)C(C)OC
COOCC(O)C(O)CC
COOCC(O)CC(O)C
COOCC(O)CCCO
COOCC(O)CCOC
COOCC(O)COCC
COOCC(O)OC(C)C
COOCC(O)OCCC
COOCC(OC)C(O)C
COOCC(OC)CCO
COOCC(OC)COC
COOCC(OC)OCC
COOCC(OO)C(C)C
COOCC(OO)CCC
COOCCC(C)(C)OO
COOCCC(C)(O)CO
COOCCC(C)(O)OC
COOCCC(C)C(O)O
COOCCC(C)COO
COOCCC(C)OCO
COOCCC(C)OOC
COOCCC(CO)CO
COOCCC(O)(O)CC
COOCCC(O)C(O)C
COOCCC(O)CCO
COOCCC(O)COC
COOCCC(O)OCC
COOCCC(OC)CO
COOCCC(OC)OC
COOCCC(OO)CC
COOCCCC(C)OO
COOCCCC(O)(O)C
COOCCCC(O)CO
COOCCCC(O)OC
COOCCCCC(O)O
COOCCCCCOO
COOCCCCOCO
COOCCCCOOC
COOCCCOC(O)C
COOCCCOCCO
COOCCCOCOC
COOCCCOOCC
COOCCOC(C)(O)C
COOCCOC(C)CO
COOCCOC(C)OC
COOCCOC(O)CC
COOCCOCC(O)C
COOCCOCCCO
COOCCOCCOC
COOCCOCOCC
COOCCOOC(C)C
COOCCOOCCC
COOCOC(C)(C)CO
COOCOC(C)(C)OC
COOCOC(C)(O)CC
COOCOC(C)C(O)C
COOCOC(C)CCO
COOCOC(C)COC
COOCOC(C)OCC
COOCOC(CO)CC
COOCOC(O)C(C)C
COOCOC(O)CCC
COOCOC(OC)CC
COOCOCC(C)(O)C
COOCOCC(C)CO
COOCOCC(C)OC
COOCOCC(O)CC
COOCOCCC(O)C
COOCOCCCCO
COOCOCCCOC
COOCOCCOCC
COOCOCOC(C)C
COOCOCOCCC
COOCOOC(C)(C)C
COOCOOC(C)CC
COOCOOCC(C)C
COOCOOCCCC
COOOC(C(C)C)CO
COOOC(C(O)C)CC
COOOC(C)(C)C(O)C
COOOC(C)(C)CCO
COOOC(C)(C)COC
COOOC(C)(C)OCC
COOOC(C)(CO)CC
COOOC(C)(O)C(C)C
COOOC(C)(O)CCC
COOOC(C)(OC)CC
COOOC(C)C(C)(O)C
COOOC(C)C(C)CO
COOOC(C)C(C)OC
COOOC(C)C(O)CC
COOOC(C)CC(O)C
COOOC(C)CCCO
COOOC(C)CCOC
COOOC(C)COCC
COOOC(C)OC(C)C
COOOC(C)OCCC
COOOC(CC)(O)CC
COOOC(CC)CCO
COOOC(CC)COC
COOOC(CC)OCC
COOOC(CO)CCC
COOOC(O)C(C)(C)C
COOOC(O)C(C)CC
COOOC(O)CC(C)C
COOOC(O)CCCC
COOOC(OC)C(C)C
COOOC(OC)CCC
COOOCC(C)(C)CO
COOOCC(C)(C)OC
COOOCC(C)(O)CC
COOOCC(C)C(O)C
COOOCC(C)CCO
COOOCC(C)COC
COOOCC(C)OCC
COOOCC(CO)CC
COOOCC(O)C(C)C
COOOCC(O)CCC
COOOCC(OC)CC
COOOCCC(C)(O)C
COOOCCC(C)CO
COOOCCC(C)OC
COOOCCC(O)CC
COOOCCCC(O)C
COOOCCCCCO
COOOCCCCOC
COOOCCCOCC
COOOCCOC(C)C
COOOCCOCCC
COOOCOC(C)(C)C
COOOCOC(C)CC
COOOCOCC(C)C
COOOCOCCCC
COOOOC(C)(C)CC
COOOOC(C)C(C)C
COOOOC(C)CCC
COOOOC(CC)CC
COOOOCC(C)(C)C
COOOOCC(C)CC
COOOOCCC(C)C
COOOOCCCCC
OC(O)C(C)C(C)C(O)O
OC(O)CC(C)(C)C(O)O
OC(O)CC(C)CC(O)O
OC(O)CCC(C)C(O)O
OC(O)CCCCC(O)O
OCC(C(O)O)C(C)CO
OCC(C)(C)C(O)(O)CO
OCC(C)(C)C(O)C(O)O
OCC(C)(C)CC(O)(O)O
OCC(C)(C)COC(O)O
OCC(C)(C)OCC(O)O
OCC(C)(CO)CC(O)O
OCC(C)(O)C(C)(O)CO
OCC(C)(O)C(C)C(O)O
OCC(C)(O)CCC(O)O
OCC(C)C(C)(O)C(O)O
OCC(C)C(C)C(O)(O)O
OCC(C)C(C)OC(O)O
OCC(C)C(CO)(O)CO
OCC(C)C(O)C(O)CO
OCC(C)C(O)CC(O)O
OCC(C)CC(O)(O)CO
OCC(C)CC(O)C(O)O
OCC(C)CCC(O)(O)O
OCC(C)CCOC(O)O
OCC(C)COCC(O)O
OCC(C)OC(C)(O)CO
OCC(C)OC(C)C(O)O
OCC(C)OCCC(O)O
OCC(C)OOC(C)CO
OCC(CO)C(C)(O)CO
OCC(CO)C(C)C(O)O
OCC(CO)C(CO)CO
OCC(CO)CC(O)CO
OCC(CO)CCC(O)O
OCC(CO)OC(C)CO
OCC(O)C(C)(C)C(O)O
OCC(O)C(C)(CO)CO
OCC(O)C(C)C(O)CO
OCC(O)C(C)CC(O)O
OCC(O)CC(C)(O)CO
OCC(O)CC(C)C(O)O
OCC(O)CCC(O)CO
OCC(O)CCCC(O)O
OCC(O)COC(C)CO
OCC(O)OC(C)(C)CO
OCC(O)OCC(C)CO
OCCC(C(O)O)CCO
OCCC(C)(C(O)O)CO
OCCC(C)(C)C(O)(O)O
OCCC(C)(C)OC(O)O
OCCC(C)(O)C(O)CO
OCCC(C)(O)CC(O)O
OCCC(C)(OO)CCO
OCCC(C)C(O)(O)CO
OCCC(C)C(O)C(O)O
OCCC(C)CC(O)(O)O
OCCC(C)COC(O)O
OCCC(C)OC(O)CO
OCCC(C)OCC(O)O
OCCC(CC)OC(O)O
OCCC(CO)(CO)CO
OCCC(CO)(O)CCO
OCCC(CO)C(O)CO
OCCC(CO)CC(O)O
OCCC(O)(O)C(C)CO
OCCC(O)(OC)CCO
OCCC(O)C(C)(O)CO
OCCC(O)C(C)C(O)O
OCCC(O)C(CO)CO
OCCC(O)C(O)CCO
OCCC(O)CC(O)CO
OCCC(O)CCC(O)O
OCCC(O)OC(C)CO
OCCC(OC)C(O)CO
OCCC(OC)CC(O)O
OCCC(OO)C(C)CO
OCCCC(C(O)O)CO
OCCCC(C)(O)C(O)O
OCCCC(C)C(O)(O)O
OCCCC(C)OC(O)O
OCCCC(CO)(O)CO
OCCCC(O)(O)CCO
OCCCC(O)C(O)CO
OCCCC(O)CC(O)O
OCCCC(OO)CCO
OCCCCC(O)(O)CO
OCCCCC(O)C(O)O
OCCCCCC(O)(O)O
OCCCCCOC(O)O
OCCCCOC(O)CO
OCCCCOCC(O)O
OCCCOC(C)(O)CO
OCCCOC(C)C(O)O
OCCCOC(CO)CO
OCCCOC(O)CCO
OCCCOCC(O)CO
OCCCOCCC(O)O
OCCCOOC(C)CO
OCCCOOCCCO
OCCOC(C)(C)C(O)O
OCCOC(C)(CO)CO
OCCOC(C)(O)CCO
OCCOC(C)C(O)CO
OCCOC(C)CC(O)O
OCCOC(C)OCCO
OCCOC(CO)CCO
OCCOC(O)C(C)CO
OCCOC(O)CCCO
OCCOC(OC)CCO
OCCOCC(C)(O)CO
OCCOCC(C)C(O)O
OCCOCC(CO)CO
OCCOCC(O)CCO
OCCOCCC(O)CO
OCCOCCCC(O)O
OCCOCCOCCO
OCCOCOC(C)CO
OCCOCOCCCO
OCCOOC(C)(C)CO
OCCOOC(C)CCO
OCCOOCC(C)CO
OCCOOCCCCO
OCOC(C(C)C)OCO
OCOC(C(O)C)CCO
OCOC(C)(C)C(O)CO
OCOC(C)(C)CC(O)O
OCOC(C)(C)OCCO
OCOC(C)(CC)OCO
OCOC(C)(CO)CCO
OCOC(C)(O)C(C)CO
OCOC(C)(O)CCCO
OCOC(C)(OC)CCO
OCOC(C)C(C)(O)CO
OCOC(C)C(C)C(O)O
OCOC(C)C(C)OCO
OCOC(C)C(CO)CO
OCOC(C)C(O)CCO
OCOC(C)CC(O)CO
OCOC(C)CCC(O)O
OCOC(C)COCCO
OCOC(C)OC(C)CO
OCOC(C)OCCCO
OCOC(CC)(O)CCO
OCOC(CC)C(O)CO
OCOC(CC)CC(O)O
OCOC(CC)OCCO
OCOC(CCO)CCO
OCOC(CO)C(C)CO
OCOC(CO)CCCO
OCOC(O)C(C)(C)CO
OCOC(O)C(C)CCO
OCOC(O)CC(C)CO
OCOC(O)CCCCO
OCOC(OC)C(C)CO
OCOC(OC)CCCO
OCOCC(C)(C)C(O)O
OCOCC(C)(C)OCO
OCOCC(C)(CO)CO
OCOCC(C)(O)CCO
OCOCC(C)C(O)CO
OCOCC(C)CC(O)O
OCOCC(C)COCO
OCOCC(C)OCCO
OCOCC(CC)OCO
OCOCC(CO)CCO
OCOCC(O)C(C)CO
OCOCC(O)CCCO
OCOCC(OC)CCO
OCOCCC(C)(O)CO
OCOCCC(C)C(O)O
OCOCCC(C)OCO
OCOCCC(CO)CO
OCOCCC(O)CCO
OCOCCCC(O)CO
OCOCCCCC(O)O
OCOCCCCOCO
OCOCCCOCCO
OCOCCOC(C)CO
OCOCCOCCCO
OCOCOC(C)(C)CO
OCOCOC(C)CCO
OCOCOCC(C)CO
OCOCOCCCCO
OCOOC(C)(C)CCO
OCOOC(C)C(C)CO
OCOOC(C)CCCO
OCOOC(CC)CCO
OCOOCC(C)(C)CO
OCOOCC(C)CCO
OCOOCCC(C)CO
OCOOCCCCCO
OOC(C)(C)C(C)(C)OO
OOC(C)(C)C(C)(O)CO
OOC(C)(C)C(C)C(O)O
OOC(C)(C)C(C)OCO
OOC(C)(C)C(CO)CO
OOC(C)(C)C(O)CCO
OOC(C)(C)CC(O)CO
OOC(C)(C)CCC(O)O
OOC(C)(C)CCOCO
OOC(C)(C)COCCO
OOC(C)(C)OC(C)CO
OOC(C)(C)OCCCO
OOC(C)(CO)C(C)CO
OOC(C)(CO)CCCO
OOC(C)(O)C(C)(C)CO
OOC(C)(O)C(C)CCO
OOC(C)(O)CC(C)CO
OOC(C)(O)CCCCO
OOC(C)C(C)(C)C(O)O
OOC(C)C(C)(C)OCO
OOC(C)C(C)(CO)CO
OOC(C)C(C)(O)CCO
OOC(C)C(C)C(C)OO
OOC(C)C(C)C(O)CO
OOC(C)C(C)CC(O)O
OOC(C)C(C)COCO
OOC(C)C(C)OCCO
OOC(C)C(CC)OCO
OOC(C)C(CO)CCO
OOC(C)C(O)C(C)CO
OOC(C)C(O)CCCO
OOC(C)C(OC)CCO
OOC(C)CC(C)(C)OO
OOC(C)CC(C)(O)CO
OOC(C)CC(C)C(O)O
OOC(C)CC(C)OCO
OOC(C)CC(CO)CO
OOC(C)CC(O)CCO
OOC(C)CCC(C)OO
OOC(C)CCC(O)CO
OOC(C)CCCC(O)O
OOC(C)CCCOCO
OOC(C)CCOCCO
OOC(C)COC(C)CO
OOC(C)COCCCO
OOC(C)OC(C)(C)CO
OOC(C)OC(C)CCO
OOC(C)OCC(C)CO
OOC(C)OCCCCO
OOC(CO)C(C)(C)CO
OOC(CO)C(C)CCO
OOC(CO)CC(C)CO
OOC(CO)CCCCO
OOC(O)C(C)(C)CCO
OOC(O)C(C)C(C)CO
OOC(O)C(C)CCCO
OOC(O)C(CC)CCO
OOC(O)CC(C)(C)CO
OOC(O)CC(C)CCO
OOC(O)CCC(C)CO
OOC(O)CCCCCO
OOCC(C(C)C)COO
OOCC(C(C)C)OCO
OOCC(C(O)C)CCO
OOCC(C)(C)C(C)OO
OOCC(C)(C)C(O)CO
OOCC(C)(C)CC(O)O
OOCC(C)(C)COCO
OOCC(C)(C)OCCO
OOCC(C)(CC)COO
OOCC(C)(CC)OCO
OOCC(C)(CO)CCO
OOCC(C)(O)C(C)CO
OOCC(C)(O)CCCO
OOCC(C)(OC)CCO
OOCC(C)C(C)(C)OO
OOCC(C)C(C)(O)CO
OOCC(C)C(C)C(O)O
OOCC(C)C(C)COO
OOCC(C)C(C)OCO
OOCC(C)C(CO)CO
OOCC(C)C(O)CCO
OOCC(C)CC(C)OO
OOCC(C)CC(O)CO
OOCC(C)CCC(O)O
OOCC(C)CCOCO
OOCC(C)COCCO
OOCC(C)OC(C)CO
OOCC(C)OCCCO
OOCC(CC)(O)CCO
OOCC(CC)C(C)OO
OOCC(CC)C(O)CO
OOCC(CC)CC(O)O
OOCC(CC)COCO
OOCC(CC)OCCO
OOCC(CCO)CCO
OOCC(CO)C(C)CO
OOCC(CO)CCCO
OOCC(O)C(C)(C)CO
OOCC(O)C(C)CCO
OOCC(O)CC(C)CO
OOCC(O)CCCCO
OOCC(OC)C(C)CO
OOCC(OC)CCCO
OOCCC(C)(C)C(O)O
OOCCC(C)(C)COO
OOCCC(C)(C)OCO
OOCCC(C)(CO)CO
OOCCC(C)(O)CCO
OOCCC(C)C(C)OO
OOCCC(C)C(O)CO
OOCCC(C)CC(O)O
OOCCC(C)CCOO
OOCCC(C)COCO
OOCCC(C)OCCO
OOCCC(CC)COO
OOCCC(CC)OCO
OOCCC(CO)CCO
OOCCC(O)C(C)CO
OOCCC(O)CCCO
OOCCC(OC)CCO
OOCCCC(C)(C)OO
OOCCCC(C)(O)CO
OOCCCC(C)C(O)O
OOCCCC(C)COO
OOCCCC(C)OCO
OOCCCC(CO)CO
OOCCCC(O)CCO
OOCCCCC(C)OO
OOCCCCC(O)CO
OOCCCCCC(O)O
OOCCCCCCOO
OOCCCCCOCO
OOCCCCOCCO
OOCCCOC(C)CO
OOCCCOCCCO
OOCCOC(C)(C)CO
OOCCOC(C)CCO
OOCCOCC(C)CO
OOCCOCCCCO
OOCOC(C)(C)CCO
OOCOC(C)C(C)CO
OOCOC(C)CCCO
OOCOC(CC)CCO
OOCOCC(C)(C)CO
OOCOCC(C)CCO
OOCOCCC(C)CO
OOCOCCCCCO
OOOC(C(C)C)CCO
OOOC(C)(C)C(C)CO
OOOC(C)(C)CCCO
OOOC(C)(CC)CCO
OOOC(C)C(C)(C)CO
OOOC(C)C(C)CCO
OOOC(C)CC(C)CO
OOOC(C)CCCCO
OOOC(CC)C(C)CO
OOOC(CC)CCCO
OOOCC(C)(C)CCO
OOOCC(C)C(C)CO
OOOCC(C)CCCO
OOOCC(CC)CCO
OOOCCC(C)(C)CO
OOOCCC(C)CCO
OOOCCCC(C)CO
OOOCCCCCCO
