CC(C)(C)C(C(Cl)Cl)CCl
CC(C)(C)C(C)(Cl)C(Cl)Cl
CC(C)(C)C(C)C(Cl)(Cl)Cl
CC(C)(C)C(CCl)(Cl)CCl
CC(C)(C)C(Cl)(Cl)CCCl
CC(C)(C)C(Cl)C(Cl)(Cl)C
CC(C)(C)C(Cl)C(Cl)CCl
CC(C)(C)C(Cl)CC(Cl)Cl
CC(C)(C)CC(Cl)(Cl)CCl
CC(C)(C)CC(Cl)C(Cl)Cl
CC(C)(C)CCC(Cl)(Cl)Cl
CC(C)(Cl)C(C)(C)C(Cl)Cl
CC(C)(Cl)C(C)(CCl)CCl
CC(C)(Cl)C(C)(Cl)CCCl
CC(C)(Cl)C(C)C(Cl)(Cl)C
CC(C)(Cl)C(C)C(Cl)CCl
CC(C)(Cl)C(C)CC(Cl)Cl
CC(C)(Cl)C(CCl)CCCl
CC(C)(Cl)C(Cl)C(C)(Cl)C
CC(C)(Cl)C(Cl)C(C)CCl
CC(C)(Cl)C(Cl)CCCCl
CC(C)(Cl)CC(C)(Cl)CCl
CC(C)(Cl)CC(C)C(Cl)Cl
CC(C)(Cl)CC(CCl)CCl
CC(C)(Cl)CC(Cl)CCCl
CC(C)(Cl)CCC(Cl)(Cl)C
CC(C)(Cl)CCC(Cl)CCl
CC(C)(Cl)CCCC(Cl)Cl
CC(C)C(C(Cl)(Cl)C)CCl
CC(C)C(C(Cl)C)(Cl)CCl
CC(C)C(C(Cl)Cl)C(Cl)C
CC(C)C(C(Cl)Cl)CCCl
CC(C)C(C)(C(Cl)Cl)CCl
CC(C)C(C)(C)C(Cl)(Cl)Cl
CC(C)C(C)(Cl)C(Cl)(Cl)C
CC(C)C(C)(Cl)C(Cl)CCl
CC(C)C(C)(Cl)CC(Cl)Cl
CC(C)C(C)C(Cl)(Cl)CCl
CC(C)C(C)C(Cl)C(Cl)Cl
CC(C)C(C)CC(Cl)(Cl)Cl
CC(C)C(CCl)(CCl)CCl
CC(C)C(CCl)(Cl)CCCl
CC(C)C(CCl)C(Cl)CCl
CC(C)C(CCl)CC(Cl)Cl
CC(C)C(Cl)(Cl)C(C)(Cl)C
CC(C)C(Cl)(Cl)C(C)CCl
CC(C)C(Cl)(Cl)CC(Cl)C
CC(C)C(Cl)(Cl)CCCCl
CC(C)C(Cl)C(C)(Cl)CCl
CC(C)C(Cl)C(C)C(Cl)Cl
CC(C)C(Cl)C(CCl)CCl
CC(C)C(Cl)C(Cl)C(Cl)C
CC(C)C(Cl)C(Cl)CCCl
CC(C)C(Cl)CC(Cl)(Cl)C
CC(C)C(Cl)CC(Cl)CCl
CC(C)C(Cl)CCC(Cl)Cl
CC(C)CC(C(Cl)Cl)CCl
CC(C)CC(C)(Cl)C(Cl)Cl
CC(C)CC(C)C(Cl)(Cl)Cl
CC(C)CC(CCl)(Cl)CCl
CC(C)CC(Cl)(Cl)C(Cl)C
CC(C)CC(Cl)(Cl)CCCl
CC(C)CC(Cl)C(Cl)(Cl)C
CC(C)CC(Cl)C(Cl)CCl
CC(C)CC(Cl)CC(Cl)Cl
CC(C)CCC(Cl)(Cl)CCl
CC(C)CCC(Cl)C(Cl)Cl
CC(C)CCCC(Cl)(Cl)Cl
CC(Cl)(Cl)C(C)(C)CCCl
CC(Cl)(Cl)C(C)C(C)(Cl)C
CC(Cl)(Cl)C(C)C(C)CCl
CC(Cl)(Cl)C(C)CCCCl
CC(Cl)(Cl)CC(C)(C)CCl
CC(Cl)(Cl)CC(C)CCCl
CC(Cl)(Cl)CCC(C)(Cl)C
CC(Cl)(Cl)CCC(C)CCl
CC(Cl)(Cl)CCCCCCl
CC(Cl)C(C(C)(Cl)C)CCl
CC(Cl)C(C(Cl)C)C(Cl)C
CC(Cl)C(C(Cl)C)CCCl
CC(Cl)C(C)(C(Cl)C)CCl
CC(Cl)C(C)(C)C(Cl)(Cl)C
CC(Cl)C(C)(C)C(Cl)CCl
CC(Cl)C(C)(C)CC(Cl)Cl
CC(Cl)C(C)(CCl)CCCl
CC(Cl)C(C)(Cl)C(C)(Cl)C
CC(Cl)C(C)(Cl)C(C)CCl
CC(Cl)C(C)(Cl)CCCCl
CC(Cl)C(C)C(C)(Cl)CCl
CC(Cl)C(C)C(C)C(Cl)Cl
CC(Cl)C(C)C(CCl)CCl
CC(Cl)C(C)C(Cl)C(Cl)C
CC(Cl)C(C)C(Cl)CCCl
CC(Cl)C(C)CC(Cl)(Cl)C
CC(Cl)C(C)CC(Cl)CCl
CC(Cl)C(C)CCC(Cl)Cl
CC(Cl)C(CCl)C(C)CCl
CC(Cl)C(CCl)CCCCl
CC(Cl)C(Cl)(Cl)C(C)(C)C
CC(Cl)C(Cl)C(C)(C)CCl
CC(Cl)C(Cl)C(C)CCCl
CC(Cl)C(Cl)CC(C)(Cl)C
CC(Cl)C(Cl)CC(C)CCl
CC(Cl)C(Cl)CCCCCl
CC(Cl)CC(C(Cl)C)CCl
CC(Cl)CC(C)(C)C(Cl)Cl
CC(Cl)CC(C)(CCl)CCl
CC(Cl)CC(C)(Cl)C(Cl)C
CC(Cl)CC(C)(Cl)CCCl
CC(Cl)CC(C)C(Cl)(Cl)C
CC(Cl)CC(C)C(Cl)CCl
CC(Cl)CC(C)CC(Cl)Cl
CC(Cl)CC(CCl)CCCl
CC(Cl)CC(Cl)C(C)(Cl)C
CC(Cl)CC(Cl)C(C)CCl
CC(Cl)CC(Cl)CC(Cl)C
CC(Cl)CC(Cl)CCCCl
CC(Cl)CCC(C)(Cl)CCl
CC(Cl)CCC(C)C(Cl)Cl
CC(Cl)CCC(CCl)CCl
CC(Cl)CCC(Cl)C(Cl)C
CC(Cl)CCC(Cl)CCCl
CC(Cl)CCCC(Cl)(Cl)C
CC(Cl)CCCC(Cl)CCl
CC(Cl)CCCCC(Cl)Cl
CCC(C(C)(Cl)C)(Cl)CCl
CCC(C(C)(Cl)C)C(Cl)Cl
CCC(C(Cl)(Cl)C)(Cl)CC
CCC(C(Cl)(Cl)C)C(Cl)C
CCC(C(Cl)(Cl)C)CCCl
CCC(C(Cl)(Cl)Cl)C(C)C
CCC(C(Cl)C)(Cl)C(Cl)C
CCC(C(Cl)C)(Cl)CCCl
CCC(C(Cl)C)C(Cl)CCl
CCC(C(Cl)C)CC(Cl)Cl
CCC(C(Cl)Cl)(Cl)C(C)C
CCC(C(Cl)Cl)C(C)CCl
CCC(C(Cl)Cl)C(Cl)CC
CCC(C(Cl)Cl)CC(Cl)C
CCC(C(Cl)Cl)CCCCl
CCC(C)(C(Cl)(Cl)C)CCl
CCC(C)(C(Cl)(Cl)Cl)CC
CCC(C)(C(Cl)Cl)C(Cl)C
CCC(C)(C(Cl)Cl)CCCl
CCC(C)(C)C(Cl)(Cl)CCl
CCC(C)(C)C(Cl)C(Cl)Cl
CCC(C)(C)CC(Cl)(Cl)Cl
CCC(C)(CCl)C(Cl)CCl
CCC(C)(CCl)CC(Cl)Cl
CCC(C)(Cl)C(C)(Cl)CCl
CCC(C)(Cl)C(C)C(Cl)Cl
CCC(C)(Cl)C(CCl)CCl
CCC(C)(Cl)C(Cl)(Cl)CC
CCC(C)(Cl)C(Cl)C(Cl)C
CCC(C)(Cl)C(Cl)CCCl
CCC(C)(Cl)CC(Cl)(Cl)C
CCC(C)(Cl)CC(Cl)CCl
CCC(C)(Cl)CCC(Cl)Cl
CCC(C)C(C(Cl)Cl)CCl
CCC(C)C(C)(Cl)C(Cl)Cl
CCC(C)C(C)C(Cl)(Cl)Cl
CCC(C)C(CCl)(Cl)CCl
CCC(C)C(Cl)(Cl)C(Cl)C
CCC(C)C(Cl)(Cl)CCCl
CCC(C)C(Cl)C(Cl)(Cl)C
CCC(C)C(Cl)C(Cl)CCl
CCC(C)C(Cl)CC(Cl)Cl
CCC(C)CC(Cl)(Cl)CCl
CCC(C)CC(Cl)C(Cl)Cl
CCC(C)CCC(Cl)(Cl)Cl
CCC(CC)(Cl)C(Cl)CCl
CCC(CC)(Cl)CC(Cl)Cl
CCC(CC)C(Cl)(Cl)CCl
CCC(CC)C(Cl)C(Cl)Cl
CCC(CC)CC(Cl)(Cl)Cl
CCC(CCl)(C(Cl)C)CCl
CCC(CCl)(C(Cl)Cl)CC
CCC(CCl)(CCl)CCCl
CCC(CCl)(Cl)C(C)CCl
CCC(CCl)(Cl)CC(Cl)C
CCC(CCl)(Cl)CCCCl
CCC(CCl)C(C)(Cl)CCl
CCC(CCl)C(C)C(Cl)Cl
CCC(CCl)C(CCl)CCl
CCC(CCl)C(Cl)(Cl)CC
CCC(CCl)C(Cl)C(Cl)C
CCC(CCl)C(Cl)CCCl
CCC(CCl)CC(Cl)(Cl)C
CCC(CCl)CC(Cl)CCl
CCC(CCl)CCC(Cl)Cl
CCC(Cl)(Cl)C(C)(C)CCl
CCC(Cl)(Cl)C(C)(Cl)CC
CCC(Cl)(Cl)C(C)C(Cl)C
CCC(Cl)(Cl)C(C)CCCl
CCC(Cl)(Cl)C(Cl)C(C)C
CCC(Cl)(Cl)CC(C)(Cl)C
CCC(Cl)(Cl)CC(C)CCl
CCC(Cl)(Cl)CCC(Cl)C
CCC(Cl)(Cl)CCCCCl
CCC(Cl)C(C(Cl)C)CCl
CCC(Cl)C(C)(C)C(Cl)Cl
CCC(Cl)C(C)(CCl)CCl
CCC(Cl)C(C)(Cl)C(Cl)C
CCC(Cl)C(C)(Cl)CCCl
CCC(Cl)C(C)C(Cl)(Cl)C
CCC(Cl)C(C)C(Cl)CCl
CCC(Cl)C(C)CC(Cl)Cl
CCC(Cl)C(CCl)(Cl)CC
CCC(Cl)C(CCl)CCCl
CCC(Cl)C(Cl)(Cl)C(C)C
CCC(Cl)C(Cl)C(C)(Cl)C
CCC(Cl)C(Cl)C(C)CCl
CCC(Cl)C(Cl)C(Cl)CC
CCC(Cl)C(Cl)CC(Cl)C
CCC(Cl)C(Cl)CCCCl
CCC(Cl)CC(C)(Cl)CCl
CCC(Cl)CC(C)C(Cl)Cl
CCC(Cl)CC(CCl)CCl
CCC(Cl)CC(Cl)(Cl)CC
CCC(Cl)CC(Cl)C(Cl)C
CCC(Cl)CC(Cl)CCCl
CCC(Cl)CCC(Cl)(Cl)C
CCC(Cl)CCC(Cl)CCl
CCC(Cl)CCCC(Cl)Cl
CCCC(C(Cl)(Cl)C)CCl
CCCC(C(Cl)(Cl)Cl)CC
CCCC(C(Cl)C)(Cl)CCl
CCCC(C(Cl)Cl)(Cl)CC
CCCC(C(Cl)Cl)C(Cl)C
CCCC(C(Cl)Cl)CCCl
CCCC(C)(C(Cl)Cl)CCl
CCCC(C)(C)C(Cl)(Cl)Cl
CCCC(C)(Cl)C(Cl)(Cl)C
CCCC(C)(Cl)C(Cl)CCl
CCCC(C)(Cl)CC(Cl)Cl
CCCC(C)C(Cl)(Cl)CCl
CCCC(C)C(Cl)C(Cl)Cl
CCCC(C)CC(Cl)(Cl)Cl
CCCC(CCl)(CCl)CCl
CCCC(CCl)(Cl)CCCl
CCCC(CCl)C(Cl)CCl
CCCC(CCl)CC(Cl)Cl
CCCC(Cl)(Cl)C(C)(Cl)C
CCCC(Cl)(Cl)C(C)CCl
CCCC(Cl)(Cl)C(Cl)CC
CCCC(Cl)(Cl)CC(Cl)C
CCCC(Cl)(Cl)CCCCl
CCCC(Cl)C(C)(Cl)CCl
CCCC(Cl)C(C)C(Cl)Cl
CCCC(Cl)C(CCl)CCl
CCCC(Cl)C(Cl)(Cl)CC
CCCC(Cl)C(Cl)C(Cl)C
CCCC(Cl)C(Cl)CCCl
CCCC(Cl)CC(Cl)(Cl)C
CCCC(Cl)CC(Cl)CCl
CCCC(Cl)CCC(Cl)Cl
CCCCC(C(Cl)Cl)CCl
CCCCC(C)(Cl)C(Cl)Cl
CCCCC(C)C(Cl)(Cl)Cl
CCCCC(CCl)(Cl)CCl
CCCCC(Cl)(Cl)C(Cl)C
CCCCC(Cl)(Cl)CCCl
CCCCC(Cl)C(Cl)(Cl)C
CCCCC(Cl)C(Cl)CCl
CCCCC(Cl)CC(Cl)Cl
CCCCCC(Cl)(Cl)CCl
CCCCCC(Cl)C(Cl)Cl
CCCCCCC(Cl)(Cl)Cl
ClCC(C)(C)C(C)(Cl)CCl
ClCC(C)(C)C(C)C(Cl)Cl
ClCC(C)(C)CCC(Cl)Cl
ClCC(C)C(C)(C)C(Cl)Cl
ClCC(C)C(C)(CCl)CCl
ClCC(C)C(C)C(Cl)CCl
ClCC(C)C(C)CC(Cl)Cl
ClCC(C)C(Cl)C(C)CCl
ClCC(C)CC(C)(Cl)CCl
ClCC(C)CC(C)C(Cl)Cl
ClCC(C)CCC(Cl)CCl
ClCC(C)CCCC(Cl)Cl
ClCC(CCl)C(C)(C)CCl
ClCC(CCl)CC(C)CCl
ClCC(Cl)CC(C)(C)CCl
ClCCC(C(Cl)C)CCCl
ClCCC(C)(C)C(Cl)CCl
ClCCC(C)(C)CC(Cl)Cl
ClCCC(C)(CCl)CCCl
ClCCC(C)(Cl)C(C)CCl
ClCCC(C)C(C)(Cl)CCl
ClCCC(C)C(C)C(Cl)Cl
ClCCC(C)C(CCl)CCl
ClCCC(C)C(Cl)CCCl
ClCCC(C)CC(Cl)CCl
ClCCC(C)CCC(Cl)Cl
ClCCC(CC)(Cl)CCCl
ClCCC(CC)C(Cl)CCl
ClCCC(CC)CC(Cl)Cl
ClCCC(CCCl)CCCl
ClCCC(CCl)C(C)CCl
ClCCC(Cl)C(C)(C)CCl
ClCCC(Cl)CC(C)CCl
ClCCCC(C)(C)C(Cl)Cl
ClCCCC(C)(CCl)CCl
ClCCCC(C)(Cl)CCCl
ClCCCC(C)C(Cl)CCl
ClCCCC(C)CC(Cl)Cl
ClCCCC(CCl)CCCl
ClCCCC(Cl)C(C)CCl
ClCCCC(Cl)CCCCl
ClCCCCC(C)(Cl)CCl
ClCCCCC(C)C(Cl)Cl
ClCCCCC(CCl)CCl
ClCCCCC(Cl)CCCl
ClCCCCCC(Cl)CCl
ClCCCCCCC(Cl)Cl
