CC(C)(C)C(C(N)N)CN
CC(C)(C)C(C)(C)N(N)N
CC(C)(C)C(C)(C)NNN
CC(C)(C)C(C)(N)C(N)N
CC(C)(C)C(C)(N)CNN
CC(C)(C)C(C)(N)N(N)C
CC(C)(C)C(C)(N)NCN
CC(C)(C)C(C)(N)NNC
CC(C)(C)C(C)(NN)CN
CC(C)(C)C(C)(NN)NC
CC(C)(C)C(C)C(N)(N)N
CC(C)(C)C(C)C(N)NN
CC(C)(C)C(C)CN(N)N
CC(C)(C)C(C)CNNN
CC(C)(C)C(C)N(C)NN
CC(C)(C)C(C)N(N)CN
CC(C)(C)C(C)N(N)NC
CC(C)(C)C(C)NC(N)N
CC(C)(C)C(C)NCNN
CC(C)(C)C(C)NN(N)C
CC(C)(C)C(C)NNCN
CC(C)(C)C(C)NNNC
CC(C)(C)C(CN)(N)CN
CC(C)(C)C(CN)CNN
CC(C)(C)C(CN)NCN
CC(C)(C)C(CN)NNC
CC(C)(C)C(N(C)C)NN
CC(C)(C)C(N(N)C)CN
CC(C)(C)C(N(N)C)NC
CC(C)(C)C(N)(N)CCN
CC(C)(C)C(N)(N)CNC
CC(C)(C)C(N)(N)N(C)C
CC(C)(C)C(N)(NC)CN
CC(C)(C)C(N)(NC)NC
CC(C)(C)C(N)C(C)NN
CC(C)(C)C(N)C(N)(N)C
CC(C)(C)C(N)C(N)CN
CC(C)(C)C(N)C(N)NC
CC(C)(C)C(N)CC(N)N
CC(C)(C)C(N)CCNN
CC(C)(C)C(N)CN(N)C
CC(C)(C)C(N)CNCN
CC(C)(C)C(N)CNNC
CC(C)(C)C(N)N(C)CN
CC(C)(C)C(N)N(C)NC
CC(C)(C)C(N)NCCN
CC(C)(C)C(N)NCNC
CC(C)(C)C(N)NN(C)C
CC(C)(C)C(NC)C(N)N
CC(C)(C)C(NC)CNN
CC(C)(C)C(NC)NCN
CC(C)(C)C(NC)NNC
CC(C)(C)C(NN)CCN
CC(C)(C)C(NN)CNC
CC(C)(C)CC(C)(N)NN
CC(C)(C)CC(C)N(N)N
CC(C)(C)CC(C)NNN
CC(C)(C)CC(N)(N)CN
CC(C)(C)CC(N)(N)NC
CC(C)(C)CC(N)C(N)N
CC(C)(C)CC(N)CNN
CC(C)(C)CC(N)N(N)C
CC(C)(C)CC(N)NCN
CC(C)(C)CC(N)NNC
CC(C)(C)CC(NN)CN
CC(C)(C)CC(NN)NC
CC(C)(C)CCC(N)(N)N
CC(C)(C)CCC(N)NN
CC(C)(C)CCCN(N)N
CC(C)(C)CCCNNN
CC(C)(C)CCN(C)NN
CC(C)(C)CCN(N)CN
CC(C)(C)CCN(N)NC
CC(C)(C)CCNC(N)N
CC(C)(C)CCNCNN
CC(C)(C)CCNN(N)C
CC(C)(C)CCNNCN
CC(C)(C)CCNNNC
CC(C)(C)CN(C)C(N)N
CC(C)(C)CN(C)CNN
CC(C)(C)CN(C)N(N)C
CC(C)(C)CN(C)NCN
CC(C)(C)CN(C)NNC
CC(C)(C)CN(CN)CN
CC(C)(C)CN(N)CCN
CC(C)(C)CN(N)CNC
CC(C)(C)CN(N)N(C)C
CC(C)(C)CN(NC)CN
CC(C)(C)CN(NC)NC
CC(C)(C)CNC(C)NN
CC(C)(C)CNC(N)(N)C
CC(C)(C)CNC(N)CN
CC(C)(C)CNC(N)NC
CC(C)(C)CNCC(N)N
CC(C)(C)CNCCNN
CC(C)(C)CNCN(N)C
CC(C)(C)CNCNCN
CC(C)(C)CNCNNC
CC(C)(C)CNN(C)CN
CC(C)(C)CNN(C)NC
CC(C)(C)CNNCCN
CC(C)(C)CNNCNC
CC(C)(C)CNNN(C)C
CC(C)(C)N(C)C(C)NN
CC(C)(C)N(C)C(N)CN
CC(C)(C)N(C)C(N)NC
CC(C)(C)N(C)CC(N)N
CC(C)(C)N(C)CCNN
CC(C)(C)N(C)CN(N)C
CC(C)(C)N(C)CNCN
CC(C)(C)N(C)CNNC
CC(C)(C)N(C)N(C)CN
CC(C)(C)N(C)N(C)NC
CC(C)(C)N(C)NCCN
CC(C)(C)N(C)NCNC
CC(C)(C)N(C)NN(C)C
CC(C)(C)N(CN)CCN
CC(C)(C)N(CN)CNC
CC(C)(C)N(N(C)C)CN
CC(C)(C)N(N(C)C)NC
CC(C)(C)N(N)C(C)CN
CC(C)(C)N(N)C(C)NC
CC(C)(C)N(N)CCCN
CC(C)(C)N(N)CCNC
CC(C)(C)N(N)CN(C)C
CC(C)(C)N(NC)CCN
CC(C)(C)N(NC)CNC
CC(C)(C)NC(C)(C)NN
CC(C)(C)NC(C)(N)CN
CC(C)(C)NC(C)(N)NC
CC(C)(C)NC(C)C(N)N
CC(C)(C)NC(C)CNN
CC(C)(C)NC(C)N(N)C
CC(C)(C)NC(C)NCN
CC(C)(C)NC(C)NNC
CC(C)(C)NC(CN)CN
CC(C)(C)NC(N)CCN
CC(C)(C)NC(N)CNC
CC(C)(C)NC(N)N(C)C
CC(C)(C)NC(NC)CN
CC(C)(C)NC(NC)NC
CC(C)(C)NCC(C)NN
CC(C)(C)NCC(N)(N)C
CC(C)(C)NCC(N)CN
CC(C)(C)NCC(N)NC
CC(C)(C)NCCC(N)N
CC(C)(C)NCCCNN
CC(C)(C)NCCN(N)C
CC(C)(C)NCCNCN
CC(C)(C)NCCNNC
CC(C)(C)NCN(C)CN
CC(C)(C)NCN(C)NC
CC(C)(C)NCNCCN
CC(C)(C)NCNCNC
CC(C)(C)NCNN(C)C
CC(C)(C)NN(C)CCN
CC(C)(C)NN(C)CNC
CC(C)(C)NN(C)N(C)C
CC(C)(C)NNC(C)CN
CC(C)(C)NNC(C)NC
CC(C)(C)NNCCCN
CC(C)(C)NNCCNC
CC(C)(C)NNCN(C)C
CC(C)(N)C(C)(C)C(N)N
CC(C)(N)C(C)(C)CNN
CC(C)(N)C(C)(C)N(N)C
CC(C)(N)C(C)(C)NCN
CC(C)(N)C(C)(C)NNC
CC(C)(N)C(C)(CN)CN
CC(C)(N)C(C)(N)CCN
CC(C)(N)C(C)(N)CNC
CC(C)(N)C(C)(N)N(C)C
CC(C)(N)C(C)(NC)CN
CC(C)(N)C(C)(NC)NC
CC(C)(N)C(C)C(C)NN
CC(C)(N)C(C)C(N)(N)C
CC(C)(N)C(C)C(N)CN
CC(C)(N)C(C)C(N)NC
CC(C)(N)C(C)CC(N)N
CC(C)(N)C(C)CCNN
CC(C)(N)C(C)CN(N)C
CC(C)(N)C(C)CNCN
CC(C)(N)C(C)CNNC
CC(C)(N)C(C)N(C)CN
CC(C)(N)C(C)N(C)NC
CC(C)(N)C(C)NCCN
CC(C)(N)C(C)NCNC
CC(C)(N)C(C)NN(C)C
CC(C)(N)C(CN)CCN
CC(C)(N)C(CN)CNC
CC(C)(N)C(N(C)C)CN
CC(C)(N)C(N(C)C)NC
CC(C)(N)C(N)C(C)(N)C
CC(C)(N)C(N)C(C)CN
CC(C)(N)C(N)C(C)NC
CC(C)(N)C(N)CCCN
CC(C)(N)C(N)CCNC
CC(C)(N)C(N)CN(C)C
CC(C)(N)C(NC)CCN
CC(C)(N)C(NC)CNC
CC(C)(N)CC(C)(C)NN
CC(C)(N)CC(C)(N)CN
CC(C)(N)CC(C)(N)NC
CC(C)(N)CC(C)C(N)N
CC(C)(N)CC(C)CNN
CC(C)(N)CC(C)N(N)C
CC(C)(N)CC(C)NCN
CC(C)(N)CC(C)NNC
CC(C)(N)CC(CN)CN
CC(C)(N)CC(N)CCN
CC(C)(N)CC(N)CNC
CC(C)(N)CC(N)N(C)C
CC(C)(N)CC(NC)CN
CC(C)(N)CC(NC)NC
CC(C)(N)CCC(C)NN
CC(C)(N)CCC(N)(N)C
CC(C)(N)CCC(N)CN
CC(C)(N)CCC(N)NC
CC(C)(N)CCCC(N)N
CC(C)(N)CCCCNN
CC(C)(N)CCCN(N)C
CC(C)(N)CCCNCN
CC(C)(N)CCCNNC
CC(C)(N)CCN(C)CN
CC(C)(N)CCN(C)NC
CC(C)(N)CCNCCN
CC(C)(N)CCNCNC
CC(C)(N)CCNN(C)C
CC(C)(N)CN(C)CCN
CC(C)(N)CN(C)CNC
CC(C)(N)CN(C)N(C)C
CC(C)(N)CNC(C)CN
CC(C)(N)CNC(C)NC
CC(C)(N)CNCCCN
CC(C)(N)CNCCNC
CC(C)(N)CNCN(C)C
CC(C)(N)N(C)C(C)(N)C
CC(C)(N)N(C)C(C)CN
CC(C)(N)N(C)C(C)NC
CC(C)(N)N(C)CCCN
CC(C)(N)N(C)CCNC
CC(C)(N)N(C)CN(C)C
CC(C)(N)N(N)C(C)(C)C
CC(C)(N)NC(C)(C)CN
CC(C)(N)NC(C)(C)NC
CC(C)(N)NC(C)CCN
CC(C)(N)NC(C)CNC
CC(C)(N)NC(C)N(C)C
CC(C)(N)NCC(C)(N)C
CC(C)(N)NCC(C)CN
CC(C)(N)NCC(C)NC
CC(C)(N)NCCCCN
CC(C)(N)NCCCNC
CC(C)(N)NCCN(C)C
CC(C)(N)NNC(C)(C)C
CC(C)C(C(C)C)NNN
CC(C)C(C(N)(N)C)CN
CC(C)C(C(N)C)(N)CN
CC(C)C(C(N)C)CNN
CC(C)C(C(N)C)NCN
CC(C)C(C(N)C)NNC
CC(C)C(C(N)N)C(N)C
CC(C)C(C(N)N)CCN
CC(C)C(C(N)N)CNC
CC(C)C(C)(C(N)N)CN
CC(C)C(C)(C)C(N)(N)N
CC(C)C(C)(C)C(N)NN
CC(C)C(C)(C)CN(N)N
CC(C)C(C)(C)CNNN
CC(C)C(C)(C)N(C)NN
CC(C)C(C)(C)N(N)CN
CC(C)C(C)(C)N(N)NC
CC(C)C(C)(C)NC(N)N
CC(C)C(C)(C)NCNN
CC(C)C(C)(C)NN(N)C
CC(C)C(C)(C)NNCN
CC(C)C(C)(C)NNNC
CC(C)C(C)(CN)CNN
CC(C)C(C)(CN)NCN
CC(C)C(C)(CN)NNC
CC(C)C(C)(N(C)C)NN
CC(C)C(C)(N(N)C)CN
CC(C)C(C)(N(N)C)NC
CC(C)C(C)(N)C(C)NN
CC(C)C(C)(N)C(N)(N)C
CC(C)C(C)(N)C(N)CN
CC(C)C(C)(N)C(N)NC
CC(C)C(C)(N)CC(N)N
CC(C)C(C)(N)CCNN
CC(C)C(C)(N)CN(N)C
CC(C)C(C)(N)CNCN
CC(C)C(C)(N)CNNC
CC(C)C(C)(N)N(C)CN
CC(C)C(C)(N)N(C)NC
CC(C)C(C)(N)NC(N)C
CC(C)C(C)(N)NCCN
CC(C)C(C)(N)NCNC
CC(C)C(C)(N)NN(C)C
CC(C)C(C)(NC)C(N)N
CC(C)C(C)(NC)CNN
CC(C)C(C)(NC)NCN
CC(C)C(C)(NC)NNC
CC(C)C(C)(NN)C(N)C
CC(C)C(C)(NN)CCN
CC(C)C(C)(NN)CNC
CC(C)C(C)C(C)(N)NN
CC(C)C(C)C(C)N(N)N
CC(C)C(C)C(C)NNN
CC(C)C(C)C(N)(N)CN
CC(C)C(C)C(N)(N)NC
CC(C)C(C)C(N)C(N)N
CC(C)C(C)C(N)CNN
CC(C)C(C)C(N)N(N)C
CC(C)C(C)C(N)NCN
CC(C)C(C)C(N)NNC
CC(C)C(C)C(NN)CN
CC(C)C(C)C(NN)NC
CC(C)C(C)CC(N)(N)N
CC(C)C(C)CC(N)NN
CC(C)C(C)CCN(N)N
CC(C)C(C)CCNNN
CC(C)C(C)CN(C)NN
CC(C)C(C)CN(N)CN
CC(C)C(C)CN(N)NC
CC(C)C(C)CNC(N)N
CC(C)C(C)CNCNN
CC(C)C(C)CNN(N)C
CC(C)C(C)CNNCN
CC(C)C(C)CNNNC
CC(C)C(C)N(C)C(N)N
CC(C)C(C)N(C)CNN
CC(C)C(C)N(C)N(N)C
CC(C)C(C)N(C)NCN
CC(C)C(C)N(C)NNC
CC(C)C(C)N(CN)CN
CC(C)C(C)N(N)C(N)C
CC(C)C(C)N(N)CCN
CC(C)C(C)N(N)CNC
CC(C)C(C)N(N)N(C)C
CC(C)C(C)N(NC)CN
CC(C)C(C)N(NC)NC
CC(C)C(C)NC(C)NN
CC(C)C(C)NC(N)(N)C
CC(C)C(C)NC(N)CN
CC(C)C(C)NC(N)NC
CC(C)C(C)NCC(N)N
CC(C)C(C)NCCNN
CC(C)C(C)NCN(N)C
CC(C)C(C)NCNCN
CC(C)C(C)NCNNC
CC(C)C(C)NN(C)CN
CC(C)C(C)NN(C)NC
CC(C)C(C)NNC(N)C
CC(C)C(C)NNCCN
CC(C)C(C)NNCNC
CC(C)C(C)NNN(C)C
CC(C)C(CN)(CN)CN
CC(C)C(CN)(N)CCN
CC(C)C(CN)(N)CNC
CC(C)C(CN)(NC)CN
CC(C)C(CN)C(C)NN
CC(C)C(CN)C(N)CN
CC(C)C(CN)C(N)NC
CC(C)C(CN)CC(N)N
CC(C)C(CN)CCNN
CC(C)C(CN)CN(N)C
CC(C)C(CN)CNCN
CC(C)C(CN)CNNC
CC(C)C(CN)N(C)CN
CC(C)C(CN)N(C)NC
CC(C)C(CN)NC(N)C
CC(C)C(CN)NCCN
CC(C)C(CN)NCNC
CC(C)C(CN)NN(C)C
CC(C)C(N(C)C)C(N)N
CC(C)C(N(C)C)CNN
CC(C)C(N(C)C)NCN
CC(C)C(N(C)C)NNC
CC(C)C(N(N)C)C(N)C
CC(C)C(N(N)C)CCN
CC(C)C(N(N)C)CNC
CC(C)C(N(N)C)N(C)C
CC(C)C(N(N)N)C(C)C
CC(C)C(N)(N(C)C)CN
CC(C)C(N)(N(C)C)NC
CC(C)C(N)(N)C(C)(N)C
CC(C)C(N)(N)C(C)CN
CC(C)C(N)(N)C(C)NC
CC(C)C(N)(N)CC(N)C
CC(C)C(N)(N)CCCN
CC(C)C(N)(N)CCNC
CC(C)C(N)(N)CN(C)C
CC(C)C(N)(N)NC(C)C
CC(C)C(N)(NC)C(N)C
CC(C)C(N)(NC)CCN
CC(C)C(N)(NC)CNC
CC(C)C(N)(NN)C(C)C
CC(C)C(N)C(C)(C)NN
CC(C)C(N)C(C)(N)CN
CC(C)C(N)C(C)(N)NC
CC(C)C(N)C(C)C(N)N
CC(C)C(N)C(C)CNN
CC(C)C(N)C(C)N(N)C
CC(C)C(N)C(C)NCN
CC(C)C(N)C(C)NNC
CC(C)C(N)C(CN)CN
CC(C)C(N)C(N)C(N)C
CC(C)C(N)C(N)CCN
CC(C)C(N)C(N)CNC
CC(C)C(N)C(N)N(C)C
CC(C)C(N)C(NC)CN
CC(C)C(N)C(NC)NC
CC(C)C(N)CC(C)NN
CC(C)C(N)CC(N)(N)C
CC(C)C(N)CC(N)CN
CC(C)C(N)CC(N)NC
CC(C)C(N)CCC(N)N
CC(C)C(N)CCCNN
CC(C)C(N)CCN(N)C
CC(C)C(N)CCNCN
CC(C)C(N)CCNNC
CC(C)C(N)CN(C)CN
CC(C)C(N)CN(C)NC
CC(C)C(N)CNC(N)C
CC(C)C(N)CNCCN
CC(C)C(N)CNCNC
CC(C)C(N)CNN(C)C
CC(C)C(N)N(C)C(N)C
CC(C)C(N)N(C)CCN
CC(C)C(N)N(C)CNC
CC(C)C(N)N(C)N(C)C
CC(C)C(N)N(N)C(C)C
CC(C)C(N)NC(C)(N)C
CC(C)C(N)NC(C)CN
CC(C)C(N)NC(C)NC
CC(C)C(N)NCC(N)C
CC(C)C(N)NCCCN
CC(C)C(N)NCCNC
CC(C)C(N)NCN(C)C
CC(C)C(N)NNC(C)C
CC(C)C(NC)(NC)CN
CC(C)C(NC)(NC)NC
CC(C)C(NC)C(C)NN
CC(C)C(NC)C(N)(N)C
CC(C)C(NC)C(N)CN
CC(C)C(NC)C(N)NC
CC(C)C(NC)CC(N)N
CC(C)C(NC)CCNN
CC(C)C(NC)CN(N)C
CC(C)C(NC)CNCN
CC(C)C(NC)CNNC
CC(C)C(NC)N(C)CN
CC(C)C(NC)N(C)NC
CC(C)C(NC)NC(N)C
CC(C)C(NC)NCCN
CC(C)C(NC)NCNC
CC(C)C(NC)NN(C)C
CC(C)C(NN)C(C)(N)C
CC(C)C(NN)C(C)CN
CC(C)C(NN)C(C)NC
CC(C)C(NN)CC(N)C
CC(C)C(NN)CCCN
CC(C)C(NN)CCNC
CC(C)C(NN)CN(C)C
CC(C)C(NN)NC(C)C
CC(C)CC(C(N)N)CN
CC(C)CC(C)(C)N(N)N
CC(C)CC(C)(C)NNN
CC(C)CC(C)(N)C(N)N
CC(C)CC(C)(N)CNN
CC(C)CC(C)(N)N(N)C
CC(C)CC(C)(N)NCN
CC(C)CC(C)(N)NNC
CC(C)CC(C)(NN)CN
CC(C)CC(C)(NN)NC
CC(C)CC(C)C(N)(N)N
CC(C)CC(C)C(N)NN
CC(C)CC(C)CN(N)N
CC(C)CC(C)CNNN
CC(C)CC(C)N(C)NN
CC(C)CC(C)N(N)CN
CC(C)CC(C)N(N)NC
CC(C)CC(C)NC(N)N
CC(C)CC(C)NCNN
CC(C)CC(C)NN(N)C
CC(C)CC(C)NNCN
CC(C)CC(C)NNNC
CC(C)CC(CC)NNN
CC(C)CC(CN)(N)CN
CC(C)CC(CN)CNN
CC(C)CC(CN)NCN
CC(C)CC(CN)NNC
CC(C)CC(N(C)C)NN
CC(C)CC(N(N)C)CN
CC(C)CC(N(N)C)NC
CC(C)CC(N)(N)C(N)C
CC(C)CC(N)(N)CCN
CC(C)CC(N)(N)CNC
CC(C)CC(N)(N)N(C)C
CC(C)CC(N)(NC)CN
CC(C)CC(N)(NC)NC
CC(C)CC(N)C(C)NN
CC(C)CC(N)C(N)(N)C
CC(C)CC(N)C(N)CN
CC(C)CC(N)C(N)NC
CC(C)CC(N)CC(N)N
CC(C)CC(N)CCNN
CC(C)CC(N)CN(N)C
CC(C)CC(N)CNCN
CC(C)CC(N)CNNC
CC(C)CC(N)N(C)CN
CC(C)CC(N)N(C)NC
CC(C)CC(N)NC(N)C
CC(C)CC(N)NCCN
CC(C)CC(N)NCNC
CC(C)CC(N)NN(C)C
CC(C)CC(NC)C(N)N
CC(C)CC(NC)CNN
CC(C)CC(NC)NCN
CC(C)CC(NC)NNC
CC(C)CC(NN)C(N)C
CC(C)CC(NN)CCN
CC(C)CC(NN)CNC
CC(C)CCC(C)(N)NN
CC(C)CCC(C)N(N)N
CC(C)CCC(C)NNN
CC(C)CCC(N)(N)CN
CC(C)CCC(N)(N)NC
CC(C)CCC(N)C(N)N
CC(C)CCC(N)CNN
CC(C)CCC(N)N(N)C
CC(C)CCC(N)NCN
CC(C)CCC(N)NNC
CC(C)CCC(NN)CN
CC(C)CCC(NN)NC
CC(C)CCCC(N)(N)N
CC(C)CCCC(N)NN
CC(C)CCCCN(N)N
CC(C)CCCCNNN
CC(C)CCCN(C)NN
CC(C)CCCN(N)CN
CC(C)CCCN(N)NC
CC(C)CCCNC(N)N
CC(C)CCCNCNN
CC(C)CCCNN(N)C
CC(C)CCCNNCN
CC(C)CCCNNNC
CC(C)CCN(C)C(N)N
CC(C)CCN(C)CNN
CC(C)CCN(C)N(N)C
CC(C)CCN(C)NCN
CC(C)CCN(C)NNC
CC(C)CCN(CN)CN
CC(C)CCN(N)C(N)C
CC(C)CCN(N)CCN
CC(C)CCN(N)CNC
CC(C)CCN(N)N(C)C
CC(C)CCN(NC)CN
CC(C)CCN(NC)NC
CC(C)CCNC(C)NN
CC(C)CCNC(N)(N)C
CC(C)CCNC(N)CN
CC(C)CCNC(N)NC
CC(C)CCNCC(N)N
CC(C)CCNCCNN
CC(C)CCNCN(N)C
CC(C)CCNCNCN
CC(C)CCNCNNC
CC(C)CCNN(C)CN
CC(C)CCNN(C)NC
CC(C)CCNNC(N)C
CC(C)CCNNCCN
CC(C)CCNNCNC
CC(C)CCNNN(C)C
CC(C)CN(C(N)C)CN
CC(C)CN(C)C(C)NN
CC(C)CN(C)C(N)(N)C
CC(C)CN(C)C(N)CN
CC(C)CN(C)C(N)NC
CC(C)CN(C)CC(N)N
CC(C)CN(C)CCNN
CC(C)CN(C)CN(N)C
CC(C)CN(C)CNCN
CC(C)CN(C)CNNC
CC(C)CN(C)N(C)CN
CC(C)CN(C)N(C)NC
CC(C)CN(C)NC(N)C
CC(C)CN(C)NCCN
CC(C)CN(C)NCNC
CC(C)CN(C)NN(C)C
CC(C)CN(CC)CNN
CC(C)CN(CC)NCN
CC(C)CN(CC)NNC
CC(C)CN(CN)CCN
CC(C)CN(CN)CNC
CC(C)CN(N(C)C)CN
CC(C)CN(N(C)C)NC
CC(C)CN(N)C(C)(N)C
CC(C)CN(N)C(C)CN
CC(C)CN(N)C(C)NC
CC(C)CN(N)CC(N)C
CC(C)CN(N)CCCN
CC(C)CN(N)CCNC
CC(C)CN(N)CN(C)C
CC(C)CN(N)NC(C)C
CC(C)CN(NC)C(N)C
CC(C)CN(NC)CCN
CC(C)CN(NC)CNC
CC(C)CN(NN)C(C)C
CC(C)CNC(C)(C)NN
CC(C)CNC(C)(N)CN
CC(C)CNC(C)(N)NC
CC(C)CNC(C)C(N)N
CC(C)CNC(C)CNN
CC(C)CNC(C)N(N)C
CC(C)CNC(C)NCN
CC(C)CNC(C)NNC
CC(C)CNC(CN)CN
CC(C)CNC(N)C(N)C
CC(C)CNC(N)CCN
CC(C)CNC(N)CNC
CC(C)CNC(N)N(C)C
CC(C)CNC(NC)CN
CC(C)CNC(NC)NC
CC(C)CNCC(C)NN
CC(C)CNCC(N)(N)C
CC(C)CNCC(N)CN
CC(C)CNCC(N)NC
CC(C)CNCCC(N)N
CC(C)CNCCCNN
CC(C)CNCCN(N)C
CC(C)CNCCNCN
CC(C)CNCCNNC
CC(C)CNCN(C)CN
CC(C)CNCN(C)NC
CC(C)CNCNC(N)C
CC(C)CNCNCCN
CC(C)CNCNCNC
CC(C)CNCNN(C)C
CC(C)CNN(C)C(N)C
CC(C)CNN(C)CCN
CC(C)CNN(C)CNC
CC(C)CNN(C)N(C)C
CC(C)CNN(N)C(C)C
CC(C)CNNC(C)(N)C
CC(C)CNNC(C)CN
CC(C)CNNC(C)NC
CC(C)CNNCC(N)C
CC(C)CNNCCCN
CC(C)CNNCCNC
CC(C)CNNCN(C)C
CC(C)CNNNC(C)C
CC(C)N(C(C)(N)C)CN
CC(C)N(C(C)C)C(N)N
CC(C)N(C(C)C)CNN
CC(C)N(C(C)C)NCN
CC(C)N(C(C)C)NNC
CC(C)N(C)C(C)(C)NN
CC(C)N(C)C(C)(N)CN
CC(C)N(C)C(C)(N)NC
CC(C)N(C)C(C)C(N)N
CC(C)N(C)C(C)CNN
CC(C)N(C)C(C)N(N)C
CC(C)N(C)C(C)NCN
CC(C)N(C)C(C)NNC
CC(C)N(C)C(CN)CN
CC(C)N(C)C(N)C(N)C
CC(C)N(C)C(N)CCN
CC(C)N(C)C(N)CNC
CC(C)N(C)C(N)N(C)C
CC(C)N(C)C(NC)CN
CC(C)N(C)C(NC)NC
CC(C)N(C)CC(C)NN
CC(C)N(C)CC(N)(N)C
CC(C)N(C)CC(N)CN
CC(C)N(C)CC(N)NC
CC(C)N(C)CCC(N)N
CC(C)N(C)CCCNN
CC(C)N(C)CCN(N)C
CC(C)N(C)CCNCN
CC(C)N(C)CCNNC
CC(C)N(C)CN(C)CN
CC(C)N(C)CN(C)NC
CC(C)N(C)CNCCN
CC(C)N(C)CNCNC
CC(C)N(C)CNN(C)C
CC(C)N(C)N(C)CCN
CC(C)N(C)N(C)CNC
CC(C)N(C)N(C)N(C)C
CC(C)N(C)NC(C)(N)C
CC(C)N(C)NC(C)CN
CC(C)N(C)NC(C)NC
CC(C)N(C)NCCCN
CC(C)N(C)NCCNC
CC(C)N(C)NCN(C)C
CC(C)N(CN)C(C)CN
CC(C)N(CN)C(C)NC
CC(C)N(CN)CCCN
CC(C)N(CN)CCNC
CC(C)N(CN)CN(C)C
CC(C)N(N(C)C)CCN
CC(C)N(N(C)C)CNC
CC(C)N(N(C)C)N(C)C
CC(C)N(N(N)C)C(C)C
CC(C)N(N)C(C)(C)CN
CC(C)N(N)C(C)(C)NC
CC(C)N(N)C(C)C(N)C
CC(C)N(N)C(C)CCN
CC(C)N(N)C(C)CNC
CC(C)N(N)C(C)N(C)C
CC(C)N(N)CC(C)(N)C
CC(C)N(N)CC(C)CN
CC(C)N(N)CC(C)NC
CC(C)N(N)CCCCN
CC(C)N(N)CCCNC
CC(C)N(N)CCN(C)C
CC(C)N(N)N(C)C(C)C
CC(C)N(N)NC(C)(C)C
CC(C)N(NC)C(C)(N)C
CC(C)N(NC)C(C)CN
CC(C)N(NC)C(C)NC
CC(C)N(NC)CCCN
CC(C)N(NC)CCNC
CC(C)N(NC)CN(C)C
CC(C)N(NN)C(C)(C)C
CC(C)NC(C(N)C)CN
CC(C)NC(C)(C)C(N)N
CC(C)NC(C)(C)CNN
CC(C)NC(C)(C)N(N)C
CC(C)NC(C)(C)NCN
CC(C)NC(C)(C)NNC
CC(C)NC(C)(CN)CN
CC(C)NC(C)(N)C(N)C
CC(C)NC(C)(N)CCN
CC(C)NC(C)(N)CNC
CC(C)NC(C)(N)N(C)C
CC(C)NC(C)(NC)CN
CC(C)NC(C)(NC)NC
CC(C)NC(C)C(C)NN
CC(C)NC(C)C(N)(N)C
CC(C)NC(C)C(N)CN
CC(C)NC(C)C(N)NC
CC(C)NC(C)CC(N)N
CC(C)NC(C)CCNN
CC(C)NC(C)CN(N)C
CC(C)NC(C)CNCN
CC(C)NC(C)CNNC
CC(C)NC(C)N(C)CN
CC(C)NC(C)N(C)NC
CC(C)NC(C)NCCN
CC(C)NC(C)NCNC
CC(C)NC(C)NN(C)C
CC(C)NC(CC)CNN
CC(C)NC(CC)NCN
CC(C)NC(CC)NNC
CC(C)NC(CN)CCN
CC(C)NC(CN)CNC
CC(C)NC(N(C)C)CN
CC(C)NC(N(C)C)NC
CC(C)NC(N)C(C)(N)C
CC(C)NC(N)C(C)CN
CC(C)NC(N)C(C)NC
CC(C)NC(N)CCCN
CC(C)NC(N)CCNC
CC(C)NC(N)CN(C)C
CC(C)NC(N)NC(C)C
CC(C)NC(NC)C(N)C
CC(C)NC(NC)CCN
CC(C)NC(NC)CNC
CC(C)NCC(C)(C)NN
CC(C)NCC(C)(N)CN
CC(C)NCC(C)(N)NC
CC(C)NCC(C)C(N)N
CC(C)NCC(C)CNN
CC(C)NCC(C)N(N)C
CC(C)NCC(C)NCN
CC(C)NCC(C)NNC
CC(C)NCC(CN)CN
CC(C)NCC(N)C(N)C
CC(C)NCC(N)CCN
CC(C)NCC(N)CNC
CC(C)NCC(N)N(C)C
CC(C)NCC(NC)CN
CC(C)NCC(NC)NC
CC(C)NCCC(C)NN
CC(C)NCCC(N)(N)C
CC(C)NCCC(N)CN
CC(C)NCCC(N)NC
CC(C)NCCCC(N)N
CC(C)NCCCCNN
CC(C)NCCCN(N)C
CC(C)NCCCNCN
CC(C)NCCCNNC
CC(C)NCCN(C)CN
CC(C)NCCN(C)NC
CC(C)NCCNCCN
CC(C)NCCNCNC
CC(C)NCCNN(C)C
CC(C)NCN(C)CCN
CC(C)NCN(C)CNC
CC(C)NCN(C)N(C)C
CC(C)NCN(N)C(C)C
CC(C)NCNC(C)(N)C
CC(C)NCNC(C)CN
CC(C)NCNC(C)NC
CC(C)NCNCC(N)C
CC(C)NCNCCCN
CC(C)NCNCCNC
CC(C)NCNCN(C)C
CC(C)NCNNC(C)C
CC(C)NN(C(C)C)CN
CC(C)NN(C)C(C)(N)C
CC(C)NN(C)C(C)CN
CC(C)NN(C)C(C)NC
CC(C)NN(C)CC(N)C
CC(C)NN(C)CCCN
CC(C)NN(C)CCNC
CC(C)NN(C)CN(C)C
CC(C)NN(C)NC(C)C
CC(C)NN(CC)CCN
CC(C)NN(CC)CNC
CC(C)NN(N)C(C)(C)C
CC(C)NN(NC)C(C)C
CC(C)NNC(C)(C)CN
CC(C)NNC(C)(C)NC
CC(C)NNC(C)C(N)C
CC(C)NNC(C)CCN
CC(C)NNC(C)CNC
CC(C)NNC(C)N(C)C
CC(C)NNCC(C)(N)C
CC(C)NNCC(C)CN
CC(C)NNCC(C)NC
CC(C)NNCCCCN
CC(C)NNCCCNC
CC(C)NNCCN(C)C
CC(C)NNN(C)C(C)C
CC(C)NNNC(C)(C)C
CC(N)(N)C(C)(C)CCN
CC(N)(N)C(C)(C)CNC
CC(N)(N)C(C)(C)N(C)C
CC(N)(N)C(C)C(C)(N)C
CC(N)(N)C(C)C(C)CN
CC(N)(N)C(C)C(C)NC
CC(N)(N)C(C)CCCN
CC(N)(N)C(C)CCNC
CC(N)(N)C(C)CN(C)C
CC(N)(N)CC(C)(C)CN
CC(N)(N)CC(C)(C)NC
CC(N)(N)CC(C)CCN
CC(N)(N)CC(C)CNC
CC(N)(N)CC(C)N(C)C
CC(N)(N)CCC(C)(N)C
CC(N)(N)CCC(C)CN
CC(N)(N)CCC(C)NC
CC(N)(N)CCCCCN
CC(N)(N)CCCCNC
CC(N)(N)CCCN(C)C
CC(N)(N)N(C)C(C)(C)C
CC(N)C(C(C)(N)C)CN
CC(N)C(C(N)C)C(N)C
CC(N)C(C(N)C)CCN
CC(N)C(C(N)C)CNC
CC(N)C(C)(C(N)C)CN
CC(N)C(C)(C)C(C)NN
CC(N)C(C)(C)C(N)(N)C
CC(N)C(C)(C)C(N)CN
CC(N)C(C)(C)C(N)NC
CC(N)C(C)(C)CC(N)N
CC(N)C(C)(C)CCNN
CC(N)C(C)(C)CN(N)C
CC(N)C(C)(C)CNCN
CC(N)C(C)(C)CNNC
CC(N)C(C)(C)N(C)CN
CC(N)C(C)(C)N(C)NC
CC(N)C(C)(C)NCCN
CC(N)C(C)(C)NCNC
CC(N)C(C)(C)NN(C)C
CC(N)C(C)(CN)CCN
CC(N)C(C)(CN)CNC
CC(N)C(C)(N(C)C)CN
CC(N)C(C)(N(C)C)NC
CC(N)C(C)(N)C(C)(N)C
CC(N)C(C)(N)C(C)CN
CC(N)C(C)(N)C(C)NC
CC(N)C(C)(N)CCCN
CC(N)C(C)(N)CCNC
CC(N)C(C)(N)CN(C)C
CC(N)C(C)(NC)C(N)C
CC(N)C(C)(NC)CCN
CC(N)C(C)(NC)CNC
CC(N)C(C)C(C)(C)NN
CC(N)C(C)C(C)(N)CN
CC(N)C(C)C(C)(N)NC
CC(N)C(C)C(C)C(N)N
CC(N)C(C)C(C)CNN
CC(N)C(C)C(C)N(N)C
CC(N)C(C)C(C)NCN
CC(N)C(C)C(C)NNC
CC(N)C(C)C(CN)CN
CC(N)C(C)C(N)C(N)C
CC(N)C(C)C(N)CCN
CC(N)C(C)C(N)CNC
CC(N)C(C)C(N)N(C)C
CC(N)C(C)C(NC)CN
CC(N)C(C)C(NC)NC
CC(N)C(C)CC(C)NN
CC(N)C(C)CC(N)(N)C
CC(N)C(C)CC(N)CN
CC(N)C(C)CC(N)NC
CC(N)C(C)CCC(N)N
CC(N)C(C)CCCNN
CC(N)C(C)CCN(N)C
CC(N)C(C)CCNCN
CC(N)C(C)CCNNC
CC(N)C(C)CN(C)CN
CC(N)C(C)CN(C)NC
CC(N)C(C)CNCCN
CC(N)C(C)CNCNC
CC(N)C(C)CNN(C)C
CC(N)C(C)N(C)CCN
CC(N)C(C)N(C)CNC
CC(N)C(C)N(C)N(C)C
CC(N)C(C)NC(C)(N)C
CC(N)C(C)NC(C)CN
CC(N)C(C)NC(C)NC
CC(N)C(C)NCCCN
CC(N)C(C)NCCNC
CC(N)C(C)NCN(C)C
CC(N)C(CN)C(C)CN
CC(N)C(CN)C(C)NC
CC(N)C(CN)CCCN
CC(N)C(CN)CCNC
CC(N)C(CN)CN(C)C
CC(N)C(N(C)C)C(N)C
CC(N)C(N(C)C)CCN
CC(N)C(N(C)C)CNC
CC(N)C(N(C)C)N(C)C
CC(N)C(N)(N)C(C)(C)C
CC(N)C(N)C(C)(C)CN
CC(N)C(N)C(C)(C)NC
CC(N)C(N)C(C)CCN
CC(N)C(N)C(C)CNC
CC(N)C(N)C(C)N(C)C
CC(N)C(N)CC(C)(N)C
CC(N)C(N)CC(C)CN
CC(N)C(N)CC(C)NC
CC(N)C(N)CCCCN
CC(N)C(N)CCCNC
CC(N)C(N)CCN(C)C
CC(N)C(N)NC(C)(C)C
CC(N)C(NC)C(C)(N)C
CC(N)C(NC)C(C)CN
CC(N)C(NC)C(C)NC
CC(N)C(NC)CCCN
CC(N)C(NC)CCNC
CC(N)C(NC)CN(C)C
CC(N)C(NN)C(C)(C)C
CC(N)CC(C(N)C)CN
CC(N)CC(C)(C)C(N)N
CC(N)CC(C)(C)CNN
CC(N)CC(C)(C)N(N)C
CC(N)CC(C)(C)NCN
CC(N)CC(C)(C)NNC
CC(N)CC(C)(CN)CN
CC(N)CC(C)(N)C(N)C
CC(N)CC(C)(N)CCN
CC(N)CC(C)(N)CNC
CC(N)CC(C)(N)N(C)C
CC(N)CC(C)(NC)CN
CC(N)CC(C)(NC)NC
CC(N)CC(C)C(C)NN
CC(N)CC(C)C(N)(N)C
CC(N)CC(C)C(N)CN
CC(N)CC(C)C(N)NC
CC(N)CC(C)CC(N)N
CC(N)CC(C)CCNN
CC(N)CC(C)CN(N)C
CC(N)CC(C)CNCN
CC(N)CC(C)CNNC
CC(N)CC(C)N(C)CN
CC(N)CC(C)N(C)NC
CC(N)CC(C)NCCN
CC(N)CC(C)NCNC
CC(N)CC(C)NN(C)C
CC(N)CC(CC)CNN
CC(N)CC(CC)NCN
CC(N)CC(CC)NNC
CC(N)CC(CN)CCN
CC(N)CC(CN)CNC
CC(N)CC(N(C)C)CN
CC(N)CC(N(C)C)NC
CC(N)CC(N)C(C)(N)C
CC(N)CC(N)C(C)CN
CC(N)CC(N)C(C)NC
CC(N)CC(N)CC(N)C
CC(N)CC(N)CCCN
CC(N)CC(N)CCNC
CC(N)CC(N)CN(C)C
CC(N)CC(N)NC(C)C
CC(N)CC(NC)C(N)C
CC(N)CC(NC)CCN
CC(N)CC(NC)CNC
CC(N)CCC(C)(C)NN
CC(N)CCC(C)(N)CN
CC(N)CCC(C)(N)NC
CC(N)CCC(C)C(N)N
CC(N)CCC(C)CNN
CC(N)CCC(C)N(N)C
CC(N)CCC(C)NCN
CC(N)CCC(C)NNC
CC(N)CCC(CN)CN
CC(N)CCC(N)C(N)C
CC(N)CCC(N)CCN
CC(N)CCC(N)CNC
CC(N)CCC(N)N(C)C
CC(N)CCC(NC)CN
CC(N)CCC(NC)NC
CC(N)CCCC(C)NN
CC(N)CCCC(N)(N)C
CC(N)CCCC(N)CN
CC(N)CCCC(N)NC
CC(N)CCCCC(N)N
CC(N)CCCCCNN
CC(N)CCCCN(N)C
CC(N)CCCCNCN
CC(N)CCCCNNC
CC(N)CCCN(C)CN
CC(N)CCCN(C)NC
CC(N)CCCNCCN
CC(N)CCCNCNC
CC(N)CCCNN(C)C
CC(N)CCN(C)CCN
CC(N)CCN(C)CNC
CC(N)CCN(C)N(C)C
CC(N)CCN(N)C(C)C
CC(N)CCNC(C)(N)C
CC(N)CCNC(C)CN
CC(N)CCNC(C)NC
CC(N)CCNCC(N)C
CC(N)CCNCCCN
CC(N)CCNCCNC
CC(N)CCNCN(C)C
CC(N)CCNNC(C)C
CC(N)CN(C(C)C)CN
CC(N)CN(C)C(C)(N)C
CC(N)CN(C)C(C)CN
CC(N)CN(C)C(C)NC
CC(N)CN(C)CC(N)C
CC(N)CN(C)CCCN
CC(N)CN(C)CCNC
CC(N)CN(C)CN(C)C
CC(N)CN(CC)CCN
CC(N)CN(CC)CNC
CC(N)CN(N)C(C)(C)C
CC(N)CN(NC)C(C)C
CC(N)CNC(C)(C)CN
CC(N)CNC(C)(C)NC
CC(N)CNC(C)C(N)C
CC(N)CNC(C)CCN
CC(N)CNC(C)CNC
CC(N)CNC(C)N(C)C
CC(N)CNCC(C)(N)C
CC(N)CNCC(C)CN
CC(N)CNCC(C)NC
CC(N)CNCCCCN
CC(N)CNCCCNC
CC(N)CNCCN(C)C
CC(N)CNN(C)C(C)C
CC(N)CNNC(C)(C)C
CC(N)N(C(C)(C)C)CN
CC(N)N(C(C)C)C(N)C
CC(N)N(C(C)C)CCN
CC(N)N(C(C)C)CNC
CC(N)N(C)C(C)(C)CN
CC(N)N(C)C(C)(C)NC
CC(N)N(C)C(C)C(N)C
CC(N)N(C)C(C)CCN
CC(N)N(C)C(C)CNC
CC(N)N(C)C(C)N(C)C
CC(N)N(C)CC(C)(N)C
CC(N)N(C)CC(C)CN
CC(N)N(C)CC(C)NC
CC(N)N(C)CCC(N)C
CC(N)N(C)CCCCN
CC(N)N(C)CCCNC
CC(N)N(C)CCN(C)C
CC(N)N(C)CNC(C)C
CC(N)N(C)N(C)C(C)C
CC(N)N(C)NC(C)(C)C
CC(N)N(N(C)C)C(C)C
CC(N)N(N)CC(C)(C)C
CC(N)N(NC)C(C)(C)C
CC(N)NC(C)(C)C(N)C
CC(N)NC(C)(C)CCN
CC(N)NC(C)(C)CNC
CC(N)NC(C)(C)N(C)C
CC(N)NC(C)C(C)(N)C
CC(N)NC(C)C(C)CN
CC(N)NC(C)C(C)NC
CC(N)NC(C)CC(N)C
CC(N)NC(C)CCCN
CC(N)NC(C)CCNC
CC(N)NC(C)CN(C)C
CC(N)NC(C)NC(C)C
CC(N)NC(CC)CCN
CC(N)NC(CC)CNC
CC(N)NC(N)C(C)(C)C
CC(N)NCC(C)(C)CN
CC(N)NCC(C)(C)NC
CC(N)NCC(C)C(N)C
CC(N)NCC(C)CCN
CC(N)NCC(C)CNC
CC(N)NCC(C)N(C)C
CC(N)NCCC(C)(N)C
CC(N)NCCC(C)CN
CC(N)NCCC(C)NC
CC(N)NCCCC(N)C
CC(N)NCCCCCN
CC(N)NCCCCNC
CC(N)NCCCN(C)C
CC(N)NCCNC(C)C
CC(N)NCN(C)C(C)C
CC(N)NCNC(C)(C)C
CC(N)NN(C)C(C)(C)C
CC(N)NNCC(C)(C)C
CCC(C(C)(C)C)NNN
CCC(C(C)(N)C)(N)CN
CCC(C(C)(N)C)C(N)N
CCC(C(C)(N)C)CNN
CCC(C(C)(N)C)NCN
CCC(C(C)(N)C)NNC
CCC(C(C)C)(N)CNN
CCC(C(C)C)(N)NCN
CCC(C(C)C)(N)NNC
CCC(C(C)C)(NN)CN
CCC(C(C)C)C(N)NN
CCC(C(C)C)CN(N)N
CCC(C(C)C)CNNN
CCC(C(C)C)N(C)NN
CCC(C(C)C)N(N)CN
CCC(C(C)C)N(N)NC
CCC(C(C)C)NC(N)N
CCC(C(C)C)NCNN
CCC(C(C)C)NN(N)C
CCC(C(C)C)NNCN
CCC(C(C)C)NNNC
CCC(C(N)(N)C)(N)CC
CCC(C(N)(N)C)C(N)C
CCC(C(N)(N)C)CCN
CCC(C(N)(N)C)CNC
CCC(C(N)(N)C)NCC
CCC(C(N)(N)N)C(C)C
CCC(C(N)C)(N)C(N)C
CCC(C(N)C)(N)CCN
CCC(C(N)C)(N)CNC
CCC(C(N)C)(N)NCC
CCC(C(N)C)(NC)CN
CCC(C(N)C)(NN)CC
CCC(C(N)C)C(C)NN
CCC(C(N)C)C(N)CN
CCC(C(N)C)C(N)NC
CCC(C(N)C)CC(N)N
CCC(C(N)C)CCNN
CCC(C(N)C)CN(N)C
CCC(C(N)C)CNCN
CCC(C(N)C)CNNC
CCC(C(N)C)N(C)CN
CCC(C(N)C)N(C)NC
CCC(C(N)C)N(N)CC
CCC(C(N)C)NC(N)C
CCC(C(N)C)NCCN
CCC(C(N)C)NCNC
CCC(C(N)C)NN(C)C
CCC(C(N)C)NNCC
CCC(C(N)N)(N)C(C)C
CCC(C(N)N)(NC)CC
CCC(C(N)N)C(C)CN
CCC(C(N)N)C(C)NC
CCC(C(N)N)C(N)CC
CCC(C(N)N)CC(N)C
CCC(C(N)N)CCCN
CCC(C(N)N)CCNC
CCC(C(N)N)CN(C)C
CCC(C(N)N)CNCC
CCC(C(N)N)N(C)CC
CCC(C(N)N)NC(C)C
CCC(C)(C(C)C)NNN
CCC(C)(C(N)(N)C)CN
CCC(C)(C(N)(N)N)CC
CCC(C)(C(N)C)CNN
CCC(C)(C(N)C)NCN
CCC(C)(C(N)C)NNC
CCC(C)(C(N)N)C(N)C
CCC(C)(C(N)N)CCN
CCC(C)(C(N)N)CNC
CCC(C)(C(N)N)NCC
CCC(C)(C)C(C)(N)NN
CCC(C)(C)C(C)N(N)N
CCC(C)(C)C(C)NNN
CCC(C)(C)C(N)(N)CN
CCC(C)(C)C(N)(N)NC
CCC(C)(C)C(N)C(N)N
CCC(C)(C)C(N)CNN
CCC(C)(C)C(N)N(N)C
CCC(C)(C)C(N)NCN
CCC(C)(C)C(N)NNC
CCC(C)(C)C(NN)CN
CCC(C)(C)C(NN)NC
CCC(C)(C)CC(N)(N)N
CCC(C)(C)CC(N)NN
CCC(C)(C)CCN(N)N
CCC(C)(C)CCNNN
CCC(C)(C)CN(C)NN
CCC(C)(C)CN(N)CN
CCC(C)(C)CN(N)NC
CCC(C)(C)CNC(N)N
CCC(C)(C)CNCNN
CCC(C)(C)CNN(N)C
CCC(C)(C)CNNCN
CCC(C)(C)CNNNC
CCC(C)(C)N(C)C(N)N
CCC(C)(C)N(C)CNN
CCC(C)(C)N(C)N(N)C
CCC(C)(C)N(C)NCN
CCC(C)(C)N(C)NNC
CCC(C)(C)N(CN)CN
CCC(C)(C)N(N)C(N)C
CCC(C)(C)N(N)CCN
CCC(C)(C)N(N)CNC
CCC(C)(C)N(N)N(C)C
CCC(C)(C)N(N)NCC
CCC(C)(C)N(NC)CN
CCC(C)(C)N(NC)NC
CCC(C)(C)N(NN)CC
CCC(C)(C)NC(C)NN
CCC(C)(C)NC(N)(N)C
CCC(C)(C)NC(N)CN
CCC(C)(C)NC(N)NC
CCC(C)(C)NCC(N)N
CCC(C)(C)NCCNN
CCC(C)(C)NCN(N)C
CCC(C)(C)NCNCN
CCC(C)(C)NCNNC
CCC(C)(C)NN(C)CN
CCC(C)(C)NN(C)NC
CCC(C)(C)NN(N)CC
CCC(C)(C)NNC(N)C
CCC(C)(C)NNCCN
CCC(C)(C)NNCNC
CCC(C)(C)NNN(C)C
CCC(C)(C)NNNCC
CCC(C)(CC)C(N)NN
CCC(C)(CC)CN(N)N
CCC(C)(CC)CNNN
CCC(C)(CC)N(C)NN
CCC(C)(CC)N(N)CN
CCC(C)(CC)N(N)NC
CCC(C)(CC)NC(N)N
CCC(C)(CC)NCNN
CCC(C)(CC)NN(N)C
CCC(C)(CC)NNCN
CCC(C)(CC)NNNC
CCC(C)(CN)C(C)NN
CCC(C)(CN)C(N)CN
CCC(C)(CN)C(N)NC
CCC(C)(CN)CC(N)N
CCC(C)(CN)CCNN
CCC(C)(CN)CN(N)C
CCC(C)(CN)CNCN
CCC(C)(CN)CNNC
CCC(C)(CN)N(C)CN
CCC(C)(CN)N(C)NC
CCC(C)(CN)N(N)CC
CCC(C)(CN)NC(N)C
CCC(C)(CN)NCCN
CCC(C)(CN)NCNC
CCC(C)(CN)NN(C)C
CCC(C)(CN)NNCC
CCC(C)(N(C)C)C(N)N
CCC(C)(N(C)C)CNN
CCC(C)(N(C)C)NCN
CCC(C)(N(C)C)NNC
CCC(C)(N(N)C)C(N)C
CCC(C)(N(N)C)CCN
CCC(C)(N(N)C)CNC
CCC(C)(N(N)C)N(C)C
CCC(C)(N(N)C)NCC
CCC(C)(N(N)N)C(C)C
CCC(C)(N)C(C)(C)NN
CCC(C)(N)C(C)(N)CN
CCC(C)(N)C(C)(N)NC
CCC(C)(N)C(C)C(N)N
CCC(C)(N)C(C)CNN
CCC(C)(N)C(C)N(N)C
CCC(C)(N)C(C)NCN
CCC(C)(N)C(C)NNC
CCC(C)(N)C(CN)CN
CCC(C)(N)C(N)(N)CC
CCC(C)(N)C(N)C(N)C
CCC(C)(N)C(N)CCN
CCC(C)(N)C(N)CNC
CCC(C)(N)C(N)N(C)C
CCC(C)(N)C(N)NCC
CCC(C)(N)C(NC)CN
CCC(C)(N)C(NC)NC
CCC(C)(N)CC(C)NN
CCC(C)(N)CC(N)(N)C
CCC(C)(N)CC(N)CN
CCC(C)(N)CC(N)NC
CCC(C)(N)CCC(N)N
CCC(C)(N)CCCNN
CCC(C)(N)CCN(N)C
CCC(C)(N)CCNCN
CCC(C)(N)CCNNC
CCC(C)(N)CN(C)CN
CCC(C)(N)CN(C)NC
CCC(C)(N)CN(N)CC
CCC(C)(N)CNC(N)C
CCC(C)(N)CNCCN
CCC(C)(N)CNCNC
CCC(C)(N)CNN(C)C
CCC(C)(N)CNNCC
CCC(C)(N)N(C)C(N)C
CCC(C)(N)N(C)CCN
CCC(C)(N)N(C)CNC
CCC(C)(N)N(C)N(C)C
CCC(C)(N)N(C)NCC
CCC(C)(N)N(CC)CN
CCC(C)(N)N(N)C(C)C
CCC(C)(N)N(NC)CC
CCC(C)(N)NC(C)(N)C
CCC(C)(N)NC(C)CN
CCC(C)(N)NC(C)NC
CCC(C)(N)NCC(N)C
CCC(C)(N)NCCCN
CCC(C)(N)NCCNC
CCC(C)(N)NCN(C)C
CCC(C)(N)NCNCC
CCC(C)(N)NN(C)CC
CCC(C)(N)NNC(C)C
CCC(C)(NC)C(C)NN
CCC(C)(NC)C(N)(N)C
CCC(C)(NC)C(N)CN
CCC(C)(NC)C(N)NC
CCC(C)(NC)CC(N)N
CCC(C)(NC)CCNN
CCC(C)(NC)CN(N)C
CCC(C)(NC)CNCN
CCC(C)(NC)CNNC
CCC(C)(NC)N(C)CN
CCC(C)(NC)N(C)NC
CCC(C)(NC)N(N)CC
CCC(C)(NC)NC(N)C
CCC(C)(NC)NCCN
CCC(C)(NC)NCNC
CCC(C)(NC)NN(C)C
CCC(C)(NC)NNCC
CCC(C)(NN)C(C)(N)C
CCC(C)(NN)C(C)CN
CCC(C)(NN)C(C)NC
CCC(C)(NN)CC(N)C
CCC(C)(NN)CCCN
CCC(C)(NN)CCNC
CCC(C)(NN)CN(C)C
CCC(C)(NN)CNCC
CCC(C)(NN)N(C)CC
CCC(C)(NN)NC(C)C
CCC(C)C(C(N)N)CN
CCC(C)C(C)(C)N(N)N
CCC(C)C(C)(C)NNN
CCC(C)C(C)(N)C(N)N
CCC(C)C(C)(N)CNN
CCC(C)C(C)(N)N(N)C
CCC(C)C(C)(N)NCN
CCC(C)C(C)(N)NNC
CCC(C)C(C)(NN)CN
CCC(C)C(C)(NN)NC
CCC(C)C(C)C(N)(N)N
CCC(C)C(C)C(N)NN
CCC(C)C(C)CN(N)N
CCC(C)C(C)CNNN
CCC(C)C(C)N(C)NN
CCC(C)C(C)N(N)CN
CCC(C)C(C)N(N)NC
CCC(C)C(C)NC(N)N
CCC(C)C(C)NCNN
CCC(C)C(C)NN(N)C
CCC(C)C(C)NNCN
CCC(C)C(C)NNNC
CCC(C)C(CC)NNN
CCC(C)C(CN)(N)CN
CCC(C)C(CN)CNN
CCC(C)C(CN)NCN
CCC(C)C(CN)NNC
CCC(C)C(N(C)C)NN
CCC(C)C(N(N)C)CN
CCC(C)C(N(N)C)NC
CCC(C)C(N(N)N)CC
CCC(C)C(N)(N)C(N)C
CCC(C)C(N)(N)CCN
CCC(C)C(N)(N)CNC
CCC(C)C(N)(N)N(C)C
CCC(C)C(N)(N)NCC
CCC(C)C(N)(NC)CN
CCC(C)C(N)(NC)NC
CCC(C)C(N)(NN)CC
CCC(C)C(N)C(C)NN
CCC(C)C(N)C(N)(N)C
CCC(C)C(N)C(N)CN
CCC(C)C(N)C(N)NC
CCC(C)C(N)CC(N)N
CCC(C)C(N)CCNN
CCC(C)C(N)CN(N)C
CCC(C)C(N)CNCN
CCC(C)C(N)CNNC
CCC(C)C(N)N(C)CN
CCC(C)C(N)N(C)NC
CCC(C)C(N)N(N)CC
CCC(C)C(N)NC(N)C
CCC(C)C(N)NCCN
CCC(C)C(N)NCNC
CCC(C)C(N)NN(C)C
CCC(C)C(N)NNCC
CCC(C)C(NC)C(N)N
CCC(C)C(NC)CNN
CCC(C)C(NC)NCN
CCC(C)C(NC)NNC
CCC(C)C(NN)C(N)C
CCC(C)C(NN)CCN
CCC(C)C(NN)CNC
CCC(C)C(NN)NCC
CCC(C)CC(C)(N)NN
CCC(C)CC(C)N(N)N
CCC(C)CC(C)NNN
CCC(C)CC(N)(N)CN
CCC(C)CC(N)(N)NC
CCC(C)CC(N)C(N)N
CCC(C)CC(N)CNN
CCC(C)CC(N)N(N)C
CCC(C)CC(N)NCN
CCC(C)CC(N)NNC
CCC(C)CC(NN)CN
CCC(C)CC(NN)NC
CCC(C)CCC(N)(N)N
CCC(C)CCC(N)NN
CCC(C)CCCN(N)N
CCC(C)CCCNNN
CCC(C)CCN(C)NN
CCC(C)CCN(N)CN
CCC(C)CCN(N)NC
CCC(C)CCNC(N)N
CCC(C)CCNCNN
CCC(C)CCNN(N)C
CCC(C)CCNNCN
CCC(C)CCNNNC
CCC(C)CN(C)C(N)N
CCC(C)CN(C)CNN
CCC(C)CN(C)N(N)C
CCC(C)CN(C)NCN
CCC(C)CN(C)NNC
CCC(C)CN(CN)CN
CCC(C)CN(N)C(N)C
CCC(C)CN(N)CCN
CCC(C)CN(N)CNC
CCC(C)CN(N)N(C)C
CCC(C)CN(N)NCC
CCC(C)CN(NC)CN
CCC(C)CN(NC)NC
CCC(C)CN(NN)CC
CCC(C)CNC(C)NN
CCC(C)CNC(N)(N)C
CCC(C)CNC(N)CN
CCC(C)CNC(N)NC
CCC(C)CNCC(N)N
CCC(C)CNCCNN
CCC(C)CNCN(N)C
CCC(C)CNCNCN
CCC(C)CNCNNC
CCC(C)CNN(C)CN
CCC(C)CNN(C)NC
CCC(C)CNN(N)CC
CCC(C)CNNC(N)C
CCC(C)CNNCCN
CCC(C)CNNCNC
CCC(C)CNNN(C)C
CCC(C)CNNNCC
CCC(C)N(C(N)C)CN
CCC(C)N(C(N)N)CC
CCC(C)N(C)C(C)NN
CCC(C)N(C)C(N)(N)C
CCC(C)N(C)C(N)CN
CCC(C)N(C)C(N)NC
CCC(C)N(C)CC(N)N
CCC(C)N(C)CCNN
CCC(C)N(C)CN(N)C
CCC(C)N(C)CNCN
CCC(C)N(C)CNNC
CCC(C)N(C)N(C)CN
CCC(C)N(C)N(C)NC
CCC(C)N(C)N(N)CC
CCC(C)N(C)NC(N)C
CCC(C)N(C)NCCN
CCC(C)N(C)NCNC
CCC(C)N(C)NN(C)C
CCC(C)N(C)NNCC
CCC(C)N(CC)CNN
CCC(C)N(CC)NCN
CCC(C)N(CC)NNC
CCC(C)N(CN)CCN
CCC(C)N(CN)CNC
CCC(C)N(CN)NCC
CCC(C)N(N(C)C)CN
CCC(C)N(N(C)C)NC
CCC(C)N(N(N)C)CC
CCC(C)N(N)C(C)(N)C
CCC(C)N(N)C(C)CN
CCC(C)N(N)C(C)NC
CCC(C)N(N)CC(N)C
CCC(C)N(N)CCCN
CCC(C)N(N)CCNC
CCC(C)N(N)CN(C)C
CCC(C)N(N)CNCC
CCC(C)N(N)N(C)CC
CCC(C)N(N)NC(C)C
CCC(C)N(NC)C(N)C
CCC(C)N(NC)CCN
CCC(C)N(NC)CNC
CCC(C)N(NC)NCC
CCC(C)N(NN)C(C)C
CCC(C)NC(C)(C)NN
CCC(C)NC(C)(N)CN
CCC(C)NC(C)(N)NC
CCC(C)NC(C)C(N)N
CCC(C)NC(C)CNN
CCC(C)NC(C)N(N)C
CCC(C)NC(C)NCN
CCC(C)NC(C)NNC
CCC(C)NC(CN)CN
CCC(C)NC(N)(N)CC
CCC(C)NC(N)C(N)C
CCC(C)NC(N)CCN
CCC(C)NC(N)CNC
CCC(C)NC(N)N(C)C
CCC(C)NC(N)NCC
CCC(C)NC(NC)CN
CCC(C)NC(NC)NC
CCC(C)NCC(C)NN
CCC(C)NCC(N)(N)C
CCC(C)NCC(N)CN
CCC(C)NCC(N)NC
CCC(C)NCCC(N)N
CCC(C)NCCCNN
CCC(C)NCCN(N)C
CCC(C)NCCNCN
CCC(C)NCCNNC
CCC(C)NCN(C)CN
CCC(C)NCN(C)NC
CCC(C)NCN(N)CC
CCC(C)NCNC(N)C
CCC(C)NCNCCN
CCC(C)NCNCNC
CCC(C)NCNN(C)C
CCC(C)NCNNCC
CCC(C)NN(C)C(N)C
CCC(C)NN(C)CCN
CCC(C)NN(C)CNC
CCC(C)NN(C)N(C)C
CCC(C)NN(C)NCC
CCC(C)NN(CC)CN
CCC(C)NN(N)C(C)C
CCC(C)NN(NC)CC
CCC(C)NNC(C)(N)C
CCC(C)NNC(C)CN
CCC(C)NNC(C)NC
CCC(C)NNCC(N)C
CCC(C)NNCCCN
CCC(C)NNCCNC
CCC(C)NNCN(C)C
CCC(C)NNCNCC
CCC(C)NNN(C)CC
CCC(C)NNNC(C)C
CCC(CC)(CC)NNN
CCC(CC)(CN)CNN
CCC(CC)(CN)NCN
CCC(CC)(CN)NNC
CCC(CC)(N(N)N)CC
CCC(CC)(N)C(C)NN
CCC(CC)(N)C(N)CN
CCC(CC)(N)C(N)NC
CCC(CC)(N)CC(N)N
CCC(CC)(N)CCNN
CCC(CC)(N)CN(N)C
CCC(CC)(N)CNCN
CCC(CC)(N)CNNC
CCC(CC)(N)N(C)CN
CCC(CC)(N)N(C)NC
CCC(CC)(N)N(N)CC
CCC(CC)(N)NC(N)C
CCC(CC)(N)NCCN
CCC(CC)(N)NCNC
CCC(CC)(N)NN(C)C
CCC(CC)(N)NNCC
CCC(CC)(NC)CNN
CCC(CC)(NC)NCN
CCC(CC)(NC)NNC
CCC(CC)(NN)CCN
CCC(CC)(NN)CNC
CCC(CC)(NN)NCC
CCC(CC)C(C)(N)NN
CCC(CC)C(C)N(N)N
CCC(CC)C(C)NNN
CCC(CC)C(N)(N)CN
CCC(CC)C(N)(N)NC
CCC(CC)C(N)C(N)N
CCC(CC)C(N)CNN
CCC(CC)C(N)N(N)C
CCC(CC)C(N)NCN
CCC(CC)C(N)NNC
CCC(CC)C(NN)CN
CCC(CC)C(NN)NC
CCC(CC)CC(N)(N)N
CCC(CC)CC(N)NN
CCC(CC)CCN(N)N
CCC(CC)CCNNN
CCC(CC)CN(C)NN
CCC(CC)CN(N)CN
CCC(CC)CN(N)NC
CCC(CC)CNC(N)N
CCC(CC)CNCNN
CCC(CC)CNN(N)C
CCC(CC)CNNCN
CCC(CC)CNNNC
CCC(CC)N(C)C(N)N
CCC(CC)N(C)CNN
CCC(CC)N(C)N(N)C
CCC(CC)N(C)NCN
CCC(CC)N(C)NNC
CCC(CC)N(CN)CN
CCC(CC)N(N)C(N)C
CCC(CC)N(N)CCN
CCC(CC)N(N)CNC
CCC(CC)N(N)N(C)C
CCC(CC)N(N)NCC
CCC(CC)N(NC)CN
CCC(CC)N(NC)NC
CCC(CC)N(NN)CC
CCC(CC)NC(C)NN
CCC(CC)NC(N)(N)C
CCC(CC)NC(N)CN
CCC(CC)NC(N)NC
CCC(CC)NCC(N)N
CCC(CC)NCCNN
CCC(CC)NCN(N)C
CCC(CC)NCNCN
CCC(CC)NCNNC
CCC(CC)NN(C)CN
CCC(CC)NN(C)NC
CCC(CC)NN(N)CC
CCC(CC)NNC(N)C
CCC(CC)NNCCN
CCC(CC)NNCNC
CCC(CC)NNN(C)C
CCC(CC)NNNCC
CCC(CN)(C(N)C)CN
CCC(CN)(C(N)N)CC
CCC(CN)(CN)CCN
CCC(CN)(CN)CNC
CCC(CN)(CN)NCC
CCC(CN)(N(C)C)CN
CCC(CN)(N(N)C)CC
CCC(CN)(N)C(C)CN
CCC(CN)(N)C(C)NC
CCC(CN)(N)CC(N)C
CCC(CN)(N)CCCN
CCC(CN)(N)CCNC
CCC(CN)(N)CN(C)C
CCC(CN)(N)CNCC
CCC(CN)(N)N(C)CC
CCC(CN)(N)NC(C)C
CCC(CN)(NC)CCN
CCC(CN)(NC)CNC
CCC(CN)(NC)NCC
CCC(CN)C(C)(C)NN
CCC(CN)C(C)(N)CN
CCC(CN)C(C)(N)NC
CCC(CN)C(C)C(N)N
CCC(CN)C(C)CNN
CCC(CN)C(C)N(N)C
CCC(CN)C(C)NCN
CCC(CN)C(C)NNC
CCC(CN)C(CN)CN
CCC(CN)C(N)(N)CC
CCC(CN)C(N)C(N)C
CCC(CN)C(N)CCN
CCC(CN)C(N)CNC
CCC(CN)C(N)N(C)C
CCC(CN)C(N)NCC
CCC(CN)C(NC)CN
CCC(CN)C(NC)NC
CCC(CN)C(NN)CC
CCC(CN)CC(C)NN
CCC(CN)CC(N)(N)C
CCC(CN)CC(N)CN
CCC(CN)CC(N)NC
CCC(CN)CCC(N)N
CCC(CN)CCCNN
CCC(CN)CCN(N)C
CCC(CN)CCNCN
CCC(CN)CCNNC
CCC(CN)CN(C)CN
CCC(CN)CN(C)NC
CCC(CN)CN(N)CC
CCC(CN)CNC(N)C
CCC(CN)CNCCN
CCC(CN)CNCNC
CCC(CN)CNN(C)C
CCC(CN)CNNCC
CCC(CN)N(C)C(N)C
CCC(CN)N(C)CCN
CCC(CN)N(C)CNC
CCC(CN)N(C)N(C)C
CCC(CN)N(C)NCC
CCC(CN)N(CC)CN
CCC(CN)N(N)C(C)C
CCC(CN)N(NC)CC
CCC(CN)NC(C)(N)C
CCC(CN)NC(C)CN
CCC(CN)NC(C)NC
CCC(CN)NCC(N)C
CCC(CN)NCCCN
CCC(CN)NCCNC
CCC(CN)NCN(C)C
CCC(CN)NCNCC
CCC(CN)NN(C)CC
CCC(CN)NNC(C)C
CCC(N(C)C)C(C)NN
CCC(N(C)C)C(N)(N)C
CCC(N(C)C)C(N)CN
CCC(N(C)C)C(N)NC
CCC(N(C)C)CC(N)N
CCC(N(C)C)CCNN
CCC(N(C)C)CN(N)C
CCC(N(C)C)CNCN
CCC(N(C)C)CNNC
CCC(N(C)C)N(C)CN
CCC(N(C)C)N(C)NC
CCC(N(C)C)N(N)CC
CCC(N(C)C)NC(N)C
CCC(N(C)C)NCCN
CCC(N(C)C)NCNC
CCC(N(C)C)NN(C)C
CCC(N(C)C)NNCC
CCC(N(N)C)C(C)(N)C
CCC(N(N)C)C(C)CN
CCC(N(N)C)C(C)NC
CCC(N(N)C)C(N)CC
CCC(N(N)C)CC(N)C
CCC(N(N)C)CCCN
CCC(N(N)C)CCNC
CCC(N(N)C)CN(C)C
CCC(N(N)C)CNCC
CCC(N(N)C)N(C)CC
CCC(N(N)C)NC(C)C
CCC(N(N)N)C(C)(C)C
CCC(N(N)N)CC(C)C
CCC(N)(N(C)C)C(N)C
CCC(N)(N(C)C)CCN
CCC(N)(N(C)C)CNC
CCC(N)(N(C)C)N(C)C
CCC(N)(N(C)C)NCC
CCC(N)(N(N)C)C(C)C
CCC(N)(N)C(C)(C)CN
CCC(N)(N)C(C)(C)NC
CCC(N)(N)C(C)(N)CC
CCC(N)(N)C(C)C(N)C
CCC(N)(N)C(C)CCN
CCC(N)(N)C(C)CNC
CCC(N)(N)C(C)N(C)C
CCC(N)(N)C(C)NCC
CCC(N)(N)C(N)C(C)C
CCC(N)(N)CC(C)(N)C
CCC(N)(N)CC(C)CN
CCC(N)(N)CC(C)NC
CCC(N)(N)CCC(N)C
CCC(N)(N)CCCCN
CCC(N)(N)CCCNC
CCC(N)(N)CCN(C)C
CCC(N)(N)CCNCC
CCC(N)(N)CN(C)CC
CCC(N)(N)CNC(C)C
CCC(N)(N)N(C)C(C)C
CCC(N)(N)N(CC)CC
CCC(N)(N)NC(C)(C)C
CCC(N)(N)NCC(C)C
CCC(N)(NC)C(C)(N)C
CCC(N)(NC)C(C)CN
CCC(N)(NC)C(C)NC
CCC(N)(NC)CC(N)C
CCC(N)(NC)CCCN
CCC(N)(NC)CCNC
CCC(N)(NC)CN(C)C
CCC(N)(NC)CNCC
CCC(N)(NC)N(C)CC
CCC(N)(NC)NC(C)C
CCC(N)(NN)C(C)(C)C
CCC(N)(NN)CC(C)C
CCC(N)C(C(N)C)CN
CCC(N)C(C)(C)C(N)N
CCC(N)C(C)(C)CNN
CCC(N)C(C)(C)N(N)C
CCC(N)C(C)(C)NCN
CCC(N)C(C)(C)NNC
CCC(N)C(C)(CN)CN
CCC(N)C(C)(N)C(N)C
CCC(N)C(C)(N)CCN
CCC(N)C(C)(N)CNC
CCC(N)C(C)(N)N(C)C
CCC(N)C(C)(N)NCC
CCC(N)C(C)(NC)CN
CCC(N)C(C)(NC)NC
CCC(N)C(C)(NN)CC
CCC(N)C(C)C(C)NN
CCC(N)C(C)C(N)(N)C
CCC(N)C(C)C(N)CN
CCC(N)C(C)C(N)NC
CCC(N)C(C)CC(N)N
CCC(N)C(C)CCNN
CCC(N)C(C)CN(N)C
CCC(N)C(C)CNCN
CCC(N)C(C)CNNC
CCC(N)C(C)N(C)CN
CCC(N)C(C)N(C)NC
CCC(N)C(C)N(N)CC
CCC(N)C(C)NC(N)C
CCC(N)C(C)NCCN
CCC(N)C(C)NCNC
CCC(N)C(C)NN(C)C
CCC(N)C(C)NNCC
CCC(N)C(CC)CNN
CCC(N)C(CC)NCN
CCC(N)C(CC)NNC
CCC(N)C(CN)(N)CC
CCC(N)C(CN)CCN
CCC(N)C(CN)CNC
CCC(N)C(CN)NCC
CCC(N)C(N(C)C)CN
CCC(N)C(N(C)C)NC
CCC(N)C(N)(N)C(C)C
CCC(N)C(N)(NC)CC
CCC(N)C(N)C(C)(N)C
CCC(N)C(N)C(C)CN
CCC(N)C(N)C(C)NC
CCC(N)C(N)C(N)CC
CCC(N)C(N)CC(N)C
CCC(N)C(N)CCCN
CCC(N)C(N)CCNC
CCC(N)C(N)CN(C)C
CCC(N)C(N)CNCC
CCC(N)C(N)N(C)CC
CCC(N)C(N)NC(C)C
CCC(N)C(NC)C(N)C
CCC(N)C(NC)CCN
CCC(N)C(NC)CNC
CCC(N)C(NC)NCC
CCC(N)C(NN)C(C)C
CCC(N)CC(C)(C)NN
CCC(N)CC(C)(N)CN
CCC(N)CC(C)(N)NC
CCC(N)CC(C)C(N)N
CCC(N)CC(C)CNN
CCC(N)CC(C)N(N)C
CCC(N)CC(C)NCN
CCC(N)CC(C)NNC
CCC(N)CC(CN)CN
CCC(N)CC(N)(N)CC
CCC(N)CC(N)C(N)C
CCC(N)CC(N)CCN
CCC(N)CC(N)CNC
CCC(N)CC(N)N(C)C
CCC(N)CC(N)NCC
CCC(N)CC(NC)CN
CCC(N)CC(NC)NC
CCC(N)CCC(C)NN
CCC(N)CCC(N)(N)C
CCC(N)CCC(N)CN
CCC(N)CCC(N)NC
CCC(N)CCCC(N)N
CCC(N)CCCCNN
CCC(N)CCCN(N)C
CCC(N)CCCNCN
CCC(N)CCCNNC
CCC(N)CCN(C)CN
CCC(N)CCN(C)NC
CCC(N)CCN(N)CC
CCC(N)CCNC(N)C
CCC(N)CCNCCN
CCC(N)CCNCNC
CCC(N)CCNN(C)C
CCC(N)CCNNCC
CCC(N)CN(C)C(N)C
CCC(N)CN(C)CCN
CCC(N)CN(C)CNC
CCC(N)CN(C)N(C)C
CCC(N)CN(C)NCC
CCC(N)CN(CC)CN
CCC(N)CN(N)C(C)C
CCC(N)CN(NC)CC
CCC(N)CNC(C)(N)C
CCC(N)CNC(C)CN
CCC(N)CNC(C)NC
CCC(N)CNCC(N)C
CCC(N)CNCCCN
CCC(N)CNCCNC
CCC(N)CNCN(C)C
CCC(N)CNCNCC
CCC(N)CNN(C)CC
CCC(N)CNNC(C)C
CCC(N)N(C(C)C)CN
CCC(N)N(C(N)C)CC
CCC(N)N(C)C(C)(N)C
CCC(N)N(C)C(C)CN
CCC(N)N(C)C(C)NC
CCC(N)N(C)C(N)CC
CCC(N)N(C)CC(N)C
CCC(N)N(C)CCCN
CCC(N)N(C)CCNC
CCC(N)N(C)CN(C)C
CCC(N)N(C)CNCC
CCC(N)N(C)N(C)CC
CCC(N)N(C)NC(C)C
CCC(N)N(CC)CCN
CCC(N)N(CC)CNC
CCC(N)N(CC)NCC
CCC(N)N(N(C)C)CC
CCC(N)N(N)C(C)(C)C
CCC(N)N(N)C(C)CC
CCC(N)N(N)CC(C)C
CCC(N)N(NC)C(C)C
CCC(N)NC(C)(C)CN
CCC(N)NC(C)(C)NC
CCC(N)NC(C)(N)CC
CCC(N)NC(C)C(N)C
CCC(N)NC(C)CCN
CCC(N)NC(C)CNC
CCC(N)NC(C)N(C)C
CCC(N)NC(C)NCC
CCC(N)NC(CN)CC
CCC(N)NC(N)C(C)C
CCC(N)NCC(C)(N)C
CCC(N)NCC(C)CN
CCC(N)NCC(C)NC
CCC(N)NCC(N)CC
CCC(N)NCCC(N)C
CCC(N)NCCCCN
CCC(N)NCCCNC
CCC(N)NCCN(C)C
CCC(N)NCCNCC
CCC(N)NCN(C)CC
CCC(N)NCNC(C)C
CCC(N)NN(C)C(C)C
CCC(N)NN(CC)CC
CCC(N)NNC(C)(C)C
CCC(N)NNC(C)CC
CCC(N)NNCC(C)C
CCC(NC)(N(C)C)CN
CCC(NC)(N(C)C)NC
CCC(NC)(N(N)C)CC
CCC(NC)(NC)C(N)C
CCC(NC)(NC)CCN
CCC(NC)(NC)CNC
CCC(NC)(NC)NCC
CCC(NC)(NN)C(C)C
CCC(NC)C(C)(C)NN
CCC(NC)C(C)(N)CN
CCC(NC)C(C)(N)NC
CCC(NC)C(C)C(N)N
CCC(NC)C(C)CNN
CCC(NC)C(C)N(N)C
CCC(NC)C(C)NCN
CCC(NC)C(C)NNC
CCC(NC)C(CN)CN
CCC(NC)C(N)(N)CC
CCC(NC)C(N)C(N)C
CCC(NC)C(N)CCN
CCC(NC)C(N)CNC
CCC(NC)C(N)N(C)C
CCC(NC)C(N)NCC
CCC(NC)C(NC)CN
CCC(NC)C(NC)NC
CCC(NC)CC(C)NN
CCC(NC)CC(N)(N)C
CCC(NC)CC(N)CN
CCC(NC)CC(N)NC
CCC(NC)CCC(N)N
CCC(NC)CCCNN
CCC(NC)CCN(N)C
CCC(NC)CCNCN
CCC(NC)CCNNC
CCC(NC)CN(C)CN
CCC(NC)CN(C)NC
CCC(NC)CN(N)CC
CCC(NC)CNC(N)C
CCC(NC)CNCCN
CCC(NC)CNCNC
CCC(NC)CNN(C)C
CCC(NC)CNNCC
CCC(NC)N(C)C(N)C
CCC(NC)N(C)CCN
CCC(NC)N(C)CNC
CCC(NC)N(C)N(C)C
CCC(NC)N(C)NCC
CCC(NC)N(CC)CN
CCC(NC)N(N)C(C)C
CCC(NC)N(NC)CC
CCC(NC)NC(C)(N)C
CCC(NC)NC(C)CN
CCC(NC)NC(C)NC
CCC(NC)NC(N)CC
CCC(NC)NCC(N)C
CCC(NC)NCCCN
CCC(NC)NCCNC
CCC(NC)NCN(C)C
CCC(NC)NCNCC
CCC(NC)NN(C)CC
CCC(NC)NNC(C)C
CCC(NN)(N(C)C)CC
CCC(NN)C(C)(C)CN
CCC(NN)C(C)(C)NC
CCC(NN)C(C)(N)CC
CCC(NN)C(C)C(N)C
CCC(NN)C(C)CCN
CCC(NN)C(C)CNC
CCC(NN)C(C)N(C)C
CCC(NN)C(C)NCC
CCC(NN)C(N)C(C)C
CCC(NN)C(NC)CC
CCC(NN)CC(C)(N)C
CCC(NN)CC(C)CN
CCC(NN)CC(C)NC
CCC(NN)CC(N)CC
CCC(NN)CCC(N)C
CCC(NN)CCCCN
CCC(NN)CCCNC
CCC(NN)CCN(C)C
CCC(NN)CCNCC
CCC(NN)CN(C)CC
CCC(NN)CNC(C)C
CCC(NN)N(C)C(C)C
CCC(NN)N(CC)CC
CCC(NN)NC(C)(C)C
CCC(NN)NC(C)CC
CCC(NN)NCC(C)C
CCCC(C(C)C)NNN
CCCC(C(N)(N)C)CN
CCCC(C(N)(N)N)CC
CCCC(C(N)C)(N)CN
CCCC(C(N)C)CNN
CCCC(C(N)C)NCN
CCCC(C(N)C)NNC
CCCC(C(N)N)(N)CC
CCCC(C(N)N)C(N)C
CCCC(C(N)N)CCN
CCCC(C(N)N)CNC
CCCC(C(N)N)NCC
CCCC(C)(C(N)N)CN
CCCC(C)(C)C(N)(N)N
CCCC(C)(C)C(N)NN
CCCC(C)(C)CN(N)N
CCCC(C)(C)CNNN
CCCC(C)(C)N(C)NN
CCCC(C)(C)N(N)CN
CCCC(C)(C)N(N)NC
CCCC(C)(C)NC(N)N
CCCC(C)(C)NCNN
CCCC(C)(C)NN(N)C
CCCC(C)(C)NNCN
CCCC(C)(C)NNNC
CCCC(C)(CC)NNN
CCCC(C)(CN)CNN
CCCC(C)(CN)NCN
CCCC(C)(CN)NNC
CCCC(C)(N(C)C)NN
CCCC(C)(N(N)C)CN
CCCC(C)(N(N)C)NC
CCCC(C)(N(N)N)CC
CCCC(C)(N)C(C)NN
CCCC(C)(N)C(N)(N)C
CCCC(C)(N)C(N)CN
CCCC(C)(N)C(N)NC
CCCC(C)(N)CC(N)N
CCCC(C)(N)CCNN
CCCC(C)(N)CN(N)C
CCCC(C)(N)CNCN
CCCC(C)(N)CNNC
CCCC(C)(N)N(C)CN
CCCC(C)(N)N(C)NC
CCCC(C)(N)N(N)CC
CCCC(C)(N)NC(N)C
CCCC(C)(N)NCCN
CCCC(C)(N)NCNC
CCCC(C)(N)NN(C)C
CCCC(C)(N)NNCC
CCCC(C)(NC)C(N)N
CCCC(C)(NC)CNN
CCCC(C)(NC)NCN
CCCC(C)(NC)NNC
CCCC(C)(NN)C(N)C
CCCC(C)(NN)CCN
CCCC(C)(NN)CNC
CCCC(C)(NN)NCC
CCCC(C)C(C)(N)NN
CCCC(C)C(C)N(N)N
CCCC(C)C(C)NNN
CCCC(C)C(N)(N)CN
CCCC(C)C(N)(N)NC
CCCC(C)C(N)C(N)N
CCCC(C)C(N)CNN
CCCC(C)C(N)N(N)C
CCCC(C)C(N)NCN
CCCC(C)C(N)NNC
CCCC(C)C(NN)CN
CCCC(C)C(NN)NC
CCCC(C)CC(N)(N)N
CCCC(C)CC(N)NN
CCCC(C)CCN(N)N
CCCC(C)CCNNN
CCCC(C)CN(C)NN
CCCC(C)CN(N)CN
CCCC(C)CN(N)NC
CCCC(C)CNC(N)N
CCCC(C)CNCNN
CCCC(C)CNN(N)C
CCCC(C)CNNCN
CCCC(C)CNNNC
CCCC(C)N(C)C(N)N
CCCC(C)N(C)CNN
CCCC(C)N(C)N(N)C
CCCC(C)N(C)NCN
CCCC(C)N(C)NNC
CCCC(C)N(CN)CN
CCCC(C)N(N)C(N)C
CCCC(C)N(N)CCN
CCCC(C)N(N)CNC
CCCC(C)N(N)N(C)C
CCCC(C)N(N)NCC
CCCC(C)N(NC)CN
CCCC(C)N(NC)NC
CCCC(C)N(NN)CC
CCCC(C)NC(C)NN
CCCC(C)NC(N)(N)C
CCCC(C)NC(N)CN
CCCC(C)NC(N)NC
CCCC(C)NCC(N)N
CCCC(C)NCCNN
CCCC(C)NCN(N)C
CCCC(C)NCNCN
CCCC(C)NCNNC
CCCC(C)NN(C)CN
CCCC(C)NN(C)NC
CCCC(C)NN(N)CC
CCCC(C)NNC(N)C
CCCC(C)NNCCN
CCCC(C)NNCNC
CCCC(C)NNN(C)C
CCCC(C)NNNCC
CCCC(CC)(N)CNN
CCCC(CC)(N)NCN
CCCC(CC)(N)NNC
CCCC(CC)C(N)NN
CCCC(CC)CN(N)N
CCCC(CC)CNNN
CCCC(CC)N(C)NN
CCCC(CC)N(N)CN
CCCC(CC)N(N)NC
CCCC(CC)NC(N)N
CCCC(CC)NCNN
CCCC(CC)NN(N)C
CCCC(CC)NNCN
CCCC(CC)NNNC
CCCC(CN)(CN)CN
CCCC(CN)(N)CCN
CCCC(CN)(N)CNC
CCCC(CN)(N)NCC
CCCC(CN)(NC)CN
CCCC(CN)(NN)CC
CCCC(CN)C(C)NN
CCCC(CN)C(N)CN
CCCC(CN)C(N)NC
CCCC(CN)CC(N)N
CCCC(CN)CCNN
CCCC(CN)CN(N)C
CCCC(CN)CNCN
CCCC(CN)CNNC
CCCC(CN)N(C)CN
CCCC(CN)N(C)NC
CCCC(CN)N(N)CC
CCCC(CN)NC(N)C
CCCC(CN)NCCN
CCCC(CN)NCNC
CCCC(CN)NN(C)C
CCCC(CN)NNCC
CCCC(CNN)CCN
CCCC(CNN)CNC
CCCC(N(C)C)C(N)N
CCCC(N(C)C)CNN
CCCC(N(C)C)NCN
CCCC(N(C)C)NNC
CCCC(N(N)C)C(N)C
CCCC(N(N)C)CCN
CCCC(N(N)C)CNC
CCCC(N(N)C)N(C)C
CCCC(N(N)C)NCC
CCCC(N(N)N)C(C)C
CCCC(N(N)N)CCC
CCCC(N)(N(C)C)CN
CCCC(N)(N(C)C)NC
CCCC(N)(N(N)C)CC
CCCC(N)(N)C(C)(N)C
CCCC(N)(N)C(C)CN
CCCC(N)(N)C(C)NC
CCCC(N)(N)C(N)CC
CCCC(N)(N)CC(N)C
CCCC(N)(N)CCCN
CCCC(N)(N)CCNC
CCCC(N)(N)CN(C)C
CCCC(N)(N)CNCC
CCCC(N)(N)N(C)CC
CCCC(N)(N)NC(C)C
CCCC(N)(N)NCCC
CCCC(N)(NC)C(N)C
CCCC(N)(NC)CCN
CCCC(N)(NC)CNC
CCCC(N)(NC)NCC
CCCC(N)(NN)C(C)C
CCCC(N)(NN)CCC
CCCC(N)C(C)(C)NN
CCCC(N)C(C)(N)CN
CCCC(N)C(C)(N)NC
CCCC(N)C(C)C(N)N
CCCC(N)C(C)CNN
CCCC(N)C(C)N(N)C
CCCC(N)C(C)NCN
CCCC(N)C(C)NNC
CCCC(N)C(CN)CN
CCCC(N)C(N)(N)CC
CCCC(N)C(N)C(N)C
CCCC(N)C(N)CCN
CCCC(N)C(N)CNC
CCCC(N)C(N)N(C)C
CCCC(N)C(N)NCC
CCCC(N)C(NC)CN
CCCC(N)C(NC)NC
CCCC(N)C(NN)CC
CCCC(N)CC(C)NN
CCCC(N)CC(N)(N)C
CCCC(N)CC(N)CN
CCCC(N)CC(N)NC
CCCC(N)CCC(N)N
CCCC(N)CCCNN
CCCC(N)CCN(N)C
CCCC(N)CCNCN
CCCC(N)CCNNC
CCCC(N)CN(C)CN
CCCC(N)CN(C)NC
CCCC(N)CN(N)CC
CCCC(N)CNC(N)C
CCCC(N)CNCCN
CCCC(N)CNCNC
CCCC(N)CNN(C)C
CCCC(N)CNNCC
CCCC(N)N(C)C(N)C
CCCC(N)N(C)CCN
CCCC(N)N(C)CNC
CCCC(N)N(C)N(C)C
CCCC(N)N(C)NCC
CCCC(N)N(CC)CN
CCCC(N)N(N)C(C)C
CCCC(N)N(N)CCC
CCCC(N)N(NC)CC
CCCC(N)NC(C)(N)C
CCCC(N)NC(C)CN
CCCC(N)NC(C)NC
CCCC(N)NC(N)CC
CCCC(N)NCC(N)C
CCCC(N)NCCCN
CCCC(N)NCCNC
CCCC(N)NCN(C)C
CCCC(N)NCNCC
CCCC(N)NN(C)CC
CCCC(N)NNC(C)C
CCCC(N)NNCCC
CCCC(NC)(NC)CN
CCCC(NC)(NC)NC
CCCC(NC)(NN)CC
CCCC(NC)C(C)NN
CCCC(NC)C(N)(N)C
CCCC(NC)C(N)CN
CCCC(NC)C(N)NC
CCCC(NC)CC(N)N
CCCC(NC)CCNN
CCCC(NC)CN(N)C
CCCC(NC)CNCN
CCCC(NC)CNNC
CCCC(NC)N(C)CN
CCCC(NC)N(C)NC
CCCC(NC)N(N)CC
CCCC(NC)NC(N)C
CCCC(NC)NCCN
CCCC(NC)NCNC
CCCC(NC)NN(C)C
CCCC(NC)NNCC
CCCC(NCC)CNN
CCCC(NCC)NCN
CCCC(NCN)CCN
CCCC(NCN)CNC
CCCC(NN)C(C)(N)C
CCCC(NN)C(C)CN
CCCC(NN)C(C)NC
CCCC(NN)C(N)CC
CCCC(NN)CC(N)C
CCCC(NN)CCCN
CCCC(NN)CCNC
CCCC(NN)CN(C)C
CCCC(NN)CNCC
CCCC(NN)N(C)CC
CCCC(NN)NC(C)C
CCCC(NN)NCCC
CCCC(NNC)CCN
CCCC(NNC)CNC
CCCC(NNC)NCC
CCCC(NNN)CCC
CCCCC(C(N)N)CN
CCCCC(C)(C)N(N)N
CCCCC(C)(C)NNN
CCCCC(C)(N)C(N)N
CCCCC(C)(N)CNN
CCCCC(C)(N)N(N)C
CCCCC(C)(N)NCN
CCCCC(C)(N)NNC
CCCCC(C)(NN)CN
CCCCC(C)(NN)NC
CCCCC(C)C(N)(N)N
CCCCC(C)C(N)NN
CCCCC(C)CN(N)N
CCCCC(C)CNNN
CCCCC(C)N(C)NN
CCCCC(C)N(N)CN
CCCCC(C)N(N)NC
CCCCC(C)NC(N)N
CCCCC(C)NCNN
CCCCC(C)NN(N)C
CCCCC(C)NNCN
CCCCC(C)NNNC
CCCCC(CC)NNN
CCCCC(CN)(N)CN
CCCCC(CN)CNN
CCCCC(CN)NCN
CCCCC(CN)NNC
CCCCC(N(C)C)NN
CCCCC(N(N)C)CN
CCCCC(N(N)C)NC
CCCCC(N(N)N)CC
CCCCC(N)(N)C(N)C
CCCCC(N)(N)CCN
CCCCC(N)(N)CNC
CCCCC(N)(N)N(C)C
CCCCC(N)(N)NCC
CCCCC(N)(NC)CN
CCCCC(N)(NC)NC
CCCCC(N)(NN)CC
CCCCC(N)C(C)NN
CCCCC(N)C(N)(N)C
CCCCC(N)C(N)CN
CCCCC(N)C(N)NC
CCCCC(N)CC(N)N
CCCCC(N)CCNN
CCCCC(N)CN(N)C
CCCCC(N)CNCN
CCCCC(N)CNNC
CCCCC(N)N(C)CN
CCCCC(N)N(C)NC
CCCCC(N)N(N)CC
CCCCC(N)NC(N)C
CCCCC(N)NCCN
CCCCC(N)NCNC
CCCCC(N)NN(C)C
CCCCC(N)NNCC
CCCCC(NC)C(N)N
CCCCC(NC)CNN
CCCCC(NC)NCN
CCCCC(NC)NNC
CCCCC(NN)C(N)C
CCCCC(NN)CCN
CCCCC(NN)CNC
CCCCC(NN)NCC
CCCCCC(C)(N)NN
CCCCCC(C)N(N)N
CCCCCC(C)NNN
CCCCCC(N)(N)CN
CCCCCC(N)(N)NC
CCCCCC(N)C(N)N
CCCCCC(N)CNN
CCCCCC(N)N(N)C
CCCCCC(N)NCN
CCCCCC(N)NNC
CCCCCC(NN)CN
CCCCCC(NN)NC
CCCCCCC(N)(N)N
CCCCCCC(N)NN
CCCCCCCN(N)N
CCCCCCCNNN
CCCCCCN(C)NN
CCCCCCN(N)CN
CCCCCCN(N)NC
CCCCCCNC(N)N
CCCCCCNCNN
CCCCCCNN(N)C
CCCCCCNNCN
CCCCCCNNNC
CCCCCN(C)C(N)N
CCCCCN(C)CNN
CCCCCN(C)N(N)C
CCCCCN(C)NCN
CCCCCN(C)NNC
CCCCCN(CN)CN
CCCCCN(N)C(N)C
CCCCCN(N)CCN
CCCCCN(N)CNC
CCCCCN(N)N(C)C
CCCCCN(N)NCC
CCCCCN(NC)CN
CCCCCN(NC)NC
CCCCCN(NN)CC
CCCCCNC(C)NN
CCCCCNC(N)(N)C
CCCCCNC(N)CN
CCCCCNC(N)NC
CCCCCNCC(N)N
CCCCCNCCNN
CCCCCNCN(N)C
CCCCCNCNCN
CCCCCNCNNC
CCCCCNN(C)CN
CCCCCNN(C)NC
CCCCCNN(N)CC
CCCCCNNC(N)C
CCCCCNNCCN
CCCCCNNCNC
CCCCCNNN(C)C
CCCCCNNNCC
CCCCN(C(N)C)CN
CCCCN(C(N)N)CC
CCCCN(C)C(C)NN
CCCCN(C)C(N)(N)C
CCCCN(C)C(N)CN
CCCCN(C)C(N)NC
CCCCN(C)CC(N)N
CCCCN(C)CCNN
CCCCN(C)CN(N)C
CCCCN(C)CNCN
CCCCN(C)CNNC
CCCCN(C)N(C)CN
CCCCN(C)N(C)NC
CCCCN(C)N(N)CC
CCCCN(C)NC(N)C
CCCCN(C)NCCN
CCCCN(C)NCNC
CCCCN(C)NN(C)C
CCCCN(C)NNCC
CCCCN(CC)CNN
CCCCN(CC)NCN
CCCCN(CC)NNC
CCCCN(CN)CCN
CCCCN(CN)CNC
CCCCN(CN)NCC
CCCCN(N(C)C)CN
CCCCN(N(C)C)NC
CCCCN(N(N)C)CC
CCCCN(N)C(C)(N)C
CCCCN(N)C(C)CN
CCCCN(N)C(C)NC
CCCCN(N)C(N)CC
CCCCN(N)CC(N)C
CCCCN(N)CCCN
CCCCN(N)CCNC
CCCCN(N)CN(C)C
CCCCN(N)CNCC
CCCCN(N)N(C)CC
CCCCN(N)NC(C)C
CCCCN(N)NCCC
CCCCN(NC)C(N)C
CCCCN(NC)CCN
CCCCN(NC)CNC
CCCCN(NC)NCC
CCCCN(NN)C(C)C
CCCCN(NN)CCC
CCCCNC(C)(C)NN
CCCCNC(C)(N)CN
CCCCNC(C)(N)NC
CCCCNC(C)C(N)N
CCCCNC(C)CNN
CCCCNC(C)N(N)C
CCCCNC(C)NCN
CCCCNC(C)NNC
CCCCNC(CN)CN
CCCCNC(N)(N)CC
CCCCNC(N)C(N)C
CCCCNC(N)CCN
CCCCNC(N)CNC
CCCCNC(N)N(C)C
CCCCNC(N)NCC
CCCCNC(NC)CN
CCCCNC(NC)NC
CCCCNC(NN)CC
CCCCNCC(C)NN
CCCCNCC(N)(N)C
CCCCNCC(N)CN
CCCCNCC(N)NC
CCCCNCCC(N)N
CCCCNCCCNN
CCCCNCCN(N)C
CCCCNCCNCN
CCCCNCCNNC
CCCCNCN(C)CN
CCCCNCN(C)NC
CCCCNCN(N)CC
CCCCNCNC(N)C
CCCCNCNCCN
CCCCNCNCNC
CCCCNCNN(C)C
CCCCNCNNCC
CCCCNN(C)C(N)C
CCCCNN(C)CCN
CCCCNN(C)CNC
CCCCNN(C)N(C)C
CCCCNN(C)NCC
CCCCNN(CC)CN
CCCCNN(N)C(C)C
CCCCNN(N)CCC
CCCCNN(NC)CC
CCCCNNC(C)(N)C
CCCCNNC(C)CN
CCCCNNC(C)NC
CCCCNNC(N)CC
CCCCNNCC(N)C
CCCCNNCCCN
CCCCNNCCNC
CCCCNNCN(C)C
CCCCNNCNCC
CCCCNNN(C)CC
CCCCNNNC(C)C
CCCCNNNCCC
CCCN(C(C)(N)C)CN
CCCN(C(C)C)C(N)N
CCCN(C(C)C)CNN
CCCN(C(C)C)NCN
CCCN(C(C)C)NNC
CCCN(C(N)(N)C)CC
CCCN(C(N)C)C(N)C
CCCN(C(N)C)CCN
CCCN(C(N)C)CNC
CCCN(C(N)C)NCC
CCCN(C(N)N)CCC
CCCN(C)C(C)(C)NN
CCCN(C)C(C)(N)CN
CCCN(C)C(C)(N)NC
CCCN(C)C(C)C(N)N
CCCN(C)C(C)CNN
CCCN(C)C(C)N(N)C
CCCN(C)C(C)NCN
CCCN(C)C(C)NNC
CCCN(C)C(CN)CN
CCCN(C)C(N)(N)CC
CCCN(C)C(N)C(N)C
CCCN(C)C(N)CCN
CCCN(C)C(N)CNC
CCCN(C)C(N)N(C)C
CCCN(C)C(N)NCC
CCCN(C)C(NC)CN
CCCN(C)C(NC)NC
CCCN(C)C(NN)CC
CCCN(C)CC(C)NN
CCCN(C)CC(N)(N)C
CCCN(C)CC(N)CN
CCCN(C)CC(N)NC
CCCN(C)CCC(N)N
CCCN(C)CCCNN
CCCN(C)CCN(N)C
CCCN(C)CCNCN
CCCN(C)CCNNC
CCCN(C)CN(C)CN
CCCN(C)CN(C)NC
CCCN(C)CN(N)CC
CCCN(C)CNC(N)C
CCCN(C)CNCCN
CCCN(C)CNCNC
CCCN(C)CNN(C)C
CCCN(C)CNNCC
CCCN(C)N(C)C(N)C
CCCN(C)N(C)CCN
CCCN(C)N(C)CNC
CCCN(C)N(C)N(C)C
CCCN(C)N(C)NCC
CCCN(C)N(CC)CN
CCCN(C)N(N)C(C)C
CCCN(C)N(NC)CC
CCCN(C)NC(C)(N)C
CCCN(C)NC(C)CN
CCCN(C)NC(C)NC
CCCN(C)NC(N)CC
CCCN(C)NCC(N)C
CCCN(C)NCCCN
CCCN(C)NCCNC
CCCN(C)NCN(C)C
CCCN(C)NCNCC
CCCN(C)NN(C)CC
CCCN(C)NNC(C)C
CCCN(CC)C(C)NN
CCCN(CC)C(N)CN
CCCN(CC)C(N)NC
CCCN(CC)CC(N)N
CCCN(CC)CCNN
CCCN(CC)CN(N)C
CCCN(CC)CNCN
CCCN(CC)CNNC
CCCN(CC)N(C)CN
CCCN(CC)N(C)NC
CCCN(CC)N(N)CC
CCCN(CC)NC(N)C
CCCN(CC)NCCN
CCCN(CC)NCNC
CCCN(CC)NN(C)C
CCCN(CC)NNCC
CCCN(CCC)CNN
CCCN(CCN)CCN
CCCN(CCN)CNC
CCCN(CN)C(C)CN
CCCN(CN)C(C)NC
CCCN(CN)C(N)CC
CCCN(CN)CC(N)C
CCCN(CN)CCCN
CCCN(CN)CCNC
CCCN(CN)CN(C)C
CCCN(CN)CNCC
CCCN(CN)N(C)CC
CCCN(CN)NC(C)C
CCCN(CNC)CNC
CCCN(N(C)C)C(N)C
CCCN(N(C)C)CCN
CCCN(N(C)C)CNC
CCCN(N(C)C)N(C)C
CCCN(N(C)C)NCC
CCCN(N(N)C)C(C)C
CCCN(N(N)C)CCC
CCCN(N)C(C)(C)CN
CCCN(N)C(C)(C)NC
CCCN(N)C(C)(N)CC
CCCN(N)C(C)C(N)C
CCCN(N)C(C)CCN
CCCN(N)C(C)CNC
CCCN(N)C(C)N(C)C
CCCN(N)C(C)NCC
CCCN(N)C(CN)CC
CCCN(N)C(N)C(C)C
CCCN(N)C(NC)CC
CCCN(N)CC(C)(N)C
CCCN(N)CC(C)CN
CCCN(N)CC(C)NC
CCCN(N)CC(N)CC
CCCN(N)CCC(N)C
CCCN(N)CCCCN
CCCN(N)CCCNC
CCCN(N)CCN(C)C
CCCN(N)CCNCC
CCCN(N)CN(C)CC
CCCN(N)CNC(C)C
CCCN(N)N(C)C(C)C
CCCN(N)N(C)CCC
CCCN(N)N(CC)CC
CCCN(N)NC(C)(C)C
CCCN(N)NC(C)CC
CCCN(N)NCC(C)C
CCCN(NC)C(C)(N)C
CCCN(NC)C(C)CN
CCCN(NC)C(C)NC
CCCN(NC)C(N)CC
CCCN(NC)CC(N)C
CCCN(NC)CCCN
CCCN(NC)CCNC
CCCN(NC)CN(C)C
CCCN(NC)CNCC
CCCN(NC)N(C)CC
CCCN(NC)NC(C)C
CCCN(NCC)CCN
CCCN(NCC)CNC
CCCN(NCC)NCC
CCCN(NCN)CCC
CCCN(NN)C(C)(C)C
CCCN(NN)C(C)CC
CCCN(NN)CC(C)C
CCCN(NNC)CCC
CCCNC(C(N)C)CN
CCCNC(C(N)N)CC
CCCNC(C)(C)C(N)N
CCCNC(C)(C)CNN
CCCNC(C)(C)N(N)C
CCCNC(C)(C)NCN
CCCNC(C)(C)NNC
CCCNC(C)(CN)CN
CCCNC(C)(N)C(N)C
CCCNC(C)(N)CCN
CCCNC(C)(N)CNC
CCCNC(C)(N)N(C)C
CCCNC(C)(N)NCC
CCCNC(C)(NC)CN
CCCNC(C)(NC)NC
CCCNC(C)(NN)CC
CCCNC(C)C(C)NN
CCCNC(C)C(N)(N)C
CCCNC(C)C(N)CN
CCCNC(C)C(N)NC
CCCNC(C)CC(N)N
CCCNC(C)CCNN
CCCNC(C)CN(N)C
CCCNC(C)CNCN
CCCNC(C)CNNC
CCCNC(C)N(C)CN
CCCNC(C)N(C)NC
CCCNC(C)N(N)CC
CCCNC(C)NC(N)C
CCCNC(C)NCCN
CCCNC(C)NCNC
CCCNC(C)NN(C)C
CCCNC(C)NNCC
CCCNC(CC)CNN
CCCNC(CC)NCN
CCCNC(CC)NNC
CCCNC(CN)(N)CC
CCCNC(CN)CCN
CCCNC(CN)CNC
CCCNC(CN)NCC
CCCNC(N(C)C)CN
CCCNC(N(C)C)NC
CCCNC(N(N)C)CC
CCCNC(N)(N)C(C)C
CCCNC(N)(NC)CC
CCCNC(N)C(C)(N)C
CCCNC(N)C(C)CN
CCCNC(N)C(C)NC
CCCNC(N)C(N)CC
CCCNC(N)CC(N)C
CCCNC(N)CCCN
CCCNC(N)CCNC
CCCNC(N)CN(C)C
CCCNC(N)CNCC
CCCNC(N)N(C)CC
CCCNC(N)NC(C)C
CCCNC(N)NCCC
CCCNC(NC)C(N)C
CCCNC(NC)CCN
CCCNC(NC)CNC
CCCNC(NC)NCC
CCCNC(NN)C(C)C
CCCNCC(C)(C)NN
CCCNCC(C)(N)CN
CCCNCC(C)(N)NC
CCCNCC(C)C(N)N
CCCNCC(C)CNN
CCCNCC(C)N(N)C
CCCNCC(C)NCN
CCCNCC(C)NNC
CCCNCC(CN)CN
CCCNCC(N)(N)CC
CCCNCC(N)C(N)C
CCCNCC(N)CCN
CCCNCC(N)CNC
CCCNCC(N)N(C)C
CCCNCC(N)NCC
CCCNCC(NC)CN
CCCNCC(NC)NC
CCCNCC(NN)CC
CCCNCCC(C)NN
CCCNCCC(N)(N)C
CCCNCCC(N)CN
CCCNCCC(N)NC
CCCNCCCC(N)N
CCCNCCCCNN
CCCNCCCN(N)C
CCCNCCCNCN
CCCNCCCNNC
CCCNCCN(C)CN
CCCNCCN(C)NC
CCCNCCN(N)CC
CCCNCCNC(N)C
CCCNCCNCCN
CCCNCCNCNC
CCCNCCNN(C)C
CCCNCCNNCC
CCCNCN(C)C(N)C
CCCNCN(C)CCN
CCCNCN(C)CNC
CCCNCN(C)N(C)C
CCCNCN(C)NCC
CCCNCN(CC)CN
CCCNCN(N)C(C)C
CCCNCN(N)CCC
CCCNCN(NC)CC
CCCNCNC(C)(N)C
CCCNCNC(C)CN
CCCNCNC(C)NC
CCCNCNC(N)CC
CCCNCNCC(N)C
CCCNCNCCCN
CCCNCNCCNC
CCCNCNCN(C)C
CCCNCNCNCC
CCCNCNN(C)CC
CCCNCNNC(C)C
CCCNCNNCCC
CCCNN(C(C)C)CN
CCCNN(C(N)C)CC
CCCNN(C)C(C)(N)C
CCCNN(C)C(C)CN
CCCNN(C)C(C)NC
CCCNN(C)C(N)CC
CCCNN(C)CC(N)C
CCCNN(C)CCCN
CCCNN(C)CCNC
CCCNN(C)CN(C)C
CCCNN(C)CNCC
CCCNN(C)N(C)CC
CCCNN(C)NC(C)C
CCCNN(C)NCCC
CCCNN(CC)CCN
CCCNN(CC)CNC
CCCNN(CC)NCC
CCCNN(CN)CCC
CCCNN(N(C)C)CC
CCCNN(N)C(C)(C)C
CCCNN(N)C(C)CC
CCCNN(N)CC(C)C
CCCNN(NC)C(C)C
CCCNN(NC)CCC
CCCNNC(C)(C)CN
CCCNNC(C)(C)NC
CCCNNC(C)(N)CC
CCCNNC(C)C(N)C
CCCNNC(C)CCN
CCCNNC(C)CNC
CCCNNC(C)N(C)C
CCCNNC(C)NCC
CCCNNC(CN)CC
CCCNNC(N)C(C)C
CCCNNC(NC)CC
CCCNNCC(C)(N)C
CCCNNCC(C)CN
CCCNNCC(C)NC
CCCNNCC(N)CC
CCCNNCCC(N)C
CCCNNCCCCN
CCCNNCCCNC
CCCNNCCN(C)C
CCCNNCCNCC
CCCNNCN(C)CC
CCCNNCNC(C)C
CCCNNN(C)C(C)C
CCCNNN(C)CCC
CCCNNN(CC)CC
CCCNNNC(C)(C)C
CCCNNNC(C)CC
CCCNNNCC(C)C
CCN(C(C)(C)C)C(N)N
CCN(C(C)(C)C)CNN
CCN(C(C)(C)C)NCN
CCN(C(C)(C)C)NNC
CCN(C(C)(N)C)C(N)C
CCN(C(C)(N)C)CCN
CCN(C(C)(N)C)CNC
CCN(C(C)C)C(C)NN
CCN(C(C)C)C(N)CN
CCN(C(C)C)C(N)NC
CCN(C(C)C)CC(N)N
CCN(C(C)C)CCNN
CCN(C(C)C)CN(N)C
CCN(C(C)C)CNCN
CCN(C(C)C)CNNC
CCN(C(C)C)N(C)CN
CCN(C(C)C)N(C)NC
CCN(C(C)C)NC(N)C
CCN(C(C)C)NCCN
CCN(C(C)C)NCNC
CCN(C(C)C)NN(C)C
CCN(C(N)(N)C)C(C)C
CCN(C(N)C)C(C)CN
CCN(C(N)C)C(C)NC
CCN(C(N)C)CC(N)C
CCN(C(N)C)CCCN
CCN(C(N)C)CCNC
CCN(C(N)C)CN(C)C
CCN(C(N)C)N(C)CC
CCN(C(N)C)NC(C)C
CCN(C(N)N)CC(C)C
CCN(C)C(C(N)C)CN
CCN(C)C(C)(C)C(N)N
CCN(C)C(C)(C)CNN
CCN(C)C(C)(C)N(N)C
CCN(C)C(C)(C)NCN
CCN(C)C(C)(C)NNC
CCN(C)C(C)(CN)CN
CCN(C)C(C)(N)C(N)C
CCN(C)C(C)(N)CCN
CCN(C)C(C)(N)CNC
CCN(C)C(C)(N)N(C)C
CCN(C)C(C)(NC)CN
CCN(C)C(C)(NC)NC
CCN(C)C(C)C(C)NN
CCN(C)C(C)C(N)(N)C
CCN(C)C(C)C(N)CN
CCN(C)C(C)C(N)NC
CCN(C)C(C)CC(N)N
CCN(C)C(C)CCNN
CCN(C)C(C)CN(N)C
CCN(C)C(C)CNCN
CCN(C)C(C)CNNC
CCN(C)C(C)N(C)CN
CCN(C)C(C)N(C)NC
CCN(C)C(C)N(N)CC
CCN(C)C(C)NC(N)C
CCN(C)C(C)NCCN
CCN(C)C(C)NCNC
CCN(C)C(C)NN(C)C
CCN(C)C(CC)CNN
CCN(C)C(CC)NCN
CCN(C)C(CC)NNC
CCN(C)C(CN)CCN
CCN(C)C(CN)CNC
CCN(C)C(N(C)C)CN
CCN(C)C(N(C)C)NC
CCN(C)C(N)(N)C(C)C
CCN(C)C(N)C(C)(N)C
CCN(C)C(N)C(C)CN
CCN(C)C(N)C(C)NC
CCN(C)C(N)CC(N)C
CCN(C)C(N)CCCN
CCN(C)C(N)CCNC
CCN(C)C(N)CN(C)C
CCN(C)C(N)N(C)CC
CCN(C)C(N)NC(C)C
CCN(C)C(NC)C(N)C
CCN(C)C(NC)CCN
CCN(C)C(NC)CNC
CCN(C)C(NN)C(C)C
CCN(C)CC(C)(C)NN
CCN(C)CC(C)(N)CN
CCN(C)CC(C)(N)NC
CCN(C)CC(C)C(N)N
CCN(C)CC(C)CNN
CCN(C)CC(C)N(N)C
CCN(C)CC(C)NCN
CCN(C)CC(C)NNC
CCN(C)CC(CN)CN
CCN(C)CC(N)C(N)C
CCN(C)CC(N)CCN
CCN(C)CC(N)CNC
CCN(C)CC(N)N(C)C
CCN(C)CC(NC)CN
CCN(C)CC(NC)NC
CCN(C)CCC(C)NN
CCN(C)CCC(N)(N)C
CCN(C)CCC(N)CN
CCN(C)CCC(N)NC
CCN(C)CCCC(N)N
CCN(C)CCCCNN
CCN(C)CCCN(N)C
CCN(C)CCCNCN
CCN(C)CCCNNC
CCN(C)CCN(C)CN
CCN(C)CCN(C)NC
CCN(C)CCN(N)CC
CCN(C)CCNC(N)C
CCN(C)CCNCCN
CCN(C)CCNCNC
CCN(C)CCNN(C)C
CCN(C)CN(C)C(N)C
CCN(C)CN(C)CCN
CCN(C)CN(C)CNC
CCN(C)CN(C)N(C)C
CCN(C)CN(N)C(C)C
CCN(C)CN(NC)CC
CCN(C)CNC(C)(N)C
CCN(C)CNC(C)CN
CCN(C)CNC(C)NC
CCN(C)CNCC(N)C
CCN(C)CNCCCN
CCN(C)CNCCNC
CCN(C)CNCN(C)C
CCN(C)CNN(C)CC
CCN(C)CNNC(C)C
CCN(C)N(C(C)C)CN
CCN(C)N(C)C(C)(N)C
CCN(C)N(C)C(C)CN
CCN(C)N(C)C(C)NC
CCN(C)N(C)CC(N)C
CCN(C)N(C)CCCN
CCN(C)N(C)CCNC
CCN(C)N(C)CN(C)C
CCN(C)N(C)N(C)CC
CCN(C)N(C)NC(C)C
CCN(C)N(CC)CCN
CCN(C)N(CC)CNC
CCN(C)N(N)C(C)(C)C
CCN(C)N(N)CC(C)C
CCN(C)N(NC)C(C)C
CCN(C)NC(C)(C)CN
CCN(C)NC(C)(C)NC
CCN(C)NC(C)C(N)C
CCN(C)NC(C)CCN
CCN(C)NC(C)CNC
CCN(C)NC(C)N(C)C
CCN(C)NC(N)C(C)C
CCN(C)NCC(C)(N)C
CCN(C)NCC(C)CN
CCN(C)NCC(C)NC
CCN(C)NCCC(N)C
CCN(C)NCCCCN
CCN(C)NCCCNC
CCN(C)NCCN(C)C
CCN(C)NCNC(C)C
CCN(C)NN(C)C(C)C
CCN(C)NNC(C)(C)C
CCN(C)NNCC(C)C
CCN(CC)C(C)(C)NN
CCN(CC)C(C)(N)CN
CCN(CC)C(C)(N)NC
CCN(CC)C(C)C(N)N
CCN(CC)C(C)CNN
CCN(CC)C(C)N(N)C
CCN(CC)C(C)NCN
CCN(CC)C(C)NNC
CCN(CC)C(CN)CN
CCN(CC)C(N)C(N)C
CCN(CC)C(N)CCN
CCN(CC)C(N)CNC
CCN(CC)C(N)N(C)C
CCN(CC)C(NC)CN
CCN(CC)C(NC)NC
CCN(CC)CC(C)NN
CCN(CC)CC(N)(N)C
CCN(CC)CC(N)CN
CCN(CC)CC(N)NC
CCN(CC)CCC(N)N
CCN(CC)CCCNN
CCN(CC)CCN(N)C
CCN(CC)CCNCN
CCN(CC)CCNNC
CCN(CC)CN(C)CN
CCN(CC)CN(C)NC
CCN(CC)CN(N)CC
CCN(CC)CNC(N)C
CCN(CC)CNCCN
CCN(CC)CNCNC
CCN(CC)CNN(C)C
CCN(CC)N(C)C(N)C
CCN(CC)N(C)CCN
CCN(CC)N(C)CNC
CCN(CC)N(C)N(C)C
CCN(CC)N(CC)CN
CCN(CC)N(N)C(C)C
CCN(CC)NC(C)(N)C
CCN(CC)NC(C)CN
CCN(CC)NC(C)NC
CCN(CC)NCC(N)C
CCN(CC)NCCCN
CCN(CC)NCCNC
CCN(CC)NCN(C)C
CCN(CC)NN(C)CC
CCN(CC)NNC(C)C
CCN(CN)C(C)(C)CN
CCN(CN)C(C)(C)NC
CCN(CN)C(C)C(N)C
CCN(CN)C(C)CCN
CCN(CN)C(C)CNC
CCN(CN)C(C)N(C)C
CCN(CN)C(N)C(C)C
CCN(CN)CC(C)(N)C
CCN(CN)CC(C)CN
CCN(CN)CC(C)NC
CCN(CN)CCC(N)C
CCN(CN)CCCCN
CCN(CN)CCCNC
CCN(CN)CCN(C)C
CCN(CN)CN(C)CC
CCN(CN)CNC(C)C
CCN(CN)N(C)C(C)C
CCN(CN)NC(C)(C)C
CCN(CN)NCC(C)C
CCN(N(C)C)C(C)(N)C
CCN(N(C)C)C(C)CN
CCN(N(C)C)C(C)NC
CCN(N(C)C)CC(N)C
CCN(N(C)C)CCCN
CCN(N(C)C)CCNC
CCN(N(C)C)CN(C)C
CCN(N(C)C)N(C)CC
CCN(N(C)C)NC(C)C
CCN(N(N)C)C(C)(C)C
CCN(N(N)C)CC(C)C
CCN(N)C(C(C)C)CN
CCN(N)C(C)(C)C(N)C
CCN(N)C(C)(C)CCN
CCN(N)C(C)(C)CNC
CCN(N)C(C)(C)N(C)C
CCN(N)C(C)(N)C(C)C
CCN(N)C(C)C(C)(N)C
CCN(N)C(C)C(C)CN
CCN(N)C(C)C(C)NC
CCN(N)C(C)CC(N)C
CCN(N)C(C)CCCN
CCN(N)C(C)CCNC
CCN(N)C(C)CN(C)C
CCN(N)C(C)NC(C)C
CCN(N)C(CC)CCN
CCN(N)C(CC)CNC
CCN(N)C(N)C(C)(C)C
CCN(N)C(N)CC(C)C
CCN(N)C(NC)C(C)C
CCN(N)CC(C)(C)CN
CCN(N)CC(C)(C)NC
CCN(N)CC(C)C(N)C
CCN(N)CC(C)CCN
CCN(N)CC(C)CNC
CCN(N)CC(C)N(C)C
CCN(N)CC(N)C(C)C
CCN(N)CCC(C)(N)C
CCN(N)CCC(C)CN
CCN(N)CCC(C)NC
CCN(N)CCCC(N)C
CCN(N)CCCCCN
CCN(N)CCCCNC
CCN(N)CCCN(C)C
CCN(N)CCNC(C)C
CCN(N)CN(C)C(C)C
CCN(N)CNC(C)(C)C
CCN(N)CNCC(C)C
CCN(N)N(C(C)C)CC
CCN(N)N(C)C(C)(C)C
CCN(N)N(C)CC(C)C
CCN(N)NC(C)C(C)C
CCN(N)NCC(C)(C)C
CCN(N)NCCC(C)C
CCN(NC)C(C)(C)CN
CCN(NC)C(C)(C)NC
CCN(NC)C(C)C(N)C
CCN(NC)C(C)CCN
CCN(NC)C(C)CNC
CCN(NC)C(C)N(C)C
CCN(NC)C(N)C(C)C
CCN(NC)CC(C)(N)C
CCN(NC)CC(C)CN
CCN(NC)CC(C)NC
CCN(NC)CCC(N)C
CCN(NC)CCCCN
CCN(NC)CCCNC
CCN(NC)CCN(C)C
CCN(NC)CNC(C)C
CCN(NC)N(C)C(C)C
CCN(NC)N(CC)CC
CCN(NC)NC(C)(C)C
CCN(NC)NCC(C)C
CCN(NN)C(C)C(C)C
CCN(NN)CC(C)(C)C
CCN(NN)CCC(C)C
CCNC(C(C)(N)C)CN
CCNC(C(C)C)(N)CN
CCNC(C(C)C)CNN
CCNC(C(C)C)NCN
CCNC(C(C)C)NNC
CCNC(C(N)C)C(N)C
CCNC(C(N)C)CCN
CCNC(C(N)C)CNC
CCNC(C(N)C)NCC
CCNC(C(N)N)C(C)C
CCNC(C)(C(N)C)CN
CCNC(C)(C)C(C)NN
CCNC(C)(C)C(N)(N)C
CCNC(C)(C)C(N)CN
CCNC(C)(C)C(N)NC
CCNC(C)(C)CC(N)N
CCNC(C)(C)CCNN
CCNC(C)(C)CN(N)C
CCNC(C)(C)CNCN
CCNC(C)(C)CNNC
CCNC(C)(C)N(C)CN
CCNC(C)(C)N(C)NC
CCNC(C)(C)N(N)CC
CCNC(C)(C)NC(N)C
CCNC(C)(C)NCCN
CCNC(C)(C)NCNC
CCNC(C)(C)NN(C)C
CCNC(C)(C)NNCC
CCNC(C)(CC)CNN
CCNC(C)(CC)NCN
CCNC(C)(CC)NNC
CCNC(C)(CN)CCN
CCNC(C)(CN)CNC
CCNC(C)(CN)NCC
CCNC(C)(N(C)C)CN
CCNC(C)(N(C)C)NC
CCNC(C)(N)C(C)(N)C
CCNC(C)(N)C(C)CN
CCNC(C)(N)C(C)NC
CCNC(C)(N)CC(N)C
CCNC(C)(N)CCCN
CCNC(C)(N)CCNC
CCNC(C)(N)CN(C)C
CCNC(C)(N)N(C)CC
CCNC(C)(N)NC(C)C
CCNC(C)(NC)C(N)C
CCNC(C)(NC)CCN
CCNC(C)(NC)CNC
CCNC(C)(NC)NCC
CCNC(C)(NN)C(C)C
CCNC(C)C(C)(C)NN
CCNC(C)C(C)(N)CN
CCNC(C)C(C)(N)NC
CCNC(C)C(C)C(N)N
CCNC(C)C(C)CNN
CCNC(C)C(C)N(N)C
CCNC(C)C(C)NCN
CCNC(C)C(C)NNC
CCNC(C)C(CN)CN
CCNC(C)C(N)C(N)C
CCNC(C)C(N)CCN
CCNC(C)C(N)CNC
CCNC(C)C(N)N(C)C
CCNC(C)C(N)NCC
CCNC(C)C(NC)CN
CCNC(C)C(NC)NC
CCNC(C)CC(C)NN
CCNC(C)CC(N)(N)C
CCNC(C)CC(N)CN
CCNC(C)CC(N)NC
CCNC(C)CCC(N)N
CCNC(C)CCCNN
CCNC(C)CCN(N)C
CCNC(C)CCNCN
CCNC(C)CCNNC
CCNC(C)CN(C)CN
CCNC(C)CN(C)NC
CCNC(C)CN(N)CC
CCNC(C)CNC(N)C
CCNC(C)CNCCN
CCNC(C)CNCNC
CCNC(C)CNN(C)C
CCNC(C)CNNCC
CCNC(C)N(C)C(N)C
CCNC(C)N(C)CCN
CCNC(C)N(C)CNC
CCNC(C)N(C)N(C)C
CCNC(C)N(C)NCC
CCNC(C)N(CC)CN
CCNC(C)N(N)C(C)C
CCNC(C)N(NC)CC
CCNC(C)NC(C)(N)C
CCNC(C)NC(C)CN
CCNC(C)NC(C)NC
CCNC(C)NCC(N)C
CCNC(C)NCCCN
CCNC(C)NCCNC
CCNC(C)NCN(C)C
CCNC(C)NN(C)CC
CCNC(C)NNC(C)C
CCNC(CC)(N)CCN
CCNC(CC)(N)CNC
CCNC(CC)(N)NCC
CCNC(CC)C(C)NN
CCNC(CC)C(N)CN
CCNC(CC)C(N)NC
CCNC(CC)CC(N)N
CCNC(CC)CCNN
CCNC(CC)CN(N)C
CCNC(CC)CNCN
CCNC(CC)CNNC
CCNC(CC)N(C)CN
CCNC(CC)N(C)NC
CCNC(CC)N(N)CC
CCNC(CC)NC(N)C
CCNC(CC)NCCN
CCNC(CC)NCNC
CCNC(CC)NN(C)C
CCNC(CC)NNCC
CCNC(CCN)CCN
CCNC(CN)C(C)CN
CCNC(CN)C(C)NC
CCNC(CN)CC(N)C
CCNC(CN)CCCN
CCNC(CN)CCNC
CCNC(CN)CN(C)C
CCNC(CN)N(C)CC
CCNC(CN)NC(C)C
CCNC(CNC)CCN
CCNC(CNC)CNC
CCNC(N(C)C)C(N)C
CCNC(N(C)C)CCN
CCNC(N(C)C)CNC
CCNC(N(C)C)N(C)C
CCNC(N(C)C)NCC
CCNC(N(N)C)C(C)C
CCNC(N)(N)C(C)(C)C
CCNC(N)(N)CC(C)C
CCNC(N)(NC)C(C)C
CCNC(N)C(C)(C)CN
CCNC(N)C(C)(C)NC
CCNC(N)C(C)C(N)C
CCNC(N)C(C)CCN
CCNC(N)C(C)CNC
CCNC(N)C(C)N(C)C
CCNC(N)C(N)C(C)C
CCNC(N)CC(C)(N)C
CCNC(N)CC(C)CN
CCNC(N)CC(C)NC
CCNC(N)CCC(N)C
CCNC(N)CCCCN
CCNC(N)CCCNC
CCNC(N)CCN(C)C
CCNC(N)CN(C)CC
CCNC(N)CNC(C)C
CCNC(N)N(C)C(C)C
CCNC(N)N(CC)CC
CCNC(N)NC(C)(C)C
CCNC(N)NCC(C)C
CCNC(NC)C(C)(N)C
CCNC(NC)C(C)CN
CCNC(NC)C(C)NC
CCNC(NC)CC(N)C
CCNC(NC)CCCN
CCNC(NC)CCNC
CCNC(NC)CN(C)C
CCNC(NC)N(C)CC
CCNC(NC)NC(C)C
CCNC(NCC)CCN
CCNC(NCC)CNC
CCNC(NCC)NCC
CCNC(NN)C(C)(C)C
CCNC(NN)CC(C)C
CCNCC(C(N)C)CN
CCNCC(C)(C)C(N)N
CCNCC(C)(C)CNN
CCNCC(C)(C)N(N)C
CCNCC(C)(C)NCN
CCNCC(C)(C)NNC
CCNCC(C)(CN)CN
CCNCC(C)(N)C(N)C
CCNCC(C)(N)CCN
CCNCC(C)(N)CNC
CCNCC(C)(N)N(C)C
CCNCC(C)(N)NCC
CCNCC(C)(NC)CN
CCNCC(C)(NC)NC
CCNCC(C)C(C)NN
CCNCC(C)C(N)(N)C
CCNCC(C)C(N)CN
CCNCC(C)C(N)NC
CCNCC(C)CC(N)N
CCNCC(C)CCNN
CCNCC(C)CN(N)C
CCNCC(C)CNCN
CCNCC(C)CNNC
CCNCC(C)N(C)CN
CCNCC(C)N(C)NC
CCNCC(C)N(N)CC
CCNCC(C)NC(N)C
CCNCC(C)NCCN
CCNCC(C)NCNC
CCNCC(C)NN(C)C
CCNCC(C)NNCC
CCNCC(CC)CNN
CCNCC(CC)NCN
CCNCC(CC)NNC
CCNCC(CN)CCN
CCNCC(CN)CNC
CCNCC(CN)NCC
CCNCC(N(C)C)CN
CCNCC(N(C)C)NC
CCNCC(N)(N)C(C)C
CCNCC(N)C(C)(N)C
CCNCC(N)C(C)CN
CCNCC(N)C(C)NC
CCNCC(N)CC(N)C
CCNCC(N)CCCN
CCNCC(N)CCNC
CCNCC(N)CN(C)C
CCNCC(N)CNCC
CCNCC(N)N(C)CC
CCNCC(N)NC(C)C
CCNCC(NC)C(N)C
CCNCC(NC)CCN
CCNCC(NC)CNC
CCNCC(NC)NCC
CCNCC(NN)C(C)C
CCNCCC(C)(C)NN
CCNCCC(C)(N)CN
CCNCCC(C)(N)NC
CCNCCC(C)C(N)N
CCNCCC(C)CNN
CCNCCC(C)N(N)C
CCNCCC(C)NCN
CCNCCC(C)NNC
CCNCCC(CN)CN
CCNCCC(N)C(N)C
CCNCCC(N)CCN
CCNCCC(N)CNC
CCNCCC(N)N(C)C
CCNCCC(N)NCC
CCNCCC(NC)CN
CCNCCC(NC)NC
CCNCCCC(C)NN
CCNCCCC(N)(N)C
CCNCCCC(N)CN
CCNCCCC(N)NC
CCNCCCCC(N)N
CCNCCCCCNN
CCNCCCCN(N)C
CCNCCCCNCN
CCNCCCCNNC
CCNCCCN(C)CN
CCNCCCN(C)NC
CCNCCCN(N)CC
CCNCCCNC(N)C
CCNCCCNCCN
CCNCCCNCNC
CCNCCCNN(C)C
CCNCCCNNCC
CCNCCN(C)C(N)C
CCNCCN(C)CCN
CCNCCN(C)CNC
CCNCCN(C)N(C)C
CCNCCN(C)NCC
CCNCCN(CC)CN
CCNCCN(N)C(C)C
CCNCCN(NC)CC
CCNCCNC(C)(N)C
CCNCCNC(C)CN
CCNCCNC(C)NC
CCNCCNCC(N)C
CCNCCNCCCN
CCNCCNCCNC
CCNCCNCN(C)C
CCNCCNCNCC
CCNCCNN(C)CC
CCNCCNNC(C)C
CCNCN(C(C)C)CN
CCNCN(C(N)C)CC
CCNCN(C)C(C)(N)C
CCNCN(C)C(C)CN
CCNCN(C)C(C)NC
CCNCN(C)CC(N)C
CCNCN(C)CCCN
CCNCN(C)CCNC
CCNCN(C)CN(C)C
CCNCN(C)CNCC
CCNCN(C)N(C)CC
CCNCN(C)NC(C)C
CCNCN(CC)CCN
CCNCN(CC)CNC
CCNCN(CC)NCC
CCNCN(N(C)C)CC
CCNCN(N)C(C)(C)C
CCNCN(N)CC(C)C
CCNCN(NC)C(C)C
CCNCNC(C)(C)CN
CCNCNC(C)(C)NC
CCNCNC(C)C(N)C
CCNCNC(C)CCN
CCNCNC(C)CNC
CCNCNC(C)N(C)C
CCNCNC(C)NCC
CCNCNC(N)C(C)C
CCNCNCC(C)(N)C
CCNCNCC(C)CN
CCNCNCC(C)NC
CCNCNCCC(N)C
CCNCNCCCCN
CCNCNCCCNC
CCNCNCCN(C)C
CCNCNCN(C)CC
CCNCNCNC(C)C
CCNCNN(C)C(C)C
CCNCNN(CC)CC
CCNCNNC(C)(C)C
CCNCNNCC(C)C
CCNN(C(C)(C)C)CN
CCNN(C(C)(N)C)CC
CCNN(C(C)C)C(N)C
CCNN(C(C)C)CCN
CCNN(C(C)C)CNC
CCNN(C(C)C)NCC
CCNN(C)C(C)(C)CN
CCNN(C)C(C)(C)NC
CCNN(C)C(C)C(N)C
CCNN(C)C(C)CCN
CCNN(C)C(C)CNC
CCNN(C)C(C)N(C)C
CCNN(C)C(N)C(C)C
CCNN(C)CC(C)(N)C
CCNN(C)CC(C)CN
CCNN(C)CC(C)NC
CCNN(C)CCC(N)C
CCNN(C)CCCCN
CCNN(C)CCCNC
CCNN(C)CCN(C)C
CCNN(C)CN(C)CC
CCNN(C)CNC(C)C
CCNN(C)N(C)C(C)C
CCNN(C)N(CC)CC
CCNN(C)NC(C)(C)C
CCNN(C)NCC(C)C
CCNN(CC)C(C)CN
CCNN(CC)C(C)NC
CCNN(CC)CC(N)C
CCNN(CC)CCCN
CCNN(CC)CCNC
CCNN(CC)CN(C)C
CCNN(CC)N(C)CC
CCNN(CC)NC(C)C
CCNN(CN)CC(C)C
CCNN(N(C)C)C(C)C
CCNN(N)C(C)C(C)C
CCNN(N)CC(C)(C)C
CCNN(N)CCC(C)C
CCNN(NC)C(C)(C)C
CCNN(NC)CC(C)C
CCNNC(C(C)C)CN
CCNNC(C)(C)C(N)C
CCNNC(C)(C)CCN
CCNNC(C)(C)CNC
CCNNC(C)(C)N(C)C
CCNNC(C)(N)C(C)C
CCNNC(C)C(C)(N)C
CCNNC(C)C(C)CN
CCNNC(C)C(C)NC
CCNNC(C)CC(N)C
CCNNC(C)CCCN
CCNNC(C)CCNC
CCNNC(C)CN(C)C
CCNNC(C)N(C)CC
CCNNC(C)NC(C)C
CCNNC(CC)CCN
CCNNC(CC)CNC
CCNNC(N)C(C)(C)C
CCNNC(N)CC(C)C
CCNNC(NC)C(C)C
CCNNCC(C)(C)CN
CCNNCC(C)(C)NC
CCNNCC(C)C(N)C
CCNNCC(C)CCN
CCNNCC(C)CNC
CCNNCC(C)N(C)C
CCNNCC(N)C(C)C
CCNNCCC(C)(N)C
CCNNCCC(C)CN
CCNNCCC(C)NC
CCNNCCCC(N)C
CCNNCCCCCN
CCNNCCCCNC
CCNNCCCN(C)C
CCNNCCN(C)CC
CCNNCCNC(C)C
CCNNCN(C)C(C)C
CCNNCN(CC)CC
CCNNCNC(C)(C)C
CCNNCNCC(C)C
CCNNN(C(C)C)CC
CCNNN(C)C(C)(C)C
CCNNN(C)CC(C)C
CCNNNC(C)C(C)C
CCNNNCC(C)(C)C
CCNNNCCC(C)C
CN(C)C(C)(C)C(C)NN
CN(C)C(C)(C)C(N)CN
CN(C)C(C)(C)CC(N)N
CN(C)C(C)(C)CCNN
CN(C)C(C)(C)CN(N)C
CN(C)C(C)(C)CNCN
CN(C)C(C)(C)N(C)CN
CN(C)C(C)(C)NCCN
CN(C)C(C)(C)NN(C)C
CN(C)C(C)(CN)CCN
CN(C)C(C)(N(C)C)CN
CN(C)C(C)(N)C(C)CN
CN(C)C(C)(N)CCCN
CN(C)C(C)C(C)(C)NN
CN(C)C(C)C(C)(N)CN
CN(C)C(C)C(C)C(N)N
CN(C)C(C)C(C)CNN
CN(C)C(C)C(C)N(N)C
CN(C)C(C)C(C)NCN
CN(C)C(C)C(CN)CN
CN(C)C(C)C(N)CCN
CN(C)C(C)C(N)N(C)C
CN(C)C(C)CC(C)NN
CN(C)C(C)CC(N)CN
CN(C)C(C)CCC(N)N
CN(C)C(C)CCCNN
CN(C)C(C)CCN(N)C
CN(C)C(C)CCNCN
CN(C)C(C)CN(C)CN
CN(C)C(C)CNCCN
CN(C)C(C)CNN(C)C
CN(C)C(C)N(C)CCN
CN(C)C(C)N(C)N(C)C
CN(C)C(C)NC(C)CN
CN(C)C(C)NCCCN
CN(C)C(CN)C(C)CN
CN(C)C(CN)CCCN
CN(C)C(N(C)C)CCN
CN(C)C(N(C)C)N(C)C
CN(C)C(N)C(C)(C)CN
CN(C)C(N)C(C)CCN
CN(C)C(N)CC(C)CN
CN(C)C(N)CCCCN
CN(C)CC(C)(C)C(N)N
CN(C)CC(C)(C)CNN
CN(C)CC(C)(C)N(N)C
CN(C)CC(C)(C)NCN
CN(C)CC(C)(CN)CN
CN(C)CC(C)(N)CCN
CN(C)CC(C)(N)N(C)C
CN(C)CC(C)C(C)NN
CN(C)CC(C)C(N)CN
CN(C)CC(C)CC(N)N
CN(C)CC(C)CCNN
CN(C)CC(C)CN(N)C
CN(C)CC(C)CNCN
CN(C)CC(C)N(C)CN
CN(C)CC(C)NCCN
CN(C)CC(C)NN(C)C
CN(C)CC(CC)CNN
CN(C)CC(CC)NCN
CN(C)CC(CN)CCN
CN(C)CC(N(C)C)CN
CN(C)CC(N)C(C)CN
CN(C)CC(N)CCCN
CN(C)CC(N)CN(C)C
CN(C)CC(NC)CCN
CN(C)CCC(C)(C)NN
CN(C)CCC(C)(N)CN
CN(C)CCC(C)C(N)N
CN(C)CCC(C)CNN
CN(C)CCC(C)N(N)C
CN(C)CCC(C)NCN
CN(C)CCC(CN)CN
CN(C)CCC(N)CCN
CN(C)CCC(N)N(C)C
CN(C)CCCC(C)NN
CN(C)CCCC(N)CN
CN(C)CCCCC(N)N
CN(C)CCCCCNN
CN(C)CCCCN(N)C
CN(C)CCCCNCN
CN(C)CCCN(C)CN
CN(C)CCCNCCN
CN(C)CCCNN(C)C
CN(C)CCN(C)CCN
CN(C)CCN(C)N(C)C
CN(C)CCNC(C)CN
CN(C)CCNCCCN
CN(C)CCNCN(C)C
CN(C)CN(C)C(C)CN
CN(C)CN(C)CCCN
CN(C)CN(C)CN(C)C
CN(C)CN(CC)CCN
CN(C)CNC(C)(C)CN
CN(C)CNC(C)CCN
CN(C)CNC(C)N(C)C
CN(C)CNCC(C)CN
CN(C)CNCCCCN
CN(C)N(C)C(C)(C)CN
CN(C)N(C)C(C)CCN
CN(C)N(C)CC(C)CN
CN(C)N(C)CCCCN
CN(C)NC(C)(C)CCN
CN(C)NC(C)C(C)CN
CN(C)NC(C)CCCN
CN(C)NC(CC)CCN
CN(C)NCC(C)(C)CN
CN(C)NCC(C)CCN
CN(C)NCCC(C)CN
CN(C)NCCCCCN
CN(N)C(C)(C)C(C)CN
CN(N)C(C)(C)CCCN
CN(N)C(C)C(C)(C)CN
CN(N)C(C)C(C)CCN
CN(N)C(C)CC(C)CN
CN(N)C(C)CCCCN
CN(N)CC(C)(C)CCN
CN(N)CC(C)C(C)CN
CN(N)CC(C)CCCN
CN(N)CC(CC)CCN
CN(N)CCC(C)(C)CN
CN(N)CCC(C)CCN
CN(N)CCCC(C)CN
CN(N)CCCCCCN
CNC(C)(C)C(C)(C)NN
CNC(C)(C)C(C)(N)CN
CNC(C)(C)C(C)(N)NC
CNC(C)(C)C(C)C(N)N
CNC(C)(C)C(C)CNN
CNC(C)(C)C(C)N(N)C
CNC(C)(C)C(C)NCN
CNC(C)(C)C(C)NNC
CNC(C)(C)C(CN)CN
CNC(C)(C)C(N)CCN
CNC(C)(C)C(N)N(C)C
CNC(C)(C)CC(C)NN
CNC(C)(C)CC(N)CN
CNC(C)(C)CCC(N)N
CNC(C)(C)CCCNN
CNC(C)(C)CCN(N)C
CNC(C)(C)CCNCN
CNC(C)(C)CCNNC
CNC(C)(C)CN(C)CN
CNC(C)(C)CN(C)NC
CNC(C)(C)CNCCN
CNC(C)(C)CNN(C)C
CNC(C)(C)N(C)CCN
CNC(C)(C)N(C)N(C)C
CNC(C)(C)NC(C)CN
CNC(C)(C)NCCCN
CNC(C)(C)NCN(C)C
CNC(C)(CN)C(C)CN
CNC(C)(CN)CCCN
CNC(C)(CN)CN(C)C
CNC(C)(N(C)C)CCN
CNC(C)(N(C)C)N(C)C
CNC(C)(N)C(C)(C)CN
CNC(C)(N)C(C)CCN
CNC(C)(N)C(C)N(C)C
CNC(C)(N)CC(C)CN
CNC(C)(N)CCCCN
CNC(C)(N)CCN(C)C
CNC(C)(NC)C(C)CN
CNC(C)(NC)CCCN
CNC(C)(NC)CN(C)C
CNC(C)C(C)(C)C(N)N
CNC(C)C(C)(C)CNN
CNC(C)C(C)(C)N(N)C
CNC(C)C(C)(C)NCN
CNC(C)C(C)(C)NNC
CNC(C)C(C)(CN)CN
CNC(C)C(C)(N)CCN
CNC(C)C(C)(N)N(C)C
CNC(C)C(C)(NC)CN
CNC(C)C(C)(NC)NC
CNC(C)C(C)C(C)NN
CNC(C)C(C)C(N)CN
CNC(C)C(C)C(N)NC
CNC(C)C(C)CC(N)N
CNC(C)C(C)CCNN
CNC(C)C(C)CN(N)C
CNC(C)C(C)CNCN
CNC(C)C(C)CNNC
CNC(C)C(C)N(C)CN
CNC(C)C(C)N(C)NC
CNC(C)C(C)NCCN
CNC(C)C(C)NN(C)C
CNC(C)C(CC)CNN
CNC(C)C(CC)NCN
CNC(C)C(CC)NNC
CNC(C)C(CN)CCN
CNC(C)C(N(C)C)CN
CNC(C)C(N(C)C)NC
CNC(C)C(N)C(C)CN
CNC(C)C(N)C(C)NC
CNC(C)C(N)CCCN
CNC(C)C(N)CN(C)C
CNC(C)C(NC)CCN
CNC(C)CC(C)(C)NN
CNC(C)CC(C)(N)CN
CNC(C)CC(C)(N)NC
CNC(C)CC(C)C(N)N
CNC(C)CC(C)CNN
CNC(C)CC(C)N(N)C
CNC(C)CC(C)NCN
CNC(C)CC(C)NNC
CNC(C)CC(CN)CN
CNC(C)CC(N)CCN
CNC(C)CC(N)N(C)C
CNC(C)CC(NC)NC
CNC(C)CCC(C)NN
CNC(C)CCC(N)CN
CNC(C)CCC(N)NC
CNC(C)CCCC(N)N
CNC(C)CCCCNN
CNC(C)CCCN(N)C
CNC(C)CCCNCN
CNC(C)CCCNNC
CNC(C)CCN(C)CN
CNC(C)CCN(C)NC
CNC(C)CCNCCN
CNC(C)CCNN(C)C
CNC(C)CN(C)CCN
CNC(C)CN(C)N(C)C
CNC(C)CNC(C)CN
CNC(C)CNC(C)NC
CNC(C)CNCCCN
CNC(C)CNCN(C)C
CNC(C)N(C)C(C)CN
CNC(C)N(C)C(C)NC
CNC(C)N(C)CCCN
CNC(C)N(C)CN(C)C
CNC(C)N(CC)CCN
CNC(C)NC(C)(C)CN
CNC(C)NC(C)(C)NC
CNC(C)NC(C)CCN
CNC(C)NC(C)N(C)C
CNC(C)NCC(C)CN
CNC(C)NCCCCN
CNC(C)NCCN(C)C
CNC(CN)C(C)(C)CN
CNC(CN)C(C)(C)NC
CNC(CN)C(C)CCN
CNC(CN)C(C)N(C)C
CNC(CN)CC(C)CN
CNC(CN)CC(C)NC
CNC(CN)CCCCN
CNC(CN)CCN(C)C
CNC(N(C)C)C(C)CN
CNC(N(C)C)CCCN
CNC(N(C)C)CN(C)C
CNC(N)C(C)(C)CCN
CNC(N)C(C)(C)N(C)C
CNC(N)C(C)C(C)CN
CNC(N)C(C)CCCN
CNC(N)C(C)CN(C)C
CNC(N)C(CC)CCN
CNC(N)CC(C)(C)CN
CNC(N)CC(C)(C)NC
CNC(N)CC(C)CCN
CNC(N)CC(C)N(C)C
CNC(N)CCC(C)CN
CNC(N)CCCCCN
CNC(N)CCCN(C)C
CNC(NC)C(C)(C)CN
CNC(NC)C(C)(C)NC
CNC(NC)C(C)CCN
CNC(NC)C(C)N(C)C
CNC(NC)CC(C)CN
CNC(NC)CCCCN
CNC(NC)CCN(C)C
CNCC(C(C)C)CNN
CNCC(C(C)C)NCN
CNCC(C(C)C)NNC
CNCC(C(N)C)CCN
CNCC(C(N)C)CNC
CNCC(C)(C)C(C)NN
CNCC(C)(C)C(N)CN
CNCC(C)(C)C(N)NC
CNCC(C)(C)CC(N)N
CNCC(C)(C)CCNN
CNCC(C)(C)CN(N)C
CNCC(C)(C)CNCN
CNCC(C)(C)CNNC
CNCC(C)(C)N(C)CN
CNCC(C)(C)N(C)NC
CNCC(C)(C)NCCN
CNCC(C)(C)NCNC
CNCC(C)(C)NN(C)C
CNCC(C)(CC)CNN
CNCC(C)(CC)NCN
CNCC(C)(CC)NNC
CNCC(C)(CN)CCN
CNCC(C)(CN)CNC
CNCC(C)(N(C)C)CN
CNCC(C)(N(C)C)NC
CNCC(C)(N)C(C)CN
CNCC(C)(N)C(C)NC
CNCC(C)(N)CCCN
CNCC(C)(N)CN(C)C
CNCC(C)(NC)CCN
CNCC(C)(NC)CNC
CNCC(C)C(C)(C)NN
CNCC(C)C(C)(N)CN
CNCC(C)C(C)(N)NC
CNCC(C)C(C)C(N)N
CNCC(C)C(C)CNN
CNCC(C)C(C)N(N)C
CNCC(C)C(C)NCN
CNCC(C)C(C)NNC
CNCC(C)C(CN)CN
CNCC(C)C(N)CCN
CNCC(C)C(N)CNC
CNCC(C)C(N)N(C)C
CNCC(C)C(NC)CN
CNCC(C)C(NC)NC
CNCC(C)CC(C)NN
CNCC(C)CC(N)CN
CNCC(C)CC(N)NC
CNCC(C)CCC(N)N
CNCC(C)CCCNN
CNCC(C)CCN(N)C
CNCC(C)CCNCN
CNCC(C)CCNNC
CNCC(C)CN(C)CN
CNCC(C)CN(C)NC
CNCC(C)CNCCN
CNCC(C)CNCNC
CNCC(C)CNN(C)C
CNCC(C)N(C)CCN
CNCC(C)N(C)CNC
CNCC(C)N(C)N(C)C
CNCC(C)NC(C)CN
CNCC(C)NC(C)NC
CNCC(C)NCCCN
CNCC(C)NCN(C)C
CNCC(CC)(N)CCN
CNCC(CC)(N)CNC
CNCC(CC)C(C)NN
CNCC(CC)C(N)CN
CNCC(CC)C(N)NC
CNCC(CC)CC(N)N
CNCC(CC)CCNN
CNCC(CC)CN(N)C
CNCC(CC)CNCN
CNCC(CC)CNNC
CNCC(CC)N(C)CN
CNCC(CC)N(C)NC
CNCC(CC)NCCN
CNCC(CC)NCNC
CNCC(CC)NN(C)C
CNCC(CCN)CCN
CNCC(CN)C(C)CN
CNCC(CN)C(C)NC
CNCC(CN)CCCN
CNCC(CN)CN(C)C
CNCC(CNC)CCN
CNCC(CNC)CNC
CNCC(N(C)C)CCN
CNCC(N(C)C)CNC
CNCC(N(C)C)N(C)C
CNCC(N)C(C)(C)CN
CNCC(N)C(C)(C)NC
CNCC(N)C(C)CCN
CNCC(N)C(C)N(C)C
CNCC(N)CC(C)CN
CNCC(N)CC(C)NC
CNCC(N)CCCCN
CNCC(N)CCN(C)C
CNCC(NC)C(C)CN
CNCC(NC)C(C)NC
CNCC(NC)CCCN
CNCC(NC)CN(C)C
CNCCC(C)(C)C(N)N
CNCCC(C)(C)CNN
CNCCC(C)(C)N(N)C
CNCCC(C)(C)NCN
CNCCC(C)(C)NNC
CNCCC(C)(CN)CN
CNCCC(C)(N)CCN
CNCCC(C)(N)CNC
CNCCC(C)(N)N(C)C
CNCCC(C)(NC)CN
CNCCC(C)(NC)NC
CNCCC(C)C(C)NN
CNCCC(C)C(N)CN
CNCCC(C)C(N)NC
CNCCC(C)CC(N)N
CNCCC(C)CCNN
CNCCC(C)CN(N)C
CNCCC(C)CNCN
CNCCC(C)CNNC
CNCCC(C)N(C)CN
CNCCC(C)N(C)NC
CNCCC(C)NCCN
CNCCC(C)NCNC
CNCCC(C)NN(C)C
CNCCC(CC)CNN
CNCCC(CC)NCN
CNCCC(CC)NNC
CNCCC(CN)CCN
CNCCC(CN)CNC
CNCCC(N(C)C)CN
CNCCC(N(C)C)NC
CNCCC(N)C(C)CN
CNCCC(N)C(C)NC
CNCCC(N)CCCN
CNCCC(N)CCNC
CNCCC(N)CN(C)C
CNCCC(NC)CCN
CNCCC(NC)CNC
CNCCCC(C)(C)NN
CNCCCC(C)(N)CN
CNCCCC(C)(N)NC
CNCCCC(C)C(N)N
CNCCCC(C)CNN
CNCCCC(C)N(N)C
CNCCCC(C)NCN
CNCCCC(C)NNC
CNCCCC(CN)CN
CNCCCC(N)CCN
CNCCCC(N)CNC
CNCCCC(N)N(C)C
CNCCCC(NC)CN
CNCCCC(NC)NC
CNCCCCC(C)NN
CNCCCCC(N)CN
CNCCCCC(N)NC
CNCCCCCC(N)N
CNCCCCCCNN
CNCCCCCN(N)C
CNCCCCCNCN
CNCCCCCNNC
CNCCCCN(C)CN
CNCCCCN(C)NC
CNCCCCNCCN
CNCCCCNCNC
CNCCCCNN(C)C
CNCCCN(C)CCN
CNCCCN(C)CNC
CNCCCN(C)N(C)C
CNCCCNC(C)CN
CNCCCNC(C)NC
CNCCCNCCCN
CNCCCNCCNC
CNCCCNCN(C)C
CNCCN(C)C(C)CN
CNCCN(C)C(C)NC
CNCCN(C)CCCN
CNCCN(C)CCNC
CNCCN(C)CN(C)C
CNCCN(CC)CCN
CNCCN(CC)CNC
CNCCNC(C)(C)CN
CNCCNC(C)(C)NC
CNCCNC(C)CCN
CNCCNC(C)CNC
CNCCNC(C)N(C)C
CNCCNCC(C)CN
CNCCNCC(C)NC
CNCCNCCCCN
CNCCNCCN(C)C
CNCN(C(C)C)CCN
CNCN(C(C)C)CNC
CNCN(C)C(C)(C)CN
CNCN(C)C(C)(C)NC
CNCN(C)C(C)CCN
CNCN(C)C(C)N(C)C
CNCN(C)CC(C)CN
CNCN(C)CC(C)NC
CNCN(C)CCCCN
CNCN(C)CCN(C)C
CNCN(CC)C(C)CN
CNCN(CC)C(C)NC
CNCN(CC)CCCN
CNCN(CC)CN(C)C
CNCNC(C)(C)CCN
CNCNC(C)(C)N(C)C
CNCNC(C)C(C)CN
CNCNC(C)C(C)NC
CNCNC(C)CCCN
CNCNC(C)CN(C)C
CNCNC(CC)CCN
CNCNCC(C)(C)CN
CNCNCC(C)(C)NC
CNCNCC(C)CCN
CNCNCC(C)N(C)C
CNCNCCC(C)CN
CNCNCCC(C)NC
CNCNCCCCCN
CNCNCCCN(C)C
CNN(C)C(C)(C)CCN
CNN(C)C(C)(C)N(C)C
CNN(C)C(C)C(C)CN
CNN(C)C(C)CCCN
CNN(C)C(C)CN(C)C
CNN(C)C(CC)CCN
CNN(C)CC(C)(C)CN
CNN(C)CC(C)CCN
CNN(C)CC(C)N(C)C
CNN(C)CCC(C)CN
CNN(C)CCCCCN
CNN(C)CCCN(C)C
CNNC(C(C)C)CCN
CNNC(C)(C)C(C)CN
CNNC(C)(C)CCCN
CNNC(C)(C)CN(C)C
CNNC(C)(CC)CCN
CNNC(C)C(C)(C)CN
CNNC(C)C(C)CCN
CNNC(C)C(C)N(C)C
CNNC(C)CC(C)CN
CNNC(C)CCCCN
CNNC(C)CCN(C)C
CNNC(CC)C(C)CN
CNNC(CC)CCCN
CNNC(CC)CN(C)C
CNNCC(C)(C)CCN
CNNCC(C)(C)N(C)C
CNNCC(C)C(C)CN
CNNCC(C)CCCN
CNNCC(C)CN(C)C
CNNCC(CC)CCN
CNNCCC(C)(C)CN
CNNCCC(C)CCN
CNNCCC(C)N(C)C
CNNCCCC(C)CN
CNNCCCCCCN
CNNCCCCN(C)C
NCC(C)(C)C(C)(C)NN
NCC(C)(C)C(C)(N)CN
NCC(C)(C)C(C)C(N)N
NCC(C)(C)C(C)CNN
NCC(C)(C)C(C)NCN
NCC(C)(C)CC(C)NN
NCC(C)(C)CCC(N)N
NCC(C)(C)CCCNN
NCC(C)(C)CCNCN
NCC(C)(C)CN(C)CN
NCC(C)C(C)(C)C(N)N
NCC(C)C(C)(C)CNN
NCC(C)C(C)(C)NCN
NCC(C)C(C)(CN)CN
NCC(C)C(C)C(C)NN
NCC(C)C(C)C(N)CN
NCC(C)C(C)CC(N)N
NCC(C)C(C)CCNN
NCC(C)C(C)CNCN
NCC(C)C(C)N(C)CN
NCC(C)C(CC)CNN
NCC(C)C(CC)NCN
NCC(C)C(N)C(C)CN
NCC(C)CC(C)(C)NN
NCC(C)CC(C)(N)CN
NCC(C)CC(C)C(N)N
NCC(C)CC(C)CNN
NCC(C)CC(C)NCN
NCC(C)CCC(C)NN
NCC(C)CCC(N)CN
NCC(C)CCCC(N)N
NCC(C)CCCCNN
NCC(C)CCCNCN
NCC(C)CCN(C)CN
NCC(C)CNC(C)CN
NCC(C)N(C)C(C)CN
NCC(C)NC(C)(C)CN
NCC(CN)C(C)(C)CN
NCC(CN)CC(C)CN
NCC(N)CC(C)(C)CN
NCCC(C(C)C)CNN
NCCC(C(C)C)NCN
NCCC(C(N)C)CCN
NCCC(C)(C)C(C)NN
NCCC(C)(C)C(N)CN
NCCC(C)(C)CC(N)N
NCCC(C)(C)CCNN
NCCC(C)(C)CNCN
NCCC(C)(C)N(C)CN
NCCC(C)(C)NCCN
NCCC(C)(CC)CNN
NCCC(C)(CC)NCN
NCCC(C)(CN)CCN
NCCC(C)(N)C(C)CN
NCCC(C)(NC)CCN
NCCC(C)C(C)(C)NN
NCCC(C)C(C)(N)CN
NCCC(C)C(C)C(N)N
NCCC(C)C(C)CNN
NCCC(C)C(C)NCN
NCCC(C)C(CN)CN
NCCC(C)C(N)CCN
NCCC(C)CC(C)NN
NCCC(C)CC(N)CN
NCCC(C)CCC(N)N
NCCC(C)CCCNN
NCCC(C)CCNCN
NCCC(C)CN(C)CN
NCCC(C)CNCCN
NCCC(C)N(C)CCN
NCCC(C)NC(C)CN
NCCC(CC)(N)CCN
NCCC(CC)C(C)NN
NCCC(CC)C(N)CN
NCCC(CC)CC(N)N
NCCC(CC)CCNN
NCCC(CC)CNCN
NCCC(CC)N(C)CN
NCCC(CC)NCCN
NCCC(CCN)CCN
NCCC(CN)C(C)CN
NCCC(N(C)C)CCN
NCCC(N)C(C)(C)CN
NCCC(N)CC(C)CN
NCCC(NC)C(C)CN
NCCCC(C)(C)C(N)N
NCCCC(C)(C)CNN
NCCCC(C)(C)NCN
NCCCC(C)(CN)CN
NCCCC(C)(N)CCN
NCCCC(C)C(C)NN
NCCCC(C)C(N)CN
NCCCC(C)CC(N)N
NCCCC(C)CCNN
NCCCC(C)CNCN
NCCCC(C)N(C)CN
NCCCC(C)NCCN
NCCCC(CC)CNN
NCCCC(CC)NCN
NCCCC(CN)CCN
NCCCC(N)C(C)CN
NCCCC(N)CCCN
NCCCC(NC)CCN
NCCCCC(C)(C)NN
NCCCCC(C)(N)CN
NCCCCC(C)C(N)N
NCCCCC(C)CNN
NCCCCC(C)NCN
NCCCCC(CN)CN
NCCCCC(N)CCN
NCCCCCC(C)NN
NCCCCCC(N)CN
NCCCCCCC(N)N
NCCCCCCCNN
NCCCCCCNCN
NCCCCCN(C)CN
NCCCCCNCCN
NCCCCN(C)CCN
NCCCCNC(C)CN
NCCCCNCCCN
NCCCN(C)C(C)CN
NCCCN(C)CCCN
NCCCN(CC)CCN
NCCCNC(C)(C)CN
NCCCNC(C)CCN
NCCCNCC(C)CN
NCCN(C(C)C)CCN
NCCN(C)C(C)(C)CN
NCCN(C)CC(C)CN
NCCN(CC)C(C)CN
NCCNC(C)C(C)CN
NCCNCC(C)(C)CN
NCCNCCC(C)CN
