CC(C)(C)C(C(O)O)CO
CC(C)(C)C(C)(C)OOO
CC(C)(C)C(C)(O)C(O)O
CC(C)(C)C(C)(O)COO
CC(C)(C)C(C)(O)OCO
CC(C)(C)C(C)(OO)CO
CC(C)(C)C(C)C(O)(O)O
CC(C)(C)C(C)C(O)OO
CC(C)(C)C(C)COOO
CC(C)(C)C(C)OC(O)O
CC(C)(C)C(C)OCOO
CC(C)(C)C(C)OOCO
CC(C)(C)C(CO)(O)CO
CC(C)(C)C(CO)COO
CC(C)(C)C(CO)OCO
CC(C)(C)C(O)(O)CCO
CC(C)(C)C(O)C(C)OO
CC(C)(C)C(O)C(O)(O)C
CC(C)(C)C(O)C(O)CO
CC(C)(C)C(O)CC(O)O
CC(C)(C)C(O)CCOO
CC(C)(C)C(O)COCO
CC(C)(C)C(O)OCCO
CC(C)(C)C(OO)CCO
CC(C)(C)CC(C)(O)OO
CC(C)(C)CC(C)OOO
CC(C)(C)CC(O)(O)CO
CC(C)(C)CC(O)C(O)O
CC(C)(C)CC(O)COO
CC(C)(C)CC(O)OCO
CC(C)(C)CC(OO)CO
CC(C)(C)CCC(O)(O)O
CC(C)(C)CCC(O)OO
CC(C)(C)CCCOOO
CC(C)(C)CCOC(O)O
CC(C)(C)CCOCOO
CC(C)(C)CCOOCO
CC(C)(C)COC(C)OO
CC(C)(C)COC(O)CO
CC(C)(C)COCC(O)O
CC(C)(C)COCCOO
CC(C)(C)COCOCO
CC(C)(C)COOCCO
CC(C)(C)OC(C)(C)OO
CC(C)(C)OC(C)(O)CO
CC(C)(C)OC(C)C(O)O
CC(C)(C)OC(C)COO
CC(C)(C)OC(C)OCO
CC(C)(C)OC(CO)CO
CC(C)(C)OC(O)CCO
CC(C)(C)OCC(C)OO
CC(C)(C)OCC(O)CO
CC(C)(C)OCCC(O)O
CC(C)(C)OCCCOO
CC(C)(C)OCCOCO
CC(C)(C)OCOCCO
CC(C)(C)OOC(C)CO
CC(C)(C)OOCCCO
CC(C)(O)C(C)(C)C(O)O
CC(C)(O)C(C)(C)COO
CC(C)(O)C(C)(C)OCO
CC(C)(O)C(C)(CO)CO
CC(C)(O)C(C)(O)CCO
CC(C)(O)C(C)C(C)OO
CC(C)(O)C(C)C(O)(O)C
CC(C)(O)C(C)C(O)CO
CC(C)(O)C(C)CC(O)O
CC(C)(O)C(C)CCOO
CC(C)(O)C(C)COCO
CC(C)(O)C(C)OCCO
CC(C)(O)C(CO)CCO
CC(C)(O)C(O)C(C)(O)C
CC(C)(O)C(O)C(C)CO
CC(C)(O)C(O)CCCO
CC(C)(O)CC(C)(C)OO
CC(C)(O)CC(C)(O)CO
CC(C)(O)CC(C)C(O)O
CC(C)(O)CC(C)COO
CC(C)(O)CC(C)OCO
CC(C)(O)CC(CO)CO
CC(C)(O)CC(O)CCO
CC(C)(O)CCC(C)OO
CC(C)(O)CCC(O)(O)C
CC(C)(O)CCC(O)CO
CC(C)(O)CCCC(O)O
CC(C)(O)CCCCOO
CC(C)(O)CCCOCO
CC(C)(O)CCOCCO
CC(C)(O)COC(C)(O)C
CC(C)(O)COC(C)CO
CC(C)(O)COCCCO
CC(C)(O)OC(C)(C)CO
CC(C)(O)OC(C)CCO
CC(C)(O)OCC(C)CO
CC(C)(O)OCCCCO
CC(C)(O)OOC(C)(C)C
CC(C)C(C(C)C)OOO
CC(C)C(C(O)(O)C)CO
CC(C)C(C(O)C)(O)CO
CC(C)C(C(O)C)COO
CC(C)C(C(O)C)OCO
CC(C)C(C(O)O)C(O)C
CC(C)C(C(O)O)CCO
CC(C)C(C)(C(O)O)CO
CC(C)C(C)(C)C(O)(O)O
CC(C)C(C)(C)C(O)OO
CC(C)C(C)(C)COOO
CC(C)C(C)(C)OC(O)O
CC(C)C(C)(C)OCOO
CC(C)C(C)(C)OOCO
CC(C)C(C)(CO)COO
CC(C)C(C)(CO)OCO
CC(C)C(C)(O)C(C)OO
CC(C)C(C)(O)C(O)(O)C
CC(C)C(C)(O)C(O)CO
CC(C)C(C)(O)CC(O)O
CC(C)C(C)(O)CCOO
CC(C)C(C)(O)COCO
CC(C)C(C)(O)OCCO
CC(C)C(C)(OO)C(O)C
CC(C)C(C)(OO)CCO
CC(C)C(C)C(C)(O)OO
CC(C)C(C)C(C)OOO
CC(C)C(C)C(O)(O)CO
CC(C)C(C)C(O)C(O)O
CC(C)C(C)C(O)COO
CC(C)C(C)C(O)OCO
CC(C)C(C)C(OO)CO
CC(C)C(C)CC(O)(O)O
CC(C)C(C)CC(O)OO
CC(C)C(C)CCOOO
CC(C)C(C)COC(O)O
CC(C)C(C)COCOO
CC(C)C(C)COOCO
CC(C)C(C)OC(C)OO
CC(C)C(C)OC(O)(O)C
CC(C)C(C)OC(O)CO
CC(C)C(C)OCC(O)O
CC(C)C(C)OCCOO
CC(C)C(C)OCOCO
CC(C)C(C)OOCCO
CC(C)C(CO)(CO)CO
CC(C)C(CO)(O)CCO
CC(C)C(CO)C(C)OO
CC(C)C(CO)C(O)CO
CC(C)C(CO)CC(O)O
CC(C)C(CO)CCOO
CC(C)C(CO)COCO
CC(C)C(CO)OCCO
CC(C)C(O)(O)C(C)(O)C
CC(C)C(O)(O)C(C)CO
CC(C)C(O)(O)CC(O)C
CC(C)C(O)(O)CCCO
CC(C)C(O)(O)OC(C)C
CC(C)C(O)(OO)C(C)C
CC(C)C(O)C(C)(C)OO
CC(C)C(O)C(C)(O)CO
CC(C)C(O)C(C)C(O)O
CC(C)C(O)C(C)COO
CC(C)C(O)C(C)OCO
CC(C)C(O)C(CO)CO
CC(C)C(O)C(O)C(O)C
CC(C)C(O)C(O)CCO
CC(C)C(O)CC(C)OO
CC(C)C(O)CC(O)(O)C
CC(C)C(O)CC(O)CO
CC(C)C(O)CCC(O)O
CC(C)C(O)CCCOO
CC(C)C(O)CCOCO
CC(C)C(O)COCCO
CC(C)C(O)OC(C)(O)C
CC(C)C(O)OC(C)CO
CC(C)C(O)OCC(O)C
CC(C)C(O)OCCCO
CC(C)C(O)OOC(C)C
CC(C)C(OO)C(C)(O)C
CC(C)C(OO)C(C)CO
CC(C)C(OO)CC(O)C
CC(C)C(OO)CCCO
CC(C)C(OO)OC(C)C
CC(C)CC(C(O)O)CO
CC(C)CC(C)(C)OOO
CC(C)CC(C)(O)C(O)O
CC(C)CC(C)(O)COO
CC(C)CC(C)(O)OCO
CC(C)CC(C)(OO)CO
CC(C)CC(C)C(O)(O)O
CC(C)CC(C)C(O)OO
CC(C)CC(C)COOO
CC(C)CC(C)OC(O)O
CC(C)CC(C)OCOO
CC(C)CC(C)OOCO
CC(C)CC(CC)OOO
CC(C)CC(CO)(O)CO
CC(C)CC(CO)COO
CC(C)CC(CO)OCO
CC(C)CC(O)(O)C(O)C
CC(C)CC(O)(O)CCO
CC(C)CC(O)C(C)OO
CC(C)CC(O)C(O)(O)C
CC(C)CC(O)C(O)CO
CC(C)CC(O)CC(O)O
CC(C)CC(O)CCOO
CC(C)CC(O)COCO
CC(C)CC(O)OCCO
CC(C)CC(OC)COO
CC(C)CC(OC)OCO
CC(C)CC(OO)C(O)C
CC(C)CC(OO)CCO
CC(C)CCC(C)(O)OO
CC(C)CCC(C)OOO
CC(C)CCC(O)(O)CO
CC(C)CCC(O)C(O)O
CC(C)CCC(O)COO
CC(C)CCC(O)OCO
CC(C)CCC(OO)CO
CC(C)CCCC(O)(O)O
CC(C)CCCC(O)OO
CC(C)CCCCOOO
CC(C)CCCOC(O)O
CC(C)CCCOCOO
CC(C)CCCOOCO
CC(C)CCOC(C)OO
CC(C)CCOC(O)(O)C
CC(C)CCOC(O)CO
CC(C)CCOCC(O)O
CC(C)CCOCCOO
CC(C)CCOCOCO
CC(C)CCOOCCO
CC(C)COC(C)(C)OO
CC(C)COC(C)(O)CO
CC(C)COC(C)C(O)O
CC(C)COC(C)COO
CC(C)COC(C)OCO
CC(C)COC(CO)CO
CC(C)COC(O)C(O)C
CC(C)COC(O)CCO
CC(C)COCC(C)OO
CC(C)COCC(O)(O)C
CC(C)COCC(O)CO
CC(C)COCCC(O)O
CC(C)COCCCOO
CC(C)COCCOCO
CC(C)COCOCCO
CC(C)COOC(C)(O)C
CC(C)COOC(C)CO
CC(C)COOCC(O)C
CC(C)COOCCCO
CC(C)COOOC(C)C
CC(C)OC(C(O)C)CO
CC(C)OC(C)(C)C(O)O
CC(C)OC(C)(C)COO
CC(C)OC(C)(C)OCO
CC(C)OC(C)(CO)CO
CC(C)OC(C)(O)C(O)C
CC(C)OC(C)(O)CCO
CC(C)OC(C)C(C)OO
CC(C)OC(C)C(O)(O)C
CC(C)OC(C)C(O)CO
CC(C)OC(C)CC(O)O
CC(C)OC(C)CCOO
CC(C)OC(C)COCO
CC(C)OC(C)OCCO
CC(C)OC(CC)COO
CC(C)OC(CC)OCO
CC(C)OC(CO)CCO
CC(C)OC(O)C(C)(O)C
CC(C)OC(O)C(C)CO
CC(C)OC(O)CCCO
CC(C)OC(O)OC(C)C
CC(C)OC(OC)CCO
CC(C)OCC(C)(C)OO
CC(C)OCC(C)(O)CO
CC(C)OCC(C)C(O)O
CC(C)OCC(C)COO
CC(C)OCC(C)OCO
CC(C)OCC(CO)CO
CC(C)OCC(O)C(O)C
CC(C)OCC(O)CCO
CC(C)OCCC(C)OO
CC(C)OCCC(O)(O)C
CC(C)OCCC(O)CO
CC(C)OCCCC(O)O
CC(C)OCCCCOO
CC(C)OCCCOCO
CC(C)OCCOCCO
CC(C)OCOC(C)(O)C
CC(C)OCOC(C)CO
CC(C)OCOCCCO
CC(C)OOC(C)(C)CO
CC(C)OOC(C)C(O)C
CC(C)OOC(C)CCO
CC(C)OOCC(C)(O)C
CC(C)OOCC(C)CO
CC(C)OOCCC(O)C
CC(C)OOCCCCO
CC(C)OOCOC(C)C
CC(C)OOOC(C)(C)C
CC(O)(O)C(C)(C)CCO
CC(O)(O)C(C)C(C)(O)C
CC(O)(O)C(C)C(C)CO
CC(O)(O)C(C)CCCO
CC(O)(O)CC(C)(C)CO
CC(O)(O)CC(C)CCO
CC(O)(O)CCC(C)(O)C
CC(O)(O)CCC(C)CO
CC(O)(O)CCCCCO
CC(O)(O)COC(C)(C)C
CC(O)(O)OCC(C)(C)C
CC(O)C(C(C)(O)C)CO
CC(O)C(C(O)C)C(O)C
CC(O)C(C(O)C)CCO
CC(O)C(C)(C(O)C)CO
CC(O)C(C)(C)C(C)OO
CC(O)C(C)(C)C(O)(O)C
CC(O)C(C)(C)C(O)CO
CC(O)C(C)(C)CC(O)O
CC(O)C(C)(C)CCOO
CC(O)C(C)(C)COCO
CC(O)C(C)(C)OCCO
CC(O)C(C)(CO)CCO
CC(O)C(C)(O)C(C)(O)C
CC(O)C(C)(O)C(C)CO
CC(O)C(C)(O)CCCO
CC(O)C(C)C(C)(C)OO
CC(O)C(C)C(C)(O)CO
CC(O)C(C)C(C)C(O)O
CC(O)C(C)C(C)COO
CC(O)C(C)C(C)OCO
CC(O)C(C)C(CO)CO
CC(O)C(C)C(O)C(O)C
CC(O)C(C)C(O)CCO
CC(O)C(C)CC(C)OO
CC(O)C(C)CC(O)(O)C
CC(O)C(C)CC(O)CO
CC(O)C(C)CCC(O)O
CC(O)C(C)CCCOO
CC(O)C(C)CCOCO
CC(O)C(C)COCCO
CC(O)C(C)OC(C)(O)C
CC(O)C(C)OC(C)CO
CC(O)C(C)OCCCO
CC(O)C(CO)C(C)CO
CC(O)C(CO)CCCO
CC(O)C(O)(O)C(C)(C)C
CC(O)C(O)C(C)(C)CO
CC(O)C(O)C(C)CCO
CC(O)C(O)CC(C)(O)C
CC(O)C(O)CC(C)CO
CC(O)C(O)CCCCO
CC(O)C(O)OC(C)(C)C
CC(O)C(OO)C(C)(C)C
CC(O)CC(C(O)C)CO
CC(O)CC(C)(C)C(O)O
CC(O)CC(C)(C)COO
CC(O)CC(C)(C)OCO
CC(O)CC(C)(CO)CO
CC(O)CC(C)(O)C(O)C
CC(O)CC(C)(O)CCO
CC(O)CC(C)C(C)OO
CC(O)CC(C)C(O)(O)C
CC(O)CC(C)C(O)CO
CC(O)CC(C)CC(O)O
CC(O)CC(C)CCOO
CC(O)CC(C)COCO
CC(O)CC(C)OCCO
CC(O)CC(CC)COO
CC(O)CC(CC)OCO
CC(O)CC(CO)CCO
CC(O)CC(O)C(C)(O)C
CC(O)CC(O)C(C)CO
CC(O)CC(O)CC(O)C
CC(O)CC(O)CCCO
CC(O)CC(O)OC(C)C
CC(O)CC(OC)CCO
CC(O)CCC(C)(C)OO
CC(O)CCC(C)(O)CO
CC(O)CCC(C)C(O)O
CC(O)CCC(C)COO
CC(O)CCC(C)OCO
CC(O)CCC(CO)CO
CC(O)CCC(O)C(O)C
CC(O)CCC(O)CCO
CC(O)CCCC(C)OO
CC(O)CCCC(O)(O)C
CC(O)CCCC(O)CO
CC(O)CCCCC(O)O
CC(O)CCCCCOO
CC(O)CCCCOCO
CC(O)CCCOCCO
CC(O)CCOC(C)(O)C
CC(O)CCOC(C)CO
CC(O)CCOCCCO
CC(O)COC(C)(C)CO
CC(O)COC(C)C(O)C
CC(O)COC(C)CCO
CC(O)COCC(C)(O)C
CC(O)COCC(C)CO
CC(O)COCCC(O)C
CC(O)COCCCCO
CC(O)COCOC(C)C
CC(O)COOC(C)(C)C
CC(O)OC(C(C)C)CO
CC(O)OC(C)(C)C(O)C
CC(O)OC(C)(C)CCO
CC(O)OC(C)(O)C(C)C
CC(O)OC(C)C(C)(O)C
CC(O)OC(C)C(C)CO
CC(O)OC(C)CC(O)C
CC(O)OC(C)CCCO
CC(O)OC(C)OC(C)C
CC(O)OC(CC)CCO
CC(O)OC(O)C(C)(C)C
CC(O)OC(O)CC(C)C
CC(O)OCC(C)(C)CO
CC(O)OCC(C)C(O)C
CC(O)OCC(C)CCO
CC(O)OCC(O)C(C)C
CC(O)OCCC(C)(O)C
CC(O)OCCC(C)CO
CC(O)OCCCC(O)C
CC(O)OCCCCCO
CC(O)OCCOC(C)C
CC(O)OCOC(C)(C)C
CC(O)OCOCC(C)C
CC(O)OOC(C)C(C)C
CC(O)OOCC(C)(C)C
CC(O)OOCCC(C)C
CCC(C(C)(C)C)OOO
CCC(C(C)(O)C)(O)CO
CCC(C(C)(O)C)C(O)O
CCC(C(C)(O)C)COO
CCC(C(C)(O)C)OCO
CCC(C(C)C)(O)COO
CCC(C(C)C)(O)OCO
CCC(C(C)C)(OO)CO
CCC(C(C)C)C(O)OO
CCC(C(C)C)COOO
CCC(C(C)C)OC(O)O
CCC(C(C)C)OCOO
CCC(C(C)C)OOCO
CCC(C(O)(O)C)(O)CC
CCC(C(O)(O)C)C(O)C
CCC(C(O)(O)C)CCO
CCC(C(O)(O)O)C(C)C
CCC(C(O)C)(O)C(O)C
CCC(C(O)C)(O)CCO
CCC(C(O)C)(OO)CC
CCC(C(O)C)C(C)OO
CCC(C(O)C)C(O)CO
CCC(C(O)C)CC(O)O
CCC(C(O)C)CCOO
CCC(C(O)C)COCO
CCC(C(O)C)OC(O)C
CCC(C(O)C)OCCO
CCC(C(O)O)(O)C(C)C
CCC(C(O)O)C(C)CO
CCC(C(O)O)C(O)CC
CCC(C(O)O)CC(O)C
CCC(C(O)O)CCCO
CCC(C(O)O)OC(C)C
CCC(C)(C(C)C)OOO
CCC(C)(C(O)(O)C)CO
CCC(C)(C(O)(O)O)CC
CCC(C)(C(O)C)COO
CCC(C)(C(O)C)OCO
CCC(C)(C(O)O)C(O)C
CCC(C)(C(O)O)CCO
CCC(C)(C)C(C)(O)OO
CCC(C)(C)C(C)OOO
CCC(C)(C)C(O)(O)CO
CCC(C)(C)C(O)C(O)O
CCC(C)(C)C(O)COO
CCC(C)(C)C(O)OCO
CCC(C)(C)C(OO)CO
CCC(C)(C)CC(O)(O)O
CCC(C)(C)CC(O)OO
CCC(C)(C)CCOOO
CCC(C)(C)COC(O)O
CCC(C)(C)COCOO
CCC(C)(C)COOCO
CCC(C)(C)OC(C)OO
CCC(C)(C)OC(O)(O)C
CCC(C)(C)OC(O)CO
CCC(C)(C)OCC(O)O
CCC(C)(C)OCCOO
CCC(C)(C)OCOCO
CCC(C)(C)OOC(O)C
CCC(C)(C)OOCCO
CCC(C)(CC)C(O)OO
CCC(C)(CC)COOO
CCC(C)(CC)OC(O)O
CCC(C)(CC)OCOO
CCC(C)(CC)OOCO
CCC(C)(CO)C(C)OO
CCC(C)(CO)C(O)CO
CCC(C)(CO)CC(O)O
CCC(C)(CO)CCOO
CCC(C)(CO)COCO
CCC(C)(CO)OC(O)C
CCC(C)(CO)OCCO
CCC(C)(O)C(C)(C)OO
CCC(C)(O)C(C)(O)CO
CCC(C)(O)C(C)C(O)O
CCC(C)(O)C(C)COO
CCC(C)(O)C(C)OCO
CCC(C)(O)C(CO)CO
CCC(C)(O)C(O)(O)CC
CCC(C)(O)C(O)C(O)C
CCC(C)(O)C(O)CCO
CCC(C)(O)CC(C)OO
CCC(C)(O)CC(O)(O)C
CCC(C)(O)CC(O)CO
CCC(C)(O)CCC(O)O
CCC(C)(O)CCCOO
CCC(C)(O)CCOCO
CCC(C)(O)COC(O)C
CCC(C)(O)COCCO
CCC(C)(O)OC(C)(O)C
CCC(C)(O)OC(C)CO
CCC(C)(O)OCC(O)C
CCC(C)(O)OCCCO
CCC(C)(O)OOC(C)C
CCC(C)(OO)C(C)(O)C
CCC(C)(OO)C(C)CO
CCC(C)(OO)CC(O)C
CCC(C)(OO)CCCO
CCC(C)(OO)OC(C)C
CCC(C)C(C(O)O)CO
CCC(C)C(C)(C)OOO
CCC(C)C(C)(O)C(O)O
CCC(C)C(C)(O)COO
CCC(C)C(C)(O)OCO
CCC(C)C(C)(OO)CO
CCC(C)C(C)C(O)(O)O
CCC(C)C(C)C(O)OO
CCC(C)C(C)COOO
CCC(C)C(C)OC(O)O
CCC(C)C(C)OCOO
CCC(C)C(C)OOCO
CCC(C)C(CC)OOO
CCC(C)C(CO)(O)CO
CCC(C)C(CO)COO
CCC(C)C(CO)OCO
CCC(C)C(O)(O)C(O)C
CCC(C)C(O)(O)CCO
CCC(C)C(O)(OO)CC
CCC(C)C(O)C(C)OO
CCC(C)C(O)C(O)(O)C
CCC(C)C(O)C(O)CO
CCC(C)C(O)CC(O)O
CCC(C)C(O)CCOO
CCC(C)C(O)COCO
CCC(C)C(O)OC(O)C
CCC(C)C(O)OCCO
CCC(C)C(OC)COO
CCC(C)C(OC)OCO
CCC(C)C(OO)C(O)C
CCC(C)C(OO)CCO
CCC(C)CC(C)(O)OO
CCC(C)CC(C)OOO
CCC(C)CC(O)(O)CO
CCC(C)CC(O)C(O)O
CCC(C)CC(O)COO
CCC(C)CC(O)OCO
CCC(C)CC(OO)CO
CCC(C)CCC(O)(O)O
CCC(C)CCC(O)OO
CCC(C)CCCOOO
CCC(C)CCOC(O)O
CCC(C)CCOCOO
CCC(C)CCOOCO
CCC(C)COC(C)OO
CCC(C)COC(O)(O)C
CCC(C)COC(O)CO
CCC(C)COCC(O)O
CCC(C)COCCOO
CCC(C)COCOCO
CCC(C)COOC(O)C
CCC(C)COOCCO
CCC(C)OC(C)(C)OO
CCC(C)OC(C)(O)CO
CCC(C)OC(C)C(O)O
CCC(C)OC(C)COO
CCC(C)OC(C)OCO
CCC(C)OC(CO)CO
CCC(C)OC(O)(O)CC
CCC(C)OC(O)C(O)C
CCC(C)OC(O)CCO
CCC(C)OCC(C)OO
CCC(C)OCC(O)(O)C
CCC(C)OCC(O)CO
CCC(C)OCCC(O)O
CCC(C)OCCCOO
CCC(C)OCCOCO
CCC(C)OCOC(O)C
CCC(C)OCOCCO
CCC(C)OOC(C)(O)C
CCC(C)OOC(C)CO
CCC(C)OOCC(O)C
CCC(C)OOCCCO
CCC(C)OOOC(C)C
CCC(CC)(CC)OOO
CCC(CC)(CO)COO
CCC(CC)(CO)OCO
CCC(CC)(O)C(C)OO
CCC(CC)(O)C(O)CO
CCC(CC)(O)CC(O)O
CCC(CC)(O)CCOO
CCC(CC)(O)COCO
CCC(CC)(O)OC(O)C
CCC(CC)(O)OCCO
CCC(CC)(OO)CCO
CCC(CC)C(C)(O)OO
CCC(CC)C(C)OOO
CCC(CC)C(O)(O)CO
CCC(CC)C(O)C(O)O
CCC(CC)C(O)COO
CCC(CC)C(O)OCO
CCC(CC)C(OO)CO
CCC(CC)CC(O)(O)O
CCC(CC)CC(O)OO
CCC(CC)CCOOO
CCC(CC)COC(O)O
CCC(CC)COCOO
CCC(CC)COOCO
CCC(CC)OC(C)OO
CCC(CC)OC(O)(O)C
CCC(CC)OC(O)CO
CCC(CC)OCC(O)O
CCC(CC)OCCOO
CCC(CC)OCOCO
CCC(CC)OOC(O)C
CCC(CC)OOCCO
CCC(CO)(C(O)C)CO
CCC(CO)(C(O)O)CC
CCC(CO)(CO)CCO
CCC(CO)(O)C(C)CO
CCC(CO)(O)CC(O)C
CCC(CO)(O)CCCO
CCC(CO)(O)OC(C)C
CCC(CO)C(C)(C)OO
CCC(CO)C(C)(O)CO
CCC(CO)C(C)C(O)O
CCC(CO)C(C)COO
CCC(CO)C(C)OCO
CCC(CO)C(CO)CO
CCC(CO)C(O)(O)CC
CCC(CO)C(O)C(O)C
CCC(CO)C(O)CCO
CCC(CO)C(OO)CC
CCC(CO)CC(C)OO
CCC(CO)CC(O)(O)C
CCC(CO)CC(O)CO
CCC(CO)CCC(O)O
CCC(CO)CCCOO
CCC(CO)CCOCO
CCC(CO)COC(O)C
CCC(CO)COCCO
CCC(CO)OC(C)(O)C
CCC(CO)OC(C)CO
CCC(CO)OCC(O)C
CCC(CO)OCCCO
CCC(CO)OOC(C)C
CCC(O)(O)C(C)(C)CO
CCC(O)(O)C(C)(O)CC
CCC(O)(O)C(C)C(O)C
CCC(O)(O)C(C)CCO
CCC(O)(O)C(O)C(C)C
CCC(O)(O)CC(C)(O)C
CCC(O)(O)CC(C)CO
CCC(O)(O)CCC(O)C
CCC(O)(O)CCCCO
CCC(O)(O)COC(C)C
CCC(O)(O)OC(C)(C)C
CCC(O)(O)OCC(C)C
CCC(O)(OO)C(C)(C)C
CCC(O)(OO)CC(C)C
CCC(O)C(C(O)C)CO
CCC(O)C(C)(C)C(O)O
CCC(O)C(C)(C)COO
CCC(O)C(C)(C)OCO
CCC(O)C(C)(CO)CO
CCC(O)C(C)(O)C(O)C
CCC(O)C(C)(O)CCO
CCC(O)C(C)(OO)CC
CCC(O)C(C)C(C)OO
CCC(O)C(C)C(O)(O)C
CCC(O)C(C)C(O)CO
CCC(O)C(C)CC(O)O
CCC(O)C(C)CCOO
CCC(O)C(C)COCO
CCC(O)C(C)OC(O)C
CCC(O)C(C)OCCO
CCC(O)C(CC)COO
CCC(O)C(CC)OCO
CCC(O)C(CO)(O)CC
CCC(O)C(CO)CCO
CCC(O)C(O)(O)C(C)C
CCC(O)C(O)C(C)(O)C
CCC(O)C(O)C(C)CO
CCC(O)C(O)C(O)CC
CCC(O)C(O)CC(O)C
CCC(O)C(O)CCCO
CCC(O)C(O)OC(C)C
CCC(O)C(OC)CCO
CCC(O)C(OO)C(C)C
CCC(O)CC(C)(C)OO
CCC(O)CC(C)(O)CO
CCC(O)CC(C)C(O)O
CCC(O)CC(C)COO
CCC(O)CC(C)OCO
CCC(O)CC(CO)CO
CCC(O)CC(O)(O)CC
CCC(O)CC(O)C(O)C
CCC(O)CC(O)CCO
CCC(O)CCC(C)OO
CCC(O)CCC(O)(O)C
CCC(O)CCC(O)CO
CCC(O)CCCC(O)O
CCC(O)CCCCOO
CCC(O)CCCOCO
CCC(O)CCOC(O)C
CCC(O)CCOCCO
CCC(O)COC(C)(O)C
CCC(O)COC(C)CO
CCC(O)COCC(O)C
CCC(O)COCCCO
CCC(O)COOC(C)C
CCC(O)OC(C)(C)CO
CCC(O)OC(C)(O)CC
CCC(O)OC(C)C(O)C
CCC(O)OC(C)CCO
CCC(O)OC(CO)CC
CCC(O)OC(O)C(C)C
CCC(O)OCC(C)(O)C
CCC(O)OCC(C)CO
CCC(O)OCC(O)CC
CCC(O)OCCC(O)C
CCC(O)OCCCCO
CCC(O)OCOC(C)C
CCC(O)OOC(C)(C)C
CCC(O)OOC(C)CC
CCC(O)OOCC(C)C
CCC(OO)C(C)(C)CO
CCC(OO)C(C)(O)CC
CCC(OO)C(C)C(O)C
CCC(OO)C(C)CCO
CCC(OO)C(O)C(C)C
CCC(OO)CC(C)(O)C
CCC(OO)CC(C)CO
CCC(OO)CC(O)CC
CCC(OO)CCC(O)C
CCC(OO)CCCCO
CCC(OO)COC(C)C
CCC(OO)OC(C)(C)C
CCC(OO)OC(C)CC
CCC(OO)OCC(C)C
CCCC(C(C)C)OOO
CCCC(C(O)(O)C)CO
CCCC(C(O)(O)O)CC
CCCC(C(O)C)(O)CO
CCCC(C(O)C)COO
CCCC(C(O)C)OCO
CCCC(C(O)O)(O)CC
CCCC(C(O)O)C(O)C
CCCC(C(O)O)CCO
CCCC(C)(C(O)O)CO
CCCC(C)(C)C(O)(O)O
CCCC(C)(C)C(O)OO
CCCC(C)(C)COOO
CCCC(C)(C)OC(O)O
CCCC(C)(C)OCOO
CCCC(C)(C)OOCO
CCCC(C)(CC)OOO
CCCC(C)(CO)COO
CCCC(C)(CO)OCO
CCCC(C)(O)C(C)OO
CCCC(C)(O)C(O)(O)C
CCCC(C)(O)C(O)CO
CCCC(C)(O)CC(O)O
CCCC(C)(O)CCOO
CCCC(C)(O)COCO
CCCC(C)(O)OC(O)C
CCCC(C)(O)OCCO
CCCC(C)(OC)COO
CCCC(C)(OC)OCO
CCCC(C)(OO)C(O)C
CCCC(C)(OO)CCO
CCCC(C)C(C)(O)OO
CCCC(C)C(C)OOO
CCCC(C)C(O)(O)CO
CCCC(C)C(O)C(O)O
CCCC(C)C(O)COO
CCCC(C)C(O)OCO
CCCC(C)C(OO)CO
CCCC(C)CC(O)(O)O
CCCC(C)CC(O)OO
CCCC(C)CCOOO
CCCC(C)COC(O)O
CCCC(C)COCOO
CCCC(C)COOCO
CCCC(C)OC(C)OO
CCCC(C)OC(O)(O)C
CCCC(C)OC(O)CO
CCCC(C)OCC(O)O
CCCC(C)OCCOO
CCCC(C)OCOCO
CCCC(C)OOC(O)C
CCCC(C)OOCCO
CCCC(CC)(O)COO
CCCC(CC)(O)OCO
CCCC(CC)C(O)OO
CCCC(CC)COOO
CCCC(CC)OC(O)O
CCCC(CC)OCOO
CCCC(CC)OOCO
CCCC(CO)(CO)CO
CCCC(CO)(O)CCO
CCCC(CO)(OO)CC
CCCC(CO)C(C)OO
CCCC(CO)C(O)CO
CCCC(CO)CC(O)O
CCCC(CO)CCOO
CCCC(CO)COCO
CCCC(CO)OC(O)C
CCCC(CO)OCCO
CCCC(COO)CCO
CCCC(O)(O)C(C)(O)C
CCCC(O)(O)C(C)CO
CCCC(O)(O)C(O)CC
CCCC(O)(O)CC(O)C
CCCC(O)(O)CCCO
CCCC(O)(O)OC(C)C
CCCC(O)(OC)CCO
CCCC(O)(OO)C(C)C
CCCC(O)(OO)CCC
CCCC(O)C(C)(C)OO
CCCC(O)C(C)(O)CO
CCCC(O)C(C)C(O)O
CCCC(O)C(C)COO
CCCC(O)C(C)OCO
CCCC(O)C(CO)CO
CCCC(O)C(O)(O)CC
CCCC(O)C(O)C(O)C
CCCC(O)C(O)CCO
CCCC(O)C(OO)CC
CCCC(O)CC(C)OO
CCCC(O)CC(O)(O)C
CCCC(O)CC(O)CO
CCCC(O)CCC(O)O
CCCC(O)CCCOO
CCCC(O)CCOCO
CCCC(O)COC(O)C
CCCC(O)COCCO
CCCC(O)OC(C)(O)C
CCCC(O)OC(C)CO
CCCC(O)OC(O)CC
CCCC(O)OCC(O)C
CCCC(O)OCCCO
CCCC(O)OOC(C)C
CCCC(OC)C(C)OO
CCCC(OC)C(O)CO
CCCC(OC)CC(O)O
CCCC(OC)CCOO
CCCC(OC)COCO
CCCC(OC)OC(O)C
CCCC(OC)OCCO
CCCC(OCO)CCO
CCCC(OO)C(C)(O)C
CCCC(OO)C(C)CO
CCCC(OO)C(O)CC
CCCC(OO)CC(O)C
CCCC(OO)CCCO
CCCC(OO)OC(C)C
CCCC(OOO)CCC
CCCCC(C(O)O)CO
CCCCC(C)(C)OOO
CCCCC(C)(O)C(O)O
CCCCC(C)(O)COO
CCCCC(C)(O)OCO
CCCCC(C)(OO)CO
CCCCC(C)C(O)(O)O
CCCCC(C)C(O)OO
CCCCC(C)COOO
CCCCC(C)OC(O)O
CCCCC(C)OCOO
CCCCC(C)OOCO
CCCCC(CC)OOO
CCCCC(CO)(O)CO
CCCCC(CO)COO
CCCCC(CO)OCO
CCCCC(O)(O)C(O)C
CCCCC(O)(O)CCO
CCCCC(O)(OO)CC
CCCCC(O)C(C)OO
CCCCC(O)C(O)(O)C
CCCCC(O)C(O)CO
CCCCC(O)CC(O)O
CCCCC(O)CCOO
CCCCC(O)COCO
CCCCC(O)OC(O)C
CCCCC(O)OCCO
CCCCC(OC)COO
CCCCC(OC)OCO
CCCCC(OO)C(O)C
CCCCC(OO)CCO
CCCCCC(C)(O)OO
CCCCCC(C)OOO
CCCCCC(O)(O)CO
CCCCCC(O)C(O)O
CCCCCC(O)COO
CCCCCC(O)OCO
CCCCCC(OO)CO
CCCCCCC(O)(O)O
CCCCCCC(O)OO
CCCCCCCOOO
CCCCCCOC(O)O
CCCCCCOCOO
CCCCCCOOCO
CCCCCOC(C)OO
CCCCCOC(O)(O)C
CCCCCOC(O)CO
CCCCCOCC(O)O
CCCCCOCCOO
CCCCCOCOCO
CCCCCOOC(O)C
CCCCCOOCCO
CCCCOC(C)(C)OO
CCCCOC(C)(O)CO
CCCCOC(C)C(O)O
CCCCOC(C)COO
CCCCOC(C)OCO
CCCCOC(CO)CO
CCCCOC(O)(O)CC
CCCCOC(O)C(O)C
CCCCOC(O)CCO
CCCCOC(OO)CC
CCCCOCC(C)OO
CCCCOCC(O)(O)C
CCCCOCC(O)CO
CCCCOCCC(O)O
CCCCOCCCOO
CCCCOCCOCO
CCCCOCOC(O)C
CCCCOCOCCO
CCCCOOC(C)(O)C
CCCCOOC(C)CO
CCCCOOC(O)CC
CCCCOOCC(O)C
CCCCOOCCCO
CCCCOOOC(C)C
CCCOC(C(O)C)CO
CCCOC(C(O)O)CC
CCCOC(C)(C)C(O)O
CCCOC(C)(C)COO
CCCOC(C)(C)OCO
CCCOC(C)(CO)CO
CCCOC(C)(O)C(O)C
CCCOC(C)(O)CCO
CCCOC(C)(OO)CC
CCCOC(C)C(C)OO
CCCOC(C)C(O)(O)C
CCCOC(C)C(O)CO
CCCOC(C)CC(O)O
CCCOC(C)CCOO
CCCOC(C)COCO
CCCOC(C)OC(O)C
CCCOC(C)OCCO
CCCOC(CC)COO
CCCOC(CC)OCO
CCCOC(CO)(O)CC
CCCOC(CO)CCO
CCCOC(O)(O)C(C)C
CCCOC(O)(O)CCC
CCCOC(O)C(C)(O)C
CCCOC(O)C(C)CO
CCCOC(O)C(O)CC
CCCOC(O)CC(O)C
CCCOC(O)CCCO
CCCOC(O)OC(C)C
CCCOC(O)OCCC
CCCOC(OC)CCO
CCCOC(OO)C(C)C
CCCOC(OO)CCC
CCCOCC(C)(C)OO
CCCOCC(C)(O)CO
CCCOCC(C)C(O)O
CCCOCC(C)COO
CCCOCC(C)OCO
CCCOCC(CO)CO
CCCOCC(O)(O)CC
CCCOCC(O)C(O)C
CCCOCC(O)CCO
CCCOCC(OO)CC
CCCOCCC(C)OO
CCCOCCC(O)(O)C
CCCOCCC(O)CO
CCCOCCCC(O)O
CCCOCCCCOO
CCCOCCCOCO
CCCOCCOC(O)C
CCCOCCOCCO
CCCOCOC(C)(O)C
CCCOCOC(C)CO
CCCOCOC(O)CC
CCCOCOCC(O)C
CCCOCOCCCO
CCCOCOOC(C)C
CCCOOC(C)(C)CO
CCCOOC(C)(O)CC
CCCOOC(C)C(O)C
CCCOOC(C)CCO
CCCOOC(CO)CC
CCCOOC(O)C(C)C
CCCOOC(O)CCC
CCCOOCC(C)(O)C
CCCOOCC(C)CO
CCCOOCC(O)CC
CCCOOCCC(O)C
CCCOOCCCCO
CCCOOCOC(C)C
CCCOOCOCCC
CCCOOOC(C)(C)C
CCCOOOC(C)CC
CCCOOOCC(C)C
CCCOOOCCCC
CCOC(C(C)(O)C)CO
CCOC(C(C)C)(O)CO
CCOC(C(C)C)COO
CCOC(C(C)C)OCO
CCOC(C(O)(O)C)CC
CCOC(C(O)C)(O)CC
CCOC(C(O)C)C(O)C
CCOC(C(O)C)CCO
CCOC(C(O)C)OCC
CCOC(C(O)O)C(C)C
CCOC(C(O)O)CCC
CCOC(C)(C(O)C)CO
CCOC(C)(C(O)O)CC
CCOC(C)(C)C(C)OO
CCOC(C)(C)C(O)(O)C
CCOC(C)(C)C(O)CO
CCOC(C)(C)CC(O)O
CCOC(C)(C)CCOO
CCOC(C)(C)COCO
CCOC(C)(C)OC(O)C
CCOC(C)(C)OCCO
CCOC(C)(CC)COO
CCOC(C)(CC)OCO
CCOC(C)(CO)CCO
CCOC(C)(CO)OCC
CCOC(C)(O)C(C)(O)C
CCOC(C)(O)C(C)CO
CCOC(C)(O)C(O)CC
CCOC(C)(O)CC(O)C
CCOC(C)(O)CCCO
CCOC(C)(O)OC(C)C
CCOC(C)(O)OCCC
CCOC(C)(OC)CCO
CCOC(C)(OC)OCC
CCOC(C)(OO)C(C)C
CCOC(C)(OO)CCC
CCOC(C)C(C)(C)OO
CCOC(C)C(C)(O)CO
CCOC(C)C(C)C(O)O
CCOC(C)C(C)COO
CCOC(C)C(C)OCO
CCOC(C)C(CO)CO
CCOC(C)C(O)(O)CC
CCOC(C)C(O)C(O)C
CCOC(C)C(O)CCO
CCOC(C)C(O)OCC
CCOC(C)C(OO)CC
CCOC(C)CC(C)OO
CCOC(C)CC(O)(O)C
CCOC(C)CC(O)CO
CCOC(C)CCC(O)O
CCOC(C)CCCOO
CCOC(C)CCOCO
CCOC(C)COC(O)C
CCOC(C)COCCO
CCOC(C)OC(C)(O)C
CCOC(C)OC(C)CO
CCOC(C)OC(O)CC
CCOC(C)OCC(O)C
CCOC(C)OCCCO
CCOC(C)OOC(C)C
CCOC(C)OOCCC
CCOC(CC)(O)CCO
CCOC(CC)(O)OCC
CCOC(CC)(OO)CC
CCOC(CC)C(C)OO
CCOC(CC)C(O)CO
CCOC(CC)CC(O)O
CCOC(CC)CCOO
CCOC(CC)COCO
CCOC(CC)OC(O)C
CCOC(CC)OCCO
CCOC(CCO)CCO
CCOC(CO)(CO)CC
CCOC(CO)(O)CCC
CCOC(CO)C(C)CO
CCOC(CO)C(O)CC
CCOC(CO)CC(O)C
CCOC(CO)CCCO
CCOC(CO)OC(C)C
CCOC(CO)OCCC
CCOC(COO)CCC
CCOC(O)(O)C(C)(C)C
CCOC(O)(O)C(C)CC
CCOC(O)(O)CC(C)C
CCOC(O)(O)CCCC
CCOC(O)(OC)CCC
CCOC(O)C(C)(C)CO
CCOC(O)C(C)(O)CC
CCOC(O)C(C)C(O)C
CCOC(O)C(C)CCO
CCOC(O)C(CO)CC
CCOC(O)C(O)C(C)C
CCOC(O)C(O)CCC
CCOC(O)CC(C)(O)C
CCOC(O)CC(C)CO
CCOC(O)CC(O)CC
CCOC(O)CCC(O)C
CCOC(O)CCCCO
CCOC(O)COC(C)C
CCOC(O)COCCC
CCOC(O)OC(C)(C)C
CCOC(O)OC(C)CC
CCOC(O)OCC(C)C
CCOC(O)OCCCC
CCOC(OC)C(C)CO
CCOC(OC)C(O)CC
CCOC(OC)CC(O)C
CCOC(OC)CCCO
CCOC(OC)OC(C)C
CCOC(OC)OCCC
CCOC(OCC)CCO
CCOC(OCC)OCC
CCOC(OCO)CCC
CCOC(OO)C(C)(C)C
CCOC(OO)C(C)CC
CCOC(OO)CC(C)C
CCOC(OO)CCCC
CCOCC(C(O)C)CO
CCOCC(C(O)O)CC
CCOCC(C)(C)C(O)O
CCOCC(C)(C)COO
CCOCC(C)(C)OCO
CCOCC(C)(CO)CO
CCOCC(C)(O)C(O)C
CCOCC(C)(O)CCO
CCOCC(C)(O)OCC
CCOCC(C)(OO)CC
CCOCC(C)C(C)OO
CCOCC(C)C(O)(O)C
CCOCC(C)C(O)CO
CCOCC(C)CC(O)O
CCOCC(C)CCOO
CCOCC(C)COCO
CCOCC(C)OC(O)C
CCOCC(C)OCCO
CCOCC(CC)COO
CCOCC(CC)OCO
CCOCC(CO)(O)CC
CCOCC(CO)CCO
CCOCC(CO)OCC
CCOCC(O)(O)C(C)C
CCOCC(O)(O)CCC
CCOCC(O)C(C)(O)C
CCOCC(O)C(C)CO
CCOCC(O)C(O)CC
CCOCC(O)CC(O)C
CCOCC(O)CCCO
CCOCC(O)COCC
CCOCC(O)OC(C)C
CCOCC(O)OCCC
CCOCC(OC)CCO
CCOCC(OC)OCC
CCOCC(OO)C(C)C
CCOCC(OO)CCC
CCOCCC(C)(C)OO
CCOCCC(C)(O)CO
CCOCCC(C)C(O)O
CCOCCC(C)COO
CCOCCC(C)OCO
CCOCCC(CO)CO
CCOCCC(O)(O)CC
CCOCCC(O)C(O)C
CCOCCC(O)CCO
CCOCCC(O)OCC
CCOCCC(OO)CC
CCOCCCC(C)OO
CCOCCCC(O)(O)C
CCOCCCC(O)CO
CCOCCCCC(O)O
CCOCCCCCOO
CCOCCCCOCO
CCOCCCOC(O)C
CCOCCCOCCO
CCOCCOC(C)(O)C
CCOCCOC(C)CO
CCOCCOC(O)CC
CCOCCOCC(O)C
CCOCCOCCCO
CCOCCOOC(C)C
CCOCCOOCCC
CCOCOC(C)(C)CO
CCOCOC(C)(O)CC
CCOCOC(C)C(O)C
CCOCOC(C)CCO
CCOCOC(C)OCC
CCOCOC(CO)CC
CCOCOC(O)C(C)C
CCOCOC(O)CCC
CCOCOCC(C)(O)C
CCOCOCC(C)CO
CCOCOCC(O)CC
CCOCOCCC(O)C
CCOCOCCCCO
CCOCOCCOCC
CCOCOCOC(C)C
CCOCOCOCCC
CCOCOOC(C)(C)C
CCOCOOC(C)CC
CCOCOOCC(C)C
CCOCOOCCCC
CCOOC(C(C)C)CO
CCOOC(C(O)C)CC
CCOOC(C)(C)C(O)C
CCOOC(C)(C)CCO
CCOOC(C)(C)OCC
CCOOC(C)(CO)CC
CCOOC(C)(O)C(C)C
CCOOC(C)(O)CCC
CCOOC(C)C(C)(O)C
CCOOC(C)C(C)CO
CCOOC(C)C(O)CC
CCOOC(C)CC(O)C
CCOOC(C)CCCO
CCOOC(C)COCC
CCOOC(C)OC(C)C
CCOOC(C)OCCC
CCOOC(CC)(O)CC
CCOOC(CC)CCO
CCOOC(CC)OCC
CCOOC(CO)CCC
CCOOC(O)C(C)(C)C
CCOOC(O)C(C)CC
CCOOC(O)CC(C)C
CCOOC(O)CCCC
CCOOC(OC)CCC
CCOOCC(C)(C)CO
CCOOCC(C)(O)CC
CCOOCC(C)C(O)C
CCOOCC(C)CCO
CCOOCC(C)OCC
CCOOCC(CO)CC
CCOOCC(O)C(C)C
CCOOCC(O)CCC
CCOOCCC(C)(O)C
CCOOCCC(C)CO
CCOOCCC(O)CC
CCOOCCCC(O)C
CCOOCCCCCO
CCOOCCCOCC
CCOOCCOC(C)C
CCOOCCOCCC
CCOOCOC(C)(C)C
CCOOCOC(C)CC
CCOOCOCC(C)C
CCOOCOCCCC
CCOOOC(C)(C)CC
CCOOOC(C)C(C)C
CCOOOC(C)CCC
CCOOOC(CC)CC
CCOOOCC(C)(C)C
CCOOOCC(C)CC
CCOOOCCC(C)C
CCOOOCCCCC
COC(C(C)(C)C)(O)CO
COC(C(C)(C)C)C(O)O
COC(C(C)(C)C)COO
COC(C(C)(C)C)OCO
COC(C(C)(O)C)(O)CC
COC(C(C)(O)C)C(O)C
COC(C(C)(O)C)CCO
COC(C(C)(O)C)OCC
COC(C(C)C)(O)CCO
COC(C(C)C)(O)OCC
COC(C(C)C)(OC)CO
COC(C(C)C)(OO)CC
COC(C(C)C)C(C)OO
COC(C(C)C)C(O)CO
COC(C(C)C)C(O)OC
COC(C(C)C)CC(O)O
COC(C(C)C)CCOO
COC(C(C)C)COCO
COC(C(C)C)OC(O)C
COC(C(C)C)OCCO
COC(C(C)C)OOCC
COC(C(O)(O)C)C(C)C
COC(C(O)(O)C)CCC
COC(C(O)C)(O)C(C)C
COC(C(O)C)(O)CCC
COC(C(O)C)(OC)CC
COC(C(O)C)C(C)CO
COC(C(O)C)C(C)OC
COC(C(O)C)C(O)CC
COC(C(O)C)CC(O)C
COC(C(O)C)CCCO
COC(C(O)C)COCC
COC(C(O)C)OC(C)C
COC(C(O)C)OCCC
COC(C(O)O)C(C)CC
COC(C(O)O)CC(C)C
COC(C(O)O)CCCC
COC(C)(C(C)(O)C)CO
COC(C)(C(C)C)COO
COC(C)(C(C)C)OCO
COC(C)(C(O)(O)C)CC
COC(C)(C(O)C)C(O)C
COC(C)(C(O)C)CCO
COC(C)(C(O)C)OCC
COC(C)(C(O)O)C(C)C
COC(C)(C(O)O)CCC
COC(C)(C)C(C)(C)OO
COC(C)(C)C(C)(O)CO
COC(C)(C)C(C)(O)OC
COC(C)(C)C(C)C(O)O
COC(C)(C)C(C)COO
COC(C)(C)C(C)OCO
COC(C)(C)C(CO)CO
COC(C)(C)C(O)(O)CC
COC(C)(C)C(O)C(O)C
COC(C)(C)C(O)CCO
COC(C)(C)C(O)OCC
COC(C)(C)C(OO)CC
COC(C)(C)CC(C)OO
COC(C)(C)CC(O)(O)C
COC(C)(C)CC(O)CO
COC(C)(C)CCC(O)O
COC(C)(C)CCCOO
COC(C)(C)CCOCO
COC(C)(C)COC(O)C
COC(C)(C)COCCO
COC(C)(C)COOCC
COC(C)(C)OC(C)(O)C
COC(C)(C)OC(C)CO
COC(C)(C)OC(O)CC
COC(C)(C)OCC(O)C
COC(C)(C)OCCCO
COC(C)(C)OCOCC
COC(C)(C)OOC(C)C
COC(C)(C)OOCCC
COC(C)(CC)C(C)OO
COC(C)(CC)C(O)CO
COC(C)(CC)CC(O)O
COC(C)(CC)CCOO
COC(C)(CC)COCO
COC(C)(CC)OC(O)C
COC(C)(CC)OCCO
COC(C)(CC)OOCC
COC(C)(CO)C(C)CO
COC(C)(CO)C(O)CC
COC(C)(CO)CC(O)C
COC(C)(CO)CCCO
COC(C)(CO)COCC
COC(C)(CO)OC(C)C
COC(C)(CO)OCCC
COC(C)(O)C(C)(C)CO
COC(C)(O)C(C)(O)CC
COC(C)(O)C(C)C(O)C
COC(C)(O)C(C)CCO
COC(C)(O)C(C)OCC
COC(C)(O)C(CO)CC
COC(C)(O)C(O)C(C)C
COC(C)(O)C(O)CCC
COC(C)(O)CC(C)(O)C
COC(C)(O)CC(C)CO
COC(C)(O)CC(O)CC
COC(C)(O)CCC(O)C
COC(C)(O)CCCCO
COC(C)(O)CCOCC
COC(C)(O)COC(C)C
COC(C)(O)COCCC
COC(C)(O)OC(C)(C)C
COC(C)(O)OC(C)CC
COC(C)(O)OCC(C)C
COC(C)(O)OCCCC
COC(C)(OC)C(C)(O)C
COC(C)(OC)C(C)CO
COC(C)(OC)C(O)CC
COC(C)(OC)CC(O)C
COC(C)(OC)CCCO
COC(C)(OC)COCC
COC(C)(OC)OC(C)C
COC(C)(OC)OCCC
COC(C)(OO)C(C)(C)C
COC(C)(OO)C(C)CC
COC(C)(OO)CC(C)C
COC(C)(OO)CCCC
COC(C)C(C(O)C)CO
COC(C)C(C(O)O)CC
COC(C)C(C)(C)C(O)O
COC(C)C(C)(C)COO
COC(C)C(C)(C)OCO
COC(C)C(C)(CO)CO
COC(C)C(C)(O)C(O)C
COC(C)C(C)(O)CCO
COC(C)C(C)(O)OCC
COC(C)C(C)(OC)CO
COC(C)C(C)(OC)OC
COC(C)C(C)(OO)CC
COC(C)C(C)C(C)OO
COC(C)C(C)C(O)(O)C
COC(C)C(C)C(O)CO
COC(C)C(C)C(O)OC
COC(C)C(C)CC(O)O
COC(C)C(C)CCOO
COC(C)C(C)COCO
COC(C)C(C)OC(O)C
COC(C)C(C)OCCO
COC(C)C(C)OOCC
COC(C)C(CC)COO
COC(C)C(CC)OCO
COC(C)C(CO)(O)CC
COC(C)C(CO)CCO
COC(C)C(CO)OCC
COC(C)C(O)(O)C(C)C
COC(C)C(O)(O)CCC
COC(C)C(O)(OC)CC
COC(C)C(O)C(C)(O)C
COC(C)C(O)C(C)CO
COC(C)C(O)C(C)OC
COC(C)C(O)C(O)CC
COC(C)C(O)CC(O)C
COC(C)C(O)CCCO
COC(C)C(O)COCC
COC(C)C(O)OC(C)C
COC(C)C(O)OCCC
COC(C)C(OC)CCO
COC(C)C(OC)OCC
COC(C)C(OO)C(C)C
COC(C)C(OO)CCC
COC(C)CC(C)(C)OO
COC(C)CC(C)(O)CO
COC(C)CC(C)(O)OC
COC(C)CC(C)C(O)O
COC(C)CC(C)COO
COC(C)CC(C)OCO
COC(C)CC(CO)CO
COC(C)CC(O)(O)CC
COC(C)CC(O)C(O)C
COC(C)CC(O)CCO
COC(C)CC(O)OCC
COC(C)CC(OC)OC
COC(C)CC(OO)CC
COC(C)CCC(C)OO
COC(C)CCC(O)(O)C
COC(C)CCC(O)CO
COC(C)CCC(O)OC
COC(C)CCCC(O)O
COC(C)CCCCOO
COC(C)CCCOCO
COC(C)CCOC(O)C
COC(C)CCOCCO
COC(C)CCOOCC
COC(C)COC(C)(O)C
COC(C)COC(C)CO
COC(C)COC(C)OC
COC(C)COC(O)CC
COC(C)COCC(O)C
COC(C)COCCCO
COC(C)COCOCC
COC(C)COOC(C)C
COC(C)COOCCC
COC(C)OC(C)(C)CO
COC(C)OC(C)(C)OC
COC(C)OC(C)(O)CC
COC(C)OC(C)C(O)C
COC(C)OC(C)CCO
COC(C)OC(C)OCC
COC(C)OC(CO)CC
COC(C)OC(O)C(C)C
COC(C)OC(O)CCC
COC(C)OCC(C)(O)C
COC(C)OCC(C)CO
COC(C)OCC(O)CC
COC(C)OCCC(O)C
COC(C)OCCCCO
COC(C)OCCOCC
COC(C)OCOC(C)C
COC(C)OCOCCC
COC(C)OOC(C)(C)C
COC(C)OOC(C)CC
COC(C)OOCC(C)C
COC(C)OOCCCC
COC(CC)(C(O)O)CC
COC(CC)(CC)COO
COC(CC)(CC)OCO
COC(CC)(CO)CCO
COC(CC)(CO)OCC
COC(CC)(O)C(C)CO
COC(CC)(O)C(O)CC
COC(CC)(O)CC(O)C
COC(CC)(O)CCCO
COC(CC)(O)COCC
COC(CC)(O)OC(C)C
COC(CC)(O)OCCC
COC(CC)(OC)CCO
COC(CC)(OC)OCC
COC(CC)(OO)CCC
COC(CC)C(C)(C)OO
COC(CC)C(C)(O)CO
COC(CC)C(C)(O)OC
COC(CC)C(C)C(O)O
COC(CC)C(C)COO
COC(CC)C(C)OCO
COC(CC)C(CO)CO
COC(CC)C(O)(O)CC
COC(CC)C(O)C(O)C
COC(CC)C(O)CCO
COC(CC)C(O)OCC
COC(CC)C(OC)OC
COC(CC)C(OO)CC
COC(CC)CC(C)OO
COC(CC)CC(O)(O)C
COC(CC)CC(O)CO
COC(CC)CC(O)OC
COC(CC)CCC(O)O
COC(CC)CCCOO
COC(CC)CCOCO
COC(CC)COC(O)C
COC(CC)COCCO
COC(CC)COOCC
COC(CC)OC(C)(O)C
COC(CC)OC(C)CO
COC(CC)OC(C)OC
COC(CC)OC(O)CC
COC(CC)OCC(O)C
COC(CC)OCCCO
COC(CC)OCOCC
COC(CC)OOC(C)C
COC(CC)OOCCC
COC(CO)(C(C)C)CO
COC(CO)(C(O)C)CC
COC(CO)(CO)CCC
COC(CO)(O)C(C)CC
COC(CO)(O)CC(C)C
COC(CO)(O)CCCC
COC(CO)(OC)CCC
COC(CO)C(C)(C)CO
COC(CO)C(C)(C)OC
COC(CO)C(C)(O)CC
COC(CO)C(C)C(O)C
COC(CO)C(C)CCO
COC(CO)C(C)OCC
COC(CO)C(CO)CC
COC(CO)C(O)C(C)C
COC(CO)C(O)CCC
COC(CO)C(OC)CC
COC(CO)CC(C)(O)C
COC(CO)CC(C)CO
COC(CO)CC(C)OC
COC(CO)CC(O)CC
COC(CO)CCC(O)C
COC(CO)CCCCO
COC(CO)CCOCC
COC(CO)COC(C)C
COC(CO)COCCC
COC(CO)OC(C)(C)C
COC(CO)OC(C)CC
COC(CO)OCC(C)C
COC(CO)OCCCC
COC(O)(O)C(C)(C)CC
COC(O)(O)C(C)C(C)C
COC(O)(O)C(C)CCC
COC(O)(O)C(CC)CC
COC(O)(O)CC(C)(C)C
COC(O)(O)CC(C)CC
COC(O)(O)CCC(C)C
COC(O)(O)CCCCC
COC(O)(OC)C(C)(C)C
COC(O)(OC)C(C)CC
COC(O)(OC)CC(C)C
COC(O)(OC)CCCC
COC(O)C(C(C)C)CO
COC(O)C(C(O)C)CC
COC(O)C(C)(C)C(O)C
COC(O)C(C)(C)CCO
COC(O)C(C)(C)OCC
COC(O)C(C)(CO)CC
COC(O)C(C)(O)C(C)C
COC(O)C(C)(O)CCC
COC(O)C(C)(OC)CC
COC(O)C(C)C(C)(O)C
COC(O)C(C)C(C)CO
COC(O)C(C)C(O)CC
COC(O)C(C)CC(O)C
COC(O)C(C)CCCO
COC(O)C(C)COCC
COC(O)C(C)OC(C)C
COC(O)C(C)OCCC
COC(O)C(CC)(O)CC
COC(O)C(CC)CCO
COC(O)C(CC)OCC
COC(O)C(CO)CCC
COC(O)C(O)C(C)(C)C
COC(O)C(O)C(C)CC
COC(O)C(O)CC(C)C
COC(O)C(O)CCCC
COC(O)C(OC)CCC
COC(O)CC(C)(C)CO
COC(O)CC(C)(C)OC
COC(O)CC(C)(O)CC
COC(O)CC(C)C(O)C
COC(O)CC(C)CCO
COC(O)CC(C)OCC
COC(O)CC(CO)CC
COC(O)CC(O)C(C)C
COC(O)CC(O)CCC
COC(O)CCC(C)(O)C
COC(O)CCC(C)CO
COC(O)CCC(O)CC
COC(O)CCCC(O)C
COC(O)CCCCCO
COC(O)CCCOCC
COC(O)CCOC(C)C
COC(O)CCOCCC
COC(O)COC(C)(C)C
COC(O)COC(C)CC
COC(O)COCC(C)C
COC(O)COCCCC
COC(O)OC(C)(C)CC
COC(O)OC(C)C(C)C
COC(O)OC(C)CCC
COC(O)OC(CC)CC
COC(O)OCC(C)(C)C
COC(O)OCC(C)CC
COC(O)OCCC(C)C
COC(O)OCCCCC
COC(OC)(OC)C(C)C
COC(OC)(OC)CCC
COC(OC)C(C)(C)CO
COC(OC)C(C)(C)OC
COC(OC)C(C)(O)CC
COC(OC)C(C)C(O)C
COC(OC)C(C)CCO
COC(OC)C(C)OCC
COC(OC)C(CO)CC
COC(OC)C(O)C(C)C
COC(OC)C(O)CCC
COC(OC)CC(C)(O)C
COC(OC)CC(C)CO
COC(OC)CC(O)CC
COC(OC)CCC(O)C
COC(OC)CCCCO
COC(OC)CCOCC
COC(OC)COC(C)C
COC(OC)COCCC
COC(OC)OC(C)(C)C
COC(OC)OC(C)CC
COC(OC)OCC(C)C
COC(OC)OCCCC
COC(OO)C(C)(C)CC
COC(OO)C(C)C(C)C
COC(OO)C(C)CCC
COC(OO)C(CC)CC
COC(OO)CC(C)(C)C
COC(OO)CC(C)CC
COC(OO)CCC(C)C
COC(OO)CCCCC
COCC(C(C)(O)C)CO
COCC(C(C)C)(O)CO
COCC(C(C)C)COO
COCC(C(C)C)OCO
COCC(C(O)(O)C)CC
COCC(C(O)C)(O)CC
COCC(C(O)C)C(O)C
COCC(C(O)C)CCO
COCC(C(O)C)COC
COCC(C(O)C)OCC
COCC(C(O)O)C(C)C
COCC(C(O)O)CCC
COCC(C)(C(O)C)CO
COCC(C)(C(O)O)CC
COCC(C)(C)C(C)OO
COCC(C)(C)C(O)(O)C
COCC(C)(C)C(O)CO
COCC(C)(C)C(O)OC
COCC(C)(C)CC(O)O
COCC(C)(C)CCOO
COCC(C)(C)COCO
COCC(C)(C)OC(O)C
COCC(C)(C)OCCO
COCC(C)(C)OOCC
COCC(C)(CC)COO
COCC(C)(CC)OCO
COCC(C)(CO)CCO
COCC(C)(CO)COC
COCC(C)(CO)OCC
COCC(C)(O)C(C)(O)C
COCC(C)(O)C(C)CO
COCC(C)(O)C(C)OC
COCC(C)(O)C(O)CC
COCC(C)(O)CC(O)C
COCC(C)(O)CCCO
COCC(C)(O)COCC
COCC(C)(O)OC(C)C
COCC(C)(O)OCCC
COCC(C)(OC)C(O)C
COCC(C)(OC)CCO
COCC(C)(OC)COC
COCC(C)(OC)OCC
COCC(C)(OO)C(C)C
COCC(C)(OO)CCC
COCC(C)C(C)(C)OO
COCC(C)C(C)(O)CO
COCC(C)C(C)(O)OC
COCC(C)C(C)C(O)O
COCC(C)C(C)COO
COCC(C)C(C)OCO
COCC(C)C(CO)CO
COCC(C)C(O)(O)CC
COCC(C)C(O)C(O)C
COCC(C)C(O)CCO
COCC(C)C(O)COC
COCC(C)C(O)OCC
COCC(C)C(OC)CO
COCC(C)C(OC)OC
COCC(C)C(OO)CC
COCC(C)CC(C)OO
COCC(C)CC(O)(O)C
COCC(C)CC(O)CO
COCC(C)CC(O)OC
COCC(C)CCC(O)O
COCC(C)CCCOO
COCC(C)CCOCO
COCC(C)COC(O)C
COCC(C)COCCO
COCC(C)COOCC
COCC(C)OC(C)(O)C
COCC(C)OC(C)CO
COCC(C)OC(C)OC
COCC(C)OC(O)CC
COCC(C)OCC(O)C
COCC(C)OCCCO
COCC(C)OCOCC
COCC(C)OOC(C)C
COCC(C)OOCCC
COCC(CC)(O)CCO
COCC(CC)(O)COC
COCC(CC)(O)OCC
COCC(CC)(OO)CC
COCC(CC)C(C)OO
COCC(CC)C(O)CO
COCC(CC)C(O)OC
COCC(CC)CC(O)O
COCC(CC)CCOO
COCC(CC)COCO
COCC(CC)OC(O)C
COCC(CC)OCCO
COCC(CC)OOCC
COCC(CCO)CCO
COCC(CO)(CO)CC
COCC(CO)(O)CCC
COCC(CO)(OC)CC
COCC(CO)C(C)CO
COCC(CO)C(C)OC
COCC(CO)C(O)CC
COCC(CO)CC(O)C
COCC(CO)CCCO
COCC(CO)COCC
COCC(CO)OC(C)C
COCC(CO)OCCC
COCC(COC)CCO
COCC(COC)COC
COCC(COO)CCC
COCC(O)(O)C(C)(C)C
COCC(O)(O)C(C)CC
COCC(O)(O)CC(C)C
COCC(O)(O)CCCC
COCC(O)(OC)C(C)C
COCC(O)(OC)CCC
COCC(O)C(C)(C)CO
COCC(O)C(C)(C)OC
COCC(O)C(C)(O)CC
COCC(O)C(C)C(O)C
COCC(O)C(C)CCO
COCC(O)C(C)OCC
COCC(O)C(CO)CC
COCC(O)C(O)C(C)C
COCC(O)C(O)CCC
COCC(O)C(OC)CC
COCC(O)CC(C)(O)C
COCC(O)CC(C)CO
COCC(O)CC(C)OC
COCC(O)CC(O)CC
COCC(O)CCC(O)C
COCC(O)CCCCO
COCC(O)CCOCC
COCC(O)COC(C)C
COCC(O)COCCC
COCC(O)OC(C)(C)C
COCC(O)OC(C)CC
COCC(O)OCC(C)C
COCC(O)OCCCC
COCC(OC)(OC)CC
COCC(OC)C(C)(O)C
COCC(OC)C(C)CO
COCC(OC)C(C)OC
COCC(OC)C(O)CC
COCC(OC)CC(O)C
COCC(OC)CCCO
COCC(OC)COCC
COCC(OC)OC(C)C
COCC(OC)OCCC
COCC(OCC)CCO
COCC(OCC)COC
COCC(OCC)OCC
COCC(OCO)CCC
COCC(OO)C(C)(C)C
COCC(OO)C(C)CC
COCC(OO)CC(C)C
COCC(OO)CCCC
COCCC(C(O)C)CO
COCCC(C(O)O)CC
COCCC(C)(C)C(O)O
COCCC(C)(C)COO
COCCC(C)(C)OCO
COCCC(C)(CO)CO
COCCC(C)(O)C(O)C
COCCC(C)(O)CCO
COCCC(C)(O)COC
COCCC(C)(O)OCC
COCCC(C)(OC)CO
COCCC(C)(OC)OC
COCCC(C)(OO)CC
COCCC(C)C(C)OO
COCCC(C)C(O)(O)C
COCCC(C)C(O)CO
COCCC(C)C(O)OC
COCCC(C)CC(O)O
COCCC(C)CCOO
COCCC(C)COCO
COCCC(C)OC(O)C
COCCC(C)OCCO
COCCC(C)OOCC
COCCC(CC)COO
COCCC(CC)OCO
COCCC(CO)(O)CC
COCCC(CO)CCO
COCCC(CO)COC
COCCC(CO)OCC
COCCC(O)(O)C(C)C
COCCC(O)(O)CCC
COCCC(O)(OC)CC
COCCC(O)C(C)(O)C
COCCC(O)C(C)CO
COCCC(O)C(C)OC
COCCC(O)C(O)CC
COCCC(O)CC(O)C
COCCC(O)CCCO
COCCC(O)CCOC
COCCC(O)COCC
COCCC(O)OC(C)C
COCCC(O)OCCC
COCCC(OC)C(O)C
COCCC(OC)CCO
COCCC(OC)COC
COCCC(OC)OCC
COCCC(OO)C(C)C
COCCC(OO)CCC
COCCCC(C)(C)OO
COCCCC(C)(O)CO
COCCCC(C)(O)OC
COCCCC(C)C(O)O
COCCCC(C)COO
COCCCC(C)OCO
COCCCC(CO)CO
COCCCC(O)(O)CC
COCCCC(O)C(O)C
COCCCC(O)CCO
COCCCC(O)COC
COCCCC(O)OCC
COCCCC(OC)CO
COCCCC(OC)OC
COCCCC(OO)CC
COCCCCC(C)OO
COCCCCC(O)(O)C
COCCCCC(O)CO
COCCCCC(O)OC
COCCCCCC(O)O
COCCCCCCOO
COCCCCCOCO
COCCCCOC(O)C
COCCCCOCCO
COCCCCOOCC
COCCCOC(C)(O)C
COCCCOC(C)CO
COCCCOC(C)OC
COCCCOC(O)CC
COCCCOCC(O)C
COCCCOCCCO
COCCCOCOCC
COCCCOOC(C)C
COCCCOOCCC
COCCOC(C)(C)CO
COCCOC(C)(C)OC
COCCOC(C)(O)CC
COCCOC(C)C(O)C
COCCOC(C)CCO
COCCOC(C)COC
COCCOC(C)OCC
COCCOC(CO)CC
COCCOC(O)C(C)C
COCCOC(O)CCC
COCCOC(OC)CC
COCCOCC(C)(O)C
COCCOCC(C)CO
COCCOCC(C)OC
COCCOCC(O)CC
COCCOCCC(O)C
COCCOCCCCO
COCCOCCCOC
COCCOCCOCC
COCCOCOC(C)C
COCCOCOCCC
COCCOOC(C)(C)C
COCCOOC(C)CC
COCCOOCC(C)C
COCCOOCCCC
COCOC(C(C)C)CO
COCOC(C(O)C)CC
COCOC(C)(C)C(O)C
COCOC(C)(C)CCO
COCOC(C)(C)COC
COCOC(C)(C)OCC
COCOC(C)(CO)CC
COCOC(C)(O)C(C)C
COCOC(C)(O)CCC
COCOC(C)(OC)CC
COCOC(C)C(C)(O)C
COCOC(C)C(C)CO
COCOC(C)C(C)OC
COCOC(C)C(O)CC
COCOC(C)CC(O)C
COCOC(C)CCCO
COCOC(C)CCOC
COCOC(C)COCC
COCOC(C)OC(C)C
COCOC(C)OCCC
COCOC(CC)(O)CC
COCOC(CC)CCO
COCOC(CC)COC
COCOC(CC)OCC
COCOC(CO)CCC
COCOC(O)C(C)(C)C
COCOC(O)C(C)CC
COCOC(O)CC(C)C
COCOC(O)CCCC
COCOC(OC)C(C)C
COCOC(OC)CCC
COCOCC(C)(C)CO
COCOCC(C)(C)OC
COCOCC(C)(O)CC
COCOCC(C)C(O)C
COCOCC(C)CCO
COCOCC(C)COC
COCOCC(C)OCC
COCOCC(CO)CC
COCOCC(O)C(C)C
COCOCC(O)CCC
COCOCC(OC)CC
COCOCCC(C)(O)C
COCOCCC(C)CO
COCOCCC(C)OC
COCOCCC(O)CC
COCOCCCC(O)C
COCOCCCCCO
COCOCCCCOC
COCOCCCOCC
COCOCCOC(C)C
COCOCCOCCC
COCOCOC(C)(C)C
COCOCOC(C)CC
COCOCOCC(C)C
COCOCOCCCC
COCOOC(C)(C)CC
COCOOC(C)C(C)C
COCOOC(C)CCC
COCOOC(CC)CC
COCOOCC(C)(C)C
COCOOCC(C)CC
COCOOCCC(C)C
COCOOCCCCC
COOC(C(C)(C)C)CO
COOC(C(C)(O)C)CC
COOC(C(C)C)(O)CC
COOC(C(C)C)CCO
COOC(C(C)C)COC
COOC(C(C)C)OCC
COOC(C(O)C)C(C)C
COOC(C(O)C)CCC
COOC(C)(C(C)C)CO
COOC(C)(C(O)C)CC
COOC(C)(C)C(C)(O)C
COOC(C)(C)C(C)CO
COOC(C)(C)C(C)OC
COOC(C)(C)C(O)CC
COOC(C)(C)CC(O)C
COOC(C)(C)CCCO
COOC(C)(C)CCOC
COOC(C)(C)COCC
COOC(C)(C)OC(C)C
COOC(C)(C)OCCC
COOC(C)(CC)CCO
COOC(C)(CC)COC
COOC(C)(CC)OCC
COOC(C)(CO)CCC
COOC(C)(O)C(C)(C)C
COOC(C)(O)C(C)CC
COOC(C)(O)CC(C)C
COOC(C)(O)CCCC
COOC(C)(OC)C(C)C
COOC(C)(OC)CCC
COOC(C)C(C)(C)CO
COOC(C)C(C)(C)OC
COOC(C)C(C)(O)CC
COOC(C)C(C)C(O)C
COOC(C)C(C)CCO
COOC(C)C(C)COC
COOC(C)C(C)OCC
COOC(C)C(CO)CC
COOC(C)C(O)C(C)C
COOC(C)C(O)CCC
COOC(C)C(OC)CC
COOC(C)CC(C)(O)C
COOC(C)CC(C)CO
COOC(C)CC(C)OC
COOC(C)CC(O)CC
COOC(C)CCC(O)C
COOC(C)CCCCO
COOC(C)CCCOC
COOC(C)CCOCC
COOC(C)COC(C)C
COOC(C)COCCC
COOC(C)OC(C)(C)C
COOC(C)OC(C)CC
COOC(C)OCC(C)C
COOC(C)OCCCC
COOC(CC)(CO)CC
COOC(CC)(O)CCC
COOC(CC)(OC)CC
COOC(CC)C(C)CO
COOC(CC)C(C)OC
COOC(CC)C(O)CC
COOC(CC)CC(O)C
COOC(CC)CCCO
COOC(CC)CCOC
COOC(CC)COCC
COOC(CC)OC(C)C
COOC(CC)OCCC
COOC(CCC)CCO
COOC(CO)C(C)CC
COOC(CO)CC(C)C
COOC(CO)CCCC
COOC(COC)CCC
COOC(O)C(C)(C)CC
COOC(O)C(C)C(C)C
COOC(O)C(C)CCC
COOC(O)C(CC)CC
COOC(O)CC(C)(C)C
COOC(O)CC(C)CC
COOC(O)CCC(C)C
COOC(O)CCCCC
COOC(OC)C(C)(C)C
COOC(OC)C(C)CC
COOC(OC)CC(C)C
COOC(OC)CCCC
COOC(OCC)CCC
COOCC(C(C)C)CO
COOCC(C(O)C)CC
COOCC(C)(C)C(O)C
COOCC(C)(C)CCO
COOCC(C)(C)COC
COOCC(C)(C)OCC
COOCC(C)(CO)CC
COOCC(C)(O)C(C)C
COOCC(C)(O)CCC
COOCC(C)(OC)CC
COOCC(C)C(C)(O)C
COOCC(C)C(C)CO
COOCC(C)C(C)OC
COOCC(C)C(O)CC
COOCC(C)CC(O)C
COOCC(C)CCCO
COOCC(C)CCOC
COOCC(C)COCC
COOCC(C)OC(C)C
COOCC(C)OCCC
COOCC(CC)(O)CC
COOCC(CC)CCO
COOCC(CC)COC
COOCC(CC)OCC
COOCC(CO)CCC
COOCC(O)C(C)(C)C
COOCC(O)C(C)CC
COOCC(O)CC(C)C
COOCC(O)CCCC
COOCC(OC)C(C)C
COOCC(OC)CCC
COOCCC(C)(C)CO
COOCCC(C)(C)OC
COOCCC(C)(O)CC
COOCCC(C)C(O)C
COOCCC(C)CCO
COOCCC(C)COC
COOCCC(C)OCC
COOCCC(CO)CC
COOCCC(O)C(C)C
COOCCC(O)CCC
COOCCC(OC)CC
COOCCCC(C)(O)C
COOCCCC(C)CO
COOCCCC(C)OC
COOCCCC(O)CC
COOCCCCC(O)C
COOCCCCCCO
COOCCCCCOC
COOCCCCOCC
COOCCCOC(C)C
COOCCCOCCC
COOCCOC(C)(C)C
COOCCOC(C)CC
COOCCOCC(C)C
COOCCOCCCC
COOCOC(C)(C)CC
COOCOC(C)C(C)C
COOCOC(C)CCC
COOCOC(CC)CC
COOCOCC(C)(C)C
COOCOCC(C)CC
COOCOCCC(C)C
COOCOCCCCC
COOOC(C(C)C)CC
COOOC(C)(C)C(C)C
COOOC(C)(C)CCC
COOOC(C)(CC)CC
COOOC(C)C(C)(C)C
COOOC(C)C(C)CC
COOOC(C)CC(C)C
COOOC(C)CCCC
COOOC(CC)CCC
COOOCC(C)(C)CC
COOOCC(C)C(C)C
COOOCC(C)CCC
COOOCC(CC)CC
COOOCCC(C)(C)C
COOOCCC(C)CC
COOOCCCC(C)C
COOOCCCCCC
OCC(C)(C)C(C)(O)CO
OCC(C)(C)C(C)C(O)O
OCC(C)(C)CCC(O)O
OCC(C)C(C)(C)C(O)O
OCC(C)C(C)(CO)CO
OCC(C)C(C)C(O)CO
OCC(C)C(C)CC(O)O
OCC(C)C(O)C(C)CO
OCC(C)CC(C)(O)CO
OCC(C)CC(C)C(O)O
OCC(C)CCC(O)CO
OCC(C)CCCC(O)O
OCC(C)COC(C)CO
OCC(C)OC(C)(C)CO
OCC(CO)C(C)(C)CO
OCC(CO)CC(C)CO
OCC(O)CC(C)(C)CO
OCCC(C(O)C)CCO
OCCC(C)(C)C(O)CO
OCCC(C)(C)CC(O)O
OCCC(C)(CO)CCO
OCCC(C)(O)C(C)CO
OCCC(C)(OC)CCO
OCCC(C)C(C)(O)CO
OCCC(C)C(C)C(O)O
OCCC(C)C(CO)CO
OCCC(C)C(O)CCO
OCCC(C)CC(O)CO
OCCC(C)CCC(O)O
OCCC(C)OC(C)CO
OCCC(CC)(O)CCO
OCCC(CC)C(O)CO
OCCC(CC)CC(O)O
OCCC(CCO)CCO
OCCC(CO)C(C)CO
OCCC(O)C(C)(C)CO
OCCC(O)CC(C)CO
OCCC(OC)C(C)CO
OCCCC(C)(C)C(O)O
OCCCC(C)(CO)CO
OCCCC(C)(O)CCO
OCCCC(C)C(O)CO
OCCCC(C)CC(O)O
OCCCC(CO)CCO
OCCCC(O)C(C)CO
OCCCC(O)CCCO
OCCCC(OC)CCO
OCCCCC(C)(O)CO
OCCCCC(C)C(O)O
OCCCCC(CO)CO
OCCCCC(O)CCO
OCCCCCC(O)CO
OCCCCCCC(O)O
OCCCCOC(C)CO
OCCCOC(C)(C)CO
OCCCOC(C)CCO
OCCCOCC(C)CO
OCCCOCCCCO
OCCOC(C)(C)CCO
OCCOC(C)C(C)CO
OCCOC(C)CCCO
OCCOC(CC)CCO
OCCOCC(C)(C)CO
OCCOCC(C)CCO
OCCOCCC(C)CO
OCCOCCCCCO
OCOC(C(C)C)CCO
OCOC(C)(C)C(C)CO
OCOC(C)(C)CCCO
OCOC(C)(CC)CCO
OCOC(C)C(C)(C)CO
OCOC(C)C(C)CCO
OCOC(C)CC(C)CO
OCOC(C)CCCCO
OCOC(CC)C(C)CO
OCOC(CC)CCCO
OCOCC(C)(C)CCO
OCOCC(C)C(C)CO
OCOCC(C)CCCO
OCOCC(CC)CCO
OCOCCC(C)(C)CO
OCOCCC(C)CCO
OCOCCCC(C)CO
OCOCCCCCCO
OOC(C)(C)C(C)(C)CO
OOC(C)(C)C(C)CCO
OOC(C)(C)CC(C)CO
OOC(C)(C)CCCCO
OOC(C)C(C)(C)CCO
OOC(C)C(C)C(C)CO
OOC(C)C(C)CCCO
OOC(C)C(CC)CCO
OOC(C)CC(C)(C)CO
OOC(C)CC(C)CCO
OOC(C)CCC(C)CO
OOC(C)CCCCCO
OOCC(C(C)C)CCO
OOCC(C)(C)C(C)CO
OOCC(C)(C)CCCO
OOCC(C)(CC)CCO
OOCC(C)C(C)(C)CO
OOCC(C)C(C)CCO
OOCC(C)CC(C)CO
OOCC(C)CCCCO
OOCC(CC)C(C)CO
OOCC(CC)CCCO
OOCCC(C)(C)CCO
OOCCC(C)C(C)CO
OOCCC(C)CCCO
OOCCC(CC)CCO
OOCCCC(C)(C)CO
OOCCCC(C)CCO
OOCCCCC(C)CO
OOCCCCCCCO
