CC(C)(C)C(C(Si)Si)CSi
CC(C)(C)C(C)(C)Si(Si)Si
CC(C)(C)C(C)(C)SiSiSi
CC(C)(C)C(C)(Si)C(Si)Si
CC(C)(C)C(C)(Si)CSiSi
CC(C)(C)C(C)(Si)SiCSi
CC(C)(C)C(C)(SiSi)CSi
CC(C)(C)C(C)C(Si)(Si)Si
CC(C)(C)C(C)C(Si)SiSi
CC(C)(C)C(C)CSi(Si)Si
CC(C)(C)C(C)CSiSiSi
CC(C)(C)C(C)Si(C)SiSi
CC(C)(C)C(C)Si(Si)CSi
CC(C)(C)C(C)SiC(Si)Si
CC(C)(C)C(C)SiCSiSi
CC(C)(C)C(C)SiSiCSi
CC(C)(C)C(CSi)(Si)CSi
CC(C)(C)C(CSi)CSiSi
CC(C)(C)C(CSi)SiCSi
CC(C)(C)C(Si)(Si)CCSi
CC(C)(C)C(Si)C(C)SiSi
CC(C)(C)C(Si)C(Si)(Si)C
CC(C)(C)C(Si)C(Si)CSi
CC(C)(C)C(Si)CC(Si)Si
CC(C)(C)C(Si)CCSiSi
CC(C)(C)C(Si)CSiCSi
CC(C)(C)C(Si)Si(C)CSi
CC(C)(C)C(Si)SiCCSi
CC(C)(C)C(SiSi)CCSi
CC(C)(C)CC(C)(Si)SiSi
CC(C)(C)CC(C)Si(Si)Si
CC(C)(C)CC(C)SiSiSi
CC(C)(C)CC(Si)(Si)CSi
CC(C)(C)CC(Si)C(Si)Si
CC(C)(C)CC(Si)CSiSi
CC(C)(C)CC(Si)SiCSi
CC(C)(C)CC(SiSi)CSi
CC(C)(C)CCC(Si)(Si)Si
CC(C)(C)CCC(Si)SiSi
CC(C)(C)CCCSi(Si)Si
CC(C)(C)CCCSiSiSi
CC(C)(C)CCSi(C)SiSi
CC(C)(C)CCSi(Si)CSi
CC(C)(C)CCSiC(Si)Si
CC(C)(C)CCSiCSiSi
CC(C)(C)CCSiSiCSi
CC(C)(C)CSi(C)(C)SiSi
CC(C)(C)CSi(C)(Si)CSi
CC(C)(C)CSi(C)C(Si)Si
CC(C)(C)CSi(C)CSiSi
CC(C)(C)CSi(C)SiCSi
CC(C)(C)CSi(CSi)CSi
CC(C)(C)CSi(Si)CCSi
CC(C)(C)CSiC(C)SiSi
CC(C)(C)CSiC(Si)CSi
CC(C)(C)CSiCC(Si)Si
CC(C)(C)CSiCCSiSi
CC(C)(C)CSiCSiCSi
CC(C)(C)CSiSi(C)CSi
CC(C)(C)CSiSiCCSi
CC(C)(C)Si(C)(C)C(Si)Si
CC(C)(C)Si(C)(C)CSiSi
CC(C)(C)Si(C)(C)SiCSi
CC(C)(C)Si(C)(CSi)CSi
CC(C)(C)Si(C)(Si)CCSi
CC(C)(C)Si(C)C(C)SiSi
CC(C)(C)Si(C)C(Si)CSi
CC(C)(C)Si(C)CC(Si)Si
CC(C)(C)Si(C)CCSiSi
CC(C)(C)Si(C)CSiCSi
CC(C)(C)Si(C)Si(C)CSi
CC(C)(C)Si(C)SiCCSi
CC(C)(C)Si(CSi)CCSi
CC(C)(C)Si(Si)C(C)CSi
CC(C)(C)Si(Si)CCCSi
CC(C)(C)SiC(C)(C)SiSi
CC(C)(C)SiC(C)(Si)CSi
CC(C)(C)SiC(C)C(Si)Si
CC(C)(C)SiC(C)CSiSi
CC(C)(C)SiC(C)SiCSi
CC(C)(C)SiC(CSi)CSi
CC(C)(C)SiC(Si)CCSi
CC(C)(C)SiCC(C)SiSi
CC(C)(C)SiCC(Si)CSi
CC(C)(C)SiCCC(Si)Si
CC(C)(C)SiCCCSiSi
CC(C)(C)SiCCSiCSi
CC(C)(C)SiCSi(C)CSi
CC(C)(C)SiCSiCCSi
CC(C)(C)SiSi(C)(C)CSi
CC(C)(C)SiSi(C)CCSi
CC(C)(C)SiSiC(C)CSi
CC(C)(C)SiSiCCCSi
CC(C)(Si)C(C)(C)C(Si)Si
CC(C)(Si)C(C)(C)CSiSi
CC(C)(Si)C(C)(C)SiCSi
CC(C)(Si)C(C)(CSi)CSi
CC(C)(Si)C(C)(Si)CCSi
CC(C)(Si)C(C)C(C)SiSi
CC(C)(Si)C(C)C(Si)(Si)C
CC(C)(Si)C(C)C(Si)CSi
CC(C)(Si)C(C)CC(Si)Si
CC(C)(Si)C(C)CCSiSi
CC(C)(Si)C(C)CSiCSi
CC(C)(Si)C(C)Si(C)CSi
CC(C)(Si)C(C)SiCCSi
CC(C)(Si)C(CSi)CCSi
CC(C)(Si)C(Si)C(C)(Si)C
CC(C)(Si)C(Si)C(C)CSi
CC(C)(Si)C(Si)CCCSi
CC(C)(Si)CC(C)(C)SiSi
CC(C)(Si)CC(C)(Si)CSi
CC(C)(Si)CC(C)C(Si)Si
CC(C)(Si)CC(C)CSiSi
CC(C)(Si)CC(C)SiCSi
CC(C)(Si)CC(CSi)CSi
CC(C)(Si)CC(Si)CCSi
CC(C)(Si)CCC(C)SiSi
CC(C)(Si)CCC(Si)(Si)C
CC(C)(Si)CCC(Si)CSi
CC(C)(Si)CCCC(Si)Si
CC(C)(Si)CCCCSiSi
CC(C)(Si)CCCSiCSi
CC(C)(Si)CCSi(C)CSi
CC(C)(Si)CCSiCCSi
CC(C)(Si)CSi(C)(C)CSi
CC(C)(Si)CSi(C)CCSi
CC(C)(Si)CSiC(C)(Si)C
CC(C)(Si)CSiC(C)CSi
CC(C)(Si)CSiCCCSi
CC(C)(Si)Si(C)(C)CCSi
CC(C)(Si)Si(C)C(C)(Si)C
CC(C)(Si)Si(C)C(C)CSi
CC(C)(Si)Si(C)CCCSi
CC(C)(Si)Si(Si)C(C)(C)C
CC(C)(Si)SiC(C)(C)CSi
CC(C)(Si)SiC(C)CCSi
CC(C)(Si)SiCC(C)CSi
CC(C)(Si)SiCCCCSi
CC(C)(Si)SiSiC(C)(C)C
CC(C)C(C(C)C)SiSiSi
CC(C)C(C(Si)(Si)C)CSi
CC(C)C(C(Si)C)(Si)CSi
CC(C)C(C(Si)C)CSiSi
CC(C)C(C(Si)C)SiCSi
CC(C)C(C(Si)Si)C(Si)C
CC(C)C(C(Si)Si)CCSi
CC(C)C(C)(C(Si)Si)CSi
CC(C)C(C)(C)C(Si)(Si)Si
CC(C)C(C)(C)C(Si)SiSi
CC(C)C(C)(C)CSi(Si)Si
CC(C)C(C)(C)CSiSiSi
CC(C)C(C)(C)Si(C)SiSi
CC(C)C(C)(C)Si(Si)CSi
CC(C)C(C)(C)SiC(Si)Si
CC(C)C(C)(C)SiCSiSi
CC(C)C(C)(C)SiSiCSi
CC(C)C(C)(CSi)CSiSi
CC(C)C(C)(CSi)SiCSi
CC(C)C(C)(Si)C(C)SiSi
CC(C)C(C)(Si)C(Si)(Si)C
CC(C)C(C)(Si)C(Si)CSi
CC(C)C(C)(Si)CC(Si)Si
CC(C)C(C)(Si)CCSiSi
CC(C)C(C)(Si)CSiCSi
CC(C)C(C)(Si)Si(C)CSi
CC(C)C(C)(Si)SiCCSi
CC(C)C(C)(SiSi)C(Si)C
CC(C)C(C)(SiSi)CCSi
CC(C)C(C)C(C)(Si)SiSi
CC(C)C(C)C(C)Si(Si)Si
CC(C)C(C)C(C)SiSiSi
CC(C)C(C)C(Si)(Si)CSi
CC(C)C(C)C(Si)C(Si)Si
CC(C)C(C)C(Si)CSiSi
CC(C)C(C)C(Si)SiCSi
CC(C)C(C)C(SiSi)CSi
CC(C)C(C)CC(Si)(Si)Si
CC(C)C(C)CC(Si)SiSi
CC(C)C(C)CCSi(Si)Si
CC(C)C(C)CCSiSiSi
CC(C)C(C)CSi(C)SiSi
CC(C)C(C)CSi(Si)CSi
CC(C)C(C)CSiC(Si)Si
CC(C)C(C)CSiCSiSi
CC(C)C(C)CSiSiCSi
CC(C)C(C)Si(C)(C)SiSi
CC(C)C(C)Si(C)(Si)CSi
CC(C)C(C)Si(C)C(Si)Si
CC(C)C(C)Si(C)CSiSi
CC(C)C(C)Si(C)SiCSi
CC(C)C(C)Si(CSi)CSi
CC(C)C(C)Si(Si)CCSi
CC(C)C(C)SiC(C)SiSi
CC(C)C(C)SiC(Si)(Si)C
CC(C)C(C)SiC(Si)CSi
CC(C)C(C)SiCC(Si)Si
CC(C)C(C)SiCCSiSi
CC(C)C(C)SiCSiCSi
CC(C)C(C)SiSi(C)CSi
CC(C)C(C)SiSiCCSi
CC(C)C(CSi)(CSi)CSi
CC(C)C(CSi)(Si)CCSi
CC(C)C(CSi)C(C)SiSi
CC(C)C(CSi)C(Si)CSi
CC(C)C(CSi)CC(Si)Si
CC(C)C(CSi)CCSiSi
CC(C)C(CSi)CSiCSi
CC(C)C(CSi)Si(C)CSi
CC(C)C(CSi)SiCCSi
CC(C)C(Si(Si)Si)C(C)C
CC(C)C(Si)(Si)C(C)(Si)C
CC(C)C(Si)(Si)C(C)CSi
CC(C)C(Si)(Si)CC(Si)C
CC(C)C(Si)(Si)CCCSi
CC(C)C(Si)(Si)SiC(C)C
CC(C)C(Si)(SiSi)C(C)C
CC(C)C(Si)C(C)(C)SiSi
CC(C)C(Si)C(C)(Si)CSi
CC(C)C(Si)C(C)C(Si)Si
CC(C)C(Si)C(C)CSiSi
CC(C)C(Si)C(C)SiCSi
CC(C)C(Si)C(CSi)CSi
CC(C)C(Si)C(Si)C(Si)C
CC(C)C(Si)C(Si)CCSi
CC(C)C(Si)CC(C)SiSi
CC(C)C(Si)CC(Si)(Si)C
CC(C)C(Si)CC(Si)CSi
CC(C)C(Si)CCC(Si)Si
CC(C)C(Si)CCCSiSi
CC(C)C(Si)CCSiCSi
CC(C)C(Si)CSi(C)CSi
CC(C)C(Si)CSiCCSi
CC(C)C(Si)Si(C)(C)CSi
CC(C)C(Si)Si(C)CCSi
CC(C)C(Si)Si(Si)C(C)C
CC(C)C(Si)SiC(C)(Si)C
CC(C)C(Si)SiC(C)CSi
CC(C)C(Si)SiCC(Si)C
CC(C)C(Si)SiCCCSi
CC(C)C(Si)SiSiC(C)C
CC(C)C(SiSi)C(C)(Si)C
CC(C)C(SiSi)C(C)CSi
CC(C)C(SiSi)CC(Si)C
CC(C)C(SiSi)CCCSi
CC(C)C(SiSi)SiC(C)C
CC(C)CC(C(Si)Si)CSi
CC(C)CC(C)(C)Si(Si)Si
CC(C)CC(C)(C)SiSiSi
CC(C)CC(C)(Si)C(Si)Si
CC(C)CC(C)(Si)CSiSi
CC(C)CC(C)(Si)SiCSi
CC(C)CC(C)(SiSi)CSi
CC(C)CC(C)C(Si)(Si)Si
CC(C)CC(C)C(Si)SiSi
CC(C)CC(C)CSi(Si)Si
CC(C)CC(C)CSiSiSi
CC(C)CC(C)Si(C)SiSi
CC(C)CC(C)Si(Si)CSi
CC(C)CC(C)SiC(Si)Si
CC(C)CC(C)SiCSiSi
CC(C)CC(C)SiSiCSi
CC(C)CC(CC)SiSiSi
CC(C)CC(CSi)(Si)CSi
CC(C)CC(CSi)CSiSi
CC(C)CC(CSi)SiCSi
CC(C)CC(Si)(Si)C(Si)C
CC(C)CC(Si)(Si)CCSi
CC(C)CC(Si)C(C)SiSi
CC(C)CC(Si)C(Si)(Si)C
CC(C)CC(Si)C(Si)CSi
CC(C)CC(Si)CC(Si)Si
CC(C)CC(Si)CCSiSi
CC(C)CC(Si)CSiCSi
CC(C)CC(Si)Si(C)CSi
CC(C)CC(Si)SiCCSi
CC(C)CC(SiC)CSiSi
CC(C)CC(SiC)SiCSi
CC(C)CC(SiSi)C(Si)C
CC(C)CC(SiSi)CCSi
CC(C)CCC(C)(Si)SiSi
CC(C)CCC(C)Si(Si)Si
CC(C)CCC(C)SiSiSi
CC(C)CCC(Si)(Si)CSi
CC(C)CCC(Si)C(Si)Si
CC(C)CCC(Si)CSiSi
CC(C)CCC(Si)SiCSi
CC(C)CCC(SiSi)CSi
CC(C)CCCC(Si)(Si)Si
CC(C)CCCC(Si)SiSi
CC(C)CCCCSi(Si)Si
CC(C)CCCCSiSiSi
CC(C)CCCSi(C)SiSi
CC(C)CCCSi(Si)CSi
CC(C)CCCSiC(Si)Si
CC(C)CCCSiCSiSi
CC(C)CCCSiSiCSi
CC(C)CCSi(C)(C)SiSi
CC(C)CCSi(C)(Si)CSi
CC(C)CCSi(C)C(Si)Si
CC(C)CCSi(C)CSiSi
CC(C)CCSi(C)SiCSi
CC(C)CCSi(CSi)CSi
CC(C)CCSi(Si)CCSi
CC(C)CCSiC(C)SiSi
CC(C)CCSiC(Si)(Si)C
CC(C)CCSiC(Si)CSi
CC(C)CCSiCC(Si)Si
CC(C)CCSiCCSiSi
CC(C)CCSiCSiCSi
CC(C)CCSiSi(C)CSi
CC(C)CCSiSiCCSi
CC(C)CSi(C)(C)C(Si)Si
CC(C)CSi(C)(C)CSiSi
CC(C)CSi(C)(C)SiCSi
CC(C)CSi(C)(CSi)CSi
CC(C)CSi(C)(Si)CCSi
CC(C)CSi(C)C(C)SiSi
CC(C)CSi(C)C(Si)(Si)C
CC(C)CSi(C)C(Si)CSi
CC(C)CSi(C)CC(Si)Si
CC(C)CSi(C)CCSiSi
CC(C)CSi(C)CSiCSi
CC(C)CSi(C)Si(C)CSi
CC(C)CSi(C)SiCCSi
CC(C)CSi(CC)CSiSi
CC(C)CSi(CC)SiCSi
CC(C)CSi(CSi)CCSi
CC(C)CSi(Si)(Si)C(C)C
CC(C)CSi(Si)C(C)(Si)C
CC(C)CSi(Si)C(C)CSi
CC(C)CSi(Si)CC(Si)C
CC(C)CSi(Si)CCCSi
CC(C)CSi(Si)SiC(C)C
CC(C)CSi(SiC)CCSi
CC(C)CSi(SiSi)C(C)C
CC(C)CSiC(C)(C)SiSi
CC(C)CSiC(C)(Si)CSi
CC(C)CSiC(C)C(Si)Si
CC(C)CSiC(C)CSiSi
CC(C)CSiC(C)SiCSi
CC(C)CSiC(CSi)CSi
CC(C)CSiC(Si)C(Si)C
CC(C)CSiC(Si)CCSi
CC(C)CSiCC(C)SiSi
CC(C)CSiCC(Si)(Si)C
CC(C)CSiCC(Si)CSi
CC(C)CSiCCC(Si)Si
CC(C)CSiCCCSiSi
CC(C)CSiCCSiCSi
CC(C)CSiCSi(C)CSi
CC(C)CSiCSiCCSi
CC(C)CSiSi(C)(C)CSi
CC(C)CSiSi(C)CCSi
CC(C)CSiSi(Si)C(C)C
CC(C)CSiSiC(C)(Si)C
CC(C)CSiSiC(C)CSi
CC(C)CSiSiCC(Si)C
CC(C)CSiSiCCCSi
CC(C)CSiSiSiC(C)C
CC(C)Si(C(C)(Si)C)CSi
CC(C)Si(C(C)C)(Si)CSi
CC(C)Si(C(C)C)C(Si)Si
CC(C)Si(C(C)C)CSiSi
CC(C)Si(C(C)C)SiCSi
CC(C)Si(C)(C)C(C)SiSi
CC(C)Si(C)(C)C(Si)(Si)C
CC(C)Si(C)(C)C(Si)CSi
CC(C)Si(C)(C)CC(Si)Si
CC(C)Si(C)(C)CCSiSi
CC(C)Si(C)(C)CSiCSi
CC(C)Si(C)(C)Si(C)CSi
CC(C)Si(C)(C)SiCCSi
CC(C)Si(C)(CSi)CCSi
CC(C)Si(C)(Si)C(C)(Si)C
CC(C)Si(C)(Si)C(C)CSi
CC(C)Si(C)(Si)CCCSi
CC(C)Si(C)(SiSi)C(C)C
CC(C)Si(C)C(C)(C)SiSi
CC(C)Si(C)C(C)(Si)CSi
CC(C)Si(C)C(C)C(Si)Si
CC(C)Si(C)C(C)CSiSi
CC(C)Si(C)C(C)SiCSi
CC(C)Si(C)C(CSi)CSi
CC(C)Si(C)C(Si)CCSi
CC(C)Si(C)CC(C)SiSi
CC(C)Si(C)CC(Si)(Si)C
CC(C)Si(C)CC(Si)CSi
CC(C)Si(C)CCC(Si)Si
CC(C)Si(C)CCCSiSi
CC(C)Si(C)CCSiCSi
CC(C)Si(C)CSi(C)CSi
CC(C)Si(C)CSiCCSi
CC(C)Si(C)Si(C)(C)CSi
CC(C)Si(C)Si(C)CCSi
CC(C)Si(C)SiC(C)(Si)C
CC(C)Si(C)SiC(C)CSi
CC(C)Si(C)SiCCCSi
CC(C)Si(CSi)C(C)CSi
CC(C)Si(CSi)CCCSi
CC(C)Si(Si)(Si)C(C)(C)C
CC(C)Si(Si)C(C)(C)CSi
CC(C)Si(Si)C(C)C(Si)C
CC(C)Si(Si)C(C)CCSi
CC(C)Si(Si)CC(C)(Si)C
CC(C)Si(Si)CC(C)CSi
CC(C)Si(Si)CCCCSi
CC(C)Si(Si)Si(C)C(C)C
CC(C)Si(Si)SiC(C)(C)C
CC(C)Si(SiSi)C(C)(C)C
CC(C)SiC(C(Si)C)CSi
CC(C)SiC(C)(C)C(Si)Si
CC(C)SiC(C)(C)CSiSi
CC(C)SiC(C)(C)SiCSi
CC(C)SiC(C)(CSi)CSi
CC(C)SiC(C)(Si)C(Si)C
CC(C)SiC(C)(Si)CCSi
CC(C)SiC(C)C(C)SiSi
CC(C)SiC(C)C(Si)(Si)C
CC(C)SiC(C)C(Si)CSi
CC(C)SiC(C)CC(Si)Si
CC(C)SiC(C)CCSiSi
CC(C)SiC(C)CSiCSi
CC(C)SiC(C)Si(C)CSi
CC(C)SiC(C)SiCCSi
CC(C)SiC(CC)CSiSi
CC(C)SiC(CC)SiCSi
CC(C)SiC(CSi)CCSi
CC(C)SiC(Si)C(C)(Si)C
CC(C)SiC(Si)C(C)CSi
CC(C)SiC(Si)CCCSi
CC(C)SiC(Si)SiC(C)C
CC(C)SiC(SiC)CCSi
CC(C)SiCC(C)(C)SiSi
CC(C)SiCC(C)(Si)CSi
CC(C)SiCC(C)C(Si)Si
CC(C)SiCC(C)CSiSi
CC(C)SiCC(C)SiCSi
CC(C)SiCC(CSi)CSi
CC(C)SiCC(Si)C(Si)C
CC(C)SiCC(Si)CCSi
CC(C)SiCCC(C)SiSi
CC(C)SiCCC(Si)(Si)C
CC(C)SiCCC(Si)CSi
CC(C)SiCCCC(Si)Si
CC(C)SiCCCCSiSi
CC(C)SiCCCSiCSi
CC(C)SiCCSi(C)CSi
CC(C)SiCCSiCCSi
CC(C)SiCSi(C)(C)CSi
CC(C)SiCSi(C)CCSi
CC(C)SiCSi(Si)C(C)C
CC(C)SiCSiC(C)(Si)C
CC(C)SiCSiC(C)CSi
CC(C)SiCSiCCCSi
CC(C)SiSi(C(C)C)CSi
CC(C)SiSi(C)(C)CCSi
CC(C)SiSi(C)(Si)C(C)C
CC(C)SiSi(C)C(C)(Si)C
CC(C)SiSi(C)C(C)CSi
CC(C)SiSi(C)CC(Si)C
CC(C)SiSi(C)CCCSi
CC(C)SiSi(C)SiC(C)C
CC(C)SiSi(CC)CCSi
CC(C)SiSi(Si)C(C)(C)C
CC(C)SiSiC(C)(C)CSi
CC(C)SiSiC(C)C(Si)C
CC(C)SiSiC(C)CCSi
CC(C)SiSiCC(C)(Si)C
CC(C)SiSiCC(C)CSi
CC(C)SiSiCCC(Si)C
CC(C)SiSiCCCCSi
CC(C)SiSiCSiC(C)C
CC(C)SiSiSi(C)C(C)C
CC(C)SiSiSiC(C)(C)C
CC(Si)(Si)C(C)(C)CCSi
CC(Si)(Si)C(C)C(C)(Si)C
CC(Si)(Si)C(C)C(C)CSi
CC(Si)(Si)C(C)CCCSi
CC(Si)(Si)CC(C)(C)CSi
CC(Si)(Si)CC(C)CCSi
CC(Si)(Si)CCC(C)(Si)C
CC(Si)(Si)CCC(C)CSi
CC(Si)(Si)CCCCCSi
CC(Si)(Si)CSiC(C)(C)C
CC(Si)(Si)Si(C)C(C)(C)C
CC(Si)(Si)SiCC(C)(C)C
CC(Si)C(C(C)(Si)C)CSi
CC(Si)C(C(Si)C)C(Si)C
CC(Si)C(C(Si)C)CCSi
CC(Si)C(C)(C(Si)C)CSi
CC(Si)C(C)(C)C(C)SiSi
CC(Si)C(C)(C)C(Si)(Si)C
CC(Si)C(C)(C)C(Si)CSi
CC(Si)C(C)(C)CC(Si)Si
CC(Si)C(C)(C)CCSiSi
CC(Si)C(C)(C)CSiCSi
CC(Si)C(C)(C)Si(C)CSi
CC(Si)C(C)(C)SiCCSi
CC(Si)C(C)(CSi)CCSi
CC(Si)C(C)(Si)C(C)(Si)C
CC(Si)C(C)(Si)C(C)CSi
CC(Si)C(C)(Si)CCCSi
CC(Si)C(C)C(C)(C)SiSi
CC(Si)C(C)C(C)(Si)CSi
CC(Si)C(C)C(C)C(Si)Si
CC(Si)C(C)C(C)CSiSi
CC(Si)C(C)C(C)SiCSi
CC(Si)C(C)C(CSi)CSi
CC(Si)C(C)C(Si)C(Si)C
CC(Si)C(C)C(Si)CCSi
CC(Si)C(C)CC(C)SiSi
CC(Si)C(C)CC(Si)(Si)C
CC(Si)C(C)CC(Si)CSi
CC(Si)C(C)CCC(Si)Si
CC(Si)C(C)CCCSiSi
CC(Si)C(C)CCSiCSi
CC(Si)C(C)CSi(C)CSi
CC(Si)C(C)CSiCCSi
CC(Si)C(C)Si(C)(C)CSi
CC(Si)C(C)Si(C)CCSi
CC(Si)C(C)SiC(C)(Si)C
CC(Si)C(C)SiC(C)CSi
CC(Si)C(C)SiCCCSi
CC(Si)C(CSi)C(C)CSi
CC(Si)C(CSi)CCCSi
CC(Si)C(Si)(Si)C(C)(C)C
CC(Si)C(Si)C(C)(C)CSi
CC(Si)C(Si)C(C)CCSi
CC(Si)C(Si)CC(C)(Si)C
CC(Si)C(Si)CC(C)CSi
CC(Si)C(Si)CCCCSi
CC(Si)C(Si)Si(C)C(C)C
CC(Si)C(Si)SiC(C)(C)C
CC(Si)C(SiSi)C(C)(C)C
CC(Si)CC(C(Si)C)CSi
CC(Si)CC(C)(C)C(Si)Si
CC(Si)CC(C)(C)CSiSi
CC(Si)CC(C)(C)SiCSi
CC(Si)CC(C)(CSi)CSi
CC(Si)CC(C)(Si)C(Si)C
CC(Si)CC(C)(Si)CCSi
CC(Si)CC(C)C(C)SiSi
CC(Si)CC(C)C(Si)(Si)C
CC(Si)CC(C)C(Si)CSi
CC(Si)CC(C)CC(Si)Si
CC(Si)CC(C)CCSiSi
CC(Si)CC(C)CSiCSi
CC(Si)CC(C)Si(C)CSi
CC(Si)CC(C)SiCCSi
CC(Si)CC(CC)CSiSi
CC(Si)CC(CC)SiCSi
CC(Si)CC(CSi)CCSi
CC(Si)CC(Si)C(C)(Si)C
CC(Si)CC(Si)C(C)CSi
CC(Si)CC(Si)CC(Si)C
CC(Si)CC(Si)CCCSi
CC(Si)CC(Si)SiC(C)C
CC(Si)CC(SiC)CCSi
CC(Si)CCC(C)(C)SiSi
CC(Si)CCC(C)(Si)CSi
CC(Si)CCC(C)C(Si)Si
CC(Si)CCC(C)CSiSi
CC(Si)CCC(C)SiCSi
CC(Si)CCC(CSi)CSi
CC(Si)CCC(Si)C(Si)C
CC(Si)CCC(Si)CCSi
CC(Si)CCCC(C)SiSi
CC(Si)CCCC(Si)(Si)C
CC(Si)CCCC(Si)CSi
CC(Si)CCCCC(Si)Si
CC(Si)CCCCCSiSi
CC(Si)CCCCSiCSi
CC(Si)CCCSi(C)CSi
CC(Si)CCCSiCCSi
CC(Si)CCSi(C)(C)CSi
CC(Si)CCSi(C)CCSi
CC(Si)CCSi(Si)C(C)C
CC(Si)CCSiC(C)(Si)C
CC(Si)CCSiC(C)CSi
CC(Si)CCSiCCCSi
CC(Si)CSi(C(C)C)CSi
CC(Si)CSi(C)(C)CCSi
CC(Si)CSi(C)(Si)C(C)C
CC(Si)CSi(C)C(C)(Si)C
CC(Si)CSi(C)C(C)CSi
CC(Si)CSi(C)CC(Si)C
CC(Si)CSi(C)CCCSi
CC(Si)CSi(CC)CCSi
CC(Si)CSi(Si)C(C)(C)C
CC(Si)CSiC(C)(C)CSi
CC(Si)CSiC(C)C(Si)C
CC(Si)CSiC(C)CCSi
CC(Si)CSiCC(C)(Si)C
CC(Si)CSiCC(C)CSi
CC(Si)CSiCCC(Si)C
CC(Si)CSiCCCCSi
CC(Si)CSiCSiC(C)C
CC(Si)CSiSi(C)C(C)C
CC(Si)CSiSiC(C)(C)C
CC(Si)Si(C(C)(C)C)CSi
CC(Si)Si(C(C)C)C(Si)C
CC(Si)Si(C(C)C)CCSi
CC(Si)Si(C)(C(C)C)CSi
CC(Si)Si(C)(C)C(C)(Si)C
CC(Si)Si(C)(C)C(C)CSi
CC(Si)Si(C)(C)CC(Si)C
CC(Si)Si(C)(C)CCCSi
CC(Si)Si(C)(C)SiC(C)C
CC(Si)Si(C)(Si)C(C)(C)C
CC(Si)Si(C)(Si)CC(C)C
CC(Si)Si(C)C(C)(C)CSi
CC(Si)Si(C)C(C)C(Si)C
CC(Si)Si(C)C(C)CCSi
CC(Si)Si(C)C(Si)C(C)C
CC(Si)Si(C)CC(C)(Si)C
CC(Si)Si(C)CC(C)CSi
CC(Si)Si(C)CCC(Si)C
CC(Si)Si(C)CCCCSi
CC(Si)Si(C)CSiC(C)C
CC(Si)Si(C)Si(C)C(C)C
CC(Si)Si(C)SiC(C)(C)C
CC(Si)Si(C)SiCC(C)C
CC(Si)Si(CSi)CC(C)C
CC(Si)Si(Si)C(C)C(C)C
CC(Si)Si(Si)CC(C)(C)C
CC(Si)Si(Si)CCC(C)C
CC(Si)SiC(C(C)C)CSi
CC(Si)SiC(C)(C)C(Si)C
CC(Si)SiC(C)(C)CCSi
CC(Si)SiC(C)(Si)C(C)C
CC(Si)SiC(C)C(C)(Si)C
CC(Si)SiC(C)C(C)CSi
CC(Si)SiC(C)CC(Si)C
CC(Si)SiC(C)CCCSi
CC(Si)SiC(C)SiC(C)C
CC(Si)SiC(CC)CCSi
CC(Si)SiC(Si)C(C)(C)C
CC(Si)SiC(Si)CC(C)C
CC(Si)SiCC(C)(C)CSi
CC(Si)SiCC(C)C(Si)C
CC(Si)SiCC(C)CCSi
CC(Si)SiCC(Si)C(C)C
CC(Si)SiCCC(C)(Si)C
CC(Si)SiCCC(C)CSi
CC(Si)SiCCCC(Si)C
CC(Si)SiCCCCCSi
CC(Si)SiCCSiC(C)C
CC(Si)SiCSi(C)C(C)C
CC(Si)SiCSiC(C)(C)C
CC(Si)SiCSiCC(C)C
CC(Si)SiSi(C)(C)C(C)C
CC(Si)SiSi(C)C(C)(C)C
CC(Si)SiSi(C)CC(C)C
CC(Si)SiSiC(C)C(C)C
CC(Si)SiSiCC(C)(C)C
CC(Si)SiSiCCC(C)C
CCC(C(C)(C)C)SiSiSi
CCC(C(C)(Si)C)(Si)CSi
CCC(C(C)(Si)C)C(Si)Si
CCC(C(C)(Si)C)CSiSi
CCC(C(C)(Si)C)SiCSi
CCC(C(C)C)(Si)CSiSi
CCC(C(C)C)(Si)SiCSi
CCC(C(C)C)(SiSi)CSi
CCC(C(C)C)C(Si)SiSi
CCC(C(C)C)CSi(Si)Si
CCC(C(C)C)CSiSiSi
CCC(C(C)C)Si(C)SiSi
CCC(C(C)C)Si(Si)CSi
CCC(C(C)C)SiC(Si)Si
CCC(C(C)C)SiCSiSi
CCC(C(C)C)SiSiCSi
CCC(C(Si)(Si)C)(Si)CC
CCC(C(Si)(Si)C)C(Si)C
CCC(C(Si)(Si)C)CCSi
CCC(C(Si)(Si)Si)C(C)C
CCC(C(Si)C)(Si)C(Si)C
CCC(C(Si)C)(Si)CCSi
CCC(C(Si)C)(SiSi)CC
CCC(C(Si)C)C(C)SiSi
CCC(C(Si)C)C(Si)CSi
CCC(C(Si)C)CC(Si)Si
CCC(C(Si)C)CCSiSi
CCC(C(Si)C)CSiCSi
CCC(C(Si)C)Si(C)CSi
CCC(C(Si)C)SiC(Si)C
CCC(C(Si)C)SiCCSi
CCC(C(Si)Si)(Si)C(C)C
CCC(C(Si)Si)C(C)CSi
CCC(C(Si)Si)C(Si)CC
CCC(C(Si)Si)CC(Si)C
CCC(C(Si)Si)CCCSi
CCC(C(Si)Si)SiC(C)C
CCC(C)(C(C)C)SiSiSi
CCC(C)(C(Si)(Si)C)CSi
CCC(C)(C(Si)(Si)Si)CC
CCC(C)(C(Si)C)CSiSi
CCC(C)(C(Si)C)SiCSi
CCC(C)(C(Si)Si)C(Si)C
CCC(C)(C(Si)Si)CCSi
CCC(C)(C)C(C)(Si)SiSi
CCC(C)(C)C(C)Si(Si)Si
CCC(C)(C)C(C)SiSiSi
CCC(C)(C)C(Si)(Si)CSi
CCC(C)(C)C(Si)C(Si)Si
CCC(C)(C)C(Si)CSiSi
CCC(C)(C)C(Si)SiCSi
CCC(C)(C)C(SiSi)CSi
CCC(C)(C)CC(Si)(Si)Si
CCC(C)(C)CC(Si)SiSi
CCC(C)(C)CCSi(Si)Si
CCC(C)(C)CCSiSiSi
CCC(C)(C)CSi(C)SiSi
CCC(C)(C)CSi(Si)CSi
CCC(C)(C)CSiC(Si)Si
CCC(C)(C)CSiCSiSi
CCC(C)(C)CSiSiCSi
CCC(C)(C)Si(C)(C)SiSi
CCC(C)(C)Si(C)(Si)CSi
CCC(C)(C)Si(C)C(Si)Si
CCC(C)(C)Si(C)CSiSi
CCC(C)(C)Si(C)SiCSi
CCC(C)(C)Si(CSi)CSi
CCC(C)(C)Si(Si)C(Si)C
CCC(C)(C)Si(Si)CCSi
CCC(C)(C)SiC(C)SiSi
CCC(C)(C)SiC(Si)(Si)C
CCC(C)(C)SiC(Si)CSi
CCC(C)(C)SiCC(Si)Si
CCC(C)(C)SiCCSiSi
CCC(C)(C)SiCSiCSi
CCC(C)(C)SiSi(C)CSi
CCC(C)(C)SiSiC(Si)C
CCC(C)(C)SiSiCCSi
CCC(C)(CC)C(Si)SiSi
CCC(C)(CC)CSi(Si)Si
CCC(C)(CC)CSiSiSi
CCC(C)(CC)Si(C)SiSi
CCC(C)(CC)Si(Si)CSi
CCC(C)(CC)SiC(Si)Si
CCC(C)(CC)SiCSiSi
CCC(C)(CC)SiSiCSi
CCC(C)(CSi)C(C)SiSi
CCC(C)(CSi)C(Si)CSi
CCC(C)(CSi)CC(Si)Si
CCC(C)(CSi)CCSiSi
CCC(C)(CSi)CSiCSi
CCC(C)(CSi)Si(C)CSi
CCC(C)(CSi)SiC(Si)C
CCC(C)(CSi)SiCCSi
CCC(C)(Si(Si)Si)C(C)C
CCC(C)(Si)C(C)(C)SiSi
CCC(C)(Si)C(C)(Si)CSi
CCC(C)(Si)C(C)C(Si)Si
CCC(C)(Si)C(C)CSiSi
CCC(C)(Si)C(C)SiCSi
CCC(C)(Si)C(CSi)CSi
CCC(C)(Si)C(Si)(Si)CC
CCC(C)(Si)C(Si)C(Si)C
CCC(C)(Si)C(Si)CCSi
CCC(C)(Si)CC(C)SiSi
CCC(C)(Si)CC(Si)(Si)C
CCC(C)(Si)CC(Si)CSi
CCC(C)(Si)CCC(Si)Si
CCC(C)(Si)CCCSiSi
CCC(C)(Si)CCSiCSi
CCC(C)(Si)CSi(C)CSi
CCC(C)(Si)CSiC(Si)C
CCC(C)(Si)CSiCCSi
CCC(C)(Si)Si(C)(C)CSi
CCC(C)(Si)Si(C)C(Si)C
CCC(C)(Si)Si(C)CCSi
CCC(C)(Si)Si(Si)C(C)C
CCC(C)(Si)SiC(C)(Si)C
CCC(C)(Si)SiC(C)CSi
CCC(C)(Si)SiCC(Si)C
CCC(C)(Si)SiCCCSi
CCC(C)(Si)SiSiC(C)C
CCC(C)(SiSi)C(C)(Si)C
CCC(C)(SiSi)C(C)CSi
CCC(C)(SiSi)CC(Si)C
CCC(C)(SiSi)CCCSi
CCC(C)(SiSi)SiC(C)C
CCC(C)C(C(Si)Si)CSi
CCC(C)C(C)(C)Si(Si)Si
CCC(C)C(C)(C)SiSiSi
CCC(C)C(C)(Si)C(Si)Si
CCC(C)C(C)(Si)CSiSi
CCC(C)C(C)(Si)SiCSi
CCC(C)C(C)(SiSi)CSi
CCC(C)C(C)C(Si)(Si)Si
CCC(C)C(C)C(Si)SiSi
CCC(C)C(C)CSi(Si)Si
CCC(C)C(C)CSiSiSi
CCC(C)C(C)Si(C)SiSi
CCC(C)C(C)Si(Si)CSi
CCC(C)C(C)SiC(Si)Si
CCC(C)C(C)SiCSiSi
CCC(C)C(C)SiSiCSi
CCC(C)C(CC)SiSiSi
CCC(C)C(CSi)(Si)CSi
CCC(C)C(CSi)CSiSi
CCC(C)C(CSi)SiCSi
CCC(C)C(Si(Si)Si)CC
CCC(C)C(Si)(Si)C(Si)C
CCC(C)C(Si)(Si)CCSi
CCC(C)C(Si)(SiSi)CC
CCC(C)C(Si)C(C)SiSi
CCC(C)C(Si)C(Si)(Si)C
CCC(C)C(Si)C(Si)CSi
CCC(C)C(Si)CC(Si)Si
CCC(C)C(Si)CCSiSi
CCC(C)C(Si)CSiCSi
CCC(C)C(Si)Si(C)CSi
CCC(C)C(Si)SiC(Si)C
CCC(C)C(Si)SiCCSi
CCC(C)C(SiC)CSiSi
CCC(C)C(SiC)SiCSi
CCC(C)C(SiSi)C(Si)C
CCC(C)C(SiSi)CCSi
CCC(C)CC(C)(Si)SiSi
CCC(C)CC(C)Si(Si)Si
CCC(C)CC(C)SiSiSi
CCC(C)CC(Si)(Si)CSi
CCC(C)CC(Si)C(Si)Si
CCC(C)CC(Si)CSiSi
CCC(C)CC(Si)SiCSi
CCC(C)CC(SiSi)CSi
CCC(C)CCC(Si)(Si)Si
CCC(C)CCC(Si)SiSi
CCC(C)CCCSi(Si)Si
CCC(C)CCCSiSiSi
CCC(C)CCSi(C)SiSi
CCC(C)CCSi(Si)CSi
CCC(C)CCSiC(Si)Si
CCC(C)CCSiCSiSi
CCC(C)CCSiSiCSi
CCC(C)CSi(C)(C)SiSi
CCC(C)CSi(C)(Si)CSi
CCC(C)CSi(C)C(Si)Si
CCC(C)CSi(C)CSiSi
CCC(C)CSi(C)SiCSi
CCC(C)CSi(CSi)CSi
CCC(C)CSi(Si)C(Si)C
CCC(C)CSi(Si)CCSi
CCC(C)CSiC(C)SiSi
CCC(C)CSiC(Si)(Si)C
CCC(C)CSiC(Si)CSi
CCC(C)CSiCC(Si)Si
CCC(C)CSiCCSiSi
CCC(C)CSiCSiCSi
CCC(C)CSiSi(C)CSi
CCC(C)CSiSiC(Si)C
CCC(C)CSiSiCCSi
CCC(C)Si(C(Si)C)CSi
CCC(C)Si(C)(C)C(Si)Si
CCC(C)Si(C)(C)CSiSi
CCC(C)Si(C)(C)SiCSi
CCC(C)Si(C)(CSi)CSi
CCC(C)Si(C)(Si)C(Si)C
CCC(C)Si(C)(Si)CCSi
CCC(C)Si(C)C(C)SiSi
CCC(C)Si(C)C(Si)(Si)C
CCC(C)Si(C)C(Si)CSi
CCC(C)Si(C)CC(Si)Si
CCC(C)Si(C)CCSiSi
CCC(C)Si(C)CSiCSi
CCC(C)Si(C)Si(C)CSi
CCC(C)Si(C)SiC(Si)C
CCC(C)Si(C)SiCCSi
CCC(C)Si(CC)CSiSi
CCC(C)Si(CC)SiCSi
CCC(C)Si(CSi)CCSi
CCC(C)Si(Si)(Si)C(C)C
CCC(C)Si(Si)C(C)(Si)C
CCC(C)Si(Si)C(C)CSi
CCC(C)Si(Si)CC(Si)C
CCC(C)Si(Si)CCCSi
CCC(C)Si(Si)SiC(C)C
CCC(C)Si(SiC)CCSi
CCC(C)Si(SiSi)C(C)C
CCC(C)SiC(C)(C)SiSi
CCC(C)SiC(C)(Si)CSi
CCC(C)SiC(C)C(Si)Si
CCC(C)SiC(C)CSiSi
CCC(C)SiC(C)SiCSi
CCC(C)SiC(CSi)CSi
CCC(C)SiC(Si)(Si)CC
CCC(C)SiC(Si)C(Si)C
CCC(C)SiC(Si)CCSi
CCC(C)SiCC(C)SiSi
CCC(C)SiCC(Si)(Si)C
CCC(C)SiCC(Si)CSi
CCC(C)SiCCC(Si)Si
CCC(C)SiCCCSiSi
CCC(C)SiCCSiCSi
CCC(C)SiCSi(C)CSi
CCC(C)SiCSiC(Si)C
CCC(C)SiCSiCCSi
CCC(C)SiSi(C)(C)CSi
CCC(C)SiSi(C)C(Si)C
CCC(C)SiSi(C)CCSi
CCC(C)SiSi(Si)C(C)C
CCC(C)SiSiC(C)(Si)C
CCC(C)SiSiC(C)CSi
CCC(C)SiSiCC(Si)C
CCC(C)SiSiCCCSi
CCC(C)SiSiSiC(C)C
CCC(CC)(CC)SiSiSi
CCC(CC)(CSi)CSiSi
CCC(CC)(CSi)SiCSi
CCC(CC)(Si(Si)Si)CC
CCC(CC)(Si)C(C)SiSi
CCC(CC)(Si)C(Si)CSi
CCC(CC)(Si)CC(Si)Si
CCC(CC)(Si)CCSiSi
CCC(CC)(Si)CSiCSi
CCC(CC)(Si)Si(C)CSi
CCC(CC)(Si)SiC(Si)C
CCC(CC)(Si)SiCCSi
CCC(CC)(SiSi)CCSi
CCC(CC)C(C)(Si)SiSi
CCC(CC)C(C)Si(Si)Si
CCC(CC)C(C)SiSiSi
CCC(CC)C(Si)(Si)CSi
CCC(CC)C(Si)C(Si)Si
CCC(CC)C(Si)CSiSi
CCC(CC)C(Si)SiCSi
CCC(CC)C(SiSi)CSi
CCC(CC)CC(Si)(Si)Si
CCC(CC)CC(Si)SiSi
CCC(CC)CCSi(Si)Si
CCC(CC)CCSiSiSi
CCC(CC)CSi(C)SiSi
CCC(CC)CSi(Si)CSi
CCC(CC)CSiC(Si)Si
CCC(CC)CSiCSiSi
CCC(CC)CSiSiCSi
CCC(CC)Si(C)(C)SiSi
CCC(CC)Si(C)(Si)CSi
CCC(CC)Si(C)C(Si)Si
CCC(CC)Si(C)CSiSi
CCC(CC)Si(C)SiCSi
CCC(CC)Si(CSi)CSi
CCC(CC)Si(Si)C(Si)C
CCC(CC)Si(Si)CCSi
CCC(CC)SiC(C)SiSi
CCC(CC)SiC(Si)(Si)C
CCC(CC)SiC(Si)CSi
CCC(CC)SiCC(Si)Si
CCC(CC)SiCCSiSi
CCC(CC)SiCSiCSi
CCC(CC)SiSi(C)CSi
CCC(CC)SiSiC(Si)C
CCC(CC)SiSiCCSi
CCC(CSi)(C(Si)C)CSi
CCC(CSi)(C(Si)Si)CC
CCC(CSi)(CSi)CCSi
CCC(CSi)(Si)C(C)CSi
CCC(CSi)(Si)CC(Si)C
CCC(CSi)(Si)CCCSi
CCC(CSi)(Si)SiC(C)C
CCC(CSi)C(C)(C)SiSi
CCC(CSi)C(C)(Si)CSi
CCC(CSi)C(C)C(Si)Si
CCC(CSi)C(C)CSiSi
CCC(CSi)C(C)SiCSi
CCC(CSi)C(CSi)CSi
CCC(CSi)C(Si)(Si)CC
CCC(CSi)C(Si)C(Si)C
CCC(CSi)C(Si)CCSi
CCC(CSi)C(SiSi)CC
CCC(CSi)CC(C)SiSi
CCC(CSi)CC(Si)(Si)C
CCC(CSi)CC(Si)CSi
CCC(CSi)CCC(Si)Si
CCC(CSi)CCCSiSi
CCC(CSi)CCSiCSi
CCC(CSi)CSi(C)CSi
CCC(CSi)CSiC(Si)C
CCC(CSi)CSiCCSi
CCC(CSi)Si(C)(C)CSi
CCC(CSi)Si(C)C(Si)C
CCC(CSi)Si(C)CCSi
CCC(CSi)Si(Si)C(C)C
CCC(CSi)SiC(C)(Si)C
CCC(CSi)SiC(C)CSi
CCC(CSi)SiCC(Si)C
CCC(CSi)SiCCCSi
CCC(CSi)SiSiC(C)C
CCC(Si(Si)Si)C(C)(C)C
CCC(Si(Si)Si)CC(C)C
CCC(Si)(Si)C(C)(C)CSi
CCC(Si)(Si)C(C)(Si)CC
CCC(Si)(Si)C(C)C(Si)C
CCC(Si)(Si)C(C)CCSi
CCC(Si)(Si)C(Si)C(C)C
CCC(Si)(Si)CC(C)(Si)C
CCC(Si)(Si)CC(C)CSi
CCC(Si)(Si)CCC(Si)C
CCC(Si)(Si)CCCCSi
CCC(Si)(Si)CSiC(C)C
CCC(Si)(Si)Si(C)C(C)C
CCC(Si)(Si)SiC(C)(C)C
CCC(Si)(Si)SiCC(C)C
CCC(Si)(SiSi)C(C)(C)C
CCC(Si)(SiSi)CC(C)C
CCC(Si)C(C(Si)C)CSi
CCC(Si)C(C)(C)C(Si)Si
CCC(Si)C(C)(C)CSiSi
CCC(Si)C(C)(C)SiCSi
CCC(Si)C(C)(CSi)CSi
CCC(Si)C(C)(Si)C(Si)C
CCC(Si)C(C)(Si)CCSi
CCC(Si)C(C)(SiSi)CC
CCC(Si)C(C)C(C)SiSi
CCC(Si)C(C)C(Si)(Si)C
CCC(Si)C(C)C(Si)CSi
CCC(Si)C(C)CC(Si)Si
CCC(Si)C(C)CCSiSi
CCC(Si)C(C)CSiCSi
CCC(Si)C(C)Si(C)CSi
CCC(Si)C(C)SiC(Si)C
CCC(Si)C(C)SiCCSi
CCC(Si)C(CC)CSiSi
CCC(Si)C(CC)SiCSi
CCC(Si)C(CSi)(Si)CC
CCC(Si)C(CSi)CCSi
CCC(Si)C(Si)(Si)C(C)C
CCC(Si)C(Si)C(C)(Si)C
CCC(Si)C(Si)C(C)CSi
CCC(Si)C(Si)C(Si)CC
CCC(Si)C(Si)CC(Si)C
CCC(Si)C(Si)CCCSi
CCC(Si)C(Si)SiC(C)C
CCC(Si)C(SiC)CCSi
CCC(Si)C(SiSi)C(C)C
CCC(Si)CC(C)(C)SiSi
CCC(Si)CC(C)(Si)CSi
CCC(Si)CC(C)C(Si)Si
CCC(Si)CC(C)CSiSi
CCC(Si)CC(C)SiCSi
CCC(Si)CC(CSi)CSi
CCC(Si)CC(Si)(Si)CC
CCC(Si)CC(Si)C(Si)C
CCC(Si)CC(Si)CCSi
CCC(Si)CCC(C)SiSi
CCC(Si)CCC(Si)(Si)C
CCC(Si)CCC(Si)CSi
CCC(Si)CCCC(Si)Si
CCC(Si)CCCCSiSi
CCC(Si)CCCSiCSi
CCC(Si)CCSi(C)CSi
CCC(Si)CCSiC(Si)C
CCC(Si)CCSiCCSi
CCC(Si)CSi(C)(C)CSi
CCC(Si)CSi(C)C(Si)C
CCC(Si)CSi(C)CCSi
CCC(Si)CSi(Si)C(C)C
CCC(Si)CSiC(C)(Si)C
CCC(Si)CSiC(C)CSi
CCC(Si)CSiCC(Si)C
CCC(Si)CSiCCCSi
CCC(Si)CSiSiC(C)C
CCC(Si)Si(C(C)C)CSi
CCC(Si)Si(C)(C)C(Si)C
CCC(Si)Si(C)(C)CCSi
CCC(Si)Si(C)(Si)C(C)C
CCC(Si)Si(C)C(C)(Si)C
CCC(Si)Si(C)C(C)CSi
CCC(Si)Si(C)C(Si)CC
CCC(Si)Si(C)CC(Si)C
CCC(Si)Si(C)CCCSi
CCC(Si)Si(C)SiC(C)C
CCC(Si)Si(CC)CCSi
CCC(Si)Si(Si)C(C)(C)C
CCC(Si)Si(Si)C(C)CC
CCC(Si)Si(Si)CC(C)C
CCC(Si)SiC(C)(C)CSi
CCC(Si)SiC(C)(Si)CC
CCC(Si)SiC(C)C(Si)C
CCC(Si)SiC(C)CCSi
CCC(Si)SiC(CSi)CC
CCC(Si)SiC(Si)C(C)C
CCC(Si)SiCC(C)(Si)C
CCC(Si)SiCC(C)CSi
CCC(Si)SiCC(Si)CC
CCC(Si)SiCCC(Si)C
CCC(Si)SiCCCCSi
CCC(Si)SiCSiC(C)C
CCC(Si)SiSi(C)C(C)C
CCC(Si)SiSiC(C)(C)C
CCC(Si)SiSiC(C)CC
CCC(Si)SiSiCC(C)C
CCC(SiSi)C(C)(C)CSi
CCC(SiSi)C(C)(Si)CC
CCC(SiSi)C(C)C(Si)C
CCC(SiSi)C(C)CCSi
CCC(SiSi)C(Si)C(C)C
CCC(SiSi)CC(C)(Si)C
CCC(SiSi)CC(C)CSi
CCC(SiSi)CC(Si)CC
CCC(SiSi)CCC(Si)C
CCC(SiSi)CCCCSi
CCC(SiSi)CSiC(C)C
CCC(SiSi)Si(C)C(C)C
CCC(SiSi)SiC(C)(C)C
CCC(SiSi)SiC(C)CC
CCC(SiSi)SiCC(C)C
CCCC(C(C)C)SiSiSi
CCCC(C(Si)(Si)C)CSi
CCCC(C(Si)(Si)Si)CC
CCCC(C(Si)C)(Si)CSi
CCCC(C(Si)C)CSiSi
CCCC(C(Si)C)SiCSi
CCCC(C(Si)Si)(Si)CC
CCCC(C(Si)Si)C(Si)C
CCCC(C(Si)Si)CCSi
CCCC(C)(C(Si)Si)CSi
CCCC(C)(C)C(Si)(Si)Si
CCCC(C)(C)C(Si)SiSi
CCCC(C)(C)CSi(Si)Si
CCCC(C)(C)CSiSiSi
CCCC(C)(C)Si(C)SiSi
CCCC(C)(C)Si(Si)CSi
CCCC(C)(C)SiC(Si)Si
CCCC(C)(C)SiCSiSi
CCCC(C)(C)SiSiCSi
CCCC(C)(CC)SiSiSi
CCCC(C)(CSi)CSiSi
CCCC(C)(CSi)SiCSi
CCCC(C)(Si(Si)Si)CC
CCCC(C)(Si)C(C)SiSi
CCCC(C)(Si)C(Si)(Si)C
CCCC(C)(Si)C(Si)CSi
CCCC(C)(Si)CC(Si)Si
CCCC(C)(Si)CCSiSi
CCCC(C)(Si)CSiCSi
CCCC(C)(Si)Si(C)CSi
CCCC(C)(Si)SiC(Si)C
CCCC(C)(Si)SiCCSi
CCCC(C)(SiC)CSiSi
CCCC(C)(SiC)SiCSi
CCCC(C)(SiSi)C(Si)C
CCCC(C)(SiSi)CCSi
CCCC(C)C(C)(Si)SiSi
CCCC(C)C(C)Si(Si)Si
CCCC(C)C(C)SiSiSi
CCCC(C)C(Si)(Si)CSi
CCCC(C)C(Si)C(Si)Si
CCCC(C)C(Si)CSiSi
CCCC(C)C(Si)SiCSi
CCCC(C)C(SiSi)CSi
CCCC(C)CC(Si)(Si)Si
CCCC(C)CC(Si)SiSi
CCCC(C)CCSi(Si)Si
CCCC(C)CCSiSiSi
CCCC(C)CSi(C)SiSi
CCCC(C)CSi(Si)CSi
CCCC(C)CSiC(Si)Si
CCCC(C)CSiCSiSi
CCCC(C)CSiSiCSi
CCCC(C)Si(C)(C)SiSi
CCCC(C)Si(C)(Si)CSi
CCCC(C)Si(C)C(Si)Si
CCCC(C)Si(C)CSiSi
CCCC(C)Si(C)SiCSi
CCCC(C)Si(CSi)CSi
CCCC(C)Si(Si)C(Si)C
CCCC(C)Si(Si)CCSi
CCCC(C)SiC(C)SiSi
CCCC(C)SiC(Si)(Si)C
CCCC(C)SiC(Si)CSi
CCCC(C)SiCC(Si)Si
CCCC(C)SiCCSiSi
CCCC(C)SiCSiCSi
CCCC(C)SiSi(C)CSi
CCCC(C)SiSiC(Si)C
CCCC(C)SiSiCCSi
CCCC(CC)(Si)CSiSi
CCCC(CC)(Si)SiCSi
CCCC(CC)C(Si)SiSi
CCCC(CC)CSi(Si)Si
CCCC(CC)CSiSiSi
CCCC(CC)Si(C)SiSi
CCCC(CC)Si(Si)CSi
CCCC(CC)SiC(Si)Si
CCCC(CC)SiCSiSi
CCCC(CC)SiSiCSi
CCCC(CSi)(CSi)CSi
CCCC(CSi)(Si)CCSi
CCCC(CSi)(SiSi)CC
CCCC(CSi)C(C)SiSi
CCCC(CSi)C(Si)CSi
CCCC(CSi)CC(Si)Si
CCCC(CSi)CCSiSi
CCCC(CSi)CSiCSi
CCCC(CSi)Si(C)CSi
CCCC(CSi)SiC(Si)C
CCCC(CSi)SiCCSi
CCCC(CSiSi)CCSi
CCCC(Si(C)C)CSiSi
CCCC(Si(C)C)SiCSi
CCCC(Si(Si)C)CCSi
CCCC(Si(Si)Si)C(C)C
CCCC(Si(Si)Si)CCC
CCCC(Si)(Si)C(C)(Si)C
CCCC(Si)(Si)C(C)CSi
CCCC(Si)(Si)C(Si)CC
CCCC(Si)(Si)CC(Si)C
CCCC(Si)(Si)CCCSi
CCCC(Si)(Si)SiC(C)C
CCCC(Si)(SiC)CCSi
CCCC(Si)(SiSi)C(C)C
CCCC(Si)(SiSi)CCC
CCCC(Si)C(C)(C)SiSi
CCCC(Si)C(C)(Si)CSi
CCCC(Si)C(C)C(Si)Si
CCCC(Si)C(C)CSiSi
CCCC(Si)C(C)SiCSi
CCCC(Si)C(CSi)CSi
CCCC(Si)C(Si)(Si)CC
CCCC(Si)C(Si)C(Si)C
CCCC(Si)C(Si)CCSi
CCCC(Si)C(SiSi)CC
CCCC(Si)CC(C)SiSi
CCCC(Si)CC(Si)(Si)C
CCCC(Si)CC(Si)CSi
CCCC(Si)CCC(Si)Si
CCCC(Si)CCCSiSi
CCCC(Si)CCSiCSi
CCCC(Si)CSi(C)CSi
CCCC(Si)CSiC(Si)C
CCCC(Si)CSiCCSi
CCCC(Si)Si(C)(C)CSi
CCCC(Si)Si(C)C(Si)C
CCCC(Si)Si(C)CCSi
CCCC(Si)Si(Si)C(C)C
CCCC(Si)SiC(C)(Si)C
CCCC(Si)SiC(C)CSi
CCCC(Si)SiC(Si)CC
CCCC(Si)SiCC(Si)C
CCCC(Si)SiCCCSi
CCCC(Si)SiSiC(C)C
CCCC(SiC)C(C)SiSi
CCCC(SiC)C(Si)CSi
CCCC(SiC)CC(Si)Si
CCCC(SiC)CCSiSi
CCCC(SiC)CSiCSi
CCCC(SiC)Si(C)CSi
CCCC(SiC)SiC(Si)C
CCCC(SiC)SiCCSi
CCCC(SiCSi)CCSi
CCCC(SiSi)C(C)(Si)C
CCCC(SiSi)C(C)CSi
CCCC(SiSi)C(Si)CC
CCCC(SiSi)CC(Si)C
CCCC(SiSi)CCCSi
CCCC(SiSi)SiC(C)C
CCCC(SiSiSi)CCC
CCCCC(C(Si)Si)CSi
CCCCC(C)(C)Si(Si)Si
CCCCC(C)(C)SiSiSi
CCCCC(C)(Si)C(Si)Si
CCCCC(C)(Si)CSiSi
CCCCC(C)(Si)SiCSi
CCCCC(C)(SiSi)CSi
CCCCC(C)C(Si)(Si)Si
CCCCC(C)C(Si)SiSi
CCCCC(C)CSi(Si)Si
CCCCC(C)CSiSiSi
CCCCC(C)Si(C)SiSi
CCCCC(C)Si(Si)CSi
CCCCC(C)SiC(Si)Si
CCCCC(C)SiCSiSi
CCCCC(C)SiSiCSi
CCCCC(CC)SiSiSi
CCCCC(CSi)(Si)CSi
CCCCC(CSi)CSiSi
CCCCC(CSi)SiCSi
CCCCC(Si(Si)Si)CC
CCCCC(Si)(Si)C(Si)C
CCCCC(Si)(Si)CCSi
CCCCC(Si)(SiSi)CC
CCCCC(Si)C(C)SiSi
CCCCC(Si)C(Si)(Si)C
CCCCC(Si)C(Si)CSi
CCCCC(Si)CC(Si)Si
CCCCC(Si)CCSiSi
CCCCC(Si)CSiCSi
CCCCC(Si)Si(C)CSi
CCCCC(Si)SiC(Si)C
CCCCC(Si)SiCCSi
CCCCC(SiC)CSiSi
CCCCC(SiC)SiCSi
CCCCC(SiSi)C(Si)C
CCCCC(SiSi)CCSi
CCCCCC(C)(Si)SiSi
CCCCCC(C)Si(Si)Si
CCCCCC(C)SiSiSi
CCCCCC(Si)(Si)CSi
CCCCCC(Si)C(Si)Si
CCCCCC(Si)CSiSi
CCCCCC(Si)SiCSi
CCCCCC(SiSi)CSi
CCCCCCC(Si)(Si)Si
CCCCCCC(Si)SiSi
CCCCCCCSi(Si)Si
CCCCCCCSiSiSi
CCCCCCSi(C)SiSi
CCCCCCSi(Si)CSi
CCCCCCSiC(Si)Si
CCCCCCSiCSiSi
CCCCCCSiSiCSi
CCCCCSi(C)(C)SiSi
CCCCCSi(C)(Si)CSi
CCCCCSi(C)C(Si)Si
CCCCCSi(C)CSiSi
CCCCCSi(C)SiCSi
CCCCCSi(CSi)CSi
CCCCCSi(Si)C(Si)C
CCCCCSi(Si)CCSi
CCCCCSiC(C)SiSi
CCCCCSiC(Si)(Si)C
CCCCCSiC(Si)CSi
CCCCCSiCC(Si)Si
CCCCCSiCCSiSi
CCCCCSiCSiCSi
CCCCCSiSi(C)CSi
CCCCCSiSiC(Si)C
CCCCCSiSiCCSi
CCCCSi(C(Si)C)CSi
CCCCSi(C)(C)C(Si)Si
CCCCSi(C)(C)CSiSi
CCCCSi(C)(C)SiCSi
CCCCSi(C)(CSi)CSi
CCCCSi(C)(Si)C(Si)C
CCCCSi(C)(Si)CCSi
CCCCSi(C)C(C)SiSi
CCCCSi(C)C(Si)(Si)C
CCCCSi(C)C(Si)CSi
CCCCSi(C)CC(Si)Si
CCCCSi(C)CCSiSi
CCCCSi(C)CSiCSi
CCCCSi(C)Si(C)CSi
CCCCSi(C)SiC(Si)C
CCCCSi(C)SiCCSi
CCCCSi(CC)CSiSi
CCCCSi(CC)SiCSi
CCCCSi(CSi)CCSi
CCCCSi(Si)(Si)C(C)C
CCCCSi(Si)C(C)(Si)C
CCCCSi(Si)C(C)CSi
CCCCSi(Si)C(Si)CC
CCCCSi(Si)CC(Si)C
CCCCSi(Si)CCCSi
CCCCSi(Si)SiC(C)C
CCCCSi(SiC)CCSi
CCCCSi(SiSi)C(C)C
CCCCSiC(C)(C)SiSi
CCCCSiC(C)(Si)CSi
CCCCSiC(C)C(Si)Si
CCCCSiC(C)CSiSi
CCCCSiC(C)SiCSi
CCCCSiC(CSi)CSi
CCCCSiC(Si)(Si)CC
CCCCSiC(Si)C(Si)C
CCCCSiC(Si)CCSi
CCCCSiC(SiSi)CC
CCCCSiCC(C)SiSi
CCCCSiCC(Si)(Si)C
CCCCSiCC(Si)CSi
CCCCSiCCC(Si)Si
CCCCSiCCCSiSi
CCCCSiCCSiCSi
CCCCSiCSi(C)CSi
CCCCSiCSiC(Si)C
CCCCSiCSiCCSi
CCCCSiSi(C)(C)CSi
CCCCSiSi(C)C(Si)C
CCCCSiSi(C)CCSi
CCCCSiSi(Si)C(C)C
CCCCSiSiC(C)(Si)C
CCCCSiSiC(C)CSi
CCCCSiSiC(Si)CC
CCCCSiSiCC(Si)C
CCCCSiSiCCCSi
CCCCSiSiSiC(C)C
CCCSi(C(C)(Si)C)CSi
CCCSi(C(C)C)(Si)CSi
CCCSi(C(C)C)C(Si)Si
CCCSi(C(C)C)CSiSi
CCCSi(C(C)C)SiCSi
CCCSi(C(Si)C)C(Si)C
CCCSi(C(Si)C)CCSi
CCCSi(C(Si)Si)CCC
CCCSi(C)(C(Si)C)CSi
CCCSi(C)(C)C(C)SiSi
CCCSi(C)(C)C(Si)(Si)C
CCCSi(C)(C)C(Si)CSi
CCCSi(C)(C)CC(Si)Si
CCCSi(C)(C)CCSiSi
CCCSi(C)(C)CSiCSi
CCCSi(C)(C)Si(C)CSi
CCCSi(C)(C)SiC(Si)C
CCCSi(C)(C)SiCCSi
CCCSi(C)(CC)CSiSi
CCCSi(C)(CC)SiCSi
CCCSi(C)(CSi)CCSi
CCCSi(C)(Si)C(C)(Si)C
CCCSi(C)(Si)C(C)CSi
CCCSi(C)(Si)C(Si)CC
CCCSi(C)(Si)CC(Si)C
CCCSi(C)(Si)CCCSi
CCCSi(C)(Si)SiC(C)C
CCCSi(C)(SiC)CCSi
CCCSi(C)(SiSi)C(C)C
CCCSi(C)(SiSi)CCC
CCCSi(C)C(C)(C)SiSi
CCCSi(C)C(C)(Si)CSi
CCCSi(C)C(C)C(Si)Si
CCCSi(C)C(C)CSiSi
CCCSi(C)C(C)SiCSi
CCCSi(C)C(CSi)CSi
CCCSi(C)C(Si)(Si)CC
CCCSi(C)C(Si)C(Si)C
CCCSi(C)C(Si)CCSi
CCCSi(C)C(SiSi)CC
CCCSi(C)CC(C)SiSi
CCCSi(C)CC(Si)(Si)C
CCCSi(C)CC(Si)CSi
CCCSi(C)CCC(Si)Si
CCCSi(C)CCCSiSi
CCCSi(C)CCSiCSi
CCCSi(C)CSi(C)CSi
CCCSi(C)CSiC(Si)C
CCCSi(C)CSiCCSi
CCCSi(C)Si(C)(C)CSi
CCCSi(C)Si(C)C(Si)C
CCCSi(C)Si(C)CCSi
CCCSi(C)Si(Si)C(C)C
CCCSi(C)SiC(C)(Si)C
CCCSi(C)SiC(C)CSi
CCCSi(C)SiC(Si)CC
CCCSi(C)SiCC(Si)C
CCCSi(C)SiCCCSi
CCCSi(C)SiSiC(C)C
CCCSi(CC)(Si)CCSi
CCCSi(CC)C(C)SiSi
CCCSi(CC)C(Si)CSi
CCCSi(CC)CC(Si)Si
CCCSi(CC)CCSiSi
CCCSi(CC)CSiCSi
CCCSi(CC)Si(C)CSi
CCCSi(CC)SiC(Si)C
CCCSi(CC)SiCCSi
CCCSi(CCC)CSiSi
CCCSi(CCSi)CCSi
CCCSi(CSi)(Si)CCC
CCCSi(CSi)C(C)CSi
CCCSi(CSi)C(Si)CC
CCCSi(CSi)CC(Si)C
CCCSi(CSi)CCCSi
CCCSi(CSi)SiC(C)C
CCCSi(Si(C)C)CCSi
CCCSi(Si(Si)C)CCC
CCCSi(Si)(Si)C(C)(C)C
CCCSi(Si)(Si)C(C)CC
CCCSi(Si)(Si)CC(C)C
CCCSi(Si)(Si)CCCC
CCCSi(Si)(SiC)CCC
CCCSi(Si)C(C)(C)CSi
CCCSi(Si)C(C)(Si)CC
CCCSi(Si)C(C)C(Si)C
CCCSi(Si)C(C)CCSi
CCCSi(Si)C(CSi)CC
CCCSi(Si)C(Si)C(C)C
CCCSi(Si)C(Si)CCC
CCCSi(Si)CC(C)(Si)C
CCCSi(Si)CC(C)CSi
CCCSi(Si)CC(Si)CC
CCCSi(Si)CCC(Si)C
CCCSi(Si)CCCCSi
CCCSi(Si)CSiC(C)C
CCCSi(Si)Si(C)C(C)C
CCCSi(Si)Si(C)CCC
CCCSi(Si)SiC(C)(C)C
CCCSi(Si)SiC(C)CC
CCCSi(Si)SiCC(C)C
CCCSi(Si)SiCCCC
CCCSi(SiC)C(C)CSi
CCCSi(SiC)C(Si)CC
CCCSi(SiC)CC(Si)C
CCCSi(SiC)CCCSi
CCCSi(SiC)SiC(C)C
CCCSi(SiCSi)CCC
CCCSi(SiSi)C(C)(C)C
CCCSi(SiSi)C(C)CC
CCCSi(SiSi)CC(C)C
CCCSi(SiSi)CCCC
CCCSiC(C(Si)C)CSi
CCCSiC(C(Si)Si)CC
CCCSiC(C)(C)C(Si)Si
CCCSiC(C)(C)CSiSi
CCCSiC(C)(C)SiCSi
CCCSiC(C)(CSi)CSi
CCCSiC(C)(Si)C(Si)C
CCCSiC(C)(Si)CCSi
CCCSiC(C)(SiSi)CC
CCCSiC(C)C(C)SiSi
CCCSiC(C)C(Si)(Si)C
CCCSiC(C)C(Si)CSi
CCCSiC(C)CC(Si)Si
CCCSiC(C)CCSiSi
CCCSiC(C)CSiCSi
CCCSiC(C)Si(C)CSi
CCCSiC(C)SiC(Si)C
CCCSiC(C)SiCCSi
CCCSiC(CC)CSiSi
CCCSiC(CC)SiCSi
CCCSiC(CSi)(Si)CC
CCCSiC(CSi)CCSi
CCCSiC(Si)(Si)C(C)C
CCCSiC(Si)(Si)CCC
CCCSiC(Si)C(C)(Si)C
CCCSiC(Si)C(C)CSi
CCCSiC(Si)C(Si)CC
CCCSiC(Si)CC(Si)C
CCCSiC(Si)CCCSi
CCCSiC(Si)SiC(C)C
CCCSiC(Si)SiCCC
CCCSiC(SiC)CCSi
CCCSiC(SiSi)C(C)C
CCCSiC(SiSi)CCC
CCCSiCC(C)(C)SiSi
CCCSiCC(C)(Si)CSi
CCCSiCC(C)C(Si)Si
CCCSiCC(C)CSiSi
CCCSiCC(C)SiCSi
CCCSiCC(CSi)CSi
CCCSiCC(Si)(Si)CC
CCCSiCC(Si)C(Si)C
CCCSiCC(Si)CCSi
CCCSiCC(SiSi)CC
CCCSiCCC(C)SiSi
CCCSiCCC(Si)(Si)C
CCCSiCCC(Si)CSi
CCCSiCCCC(Si)Si
CCCSiCCCCSiSi
CCCSiCCCSiCSi
CCCSiCCSi(C)CSi
CCCSiCCSiC(Si)C
CCCSiCCSiCCSi
CCCSiCSi(C)(C)CSi
CCCSiCSi(C)C(Si)C
CCCSiCSi(C)CCSi
CCCSiCSi(Si)C(C)C
CCCSiCSi(Si)CCC
CCCSiCSiC(C)(Si)C
CCCSiCSiC(C)CSi
CCCSiCSiC(Si)CC
CCCSiCSiCC(Si)C
CCCSiCSiCCCSi
CCCSiCSiSiC(C)C
CCCSiSi(C(C)C)CSi
CCCSiSi(C)(C)C(Si)C
CCCSiSi(C)(C)CCSi
CCCSiSi(C)(Si)C(C)C
CCCSiSi(C)(Si)CCC
CCCSiSi(C)C(C)(Si)C
CCCSiSi(C)C(C)CSi
CCCSiSi(C)C(Si)CC
CCCSiSi(C)CC(Si)C
CCCSiSi(C)CCCSi
CCCSiSi(C)SiC(C)C
CCCSiSi(C)SiCCC
CCCSiSi(CC)CCSi
CCCSiSi(CSi)CCC
CCCSiSi(Si)C(C)(C)C
CCCSiSi(Si)C(C)CC
CCCSiSi(Si)CC(C)C
CCCSiSi(Si)CCCC
CCCSiSi(SiC)CCC
CCCSiSiC(C)(C)CSi
CCCSiSiC(C)(Si)CC
CCCSiSiC(C)C(Si)C
CCCSiSiC(C)CCSi
CCCSiSiC(CSi)CC
CCCSiSiC(Si)C(C)C
CCCSiSiC(Si)CCC
CCCSiSiCC(C)(Si)C
CCCSiSiCC(C)CSi
CCCSiSiCC(Si)CC
CCCSiSiCCC(Si)C
CCCSiSiCCCCSi
CCCSiSiCSiC(C)C
CCCSiSiCSiCCC
CCCSiSiSi(C)C(C)C
CCCSiSiSi(C)CCC
CCCSiSiSiC(C)(C)C
CCCSiSiSiC(C)CC
CCCSiSiSiCC(C)C
CCCSiSiSiCCCC
CCSi(C(C)(C)C)(Si)CSi
CCSi(C(C)(C)C)C(Si)Si
CCSi(C(C)(C)C)CSiSi
CCSi(C(C)(C)C)SiCSi
CCSi(C(C)(Si)C)(Si)CC
CCSi(C(C)(Si)C)C(Si)C
CCSi(C(C)(Si)C)CCSi
CCSi(C(C)C)(Si)C(Si)C
CCSi(C(C)C)(Si)CCSi
CCSi(C(C)C)(SiSi)CC
CCSi(C(C)C)C(C)SiSi
CCSi(C(C)C)C(Si)CSi
CCSi(C(C)C)CC(Si)Si
CCSi(C(C)C)CCSiSi
CCSi(C(C)C)CSiCSi
CCSi(C(C)C)Si(C)CSi
CCSi(C(C)C)SiC(Si)C
CCSi(C(C)C)SiCCSi
CCSi(C(Si)(Si)C)C(C)C
CCSi(C(Si)(Si)C)CCC
CCSi(C(Si)C)(Si)CCC
CCSi(C(Si)C)C(C)CSi
CCSi(C(Si)C)C(Si)CC
CCSi(C(Si)C)CC(Si)C
CCSi(C(Si)C)CCCSi
CCSi(C(Si)C)Si(C)CC
CCSi(C(Si)C)SiC(C)C
CCSi(C(Si)C)SiCCC
CCSi(C(Si)Si)C(C)CC
CCSi(C(Si)Si)CC(C)C
CCSi(C(Si)Si)CCCC
CCSi(C)(C(C)(Si)C)CSi
CCSi(C)(C(C)C)C(Si)Si
CCSi(C)(C(C)C)CSiSi
CCSi(C)(C(C)C)SiCSi
CCSi(C)(C(Si)(Si)C)CC
CCSi(C)(C(Si)C)C(Si)C
CCSi(C)(C(Si)C)CCSi
CCSi(C)(C(Si)Si)CCC
CCSi(C)(C)C(C)(C)SiSi
CCSi(C)(C)C(C)(Si)CSi
CCSi(C)(C)C(C)C(Si)Si
CCSi(C)(C)C(C)CSiSi
CCSi(C)(C)C(C)SiCSi
CCSi(C)(C)C(CSi)CSi
CCSi(C)(C)C(Si)(Si)CC
CCSi(C)(C)C(Si)C(Si)C
CCSi(C)(C)C(Si)CCSi
CCSi(C)(C)C(SiSi)CC
CCSi(C)(C)CC(C)SiSi
CCSi(C)(C)CC(Si)(Si)C
CCSi(C)(C)CC(Si)CSi
CCSi(C)(C)CCC(Si)Si
CCSi(C)(C)CCCSiSi
CCSi(C)(C)CCSiCSi
CCSi(C)(C)CSi(C)CSi
CCSi(C)(C)CSiC(Si)C
CCSi(C)(C)CSiCCSi
CCSi(C)(C)Si(C)(C)CSi
CCSi(C)(C)Si(C)C(Si)C
CCSi(C)(C)Si(C)CCSi
CCSi(C)(C)Si(Si)C(C)C
CCSi(C)(C)Si(Si)CCC
CCSi(C)(C)SiC(C)(Si)C
CCSi(C)(C)SiC(C)CSi
CCSi(C)(C)SiC(Si)CC
CCSi(C)(C)SiCC(Si)C
CCSi(C)(C)SiCCCSi
CCSi(C)(C)SiSiC(C)C
CCSi(C)(C)SiSiCCC
CCSi(C)(CC)C(C)SiSi
CCSi(C)(CC)C(Si)CSi
CCSi(C)(CC)CC(Si)Si
CCSi(C)(CC)CCSiSi
CCSi(C)(CC)CSiCSi
CCSi(C)(CC)Si(C)CSi
CCSi(C)(CC)SiC(Si)C
CCSi(C)(CC)SiCCSi
CCSi(C)(CSi)C(C)CSi
CCSi(C)(CSi)C(Si)CC
CCSi(C)(CSi)CC(Si)C
CCSi(C)(CSi)CCCSi
CCSi(C)(CSi)SiC(C)C
CCSi(C)(CSi)SiCCC
CCSi(C)(Si)C(C)(C)CSi
CCSi(C)(Si)C(C)(Si)CC
CCSi(C)(Si)C(C)C(Si)C
CCSi(C)(Si)C(C)CCSi
CCSi(C)(Si)C(CSi)CC
CCSi(C)(Si)C(Si)C(C)C
CCSi(C)(Si)C(Si)CCC
CCSi(C)(Si)CC(C)(Si)C
CCSi(C)(Si)CC(C)CSi
CCSi(C)(Si)CC(Si)CC
CCSi(C)(Si)CCC(Si)C
CCSi(C)(Si)CCCCSi
CCSi(C)(Si)CSiC(C)C
CCSi(C)(Si)CSiCCC
CCSi(C)(Si)Si(C)(C)CC
CCSi(C)(Si)Si(C)C(C)C
CCSi(C)(Si)Si(C)CCC
CCSi(C)(Si)SiC(C)(C)C
CCSi(C)(Si)SiC(C)CC
CCSi(C)(Si)SiCC(C)C
CCSi(C)(Si)SiCCCC
CCSi(C)(SiSi)C(C)(C)C
CCSi(C)(SiSi)C(C)CC
CCSi(C)(SiSi)CC(C)C
CCSi(C)(SiSi)CCCC
CCSi(C)C(C(Si)C)CSi
CCSi(C)C(C(Si)Si)CC
CCSi(C)C(C)(C)C(Si)Si
CCSi(C)C(C)(C)CSiSi
CCSi(C)C(C)(C)SiCSi
CCSi(C)C(C)(CSi)CSi
CCSi(C)C(C)(Si)C(Si)C
CCSi(C)C(C)(Si)CCSi
CCSi(C)C(C)(SiSi)CC
CCSi(C)C(C)C(C)SiSi
CCSi(C)C(C)C(Si)(Si)C
CCSi(C)C(C)C(Si)CSi
CCSi(C)C(C)CC(Si)Si
CCSi(C)C(C)CCSiSi
CCSi(C)C(C)CSiCSi
CCSi(C)C(C)Si(C)CSi
CCSi(C)C(C)Si(Si)CC
CCSi(C)C(C)SiC(Si)C
CCSi(C)C(C)SiCCSi
CCSi(C)C(CC)CSiSi
CCSi(C)C(CC)SiCSi
CCSi(C)C(CSi)(Si)CC
CCSi(C)C(CSi)CCSi
CCSi(C)C(Si)(Si)C(C)C
CCSi(C)C(Si)(Si)CCC
CCSi(C)C(Si)C(C)(Si)C
CCSi(C)C(Si)C(C)CSi
CCSi(C)C(Si)C(Si)CC
CCSi(C)C(Si)CC(Si)C
CCSi(C)C(Si)CCCSi
CCSi(C)C(Si)Si(C)CC
CCSi(C)C(Si)SiC(C)C
CCSi(C)C(Si)SiCCC
CCSi(C)C(SiC)CCSi
CCSi(C)C(SiSi)C(C)C
CCSi(C)C(SiSi)CCC
CCSi(C)CC(C)(C)SiSi
CCSi(C)CC(C)(Si)CSi
CCSi(C)CC(C)C(Si)Si
CCSi(C)CC(C)CSiSi
CCSi(C)CC(C)SiCSi
CCSi(C)CC(CSi)CSi
CCSi(C)CC(Si)(Si)CC
CCSi(C)CC(Si)C(Si)C
CCSi(C)CC(Si)CCSi
CCSi(C)CC(SiSi)CC
CCSi(C)CCC(C)SiSi
CCSi(C)CCC(Si)(Si)C
CCSi(C)CCC(Si)CSi
CCSi(C)CCCC(Si)Si
CCSi(C)CCCCSiSi
CCSi(C)CCCSiCSi
CCSi(C)CCSi(C)CSi
CCSi(C)CCSi(Si)CC
CCSi(C)CCSiC(Si)C
CCSi(C)CCSiCCSi
CCSi(C)CSi(C)(C)CSi
CCSi(C)CSi(C)(Si)CC
CCSi(C)CSi(C)C(Si)C
CCSi(C)CSi(C)CCSi
CCSi(C)CSi(Si)C(C)C
CCSi(C)CSi(Si)CCC
CCSi(C)CSiC(C)(Si)C
CCSi(C)CSiC(C)CSi
CCSi(C)CSiC(Si)CC
CCSi(C)CSiCC(Si)C
CCSi(C)CSiCCCSi
CCSi(C)CSiSi(C)CC
CCSi(C)CSiSiC(C)C
CCSi(C)CSiSiCCC
CCSi(C)Si(C(C)C)CSi
CCSi(C)Si(C)(C)C(Si)C
CCSi(C)Si(C)(C)CCSi
CCSi(C)Si(C)(CC)CSi
CCSi(C)Si(C)(Si)C(C)C
CCSi(C)Si(C)(Si)CCC
CCSi(C)Si(C)C(C)(Si)C
CCSi(C)Si(C)C(C)CSi
CCSi(C)Si(C)C(Si)CC
CCSi(C)Si(C)CC(Si)C
CCSi(C)Si(C)CCCSi
CCSi(C)Si(C)Si(C)CC
CCSi(C)Si(C)SiC(C)C
CCSi(C)Si(C)SiCCC
CCSi(C)Si(CC)(Si)CC
CCSi(C)Si(CC)CCSi
CCSi(C)Si(CSi)CCC
CCSi(C)Si(Si)C(C)(C)C
CCSi(C)Si(Si)C(C)CC
CCSi(C)Si(Si)CC(C)C
CCSi(C)Si(Si)CCCC
CCSi(C)Si(SiC)CCC
CCSi(C)SiC(C)(C)CSi
CCSi(C)SiC(C)(Si)CC
CCSi(C)SiC(C)C(Si)C
CCSi(C)SiC(C)CCSi
CCSi(C)SiC(CSi)CC
CCSi(C)SiC(Si)C(C)C
CCSi(C)SiC(Si)CCC
CCSi(C)SiCC(C)(Si)C
CCSi(C)SiCC(C)CSi
CCSi(C)SiCC(Si)CC
CCSi(C)SiCCC(Si)C
CCSi(C)SiCCCCSi
CCSi(C)SiCSiC(C)C
CCSi(C)SiCSiCCC
CCSi(C)SiSi(C)(C)CC
CCSi(C)SiSi(C)C(C)C
CCSi(C)SiSi(C)CCC
CCSi(C)SiSiC(C)(C)C
CCSi(C)SiSiC(C)CC
CCSi(C)SiSiCC(C)C
CCSi(C)SiSiCCCC
CCSi(CC)(C(Si)C)CSi
CCSi(CC)(C(Si)Si)CC
CCSi(CC)(CC)CSiSi
CCSi(CC)(CC)SiCSi
CCSi(CC)(Si)C(C)CSi
CCSi(CC)(Si)C(Si)CC
CCSi(CC)(Si)CC(Si)C
CCSi(CC)(Si)CCCSi
CCSi(CC)(Si)SiC(C)C
CCSi(CC)(Si)SiCCC
CCSi(CC)(SiSi)CCC
CCSi(CC)C(C)(C)SiSi
CCSi(CC)C(C)(Si)CSi
CCSi(CC)C(C)C(Si)Si
CCSi(CC)C(C)CSiSi
CCSi(CC)C(C)SiCSi
CCSi(CC)C(CSi)CSi
CCSi(CC)C(Si)(Si)CC
CCSi(CC)C(Si)C(Si)C
CCSi(CC)C(Si)CCSi
CCSi(CC)C(SiSi)CC
CCSi(CC)CC(C)SiSi
CCSi(CC)CC(Si)(Si)C
CCSi(CC)CC(Si)CSi
CCSi(CC)CCC(Si)Si
CCSi(CC)CCCSiSi
CCSi(CC)CCSiCSi
CCSi(CC)CSi(C)CSi
CCSi(CC)CSi(Si)CC
CCSi(CC)CSiC(Si)C
CCSi(CC)CSiCCSi
CCSi(CC)Si(C)(C)CSi
CCSi(CC)Si(C)(Si)CC
CCSi(CC)Si(C)C(Si)C
CCSi(CC)Si(C)CCSi
CCSi(CC)Si(CC)CSi
CCSi(CC)Si(Si)C(C)C
CCSi(CC)Si(Si)CCC
CCSi(CC)SiC(C)(Si)C
CCSi(CC)SiC(C)CSi
CCSi(CC)SiC(Si)CC
CCSi(CC)SiCC(Si)C
CCSi(CC)SiCCCSi
CCSi(CC)SiSi(C)CC
CCSi(CC)SiSiC(C)C
CCSi(CC)SiSiCCC
CCSi(CSi)(C(C)C)CSi
CCSi(CSi)(CC)CCSi
CCSi(CSi)(CSi)CCC
CCSi(CSi)(Si)C(C)CC
CCSi(CSi)(Si)CC(C)C
CCSi(CSi)(Si)CCCC
CCSi(CSi)C(C)(C)CSi
CCSi(CSi)C(C)(Si)CC
CCSi(CSi)C(C)C(Si)C
CCSi(CSi)C(C)CCSi
CCSi(CSi)C(CSi)CC
CCSi(CSi)C(Si)C(C)C
CCSi(CSi)C(Si)CCC
CCSi(CSi)CC(C)(Si)C
CCSi(CSi)CC(C)CSi
CCSi(CSi)CC(Si)CC
CCSi(CSi)CCC(Si)C
CCSi(CSi)CCCCSi
CCSi(CSi)CSi(C)CC
CCSi(CSi)CSiC(C)C
CCSi(CSi)CSiCCC
CCSi(CSi)Si(C)(C)CC
CCSi(CSi)Si(C)C(C)C
CCSi(CSi)Si(C)CCC
CCSi(CSi)SiC(C)(C)C
CCSi(CSi)SiC(C)CC
CCSi(CSi)SiCC(C)C
CCSi(CSi)SiCCCC
CCSi(Si)(Si)C(C)(C)CC
CCSi(Si)(Si)C(C)C(C)C
CCSi(Si)(Si)C(C)CCC
CCSi(Si)(Si)C(CC)CC
CCSi(Si)(Si)CC(C)(C)C
CCSi(Si)(Si)CC(C)CC
CCSi(Si)(Si)CCC(C)C
CCSi(Si)(Si)CCCCC
CCSi(Si)C(C(C)C)CSi
CCSi(Si)C(C(Si)C)CC
CCSi(Si)C(C)(C)C(Si)C
CCSi(Si)C(C)(C)CCSi
CCSi(Si)C(C)(CSi)CC
CCSi(Si)C(C)(Si)C(C)C
CCSi(Si)C(C)(Si)CCC
CCSi(Si)C(C)C(C)(Si)C
CCSi(Si)C(C)C(C)CSi
CCSi(Si)C(C)C(Si)CC
CCSi(Si)C(C)CC(Si)C
CCSi(Si)C(C)CCCSi
CCSi(Si)C(C)SiC(C)C
CCSi(Si)C(C)SiCCC
CCSi(Si)C(CC)(Si)CC
CCSi(Si)C(CC)CCSi
CCSi(Si)C(CSi)CCC
CCSi(Si)C(Si)C(C)(C)C
CCSi(Si)C(Si)C(C)CC
CCSi(Si)C(Si)CC(C)C
CCSi(Si)C(Si)CCCC
CCSi(Si)C(SiC)CCC
CCSi(Si)CC(C)(C)CSi
CCSi(Si)CC(C)(Si)CC
CCSi(Si)CC(C)C(Si)C
CCSi(Si)CC(C)CCSi
CCSi(Si)CC(CSi)CC
CCSi(Si)CC(Si)C(C)C
CCSi(Si)CC(Si)CCC
CCSi(Si)CCC(C)(Si)C
CCSi(Si)CCC(C)CSi
CCSi(Si)CCC(Si)CC
CCSi(Si)CCCC(Si)C
CCSi(Si)CCCCCSi
CCSi(Si)CCSiC(C)C
CCSi(Si)CCSiCCC
CCSi(Si)CSi(C)(C)CC
CCSi(Si)CSi(C)C(C)C
CCSi(Si)CSi(C)CCC
CCSi(Si)CSiC(C)(C)C
CCSi(Si)CSiC(C)CC
CCSi(Si)CSiCC(C)C
CCSi(Si)CSiCCCC
CCSi(Si)Si(C(C)C)CC
CCSi(Si)Si(C)(C)C(C)C
CCSi(Si)Si(C)(C)CCC
CCSi(Si)Si(C)(CC)CC
CCSi(Si)Si(C)C(C)(C)C
CCSi(Si)Si(C)C(C)CC
CCSi(Si)Si(C)CC(C)C
CCSi(Si)Si(C)CCCC
CCSi(Si)Si(CC)CCC
CCSi(Si)SiC(C)(C)CC
CCSi(Si)SiC(C)C(C)C
CCSi(Si)SiC(C)CCC
CCSi(Si)SiC(CC)CC
CCSi(Si)SiCC(C)(C)C
CCSi(Si)SiCC(C)CC
CCSi(Si)SiCCC(C)C
CCSi(Si)SiCCCCC
CCSi(SiSi)C(C)(C)CC
CCSi(SiSi)C(C)C(C)C
CCSi(SiSi)C(C)CCC
CCSi(SiSi)C(CC)CC
CCSi(SiSi)CC(C)(C)C
CCSi(SiSi)CC(C)CC
CCSi(SiSi)CCC(C)C
CCSi(SiSi)CCCCC
CCSiC(C(C)(Si)C)CSi
CCSiC(C(C)C)(Si)CSi
CCSiC(C(C)C)CSiSi
CCSiC(C(C)C)SiCSi
CCSiC(C(Si)(Si)C)CC
CCSiC(C(Si)C)(Si)CC
CCSiC(C(Si)C)C(Si)C
CCSiC(C(Si)C)CCSi
CCSiC(C(Si)C)SiCC
CCSiC(C(Si)Si)C(C)C
CCSiC(C(Si)Si)CCC
CCSiC(C)(C(Si)C)CSi
CCSiC(C)(C(Si)Si)CC
CCSiC(C)(C)C(C)SiSi
CCSiC(C)(C)C(Si)(Si)C
CCSiC(C)(C)C(Si)CSi
CCSiC(C)(C)CC(Si)Si
CCSiC(C)(C)CCSiSi
CCSiC(C)(C)CSiCSi
CCSiC(C)(C)Si(C)CSi
CCSiC(C)(C)Si(Si)CC
CCSiC(C)(C)SiC(Si)C
CCSiC(C)(C)SiCCSi
CCSiC(C)(CC)CSiSi
CCSiC(C)(CC)SiCSi
CCSiC(C)(CSi)CCSi
CCSiC(C)(CSi)SiCC
CCSiC(C)(Si)C(C)(Si)C
CCSiC(C)(Si)C(C)CSi
CCSiC(C)(Si)C(Si)CC
CCSiC(C)(Si)CC(Si)C
CCSiC(C)(Si)CCCSi
CCSiC(C)(Si)Si(C)CC
CCSiC(C)(Si)SiC(C)C
CCSiC(C)(Si)SiCCC
CCSiC(C)(SiC)CCSi
CCSiC(C)(SiC)SiCC
CCSiC(C)(SiSi)C(C)C
CCSiC(C)(SiSi)CCC
CCSiC(C)C(C)(C)SiSi
CCSiC(C)C(C)(Si)CSi
CCSiC(C)C(C)C(Si)Si
CCSiC(C)C(C)CSiSi
CCSiC(C)C(C)SiCSi
CCSiC(C)C(CSi)CSi
CCSiC(C)C(Si)(Si)CC
CCSiC(C)C(Si)C(Si)C
CCSiC(C)C(Si)CCSi
CCSiC(C)C(Si)SiCC
CCSiC(C)C(SiSi)CC
CCSiC(C)CC(C)SiSi
CCSiC(C)CC(Si)(Si)C
CCSiC(C)CC(Si)CSi
CCSiC(C)CCC(Si)Si
CCSiC(C)CCCSiSi
CCSiC(C)CCSiCSi
CCSiC(C)CSi(C)CSi
CCSiC(C)CSi(Si)CC
CCSiC(C)CSiC(Si)C
CCSiC(C)CSiCCSi
CCSiC(C)Si(C)(C)CSi
CCSiC(C)Si(C)(Si)CC
CCSiC(C)Si(C)C(Si)C
CCSiC(C)Si(C)CCSi
CCSiC(C)Si(CC)CSi
CCSiC(C)Si(Si)C(C)C
CCSiC(C)Si(Si)CCC
CCSiC(C)SiC(C)(Si)C
CCSiC(C)SiC(C)CSi
CCSiC(C)SiC(Si)CC
CCSiC(C)SiCC(Si)C
CCSiC(C)SiCCCSi
CCSiC(C)SiSi(C)CC
CCSiC(C)SiSiC(C)C
CCSiC(C)SiSiCCC
CCSiC(CC)(Si)CCSi
CCSiC(CC)(Si)SiCC
CCSiC(CC)(SiSi)CC
CCSiC(CC)C(C)SiSi
CCSiC(CC)C(Si)CSi
CCSiC(CC)CC(Si)Si
CCSiC(CC)CCSiSi
CCSiC(CC)CSiCSi
CCSiC(CC)Si(C)CSi
CCSiC(CC)Si(Si)CC
CCSiC(CC)SiC(Si)C
CCSiC(CC)SiCCSi
CCSiC(CCSi)CCSi
CCSiC(CSi)(CSi)CC
CCSiC(CSi)(Si)CCC
CCSiC(CSi)C(C)CSi
CCSiC(CSi)C(Si)CC
CCSiC(CSi)CC(Si)C
CCSiC(CSi)CCCSi
CCSiC(CSi)Si(C)CC
CCSiC(CSi)SiC(C)C
CCSiC(CSi)SiCCC
CCSiC(CSiSi)CCC
CCSiC(Si(C)C)CCSi
CCSiC(Si(C)C)SiCC
CCSiC(Si(Si)C)CCC
CCSiC(Si)(Si)C(C)(C)C
CCSiC(Si)(Si)C(C)CC
CCSiC(Si)(Si)CC(C)C
CCSiC(Si)(Si)CCCC
CCSiC(Si)(SiC)CCC
CCSiC(Si)C(C)(C)CSi
CCSiC(Si)C(C)(Si)CC
CCSiC(Si)C(C)C(Si)C
CCSiC(Si)C(C)CCSi
CCSiC(Si)C(CSi)CC
CCSiC(Si)C(Si)C(C)C
CCSiC(Si)C(Si)CCC
CCSiC(Si)CC(C)(Si)C
CCSiC(Si)CC(C)CSi
CCSiC(Si)CC(Si)CC
CCSiC(Si)CCC(Si)C
CCSiC(Si)CCCCSi
CCSiC(Si)CSi(C)CC
CCSiC(Si)CSiC(C)C
CCSiC(Si)CSiCCC
CCSiC(Si)Si(C)(C)CC
CCSiC(Si)Si(C)C(C)C
CCSiC(Si)Si(C)CCC
CCSiC(Si)Si(CC)CC
CCSiC(Si)SiC(C)(C)C
CCSiC(Si)SiC(C)CC
CCSiC(Si)SiCC(C)C
CCSiC(Si)SiCCCC
CCSiC(SiC)C(C)CSi
CCSiC(SiC)C(Si)CC
CCSiC(SiC)CC(Si)C
CCSiC(SiC)CCCSi
CCSiC(SiC)Si(C)CC
CCSiC(SiC)SiC(C)C
CCSiC(SiC)SiCCC
CCSiC(SiCC)CCSi
CCSiC(SiCC)SiCC
CCSiC(SiCSi)CCC
CCSiC(SiSi)C(C)(C)C
CCSiC(SiSi)C(C)CC
CCSiC(SiSi)CC(C)C
CCSiC(SiSi)CCCC
CCSiCC(C(Si)C)CSi
CCSiCC(C(Si)Si)CC
CCSiCC(C)(C)C(Si)Si
CCSiCC(C)(C)CSiSi
CCSiCC(C)(C)SiCSi
CCSiCC(C)(CSi)CSi
CCSiCC(C)(Si)C(Si)C
CCSiCC(C)(Si)CCSi
CCSiCC(C)(Si)SiCC
CCSiCC(C)(SiSi)CC
CCSiCC(C)C(C)SiSi
CCSiCC(C)C(Si)(Si)C
CCSiCC(C)C(Si)CSi
CCSiCC(C)CC(Si)Si
CCSiCC(C)CCSiSi
CCSiCC(C)CSiCSi
CCSiCC(C)Si(C)CSi
CCSiCC(C)Si(Si)CC
CCSiCC(C)SiC(Si)C
CCSiCC(C)SiCCSi
CCSiCC(CC)CSiSi
CCSiCC(CC)SiCSi
CCSiCC(CSi)(Si)CC
CCSiCC(CSi)CCSi
CCSiCC(CSi)SiCC
CCSiCC(Si)(Si)C(C)C
CCSiCC(Si)(Si)CCC
CCSiCC(Si)C(C)(Si)C
CCSiCC(Si)C(C)CSi
CCSiCC(Si)C(Si)CC
CCSiCC(Si)CC(Si)C
CCSiCC(Si)CCCSi
CCSiCC(Si)CSiCC
CCSiCC(Si)Si(C)CC
CCSiCC(Si)SiC(C)C
CCSiCC(Si)SiCCC
CCSiCC(SiC)CCSi
CCSiCC(SiC)SiCC
CCSiCC(SiSi)C(C)C
CCSiCC(SiSi)CCC
CCSiCCC(C)(C)SiSi
CCSiCCC(C)(Si)CSi
CCSiCCC(C)C(Si)Si
CCSiCCC(C)CSiSi
CCSiCCC(C)SiCSi
CCSiCCC(CSi)CSi
CCSiCCC(Si)(Si)CC
CCSiCCC(Si)C(Si)C
CCSiCCC(Si)CCSi
CCSiCCC(Si)SiCC
CCSiCCC(SiSi)CC
CCSiCCCC(C)SiSi
CCSiCCCC(Si)(Si)C
CCSiCCCC(Si)CSi
CCSiCCCCC(Si)Si
CCSiCCCCCSiSi
CCSiCCCCSiCSi
CCSiCCCSi(C)CSi
CCSiCCCSi(Si)CC
CCSiCCCSiC(Si)C
CCSiCCCSiCCSi
CCSiCCSi(C)(C)CSi
CCSiCCSi(C)(Si)CC
CCSiCCSi(C)C(Si)C
CCSiCCSi(C)CCSi
CCSiCCSi(CC)CSi
CCSiCCSi(Si)C(C)C
CCSiCCSi(Si)CCC
CCSiCCSiC(C)(Si)C
CCSiCCSiC(C)CSi
CCSiCCSiC(Si)CC
CCSiCCSiCC(Si)C
CCSiCCSiCCCSi
CCSiCCSiSi(C)CC
CCSiCCSiSiC(C)C
CCSiCCSiSiCCC
CCSiCSi(C(C)C)CSi
CCSiCSi(C(Si)C)CC
CCSiCSi(C)(C)C(Si)C
CCSiCSi(C)(C)CCSi
CCSiCSi(C)(CC)CSi
CCSiCSi(C)(Si)C(C)C
CCSiCSi(C)(Si)CCC
CCSiCSi(C)C(C)(Si)C
CCSiCSi(C)C(C)CSi
CCSiCSi(C)C(Si)CC
CCSiCSi(C)CC(Si)C
CCSiCSi(C)CCCSi
CCSiCSi(C)CSiCC
CCSiCSi(C)Si(C)CC
CCSiCSi(C)SiC(C)C
CCSiCSi(C)SiCCC
CCSiCSi(CC)(Si)CC
CCSiCSi(CC)CCSi
CCSiCSi(CSi)CCC
CCSiCSi(Si)C(C)(C)C
CCSiCSi(Si)C(C)CC
CCSiCSi(Si)CC(C)C
CCSiCSi(Si)CCCC
CCSiCSi(SiC)CCC
CCSiCSiC(C)(C)CSi
CCSiCSiC(C)(Si)CC
CCSiCSiC(C)C(Si)C
CCSiCSiC(C)CCSi
CCSiCSiC(C)SiCC
CCSiCSiC(CSi)CC
CCSiCSiC(Si)C(C)C
CCSiCSiC(Si)CCC
CCSiCSiCC(C)(Si)C
CCSiCSiCC(C)CSi
CCSiCSiCC(Si)CC
CCSiCSiCCC(Si)C
CCSiCSiCCCCSi
CCSiCSiCCSiCC
CCSiCSiCSi(C)CC
CCSiCSiCSiC(C)C
CCSiCSiCSiCCC
CCSiCSiSi(C)(C)CC
CCSiCSiSi(C)C(C)C
CCSiCSiSi(C)CCC
CCSiCSiSi(CC)CC
CCSiCSiSiC(C)(C)C
CCSiCSiSiC(C)CC
CCSiCSiSiCC(C)C
CCSiCSiSiCCCC
CCSiSi(C(C)(C)C)CSi
CCSiSi(C(C)(Si)C)CC
CCSiSi(C(C)C)(Si)CC
CCSiSi(C(C)C)C(Si)C
CCSiSi(C(C)C)CCSi
CCSiSi(C(C)C)SiCC
CCSiSi(C(Si)C)CCC
CCSiSi(C)(C(C)C)CSi
CCSiSi(C)(C(Si)C)CC
CCSiSi(C)(C)C(C)(Si)C
CCSiSi(C)(C)C(C)CSi
CCSiSi(C)(C)C(Si)CC
CCSiSi(C)(C)CC(Si)C
CCSiSi(C)(C)CCCSi
CCSiSi(C)(C)CSiCC
CCSiSi(C)(C)Si(C)CC
CCSiSi(C)(C)SiC(C)C
CCSiSi(C)(C)SiCCC
CCSiSi(C)(CC)CCSi
CCSiSi(C)(CC)SiCC
CCSiSi(C)(CSi)CCC
CCSiSi(C)(Si)C(C)(C)C
CCSiSi(C)(Si)C(C)CC
CCSiSi(C)(Si)CC(C)C
CCSiSi(C)(Si)CCCC
CCSiSi(C)(SiC)CCC
CCSiSi(C)C(C)(C)CSi
CCSiSi(C)C(C)(Si)CC
CCSiSi(C)C(C)C(Si)C
CCSiSi(C)C(C)CCSi
CCSiSi(C)C(C)SiCC
CCSiSi(C)C(CSi)CC
CCSiSi(C)C(Si)C(C)C
CCSiSi(C)C(Si)CCC
CCSiSi(C)CC(C)(Si)C
CCSiSi(C)CC(C)CSi
CCSiSi(C)CC(Si)CC
CCSiSi(C)CCC(Si)C
CCSiSi(C)CCCCSi
CCSiSi(C)CCSiCC
CCSiSi(C)CSi(C)CC
CCSiSi(C)CSiC(C)C
CCSiSi(C)CSiCCC
CCSiSi(C)Si(C)(C)CC
CCSiSi(C)Si(C)C(C)C
CCSiSi(C)Si(C)CCC
CCSiSi(C)Si(CC)CC
CCSiSi(C)SiC(C)(C)C
CCSiSi(C)SiC(C)CC
CCSiSi(C)SiCC(C)C
CCSiSi(C)SiCCCC
CCSiSi(CC)(CC)CSi
CCSiSi(CC)(Si)CCC
CCSiSi(CC)C(C)CSi
CCSiSi(CC)C(Si)CC
CCSiSi(CC)CC(Si)C
CCSiSi(CC)CCCSi
CCSiSi(CC)CSiCC
CCSiSi(CC)Si(C)CC
CCSiSi(CC)SiC(C)C
CCSiSi(CC)SiCCC
CCSiSi(CCC)CCSi
CCSiSi(CSi)C(C)CC
CCSiSi(CSi)CC(C)C
CCSiSi(CSi)CCCC
CCSiSi(Si(C)C)CCC
CCSiSi(Si)C(C)(C)CC
CCSiSi(Si)C(C)C(C)C
CCSiSi(Si)C(C)CCC
CCSiSi(Si)C(CC)CC
CCSiSi(Si)CC(C)(C)C
CCSiSi(Si)CC(C)CC
CCSiSi(Si)CCC(C)C
CCSiSi(Si)CCCCC
CCSiSi(SiC)C(C)CC
CCSiSi(SiC)CC(C)C
CCSiSi(SiC)CCCC
CCSiSi(SiCC)CCC
CCSiSiC(C(C)C)CSi
CCSiSiC(C(Si)C)CC
CCSiSiC(C)(C)C(Si)C
CCSiSiC(C)(C)CCSi
CCSiSiC(C)(C)SiCC
CCSiSiC(C)(CSi)CC
CCSiSiC(C)(Si)C(C)C
CCSiSiC(C)(Si)CCC
CCSiSiC(C)C(C)(Si)C
CCSiSiC(C)C(C)CSi
CCSiSiC(C)C(Si)CC
CCSiSiC(C)CC(Si)C
CCSiSiC(C)CCCSi
CCSiSiC(C)CSiCC
CCSiSiC(C)Si(C)CC
CCSiSiC(C)SiC(C)C
CCSiSiC(C)SiCCC
CCSiSiC(CC)(Si)CC
CCSiSiC(CC)CCSi
CCSiSiC(CC)SiCC
CCSiSiC(CSi)CCC
CCSiSiC(Si)C(C)(C)C
CCSiSiC(Si)C(C)CC
CCSiSiC(Si)CC(C)C
CCSiSiC(Si)CCCC
CCSiSiC(SiC)CCC
CCSiSiCC(C)(C)CSi
CCSiSiCC(C)(Si)CC
CCSiSiCC(C)C(Si)C
CCSiSiCC(C)CCSi
CCSiSiCC(C)SiCC
CCSiSiCC(CSi)CC
CCSiSiCC(Si)C(C)C
CCSiSiCC(Si)CCC
CCSiSiCCC(C)(Si)C
CCSiSiCCC(C)CSi
CCSiSiCCC(Si)CC
CCSiSiCCCC(Si)C
CCSiSiCCCCCSi
CCSiSiCCCSiCC
CCSiSiCCSi(C)CC
CCSiSiCCSiC(C)C
CCSiSiCCSiCCC
CCSiSiCSi(C)(C)CC
CCSiSiCSi(C)C(C)C
CCSiSiCSi(C)CCC
CCSiSiCSi(CC)CC
CCSiSiCSiC(C)(C)C
CCSiSiCSiC(C)CC
CCSiSiCSiCC(C)C
CCSiSiCSiCCCC
CCSiSiSi(C(C)C)CC
CCSiSiSi(C)(C)C(C)C
CCSiSiSi(C)(C)CCC
CCSiSiSi(C)(CC)CC
CCSiSiSi(C)C(C)(C)C
CCSiSiSi(C)C(C)CC
CCSiSiSi(C)CC(C)C
CCSiSiSi(C)CCCC
CCSiSiSi(CC)CCC
CCSiSiSiC(C)(C)CC
CCSiSiSiC(C)C(C)C
CCSiSiSiC(C)CCC
CCSiSiSiC(CC)CC
CCSiSiSiCC(C)(C)C
CCSiSiSiCC(C)CC
CCSiSiSiCCC(C)C
CCSiSiSiCCCCC
CSi(C)(C)C(C(Si)C)CSi
CSi(C)(C)C(C(Si)Si)CC
CSi(C)(C)C(C)(C)C(Si)Si
CSi(C)(C)C(C)(C)CSiSi
CSi(C)(C)C(C)(C)SiCSi
CSi(C)(C)C(C)(CSi)CSi
CSi(C)(C)C(C)(Si)C(Si)C
CSi(C)(C)C(C)(Si)CCSi
CSi(C)(C)C(C)(Si)SiCC
CSi(C)(C)C(C)(SiSi)CC
CSi(C)(C)C(C)C(C)SiSi
CSi(C)(C)C(C)C(Si)(Si)C
CSi(C)(C)C(C)C(Si)CSi
CSi(C)(C)C(C)CC(Si)Si
CSi(C)(C)C(C)CCSiSi
CSi(C)(C)C(C)CSiCSi
CSi(C)(C)C(C)Si(C)(Si)C
CSi(C)(C)C(C)Si(C)CSi
CSi(C)(C)C(C)Si(Si)CC
CSi(C)(C)C(C)SiC(Si)C
CSi(C)(C)C(C)SiCCSi
CSi(C)(C)C(C)SiSiCC
CSi(C)(C)C(CC)CSiSi
CSi(C)(C)C(CC)SiCSi
CSi(C)(C)C(CSi)(Si)CC
CSi(C)(C)C(CSi)CCSi
CSi(C)(C)C(CSi)SiCC
CSi(C)(C)C(Si)(Si)C(C)C
CSi(C)(C)C(Si)(Si)CCC
CSi(C)(C)C(Si)C(C)(Si)C
CSi(C)(C)C(Si)C(C)CSi
CSi(C)(C)C(Si)C(Si)CC
CSi(C)(C)C(Si)CC(Si)C
CSi(C)(C)C(Si)CCCSi
CSi(C)(C)C(Si)CSiCC
CSi(C)(C)C(Si)Si(C)(C)C
CSi(C)(C)C(Si)Si(C)CC
CSi(C)(C)C(Si)SiC(C)C
CSi(C)(C)C(Si)SiCCC
CSi(C)(C)C(SiSi)C(C)C
CSi(C)(C)C(SiSi)CCC
CSi(C)(C)CC(C)(C)SiSi
CSi(C)(C)CC(C)(Si)CSi
CSi(C)(C)CC(C)C(Si)Si
CSi(C)(C)CC(C)CSiSi
CSi(C)(C)CC(C)SiCSi
CSi(C)(C)CC(CSi)CSi
CSi(C)(C)CC(Si)(Si)CC
CSi(C)(C)CC(Si)C(Si)C
CSi(C)(C)CC(Si)CCSi
CSi(C)(C)CC(Si)SiCC
CSi(C)(C)CC(SiSi)CC
CSi(C)(C)CCC(C)SiSi
CSi(C)(C)CCC(Si)(Si)C
CSi(C)(C)CCC(Si)CSi
CSi(C)(C)CCCC(Si)Si
CSi(C)(C)CCCCSiSi
CSi(C)(C)CCCSiCSi
CSi(C)(C)CCSi(C)(Si)C
CSi(C)(C)CCSi(C)CSi
CSi(C)(C)CCSi(Si)CC
CSi(C)(C)CCSiC(Si)C
CSi(C)(C)CCSiCCSi
CSi(C)(C)CCSiSiCC
CSi(C)(C)CSi(C)(C)CSi
CSi(C)(C)CSi(C)(Si)CC
CSi(C)(C)CSi(C)C(Si)C
CSi(C)(C)CSi(C)CCSi
CSi(C)(C)CSi(C)SiCC
CSi(C)(C)CSi(CC)CSi
CSi(C)(C)CSi(Si)C(C)C
CSi(C)(C)CSi(Si)CCC
CSi(C)(C)CSiC(C)(Si)C
CSi(C)(C)CSiC(C)CSi
CSi(C)(C)CSiC(Si)CC
CSi(C)(C)CSiCC(Si)C
CSi(C)(C)CSiCCCSi
CSi(C)(C)CSiCSiCC
CSi(C)(C)CSiSi(C)(C)C
CSi(C)(C)CSiSi(C)CC
CSi(C)(C)CSiSiC(C)C
CSi(C)(C)CSiSiCCC
CSi(C)(C)Si(C(C)C)CSi
CSi(C)(C)Si(C(Si)C)CC
CSi(C)(C)Si(C)(C)C(Si)C
CSi(C)(C)Si(C)(C)CCSi
CSi(C)(C)Si(C)(C)SiCC
CSi(C)(C)Si(C)(CC)CSi
CSi(C)(C)Si(C)(Si)C(C)C
CSi(C)(C)Si(C)(Si)CCC
CSi(C)(C)Si(C)C(C)(Si)C
CSi(C)(C)Si(C)C(C)CSi
CSi(C)(C)Si(C)C(Si)CC
CSi(C)(C)Si(C)CC(Si)C
CSi(C)(C)Si(C)CCCSi
CSi(C)(C)Si(C)CSiCC
CSi(C)(C)Si(C)Si(C)(C)C
CSi(C)(C)Si(C)Si(C)CC
CSi(C)(C)Si(C)SiC(C)C
CSi(C)(C)Si(C)SiCCC
CSi(C)(C)Si(CC)(Si)CC
CSi(C)(C)Si(CC)CCSi
CSi(C)(C)Si(CC)SiCC
CSi(C)(C)Si(CSi)CCC
CSi(C)(C)Si(Si)C(C)(C)C
CSi(C)(C)Si(Si)C(C)CC
CSi(C)(C)Si(Si)CC(C)C
CSi(C)(C)Si(Si)CCCC
CSi(C)(C)SiC(C)(C)CSi
CSi(C)(C)SiC(C)(Si)CC
CSi(C)(C)SiC(C)C(Si)C
CSi(C)(C)SiC(C)CCSi
CSi(C)(C)SiC(C)SiCC
CSi(C)(C)SiC(CSi)CC
CSi(C)(C)SiC(Si)C(C)C
CSi(C)(C)SiC(Si)CCC
CSi(C)(C)SiCC(C)(Si)C
CSi(C)(C)SiCC(C)CSi
CSi(C)(C)SiCC(Si)CC
CSi(C)(C)SiCCC(Si)C
CSi(C)(C)SiCCCCSi
CSi(C)(C)SiCCSiCC
CSi(C)(C)SiCSi(C)CC
CSi(C)(C)SiCSiC(C)C
CSi(C)(C)SiCSiCCC
CSi(C)(C)SiSi(C)(C)CC
CSi(C)(C)SiSi(C)C(C)C
CSi(C)(C)SiSi(C)CCC
CSi(C)(C)SiSi(CC)CC
CSi(C)(C)SiSiC(C)(C)C
CSi(C)(C)SiSiC(C)CC
CSi(C)(C)SiSiCC(C)C
CSi(C)(C)SiSiCCCC
CSi(C)(Si)C(C(C)C)CSi
CSi(C)(Si)C(C(Si)C)CC
CSi(C)(Si)C(C)(C)C(Si)C
CSi(C)(Si)C(C)(C)CCSi
CSi(C)(Si)C(C)(C)SiCC
CSi(C)(Si)C(C)(CSi)CC
CSi(C)(Si)C(C)(Si)C(C)C
CSi(C)(Si)C(C)(Si)CCC
CSi(C)(Si)C(C)C(C)(Si)C
CSi(C)(Si)C(C)C(C)CSi
CSi(C)(Si)C(C)C(Si)CC
CSi(C)(Si)C(C)CC(Si)C
CSi(C)(Si)C(C)CCCSi
CSi(C)(Si)C(C)CSiCC
CSi(C)(Si)C(C)Si(C)CC
CSi(C)(Si)C(C)SiC(C)C
CSi(C)(Si)C(C)SiCCC
CSi(C)(Si)C(CC)(Si)CC
CSi(C)(Si)C(CC)CCSi
CSi(C)(Si)C(CC)SiCC
CSi(C)(Si)C(CSi)CCC
CSi(C)(Si)C(Si)C(C)(C)C
CSi(C)(Si)C(Si)C(C)CC
CSi(C)(Si)C(Si)CC(C)C
CSi(C)(Si)C(Si)CCCC
CSi(C)(Si)CC(C)(C)CSi
CSi(C)(Si)CC(C)(Si)CC
CSi(C)(Si)CC(C)C(Si)C
CSi(C)(Si)CC(C)CCSi
CSi(C)(Si)CC(C)SiCC
CSi(C)(Si)CC(CSi)CC
CSi(C)(Si)CC(Si)C(C)C
CSi(C)(Si)CC(Si)CCC
CSi(C)(Si)CCC(C)(Si)C
CSi(C)(Si)CCC(C)CSi
CSi(C)(Si)CCC(Si)CC
CSi(C)(Si)CCCC(Si)C
CSi(C)(Si)CCCCCSi
CSi(C)(Si)CCCSiCC
CSi(C)(Si)CCSi(C)CC
CSi(C)(Si)CCSiC(C)C
CSi(C)(Si)CCSiCCC
CSi(C)(Si)CSi(C)(C)CC
CSi(C)(Si)CSi(C)C(C)C
CSi(C)(Si)CSi(C)CCC
CSi(C)(Si)CSi(CC)CC
CSi(C)(Si)CSiC(C)(C)C
CSi(C)(Si)CSiC(C)CC
CSi(C)(Si)CSiCC(C)C
CSi(C)(Si)CSiCCCC
CSi(C)(Si)Si(C(C)C)CC
CSi(C)(Si)Si(C)(C)C(C)C
CSi(C)(Si)Si(C)(C)CCC
CSi(C)(Si)Si(C)(CC)CC
CSi(C)(Si)Si(C)C(C)(C)C
CSi(C)(Si)Si(C)C(C)CC
CSi(C)(Si)Si(C)CC(C)C
CSi(C)(Si)Si(C)CCCC
CSi(C)(Si)Si(CC)CCC
CSi(C)(Si)SiC(C)(C)CC
CSi(C)(Si)SiC(C)C(C)C
CSi(C)(Si)SiC(C)CCC
CSi(C)(Si)SiC(CC)CC
CSi(C)(Si)SiCC(C)(C)C
CSi(C)(Si)SiCC(C)CC
CSi(C)(Si)SiCCC(C)C
CSi(C)(Si)SiCCCCC
CSi(C)C(C(C)(Si)C)CSi
CSi(C)C(C(C)C)(Si)CSi
CSi(C)C(C(C)C)CSiSi
CSi(C)C(C(C)C)SiCSi
CSi(C)C(C(Si)(Si)C)CC
CSi(C)C(C(Si)C)(Si)CC
CSi(C)C(C(Si)C)C(Si)C
CSi(C)C(C(Si)C)CCSi
CSi(C)C(C(Si)C)SiCC
CSi(C)C(C(Si)Si)C(C)C
CSi(C)C(C(Si)Si)CCC
CSi(C)C(C)(C(Si)C)CSi
CSi(C)C(C)(C(Si)Si)CC
CSi(C)C(C)(C)C(C)SiSi
CSi(C)C(C)(C)C(Si)(Si)C
CSi(C)C(C)(C)C(Si)CSi
CSi(C)C(C)(C)CC(Si)Si
CSi(C)C(C)(C)CCSiSi
CSi(C)C(C)(C)CSi(Si)C
CSi(C)C(C)(C)CSiCSi
CSi(C)C(C)(C)Si(C)(Si)C
CSi(C)C(C)(C)Si(C)CSi
CSi(C)C(C)(C)Si(Si)CC
CSi(C)C(C)(C)SiC(Si)C
CSi(C)C(C)(C)SiCCSi
CSi(C)C(C)(C)SiSi(C)C
CSi(C)C(C)(C)SiSiCC
CSi(C)C(C)(CC)CSiSi
CSi(C)C(C)(CC)SiCSi
CSi(C)C(C)(CSi)CCSi
CSi(C)C(C)(CSi)SiCC
CSi(C)C(C)(Si(C)C)CSi
CSi(C)C(C)(Si(Si)C)CC
CSi(C)C(C)(Si)C(C)(Si)C
CSi(C)C(C)(Si)C(C)CSi
CSi(C)C(C)(Si)C(Si)CC
CSi(C)C(C)(Si)CC(Si)C
CSi(C)C(C)(Si)CCCSi
CSi(C)C(C)(Si)CSiCC
CSi(C)C(C)(Si)Si(C)(C)C
CSi(C)C(C)(Si)Si(C)CC
CSi(C)C(C)(Si)SiC(C)C
CSi(C)C(C)(Si)SiCCC
CSi(C)C(C)(SiSi)C(C)C
CSi(C)C(C)(SiSi)CCC
CSi(C)C(C)C(C)(C)SiSi
CSi(C)C(C)C(C)(Si)CSi
CSi(C)C(C)C(C)C(Si)Si
CSi(C)C(C)C(C)CSiSi
CSi(C)C(C)C(C)Si(Si)C
CSi(C)C(C)C(C)SiCSi
CSi(C)C(C)C(CSi)CSi
CSi(C)C(C)C(Si)(Si)CC
CSi(C)C(C)C(Si)C(Si)C
CSi(C)C(C)C(Si)CCSi
CSi(C)C(C)C(Si)Si(C)C
CSi(C)C(C)C(Si)SiCC
CSi(C)C(C)C(SiSi)CC
CSi(C)C(C)CC(C)SiSi
CSi(C)C(C)CC(Si)(Si)C
CSi(C)C(C)CC(Si)CSi
CSi(C)C(C)CCC(Si)Si
CSi(C)C(C)CCCSiSi
CSi(C)C(C)CCSi(Si)C
CSi(C)C(C)CCSiCSi
CSi(C)C(C)CSi(C)(Si)C
CSi(C)C(C)CSi(C)CSi
CSi(C)C(C)CSi(Si)CC
CSi(C)C(C)CSiC(Si)C
CSi(C)C(C)CSiCCSi
CSi(C)C(C)CSiSi(C)C
CSi(C)C(C)CSiSiCC
CSi(C)C(C)Si(C)(C)CSi
CSi(C)C(C)Si(C)(Si)CC
CSi(C)C(C)Si(C)C(Si)C
CSi(C)C(C)Si(C)CCSi
CSi(C)C(C)Si(C)Si(C)C
CSi(C)C(C)Si(C)SiCC
CSi(C)C(C)Si(CC)CSi
CSi(C)C(C)Si(Si)C(C)C
CSi(C)C(C)Si(Si)CCC
CSi(C)C(C)SiC(C)(Si)C
CSi(C)C(C)SiC(C)CSi
CSi(C)C(C)SiC(Si)CC
CSi(C)C(C)SiCC(Si)C
CSi(C)C(C)SiCCCSi
CSi(C)C(C)SiCSiCC
CSi(C)C(C)SiSi(C)(C)C
CSi(C)C(C)SiSi(C)CC
CSi(C)C(C)SiSiC(C)C
CSi(C)C(C)SiSiCCC
CSi(C)C(CC)(Si)CCSi
CSi(C)C(CC)(Si)SiCC
CSi(C)C(CC)(SiSi)CC
CSi(C)C(CC)C(C)SiSi
CSi(C)C(CC)C(Si)CSi
CSi(C)C(CC)CC(Si)Si
CSi(C)C(CC)CCSiSi
CSi(C)C(CC)CSi(Si)C
CSi(C)C(CC)CSiCSi
CSi(C)C(CC)Si(C)CSi
CSi(C)C(CC)Si(Si)CC
CSi(C)C(CC)SiC(Si)C
CSi(C)C(CC)SiCCSi
CSi(C)C(CC)SiSi(C)C
CSi(C)C(CC)SiSiCC
CSi(C)C(CSi)(CSi)CC
CSi(C)C(CSi)(Si)CCC
CSi(C)C(CSi)C(C)CSi
CSi(C)C(CSi)C(Si)CC
CSi(C)C(CSi)CC(Si)C
CSi(C)C(CSi)CCCSi
CSi(C)C(CSi)CSiCC
CSi(C)C(CSi)Si(C)CC
CSi(C)C(CSi)SiC(C)C
CSi(C)C(CSi)SiCCC
CSi(C)C(Si(C)(C)C)CSi
CSi(C)C(Si(C)(Si)C)CC
CSi(C)C(Si(C)C)C(Si)C
CSi(C)C(Si(C)C)CCSi
CSi(C)C(Si(C)C)Si(C)C
CSi(C)C(Si(C)C)SiCC
CSi(C)C(Si(Si)C)C(C)C
CSi(C)C(Si(Si)C)CCC
CSi(C)C(Si)(Si(C)C)CC
CSi(C)C(Si)(Si)C(C)(C)C
CSi(C)C(Si)(Si)C(C)CC
CSi(C)C(Si)(Si)CC(C)C
CSi(C)C(Si)(Si)CCCC
CSi(C)C(Si)C(C)(C)CSi
CSi(C)C(Si)C(C)(Si)CC
CSi(C)C(Si)C(C)C(Si)C
CSi(C)C(Si)C(C)CCSi
CSi(C)C(Si)C(C)SiCC
CSi(C)C(Si)C(CSi)CC
CSi(C)C(Si)C(Si)C(C)C
CSi(C)C(Si)C(Si)CCC
CSi(C)C(Si)CC(C)(Si)C
CSi(C)C(Si)CC(C)CSi
CSi(C)C(Si)CC(Si)CC
CSi(C)C(Si)CCC(Si)C
CSi(C)C(Si)CCCCSi
CSi(C)C(Si)CCSiCC
CSi(C)C(Si)CSi(C)(C)C
CSi(C)C(Si)CSi(C)CC
CSi(C)C(Si)CSiC(C)C
CSi(C)C(Si)CSiCCC
CSi(C)C(Si)Si(C)(C)CC
CSi(C)C(Si)Si(C)C(C)C
CSi(C)C(Si)Si(C)CCC
CSi(C)C(Si)Si(CC)CC
CSi(C)C(Si)SiC(C)(C)C
CSi(C)C(Si)SiC(C)CC
CSi(C)C(Si)SiCC(C)C
CSi(C)C(Si)SiCCCC
CSi(C)C(SiSi)C(C)(C)C
CSi(C)C(SiSi)C(C)CC
CSi(C)C(SiSi)CC(C)C
CSi(C)C(SiSi)CCCC
CSi(C)CC(C(Si)C)CSi
CSi(C)CC(C(Si)Si)CC
CSi(C)CC(C)(C)C(Si)Si
CSi(C)CC(C)(C)CSiSi
CSi(C)CC(C)(C)Si(Si)C
CSi(C)CC(C)(C)SiCSi
CSi(C)CC(C)(CSi)CSi
CSi(C)CC(C)(Si)C(Si)C
CSi(C)CC(C)(Si)CCSi
CSi(C)CC(C)(Si)Si(C)C
CSi(C)CC(C)(Si)SiCC
CSi(C)CC(C)(SiSi)CC
CSi(C)CC(C)C(C)SiSi
CSi(C)CC(C)C(Si)(Si)C
CSi(C)CC(C)C(Si)CSi
CSi(C)CC(C)CC(Si)Si
CSi(C)CC(C)CCSiSi
CSi(C)CC(C)CSi(Si)C
CSi(C)CC(C)CSiCSi
CSi(C)CC(C)Si(C)(Si)C
CSi(C)CC(C)Si(C)CSi
CSi(C)CC(C)Si(Si)CC
CSi(C)CC(C)SiC(Si)C
CSi(C)CC(C)SiCCSi
CSi(C)CC(C)SiSi(C)C
CSi(C)CC(C)SiSiCC
CSi(C)CC(CC)CSiSi
CSi(C)CC(CC)SiCSi
CSi(C)CC(CSi)(Si)CC
CSi(C)CC(CSi)CCSi
CSi(C)CC(CSi)SiCC
CSi(C)CC(Si(C)C)CSi
CSi(C)CC(Si(Si)C)CC
CSi(C)CC(Si)(Si)C(C)C
CSi(C)CC(Si)(Si)CCC
CSi(C)CC(Si)C(C)(Si)C
CSi(C)CC(Si)C(C)CSi
CSi(C)CC(Si)C(Si)CC
CSi(C)CC(Si)CC(Si)C
CSi(C)CC(Si)CCCSi
CSi(C)CC(Si)CSi(C)C
CSi(C)CC(Si)CSiCC
CSi(C)CC(Si)Si(C)(C)C
CSi(C)CC(Si)Si(C)CC
CSi(C)CC(Si)SiC(C)C
CSi(C)CC(Si)SiCCC
CSi(C)CC(SiC)CCSi
CSi(C)CC(SiC)SiCC
CSi(C)CC(SiSi)C(C)C
CSi(C)CC(SiSi)CCC
CSi(C)CCC(C)(C)SiSi
CSi(C)CCC(C)(Si)CSi
CSi(C)CCC(C)C(Si)Si
CSi(C)CCC(C)CSiSi
CSi(C)CCC(C)Si(Si)C
CSi(C)CCC(C)SiCSi
CSi(C)CCC(CSi)CSi
CSi(C)CCC(Si)(Si)CC
CSi(C)CCC(Si)C(Si)C
CSi(C)CCC(Si)CCSi
CSi(C)CCC(Si)Si(C)C
CSi(C)CCC(Si)SiCC
CSi(C)CCC(SiSi)CC
CSi(C)CCCC(C)SiSi
CSi(C)CCCC(Si)(Si)C
CSi(C)CCCC(Si)CSi
CSi(C)CCCCC(Si)Si
CSi(C)CCCCCSiSi
CSi(C)CCCCSi(Si)C
CSi(C)CCCCSiCSi
CSi(C)CCCSi(C)(Si)C
CSi(C)CCCSi(C)CSi
CSi(C)CCCSi(Si)CC
CSi(C)CCCSiC(Si)C
CSi(C)CCCSiCCSi
CSi(C)CCCSiSi(C)C
CSi(C)CCCSiSiCC
CSi(C)CCSi(C)(C)CSi
CSi(C)CCSi(C)(Si)CC
CSi(C)CCSi(C)C(Si)C
CSi(C)CCSi(C)CCSi
CSi(C)CCSi(C)Si(C)C
CSi(C)CCSi(C)SiCC
CSi(C)CCSi(CC)CSi
CSi(C)CCSi(Si)C(C)C
CSi(C)CCSi(Si)CCC
CSi(C)CCSiC(C)(Si)C
CSi(C)CCSiC(C)CSi
CSi(C)CCSiC(Si)CC
CSi(C)CCSiCC(Si)C
CSi(C)CCSiCCCSi
CSi(C)CCSiCSiCC
CSi(C)CCSiSi(C)(C)C
CSi(C)CCSiSi(C)CC
CSi(C)CCSiSiC(C)C
CSi(C)CCSiSiCCC
CSi(C)CSi(C(C)C)CSi
CSi(C)CSi(C(Si)C)CC
CSi(C)CSi(C)(C)C(Si)C
CSi(C)CSi(C)(C)CCSi
CSi(C)CSi(C)(C)Si(C)C
CSi(C)CSi(C)(C)SiCC
CSi(C)CSi(C)(CC)CSi
CSi(C)CSi(C)(Si)C(C)C
CSi(C)CSi(C)(Si)CCC
CSi(C)CSi(C)C(C)(Si)C
CSi(C)CSi(C)C(C)CSi
CSi(C)CSi(C)C(Si)CC
CSi(C)CSi(C)CC(Si)C
CSi(C)CSi(C)CCCSi
CSi(C)CSi(C)CSi(C)C
CSi(C)CSi(C)CSiCC
CSi(C)CSi(C)Si(C)(C)C
CSi(C)CSi(C)Si(C)CC
CSi(C)CSi(C)SiC(C)C
CSi(C)CSi(C)SiCCC
CSi(C)CSi(CC)(Si)CC
CSi(C)CSi(CC)CCSi
CSi(C)CSi(CC)SiCC
CSi(C)CSi(CSi)CCC
CSi(C)CSi(Si(C)C)CC
CSi(C)CSi(Si)C(C)(C)C
CSi(C)CSi(Si)C(C)CC
CSi(C)CSi(Si)CC(C)C
CSi(C)CSi(Si)CCCC
CSi(C)CSi(SiC)CCC
CSi(C)CSiC(C)(C)CSi
CSi(C)CSiC(C)(Si)CC
CSi(C)CSiC(C)C(Si)C
CSi(C)CSiC(C)CCSi
CSi(C)CSiC(C)Si(C)C
CSi(C)CSiC(C)SiCC
CSi(C)CSiC(CSi)CC
CSi(C)CSiC(Si)C(C)C
CSi(C)CSiC(Si)CCC
CSi(C)CSiCC(C)(Si)C
CSi(C)CSiCC(C)CSi
CSi(C)CSiCC(Si)CC
CSi(C)CSiCCC(Si)C
CSi(C)CSiCCCCSi
CSi(C)CSiCCSi(C)C
CSi(C)CSiCCSiCC
CSi(C)CSiCSi(C)(C)C
CSi(C)CSiCSi(C)CC
CSi(C)CSiCSiC(C)C
CSi(C)CSiCSiCCC
CSi(C)CSiSi(C)(C)CC
CSi(C)CSiSi(C)C(C)C
CSi(C)CSiSi(C)CCC
CSi(C)CSiSi(CC)CC
CSi(C)CSiSiC(C)(C)C
CSi(C)CSiSiC(C)CC
CSi(C)CSiSiCC(C)C
CSi(C)CSiSiCCCC
CSi(C)Si(C(C)(C)C)CSi
CSi(C)Si(C(C)(Si)C)CC
CSi(C)Si(C(C)C)(Si)CC
CSi(C)Si(C(C)C)C(Si)C
CSi(C)Si(C(C)C)CCSi
CSi(C)Si(C(C)C)SiCC
CSi(C)Si(C(Si)C)CCC
CSi(C)Si(C)(C(C)C)CSi
CSi(C)Si(C)(C(Si)C)CC
CSi(C)Si(C)(C)C(C)(Si)C
CSi(C)Si(C)(C)C(C)CSi
CSi(C)Si(C)(C)C(Si)CC
CSi(C)Si(C)(C)CC(Si)C
CSi(C)Si(C)(C)CCCSi
CSi(C)Si(C)(C)CSiCC
CSi(C)Si(C)(C)Si(C)(C)C
CSi(C)Si(C)(C)Si(C)CC
CSi(C)Si(C)(C)SiC(C)C
CSi(C)Si(C)(C)SiCCC
CSi(C)Si(C)(CC)CCSi
CSi(C)Si(C)(CC)SiCC
CSi(C)Si(C)(CSi)CCC
CSi(C)Si(C)(Si(C)C)CC
CSi(C)Si(C)(Si)C(C)(C)C
CSi(C)Si(C)(Si)C(C)CC
CSi(C)Si(C)(Si)CC(C)C
CSi(C)Si(C)(Si)CCCC
CSi(C)Si(C)C(C)(C)CSi
CSi(C)Si(C)C(C)(Si)CC
CSi(C)Si(C)C(C)C(Si)C
CSi(C)Si(C)C(C)CCSi
CSi(C)Si(C)C(C)SiCC
CSi(C)Si(C)C(CSi)CC
CSi(C)Si(C)C(Si)C(C)C
CSi(C)Si(C)C(Si)CCC
CSi(C)Si(C)CC(C)(Si)C
CSi(C)Si(C)CC(C)CSi
CSi(C)Si(C)CC(Si)CC
CSi(C)Si(C)CCC(Si)C
CSi(C)Si(C)CCCCSi
CSi(C)Si(C)CCSiCC
CSi(C)Si(C)CSi(C)(C)C
CSi(C)Si(C)CSi(C)CC
CSi(C)Si(C)CSiC(C)C
CSi(C)Si(C)CSiCCC
CSi(C)Si(C)Si(C)(C)CC
CSi(C)Si(C)Si(C)C(C)C
CSi(C)Si(C)Si(C)CCC
CSi(C)Si(C)Si(CC)CC
CSi(C)Si(C)SiC(C)(C)C
CSi(C)Si(C)SiC(C)CC
CSi(C)Si(C)SiCC(C)C
CSi(C)Si(C)SiCCCC
CSi(C)Si(CC)(CC)CSi
CSi(C)Si(CC)(Si)CCC
CSi(C)Si(CC)C(C)CSi
CSi(C)Si(CC)C(Si)CC
CSi(C)Si(CC)CC(Si)C
CSi(C)Si(CC)CCCSi
CSi(C)Si(CC)CSiCC
CSi(C)Si(CC)Si(C)CC
CSi(C)Si(CC)SiC(C)C
CSi(C)Si(CC)SiCCC
CSi(C)Si(CSi)C(C)CC
CSi(C)Si(CSi)CC(C)C
CSi(C)Si(CSi)CCCC
CSi(C)Si(Si(C)(C)C)CC
CSi(C)Si(Si(C)C)C(C)C
CSi(C)Si(Si(C)C)CCC
CSi(C)Si(Si)C(C)(C)CC
CSi(C)Si(Si)C(C)C(C)C
CSi(C)Si(Si)C(C)CCC
CSi(C)Si(Si)C(CC)CC
CSi(C)Si(Si)CC(C)(C)C
CSi(C)Si(Si)CC(C)CC
CSi(C)Si(Si)CCC(C)C
CSi(C)Si(Si)CCCCC
CSi(C)SiC(C(C)C)CSi
CSi(C)SiC(C(Si)C)CC
CSi(C)SiC(C)(C)C(Si)C
CSi(C)SiC(C)(C)CCSi
CSi(C)SiC(C)(C)SiCC
CSi(C)SiC(C)(CSi)CC
CSi(C)SiC(C)(Si)C(C)C
CSi(C)SiC(C)(Si)CCC
CSi(C)SiC(C)C(C)(Si)C
CSi(C)SiC(C)C(C)CSi
CSi(C)SiC(C)C(Si)CC
CSi(C)SiC(C)CC(Si)C
CSi(C)SiC(C)CCCSi
CSi(C)SiC(C)CSiCC
CSi(C)SiC(C)Si(C)(C)C
CSi(C)SiC(C)Si(C)CC
CSi(C)SiC(C)SiC(C)C
CSi(C)SiC(C)SiCCC
CSi(C)SiC(CC)(Si)CC
CSi(C)SiC(CC)CCSi
CSi(C)SiC(CC)SiCC
CSi(C)SiC(CSi)CCC
CSi(C)SiC(Si)C(C)(C)C
CSi(C)SiC(Si)C(C)CC
CSi(C)SiC(Si)CC(C)C
CSi(C)SiC(Si)CCCC
CSi(C)SiC(SiC)CCC
CSi(C)SiCC(C)(C)CSi
CSi(C)SiCC(C)(Si)CC
CSi(C)SiCC(C)C(Si)C
CSi(C)SiCC(C)CCSi
CSi(C)SiCC(C)SiCC
CSi(C)SiCC(CSi)CC
CSi(C)SiCC(Si)C(C)C
CSi(C)SiCC(Si)CCC
CSi(C)SiCCC(C)(Si)C
CSi(C)SiCCC(C)CSi
CSi(C)SiCCC(Si)CC
CSi(C)SiCCCC(Si)C
CSi(C)SiCCCCCSi
CSi(C)SiCCCSiCC
CSi(C)SiCCSi(C)(C)C
CSi(C)SiCCSi(C)CC
CSi(C)SiCCSiC(C)C
CSi(C)SiCCSiCCC
CSi(C)SiCSi(C)(C)CC
CSi(C)SiCSi(C)C(C)C
CSi(C)SiCSi(C)CCC
CSi(C)SiCSi(CC)CC
CSi(C)SiCSiC(C)(C)C
CSi(C)SiCSiC(C)CC
CSi(C)SiCSiCC(C)C
CSi(C)SiCSiCCCC
CSi(C)SiSi(C(C)C)CC
CSi(C)SiSi(C)(C)C(C)C
CSi(C)SiSi(C)(C)CCC
CSi(C)SiSi(C)(CC)CC
CSi(C)SiSi(C)C(C)(C)C
CSi(C)SiSi(C)C(C)CC
CSi(C)SiSi(C)CC(C)C
CSi(C)SiSi(C)CCCC
CSi(C)SiSi(CC)CCC
CSi(C)SiSiC(C)(C)CC
CSi(C)SiSiC(C)C(C)C
CSi(C)SiSiC(C)CCC
CSi(C)SiSiC(CC)CC
CSi(C)SiSiCC(C)(C)C
CSi(C)SiSiCC(C)CC
CSi(C)SiSiCCC(C)C
CSi(C)SiSiCCCCC
CSi(Si)(Si)C(C(C)C)CC
CSi(Si)(Si)C(C)(C)C(C)C
CSi(Si)(Si)C(C)(C)CCC
CSi(Si)(Si)C(C)(CC)CC
CSi(Si)(Si)C(C)C(C)(C)C
CSi(Si)(Si)C(C)C(C)CC
CSi(Si)(Si)C(C)CC(C)C
CSi(Si)(Si)C(C)CCCC
CSi(Si)(Si)C(CC)CCC
CSi(Si)(Si)CC(C)(C)CC
CSi(Si)(Si)CC(C)C(C)C
CSi(Si)(Si)CC(C)CCC
CSi(Si)(Si)CC(CC)CC
CSi(Si)(Si)CCC(C)(C)C
CSi(Si)(Si)CCC(C)CC
CSi(Si)(Si)CCCC(C)C
CSi(Si)(Si)CCCCCC
CSi(Si)C(C(C)(C)C)CSi
CSi(Si)C(C(C)(Si)C)CC
CSi(Si)C(C(C)C)(Si)CC
CSi(Si)C(C(C)C)CCSi
CSi(Si)C(C(C)C)SiCC
CSi(Si)C(C(Si)C)C(C)C
CSi(Si)C(C(Si)C)CCC
CSi(Si)C(C)(C(C)C)CSi
CSi(Si)C(C)(C(Si)C)CC
CSi(Si)C(C)(C)C(C)(Si)C
CSi(Si)C(C)(C)C(C)CSi
CSi(Si)C(C)(C)C(Si)CC
CSi(Si)C(C)(C)CC(Si)C
CSi(Si)C(C)(C)CCCSi
CSi(Si)C(C)(C)CSiCC
CSi(Si)C(C)(C)Si(C)(C)C
CSi(Si)C(C)(C)Si(C)CC
CSi(Si)C(C)(C)SiC(C)C
CSi(Si)C(C)(C)SiCCC
CSi(Si)C(C)(CC)CCSi
CSi(Si)C(C)(CC)SiCC
CSi(Si)C(C)(CSi)CCC
CSi(Si)C(C)(Si)C(C)(C)C
CSi(Si)C(C)(Si)C(C)CC
CSi(Si)C(C)(Si)CC(C)C
CSi(Si)C(C)(Si)CCCC
CSi(Si)C(C)C(C)(C)CSi
CSi(Si)C(C)C(C)(Si)CC
CSi(Si)C(C)C(C)C(Si)C
CSi(Si)C(C)C(C)CCSi
CSi(Si)C(C)C(C)SiCC
CSi(Si)C(C)C(CSi)CC
CSi(Si)C(C)C(Si)C(C)C
CSi(Si)C(C)C(Si)CCC
CSi(Si)C(C)CC(C)(Si)C
CSi(Si)C(C)CC(C)CSi
CSi(Si)C(C)CC(Si)CC
CSi(Si)C(C)CCC(Si)C
CSi(Si)C(C)CCCCSi
CSi(Si)C(C)CCSiCC
CSi(Si)C(C)CSi(C)(C)C
CSi(Si)C(C)CSi(C)CC
CSi(Si)C(C)CSiC(C)C
CSi(Si)C(C)CSiCCC
CSi(Si)C(C)Si(C)(C)CC
CSi(Si)C(C)Si(C)C(C)C
CSi(Si)C(C)Si(C)CCC
CSi(Si)C(C)Si(CC)CC
CSi(Si)C(C)SiC(C)(C)C
CSi(Si)C(C)SiC(C)CC
CSi(Si)C(C)SiCC(C)C
CSi(Si)C(C)SiCCCC
CSi(Si)C(CC)(CSi)CC
CSi(Si)C(CC)(Si)CCC
CSi(Si)C(CC)C(C)CSi
CSi(Si)C(CC)C(Si)CC
CSi(Si)C(CC)CC(Si)C
CSi(Si)C(CC)CCCSi
CSi(Si)C(CC)CSiCC
CSi(Si)C(CC)Si(C)CC
CSi(Si)C(CC)SiC(C)C
CSi(Si)C(CC)SiCCC
CSi(Si)C(CSi)C(C)CC
CSi(Si)C(CSi)CC(C)C
CSi(Si)C(CSi)CCCC
CSi(Si)C(Si(C)(C)C)CC
CSi(Si)C(Si)C(C)(C)CC
CSi(Si)C(Si)C(C)C(C)C
CSi(Si)C(Si)C(C)CCC
CSi(Si)C(Si)C(CC)CC
CSi(Si)C(Si)CC(C)(C)C
CSi(Si)C(Si)CC(C)CC
CSi(Si)C(Si)CCC(C)C
CSi(Si)C(Si)CCCCC
CSi(Si)CC(C(C)C)CSi
CSi(Si)CC(C(Si)C)CC
CSi(Si)CC(C)(C)C(Si)C
CSi(Si)CC(C)(C)CCSi
CSi(Si)CC(C)(C)SiCC
CSi(Si)CC(C)(CSi)CC
CSi(Si)CC(C)(Si)C(C)C
CSi(Si)CC(C)(Si)CCC
CSi(Si)CC(C)C(C)(Si)C
CSi(Si)CC(C)C(C)CSi
CSi(Si)CC(C)C(Si)CC
CSi(Si)CC(C)CC(Si)C
CSi(Si)CC(C)CCCSi
CSi(Si)CC(C)CSiCC
CSi(Si)CC(C)Si(C)(C)C
CSi(Si)CC(C)Si(C)CC
CSi(Si)CC(C)SiC(C)C
CSi(Si)CC(C)SiCCC
CSi(Si)CC(CC)(Si)CC
CSi(Si)CC(CC)CCSi
CSi(Si)CC(CC)SiCC
CSi(Si)CC(CSi)CCC
CSi(Si)CC(Si)C(C)(C)C
CSi(Si)CC(Si)C(C)CC
CSi(Si)CC(Si)CC(C)C
CSi(Si)CC(Si)CCCC
CSi(Si)CC(SiC)CCC
CSi(Si)CCC(C)(C)CSi
CSi(Si)CCC(C)(Si)CC
CSi(Si)CCC(C)C(Si)C
CSi(Si)CCC(C)CCSi
CSi(Si)CCC(C)SiCC
CSi(Si)CCC(CSi)CC
CSi(Si)CCC(Si)C(C)C
CSi(Si)CCC(Si)CCC
CSi(Si)CCCC(C)(Si)C
CSi(Si)CCCC(C)CSi
CSi(Si)CCCC(Si)CC
CSi(Si)CCCCC(Si)C
CSi(Si)CCCCCCSi
CSi(Si)CCCCSiCC
CSi(Si)CCCSi(C)(C)C
CSi(Si)CCCSi(C)CC
CSi(Si)CCCSiC(C)C
CSi(Si)CCCSiCCC
CSi(Si)CCSi(C)(C)CC
CSi(Si)CCSi(C)C(C)C
CSi(Si)CCSi(C)CCC
CSi(Si)CCSi(CC)CC
CSi(Si)CCSiC(C)(C)C
CSi(Si)CCSiC(C)CC
CSi(Si)CCSiCC(C)C
CSi(Si)CCSiCCCC
CSi(Si)CSi(C(C)C)CC
CSi(Si)CSi(C)(C)C(C)C
CSi(Si)CSi(C)(C)CCC
CSi(Si)CSi(C)(CC)CC
CSi(Si)CSi(C)C(C)(C)C
CSi(Si)CSi(C)C(C)CC
CSi(Si)CSi(C)CC(C)C
CSi(Si)CSi(C)CCCC
CSi(Si)CSi(CC)CCC
CSi(Si)CSiC(C)(C)CC
CSi(Si)CSiC(C)C(C)C
CSi(Si)CSiC(C)CCC
CSi(Si)CSiC(CC)CC
CSi(Si)CSiCC(C)(C)C
CSi(Si)CSiCC(C)CC
CSi(Si)CSiCCC(C)C
CSi(Si)CSiCCCCC
CSi(Si)Si(C(C)(C)C)CC
CSi(Si)Si(C(C)C)C(C)C
CSi(Si)Si(C(C)C)CCC
CSi(Si)Si(C)(C(C)C)CC
CSi(Si)Si(C)(C)C(C)(C)C
CSi(Si)Si(C)(C)C(C)CC
CSi(Si)Si(C)(C)CC(C)C
CSi(Si)Si(C)(C)CCCC
CSi(Si)Si(C)(CC)CCC
CSi(Si)Si(C)C(C)(C)CC
CSi(Si)Si(C)C(C)C(C)C
CSi(Si)Si(C)C(C)CCC
CSi(Si)Si(C)C(CC)CC
CSi(Si)Si(C)CC(C)(C)C
CSi(Si)Si(C)CC(C)CC
CSi(Si)Si(C)CCC(C)C
CSi(Si)Si(C)CCCCC
CSi(Si)Si(CC)(CC)CC
CSi(Si)Si(CC)C(C)CC
CSi(Si)Si(CC)CC(C)C
CSi(Si)Si(CC)CCCC
CSi(Si)SiC(C(C)C)CC
CSi(Si)SiC(C)(C)C(C)C
CSi(Si)SiC(C)(C)CCC
CSi(Si)SiC(C)(CC)CC
CSi(Si)SiC(C)C(C)(C)C
CSi(Si)SiC(C)C(C)CC
CSi(Si)SiC(C)CC(C)C
CSi(Si)SiC(C)CCCC
CSi(Si)SiC(CC)CCC
CSi(Si)SiCC(C)(C)CC
CSi(Si)SiCC(C)C(C)C
CSi(Si)SiCC(C)CCC
CSi(Si)SiCC(CC)CC
CSi(Si)SiCCC(C)(C)C
CSi(Si)SiCCC(C)CC
CSi(Si)SiCCCC(C)C
CSi(Si)SiCCCCCC
CSiC(C(C)(C)C)(Si)CSi
CSiC(C(C)(C)C)C(Si)Si
CSiC(C(C)(C)C)CSiSi
CSiC(C(C)(C)C)SiCSi
CSiC(C(C)(Si)C)(Si)CC
CSiC(C(C)(Si)C)C(Si)C
CSiC(C(C)(Si)C)CCSi
CSiC(C(C)(Si)C)SiCC
CSiC(C(C)C)(Si)CCSi
CSiC(C(C)C)(Si)SiCC
CSiC(C(C)C)(SiC)CSi
CSiC(C(C)C)(SiSi)CC
CSiC(C(C)C)C(C)SiSi
CSiC(C(C)C)C(Si)CSi
CSiC(C(C)C)C(Si)SiC
CSiC(C(C)C)CC(Si)Si
CSiC(C(C)C)CCSiSi
CSiC(C(C)C)CSi(Si)C
CSiC(C(C)C)CSiCSi
CSiC(C(C)C)Si(C)CSi
CSiC(C(C)C)Si(Si)CC
CSiC(C(C)C)SiC(Si)C
CSiC(C(C)C)SiCCSi
CSiC(C(C)C)SiSi(C)C
CSiC(C(C)C)SiSiCC
CSiC(C(Si)(Si)C)C(C)C
CSiC(C(Si)(Si)C)CCC
CSiC(C(Si)C)(Si)C(C)C
CSiC(C(Si)C)(Si)CCC
CSiC(C(Si)C)(SiC)CC
CSiC(C(Si)C)C(C)CSi
CSiC(C(Si)C)C(C)SiC
CSiC(C(Si)C)C(Si)CC
CSiC(C(Si)C)CC(Si)C
CSiC(C(Si)C)CCCSi
CSiC(C(Si)C)CSi(C)C
CSiC(C(Si)C)CSiCC
CSiC(C(Si)C)Si(C)CC
CSiC(C(Si)C)SiC(C)C
CSiC(C(Si)C)SiCCC
CSiC(C(Si)Si)C(C)CC
CSiC(C(Si)Si)CC(C)C
CSiC(C(Si)Si)CCCC
CSiC(C)(C(C)(Si)C)CSi
CSiC(C)(C(C)C)CSiSi
CSiC(C)(C(C)C)SiCSi
CSiC(C)(C(Si)(Si)C)CC
CSiC(C)(C(Si)C)C(Si)C
CSiC(C)(C(Si)C)CCSi
CSiC(C)(C(Si)C)SiCC
CSiC(C)(C(Si)Si)C(C)C
CSiC(C)(C(Si)Si)CCC
CSiC(C)(C)C(C)(C)SiSi
CSiC(C)(C)C(C)(Si)CSi
CSiC(C)(C)C(C)(Si)SiC
CSiC(C)(C)C(C)C(Si)Si
CSiC(C)(C)C(C)CSiSi
CSiC(C)(C)C(C)Si(Si)C
CSiC(C)(C)C(C)SiCSi
CSiC(C)(C)C(CSi)CSi
CSiC(C)(C)C(Si)(Si)CC
CSiC(C)(C)C(Si)C(Si)C
CSiC(C)(C)C(Si)CCSi
CSiC(C)(C)C(Si)Si(C)C
CSiC(C)(C)C(Si)SiCC
CSiC(C)(C)C(SiSi)CC
CSiC(C)(C)CC(C)SiSi
CSiC(C)(C)CC(Si)(Si)C
CSiC(C)(C)CC(Si)CSi
CSiC(C)(C)CCC(Si)Si
CSiC(C)(C)CCCSiSi
CSiC(C)(C)CCSi(Si)C
CSiC(C)(C)CCSiCSi
CSiC(C)(C)CSi(C)(Si)C
CSiC(C)(C)CSi(C)CSi
CSiC(C)(C)CSi(Si)CC
CSiC(C)(C)CSiC(Si)C
CSiC(C)(C)CSiCCSi
CSiC(C)(C)CSiSi(C)C
CSiC(C)(C)CSiSiCC
CSiC(C)(C)Si(C)(C)CSi
CSiC(C)(C)Si(C)(Si)CC
CSiC(C)(C)Si(C)C(Si)C
CSiC(C)(C)Si(C)CCSi
CSiC(C)(C)Si(C)Si(C)C
CSiC(C)(C)Si(C)SiCC
CSiC(C)(C)Si(CC)CSi
CSiC(C)(C)Si(Si)C(C)C
CSiC(C)(C)Si(Si)CCC
CSiC(C)(C)SiC(C)(Si)C
CSiC(C)(C)SiC(C)CSi
CSiC(C)(C)SiC(Si)CC
CSiC(C)(C)SiCC(Si)C
CSiC(C)(C)SiCCCSi
CSiC(C)(C)SiCSi(C)C
CSiC(C)(C)SiCSiCC
CSiC(C)(C)SiSi(C)(C)C
CSiC(C)(C)SiSi(C)CC
CSiC(C)(C)SiSiC(C)C
CSiC(C)(C)SiSiCCC
CSiC(C)(CC)C(C)SiSi
CSiC(C)(CC)C(Si)CSi
CSiC(C)(CC)CC(Si)Si
CSiC(C)(CC)CCSiSi
CSiC(C)(CC)CSi(Si)C
CSiC(C)(CC)CSiCSi
CSiC(C)(CC)Si(C)CSi
CSiC(C)(CC)Si(Si)CC
CSiC(C)(CC)SiC(Si)C
CSiC(C)(CC)SiCCSi
CSiC(C)(CC)SiSi(C)C
CSiC(C)(CC)SiSiCC
CSiC(C)(CSi)C(C)CSi
CSiC(C)(CSi)C(Si)CC
CSiC(C)(CSi)CC(Si)C
CSiC(C)(CSi)CCCSi
CSiC(C)(CSi)CSi(C)C
CSiC(C)(CSi)CSiCC
CSiC(C)(CSi)Si(C)CC
CSiC(C)(CSi)SiC(C)C
CSiC(C)(CSi)SiCCC
CSiC(C)(Si(C)(C)C)CSi
CSiC(C)(Si(C)(C)C)SiC
CSiC(C)(Si(C)(Si)C)CC
CSiC(C)(Si(C)C)C(Si)C
CSiC(C)(Si(C)C)CCSi
CSiC(C)(Si(C)C)Si(C)C
CSiC(C)(Si(C)C)SiCC
CSiC(C)(Si(Si)C)C(C)C
CSiC(C)(Si(Si)C)CCC
CSiC(C)(Si)C(C)(C)CSi
CSiC(C)(Si)C(C)(Si)CC
CSiC(C)(Si)C(C)C(Si)C
CSiC(C)(Si)C(C)CCSi
CSiC(C)(Si)C(C)Si(C)C
CSiC(C)(Si)C(C)SiCC
CSiC(C)(Si)C(CSi)CC
CSiC(C)(Si)C(Si)C(C)C
CSiC(C)(Si)C(Si)CCC
CSiC(C)(Si)CC(C)(Si)C
CSiC(C)(Si)CC(C)CSi
CSiC(C)(Si)CC(Si)CC
CSiC(C)(Si)CCC(Si)C
CSiC(C)(Si)CCCCSi
CSiC(C)(Si)CCSi(C)C
CSiC(C)(Si)CCSiCC
CSiC(C)(Si)CSi(C)(C)C
CSiC(C)(Si)CSi(C)CC
CSiC(C)(Si)CSiC(C)C
CSiC(C)(Si)CSiCCC
CSiC(C)(Si)Si(C)(C)CC
CSiC(C)(Si)Si(C)C(C)C
CSiC(C)(Si)Si(C)CCC
CSiC(C)(Si)Si(CC)CC
CSiC(C)(Si)SiC(C)(C)C
CSiC(C)(Si)SiC(C)CC
CSiC(C)(Si)SiCC(C)C
CSiC(C)(Si)SiCCCC
CSiC(C)(SiC)C(C)(Si)C
CSiC(C)(SiC)C(C)CSi
CSiC(C)(SiC)C(Si)CC
CSiC(C)(SiC)CC(Si)C
CSiC(C)(SiC)CCCSi
CSiC(C)(SiC)CSi(C)C
CSiC(C)(SiC)CSiCC
CSiC(C)(SiC)Si(C)CC
CSiC(C)(SiC)SiC(C)C
CSiC(C)(SiC)SiCCC
CSiC(C)(SiSi)C(C)(C)C
CSiC(C)(SiSi)C(C)CC
CSiC(C)(SiSi)CC(C)C
CSiC(C)(SiSi)CCCC
CSiC(C)C(C(Si)C)CSi
CSiC(C)C(C(Si)Si)CC
CSiC(C)C(C)(C)C(Si)Si
CSiC(C)C(C)(C)CSiSi
CSiC(C)C(C)(C)Si(Si)C
CSiC(C)C(C)(C)SiCSi
CSiC(C)C(C)(CSi)CSi
CSiC(C)C(C)(Si)C(Si)C
CSiC(C)C(C)(Si)CCSi
CSiC(C)C(C)(Si)Si(C)C
CSiC(C)C(C)(Si)SiCC
CSiC(C)C(C)(SiC)CSi
CSiC(C)C(C)(SiC)SiC
CSiC(C)C(C)(SiSi)CC
CSiC(C)C(C)C(C)SiSi
CSiC(C)C(C)C(Si)(Si)C
CSiC(C)C(C)C(Si)CSi
CSiC(C)C(C)C(Si)SiC
CSiC(C)C(C)CC(Si)Si
CSiC(C)C(C)CCSiSi
CSiC(C)C(C)CSi(Si)C
CSiC(C)C(C)CSiCSi
CSiC(C)C(C)Si(C)(Si)C
CSiC(C)C(C)Si(C)CSi
CSiC(C)C(C)Si(Si)CC
CSiC(C)C(C)SiC(Si)C
CSiC(C)C(C)SiCCSi
CSiC(C)C(C)SiSi(C)C
CSiC(C)C(C)SiSiCC
CSiC(C)C(CC)CSiSi
CSiC(C)C(CC)SiCSi
CSiC(C)C(CSi)(Si)CC
CSiC(C)C(CSi)CCSi
CSiC(C)C(CSi)SiCC
CSiC(C)C(Si(C)C)CSi
CSiC(C)C(Si(C)C)SiC
CSiC(C)C(Si(Si)C)CC
CSiC(C)C(Si)(Si)C(C)C
CSiC(C)C(Si)(Si)CCC
CSiC(C)C(Si)(SiC)CC
CSiC(C)C(Si)C(C)(Si)C
CSiC(C)C(Si)C(C)CSi
CSiC(C)C(Si)C(C)SiC
CSiC(C)C(Si)C(Si)CC
CSiC(C)C(Si)CC(Si)C
CSiC(C)C(Si)CCCSi
CSiC(C)C(Si)CSi(C)C
CSiC(C)C(Si)CSiCC
CSiC(C)C(Si)Si(C)(C)C
CSiC(C)C(Si)Si(C)CC
CSiC(C)C(Si)SiC(C)C
CSiC(C)C(Si)SiCCC
CSiC(C)C(SiC)CCSi
CSiC(C)C(SiC)SiCC
CSiC(C)C(SiSi)C(C)C
CSiC(C)C(SiSi)CCC
CSiC(C)CC(C)(C)SiSi
CSiC(C)CC(C)(Si)CSi
CSiC(C)CC(C)(Si)SiC
CSiC(C)CC(C)C(Si)Si
CSiC(C)CC(C)CSiSi
CSiC(C)CC(C)Si(Si)C
CSiC(C)CC(C)SiCSi
CSiC(C)CC(CSi)CSi
CSiC(C)CC(Si)(Si)CC
CSiC(C)CC(Si)C(Si)C
CSiC(C)CC(Si)CCSi
CSiC(C)CC(Si)Si(C)C
CSiC(C)CC(Si)SiCC
CSiC(C)CC(SiC)SiC
CSiC(C)CC(SiSi)CC
CSiC(C)CCC(C)SiSi
CSiC(C)CCC(Si)(Si)C
CSiC(C)CCC(Si)CSi
CSiC(C)CCC(Si)SiC
CSiC(C)CCCC(Si)Si
CSiC(C)CCCCSiSi
CSiC(C)CCCSi(Si)C
CSiC(C)CCCSiCSi
CSiC(C)CCSi(C)(Si)C
CSiC(C)CCSi(C)CSi
CSiC(C)CCSi(Si)CC
CSiC(C)CCSiC(Si)C
CSiC(C)CCSiCCSi
CSiC(C)CCSiSi(C)C
CSiC(C)CCSiSiCC
CSiC(C)CSi(C)(C)CSi
CSiC(C)CSi(C)(Si)CC
CSiC(C)CSi(C)C(Si)C
CSiC(C)CSi(C)CCSi
CSiC(C)CSi(C)Si(C)C
CSiC(C)CSi(C)SiCC
CSiC(C)CSi(CC)CSi
CSiC(C)CSi(Si)C(C)C
CSiC(C)CSi(Si)CCC
CSiC(C)CSiC(C)(Si)C
CSiC(C)CSiC(C)CSi
CSiC(C)CSiC(C)SiC
CSiC(C)CSiC(Si)CC
CSiC(C)CSiCC(Si)C
CSiC(C)CSiCCCSi
CSiC(C)CSiCSi(C)C
CSiC(C)CSiCSiCC
CSiC(C)CSiSi(C)(C)C
CSiC(C)CSiSi(C)CC
CSiC(C)CSiSiC(C)C
CSiC(C)CSiSiCCC
CSiC(C)Si(C(C)C)CSi
CSiC(C)Si(C(Si)C)CC
CSiC(C)Si(C)(C)C(Si)C
CSiC(C)Si(C)(C)CCSi
CSiC(C)Si(C)(C)Si(C)C
CSiC(C)Si(C)(C)SiCC
CSiC(C)Si(C)(CC)CSi
CSiC(C)Si(C)(Si)C(C)C
CSiC(C)Si(C)(Si)CCC
CSiC(C)Si(C)C(C)(Si)C
CSiC(C)Si(C)C(C)CSi
CSiC(C)Si(C)C(C)SiC
CSiC(C)Si(C)C(Si)CC
CSiC(C)Si(C)CC(Si)C
CSiC(C)Si(C)CCCSi
CSiC(C)Si(C)CSi(C)C
CSiC(C)Si(C)CSiCC
CSiC(C)Si(C)Si(C)(C)C
CSiC(C)Si(C)Si(C)CC
CSiC(C)Si(C)SiC(C)C
CSiC(C)Si(C)SiCCC
CSiC(C)Si(CC)(Si)CC
CSiC(C)Si(CC)CCSi
CSiC(C)Si(CC)SiCC
CSiC(C)Si(CSi)CCC
CSiC(C)Si(Si(C)C)CC
CSiC(C)Si(Si)C(C)(C)C
CSiC(C)Si(Si)C(C)CC
CSiC(C)Si(Si)CC(C)C
CSiC(C)Si(Si)CCCC
CSiC(C)Si(SiC)CCC
CSiC(C)SiC(C)(C)CSi
CSiC(C)SiC(C)(C)SiC
CSiC(C)SiC(C)(Si)CC
CSiC(C)SiC(C)C(Si)C
CSiC(C)SiC(C)CCSi
CSiC(C)SiC(C)Si(C)C
CSiC(C)SiC(C)SiCC
CSiC(C)SiC(CSi)CC
CSiC(C)SiC(Si)C(C)C
CSiC(C)SiC(Si)CCC
CSiC(C)SiCC(C)(Si)C
CSiC(C)SiCC(C)CSi
CSiC(C)SiCC(Si)CC
CSiC(C)SiCCC(Si)C
CSiC(C)SiCCCCSi
CSiC(C)SiCCSi(C)C
CSiC(C)SiCCSiCC
CSiC(C)SiCSi(C)(C)C
CSiC(C)SiCSi(C)CC
CSiC(C)SiCSiC(C)C
CSiC(C)SiCSiCCC
CSiC(C)SiSi(C)(C)CC
CSiC(C)SiSi(C)C(C)C
CSiC(C)SiSi(C)CCC
CSiC(C)SiSi(CC)CC
CSiC(C)SiSiC(C)(C)C
CSiC(C)SiSiC(C)CC
CSiC(C)SiSiCC(C)C
CSiC(C)SiSiCCCC
CSiC(CC)(C(Si)Si)CC
CSiC(CC)(CC)CSiSi
CSiC(CC)(CC)SiCSi
CSiC(CC)(CSi)CCSi
CSiC(CC)(CSi)SiCC
CSiC(CC)(Si(Si)C)CC
CSiC(CC)(Si)C(C)CSi
CSiC(CC)(Si)C(Si)CC
CSiC(CC)(Si)CC(Si)C
CSiC(CC)(Si)CCCSi
CSiC(CC)(Si)CSi(C)C
CSiC(CC)(Si)CSiCC
CSiC(CC)(Si)Si(C)CC
CSiC(CC)(Si)SiC(C)C
CSiC(CC)(Si)SiCCC
CSiC(CC)(SiC)CCSi
CSiC(CC)(SiC)SiCC
CSiC(CC)(SiSi)CCC
CSiC(CC)C(C)(C)SiSi
CSiC(CC)C(C)(Si)CSi
CSiC(CC)C(C)(Si)SiC
CSiC(CC)C(C)C(Si)Si
CSiC(CC)C(C)CSiSi
CSiC(CC)C(C)Si(Si)C
CSiC(CC)C(C)SiCSi
CSiC(CC)C(CSi)CSi
CSiC(CC)C(Si)(Si)CC
CSiC(CC)C(Si)C(Si)C
CSiC(CC)C(Si)CCSi
CSiC(CC)C(Si)Si(C)C
CSiC(CC)C(Si)SiCC
CSiC(CC)C(SiC)SiC
CSiC(CC)C(SiSi)CC
CSiC(CC)CC(C)SiSi
CSiC(CC)CC(Si)(Si)C
CSiC(CC)CC(Si)CSi
CSiC(CC)CC(Si)SiC
CSiC(CC)CCC(Si)Si
CSiC(CC)CCCSiSi
CSiC(CC)CCSi(Si)C
CSiC(CC)CCSiCSi
CSiC(CC)CSi(C)(Si)C
CSiC(CC)CSi(C)CSi
CSiC(CC)CSi(Si)CC
CSiC(CC)CSiC(Si)C
CSiC(CC)CSiCCSi
CSiC(CC)CSiSi(C)C
CSiC(CC)CSiSiCC
CSiC(CC)Si(C)(C)CSi
CSiC(CC)Si(C)(Si)CC
CSiC(CC)Si(C)C(Si)C
CSiC(CC)Si(C)CCSi
CSiC(CC)Si(C)Si(C)C
CSiC(CC)Si(C)SiCC
CSiC(CC)Si(CC)CSi
CSiC(CC)Si(Si)C(C)C
CSiC(CC)Si(Si)CCC
CSiC(CC)SiC(C)(Si)C
CSiC(CC)SiC(C)CSi
CSiC(CC)SiC(C)SiC
CSiC(CC)SiC(Si)CC
CSiC(CC)SiCC(Si)C
CSiC(CC)SiCCCSi
CSiC(CC)SiCSi(C)C
CSiC(CC)SiCSiCC
CSiC(CC)SiSi(C)(C)C
CSiC(CC)SiSi(C)CC
CSiC(CC)SiSiC(C)C
CSiC(CC)SiSiCCC
CSiC(CSi)(C(C)C)CSi
CSiC(CSi)(C(Si)C)CC
CSiC(CSi)(CSi)CCC
CSiC(CSi)(Si(C)C)CC
CSiC(CSi)(Si)C(C)CC
CSiC(CSi)(Si)CC(C)C
CSiC(CSi)(Si)CCCC
CSiC(CSi)(SiC)CCC
CSiC(CSi)C(C)(C)CSi
CSiC(CSi)C(C)(C)SiC
CSiC(CSi)C(C)(Si)CC
CSiC(CSi)C(C)C(Si)C
CSiC(CSi)C(C)CCSi
CSiC(CSi)C(C)Si(C)C
CSiC(CSi)C(C)SiCC
CSiC(CSi)C(CSi)CC
CSiC(CSi)C(Si)C(C)C
CSiC(CSi)C(Si)CCC
CSiC(CSi)C(SiC)CC
CSiC(CSi)CC(C)(Si)C
CSiC(CSi)CC(C)CSi
CSiC(CSi)CC(C)SiC
CSiC(CSi)CC(Si)CC
CSiC(CSi)CCC(Si)C
CSiC(CSi)CCCCSi
CSiC(CSi)CCSi(C)C
CSiC(CSi)CCSiCC
CSiC(CSi)CSi(C)(C)C
CSiC(CSi)CSi(C)CC
CSiC(CSi)CSiC(C)C
CSiC(CSi)CSiCCC
CSiC(CSi)Si(C)(C)CC
CSiC(CSi)Si(C)C(C)C
CSiC(CSi)Si(C)CCC
CSiC(CSi)Si(CC)CC
CSiC(CSi)SiC(C)(C)C
CSiC(CSi)SiC(C)CC
CSiC(CSi)SiCC(C)C
CSiC(CSi)SiCCCC
CSiC(Si(C)(C)C)C(Si)C
CSiC(Si(C)(C)C)CCSi
CSiC(Si(C)(C)C)Si(C)C
CSiC(Si(C)(C)C)SiCC
CSiC(Si(C)(Si)C)C(C)C
CSiC(Si(C)(Si)C)CCC
CSiC(Si(C)C)C(C)(Si)C
CSiC(Si(C)C)C(C)CSi
CSiC(Si(C)C)C(Si)CC
CSiC(Si(C)C)CC(Si)C
CSiC(Si(C)C)CCCSi
CSiC(Si(C)C)CSi(C)C
CSiC(Si(C)C)CSiCC
CSiC(Si(C)C)Si(C)CC
CSiC(Si(C)C)SiC(C)C
CSiC(Si(C)C)SiCCC
CSiC(Si(Si)C)C(C)(C)C
CSiC(Si(Si)C)C(C)CC
CSiC(Si(Si)C)CC(C)C
CSiC(Si(Si)C)CCCC
CSiC(Si)(Si(C)(C)C)CC
CSiC(Si)(Si(C)C)C(C)C
CSiC(Si)(Si(C)C)CCC
CSiC(Si)(Si)C(C)(C)CC
CSiC(Si)(Si)C(C)C(C)C
CSiC(Si)(Si)C(C)CCC
CSiC(Si)(Si)C(CC)CC
CSiC(Si)(Si)CC(C)(C)C
CSiC(Si)(Si)CC(C)CC
CSiC(Si)(Si)CCC(C)C
CSiC(Si)(Si)CCCCC
CSiC(Si)(SiC)C(C)(C)C
CSiC(Si)(SiC)C(C)CC
CSiC(Si)(SiC)CC(C)C
CSiC(Si)(SiC)CCCC
CSiC(Si)C(C(C)C)CSi
CSiC(Si)C(C(Si)C)CC
CSiC(Si)C(C)(C)C(Si)C
CSiC(Si)C(C)(C)CCSi
CSiC(Si)C(C)(C)Si(C)C
CSiC(Si)C(C)(C)SiCC
CSiC(Si)C(C)(CSi)CC
CSiC(Si)C(C)(Si)C(C)C
CSiC(Si)C(C)(Si)CCC
CSiC(Si)C(C)(SiC)CC
CSiC(Si)C(C)C(C)(Si)C
CSiC(Si)C(C)C(C)CSi
CSiC(Si)C(C)C(Si)CC
CSiC(Si)C(C)CC(Si)C
CSiC(Si)C(C)CCCSi
CSiC(Si)C(C)CSi(C)C
CSiC(Si)C(C)CSiCC
CSiC(Si)C(C)Si(C)(C)C
CSiC(Si)C(C)Si(C)CC
CSiC(Si)C(C)SiC(C)C
CSiC(Si)C(C)SiCCC
CSiC(Si)C(CC)(Si)CC
CSiC(Si)C(CC)CCSi
CSiC(Si)C(CC)SiCC
CSiC(Si)C(CSi)CCC
CSiC(Si)C(Si(C)C)CC
CSiC(Si)C(Si)C(C)(C)C
CSiC(Si)C(Si)C(C)CC
CSiC(Si)C(Si)CC(C)C
CSiC(Si)C(Si)CCCC
CSiC(Si)C(SiC)CCC
CSiC(Si)CC(C)(C)CSi
CSiC(Si)CC(C)(C)SiC
CSiC(Si)CC(C)(Si)CC
CSiC(Si)CC(C)C(Si)C
CSiC(Si)CC(C)CCSi
CSiC(Si)CC(C)Si(C)C
CSiC(Si)CC(C)SiCC
CSiC(Si)CC(CSi)CC
CSiC(Si)CC(Si)C(C)C
CSiC(Si)CC(Si)CCC
CSiC(Si)CCC(C)(Si)C
CSiC(Si)CCC(C)CSi
CSiC(Si)CCC(Si)CC
CSiC(Si)CCCC(Si)C
CSiC(Si)CCCCCSi
CSiC(Si)CCCSi(C)C
CSiC(Si)CCCSiCC
CSiC(Si)CCSi(C)(C)C
CSiC(Si)CCSi(C)CC
CSiC(Si)CCSiC(C)C
CSiC(Si)CCSiCCC
CSiC(Si)CSi(C)(C)CC
CSiC(Si)CSi(C)C(C)C
CSiC(Si)CSi(C)CCC
CSiC(Si)CSi(CC)CC
CSiC(Si)CSiC(C)(C)C
CSiC(Si)CSiC(C)CC
CSiC(Si)CSiCC(C)C
CSiC(Si)CSiCCCC
CSiC(Si)Si(C(C)C)CC
CSiC(Si)Si(C)(C)C(C)C
CSiC(Si)Si(C)(C)CCC
CSiC(Si)Si(C)(CC)CC
CSiC(Si)Si(C)C(C)(C)C
CSiC(Si)Si(C)C(C)CC
CSiC(Si)Si(C)CC(C)C
CSiC(Si)Si(C)CCCC
CSiC(Si)Si(CC)CCC
CSiC(Si)SiC(C)(C)CC
CSiC(Si)SiC(C)C(C)C
CSiC(Si)SiC(C)CCC
CSiC(Si)SiC(CC)CC
CSiC(Si)SiCC(C)(C)C
CSiC(Si)SiCC(C)CC
CSiC(Si)SiCCC(C)C
CSiC(Si)SiCCCCC
CSiC(SiC)(Si(C)C)CC
CSiC(SiC)(SiC)C(C)C
CSiC(SiC)(SiC)CCC
CSiC(SiC)C(C)(C)CSi
CSiC(SiC)C(C)(C)SiC
CSiC(SiC)C(C)(Si)CC
CSiC(SiC)C(C)C(Si)C
CSiC(SiC)C(C)CCSi
CSiC(SiC)C(C)Si(C)C
CSiC(SiC)C(C)SiCC
CSiC(SiC)C(CSi)CC
CSiC(SiC)C(Si)C(C)C
CSiC(SiC)C(Si)CCC
CSiC(SiC)CC(C)(Si)C
CSiC(SiC)CC(C)CSi
CSiC(SiC)CC(Si)CC
CSiC(SiC)CCC(Si)C
CSiC(SiC)CCCCSi
CSiC(SiC)CCSi(C)C
CSiC(SiC)CCSiCC
CSiC(SiC)CSi(C)(C)C
CSiC(SiC)CSi(C)CC
CSiC(SiC)CSiC(C)C
CSiC(SiC)CSiCCC
CSiC(SiC)Si(C)(C)CC
CSiC(SiC)Si(C)C(C)C
CSiC(SiC)Si(C)CCC
CSiC(SiC)Si(CC)CC
CSiC(SiC)SiC(C)(C)C
CSiC(SiC)SiC(C)CC
CSiC(SiC)SiCC(C)C
CSiC(SiC)SiCCCC
CSiC(SiSi)C(C)(C)CC
CSiC(SiSi)C(C)C(C)C
CSiC(SiSi)C(C)CCC
CSiC(SiSi)C(CC)CC
CSiC(SiSi)CC(C)(C)C
CSiC(SiSi)CC(C)CC
CSiC(SiSi)CCC(C)C
CSiC(SiSi)CCCCC
CSiCC(C(C)(Si)C)CSi
CSiCC(C(C)C)(Si)CSi
CSiCC(C(C)C)CSiSi
CSiCC(C(C)C)SiCSi
CSiCC(C(Si)(Si)C)CC
CSiCC(C(Si)C)(Si)CC
CSiCC(C(Si)C)C(Si)C
CSiCC(C(Si)C)CCSi
CSiCC(C(Si)C)CSiC
CSiCC(C(Si)C)SiCC
CSiCC(C(Si)Si)C(C)C
CSiCC(C(Si)Si)CCC
CSiCC(C)(C(Si)C)CSi
CSiCC(C)(C(Si)Si)CC
CSiCC(C)(C)C(C)SiSi
CSiCC(C)(C)C(Si)(Si)C
CSiCC(C)(C)C(Si)CSi
CSiCC(C)(C)C(Si)SiC
CSiCC(C)(C)CC(Si)Si
CSiCC(C)(C)CCSiSi
CSiCC(C)(C)CSi(Si)C
CSiCC(C)(C)CSiCSi
CSiCC(C)(C)Si(C)(Si)C
CSiCC(C)(C)Si(C)CSi
CSiCC(C)(C)Si(Si)CC
CSiCC(C)(C)SiC(Si)C
CSiCC(C)(C)SiCCSi
CSiCC(C)(C)SiSi(C)C
CSiCC(C)(C)SiSiCC
CSiCC(C)(CC)CSiSi
CSiCC(C)(CC)SiCSi
CSiCC(C)(CSi)CCSi
CSiCC(C)(CSi)CSiC
CSiCC(C)(CSi)SiCC
CSiCC(C)(Si(C)C)CSi
CSiCC(C)(Si(C)C)SiC
CSiCC(C)(Si(Si)C)CC
CSiCC(C)(Si)C(C)(Si)C
CSiCC(C)(Si)C(C)CSi
CSiCC(C)(Si)C(C)SiC
CSiCC(C)(Si)C(Si)CC
CSiCC(C)(Si)CC(Si)C
CSiCC(C)(Si)CCCSi
CSiCC(C)(Si)CSi(C)C
CSiCC(C)(Si)CSiCC
CSiCC(C)(Si)Si(C)(C)C
CSiCC(C)(Si)Si(C)CC
CSiCC(C)(Si)SiC(C)C
CSiCC(C)(Si)SiCCC
CSiCC(C)(SiC)C(Si)C
CSiCC(C)(SiC)CCSi
CSiCC(C)(SiC)CSiC
CSiCC(C)(SiC)SiCC
CSiCC(C)(SiSi)C(C)C
CSiCC(C)(SiSi)CCC
CSiCC(C)C(C)(C)SiSi
CSiCC(C)C(C)(Si)CSi
CSiCC(C)C(C)(Si)SiC
CSiCC(C)C(C)C(Si)Si
CSiCC(C)C(C)CSiSi
CSiCC(C)C(C)Si(Si)C
CSiCC(C)C(C)SiCSi
CSiCC(C)C(CSi)CSi
CSiCC(C)C(Si)(Si)CC
CSiCC(C)C(Si)C(Si)C
CSiCC(C)C(Si)CCSi
CSiCC(C)C(Si)CSiC
CSiCC(C)C(Si)Si(C)C
CSiCC(C)C(Si)SiCC
CSiCC(C)C(SiC)CSi
CSiCC(C)C(SiC)SiC
CSiCC(C)C(SiSi)CC
CSiCC(C)CC(C)SiSi
CSiCC(C)CC(Si)(Si)C
CSiCC(C)CC(Si)CSi
CSiCC(C)CC(Si)SiC
CSiCC(C)CCC(Si)Si
CSiCC(C)CCCSiSi
CSiCC(C)CCSi(Si)C
CSiCC(C)CCSiCSi
CSiCC(C)CSi(C)(Si)C
CSiCC(C)CSi(C)CSi
CSiCC(C)CSi(Si)CC
CSiCC(C)CSiC(Si)C
CSiCC(C)CSiCCSi
CSiCC(C)CSiSi(C)C
CSiCC(C)CSiSiCC
CSiCC(C)Si(C)(C)CSi
CSiCC(C)Si(C)(Si)CC
CSiCC(C)Si(C)C(Si)C
CSiCC(C)Si(C)CCSi
CSiCC(C)Si(C)Si(C)C
CSiCC(C)Si(C)SiCC
CSiCC(C)Si(CC)CSi
CSiCC(C)Si(Si)C(C)C
CSiCC(C)Si(Si)CCC
CSiCC(C)SiC(C)(Si)C
CSiCC(C)SiC(C)CSi
CSiCC(C)SiC(C)SiC
CSiCC(C)SiC(Si)CC
CSiCC(C)SiCC(Si)C
CSiCC(C)SiCCCSi
CSiCC(C)SiCSi(C)C
CSiCC(C)SiCSiCC
CSiCC(C)SiSi(C)(C)C
CSiCC(C)SiSi(C)CC
CSiCC(C)SiSiC(C)C
CSiCC(C)SiSiCCC
CSiCC(CC)(Si)CCSi
CSiCC(CC)(Si)CSiC
CSiCC(CC)(Si)SiCC
CSiCC(CC)(SiSi)CC
CSiCC(CC)C(C)SiSi
CSiCC(CC)C(Si)CSi
CSiCC(CC)C(Si)SiC
CSiCC(CC)CC(Si)Si
CSiCC(CC)CCSiSi
CSiCC(CC)CSi(Si)C
CSiCC(CC)CSiCSi
CSiCC(CC)Si(C)CSi
CSiCC(CC)Si(Si)CC
CSiCC(CC)SiC(Si)C
CSiCC(CC)SiCCSi
CSiCC(CC)SiSi(C)C
CSiCC(CC)SiSiCC
CSiCC(CCSi)CCSi
CSiCC(CSi)(CSi)CC
CSiCC(CSi)(Si)CCC
CSiCC(CSi)(SiC)CC
CSiCC(CSi)C(C)CSi
CSiCC(CSi)C(C)SiC
CSiCC(CSi)C(Si)CC
CSiCC(CSi)CC(Si)C
CSiCC(CSi)CCCSi
CSiCC(CSi)CSi(C)C
CSiCC(CSi)CSiCC
CSiCC(CSi)Si(C)CC
CSiCC(CSi)SiC(C)C
CSiCC(CSi)SiCCC
CSiCC(CSiC)CCSi
CSiCC(CSiC)CSiC
CSiCC(CSiSi)CCC
CSiCC(Si(C)(C)C)CSi
CSiCC(Si(C)(C)C)SiC
CSiCC(Si(C)(Si)C)CC
CSiCC(Si(C)C)C(Si)C
CSiCC(Si(C)C)CCSi
CSiCC(Si(C)C)CSiC
CSiCC(Si(C)C)Si(C)C
CSiCC(Si(C)C)SiCC
CSiCC(Si(Si)C)C(C)C
CSiCC(Si(Si)C)CCC
CSiCC(Si)(Si(C)C)CC
CSiCC(Si)(Si)C(C)(C)C
CSiCC(Si)(Si)C(C)CC
CSiCC(Si)(Si)CC(C)C
CSiCC(Si)(Si)CCCC
CSiCC(Si)(SiC)C(C)C
CSiCC(Si)(SiC)CCC
CSiCC(Si)C(C)(C)CSi
CSiCC(Si)C(C)(C)SiC
CSiCC(Si)C(C)(Si)CC
CSiCC(Si)C(C)C(Si)C
CSiCC(Si)C(C)CCSi
CSiCC(Si)C(C)Si(C)C
CSiCC(Si)C(C)SiCC
CSiCC(Si)C(CSi)CC
CSiCC(Si)C(Si)C(C)C
CSiCC(Si)C(Si)CCC
CSiCC(Si)C(SiC)CC
CSiCC(Si)CC(C)(Si)C
CSiCC(Si)CC(C)CSi
CSiCC(Si)CC(C)SiC
CSiCC(Si)CC(Si)CC
CSiCC(Si)CCC(Si)C
CSiCC(Si)CCCCSi
CSiCC(Si)CCSi(C)C
CSiCC(Si)CCSiCC
CSiCC(Si)CSi(C)(C)C
CSiCC(Si)CSi(C)CC
CSiCC(Si)CSiC(C)C
CSiCC(Si)CSiCCC
CSiCC(Si)Si(C)(C)CC
CSiCC(Si)Si(C)C(C)C
CSiCC(Si)Si(C)CCC
CSiCC(Si)Si(CC)CC
CSiCC(Si)SiC(C)(C)C
CSiCC(Si)SiC(C)CC
CSiCC(Si)SiCC(C)C
CSiCC(Si)SiCCCC
CSiCC(SiC)(SiC)CC
CSiCC(SiC)C(C)(Si)C
CSiCC(SiC)C(C)CSi
CSiCC(SiC)C(C)SiC
CSiCC(SiC)C(Si)CC
CSiCC(SiC)CC(Si)C
CSiCC(SiC)CCCSi
CSiCC(SiC)CSi(C)C
CSiCC(SiC)CSiCC
CSiCC(SiC)Si(C)CC
CSiCC(SiC)SiC(C)C
CSiCC(SiC)SiCCC
CSiCC(SiCC)CCSi
CSiCC(SiCC)CSiC
CSiCC(SiCC)SiCC
CSiCC(SiCSi)CCC
CSiCC(SiSi)C(C)(C)C
CSiCC(SiSi)C(C)CC
CSiCC(SiSi)CC(C)C
CSiCC(SiSi)CCCC
CSiCCC(C(Si)C)CSi
CSiCCC(C(Si)Si)CC
CSiCCC(C)(C)C(Si)Si
CSiCCC(C)(C)CSiSi
CSiCCC(C)(C)Si(Si)C
CSiCCC(C)(C)SiCSi
CSiCCC(C)(CSi)CSi
CSiCCC(C)(Si)C(Si)C
CSiCCC(C)(Si)CCSi
CSiCCC(C)(Si)CSiC
CSiCCC(C)(Si)Si(C)C
CSiCCC(C)(Si)SiCC
CSiCCC(C)(SiC)CSi
CSiCCC(C)(SiC)SiC
CSiCCC(C)(SiSi)CC
CSiCCC(C)C(C)SiSi
CSiCCC(C)C(Si)(Si)C
CSiCCC(C)C(Si)CSi
CSiCCC(C)C(Si)SiC
CSiCCC(C)CC(Si)Si
CSiCCC(C)CCSiSi
CSiCCC(C)CSi(Si)C
CSiCCC(C)CSiCSi
CSiCCC(C)Si(C)(Si)C
CSiCCC(C)Si(C)CSi
CSiCCC(C)Si(Si)CC
CSiCCC(C)SiC(Si)C
CSiCCC(C)SiCCSi
CSiCCC(C)SiSi(C)C
CSiCCC(C)SiSiCC
CSiCCC(CC)CSiSi
CSiCCC(CC)SiCSi
CSiCCC(CSi)(Si)CC
CSiCCC(CSi)CCSi
CSiCCC(CSi)CSiC
CSiCCC(CSi)SiCC
CSiCCC(Si(C)C)CSi
CSiCCC(Si(C)C)SiC
CSiCCC(Si(Si)C)CC
CSiCCC(Si)(Si)C(C)C
CSiCCC(Si)(Si)CCC
CSiCCC(Si)(SiC)CC
CSiCCC(Si)C(C)(Si)C
CSiCCC(Si)C(C)CSi
CSiCCC(Si)C(C)SiC
CSiCCC(Si)C(Si)CC
CSiCCC(Si)CC(Si)C
CSiCCC(Si)CCCSi
CSiCCC(Si)CCSiC
CSiCCC(Si)CSi(C)C
CSiCCC(Si)CSiCC
CSiCCC(Si)Si(C)(C)C
CSiCCC(Si)Si(C)CC
CSiCCC(Si)SiC(C)C
CSiCCC(Si)SiCCC
CSiCCC(SiC)C(Si)C
CSiCCC(SiC)CCSi
CSiCCC(SiC)CSiC
CSiCCC(SiC)SiCC
CSiCCC(SiSi)C(C)C
CSiCCC(SiSi)CCC
CSiCCCC(C)(C)SiSi
CSiCCCC(C)(Si)CSi
CSiCCCC(C)(Si)SiC
CSiCCCC(C)C(Si)Si
CSiCCCC(C)CSiSi
CSiCCCC(C)Si(Si)C
CSiCCCC(C)SiCSi
CSiCCCC(CSi)CSi
CSiCCCC(Si)(Si)CC
CSiCCCC(Si)C(Si)C
CSiCCCC(Si)CCSi
CSiCCCC(Si)CSiC
CSiCCCC(Si)Si(C)C
CSiCCCC(Si)SiCC
CSiCCCC(SiC)CSi
CSiCCCC(SiC)SiC
CSiCCCC(SiSi)CC
CSiCCCCC(C)SiSi
CSiCCCCC(Si)(Si)C
CSiCCCCC(Si)CSi
CSiCCCCC(Si)SiC
CSiCCCCCC(Si)Si
CSiCCCCCCSiSi
CSiCCCCCSi(Si)C
CSiCCCCCSiCSi
CSiCCCCSi(C)(Si)C
CSiCCCCSi(C)CSi
CSiCCCCSi(Si)CC
CSiCCCCSiC(Si)C
CSiCCCCSiCCSi
CSiCCCCSiSi(C)C
CSiCCCCSiSiCC
CSiCCCSi(C)(C)CSi
CSiCCCSi(C)(Si)CC
CSiCCCSi(C)C(Si)C
CSiCCCSi(C)CCSi
CSiCCCSi(C)Si(C)C
CSiCCCSi(C)SiCC
CSiCCCSi(CC)CSi
CSiCCCSi(Si)C(C)C
CSiCCCSi(Si)CCC
CSiCCCSiC(C)(Si)C
CSiCCCSiC(C)CSi
CSiCCCSiC(C)SiC
CSiCCCSiC(Si)CC
CSiCCCSiCC(Si)C
CSiCCCSiCCCSi
CSiCCCSiCSi(C)C
CSiCCCSiCSiCC
CSiCCCSiSi(C)(C)C
CSiCCCSiSi(C)CC
CSiCCCSiSiC(C)C
CSiCCCSiSiCCC
CSiCCSi(C(C)C)CSi
CSiCCSi(C(Si)C)CC
CSiCCSi(C)(C)C(Si)C
CSiCCSi(C)(C)CCSi
CSiCCSi(C)(C)Si(C)C
CSiCCSi(C)(C)SiCC
CSiCCSi(C)(CC)CSi
CSiCCSi(C)(Si)C(C)C
CSiCCSi(C)(Si)CCC
CSiCCSi(C)C(C)(Si)C
CSiCCSi(C)C(C)CSi
CSiCCSi(C)C(C)SiC
CSiCCSi(C)C(Si)CC
CSiCCSi(C)CC(Si)C
CSiCCSi(C)CCCSi
CSiCCSi(C)CCSiC
CSiCCSi(C)CSi(C)C
CSiCCSi(C)CSiCC
CSiCCSi(C)Si(C)(C)C
CSiCCSi(C)Si(C)CC
CSiCCSi(C)SiC(C)C
CSiCCSi(C)SiCCC
CSiCCSi(CC)(Si)CC
CSiCCSi(CC)CCSi
CSiCCSi(CC)SiCC
CSiCCSi(CSi)CCC
CSiCCSi(Si(C)C)CC
CSiCCSi(Si)C(C)(C)C
CSiCCSi(Si)C(C)CC
CSiCCSi(Si)CC(C)C
CSiCCSi(Si)CCCC
CSiCCSi(SiC)CCC
CSiCCSiC(C)(C)CSi
CSiCCSiC(C)(C)SiC
CSiCCSiC(C)(Si)CC
CSiCCSiC(C)C(Si)C
CSiCCSiC(C)CCSi
CSiCCSiC(C)CSiC
CSiCCSiC(C)Si(C)C
CSiCCSiC(C)SiCC
CSiCCSiC(CSi)CC
CSiCCSiC(Si)C(C)C
CSiCCSiC(Si)CCC
CSiCCSiC(SiC)CC
CSiCCSiCC(C)(Si)C
CSiCCSiCC(C)CSi
CSiCCSiCC(C)SiC
CSiCCSiCC(Si)CC
CSiCCSiCCC(Si)C
CSiCCSiCCCCSi
CSiCCSiCCCSiC
CSiCCSiCCSi(C)C
CSiCCSiCCSiCC
CSiCCSiCSi(C)(C)C
CSiCCSiCSi(C)CC
CSiCCSiCSiC(C)C
CSiCCSiCSiCCC
CSiCCSiSi(C)(C)CC
CSiCCSiSi(C)C(C)C
CSiCCSiSi(C)CCC
CSiCCSiSi(CC)CC
CSiCCSiSiC(C)(C)C
CSiCCSiSiC(C)CC
CSiCCSiSiCC(C)C
CSiCCSiSiCCCC
CSiCSi(C(C)(C)C)CSi
CSiCSi(C(C)(Si)C)CC
CSiCSi(C(C)C)(Si)CC
CSiCSi(C(C)C)C(Si)C
CSiCSi(C(C)C)CCSi
CSiCSi(C(C)C)CSiC
CSiCSi(C(C)C)SiCC
CSiCSi(C(Si)C)CCC
CSiCSi(C)(C(C)C)CSi
CSiCSi(C)(C(Si)C)CC
CSiCSi(C)(C)C(C)(Si)C
CSiCSi(C)(C)C(C)CSi
CSiCSi(C)(C)C(C)SiC
CSiCSi(C)(C)C(Si)CC
CSiCSi(C)(C)CC(Si)C
CSiCSi(C)(C)CCCSi
CSiCSi(C)(C)CCSiC
CSiCSi(C)(C)CSi(C)C
CSiCSi(C)(C)CSiCC
CSiCSi(C)(C)Si(C)(C)C
CSiCSi(C)(C)Si(C)CC
CSiCSi(C)(C)SiC(C)C
CSiCSi(C)(C)SiCCC
CSiCSi(C)(CC)CCSi
CSiCSi(C)(CC)CSiC
CSiCSi(C)(CC)SiCC
CSiCSi(C)(CSi)CCC
CSiCSi(C)(Si(C)C)CC
CSiCSi(C)(Si)C(C)(C)C
CSiCSi(C)(Si)C(C)CC
CSiCSi(C)(Si)CC(C)C
CSiCSi(C)(Si)CCCC
CSiCSi(C)(SiC)CCC
CSiCSi(C)C(C)(C)CSi
CSiCSi(C)C(C)(C)SiC
CSiCSi(C)C(C)(Si)CC
CSiCSi(C)C(C)C(Si)C
CSiCSi(C)C(C)CCSi
CSiCSi(C)C(C)CSiC
CSiCSi(C)C(C)Si(C)C
CSiCSi(C)C(C)SiCC
CSiCSi(C)C(CSi)CC
CSiCSi(C)C(Si)C(C)C
CSiCSi(C)C(Si)CCC
CSiCSi(C)C(SiC)CC
CSiCSi(C)CC(C)(Si)C
CSiCSi(C)CC(C)CSi
CSiCSi(C)CC(C)SiC
CSiCSi(C)CC(Si)CC
CSiCSi(C)CCC(Si)C
CSiCSi(C)CCCCSi
CSiCSi(C)CCCSiC
CSiCSi(C)CCSi(C)C
CSiCSi(C)CCSiCC
CSiCSi(C)CSi(C)(C)C
CSiCSi(C)CSi(C)CC
CSiCSi(C)CSiC(C)C
CSiCSi(C)CSiCCC
CSiCSi(C)Si(C)(C)CC
CSiCSi(C)Si(C)C(C)C
CSiCSi(C)Si(C)CCC
CSiCSi(C)Si(CC)CC
CSiCSi(C)SiC(C)(C)C
CSiCSi(C)SiC(C)CC
CSiCSi(C)SiCC(C)C
CSiCSi(C)SiCCCC
CSiCSi(CC)(CC)CSi
CSiCSi(CC)(Si)CCC
CSiCSi(CC)C(C)CSi
CSiCSi(CC)C(C)SiC
CSiCSi(CC)C(Si)CC
CSiCSi(CC)CC(Si)C
CSiCSi(CC)CCCSi
CSiCSi(CC)CCSiC
CSiCSi(CC)CSi(C)C
CSiCSi(CC)CSiCC
CSiCSi(CC)Si(C)CC
CSiCSi(CC)SiC(C)C
CSiCSi(CC)SiCCC
CSiCSi(CCC)CSiC
CSiCSi(CCSi)CCC
CSiCSi(CSi)C(C)CC
CSiCSi(CSi)CC(C)C
CSiCSi(CSi)CCCC
CSiCSi(Si(C)(C)C)CC
CSiCSi(Si(C)C)C(C)C
CSiCSi(Si(C)C)CCC
CSiCSi(Si)C(C)(C)CC
CSiCSi(Si)C(C)C(C)C
CSiCSi(Si)C(C)CCC
CSiCSi(Si)C(CC)CC
CSiCSi(Si)CC(C)(C)C
CSiCSi(Si)CC(C)CC
CSiCSi(Si)CCC(C)C
CSiCSi(Si)CCCCC
CSiCSi(SiC)C(C)CC
CSiCSi(SiC)CC(C)C
CSiCSi(SiC)CCCC
CSiCSi(SiCC)CCC
CSiCSiC(C(C)C)CSi
CSiCSiC(C(Si)C)CC
CSiCSiC(C)(C)C(Si)C
CSiCSiC(C)(C)CCSi
CSiCSiC(C)(C)CSiC
CSiCSiC(C)(C)Si(C)C
CSiCSiC(C)(C)SiCC
CSiCSiC(C)(CSi)CC
CSiCSiC(C)(Si)C(C)C
CSiCSiC(C)(Si)CCC
CSiCSiC(C)(SiC)CC
CSiCSiC(C)C(C)(Si)C
CSiCSiC(C)C(C)CSi
CSiCSiC(C)C(C)SiC
CSiCSiC(C)C(Si)CC
CSiCSiC(C)CC(Si)C
CSiCSiC(C)CCCSi
CSiCSiC(C)CCSiC
CSiCSiC(C)CSi(C)C
CSiCSiC(C)CSiCC
CSiCSiC(C)Si(C)(C)C
CSiCSiC(C)Si(C)CC
CSiCSiC(C)SiC(C)C
CSiCSiC(C)SiCCC
CSiCSiC(CC)(Si)CC
CSiCSiC(CC)CCSi
CSiCSiC(CC)CSiC
CSiCSiC(CC)SiCC
CSiCSiC(CSi)CCC
CSiCSiC(Si(C)C)CC
CSiCSiC(Si)C(C)(C)C
CSiCSiC(Si)C(C)CC
CSiCSiC(Si)CC(C)C
CSiCSiC(Si)CCCC
CSiCSiC(SiC)C(C)C
CSiCSiC(SiC)CCC
CSiCSiCC(C)(C)CSi
CSiCSiCC(C)(C)SiC
CSiCSiCC(C)(Si)CC
CSiCSiCC(C)C(Si)C
CSiCSiCC(C)CCSi
CSiCSiCC(C)CSiC
CSiCSiCC(C)Si(C)C
CSiCSiCC(C)SiCC
CSiCSiCC(CSi)CC
CSiCSiCC(Si)C(C)C
CSiCSiCC(Si)CCC
CSiCSiCC(SiC)CC
CSiCSiCCC(C)(Si)C
CSiCSiCCC(C)CSi
CSiCSiCCC(C)SiC
CSiCSiCCC(Si)CC
CSiCSiCCCC(Si)C
CSiCSiCCCCCSi
CSiCSiCCCCSiC
CSiCSiCCCSi(C)C
CSiCSiCCCSiCC
CSiCSiCCSi(C)(C)C
CSiCSiCCSi(C)CC
CSiCSiCCSiC(C)C
CSiCSiCCSiCCC
CSiCSiCSi(C)(C)CC
CSiCSiCSi(C)C(C)C
CSiCSiCSi(C)CCC
CSiCSiCSi(CC)CC
CSiCSiCSiC(C)(C)C
CSiCSiCSiC(C)CC
CSiCSiCSiCC(C)C
CSiCSiCSiCCCC
CSiCSiSi(C(C)C)CC
CSiCSiSi(C)(C)C(C)C
CSiCSiSi(C)(C)CCC
CSiCSiSi(C)(CC)CC
CSiCSiSi(C)C(C)(C)C
CSiCSiSi(C)C(C)CC
CSiCSiSi(C)CC(C)C
CSiCSiSi(C)CCCC
CSiCSiSi(CC)CCC
CSiCSiSiC(C)(C)CC
CSiCSiSiC(C)C(C)C
CSiCSiSiC(C)CCC
CSiCSiSiC(CC)CC
CSiCSiSiCC(C)(C)C
CSiCSiSiCC(C)CC
CSiCSiSiCCC(C)C
CSiCSiSiCCCCC
CSiSi(C(C)(C)C)(Si)CC
CSiSi(C(C)(C)C)C(Si)C
CSiSi(C(C)(C)C)CCSi
CSiSi(C(C)(C)C)CSiC
CSiSi(C(C)(C)C)SiCC
CSiSi(C(C)(Si)C)C(C)C
CSiSi(C(C)(Si)C)CCC
CSiSi(C(C)C)(Si)C(C)C
CSiSi(C(C)C)(Si)CCC
CSiSi(C(C)C)(SiC)CC
CSiSi(C(C)C)C(C)CSi
CSiSi(C(C)C)C(C)SiC
CSiSi(C(C)C)C(Si)CC
CSiSi(C(C)C)CC(Si)C
CSiSi(C(C)C)CCCSi
CSiSi(C(C)C)CCSiC
CSiSi(C(C)C)CSi(C)C
CSiSi(C(C)C)CSiCC
CSiSi(C(C)C)Si(C)CC
CSiSi(C(C)C)SiC(C)C
CSiSi(C(C)C)SiCCC
CSiSi(C(Si)C)C(C)CC
CSiSi(C(Si)C)CC(C)C
CSiSi(C(Si)C)CCCC
CSiSi(C)(C(C)(C)C)CSi
CSiSi(C)(C(C)(Si)C)CC
CSiSi(C)(C(C)C)C(Si)C
CSiSi(C)(C(C)C)CCSi
CSiSi(C)(C(C)C)CSiC
CSiSi(C)(C(C)C)SiCC
CSiSi(C)(C(Si)C)CCC
CSiSi(C)(C)C(C)(C)CSi
CSiSi(C)(C)C(C)(C)SiC
CSiSi(C)(C)C(C)(Si)CC
CSiSi(C)(C)C(C)C(Si)C
CSiSi(C)(C)C(C)CCSi
CSiSi(C)(C)C(C)CSiC
CSiSi(C)(C)C(C)Si(C)C
CSiSi(C)(C)C(C)SiCC
CSiSi(C)(C)C(CSi)CC
CSiSi(C)(C)C(Si)C(C)C
CSiSi(C)(C)C(Si)CCC
CSiSi(C)(C)C(SiC)CC
CSiSi(C)(C)CC(C)(Si)C
CSiSi(C)(C)CC(C)CSi
CSiSi(C)(C)CC(C)SiC
CSiSi(C)(C)CC(Si)CC
CSiSi(C)(C)CCC(Si)C
CSiSi(C)(C)CCCCSi
CSiSi(C)(C)CCCSiC
CSiSi(C)(C)CCSi(C)C
CSiSi(C)(C)CCSiCC
CSiSi(C)(C)CSi(C)(C)C
CSiSi(C)(C)CSi(C)CC
CSiSi(C)(C)CSiC(C)C
CSiSi(C)(C)CSiCCC
CSiSi(C)(C)Si(C)(C)CC
CSiSi(C)(C)Si(C)C(C)C
CSiSi(C)(C)Si(C)CCC
CSiSi(C)(C)Si(CC)CC
CSiSi(C)(C)SiC(C)(C)C
CSiSi(C)(C)SiC(C)CC
CSiSi(C)(C)SiCC(C)C
CSiSi(C)(C)SiCCCC
CSiSi(C)(CC)C(C)CSi
CSiSi(C)(CC)C(C)SiC
CSiSi(C)(CC)C(Si)CC
CSiSi(C)(CC)CC(Si)C
CSiSi(C)(CC)CCCSi
CSiSi(C)(CC)CCSiC
CSiSi(C)(CC)CSi(C)C
CSiSi(C)(CC)CSiCC
CSiSi(C)(CC)Si(C)CC
CSiSi(C)(CC)SiC(C)C
CSiSi(C)(CC)SiCCC
CSiSi(C)(CSi)C(C)CC
CSiSi(C)(CSi)CC(C)C
CSiSi(C)(CSi)CCCC
CSiSi(C)(Si(C)(C)C)CC
CSiSi(C)(Si(C)C)C(C)C
CSiSi(C)(Si(C)C)CCC
CSiSi(C)(Si)C(C)(C)CC
CSiSi(C)(Si)C(C)C(C)C
CSiSi(C)(Si)C(C)CCC
CSiSi(C)(Si)C(CC)CC
CSiSi(C)(Si)CC(C)(C)C
CSiSi(C)(Si)CC(C)CC
CSiSi(C)(Si)CCC(C)C
CSiSi(C)(Si)CCCCC
CSiSi(C)(SiC)C(C)(C)C
CSiSi(C)(SiC)C(C)CC
CSiSi(C)(SiC)CC(C)C
CSiSi(C)(SiC)CCCC
CSiSi(C)C(C(C)C)CSi
CSiSi(C)C(C(Si)C)CC
CSiSi(C)C(C)(C)C(Si)C
CSiSi(C)C(C)(C)CCSi
CSiSi(C)C(C)(C)CSiC
CSiSi(C)C(C)(C)Si(C)C
CSiSi(C)C(C)(C)SiCC
CSiSi(C)C(C)(CSi)CC
CSiSi(C)C(C)(Si)C(C)C
CSiSi(C)C(C)(Si)CCC
CSiSi(C)C(C)(SiC)CC
CSiSi(C)C(C)C(C)(Si)C
CSiSi(C)C(C)C(C)CSi
CSiSi(C)C(C)C(C)SiC
CSiSi(C)C(C)C(Si)CC
CSiSi(C)C(C)CC(Si)C
CSiSi(C)C(C)CCCSi
CSiSi(C)C(C)CCSiC
CSiSi(C)C(C)CSi(C)C
CSiSi(C)C(C)CSiCC
CSiSi(C)C(C)Si(C)(C)C
CSiSi(C)C(C)Si(C)CC
CSiSi(C)C(C)SiC(C)C
CSiSi(C)C(C)SiCCC
CSiSi(C)C(CC)(Si)CC
CSiSi(C)C(CC)CCSi
CSiSi(C)C(CC)CSiC
CSiSi(C)C(CC)SiCC
CSiSi(C)C(CSi)CCC
CSiSi(C)C(Si(C)C)CC
CSiSi(C)C(Si)C(C)(C)C
CSiSi(C)C(Si)C(C)CC
CSiSi(C)C(Si)CC(C)C
CSiSi(C)C(Si)CCCC
CSiSi(C)C(SiC)C(C)C
CSiSi(C)C(SiC)CCC
CSiSi(C)CC(C)(C)CSi
CSiSi(C)CC(C)(C)SiC
CSiSi(C)CC(C)(Si)CC
CSiSi(C)CC(C)C(Si)C
CSiSi(C)CC(C)CCSi
CSiSi(C)CC(C)CSiC
CSiSi(C)CC(C)Si(C)C
CSiSi(C)CC(C)SiCC
CSiSi(C)CC(CSi)CC
CSiSi(C)CC(Si)C(C)C
CSiSi(C)CC(Si)CCC
CSiSi(C)CC(SiC)CC
CSiSi(C)CCC(C)(Si)C
CSiSi(C)CCC(C)CSi
CSiSi(C)CCC(C)SiC
CSiSi(C)CCC(Si)CC
CSiSi(C)CCCC(Si)C
CSiSi(C)CCCCCSi
CSiSi(C)CCCCSiC
CSiSi(C)CCCSi(C)C
CSiSi(C)CCCSiCC
CSiSi(C)CCSi(C)(C)C
CSiSi(C)CCSi(C)CC
CSiSi(C)CCSiC(C)C
CSiSi(C)CCSiCCC
CSiSi(C)CSi(C)(C)CC
CSiSi(C)CSi(C)C(C)C
CSiSi(C)CSi(C)CCC
CSiSi(C)CSi(CC)CC
CSiSi(C)CSiC(C)(C)C
CSiSi(C)CSiC(C)CC
CSiSi(C)CSiCC(C)C
CSiSi(C)CSiCCCC
CSiSi(C)Si(C(C)C)CC
CSiSi(C)Si(C)(C)C(C)C
CSiSi(C)Si(C)(C)CCC
CSiSi(C)Si(C)(CC)CC
CSiSi(C)Si(C)C(C)(C)C
CSiSi(C)Si(C)C(C)CC
CSiSi(C)Si(C)CC(C)C
CSiSi(C)Si(C)CCCC
CSiSi(C)Si(CC)CCC
CSiSi(C)SiC(C)(C)CC
CSiSi(C)SiC(C)C(C)C
CSiSi(C)SiC(C)CCC
CSiSi(C)SiC(CC)CC
CSiSi(C)SiCC(C)(C)C
CSiSi(C)SiCC(C)CC
CSiSi(C)SiCCC(C)C
CSiSi(C)SiCCCCC
CSiSi(CC)(C(C)C)CSi
CSiSi(CC)(C(Si)C)CC
CSiSi(CC)(CC)CCSi
CSiSi(CC)(CC)CSiC
CSiSi(CC)(CC)SiCC
CSiSi(CC)(Si(C)C)CC
CSiSi(CC)(Si)C(C)CC
CSiSi(CC)(Si)CC(C)C
CSiSi(CC)(Si)CCCC
CSiSi(CC)(SiC)CCC
CSiSi(CC)C(C)(C)CSi
CSiSi(CC)C(C)(C)SiC
CSiSi(CC)C(C)(Si)CC
CSiSi(CC)C(C)C(Si)C
CSiSi(CC)C(C)CCSi
CSiSi(CC)C(C)CSiC
CSiSi(CC)C(C)Si(C)C
CSiSi(CC)C(C)SiCC
CSiSi(CC)C(CSi)CC
CSiSi(CC)C(Si)C(C)C
CSiSi(CC)C(Si)CCC
CSiSi(CC)C(SiC)CC
CSiSi(CC)CC(C)(Si)C
CSiSi(CC)CC(C)CSi
CSiSi(CC)CC(C)SiC
CSiSi(CC)CC(Si)CC
CSiSi(CC)CCC(Si)C
CSiSi(CC)CCCCSi
CSiSi(CC)CCCSiC
CSiSi(CC)CCSi(C)C
CSiSi(CC)CCSiCC
CSiSi(CC)CSi(C)(C)C
CSiSi(CC)CSi(C)CC
CSiSi(CC)CSiC(C)C
CSiSi(CC)CSiCCC
CSiSi(CC)Si(C)(C)CC
CSiSi(CC)Si(C)C(C)C
CSiSi(CC)Si(C)CCC
CSiSi(CC)Si(CC)CC
CSiSi(CC)SiC(C)(C)C
CSiSi(CC)SiC(C)CC
CSiSi(CC)SiCC(C)C
CSiSi(CC)SiCCCC
CSiSi(CSi)(CC)CCC
CSiSi(CSi)C(C)(C)CC
CSiSi(CSi)C(C)C(C)C
CSiSi(CSi)C(C)CCC
CSiSi(CSi)C(CC)CC
CSiSi(CSi)CC(C)(C)C
CSiSi(CSi)CC(C)CC
CSiSi(CSi)CCC(C)C
CSiSi(CSi)CCCCC
CSiSi(Si(C)(C)C)C(C)C
CSiSi(Si(C)(C)C)CCC
CSiSi(Si(C)C)C(C)(C)C
CSiSi(Si(C)C)C(C)CC
CSiSi(Si(C)C)CC(C)C
CSiSi(Si(C)C)CCCC
CSiSi(Si)C(C(C)C)CC
CSiSi(Si)C(C)(C)C(C)C
CSiSi(Si)C(C)(C)CCC
CSiSi(Si)C(C)(CC)CC
CSiSi(Si)C(C)C(C)(C)C
CSiSi(Si)C(C)C(C)CC
CSiSi(Si)C(C)CC(C)C
CSiSi(Si)C(C)CCCC
CSiSi(Si)C(CC)CCC
CSiSi(Si)CC(C)(C)CC
CSiSi(Si)CC(C)C(C)C
CSiSi(Si)CC(C)CCC
CSiSi(Si)CC(CC)CC
CSiSi(Si)CCC(C)(C)C
CSiSi(Si)CCC(C)CC
CSiSi(Si)CCCC(C)C
CSiSi(Si)CCCCCC
CSiSi(SiC)C(C)(C)CC
CSiSi(SiC)C(C)C(C)C
CSiSi(SiC)C(C)CCC
CSiSi(SiC)C(CC)CC
CSiSi(SiC)CC(C)(C)C
CSiSi(SiC)CC(C)CC
CSiSi(SiC)CCC(C)C
CSiSi(SiC)CCCCC
CSiSiC(C(C)(C)C)CSi
CSiSiC(C(C)(Si)C)CC
CSiSiC(C(C)C)(Si)CC
CSiSiC(C(C)C)CCSi
CSiSiC(C(C)C)CSiC
CSiSiC(C(C)C)SiCC
CSiSiC(C(Si)C)C(C)C
CSiSiC(C(Si)C)CCC
CSiSiC(C)(C(C)C)CSi
CSiSiC(C)(C(Si)C)CC
CSiSiC(C)(C)C(C)(Si)C
CSiSiC(C)(C)C(C)CSi
CSiSiC(C)(C)C(C)SiC
CSiSiC(C)(C)C(Si)CC
CSiSiC(C)(C)CC(Si)C
CSiSiC(C)(C)CCCSi
CSiSiC(C)(C)CCSiC
CSiSiC(C)(C)CSi(C)C
CSiSiC(C)(C)CSiCC
CSiSiC(C)(C)Si(C)(C)C
CSiSiC(C)(C)Si(C)CC
CSiSiC(C)(C)SiC(C)C
CSiSiC(C)(C)SiCCC
CSiSiC(C)(CC)CCSi
CSiSiC(C)(CC)CSiC
CSiSiC(C)(CC)SiCC
CSiSiC(C)(CSi)CCC
CSiSiC(C)(Si(C)C)CC
CSiSiC(C)(Si)C(C)(C)C
CSiSiC(C)(Si)C(C)CC
CSiSiC(C)(Si)CC(C)C
CSiSiC(C)(Si)CCCC
CSiSiC(C)(SiC)C(C)C
CSiSiC(C)(SiC)CCC
CSiSiC(C)C(C)(C)CSi
CSiSiC(C)C(C)(C)SiC
CSiSiC(C)C(C)(Si)CC
CSiSiC(C)C(C)C(Si)C
CSiSiC(C)C(C)CCSi
CSiSiC(C)C(C)CSiC
CSiSiC(C)C(C)Si(C)C
CSiSiC(C)C(C)SiCC
CSiSiC(C)C(CSi)CC
CSiSiC(C)C(Si)C(C)C
CSiSiC(C)C(Si)CCC
CSiSiC(C)C(SiC)CC
CSiSiC(C)CC(C)(Si)C
CSiSiC(C)CC(C)CSi
CSiSiC(C)CC(C)SiC
CSiSiC(C)CC(Si)CC
CSiSiC(C)CCC(Si)C
CSiSiC(C)CCCCSi
CSiSiC(C)CCCSiC
CSiSiC(C)CCSi(C)C
CSiSiC(C)CCSiCC
CSiSiC(C)CSi(C)(C)C
CSiSiC(C)CSi(C)CC
CSiSiC(C)CSiC(C)C
CSiSiC(C)CSiCCC
CSiSiC(C)Si(C)(C)CC
CSiSiC(C)Si(C)C(C)C
CSiSiC(C)Si(C)CCC
CSiSiC(C)Si(CC)CC
CSiSiC(C)SiC(C)(C)C
CSiSiC(C)SiC(C)CC
CSiSiC(C)SiCC(C)C
CSiSiC(C)SiCCCC
CSiSiC(CC)(CSi)CC
CSiSiC(CC)(Si)CCC
CSiSiC(CC)(SiC)CC
CSiSiC(CC)C(C)CSi
CSiSiC(CC)C(C)SiC
CSiSiC(CC)C(Si)CC
CSiSiC(CC)CC(Si)C
CSiSiC(CC)CCCSi
CSiSiC(CC)CCSiC
CSiSiC(CC)CSi(C)C
CSiSiC(CC)CSiCC
CSiSiC(CC)Si(C)CC
CSiSiC(CC)SiC(C)C
CSiSiC(CC)SiCCC
CSiSiC(CCC)CCSi
CSiSiC(CSi)C(C)CC
CSiSiC(CSi)CC(C)C
CSiSiC(CSi)CCCC
CSiSiC(CSiC)CCC
CSiSiC(Si(C)(C)C)CC
CSiSiC(Si(C)C)C(C)C
CSiSiC(Si(C)C)CCC
CSiSiC(Si)C(C)(C)CC
CSiSiC(Si)C(C)C(C)C
CSiSiC(Si)C(C)CCC
CSiSiC(Si)C(CC)CC
CSiSiC(Si)CC(C)(C)C
CSiSiC(Si)CC(C)CC
CSiSiC(Si)CCC(C)C
CSiSiC(Si)CCCCC
CSiSiC(SiC)C(C)(C)C
CSiSiC(SiC)C(C)CC
CSiSiC(SiC)CC(C)C
CSiSiC(SiC)CCCC
CSiSiC(SiCC)CCC
CSiSiCC(C(C)C)CSi
CSiSiCC(C(Si)C)CC
CSiSiCC(C)(C)C(Si)C
CSiSiCC(C)(C)CCSi
CSiSiCC(C)(C)CSiC
CSiSiCC(C)(C)Si(C)C
CSiSiCC(C)(C)SiCC
CSiSiCC(C)(CSi)CC
CSiSiCC(C)(Si)C(C)C
CSiSiCC(C)(Si)CCC
CSiSiCC(C)(SiC)CC
CSiSiCC(C)C(C)(Si)C
CSiSiCC(C)C(C)CSi
CSiSiCC(C)C(C)SiC
CSiSiCC(C)C(Si)CC
CSiSiCC(C)CC(Si)C
CSiSiCC(C)CCCSi
CSiSiCC(C)CCSiC
CSiSiCC(C)CSi(C)C
CSiSiCC(C)CSiCC
CSiSiCC(C)Si(C)(C)C
CSiSiCC(C)Si(C)CC
CSiSiCC(C)SiC(C)C
CSiSiCC(C)SiCCC
CSiSiCC(CC)(Si)CC
CSiSiCC(CC)CCSi
CSiSiCC(CC)CSiC
CSiSiCC(CC)SiCC
CSiSiCC(CSi)CCC
CSiSiCC(Si(C)C)CC
CSiSiCC(Si)C(C)(C)C
CSiSiCC(Si)C(C)CC
CSiSiCC(Si)CC(C)C
CSiSiCC(Si)CCCC
CSiSiCC(SiC)C(C)C
CSiSiCC(SiC)CCC
CSiSiCCC(C)(C)CSi
CSiSiCCC(C)(C)SiC
CSiSiCCC(C)(Si)CC
CSiSiCCC(C)C(Si)C
CSiSiCCC(C)CCSi
CSiSiCCC(C)CSiC
CSiSiCCC(C)Si(C)C
CSiSiCCC(C)SiCC
CSiSiCCC(CSi)CC
CSiSiCCC(Si)C(C)C
CSiSiCCC(Si)CCC
CSiSiCCC(SiC)CC
CSiSiCCCC(C)(Si)C
CSiSiCCCC(C)CSi
CSiSiCCCC(C)SiC
CSiSiCCCC(Si)CC
CSiSiCCCCC(Si)C
CSiSiCCCCCCSi
CSiSiCCCCCSiC
CSiSiCCCCSi(C)C
CSiSiCCCCSiCC
CSiSiCCCSi(C)(C)C
CSiSiCCCSi(C)CC
CSiSiCCCSiC(C)C
CSiSiCCCSiCCC
CSiSiCCSi(C)(C)CC
CSiSiCCSi(C)C(C)C
CSiSiCCSi(C)CCC
CSiSiCCSi(CC)CC
CSiSiCCSiC(C)(C)C
CSiSiCCSiC(C)CC
CSiSiCCSiCC(C)C
CSiSiCCSiCCCC
CSiSiCSi(C(C)C)CC
CSiSiCSi(C)(C)C(C)C
CSiSiCSi(C)(C)CCC
CSiSiCSi(C)(CC)CC
CSiSiCSi(C)C(C)(C)C
CSiSiCSi(C)C(C)CC
CSiSiCSi(C)CC(C)C
CSiSiCSi(C)CCCC
CSiSiCSi(CC)CCC
CSiSiCSiC(C)(C)CC
CSiSiCSiC(C)C(C)C
CSiSiCSiC(C)CCC
CSiSiCSiC(CC)CC
CSiSiCSiCC(C)(C)C
CSiSiCSiCC(C)CC
CSiSiCSiCCC(C)C
CSiSiCSiCCCCC
CSiSiSi(C(C)(C)C)CC
CSiSiSi(C(C)C)C(C)C
CSiSiSi(C(C)C)CCC
CSiSiSi(C)(C(C)C)CC
CSiSiSi(C)(C)C(C)(C)C
CSiSiSi(C)(C)C(C)CC
CSiSiSi(C)(C)CC(C)C
CSiSiSi(C)(C)CCCC
CSiSiSi(C)(CC)CCC
CSiSiSi(C)C(C)(C)CC
CSiSiSi(C)C(C)C(C)C
CSiSiSi(C)C(C)CCC
CSiSiSi(C)C(CC)CC
CSiSiSi(C)CC(C)(C)C
CSiSiSi(C)CC(C)CC
CSiSiSi(C)CCC(C)C
CSiSiSi(C)CCCCC
CSiSiSi(CC)(CC)CC
CSiSiSi(CC)C(C)CC
CSiSiSi(CC)CC(C)C
CSiSiSi(CC)CCCC
CSiSiSi(CCC)CCC
CSiSiSiC(C(C)C)CC
CSiSiSiC(C)(C)C(C)C
CSiSiSiC(C)(C)CCC
CSiSiSiC(C)(CC)CC
CSiSiSiC(C)C(C)(C)C
CSiSiSiC(C)C(C)CC
CSiSiSiC(C)CC(C)C
CSiSiSiC(C)CCCC
CSiSiSiC(CC)CCC
CSiSiSiCC(C)(C)CC
CSiSiSiCC(C)C(C)C
CSiSiSiCC(C)CCC
CSiSiSiCC(CC)CC
CSiSiSiCCC(C)(C)C
CSiSiSiCCC(C)CC
CSiSiSiCCCC(C)C
CSiSiSiCCCCCC
SiCC(C)(C)C(C)(Si)CSi
SiCC(C)(C)C(C)C(Si)Si
SiCC(C)(C)CCC(Si)Si
SiCC(C)C(C)(C)C(Si)Si
SiCC(C)C(C)(CSi)CSi
SiCC(C)C(C)C(Si)CSi
SiCC(C)C(C)CC(Si)Si
SiCC(C)C(Si)C(C)CSi
SiCC(C)CC(C)(Si)CSi
SiCC(C)CC(C)C(Si)Si
SiCC(C)CCC(Si)CSi
SiCC(C)CCCC(Si)Si
SiCC(C)CSiC(C)CSi
SiCC(C)Si(C)C(C)CSi
SiCC(C)SiC(C)(C)CSi
SiCC(CSi)C(C)(C)CSi
SiCC(CSi)CC(C)CSi
SiCC(Si)CC(C)(C)CSi
SiCCC(C(Si)C)CCSi
SiCCC(C)(C)C(Si)CSi
SiCCC(C)(C)CC(Si)Si
SiCCC(C)(CSi)CCSi
SiCCC(C)(Si)C(C)CSi
SiCCC(C)(SiC)CCSi
SiCCC(C)C(C)(Si)CSi
SiCCC(C)C(C)C(Si)Si
SiCCC(C)C(CSi)CSi
SiCCC(C)C(Si)CCSi
SiCCC(C)CC(Si)CSi
SiCCC(C)CCC(Si)Si
SiCCC(C)SiC(C)CSi
SiCCC(CC)(Si)CCSi
SiCCC(CC)C(Si)CSi
SiCCC(CC)CC(Si)Si
SiCCC(CCSi)CCSi
SiCCC(CSi)C(C)CSi
SiCCC(Si(C)C)CCSi
SiCCC(Si)C(C)(C)CSi
SiCCC(Si)CC(C)CSi
SiCCC(SiC)C(C)CSi
SiCCCC(C)(C)C(Si)Si
SiCCCC(C)(CSi)CSi
SiCCCC(C)(Si)CCSi
SiCCCC(C)C(Si)CSi
SiCCCC(C)CC(Si)Si
SiCCCC(CSi)CCSi
SiCCCC(Si)C(C)CSi
SiCCCC(Si)CCCSi
SiCCCC(SiC)CCSi
SiCCCCC(C)(Si)CSi
SiCCCCC(C)C(Si)Si
SiCCCCC(CSi)CSi
SiCCCCC(Si)CCSi
SiCCCCCC(Si)CSi
SiCCCCCCC(Si)Si
SiCCCCSiC(C)CSi
SiCCCSi(C)C(C)CSi
SiCCCSi(C)CCCSi
SiCCCSiC(C)(C)CSi
SiCCCSiC(C)CCSi
SiCCCSiCC(C)CSi
SiCCCSiCCCCSi
SiCCSi(C(C)C)CCSi
SiCCSi(C)(C)C(C)CSi
SiCCSi(C)(C)CCCSi
SiCCSi(C)(CC)CCSi
SiCCSi(C)C(C)(C)CSi
SiCCSi(C)C(C)CCSi
SiCCSi(C)CC(C)CSi
SiCCSi(C)CCCCSi
SiCCSi(CC)C(C)CSi
SiCCSi(CC)CCCSi
SiCCSiC(C)(C)CCSi
SiCCSiC(C)C(C)CSi
SiCCSiC(C)CCCSi
SiCCSiC(CC)CCSi
SiCCSiCC(C)(C)CSi
SiCCSiCC(C)CCSi
SiCCSiCCC(C)CSi
SiCCSiCCCCCSi
SiCSi(C)(C)C(C)(C)CSi
SiCSi(C)(C)C(C)CCSi
SiCSi(C)(C)CC(C)CSi
SiCSi(C)(C)CCCCSi
SiCSi(C)C(C)(C)CCSi
SiCSi(C)C(C)C(C)CSi
SiCSi(C)C(C)CCCSi
SiCSi(C)C(CC)CCSi
SiCSi(C)CC(C)(C)CSi
SiCSi(C)CC(C)CCSi
SiCSi(C)CCC(C)CSi
SiCSi(C)CCCCCSi
SiCSiC(C(C)C)CCSi
SiCSiC(C)(C)C(C)CSi
SiCSiC(C)(C)CCCSi
SiCSiC(C)(CC)CCSi
SiCSiC(C)C(C)(C)CSi
SiCSiC(C)C(C)CCSi
SiCSiC(C)CC(C)CSi
SiCSiC(C)CCCCSi
SiCSiC(CC)C(C)CSi
SiCSiC(CC)CCCSi
SiCSiCC(C)(C)CCSi
SiCSiCC(C)C(C)CSi
SiCSiCC(C)CCCSi
SiCSiCC(CC)CCSi
SiCSiCCC(C)(C)CSi
SiCSiCCC(C)CCSi
SiCSiCCCC(C)CSi
SiCSiCCCCCCSi
SiSiC(C)(C)C(C)(C)CSi
SiSiC(C)(C)C(C)CCSi
SiSiC(C)(C)CC(C)CSi
SiSiC(C)(C)CCCCSi
SiSiC(C)C(C)(C)CCSi
SiSiC(C)C(C)C(C)CSi
SiSiC(C)C(C)CCCSi
SiSiC(C)C(CC)CCSi
SiSiC(C)CC(C)(C)CSi
SiSiC(C)CC(C)CCSi
SiSiC(C)CCC(C)CSi
SiSiC(C)CCCCCSi
SiSiCC(C(C)C)CCSi
SiSiCC(C)(C)C(C)CSi
SiSiCC(C)(C)CCCSi
SiSiCC(C)(CC)CCSi
SiSiCC(C)C(C)(C)CSi
SiSiCC(C)C(C)CCSi
SiSiCC(C)CC(C)CSi
SiSiCC(C)CCCCSi
SiSiCC(CC)C(C)CSi
SiSiCC(CC)CCCSi
SiSiCCC(C)(C)CCSi
SiSiCCC(C)C(C)CSi
SiSiCCC(C)CCCSi
SiSiCCC(CC)CCSi
SiSiCCCC(C)(C)CSi
SiSiCCCC(C)CCSi
SiSiCCCCC(C)CSi
SiSiCCCCCCCSi
