CC(C)(C)C(C)(C)C(Cl)Cl
CC(C)(C)C(C)(CCl)CCl
CC(C)(C)C(C)(Cl)CCCl
CC(C)(C)C(C)C(Cl)(Cl)C
CC(C)(C)C(C)C(Cl)CCl
CC(C)(C)C(C)CC(Cl)Cl
CC(C)(C)C(CCl)CCCl
CC(C)(C)C(Cl)C(C)(Cl)C
CC(C)(C)C(Cl)C(C)CCl
CC(C)(C)C(Cl)CCCCl
CC(C)(C)CC(C)(Cl)CCl
CC(C)(C)CC(C)C(Cl)Cl
CC(C)(C)CC(CCl)CCl
CC(C)(C)CC(Cl)CCCl
CC(C)(C)CCC(Cl)(Cl)C
CC(C)(C)CCC(Cl)CCl
CC(C)(C)CCCC(Cl)Cl
CC(C)(Cl)C(C)(C)CCCl
CC(C)(Cl)C(C)C(C)(Cl)C
CC(C)(Cl)C(C)C(C)CCl
CC(C)(Cl)C(C)CCCCl
CC(C)(Cl)CC(C)(C)CCl
CC(C)(Cl)CC(C)CCCl
CC(C)(Cl)CCC(C)(Cl)C
CC(C)(Cl)CCC(C)CCl
CC(C)(Cl)CCCCCCl
CC(C)C(C(C)(Cl)C)CCl
CC(C)C(C(C)C)(Cl)CCl
CC(C)C(C(Cl)C)C(Cl)C
CC(C)C(C(Cl)C)CCCl
CC(C)C(C(Cl)Cl)C(C)C
CC(C)C(C)(C(Cl)C)CCl
CC(C)C(C)(C)C(Cl)(Cl)C
CC(C)C(C)(C)C(Cl)CCl
CC(C)C(C)(C)CC(Cl)Cl
CC(C)C(C)(CCl)CCCl
CC(C)C(C)(Cl)C(C)(Cl)C
CC(C)C(C)(Cl)C(C)CCl
CC(C)C(C)(Cl)CC(Cl)C
CC(C)C(C)(Cl)CCCCl
CC(C)C(C)C(C)(Cl)CCl
CC(C)C(C)C(C)C(Cl)Cl
CC(C)C(C)C(CCl)CCl
CC(C)C(C)C(Cl)C(Cl)C
CC(C)C(C)C(Cl)CCCl
CC(C)C(C)CC(Cl)(Cl)C
CC(C)C(C)CC(Cl)CCl
CC(C)C(C)CCC(Cl)Cl
CC(C)C(CCl)C(C)CCl
CC(C)C(CCl)CC(Cl)C
CC(C)C(CCl)CCCCl
CC(C)C(Cl)(Cl)C(C)(C)C
CC(C)C(Cl)C(C)(C)CCl
CC(C)C(Cl)C(C)C(Cl)C
CC(C)C(Cl)C(C)CCCl
CC(C)C(Cl)C(Cl)C(C)C
CC(C)C(Cl)CC(C)(Cl)C
CC(C)C(Cl)CC(C)CCl
CC(C)C(Cl)CCC(Cl)C
CC(C)C(Cl)CCCCCl
CC(C)CC(C(Cl)C)CCl
CC(C)CC(C)(C)C(Cl)Cl
CC(C)CC(C)(CCl)CCl
CC(C)CC(C)(Cl)C(Cl)C
CC(C)CC(C)(Cl)CCCl
CC(C)CC(C)C(Cl)(Cl)C
CC(C)CC(C)C(Cl)CCl
CC(C)CC(C)CC(Cl)Cl
CC(C)CC(CCl)CCCl
CC(C)CC(Cl)(Cl)C(C)C
CC(C)CC(Cl)C(C)(Cl)C
CC(C)CC(Cl)C(C)CCl
CC(C)CC(Cl)CC(Cl)C
CC(C)CC(Cl)CCCCl
CC(C)CCC(C)(Cl)CCl
CC(C)CCC(C)C(Cl)Cl
CC(C)CCC(CCl)CCl
CC(C)CCC(Cl)C(Cl)C
CC(C)CCC(Cl)CCCl
CC(C)CCCC(Cl)(Cl)C
CC(C)CCCC(Cl)CCl
CC(C)CCCCC(Cl)Cl
CC(Cl)C(C(C)(C)C)CCl
CC(Cl)C(C)(C)C(C)(Cl)C
CC(Cl)C(C)(C)C(C)CCl
CC(Cl)C(C)(C)CCCCl
CC(Cl)C(C)(Cl)C(C)(C)C
CC(Cl)C(C)C(C)(C)CCl
CC(Cl)C(C)C(C)C(Cl)C
CC(Cl)C(C)C(C)CCCl
CC(Cl)C(C)CC(C)(Cl)C
CC(Cl)C(C)CC(C)CCl
CC(Cl)C(C)CCCCCl
CC(Cl)C(Cl)CC(C)(C)C
CC(Cl)CC(C)(C)C(Cl)C
CC(Cl)CC(C)(C)CCCl
CC(Cl)CC(C)C(C)(Cl)C
CC(Cl)CC(C)C(C)CCl
CC(Cl)CC(C)CC(Cl)C
CC(Cl)CC(C)CCCCl
CC(Cl)CC(CC)CCCl
CC(Cl)CC(Cl)C(C)(C)C
CC(Cl)CCC(C)(C)CCl
CC(Cl)CCC(C)C(Cl)C
CC(Cl)CCC(C)CCCl
CC(Cl)CCCC(C)(Cl)C
CC(Cl)CCCC(C)CCl
CC(Cl)CCCCC(Cl)C
CC(Cl)CCCCCCCl
CCC(C(C)(C)C)(Cl)CCl
CCC(C(C)(C)C)C(Cl)Cl
CCC(C(C)(Cl)C)(Cl)CC
CCC(C(C)(Cl)C)C(Cl)C
CCC(C(C)(Cl)C)CCCl
CCC(C(C)C)(Cl)CCCl
CCC(C(C)C)C(Cl)CCl
CCC(C(C)C)CC(Cl)Cl
CCC(C(Cl)(Cl)C)C(C)C
CCC(C(Cl)C)(Cl)C(C)C
CCC(C(Cl)C)C(C)CCl
CCC(C(Cl)C)C(Cl)CC
CCC(C(Cl)C)CC(Cl)C
CCC(C(Cl)C)CCCCl
CCC(C(Cl)Cl)C(C)CC
CCC(C(Cl)Cl)CC(C)C
CCC(C)(C(C)(Cl)C)CCl
CCC(C)(C(Cl)(Cl)C)CC
CCC(C)(C(Cl)C)C(Cl)C
CCC(C)(C(Cl)C)CCCl
CCC(C)(C(Cl)Cl)C(C)C
CCC(C)(C)C(C)(Cl)CCl
CCC(C)(C)C(C)C(Cl)Cl
CCC(C)(C)C(CCl)CCl
CCC(C)(C)C(Cl)(Cl)CC
CCC(C)(C)C(Cl)C(Cl)C
CCC(C)(C)C(Cl)CCCl
CCC(C)(C)CC(Cl)(Cl)C
CCC(C)(C)CC(Cl)CCl
CCC(C)(C)CCC(Cl)Cl
CCC(C)(CC)C(Cl)CCl
CCC(C)(CC)CC(Cl)Cl
CCC(C)(CCl)C(C)CCl
CCC(C)(CCl)CC(Cl)C
CCC(C)(CCl)CCCCl
CCC(C)(Cl)C(C)(C)CCl
CCC(C)(Cl)C(C)(Cl)CC
CCC(C)(Cl)C(C)C(Cl)C
CCC(C)(Cl)C(C)CCCl
CCC(C)(Cl)C(Cl)C(C)C
CCC(C)(Cl)CC(C)(Cl)C
CCC(C)(Cl)CC(C)CCl
CCC(C)(Cl)CCC(Cl)C
CCC(C)(Cl)CCCCCl
CCC(C)C(C(Cl)C)CCl
CCC(C)C(C)(C)C(Cl)Cl
CCC(C)C(C)(CCl)CCl
CCC(C)C(C)(Cl)C(Cl)C
CCC(C)C(C)(Cl)CCCl
CCC(C)C(C)C(Cl)(Cl)C
CCC(C)C(C)C(Cl)CCl
CCC(C)C(C)CC(Cl)Cl
CCC(C)C(CCl)(Cl)CC
CCC(C)C(CCl)CCCl
CCC(C)C(Cl)(Cl)C(C)C
CCC(C)C(Cl)C(C)(Cl)C
CCC(C)C(Cl)C(C)CCl
CCC(C)C(Cl)C(Cl)CC
CCC(C)C(Cl)CC(Cl)C
CCC(C)C(Cl)CCCCl
CCC(C)CC(C)(Cl)CCl
CCC(C)CC(C)C(Cl)Cl
CCC(C)CC(CCl)CCl
CCC(C)CC(Cl)(Cl)CC
CCC(C)CC(Cl)C(Cl)C
CCC(C)CC(Cl)CCCl
CCC(C)CCC(Cl)(Cl)C
CCC(C)CCC(Cl)CCl
CCC(C)CCCC(Cl)Cl
CCC(CC)(C(Cl)Cl)CC
CCC(CC)(CCl)CCCl
CCC(CC)(Cl)C(C)CCl
CCC(CC)(Cl)CC(Cl)C
CCC(CC)(Cl)CCCCl
CCC(CC)C(C)(Cl)CCl
CCC(CC)C(C)C(Cl)Cl
CCC(CC)C(CCl)CCl
CCC(CC)C(Cl)(Cl)CC
CCC(CC)C(Cl)C(Cl)C
CCC(CC)C(Cl)CCCl
CCC(CC)CC(Cl)(Cl)C
CCC(CC)CC(Cl)CCl
CCC(CC)CCC(Cl)Cl
CCC(CCl)(C(C)C)CCl
CCC(CCl)(C(Cl)C)CC
CCC(CCl)(Cl)CC(C)C
CCC(CCl)C(C)(C)CCl
CCC(CCl)C(C)(Cl)CC
CCC(CCl)C(C)C(Cl)C
CCC(CCl)C(C)CCCl
CCC(CCl)C(CCl)CC
CCC(CCl)C(Cl)C(C)C
CCC(CCl)CC(C)(Cl)C
CCC(CCl)CC(C)CCl
CCC(CCl)CC(Cl)CC
CCC(CCl)CCC(Cl)C
CCC(CCl)CCCCCl
CCC(Cl)(Cl)C(C)C(C)C
CCC(Cl)(Cl)CC(C)(C)C
CCC(Cl)(Cl)CCC(C)C
CCC(Cl)C(C(C)C)CCl
CCC(Cl)C(C)(C)C(Cl)C
CCC(Cl)C(C)(C)CCCl
CCC(Cl)C(C)(CCl)CC
CCC(Cl)C(C)(Cl)C(C)C
CCC(Cl)C(C)C(C)(Cl)C
CCC(Cl)C(C)C(C)CCl
CCC(Cl)C(C)C(Cl)CC
CCC(Cl)C(C)CC(Cl)C
CCC(Cl)C(C)CCCCl
CCC(Cl)C(CC)(Cl)CC
CCC(Cl)C(CC)CCCl
CCC(Cl)C(Cl)C(C)(C)C
CCC(Cl)C(Cl)CC(C)C
CCC(Cl)CC(C)(C)CCl
CCC(Cl)CC(C)(Cl)CC
CCC(Cl)CC(C)C(Cl)C
CCC(Cl)CC(C)CCCl
CCC(Cl)CC(Cl)C(C)C
CCC(Cl)CCC(C)(Cl)C
CCC(Cl)CCC(C)CCl
CCC(Cl)CCC(Cl)CC
CCC(Cl)CCCC(Cl)C
CCC(Cl)CCCCCCl
CCCC(C(C)(Cl)C)CCl
CCCC(C(C)C)(Cl)CCl
CCCC(C(Cl)(Cl)C)CC
CCCC(C(Cl)C)(Cl)CC
CCCC(C(Cl)C)C(Cl)C
CCCC(C(Cl)C)CCCl
CCCC(C(Cl)Cl)C(C)C
CCCC(C(Cl)Cl)CCC
CCCC(C)(C(Cl)C)CCl
CCCC(C)(C(Cl)Cl)CC
CCCC(C)(C)C(Cl)(Cl)C
CCCC(C)(C)C(Cl)CCl
CCCC(C)(C)CC(Cl)Cl
CCCC(C)(CCl)CCCl
CCCC(C)(Cl)C(C)(Cl)C
CCCC(C)(Cl)C(C)CCl
CCCC(C)(Cl)C(Cl)CC
CCCC(C)(Cl)CC(Cl)C
CCCC(C)(Cl)CCCCl
CCCC(C)C(C)(Cl)CCl
CCCC(C)C(C)C(Cl)Cl
CCCC(C)C(CCl)CCl
CCCC(C)C(Cl)(Cl)CC
CCCC(C)C(Cl)C(Cl)C
CCCC(C)C(Cl)CCCl
CCCC(C)CC(Cl)(Cl)C
CCCC(C)CC(Cl)CCl
CCCC(C)CCC(Cl)Cl
CCCC(CC)(Cl)CCCl
CCCC(CC)C(Cl)CCl
CCCC(CC)CC(Cl)Cl
CCCC(CCCl)CCCl
CCCC(CCl)(CCl)CC
CCCC(CCl)(Cl)CCC
CCCC(CCl)C(C)CCl
CCCC(CCl)C(Cl)CC
CCCC(CCl)CC(Cl)C
CCCC(CCl)CCCCl
CCCC(Cl)(Cl)C(C)(C)C
CCCC(Cl)(Cl)C(C)CC
CCCC(Cl)(Cl)CC(C)C
CCCC(Cl)C(C)(C)CCl
CCCC(Cl)C(C)(Cl)CC
CCCC(Cl)C(C)C(Cl)C
CCCC(Cl)C(C)CCCl
CCCC(Cl)C(CCl)CC
CCCC(Cl)C(Cl)C(C)C
CCCC(Cl)C(Cl)CCC
CCCC(Cl)CC(C)(Cl)C
CCCC(Cl)CC(C)CCl
CCCC(Cl)CC(Cl)CC
CCCC(Cl)CCC(Cl)C
CCCC(Cl)CCCCCl
CCCCC(C(Cl)C)CCl
CCCCC(C(Cl)Cl)CC
CCCCC(C)(C)C(Cl)Cl
CCCCC(C)(CCl)CCl
CCCCC(C)(Cl)C(Cl)C
CCCCC(C)(Cl)CCCl
CCCCC(C)C(Cl)(Cl)C
CCCCC(C)C(Cl)CCl
CCCCC(C)CC(Cl)Cl
CCCCC(CCl)(Cl)CC
CCCCC(CCl)CCCl
CCCCC(Cl)(Cl)C(C)C
CCCCC(Cl)(Cl)CCC
CCCCC(Cl)C(C)(Cl)C
CCCCC(Cl)C(C)CCl
CCCCC(Cl)C(Cl)CC
CCCCC(Cl)CC(Cl)C
CCCCC(Cl)CCCCl
CCCCCC(C)(Cl)CCl
CCCCCC(C)C(Cl)Cl
CCCCCC(CCl)CCl
CCCCCC(Cl)(Cl)CC
CCCCCC(Cl)C(Cl)C
CCCCCC(Cl)CCCl
CCCCCCC(Cl)(Cl)C
CCCCCCC(Cl)CCl
CCCCCCCC(Cl)Cl
ClCC(C)(C)C(C)(C)CCl
ClCC(C)C(C)C(C)CCl
ClCC(C)CC(C)(C)CCl
ClCC(C)CCC(C)CCl
ClCCC(C(C)C)CCCl
ClCCC(C)(C)C(C)CCl
ClCCC(C)(CC)CCCl
ClCCC(C)C(C)(C)CCl
ClCCC(C)C(C)CCCl
ClCCC(C)CC(C)CCl
ClCCC(CC)C(C)CCl
ClCCCC(C)(C)CCCl
ClCCCC(C)C(C)CCl
ClCCCC(C)CCCCl
ClCCCC(CC)CCCl
ClCCCCC(C)(C)CCl
ClCCCCC(C)CCCl
ClCCCCCC(C)CCl
ClCCCCCCCCCl
