CC(C)(C)C(C)(C)C(N)N
CC(C)(C)C(C)(C)CNN
CC(C)(C)C(C)(C)N(N)C
CC(C)(C)C(C)(C)NCN
CC(C)(C)C(C)(C)NNC
CC(C)(C)C(C)(CN)CN
CC(C)(C)C(C)(N)CCN
CC(C)(C)C(C)(N)CNC
CC(C)(C)C(C)(N)N(C)C
CC(C)(C)C(C)(NC)CN
CC(C)(C)C(C)(NC)NC
CC(C)(C)C(C)C(C)NN
CC(C)(C)C(C)C(N)(N)C
CC(C)(C)C(C)C(N)CN
CC(C)(C)C(C)C(N)NC
CC(C)(C)C(C)CC(N)N
CC(C)(C)C(C)CCNN
CC(C)(C)C(C)CN(N)C
CC(C)(C)C(C)CNCN
CC(C)(C)C(C)CNNC
CC(C)(C)C(C)N(C)CN
CC(C)(C)C(C)N(C)NC
CC(C)(C)C(C)NCCN
CC(C)(C)C(C)NCNC
CC(C)(C)C(C)NN(C)C
CC(C)(C)C(CN)CCN
CC(C)(C)C(CN)CNC
CC(C)(C)C(N(C)C)CN
CC(C)(C)C(N(C)C)NC
CC(C)(C)C(N)C(C)(N)C
CC(C)(C)C(N)C(C)CN
CC(C)(C)C(N)C(C)NC
CC(C)(C)C(N)CCCN
CC(C)(C)C(N)CCNC
CC(C)(C)C(N)CN(C)C
CC(C)(C)C(NC)CCN
CC(C)(C)C(NC)CNC
CC(C)(C)CC(C)(C)NN
CC(C)(C)CC(C)(N)CN
CC(C)(C)CC(C)(N)NC
CC(C)(C)CC(C)C(N)N
CC(C)(C)CC(C)CNN
CC(C)(C)CC(C)N(N)C
CC(C)(C)CC(C)NCN
CC(C)(C)CC(C)NNC
CC(C)(C)CC(CN)CN
CC(C)(C)CC(N)CCN
CC(C)(C)CC(N)CNC
CC(C)(C)CC(N)N(C)C
CC(C)(C)CC(NC)CN
CC(C)(C)CC(NC)NC
CC(C)(C)CCC(C)NN
CC(C)(C)CCC(N)(N)C
CC(C)(C)CCC(N)CN
CC(C)(C)CCC(N)NC
CC(C)(C)CCCC(N)N
CC(C)(C)CCCCNN
CC(C)(C)CCCN(N)C
CC(C)(C)CCCNCN
CC(C)(C)CCCNNC
CC(C)(C)CCN(C)CN
CC(C)(C)CCN(C)NC
CC(C)(C)CCNCCN
CC(C)(C)CCNCNC
CC(C)(C)CCNN(C)C
CC(C)(C)CN(C)CCN
CC(C)(C)CN(C)CNC
CC(C)(C)CN(C)N(C)C
CC(C)(C)CNC(C)(N)C
CC(C)(C)CNC(C)CN
CC(C)(C)CNC(C)NC
CC(C)(C)CNCCCN
CC(C)(C)CNCCNC
CC(C)(C)CNCN(C)C
CC(C)(C)N(C)C(C)CN
CC(C)(C)N(C)C(C)NC
CC(C)(C)N(C)CCCN
CC(C)(C)N(C)CCNC
CC(C)(C)N(C)CN(C)C
CC(C)(C)N(N)C(C)(C)C
CC(C)(C)NC(C)(C)CN
CC(C)(C)NC(C)(C)NC
CC(C)(C)NC(C)CCN
CC(C)(C)NC(C)CNC
CC(C)(C)NC(C)N(C)C
CC(C)(C)NCC(C)(N)C
CC(C)(C)NCC(C)CN
CC(C)(C)NCC(C)NC
CC(C)(C)NCCCCN
CC(C)(C)NCCCNC
CC(C)(C)NCCN(C)C
CC(C)(C)NNC(C)(C)C
CC(C)(N)C(C)(C)CCN
CC(C)(N)C(C)(C)CNC
CC(C)(N)C(C)(C)N(C)C
CC(C)(N)C(C)C(C)(N)C
CC(C)(N)C(C)C(C)CN
CC(C)(N)C(C)C(C)NC
CC(C)(N)C(C)CCCN
CC(C)(N)C(C)CCNC
CC(C)(N)C(C)CN(C)C
CC(C)(N)CC(C)(C)CN
CC(C)(N)CC(C)(C)NC
CC(C)(N)CC(C)CCN
CC(C)(N)CC(C)CNC
CC(C)(N)CC(C)N(C)C
CC(C)(N)CCC(C)(N)C
CC(C)(N)CCC(C)CN
CC(C)(N)CCC(C)NC
CC(C)(N)CCCCCN
CC(C)(N)CCCCNC
CC(C)(N)CCCN(C)C
CC(C)(N)N(C)C(C)(C)C
CC(C)C(C(C)(N)C)CN
CC(C)C(C(C)C)(N)CN
CC(C)C(C(C)C)CNN
CC(C)C(C(C)C)NCN
CC(C)C(C(C)C)NNC
CC(C)C(C(N)C)C(N)C
CC(C)C(C(N)C)CCN
CC(C)C(C(N)C)CNC
CC(C)C(C(N)N)C(C)C
CC(C)C(C)(C(N)C)CN
CC(C)C(C)(C)C(C)NN
CC(C)C(C)(C)C(N)(N)C
CC(C)C(C)(C)C(N)CN
CC(C)C(C)(C)C(N)NC
CC(C)C(C)(C)CC(N)N
CC(C)C(C)(C)CCNN
CC(C)C(C)(C)CN(N)C
CC(C)C(C)(C)CNCN
CC(C)C(C)(C)CNNC
CC(C)C(C)(C)N(C)CN
CC(C)C(C)(C)N(C)NC
CC(C)C(C)(C)NC(N)C
CC(C)C(C)(C)NCCN
CC(C)C(C)(C)NCNC
CC(C)C(C)(C)NN(C)C
CC(C)C(C)(CN)CCN
CC(C)C(C)(CN)CNC
CC(C)C(C)(N(C)C)CN
CC(C)C(C)(N(C)C)NC
CC(C)C(C)(N)C(C)(N)C
CC(C)C(C)(N)C(C)CN
CC(C)C(C)(N)C(C)NC
CC(C)C(C)(N)CC(N)C
CC(C)C(C)(N)CCCN
CC(C)C(C)(N)CCNC
CC(C)C(C)(N)CN(C)C
CC(C)C(C)(N)NC(C)C
CC(C)C(C)(NC)C(N)C
CC(C)C(C)(NC)CCN
CC(C)C(C)(NC)CNC
CC(C)C(C)(NN)C(C)C
CC(C)C(C)C(C)(C)NN
CC(C)C(C)C(C)(N)CN
CC(C)C(C)C(C)(N)NC
CC(C)C(C)C(C)C(N)N
CC(C)C(C)C(C)CNN
CC(C)C(C)C(C)N(N)C
CC(C)C(C)C(C)NCN
CC(C)C(C)C(C)NNC
CC(C)C(C)C(CN)CN
CC(C)C(C)C(N)C(N)C
CC(C)C(C)C(N)CCN
CC(C)C(C)C(N)CNC
CC(C)C(C)C(N)N(C)C
CC(C)C(C)C(NC)CN
CC(C)C(C)C(NC)NC
CC(C)C(C)CC(C)NN
CC(C)C(C)CC(N)(N)C
CC(C)C(C)CC(N)CN
CC(C)C(C)CC(N)NC
CC(C)C(C)CCC(N)N
CC(C)C(C)CCCNN
CC(C)C(C)CCN(N)C
CC(C)C(C)CCNCN
CC(C)C(C)CCNNC
CC(C)C(C)CN(C)CN
CC(C)C(C)CN(C)NC
CC(C)C(C)CNC(N)C
CC(C)C(C)CNCCN
CC(C)C(C)CNCNC
CC(C)C(C)CNN(C)C
CC(C)C(C)N(C)C(N)C
CC(C)C(C)N(C)CCN
CC(C)C(C)N(C)CNC
CC(C)C(C)N(C)N(C)C
CC(C)C(C)N(N)C(C)C
CC(C)C(C)NC(C)(N)C
CC(C)C(C)NC(C)CN
CC(C)C(C)NC(C)NC
CC(C)C(C)NCC(N)C
CC(C)C(C)NCCCN
CC(C)C(C)NCCNC
CC(C)C(C)NCN(C)C
CC(C)C(C)NNC(C)C
CC(C)C(CN)C(C)CN
CC(C)C(CN)C(C)NC
CC(C)C(CN)CC(N)C
CC(C)C(CN)CCCN
CC(C)C(CN)CCNC
CC(C)C(CN)CN(C)C
CC(C)C(CN)NC(C)C
CC(C)C(N(C)C)C(N)C
CC(C)C(N(C)C)CCN
CC(C)C(N(C)C)CNC
CC(C)C(N(C)C)N(C)C
CC(C)C(N(N)C)C(C)C
CC(C)C(N)(N)C(C)(C)C
CC(C)C(N)(NC)C(C)C
CC(C)C(N)C(C)(C)CN
CC(C)C(N)C(C)(C)NC
CC(C)C(N)C(C)C(N)C
CC(C)C(N)C(C)CCN
CC(C)C(N)C(C)CNC
CC(C)C(N)C(C)N(C)C
CC(C)C(N)C(N)C(C)C
CC(C)C(N)CC(C)(N)C
CC(C)C(N)CC(C)CN
CC(C)C(N)CC(C)NC
CC(C)C(N)CCC(N)C
CC(C)C(N)CCCCN
CC(C)C(N)CCCNC
CC(C)C(N)CCN(C)C
CC(C)C(N)CNC(C)C
CC(C)C(N)N(C)C(C)C
CC(C)C(N)NC(C)(C)C
CC(C)C(NC)C(C)(N)C
CC(C)C(NC)C(C)CN
CC(C)C(NC)C(C)NC
CC(C)C(NC)CC(N)C
CC(C)C(NC)CCCN
CC(C)C(NC)CCNC
CC(C)C(NC)CN(C)C
CC(C)C(NC)NC(C)C
CC(C)C(NN)C(C)(C)C
CC(C)CC(C(N)C)CN
CC(C)CC(C)(C)C(N)N
CC(C)CC(C)(C)CNN
CC(C)CC(C)(C)N(N)C
CC(C)CC(C)(C)NCN
CC(C)CC(C)(C)NNC
CC(C)CC(C)(CN)CN
CC(C)CC(C)(N)C(N)C
CC(C)CC(C)(N)CCN
CC(C)CC(C)(N)CNC
CC(C)CC(C)(N)N(C)C
CC(C)CC(C)(NC)CN
CC(C)CC(C)(NC)NC
CC(C)CC(C)C(C)NN
CC(C)CC(C)C(N)(N)C
CC(C)CC(C)C(N)CN
CC(C)CC(C)C(N)NC
CC(C)CC(C)CC(N)N
CC(C)CC(C)CCNN
CC(C)CC(C)CN(N)C
CC(C)CC(C)CNCN
CC(C)CC(C)CNNC
CC(C)CC(C)N(C)CN
CC(C)CC(C)N(C)NC
CC(C)CC(C)NC(N)C
CC(C)CC(C)NCCN
CC(C)CC(C)NCNC
CC(C)CC(C)NN(C)C
CC(C)CC(CC)CNN
CC(C)CC(CC)NCN
CC(C)CC(CC)NNC
CC(C)CC(CN)CCN
CC(C)CC(CN)CNC
CC(C)CC(N(C)C)CN
CC(C)CC(N(C)C)NC
CC(C)CC(N)(N)C(C)C
CC(C)CC(N)C(C)(N)C
CC(C)CC(N)C(C)CN
CC(C)CC(N)C(C)NC
CC(C)CC(N)CC(N)C
CC(C)CC(N)CCCN
CC(C)CC(N)CCNC
CC(C)CC(N)CN(C)C
CC(C)CC(N)NC(C)C
CC(C)CC(NC)C(N)C
CC(C)CC(NC)CCN
CC(C)CC(NC)CNC
CC(C)CC(NN)C(C)C
CC(C)CCC(C)(C)NN
CC(C)CCC(C)(N)CN
CC(C)CCC(C)(N)NC
CC(C)CCC(C)C(N)N
CC(C)CCC(C)CNN
CC(C)CCC(C)N(N)C
CC(C)CCC(C)NCN
CC(C)CCC(C)NNC
CC(C)CCC(CN)CN
CC(C)CCC(N)C(N)C
CC(C)CCC(N)CCN
CC(C)CCC(N)CNC
CC(C)CCC(N)N(C)C
CC(C)CCC(NC)CN
CC(C)CCC(NC)NC
CC(C)CCCC(C)NN
CC(C)CCCC(N)(N)C
CC(C)CCCC(N)CN
CC(C)CCCC(N)NC
CC(C)CCCCC(N)N
CC(C)CCCCCNN
CC(C)CCCCN(N)C
CC(C)CCCCNCN
CC(C)CCCCNNC
CC(C)CCCN(C)CN
CC(C)CCCN(C)NC
CC(C)CCCNC(N)C
CC(C)CCCNCCN
CC(C)CCCNCNC
CC(C)CCCNN(C)C
CC(C)CCN(C)C(N)C
CC(C)CCN(C)CCN
CC(C)CCN(C)CNC
CC(C)CCN(C)N(C)C
CC(C)CCN(N)C(C)C
CC(C)CCNC(C)(N)C
CC(C)CCNC(C)CN
CC(C)CCNC(C)NC
CC(C)CCNCC(N)C
CC(C)CCNCCCN
CC(C)CCNCCNC
CC(C)CCNCN(C)C
CC(C)CCNNC(C)C
CC(C)CN(C(C)C)CN
CC(C)CN(C)C(C)(N)C
CC(C)CN(C)C(C)CN
CC(C)CN(C)C(C)NC
CC(C)CN(C)CC(N)C
CC(C)CN(C)CCCN
CC(C)CN(C)CCNC
CC(C)CN(C)CN(C)C
CC(C)CN(C)NC(C)C
CC(C)CN(CC)CCN
CC(C)CN(CC)CNC
CC(C)CN(N)C(C)(C)C
CC(C)CN(N)CC(C)C
CC(C)CN(NC)C(C)C
CC(C)CNC(C)(C)CN
CC(C)CNC(C)(C)NC
CC(C)CNC(C)C(N)C
CC(C)CNC(C)CCN
CC(C)CNC(C)CNC
CC(C)CNC(C)N(C)C
CC(C)CNC(N)C(C)C
CC(C)CNCC(C)(N)C
CC(C)CNCC(C)CN
CC(C)CNCC(C)NC
CC(C)CNCCC(N)C
CC(C)CNCCCCN
CC(C)CNCCCNC
CC(C)CNCCN(C)C
CC(C)CNCNC(C)C
CC(C)CNN(C)C(C)C
CC(C)CNNC(C)(C)C
CC(C)CNNCC(C)C
CC(C)N(C(C)(C)C)CN
CC(C)N(C(C)C)CCN
CC(C)N(C(C)C)CNC
CC(C)N(C)C(C)(C)CN
CC(C)N(C)C(C)(C)NC
CC(C)N(C)C(C)C(N)C
CC(C)N(C)C(C)CCN
CC(C)N(C)C(C)CNC
CC(C)N(C)C(C)N(C)C
CC(C)N(C)CC(C)(N)C
CC(C)N(C)CC(C)CN
CC(C)N(C)CC(C)NC
CC(C)N(C)CCCCN
CC(C)N(C)CCCNC
CC(C)N(C)CCN(C)C
CC(C)N(C)N(C)C(C)C
CC(C)N(C)NC(C)(C)C
CC(C)N(N(C)C)C(C)C
CC(C)N(N)CC(C)(C)C
CC(C)N(NC)C(C)(C)C
CC(C)NC(C)(C)C(N)C
CC(C)NC(C)(C)CCN
CC(C)NC(C)(C)CNC
CC(C)NC(C)(C)N(C)C
CC(C)NC(C)C(C)(N)C
CC(C)NC(C)C(C)CN
CC(C)NC(C)C(C)NC
CC(C)NC(C)CC(N)C
CC(C)NC(C)CCCN
CC(C)NC(C)CCNC
CC(C)NC(C)CN(C)C
CC(C)NC(C)NC(C)C
CC(C)NC(CC)CCN
CC(C)NC(CC)CNC
CC(C)NC(N)C(C)(C)C
CC(C)NCC(C)(C)CN
CC(C)NCC(C)(C)NC
CC(C)NCC(C)C(N)C
CC(C)NCC(C)CCN
CC(C)NCC(C)CNC
CC(C)NCC(C)N(C)C
CC(C)NCCC(C)(N)C
CC(C)NCCC(C)CN
CC(C)NCCC(C)NC
CC(C)NCCCC(N)C
CC(C)NCCCCCN
CC(C)NCCCCNC
CC(C)NCCCN(C)C
CC(C)NCCNC(C)C
CC(C)NCN(C)C(C)C
CC(C)NCNC(C)(C)C
CC(C)NN(C)C(C)(C)C
CC(C)NNCC(C)(C)C
CC(N)C(C(C)(C)C)CN
CC(N)C(C)(C)C(C)(N)C
CC(N)C(C)(C)C(C)CN
CC(N)C(C)(C)C(C)NC
CC(N)C(C)(C)CCCN
CC(N)C(C)(C)CCNC
CC(N)C(C)(C)CN(C)C
CC(N)C(C)(N)C(C)(C)C
CC(N)C(C)C(C)(C)CN
CC(N)C(C)C(C)(C)NC
CC(N)C(C)C(C)C(N)C
CC(N)C(C)C(C)CCN
CC(N)C(C)C(C)CNC
CC(N)C(C)C(C)N(C)C
CC(N)C(C)CC(C)(N)C
CC(N)C(C)CC(C)CN
CC(N)C(C)CC(C)NC
CC(N)C(C)CCCCN
CC(N)C(C)CCCNC
CC(N)C(C)CCN(C)C
CC(N)C(C)NC(C)(C)C
CC(N)C(N)CC(C)(C)C
CC(N)C(NC)C(C)(C)C
CC(N)CC(C)(C)C(N)C
CC(N)CC(C)(C)CCN
CC(N)CC(C)(C)CNC
CC(N)CC(C)(C)N(C)C
CC(N)CC(C)C(C)(N)C
CC(N)CC(C)C(C)CN
CC(N)CC(C)C(C)NC
CC(N)CC(C)CC(N)C
CC(N)CC(C)CCCN
CC(N)CC(C)CCNC
CC(N)CC(C)CN(C)C
CC(N)CC(CC)CCN
CC(N)CC(CC)CNC
CC(N)CC(N)C(C)(C)C
CC(N)CCC(C)(C)CN
CC(N)CCC(C)(C)NC
CC(N)CCC(C)C(N)C
CC(N)CCC(C)CCN
CC(N)CCC(C)CNC
CC(N)CCC(C)N(C)C
CC(N)CCCC(C)(N)C
CC(N)CCCC(C)CN
CC(N)CCCC(C)NC
CC(N)CCCCC(N)C
CC(N)CCCCCCN
CC(N)CCCCCNC
CC(N)CCCCN(C)C
CC(N)CCN(C)C(C)C
CC(N)CCNC(C)(C)C
CC(N)CN(C)C(C)(C)C
CC(N)CNCC(C)(C)C
CC(N)N(C(C)C)C(C)C
CC(N)N(C)CC(C)(C)C
CC(N)NC(C)C(C)(C)C
CC(N)NCCC(C)(C)C
CCC(C(C)(C)C)(N)CN
CCC(C(C)(C)C)C(N)N
CCC(C(C)(C)C)CNN
CCC(C(C)(C)C)NCN
CCC(C(C)(C)C)NNC
CCC(C(C)(N)C)(N)CC
CCC(C(C)(N)C)C(N)C
CCC(C(C)(N)C)CCN
CCC(C(C)(N)C)CNC
CCC(C(C)(N)C)NCC
CCC(C(C)C)(N)CCN
CCC(C(C)C)(N)CNC
CCC(C(C)C)(N)NCC
CCC(C(C)C)(NC)CN
CCC(C(C)C)(NN)CC
CCC(C(C)C)C(C)NN
CCC(C(C)C)C(N)CN
CCC(C(C)C)C(N)NC
CCC(C(C)C)CC(N)N
CCC(C(C)C)CCNN
CCC(C(C)C)CN(N)C
CCC(C(C)C)CNCN
CCC(C(C)C)CNNC
CCC(C(C)C)N(C)CN
CCC(C(C)C)N(C)NC
CCC(C(C)C)N(N)CC
CCC(C(C)C)NC(N)C
CCC(C(C)C)NCCN
CCC(C(C)C)NCNC
CCC(C(C)C)NN(C)C
CCC(C(C)C)NNCC
CCC(C(N)(N)C)C(C)C
CCC(C(N)C)(N)C(C)C
CCC(C(N)C)(NC)CC
CCC(C(N)C)C(C)CN
CCC(C(N)C)C(C)NC
CCC(C(N)C)C(N)CC
CCC(C(N)C)CC(N)C
CCC(C(N)C)CCCN
CCC(C(N)C)CCNC
CCC(C(N)C)CN(C)C
CCC(C(N)C)CNCC
CCC(C(N)C)N(C)CC
CCC(C(N)C)NC(C)C
CCC(C(N)N)C(C)CC
CCC(C(N)N)CC(C)C
CCC(C)(C(C)(N)C)CN
CCC(C)(C(C)C)CNN
CCC(C)(C(C)C)NCN
CCC(C)(C(C)C)NNC
CCC(C)(C(N)(N)C)CC
CCC(C)(C(N)C)C(N)C
CCC(C)(C(N)C)CCN
CCC(C)(C(N)C)CNC
CCC(C)(C(N)C)NCC
CCC(C)(C(N)N)C(C)C
CCC(C)(C)C(C)(C)NN
CCC(C)(C)C(C)(N)CN
CCC(C)(C)C(C)(N)NC
CCC(C)(C)C(C)C(N)N
CCC(C)(C)C(C)CNN
CCC(C)(C)C(C)N(N)C
CCC(C)(C)C(C)NCN
CCC(C)(C)C(C)NNC
CCC(C)(C)C(CN)CN
CCC(C)(C)C(N)(N)CC
CCC(C)(C)C(N)C(N)C
CCC(C)(C)C(N)CCN
CCC(C)(C)C(N)CNC
CCC(C)(C)C(N)N(C)C
CCC(C)(C)C(N)NCC
CCC(C)(C)C(NC)CN
CCC(C)(C)C(NC)NC
CCC(C)(C)CC(C)NN
CCC(C)(C)CC(N)(N)C
CCC(C)(C)CC(N)CN
CCC(C)(C)CC(N)NC
CCC(C)(C)CCC(N)N
CCC(C)(C)CCCNN
CCC(C)(C)CCN(N)C
CCC(C)(C)CCNCN
CCC(C)(C)CCNNC
CCC(C)(C)CN(C)CN
CCC(C)(C)CN(C)NC
CCC(C)(C)CN(N)CC
CCC(C)(C)CNC(N)C
CCC(C)(C)CNCCN
CCC(C)(C)CNCNC
CCC(C)(C)CNN(C)C
CCC(C)(C)CNNCC
CCC(C)(C)N(C)C(N)C
CCC(C)(C)N(C)CCN
CCC(C)(C)N(C)CNC
CCC(C)(C)N(C)N(C)C
CCC(C)(C)N(C)NCC
CCC(C)(C)N(CC)CN
CCC(C)(C)N(N)C(C)C
CCC(C)(C)N(NC)CC
CCC(C)(C)NC(C)(N)C
CCC(C)(C)NC(C)CN
CCC(C)(C)NC(C)NC
CCC(C)(C)NCC(N)C
CCC(C)(C)NCCCN
CCC(C)(C)NCCNC
CCC(C)(C)NCN(C)C
CCC(C)(C)NCNCC
CCC(C)(C)NN(C)CC
CCC(C)(C)NNC(C)C
CCC(C)(CC)C(C)NN
CCC(C)(CC)C(N)CN
CCC(C)(CC)C(N)NC
CCC(C)(CC)CC(N)N
CCC(C)(CC)CCNN
CCC(C)(CC)CN(N)C
CCC(C)(CC)CNCN
CCC(C)(CC)CNNC
CCC(C)(CC)N(C)CN
CCC(C)(CC)N(C)NC
CCC(C)(CC)N(N)CC
CCC(C)(CC)NC(N)C
CCC(C)(CC)NCCN
CCC(C)(CC)NCNC
CCC(C)(CC)NN(C)C
CCC(C)(CC)NNCC
CCC(C)(CN)C(C)CN
CCC(C)(CN)C(C)NC
CCC(C)(CN)CC(N)C
CCC(C)(CN)CCCN
CCC(C)(CN)CCNC
CCC(C)(CN)CN(C)C
CCC(C)(CN)CNCC
CCC(C)(CN)N(C)CC
CCC(C)(CN)NC(C)C
CCC(C)(N(C)C)C(N)C
CCC(C)(N(C)C)CCN
CCC(C)(N(C)C)CNC
CCC(C)(N(C)C)N(C)C
CCC(C)(N(C)C)NCC
CCC(C)(N(N)C)C(C)C
CCC(C)(N)C(C)(C)CN
CCC(C)(N)C(C)(C)NC
CCC(C)(N)C(C)(N)CC
CCC(C)(N)C(C)C(N)C
CCC(C)(N)C(C)CCN
CCC(C)(N)C(C)CNC
CCC(C)(N)C(C)N(C)C
CCC(C)(N)C(C)NCC
CCC(C)(N)C(N)C(C)C
CCC(C)(N)CC(C)(N)C
CCC(C)(N)CC(C)CN
CCC(C)(N)CC(C)NC
CCC(C)(N)CCC(N)C
CCC(C)(N)CCCCN
CCC(C)(N)CCCNC
CCC(C)(N)CCN(C)C
CCC(C)(N)CCNCC
CCC(C)(N)CN(C)CC
CCC(C)(N)CNC(C)C
CCC(C)(N)N(C)C(C)C
CCC(C)(N)N(CC)CC
CCC(C)(N)NC(C)(C)C
CCC(C)(N)NCC(C)C
CCC(C)(NC)C(C)(N)C
CCC(C)(NC)C(C)CN
CCC(C)(NC)C(C)NC
CCC(C)(NC)CC(N)C
CCC(C)(NC)CCCN
CCC(C)(NC)CCNC
CCC(C)(NC)CN(C)C
CCC(C)(NC)CNCC
CCC(C)(NC)N(C)CC
CCC(C)(NC)NC(C)C
CCC(C)(NN)C(C)(C)C
CCC(C)(NN)CC(C)C
CCC(C)C(C(N)C)CN
CCC(C)C(C)(C)C(N)N
CCC(C)C(C)(C)CNN
CCC(C)C(C)(C)N(N)C
CCC(C)C(C)(C)NCN
CCC(C)C(C)(C)NNC
CCC(C)C(C)(CN)CN
CCC(C)C(C)(N)C(N)C
CCC(C)C(C)(N)CCN
CCC(C)C(C)(N)CNC
CCC(C)C(C)(N)N(C)C
CCC(C)C(C)(N)NCC
CCC(C)C(C)(NC)CN
CCC(C)C(C)(NC)NC
CCC(C)C(C)(NN)CC
CCC(C)C(C)C(C)NN
CCC(C)C(C)C(N)(N)C
CCC(C)C(C)C(N)CN
CCC(C)C(C)C(N)NC
CCC(C)C(C)CC(N)N
CCC(C)C(C)CCNN
CCC(C)C(C)CN(N)C
CCC(C)C(C)CNCN
CCC(C)C(C)CNNC
CCC(C)C(C)N(C)CN
CCC(C)C(C)N(C)NC
CCC(C)C(C)N(N)CC
CCC(C)C(C)NC(N)C
CCC(C)C(C)NCCN
CCC(C)C(C)NCNC
CCC(C)C(C)NN(C)C
CCC(C)C(C)NNCC
CCC(C)C(CC)CNN
CCC(C)C(CC)NCN
CCC(C)C(CC)NNC
CCC(C)C(CN)(N)CC
CCC(C)C(CN)CCN
CCC(C)C(CN)CNC
CCC(C)C(CN)NCC
CCC(C)C(N(C)C)CN
CCC(C)C(N(C)C)NC
CCC(C)C(N(N)C)CC
CCC(C)C(N)(N)C(C)C
CCC(C)C(N)(NC)CC
CCC(C)C(N)C(C)(N)C
CCC(C)C(N)C(C)CN
CCC(C)C(N)C(C)NC
CCC(C)C(N)C(N)CC
CCC(C)C(N)CC(N)C
CCC(C)C(N)CCCN
CCC(C)C(N)CCNC
CCC(C)C(N)CN(C)C
CCC(C)C(N)CNCC
CCC(C)C(N)N(C)CC
CCC(C)C(N)NC(C)C
CCC(C)C(NC)C(N)C
CCC(C)C(NC)CCN
CCC(C)C(NC)CNC
CCC(C)C(NC)NCC
CCC(C)C(NN)C(C)C
CCC(C)CC(C)(C)NN
CCC(C)CC(C)(N)CN
CCC(C)CC(C)(N)NC
CCC(C)CC(C)C(N)N
CCC(C)CC(C)CNN
CCC(C)CC(C)N(N)C
CCC(C)CC(C)NCN
CCC(C)CC(C)NNC
CCC(C)CC(CN)CN
CCC(C)CC(N)(N)CC
CCC(C)CC(N)C(N)C
CCC(C)CC(N)CCN
CCC(C)CC(N)CNC
CCC(C)CC(N)N(C)C
CCC(C)CC(N)NCC
CCC(C)CC(NC)CN
CCC(C)CC(NC)NC
CCC(C)CC(NN)CC
CCC(C)CCC(C)NN
CCC(C)CCC(N)(N)C
CCC(C)CCC(N)CN
CCC(C)CCC(N)NC
CCC(C)CCCC(N)N
CCC(C)CCCCNN
CCC(C)CCCN(N)C
CCC(C)CCCNCN
CCC(C)CCCNNC
CCC(C)CCN(C)CN
CCC(C)CCN(C)NC
CCC(C)CCN(N)CC
CCC(C)CCNC(N)C
CCC(C)CCNCCN
CCC(C)CCNCNC
CCC(C)CCNN(C)C
CCC(C)CCNNCC
CCC(C)CN(C)C(N)C
CCC(C)CN(C)CCN
CCC(C)CN(C)CNC
CCC(C)CN(C)N(C)C
CCC(C)CN(C)NCC
CCC(C)CN(CC)CN
CCC(C)CN(N)C(C)C
CCC(C)CN(NC)CC
CCC(C)CNC(C)(N)C
CCC(C)CNC(C)CN
CCC(C)CNC(C)NC
CCC(C)CNC(N)CC
CCC(C)CNCC(N)C
CCC(C)CNCCCN
CCC(C)CNCCNC
CCC(C)CNCN(C)C
CCC(C)CNCNCC
CCC(C)CNN(C)CC
CCC(C)CNNC(C)C
CCC(C)N(C(C)C)CN
CCC(C)N(C(N)C)CC
CCC(C)N(C)C(C)(N)C
CCC(C)N(C)C(C)CN
CCC(C)N(C)C(C)NC
CCC(C)N(C)CC(N)C
CCC(C)N(C)CCCN
CCC(C)N(C)CCNC
CCC(C)N(C)CN(C)C
CCC(C)N(C)CNCC
CCC(C)N(C)N(C)CC
CCC(C)N(C)NC(C)C
CCC(C)N(CC)CCN
CCC(C)N(CC)CNC
CCC(C)N(CC)NCC
CCC(C)N(N(C)C)CC
CCC(C)N(N)C(C)(C)C
CCC(C)N(N)C(C)CC
CCC(C)N(N)CC(C)C
CCC(C)N(NC)C(C)C
CCC(C)NC(C)(C)CN
CCC(C)NC(C)(C)NC
CCC(C)NC(C)(N)CC
CCC(C)NC(C)C(N)C
CCC(C)NC(C)CCN
CCC(C)NC(C)CNC
CCC(C)NC(C)N(C)C
CCC(C)NC(C)NCC
CCC(C)NC(N)C(C)C
CCC(C)NCC(C)(N)C
CCC(C)NCC(C)CN
CCC(C)NCC(C)NC
CCC(C)NCC(N)CC
CCC(C)NCCC(N)C
CCC(C)NCCCCN
CCC(C)NCCCNC
CCC(C)NCCN(C)C
CCC(C)NCCNCC
CCC(C)NCN(C)CC
CCC(C)NCNC(C)C
CCC(C)NN(C)C(C)C
CCC(C)NN(CC)CC
CCC(C)NNC(C)(C)C
CCC(C)NNC(C)CC
CCC(C)NNCC(C)C
CCC(CC)(C(N)N)CC
CCC(CC)(CC)CNN
CCC(CC)(CC)NCN
CCC(CC)(CC)NNC
CCC(CC)(CN)CCN
CCC(CC)(CN)CNC
CCC(CC)(CN)NCC
CCC(CC)(N(N)C)CC
CCC(CC)(N)C(C)CN
CCC(CC)(N)C(C)NC
CCC(CC)(N)CC(N)C
CCC(CC)(N)CCCN
CCC(CC)(N)CCNC
CCC(CC)(N)CN(C)C
CCC(CC)(N)CNCC
CCC(CC)(N)N(C)CC
CCC(CC)(N)NC(C)C
CCC(CC)(NC)CCN
CCC(CC)(NC)CNC
CCC(CC)(NC)NCC
CCC(CC)C(C)(C)NN
CCC(CC)C(C)(N)CN
CCC(CC)C(C)(N)NC
CCC(CC)C(C)C(N)N
CCC(CC)C(C)CNN
CCC(CC)C(C)N(N)C
CCC(CC)C(C)NCN
CCC(CC)C(C)NNC
CCC(CC)C(CN)CN
CCC(CC)C(N)(N)CC
CCC(CC)C(N)C(N)C
CCC(CC)C(N)CCN
CCC(CC)C(N)CNC
CCC(CC)C(N)N(C)C
CCC(CC)C(N)NCC
CCC(CC)C(NC)CN
CCC(CC)C(NC)NC
CCC(CC)C(NN)CC
CCC(CC)CC(C)NN
CCC(CC)CC(N)(N)C
CCC(CC)CC(N)CN
CCC(CC)CC(N)NC
CCC(CC)CCC(N)N
CCC(CC)CCCNN
CCC(CC)CCN(N)C
CCC(CC)CCNCN
CCC(CC)CCNNC
CCC(CC)CN(C)CN
CCC(CC)CN(C)NC
CCC(CC)CN(N)CC
CCC(CC)CNC(N)C
CCC(CC)CNCCN
CCC(CC)CNCNC
CCC(CC)CNN(C)C
CCC(CC)CNNCC
CCC(CC)N(C)C(N)C
CCC(CC)N(C)CCN
CCC(CC)N(C)CNC
CCC(CC)N(C)N(C)C
CCC(CC)N(C)NCC
CCC(CC)N(CC)CN
CCC(CC)N(N)C(C)C
CCC(CC)N(NC)CC
CCC(CC)NC(C)(N)C
CCC(CC)NC(C)CN
CCC(CC)NC(C)NC
CCC(CC)NCC(N)C
CCC(CC)NCCCN
CCC(CC)NCCNC
CCC(CC)NCN(C)C
CCC(CC)NCNCC
CCC(CC)NN(C)CC
CCC(CC)NNC(C)C
CCC(CN)(C(C)C)CN
CCC(CN)(C(N)C)CC
CCC(CN)(N(C)C)CC
CCC(CN)(N)CC(C)C
CCC(CN)C(C)(C)CN
CCC(CN)C(C)(C)NC
CCC(CN)C(C)(N)CC
CCC(CN)C(C)C(N)C
CCC(CN)C(C)CCN
CCC(CN)C(C)CNC
CCC(CN)C(C)N(C)C
CCC(CN)C(C)NCC
CCC(CN)C(CN)CC
CCC(CN)C(N)C(C)C
CCC(CN)C(NC)CC
CCC(CN)CC(C)(N)C
CCC(CN)CC(C)CN
CCC(CN)CC(C)NC
CCC(CN)CC(N)CC
CCC(CN)CCC(N)C
CCC(CN)CCCCN
CCC(CN)CCCNC
CCC(CN)CCN(C)C
CCC(CN)CCNCC
CCC(CN)CN(C)CC
CCC(CN)CNC(C)C
CCC(CN)N(C)C(C)C
CCC(CN)N(CC)CC
CCC(CN)NC(C)(C)C
CCC(CN)NC(C)CC
CCC(CN)NCC(C)C
CCC(N(C)C)C(C)(N)C
CCC(N(C)C)C(C)CN
CCC(N(C)C)C(C)NC
CCC(N(C)C)C(N)CC
CCC(N(C)C)CC(N)C
CCC(N(C)C)CCCN
CCC(N(C)C)CCNC
CCC(N(C)C)CN(C)C
CCC(N(C)C)CNCC
CCC(N(C)C)N(C)CC
CCC(N(C)C)NC(C)C
CCC(N(N)C)C(C)(C)C
CCC(N(N)C)CC(C)C
CCC(N)(N(C)C)C(C)C
CCC(N)(N)C(C)C(C)C
CCC(N)(N)CC(C)(C)C
CCC(N)(N)CCC(C)C
CCC(N)(NC)C(C)(C)C
CCC(N)(NC)CC(C)C
CCC(N)C(C(C)C)CN
CCC(N)C(C)(C)C(N)C
CCC(N)C(C)(C)CCN
CCC(N)C(C)(C)CNC
CCC(N)C(C)(C)N(C)C
CCC(N)C(C)(C)NCC
CCC(N)C(C)(CN)CC
CCC(N)C(C)(N)C(C)C
CCC(N)C(C)(NC)CC
CCC(N)C(C)C(C)(N)C
CCC(N)C(C)C(C)CN
CCC(N)C(C)C(C)NC
CCC(N)C(C)C(N)CC
CCC(N)C(C)CC(N)C
CCC(N)C(C)CCCN
CCC(N)C(C)CCNC
CCC(N)C(C)CN(C)C
CCC(N)C(C)CNCC
CCC(N)C(C)N(C)CC
CCC(N)C(C)NC(C)C
CCC(N)C(CC)(N)CC
CCC(N)C(CC)CCN
CCC(N)C(CC)CNC
CCC(N)C(CC)NCC
CCC(N)C(N)C(C)(C)C
CCC(N)C(N)CC(C)C
CCC(N)C(NC)C(C)C
CCC(N)CC(C)(C)CN
CCC(N)CC(C)(C)NC
CCC(N)CC(C)(N)CC
CCC(N)CC(C)C(N)C
CCC(N)CC(C)CCN
CCC(N)CC(C)CNC
CCC(N)CC(C)N(C)C
CCC(N)CC(C)NCC
CCC(N)CC(N)C(C)C
CCC(N)CCC(C)(N)C
CCC(N)CCC(C)CN
CCC(N)CCC(C)NC
CCC(N)CCC(N)CC
CCC(N)CCCC(N)C
CCC(N)CCCCCN
CCC(N)CCCCNC
CCC(N)CCCN(C)C
CCC(N)CCCNCC
CCC(N)CCN(C)CC
CCC(N)CCNC(C)C
CCC(N)CN(C)C(C)C
CCC(N)CN(CC)CC
CCC(N)CNC(C)(C)C
CCC(N)CNCC(C)C
CCC(N)N(C(C)C)CC
CCC(N)N(C)C(C)(C)C
CCC(N)N(C)C(C)CC
CCC(N)N(C)CC(C)C
CCC(N)NC(C)(C)CC
CCC(N)NC(C)C(C)C
CCC(N)NC(CC)CC
CCC(N)NCC(C)(C)C
CCC(N)NCCC(C)C
CCC(NC)(N(C)C)CC
CCC(NC)(NC)C(C)C
CCC(NC)C(C)(C)CN
CCC(NC)C(C)(C)NC
CCC(NC)C(C)(N)CC
CCC(NC)C(C)C(N)C
CCC(NC)C(C)CCN
CCC(NC)C(C)CNC
CCC(NC)C(C)N(C)C
CCC(NC)C(C)NCC
CCC(NC)C(N)C(C)C
CCC(NC)C(NC)CC
CCC(NC)CC(C)(N)C
CCC(NC)CC(C)CN
CCC(NC)CC(C)NC
CCC(NC)CC(N)CC
CCC(NC)CCC(N)C
CCC(NC)CCCCN
CCC(NC)CCCNC
CCC(NC)CCN(C)C
CCC(NC)CCNCC
CCC(NC)CN(C)CC
CCC(NC)CNC(C)C
CCC(NC)N(C)C(C)C
CCC(NC)N(CC)CC
CCC(NC)NC(C)(C)C
CCC(NC)NC(C)CC
CCC(NC)NCC(C)C
CCC(NN)C(C)(C)CC
CCC(NN)C(C)C(C)C
CCC(NN)CC(C)(C)C
CCC(NN)CCC(C)C
CCCC(C(C)(N)C)CN
CCCC(C(C)C)(N)CN
CCCC(C(C)C)CNN
CCCC(C(C)C)NCN
CCCC(C(C)C)NNC
CCCC(C(N)(N)C)CC
CCCC(C(N)C)(N)CC
CCCC(C(N)C)C(N)C
CCCC(C(N)C)CCN
CCCC(C(N)C)CNC
CCCC(C(N)C)NCC
CCCC(C(N)N)C(C)C
CCCC(C(N)N)CCC
CCCC(C)(C(N)C)CN
CCCC(C)(C(N)N)CC
CCCC(C)(C)C(C)NN
CCCC(C)(C)C(N)(N)C
CCCC(C)(C)C(N)CN
CCCC(C)(C)C(N)NC
CCCC(C)(C)CC(N)N
CCCC(C)(C)CCNN
CCCC(C)(C)CN(N)C
CCCC(C)(C)CNCN
CCCC(C)(C)CNNC
CCCC(C)(C)N(C)CN
CCCC(C)(C)N(C)NC
CCCC(C)(C)N(N)CC
CCCC(C)(C)NC(N)C
CCCC(C)(C)NCCN
CCCC(C)(C)NCNC
CCCC(C)(C)NN(C)C
CCCC(C)(C)NNCC
CCCC(C)(CC)CNN
CCCC(C)(CC)NCN
CCCC(C)(CC)NNC
CCCC(C)(CN)CCN
CCCC(C)(CN)CNC
CCCC(C)(CN)NCC
CCCC(C)(N(C)C)CN
CCCC(C)(N(C)C)NC
CCCC(C)(N(N)C)CC
CCCC(C)(N)C(C)(N)C
CCCC(C)(N)C(C)CN
CCCC(C)(N)C(C)NC
CCCC(C)(N)C(N)CC
CCCC(C)(N)CC(N)C
CCCC(C)(N)CCCN
CCCC(C)(N)CCNC
CCCC(C)(N)CN(C)C
CCCC(C)(N)CNCC
CCCC(C)(N)N(C)CC
CCCC(C)(N)NC(C)C
CCCC(C)(N)NCCC
CCCC(C)(NC)C(N)C
CCCC(C)(NC)CCN
CCCC(C)(NC)CNC
CCCC(C)(NC)NCC
CCCC(C)(NN)C(C)C
CCCC(C)(NN)CCC
CCCC(C)C(C)(C)NN
CCCC(C)C(C)(N)CN
CCCC(C)C(C)(N)NC
CCCC(C)C(C)C(N)N
CCCC(C)C(C)CNN
CCCC(C)C(C)N(N)C
CCCC(C)C(C)NCN
CCCC(C)C(C)NNC
CCCC(C)C(CN)CN
CCCC(C)C(N)(N)CC
CCCC(C)C(N)C(N)C
CCCC(C)C(N)CCN
CCCC(C)C(N)CNC
CCCC(C)C(N)N(C)C
CCCC(C)C(N)NCC
CCCC(C)C(NC)CN
CCCC(C)C(NC)NC
CCCC(C)C(NN)CC
CCCC(C)CC(C)NN
CCCC(C)CC(N)(N)C
CCCC(C)CC(N)CN
CCCC(C)CC(N)NC
CCCC(C)CCC(N)N
CCCC(C)CCCNN
CCCC(C)CCN(N)C
CCCC(C)CCNCN
CCCC(C)CCNNC
CCCC(C)CN(C)CN
CCCC(C)CN(C)NC
CCCC(C)CN(N)CC
CCCC(C)CNC(N)C
CCCC(C)CNCCN
CCCC(C)CNCNC
CCCC(C)CNN(C)C
CCCC(C)CNNCC
CCCC(C)N(C)C(N)C
CCCC(C)N(C)CCN
CCCC(C)N(C)CNC
CCCC(C)N(C)N(C)C
CCCC(C)N(C)NCC
CCCC(C)N(CC)CN
CCCC(C)N(N)C(C)C
CCCC(C)N(N)CCC
CCCC(C)N(NC)CC
CCCC(C)NC(C)(N)C
CCCC(C)NC(C)CN
CCCC(C)NC(C)NC
CCCC(C)NC(N)CC
CCCC(C)NCC(N)C
CCCC(C)NCCCN
CCCC(C)NCCNC
CCCC(C)NCN(C)C
CCCC(C)NCNCC
CCCC(C)NN(C)CC
CCCC(C)NNC(C)C
CCCC(C)NNCCC
CCCC(CC)(N)CCN
CCCC(CC)(N)CNC
CCCC(CC)(N)NCC
CCCC(CC)(NN)CC
CCCC(CC)C(C)NN
CCCC(CC)C(N)CN
CCCC(CC)C(N)NC
CCCC(CC)CC(N)N
CCCC(CC)CCNN
CCCC(CC)CN(N)C
CCCC(CC)CNCN
CCCC(CC)CNNC
CCCC(CC)N(C)CN
CCCC(CC)N(C)NC
CCCC(CC)N(N)CC
CCCC(CC)NC(N)C
CCCC(CC)NCCN
CCCC(CC)NCNC
CCCC(CC)NN(C)C
CCCC(CC)NNCC
CCCC(CCN)CCN
CCCC(CN)(CN)CC
CCCC(CN)(N)CCC
CCCC(CN)(NC)CC
CCCC(CN)C(C)CN
CCCC(CN)C(C)NC
CCCC(CN)C(N)CC
CCCC(CN)CC(N)C
CCCC(CN)CCCN
CCCC(CN)CCNC
CCCC(CN)CN(C)C
CCCC(CN)CNCC
CCCC(CN)N(C)CC
CCCC(CN)NC(C)C
CCCC(CN)NCCC
CCCC(CNC)CCN
CCCC(CNC)CNC
CCCC(CNN)CCC
CCCC(N(C)C)C(N)C
CCCC(N(C)C)CCN
CCCC(N(C)C)CNC
CCCC(N(C)C)N(C)C
CCCC(N(C)C)NCC
CCCC(N(N)C)C(C)C
CCCC(N(N)C)CCC
CCCC(N)(N(C)C)CC
CCCC(N)(N)C(C)(C)C
CCCC(N)(N)C(C)CC
CCCC(N)(N)CC(C)C
CCCC(N)(NC)C(C)C
CCCC(N)(NC)CCC
CCCC(N)C(C)(C)CN
CCCC(N)C(C)(C)NC
CCCC(N)C(C)(N)CC
CCCC(N)C(C)C(N)C
CCCC(N)C(C)CCN
CCCC(N)C(C)CNC
CCCC(N)C(C)N(C)C
CCCC(N)C(C)NCC
CCCC(N)C(CN)CC
CCCC(N)C(N)C(C)C
CCCC(N)C(N)CCC
CCCC(N)C(NC)CC
CCCC(N)CC(C)(N)C
CCCC(N)CC(C)CN
CCCC(N)CC(C)NC
CCCC(N)CC(N)CC
CCCC(N)CCC(N)C
CCCC(N)CCCCN
CCCC(N)CCCNC
CCCC(N)CCN(C)C
CCCC(N)CCNCC
CCCC(N)CN(C)CC
CCCC(N)CNC(C)C
CCCC(N)CNCCC
CCCC(N)N(C)C(C)C
CCCC(N)N(C)CCC
CCCC(N)N(CC)CC
CCCC(N)NC(C)(C)C
CCCC(N)NC(C)CC
CCCC(N)NCC(C)C
CCCC(NC)(NC)CC
CCCC(NC)C(C)(N)C
CCCC(NC)C(C)CN
CCCC(NC)C(C)NC
CCCC(NC)C(N)CC
CCCC(NC)CC(N)C
CCCC(NC)CCCN
CCCC(NC)CCNC
CCCC(NC)CN(C)C
CCCC(NC)CNCC
CCCC(NC)N(C)CC
CCCC(NC)NC(C)C
CCCC(NC)NCCC
CCCC(NCC)CCN
CCCC(NCC)CNC
CCCC(NCC)NCC
CCCC(NCN)CCC
CCCC(NN)C(C)(C)C
CCCC(NN)C(C)CC
CCCC(NN)CC(C)C
CCCC(NNC)CCC
CCCCC(C(N)C)CN
CCCCC(C(N)N)CC
CCCCC(C)(C)C(N)N
CCCCC(C)(C)CNN
CCCCC(C)(C)N(N)C
CCCCC(C)(C)NCN
CCCCC(C)(C)NNC
CCCCC(C)(CN)CN
CCCCC(C)(N)C(N)C
CCCCC(C)(N)CCN
CCCCC(C)(N)CNC
CCCCC(C)(N)N(C)C
CCCCC(C)(N)NCC
CCCCC(C)(NC)CN
CCCCC(C)(NC)NC
CCCCC(C)(NN)CC
CCCCC(C)C(C)NN
CCCCC(C)C(N)(N)C
CCCCC(C)C(N)CN
CCCCC(C)C(N)NC
CCCCC(C)CC(N)N
CCCCC(C)CCNN
CCCCC(C)CN(N)C
CCCCC(C)CNCN
CCCCC(C)CNNC
CCCCC(C)N(C)CN
CCCCC(C)N(C)NC
CCCCC(C)N(N)CC
CCCCC(C)NC(N)C
CCCCC(C)NCCN
CCCCC(C)NCNC
CCCCC(C)NN(C)C
CCCCC(C)NNCC
CCCCC(CC)CNN
CCCCC(CC)NCN
CCCCC(CC)NNC
CCCCC(CN)(N)CC
CCCCC(CN)CCN
CCCCC(CN)CNC
CCCCC(CN)NCC
CCCCC(N(C)C)CN
CCCCC(N(C)C)NC
CCCCC(N(N)C)CC
CCCCC(N)(N)C(C)C
CCCCC(N)(N)CCC
CCCCC(N)(NC)CC
CCCCC(N)C(C)(N)C
CCCCC(N)C(C)CN
CCCCC(N)C(C)NC
CCCCC(N)C(N)CC
CCCCC(N)CC(N)C
CCCCC(N)CCCN
CCCCC(N)CCNC
CCCCC(N)CN(C)C
CCCCC(N)CNCC
CCCCC(N)N(C)CC
CCCCC(N)NC(C)C
CCCCC(N)NCCC
CCCCC(NC)C(N)C
CCCCC(NC)CCN
CCCCC(NC)CNC
CCCCC(NC)NCC
CCCCC(NN)C(C)C
CCCCC(NN)CCC
CCCCCC(C)(C)NN
CCCCCC(C)(N)CN
CCCCCC(C)(N)NC
CCCCCC(C)C(N)N
CCCCCC(C)CNN
CCCCCC(C)N(N)C
CCCCCC(C)NCN
CCCCCC(C)NNC
CCCCCC(CN)CN
CCCCCC(N)(N)CC
CCCCCC(N)C(N)C
CCCCCC(N)CCN
CCCCCC(N)CNC
CCCCCC(N)N(C)C
CCCCCC(N)NCC
CCCCCC(NC)CN
CCCCCC(NC)NC
CCCCCC(NN)CC
CCCCCCC(C)NN
CCCCCCC(N)(N)C
CCCCCCC(N)CN
CCCCCCC(N)NC
CCCCCCCC(N)N
CCCCCCCCNN
CCCCCCCN(N)C
CCCCCCCNCN
CCCCCCCNNC
CCCCCCN(C)CN
CCCCCCN(C)NC
CCCCCCN(N)CC
CCCCCCNC(N)C
CCCCCCNCCN
CCCCCCNCNC
CCCCCCNN(C)C
CCCCCCNNCC
CCCCCN(C)C(N)C
CCCCCN(C)CCN
CCCCCN(C)CNC
CCCCCN(C)N(C)C
CCCCCN(C)NCC
CCCCCN(CC)CN
CCCCCN(N)C(C)C
CCCCCN(N)CCC
CCCCCN(NC)CC
CCCCCNC(C)(N)C
CCCCCNC(C)CN
CCCCCNC(C)NC
CCCCCNC(N)CC
CCCCCNCC(N)C
CCCCCNCCCN
CCCCCNCCNC
CCCCCNCN(C)C
CCCCCNCNCC
CCCCCNN(C)CC
CCCCCNNC(C)C
CCCCCNNCCC
CCCCN(C(C)C)CN
CCCCN(C(N)C)CC
CCCCN(C)C(C)(N)C
CCCCN(C)C(C)CN
CCCCN(C)C(C)NC
CCCCN(C)C(N)CC
CCCCN(C)CC(N)C
CCCCN(C)CCCN
CCCCN(C)CCNC
CCCCN(C)CN(C)C
CCCCN(C)CNCC
CCCCN(C)N(C)CC
CCCCN(C)NC(C)C
CCCCN(C)NCCC
CCCCN(CC)CCN
CCCCN(CC)CNC
CCCCN(CC)NCC
CCCCN(CN)CCC
CCCCN(N(C)C)CC
CCCCN(N)C(C)(C)C
CCCCN(N)C(C)CC
CCCCN(N)CC(C)C
CCCCN(N)CCCC
CCCCN(NC)C(C)C
CCCCN(NC)CCC
CCCCNC(C)(C)CN
CCCCNC(C)(C)NC
CCCCNC(C)(N)CC
CCCCNC(C)C(N)C
CCCCNC(C)CCN
CCCCNC(C)CNC
CCCCNC(C)N(C)C
CCCCNC(C)NCC
CCCCNC(CN)CC
CCCCNC(N)C(C)C
CCCCNC(N)CCC
CCCCNC(NC)CC
CCCCNCC(C)(N)C
CCCCNCC(C)CN
CCCCNCC(C)NC
CCCCNCC(N)CC
CCCCNCCC(N)C
CCCCNCCCCN
CCCCNCCCNC
CCCCNCCN(C)C
CCCCNCCNCC
CCCCNCN(C)CC
CCCCNCNC(C)C
CCCCNCNCCC
CCCCNN(C)C(C)C
CCCCNN(C)CCC
CCCCNN(CC)CC
CCCCNNC(C)(C)C
CCCCNNC(C)CC
CCCCNNCC(C)C
CCCCNNCCCC
CCCN(C(C)(C)C)CN
CCCN(C(C)(N)C)CC
CCCN(C(C)C)C(N)C
CCCN(C(C)C)CCN
CCCN(C(C)C)CNC
CCCN(C(C)C)NCC
CCCN(C(N)C)CCC
CCCN(C)C(C)(C)CN
CCCN(C)C(C)(C)NC
CCCN(C)C(C)(N)CC
CCCN(C)C(C)C(N)C
CCCN(C)C(C)CCN
CCCN(C)C(C)CNC
CCCN(C)C(C)N(C)C
CCCN(C)C(C)NCC
CCCN(C)C(CN)CC
CCCN(C)C(N)C(C)C
CCCN(C)C(NC)CC
CCCN(C)CC(C)(N)C
CCCN(C)CC(C)CN
CCCN(C)CC(C)NC
CCCN(C)CC(N)CC
CCCN(C)CCC(N)C
CCCN(C)CCCCN
CCCN(C)CCCNC
CCCN(C)CCN(C)C
CCCN(C)CCNCC
CCCN(C)CN(C)CC
CCCN(C)CNC(C)C
CCCN(C)N(C)C(C)C
CCCN(C)N(C)CCC
CCCN(C)N(CC)CC
CCCN(C)NC(C)(C)C
CCCN(C)NC(C)CC
CCCN(C)NCC(C)C
CCCN(CC)C(C)CN
CCCN(CC)C(C)NC
CCCN(CC)C(N)CC
CCCN(CC)CC(N)C
CCCN(CC)CCCN
CCCN(CC)CCNC
CCCN(CC)CN(C)C
CCCN(CC)CNCC
CCCN(CC)N(C)CC
CCCN(CC)NC(C)C
CCCN(CCC)CNC
CCCN(CCN)CCC
CCCN(CN)C(C)CC
CCCN(CN)CC(C)C
CCCN(N(C)C)C(C)C
CCCN(N(C)C)CCC
CCCN(N)C(C)(C)CC
CCCN(N)C(C)C(C)C
CCCN(N)C(CC)CC
CCCN(N)CC(C)(C)C
CCCN(N)CC(C)CC
CCCN(N)CCC(C)C
CCCN(NC)C(C)(C)C
CCCN(NC)C(C)CC
CCCN(NC)CC(C)C
CCCN(NCC)CCC
CCCNC(C(C)C)CN
CCCNC(C(N)C)CC
CCCNC(C)(C)C(N)C
CCCNC(C)(C)CCN
CCCNC(C)(C)CNC
CCCNC(C)(C)N(C)C
CCCNC(C)(C)NCC
CCCNC(C)(CN)CC
CCCNC(C)(N)C(C)C
CCCNC(C)(NC)CC
CCCNC(C)C(C)(N)C
CCCNC(C)C(C)CN
CCCNC(C)C(C)NC
CCCNC(C)C(N)CC
CCCNC(C)CC(N)C
CCCNC(C)CCCN
CCCNC(C)CCNC
CCCNC(C)CN(C)C
CCCNC(C)CNCC
CCCNC(C)N(C)CC
CCCNC(C)NC(C)C
CCCNC(C)NCCC
CCCNC(CC)(N)CC
CCCNC(CC)CCN
CCCNC(CC)CNC
CCCNC(CC)NCC
CCCNC(N(C)C)CC
CCCNC(N)C(C)(C)C
CCCNC(N)C(C)CC
CCCNC(N)CC(C)C
CCCNC(NC)C(C)C
CCCNCC(C)(C)CN
CCCNCC(C)(C)NC
CCCNCC(C)(N)CC
CCCNCC(C)C(N)C
CCCNCC(C)CCN
CCCNCC(C)CNC
CCCNCC(C)N(C)C
CCCNCC(C)NCC
CCCNCC(CN)CC
CCCNCC(N)C(C)C
CCCNCC(NC)CC
CCCNCCC(C)(N)C
CCCNCCC(C)CN
CCCNCCC(C)NC
CCCNCCC(N)CC
CCCNCCCC(N)C
CCCNCCCCCN
CCCNCCCCNC
CCCNCCCN(C)C
CCCNCCCNCC
CCCNCCN(C)CC
CCCNCCNC(C)C
CCCNCCNCCC
CCCNCN(C)C(C)C
CCCNCN(C)CCC
CCCNCN(CC)CC
CCCNCNC(C)(C)C
CCCNCNC(C)CC
CCCNCNCC(C)C
CCCNN(C(C)C)CC
CCCNN(C)C(C)(C)C
CCCNN(C)C(C)CC
CCCNN(C)CC(C)C
CCCNN(CC)CCC
CCCNNC(C)(C)CC
CCCNNC(C)C(C)C
CCCNNC(CC)CC
CCCNNCC(C)(C)C
CCCNNCC(C)CC
CCCNNCCC(C)C
CCN(C(C)(C)C)C(N)C
CCN(C(C)(C)C)CCN
CCN(C(C)(C)C)CNC
CCN(C(C)(N)C)C(C)C
CCN(C(C)C)C(C)CN
CCN(C(C)C)C(C)NC
CCN(C(C)C)CC(N)C
CCN(C(C)C)CCCN
CCN(C(C)C)CCNC
CCN(C(C)C)CN(C)C
CCN(C(C)C)N(C)CC
CCN(C(C)C)NC(C)C
CCN(C(N)C)CC(C)C
CCN(C)C(C(C)C)CN
CCN(C)C(C)(C)C(N)C
CCN(C)C(C)(C)CCN
CCN(C)C(C)(C)CNC
CCN(C)C(C)(C)N(C)C
CCN(C)C(C)(N)C(C)C
CCN(C)C(C)C(C)(N)C
CCN(C)C(C)C(C)CN
CCN(C)C(C)C(C)NC
CCN(C)C(C)CC(N)C
CCN(C)C(C)CCCN
CCN(C)C(C)CCNC
CCN(C)C(C)CN(C)C
CCN(C)C(C)N(C)CC
CCN(C)C(C)NC(C)C
CCN(C)C(CC)CCN
CCN(C)C(CC)CNC
CCN(C)C(N)C(C)(C)C
CCN(C)C(N)CC(C)C
CCN(C)C(NC)C(C)C
CCN(C)CC(C)(C)CN
CCN(C)CC(C)(C)NC
CCN(C)CC(C)C(N)C
CCN(C)CC(C)CCN
CCN(C)CC(C)CNC
CCN(C)CC(C)N(C)C
CCN(C)CC(N)C(C)C
CCN(C)CCC(C)(N)C
CCN(C)CCC(C)CN
CCN(C)CCC(C)NC
CCN(C)CCCC(N)C
CCN(C)CCCCCN
CCN(C)CCCCNC
CCN(C)CCCN(C)C
CCN(C)CCN(C)CC
CCN(C)CCNC(C)C
CCN(C)CN(C)C(C)C
CCN(C)CNC(C)(C)C
CCN(C)CNCC(C)C
CCN(C)N(C)C(C)(C)C
CCN(C)N(C)CC(C)C
CCN(C)NC(C)C(C)C
CCN(C)NCC(C)(C)C
CCN(C)NCCC(C)C
CCN(CC)C(C)(C)CN
CCN(CC)C(C)(C)NC
CCN(CC)C(C)C(N)C
CCN(CC)C(C)CCN
CCN(CC)C(C)CNC
CCN(CC)C(C)N(C)C
CCN(CC)C(N)C(C)C
CCN(CC)CC(C)(N)C
CCN(CC)CC(C)CN
CCN(CC)CC(C)NC
CCN(CC)CCC(N)C
CCN(CC)CCCCN
CCN(CC)CCCNC
CCN(CC)CCN(C)C
CCN(CC)CN(C)CC
CCN(CC)CNC(C)C
CCN(CC)N(C)C(C)C
CCN(CC)N(CC)CC
CCN(CC)NC(C)(C)C
CCN(CC)NCC(C)C
CCN(CN)C(C)C(C)C
CCN(CN)CC(C)(C)C
CCN(CN)CCC(C)C
CCN(N(C)C)C(C)(C)C
CCN(N(C)C)CC(C)C
CCN(N)C(C)(C)C(C)C
CCN(N)C(C)C(C)(C)C
CCN(N)C(C)CC(C)C
CCN(N)CC(C)C(C)C
CCN(N)CCC(C)(C)C
CCN(N)CCCC(C)C
CCN(NC)C(C)C(C)C
CCN(NC)CC(C)(C)C
CCN(NC)CCC(C)C
CCNC(C(C)(C)C)CN
CCNC(C(C)C)CCN
CCNC(C(C)C)CNC
CCNC(C(C)C)NCC
CCNC(C(N)C)C(C)C
CCNC(C)(C(C)C)CN
CCNC(C)(C)C(C)(N)C
CCNC(C)(C)C(C)CN
CCNC(C)(C)C(C)NC
CCNC(C)(C)CC(N)C
CCNC(C)(C)CCCN
CCNC(C)(C)CCNC
CCNC(C)(C)CN(C)C
CCNC(C)(C)N(C)CC
CCNC(C)(C)NC(C)C
CCNC(C)(CC)CCN
CCNC(C)(CC)CNC
CCNC(C)(CC)NCC
CCNC(C)(N)C(C)(C)C
CCNC(C)(N)CC(C)C
CCNC(C)(NC)C(C)C
CCNC(C)C(C)(C)CN
CCNC(C)C(C)(C)NC
CCNC(C)C(C)C(N)C
CCNC(C)C(C)CCN
CCNC(C)C(C)CNC
CCNC(C)C(C)N(C)C
CCNC(C)C(C)NCC
CCNC(C)C(N)C(C)C
CCNC(C)CC(C)(N)C
CCNC(C)CC(C)CN
CCNC(C)CC(C)NC
CCNC(C)CCC(N)C
CCNC(C)CCCCN
CCNC(C)CCCNC
CCNC(C)CCN(C)C
CCNC(C)CN(C)CC
CCNC(C)CNC(C)C
CCNC(C)N(C)C(C)C
CCNC(C)N(CC)CC
CCNC(C)NC(C)(C)C
CCNC(C)NCC(C)C
CCNC(CC)C(C)CN
CCNC(CC)C(C)NC
CCNC(CC)CC(N)C
CCNC(CC)CCCN
CCNC(CC)CCNC
CCNC(CC)CN(C)C
CCNC(CC)N(C)CC
CCNC(CC)NC(C)C
CCNC(CN)CC(C)C
CCNC(N(C)C)C(C)C
CCNC(N)C(C)C(C)C
CCNC(N)CC(C)(C)C
CCNC(N)CCC(C)C
CCNC(NC)C(C)(C)C
CCNC(NC)CC(C)C
CCNCC(C(C)C)CN
CCNCC(C)(C)C(N)C
CCNCC(C)(C)CCN
CCNCC(C)(C)CNC
CCNCC(C)(C)N(C)C
CCNCC(C)(C)NCC
CCNCC(C)(N)C(C)C
CCNCC(C)C(C)(N)C
CCNCC(C)C(C)CN
CCNCC(C)C(C)NC
CCNCC(C)CC(N)C
CCNCC(C)CCCN
CCNCC(C)CCNC
CCNCC(C)CN(C)C
CCNCC(C)CNCC
CCNCC(C)N(C)CC
CCNCC(C)NC(C)C
CCNCC(CC)CCN
CCNCC(CC)CNC
CCNCC(CC)NCC
CCNCC(N)C(C)(C)C
CCNCC(N)CC(C)C
CCNCC(NC)C(C)C
CCNCCC(C)(C)CN
CCNCCC(C)(C)NC
CCNCCC(C)C(N)C
CCNCCC(C)CCN
CCNCCC(C)CNC
CCNCCC(C)N(C)C
CCNCCC(C)NCC
CCNCCC(N)C(C)C
CCNCCCC(C)(N)C
CCNCCCC(C)CN
CCNCCCC(C)NC
CCNCCCCC(N)C
CCNCCCCCCN
CCNCCCCCNC
CCNCCCCN(C)C
CCNCCCCNCC
CCNCCCN(C)CC
CCNCCCNC(C)C
CCNCCN(C)C(C)C
CCNCCN(CC)CC
CCNCCNC(C)(C)C
CCNCCNCC(C)C
CCNCN(C(C)C)CC
CCNCN(C)C(C)(C)C
CCNCN(C)CC(C)C
CCNCNC(C)C(C)C
CCNCNCC(C)(C)C
CCNCNCCC(C)C
CCNN(C(C)(C)C)CC
CCNN(C(C)C)C(C)C
CCNN(C)C(C)C(C)C
CCNN(C)CC(C)(C)C
CCNN(C)CCC(C)C
CCNN(CC)CC(C)C
CCNNC(C)(C)C(C)C
CCNNC(C)C(C)(C)C
CCNNC(C)CC(C)C
CCNNCC(C)C(C)C
CCNNCCC(C)(C)C
CCNNCCCC(C)C
CN(C)C(C)(C)C(C)CN
CN(C)C(C)(C)CCCN
CN(C)C(C)C(C)(C)CN
CN(C)C(C)C(C)CCN
CN(C)C(C)C(C)N(C)C
CN(C)C(C)CC(C)CN
CN(C)C(C)CCCCN
CN(C)CC(C)(C)CCN
CN(C)CC(C)(C)N(C)C
CN(C)CC(C)C(C)CN
CN(C)CC(C)CCCN
CN(C)CC(C)CN(C)C
CN(C)CC(CC)CCN
CN(C)CCC(C)(C)CN
CN(C)CCC(C)CCN
CN(C)CCC(C)N(C)C
CN(C)CCCC(C)CN
CN(C)CCCCCCN
CN(C)CCCCN(C)C
CNC(C)(C)C(C)(C)CN
CNC(C)(C)C(C)(C)NC
CNC(C)(C)C(C)CCN
CNC(C)(C)C(C)N(C)C
CNC(C)(C)CC(C)CN
CNC(C)(C)CCCCN
CNC(C)(C)CCN(C)C
CNC(C)C(C)(C)CCN
CNC(C)C(C)(C)N(C)C
CNC(C)C(C)C(C)CN
CNC(C)C(C)C(C)NC
CNC(C)C(C)CCCN
CNC(C)C(C)CN(C)C
CNC(C)C(CC)CCN
CNC(C)CC(C)(C)CN
CNC(C)CC(C)(C)NC
CNC(C)CC(C)CCN
CNC(C)CC(C)N(C)C
CNC(C)CCC(C)CN
CNC(C)CCC(C)NC
CNC(C)CCCCCN
CNC(C)CCCN(C)C
CNCC(C(C)C)CCN
CNCC(C(C)C)CNC
CNCC(C)(C)C(C)CN
CNCC(C)(C)C(C)NC
CNCC(C)(C)CCCN
CNCC(C)(C)CN(C)C
CNCC(C)(CC)CCN
CNCC(C)(CC)CNC
CNCC(C)C(C)(C)CN
CNCC(C)C(C)(C)NC
CNCC(C)C(C)CCN
CNCC(C)C(C)CNC
CNCC(C)C(C)N(C)C
CNCC(C)CC(C)CN
CNCC(C)CC(C)NC
CNCC(C)CCCCN
CNCC(C)CCN(C)C
CNCC(CC)C(C)CN
CNCC(CC)C(C)NC
CNCC(CC)CCCN
CNCC(CC)CN(C)C
CNCCC(C)(C)CCN
CNCCC(C)(C)CNC
CNCCC(C)(C)N(C)C
CNCCC(C)C(C)CN
CNCCC(C)C(C)NC
CNCCC(C)CCCN
CNCCC(C)CCNC
CNCCC(C)CN(C)C
CNCCC(CC)CCN
CNCCC(CC)CNC
CNCCCC(C)(C)CN
CNCCCC(C)(C)NC
CNCCCC(C)CCN
CNCCCC(C)CNC
CNCCCC(C)N(C)C
CNCCCCC(C)CN
CNCCCCC(C)NC
CNCCCCCCCN
CNCCCCCCNC
CNCCCCCN(C)C
NCC(C)(C)C(C)(C)CN
NCC(C)C(C)C(C)CN
NCC(C)CC(C)(C)CN
NCC(C)CCC(C)CN
NCCC(C(C)C)CCN
NCCC(C)(C)C(C)CN
NCCC(C)(CC)CCN
NCCC(C)C(C)(C)CN
NCCC(C)C(C)CCN
NCCC(C)CC(C)CN
NCCC(CC)C(C)CN
NCCCC(C)(C)CCN
NCCCC(C)C(C)CN
NCCCC(C)CCCN
NCCCC(CC)CCN
NCCCCC(C)(C)CN
NCCCCC(C)CCN
NCCCCCC(C)CN
NCCCCCCCCN
