CC(C)(C)C(C)(C)C(O)O
CC(C)(C)C(C)(C)COO
CC(C)(C)C(C)(C)OCO
CC(C)(C)C(C)(CO)CO
CC(C)(C)C(C)(O)CCO
CC(C)(C)C(C)C(C)OO
CC(C)(C)C(C)C(O)(O)C
CC(C)(C)C(C)C(O)CO
CC(C)(C)C(C)CC(O)O
CC(C)(C)C(C)CCOO
CC(C)(C)C(C)COCO
CC(C)(C)C(C)OCCO
CC(C)(C)C(CO)CCO
CC(C)(C)C(O)C(C)(O)C
CC(C)(C)C(O)C(C)CO
CC(C)(C)C(O)CCCO
CC(C)(C)CC(C)(C)OO
CC(C)(C)CC(C)(O)CO
CC(C)(C)CC(C)C(O)O
CC(C)(C)CC(C)COO
CC(C)(C)CC(C)OCO
CC(C)(C)CC(CO)CO
CC(C)(C)CC(O)CCO
CC(C)(C)CCC(C)OO
CC(C)(C)CCC(O)(O)C
CC(C)(C)CCC(O)CO
CC(C)(C)CCCC(O)O
CC(C)(C)CCCCOO
CC(C)(C)CCCOCO
CC(C)(C)CCOCCO
CC(C)(C)COC(C)(O)C
CC(C)(C)COC(C)CO
CC(C)(C)COCCCO
CC(C)(C)OC(C)(C)CO
CC(C)(C)OC(C)CCO
CC(C)(C)OCC(C)CO
CC(C)(C)OCCCCO
CC(C)(C)OOC(C)(C)C
CC(C)(O)C(C)(C)CCO
CC(C)(O)C(C)C(C)(O)C
CC(C)(O)C(C)C(C)CO
CC(C)(O)C(C)CCCO
CC(C)(O)CC(C)(C)CO
CC(C)(O)CC(C)CCO
CC(C)(O)CCC(C)(O)C
CC(C)(O)CCC(C)CO
CC(C)(O)CCCCCO
CC(C)(O)COC(C)(C)C
CC(C)C(C(C)(O)C)CO
CC(C)C(C(C)C)(O)CO
CC(C)C(C(C)C)COO
CC(C)C(C(C)C)OCO
CC(C)C(C(O)C)C(O)C
CC(C)C(C(O)C)CCO
CC(C)C(C(O)O)C(C)C
CC(C)C(C)(C(O)C)CO
CC(C)C(C)(C)C(C)OO
CC(C)C(C)(C)C(O)(O)C
CC(C)C(C)(C)C(O)CO
CC(C)C(C)(C)CC(O)O
CC(C)C(C)(C)CCOO
CC(C)C(C)(C)COCO
CC(C)C(C)(C)OCCO
CC(C)C(C)(CO)CCO
CC(C)C(C)(O)C(C)(O)C
CC(C)C(C)(O)C(C)CO
CC(C)C(C)(O)CC(O)C
CC(C)C(C)(O)CCCO
CC(C)C(C)(O)OC(C)C
CC(C)C(C)(OO)C(C)C
CC(C)C(C)C(C)(C)OO
CC(C)C(C)C(C)(O)CO
CC(C)C(C)C(C)C(O)O
CC(C)C(C)C(C)COO
CC(C)C(C)C(C)OCO
CC(C)C(C)C(CO)CO
CC(C)C(C)C(O)C(O)C
CC(C)C(C)C(O)CCO
CC(C)C(C)CC(C)OO
CC(C)C(C)CC(O)(O)C
CC(C)C(C)CC(O)CO
CC(C)C(C)CCC(O)O
CC(C)C(C)CCCOO
CC(C)C(C)CCOCO
CC(C)C(C)COCCO
CC(C)C(C)OC(C)(O)C
CC(C)C(C)OC(C)CO
CC(C)C(C)OCC(O)C
CC(C)C(C)OCCCO
CC(C)C(C)OOC(C)C
CC(C)C(CO)C(C)CO
CC(C)C(CO)CC(O)C
CC(C)C(CO)CCCO
CC(C)C(CO)OC(C)C
CC(C)C(O)(O)C(C)(C)C
CC(C)C(O)C(C)(C)CO
CC(C)C(O)C(C)C(O)C
CC(C)C(O)C(C)CCO
CC(C)C(O)C(O)C(C)C
CC(C)C(O)CC(C)(O)C
CC(C)C(O)CC(C)CO
CC(C)C(O)CCC(O)C
CC(C)C(O)CCCCO
CC(C)C(O)COC(C)C
CC(C)C(O)OC(C)(C)C
CC(C)C(OO)C(C)(C)C
CC(C)CC(C(O)C)CO
CC(C)CC(C)(C)C(O)O
CC(C)CC(C)(C)COO
CC(C)CC(C)(C)OCO
CC(C)CC(C)(CO)CO
CC(C)CC(C)(O)C(O)C
CC(C)CC(C)(O)CCO
CC(C)CC(C)C(C)OO
CC(C)CC(C)C(O)(O)C
CC(C)CC(C)C(O)CO
CC(C)CC(C)CC(O)O
CC(C)CC(C)CCOO
CC(C)CC(C)COCO
CC(C)CC(C)OCCO
CC(C)CC(CC)COO
CC(C)CC(CC)OCO
CC(C)CC(CO)CCO
CC(C)CC(O)(O)C(C)C
CC(C)CC(O)C(C)(O)C
CC(C)CC(O)C(C)CO
CC(C)CC(O)CC(O)C
CC(C)CC(O)CCCO
CC(C)CC(O)OC(C)C
CC(C)CC(OC)CCO
CC(C)CC(OO)C(C)C
CC(C)CCC(C)(C)OO
CC(C)CCC(C)(O)CO
CC(C)CCC(C)C(O)O
CC(C)CCC(C)COO
CC(C)CCC(C)OCO
CC(C)CCC(CO)CO
CC(C)CCC(O)C(O)C
CC(C)CCC(O)CCO
CC(C)CCCC(C)OO
CC(C)CCCC(O)(O)C
CC(C)CCCC(O)CO
CC(C)CCCCC(O)O
CC(C)CCCCCOO
CC(C)CCCCOCO
CC(C)CCCOCCO
CC(C)CCOC(C)(O)C
CC(C)CCOC(C)CO
CC(C)CCOCC(O)C
CC(C)CCOCCCO
CC(C)CCOOC(C)C
CC(C)COC(C)(C)CO
CC(C)COC(C)C(O)C
CC(C)COC(C)CCO
CC(C)COC(O)C(C)C
CC(C)COCC(C)(O)C
CC(C)COCC(C)CO
CC(C)COCCC(O)C
CC(C)COCCCCO
CC(C)COCOC(C)C
CC(C)COOC(C)(C)C
CC(C)COOCC(C)C
CC(C)OC(C)(C)C(O)C
CC(C)OC(C)(C)CCO
CC(C)OC(C)C(C)(O)C
CC(C)OC(C)C(C)CO
CC(C)OC(C)CC(O)C
CC(C)OC(C)CCCO
CC(C)OC(C)OC(C)C
CC(C)OC(CC)CCO
CC(C)OC(O)C(C)(C)C
CC(C)OCC(C)(C)CO
CC(C)OCC(C)C(O)C
CC(C)OCC(C)CCO
CC(C)OCCC(C)(O)C
CC(C)OCCC(C)CO
CC(C)OCCCCCO
CC(C)OCCOC(C)C
CC(C)OCOC(C)(C)C
CC(C)OOCC(C)(C)C
CC(O)C(C(C)(C)C)CO
CC(O)C(C)(C)C(C)(O)C
CC(O)C(C)(C)C(C)CO
CC(O)C(C)(C)CCCO
CC(O)C(C)(O)C(C)(C)C
CC(O)C(C)C(C)(C)CO
CC(O)C(C)C(C)C(O)C
CC(O)C(C)C(C)CCO
CC(O)C(C)CC(C)(O)C
CC(O)C(C)CC(C)CO
CC(O)C(C)CCCCO
CC(O)C(C)OC(C)(C)C
CC(O)C(O)CC(C)(C)C
CC(O)CC(C)(C)C(O)C
CC(O)CC(C)(C)CCO
CC(O)CC(C)C(C)(O)C
CC(O)CC(C)C(C)CO
CC(O)CC(C)CC(O)C
CC(O)CC(C)CCCO
CC(O)CC(CC)CCO
CC(O)CC(O)C(C)(C)C
CC(O)CCC(C)(C)CO
CC(O)CCC(C)C(O)C
CC(O)CCC(C)CCO
CC(O)CCCC(C)(O)C
CC(O)CCCC(C)CO
CC(O)CCCCC(O)C
CC(O)CCCCCCO
CC(O)CCCOC(C)C
CC(O)CCOC(C)(C)C
CC(O)COCC(C)(C)C
CC(O)OC(C)(C)C(C)C
CC(O)OC(C)C(C)(C)C
CC(O)OC(C)CC(C)C
CC(O)OCC(C)C(C)C
CC(O)OCCC(C)(C)C
CC(O)OCCCC(C)C
CCC(C(C)(C)C)(O)CO
CCC(C(C)(C)C)C(O)O
CCC(C(C)(C)C)COO
CCC(C(C)(C)C)OCO
CCC(C(C)(O)C)(O)CC
CCC(C(C)(O)C)C(O)C
CCC(C(C)(O)C)CCO
CCC(C(C)C)(O)CCO
CCC(C(C)C)(OO)CC
CCC(C(C)C)C(C)OO
CCC(C(C)C)C(O)CO
CCC(C(C)C)CC(O)O
CCC(C(C)C)CCOO
CCC(C(C)C)COCO
CCC(C(C)C)OC(O)C
CCC(C(C)C)OCCO
CCC(C(O)(O)C)C(C)C
CCC(C(O)C)(O)C(C)C
CCC(C(O)C)C(C)CO
CCC(C(O)C)C(O)CC
CCC(C(O)C)CC(O)C
CCC(C(O)C)CCCO
CCC(C(O)C)OC(C)C
CCC(C(O)O)C(C)CC
CCC(C(O)O)CC(C)C
CCC(C)(C(C)(O)C)CO
CCC(C)(C(C)C)COO
CCC(C)(C(C)C)OCO
CCC(C)(C(O)(O)C)CC
CCC(C)(C(O)C)C(O)C
CCC(C)(C(O)C)CCO
CCC(C)(C(O)O)C(C)C
CCC(C)(C)C(C)(C)OO
CCC(C)(C)C(C)(O)CO
CCC(C)(C)C(C)C(O)O
CCC(C)(C)C(C)COO
CCC(C)(C)C(C)OCO
CCC(C)(C)C(CO)CO
CCC(C)(C)C(O)(O)CC
CCC(C)(C)C(O)C(O)C
CCC(C)(C)C(O)CCO
CCC(C)(C)CC(C)OO
CCC(C)(C)CC(O)(O)C
CCC(C)(C)CC(O)CO
CCC(C)(C)CCC(O)O
CCC(C)(C)CCCOO
CCC(C)(C)CCOCO
CCC(C)(C)COC(O)C
CCC(C)(C)COCCO
CCC(C)(C)OC(C)(O)C
CCC(C)(C)OC(C)CO
CCC(C)(C)OCC(O)C
CCC(C)(C)OCCCO
CCC(C)(C)OOC(C)C
CCC(C)(CC)C(C)OO
CCC(C)(CC)C(O)CO
CCC(C)(CC)CC(O)O
CCC(C)(CC)CCOO
CCC(C)(CC)COCO
CCC(C)(CC)OC(O)C
CCC(C)(CC)OCCO
CCC(C)(CO)C(C)CO
CCC(C)(CO)CC(O)C
CCC(C)(CO)CCCO
CCC(C)(CO)OC(C)C
CCC(C)(O)C(C)(C)CO
CCC(C)(O)C(C)(O)CC
CCC(C)(O)C(C)C(O)C
CCC(C)(O)C(C)CCO
CCC(C)(O)C(O)C(C)C
CCC(C)(O)CC(C)(O)C
CCC(C)(O)CC(C)CO
CCC(C)(O)CCC(O)C
CCC(C)(O)CCCCO
CCC(C)(O)COC(C)C
CCC(C)(O)OC(C)(C)C
CCC(C)(O)OCC(C)C
CCC(C)(OO)C(C)(C)C
CCC(C)(OO)CC(C)C
CCC(C)C(C(O)C)CO
CCC(C)C(C)(C)C(O)O
CCC(C)C(C)(C)COO
CCC(C)C(C)(C)OCO
CCC(C)C(C)(CO)CO
CCC(C)C(C)(O)C(O)C
CCC(C)C(C)(O)CCO
CCC(C)C(C)(OO)CC
CCC(C)C(C)C(C)OO
CCC(C)C(C)C(O)(O)C
CCC(C)C(C)C(O)CO
CCC(C)C(C)CC(O)O
CCC(C)C(C)CCOO
CCC(C)C(C)COCO
CCC(C)C(C)OC(O)C
CCC(C)C(C)OCCO
CCC(C)C(CC)COO
CCC(C)C(CC)OCO
CCC(C)C(CO)(O)CC
CCC(C)C(CO)CCO
CCC(C)C(O)(O)C(C)C
CCC(C)C(O)C(C)(O)C
CCC(C)C(O)C(C)CO
CCC(C)C(O)C(O)CC
CCC(C)C(O)CC(O)C
CCC(C)C(O)CCCO
CCC(C)C(O)OC(C)C
CCC(C)C(OC)CCO
CCC(C)C(OO)C(C)C
CCC(C)CC(C)(C)OO
CCC(C)CC(C)(O)CO
CCC(C)CC(C)C(O)O
CCC(C)CC(C)COO
CCC(C)CC(C)OCO
CCC(C)CC(CO)CO
CCC(C)CC(O)(O)CC
CCC(C)CC(O)C(O)C
CCC(C)CC(O)CCO
CCC(C)CC(OO)CC
CCC(C)CCC(C)OO
CCC(C)CCC(O)(O)C
CCC(C)CCC(O)CO
CCC(C)CCCC(O)O
CCC(C)CCCCOO
CCC(C)CCCOCO
CCC(C)CCOC(O)C
CCC(C)CCOCCO
CCC(C)COC(C)(O)C
CCC(C)COC(C)CO
CCC(C)COCC(O)C
CCC(C)COCCCO
CCC(C)COOC(C)C
CCC(C)OC(C)(C)CO
CCC(C)OC(C)(O)CC
CCC(C)OC(C)C(O)C
CCC(C)OC(C)CCO
CCC(C)OC(O)C(C)C
CCC(C)OCC(C)(O)C
CCC(C)OCC(C)CO
CCC(C)OCCC(O)C
CCC(C)OCCCCO
CCC(C)OCOC(C)C
CCC(C)OOC(C)(C)C
CCC(C)OOC(C)CC
CCC(C)OOCC(C)C
CCC(CC)(C(O)O)CC
CCC(CC)(CC)COO
CCC(CC)(CC)OCO
CCC(CC)(CO)CCO
CCC(CC)(O)C(C)CO
CCC(CC)(O)CC(O)C
CCC(CC)(O)CCCO
CCC(CC)(O)OC(C)C
CCC(CC)C(C)(C)OO
CCC(CC)C(C)(O)CO
CCC(CC)C(C)C(O)O
CCC(CC)C(C)COO
CCC(CC)C(C)OCO
CCC(CC)C(CO)CO
CCC(CC)C(O)(O)CC
CCC(CC)C(O)C(O)C
CCC(CC)C(O)CCO
CCC(CC)C(OO)CC
CCC(CC)CC(C)OO
CCC(CC)CC(O)(O)C
CCC(CC)CC(O)CO
CCC(CC)CCC(O)O
CCC(CC)CCCOO
CCC(CC)CCOCO
CCC(CC)COC(O)C
CCC(CC)COCCO
CCC(CC)OC(C)(O)C
CCC(CC)OC(C)CO
CCC(CC)OCC(O)C
CCC(CC)OCCCO
CCC(CC)OOC(C)C
CCC(CO)(C(C)C)CO
CCC(CO)(C(O)C)CC
CCC(CO)(O)CC(C)C
CCC(CO)C(C)(C)CO
CCC(CO)C(C)(O)CC
CCC(CO)C(C)C(O)C
CCC(CO)C(C)CCO
CCC(CO)C(CO)CC
CCC(CO)C(O)C(C)C
CCC(CO)CC(C)(O)C
CCC(CO)CC(C)CO
CCC(CO)CC(O)CC
CCC(CO)CCC(O)C
CCC(CO)CCCCO
CCC(CO)COC(C)C
CCC(CO)OC(C)(C)C
CCC(CO)OC(C)CC
CCC(CO)OCC(C)C
CCC(O)(O)C(C)C(C)C
CCC(O)(O)CC(C)(C)C
CCC(O)(O)CCC(C)C
CCC(O)C(C(C)C)CO
CCC(O)C(C)(C)C(O)C
CCC(O)C(C)(C)CCO
CCC(O)C(C)(CO)CC
CCC(O)C(C)(O)C(C)C
CCC(O)C(C)C(C)(O)C
CCC(O)C(C)C(C)CO
CCC(O)C(C)C(O)CC
CCC(O)C(C)CC(O)C
CCC(O)C(C)CCCO
CCC(O)C(C)OC(C)C
CCC(O)C(CC)(O)CC
CCC(O)C(CC)CCO
CCC(O)C(O)C(C)(C)C
CCC(O)C(O)CC(C)C
CCC(O)CC(C)(C)CO
CCC(O)CC(C)(O)CC
CCC(O)CC(C)C(O)C
CCC(O)CC(C)CCO
CCC(O)CC(O)C(C)C
CCC(O)CCC(C)(O)C
CCC(O)CCC(C)CO
CCC(O)CCC(O)CC
CCC(O)CCCC(O)C
CCC(O)CCCCCO
CCC(O)CCOC(C)C
CCC(O)COC(C)(C)C
CCC(O)COC(C)CC
CCC(O)COCC(C)C
CCC(O)OC(C)(C)CC
CCC(O)OC(C)C(C)C
CCC(O)OC(CC)CC
CCC(O)OCC(C)(C)C
CCC(O)OCC(C)CC
CCC(O)OCCC(C)C
CCC(OO)C(C)(C)CC
CCC(OO)C(C)C(C)C
CCC(OO)CC(C)(C)C
CCC(OO)CCC(C)C
CCCC(C(C)(O)C)CO
CCCC(C(C)C)(O)CO
CCCC(C(C)C)COO
CCCC(C(C)C)OCO
CCCC(C(O)(O)C)CC
CCCC(C(O)C)(O)CC
CCCC(C(O)C)C(O)C
CCCC(C(O)C)CCO
CCCC(C(O)O)C(C)C
CCCC(C(O)O)CCC
CCCC(C)(C(O)C)CO
CCCC(C)(C(O)O)CC
CCCC(C)(C)C(C)OO
CCCC(C)(C)C(O)(O)C
CCCC(C)(C)C(O)CO
CCCC(C)(C)CC(O)O
CCCC(C)(C)CCOO
CCCC(C)(C)COCO
CCCC(C)(C)OC(O)C
CCCC(C)(C)OCCO
CCCC(C)(CC)COO
CCCC(C)(CC)OCO
CCCC(C)(CO)CCO
CCCC(C)(O)C(C)(O)C
CCCC(C)(O)C(C)CO
CCCC(C)(O)C(O)CC
CCCC(C)(O)CC(O)C
CCCC(C)(O)CCCO
CCCC(C)(O)OC(C)C
CCCC(C)(OC)CCO
CCCC(C)(OO)C(C)C
CCCC(C)(OO)CCC
CCCC(C)C(C)(C)OO
CCCC(C)C(C)(O)CO
CCCC(C)C(C)C(O)O
CCCC(C)C(C)COO
CCCC(C)C(C)OCO
CCCC(C)C(CO)CO
CCCC(C)C(O)(O)CC
CCCC(C)C(O)C(O)C
CCCC(C)C(O)CCO
CCCC(C)C(OO)CC
CCCC(C)CC(C)OO
CCCC(C)CC(O)(O)C
CCCC(C)CC(O)CO
CCCC(C)CCC(O)O
CCCC(C)CCCOO
CCCC(C)CCOCO
CCCC(C)COC(O)C
CCCC(C)COCCO
CCCC(C)OC(C)(O)C
CCCC(C)OC(C)CO
CCCC(C)OC(O)CC
CCCC(C)OCC(O)C
CCCC(C)OCCCO
CCCC(C)OOC(C)C
CCCC(CC)(O)CCO
CCCC(CC)(OO)CC
CCCC(CC)C(C)OO
CCCC(CC)C(O)CO
CCCC(CC)CC(O)O
CCCC(CC)CCOO
CCCC(CC)COCO
CCCC(CC)OC(O)C
CCCC(CC)OCCO
CCCC(CCO)CCO
CCCC(CO)(CO)CC
CCCC(CO)(O)CCC
CCCC(CO)C(C)CO
CCCC(CO)C(O)CC
CCCC(CO)CC(O)C
CCCC(CO)CCCO
CCCC(CO)OC(C)C
CCCC(COO)CCC
CCCC(O)(O)C(C)(C)C
CCCC(O)(O)C(C)CC
CCCC(O)(O)CC(C)C
CCCC(O)(OC)CCC
CCCC(O)C(C)(C)CO
CCCC(O)C(C)(O)CC
CCCC(O)C(C)C(O)C
CCCC(O)C(C)CCO
CCCC(O)C(CO)CC
CCCC(O)C(O)C(C)C
CCCC(O)C(O)CCC
CCCC(O)CC(C)(O)C
CCCC(O)CC(C)CO
CCCC(O)CC(O)CC
CCCC(O)CCC(O)C
CCCC(O)CCCCO
CCCC(O)COC(C)C
CCCC(O)OC(C)(C)C
CCCC(O)OC(C)CC
CCCC(O)OCC(C)C
CCCC(OC)C(C)CO
CCCC(OC)C(O)CC
CCCC(OC)CC(O)C
CCCC(OC)CCCO
CCCC(OC)OC(C)C
CCCC(OCO)CCC
CCCC(OO)C(C)(C)C
CCCC(OO)C(C)CC
CCCC(OO)CC(C)C
CCCCC(C(O)C)CO
CCCCC(C(O)O)CC
CCCCC(C)(C)C(O)O
CCCCC(C)(C)COO
CCCCC(C)(C)OCO
CCCCC(C)(CO)CO
CCCCC(C)(O)C(O)C
CCCCC(C)(O)CCO
CCCCC(C)(OO)CC
CCCCC(C)C(C)OO
CCCCC(C)C(O)(O)C
CCCCC(C)C(O)CO
CCCCC(C)CC(O)O
CCCCC(C)CCOO
CCCCC(C)COCO
CCCCC(C)OC(O)C
CCCCC(C)OCCO
CCCCC(CC)COO
CCCCC(CC)OCO
CCCCC(CO)(O)CC
CCCCC(CO)CCO
CCCCC(O)(O)C(C)C
CCCCC(O)(O)CCC
CCCCC(O)C(C)(O)C
CCCCC(O)C(C)CO
CCCCC(O)C(O)CC
CCCCC(O)CC(O)C
CCCCC(O)CCCO
CCCCC(O)OC(C)C
CCCCC(OC)CCO
CCCCC(OO)C(C)C
CCCCC(OO)CCC
CCCCCC(C)(C)OO
CCCCCC(C)(O)CO
CCCCCC(C)C(O)O
CCCCCC(C)COO
CCCCCC(C)OCO
CCCCCC(CO)CO
CCCCCC(O)(O)CC
CCCCCC(O)C(O)C
CCCCCC(O)CCO
CCCCCC(OO)CC
CCCCCCC(C)OO
CCCCCCC(O)(O)C
CCCCCCC(O)CO
CCCCCCCC(O)O
CCCCCCCCOO
CCCCCCCOCO
CCCCCCOC(O)C
CCCCCCOCCO
CCCCCOC(C)(O)C
CCCCCOC(C)CO
CCCCCOC(O)CC
CCCCCOCC(O)C
CCCCCOCCCO
CCCCCOOC(C)C
CCCCOC(C)(C)CO
CCCCOC(C)(O)CC
CCCCOC(C)C(O)C
CCCCOC(C)CCO
CCCCOC(CO)CC
CCCCOC(O)C(C)C
CCCCOC(O)CCC
CCCCOCC(C)(O)C
CCCCOCC(C)CO
CCCCOCC(O)CC
CCCCOCCC(O)C
CCCCOCCCCO
CCCCOCOC(C)C
CCCCOOC(C)(C)C
CCCCOOC(C)CC
CCCCOOCC(C)C
CCCCOOCCCC
CCCOC(C(C)C)CO
CCCOC(C(O)C)CC
CCCOC(C)(C)C(O)C
CCCOC(C)(C)CCO
CCCOC(C)(CO)CC
CCCOC(C)(O)C(C)C
CCCOC(C)(O)CCC
CCCOC(C)C(C)(O)C
CCCOC(C)C(C)CO
CCCOC(C)C(O)CC
CCCOC(C)CC(O)C
CCCOC(C)CCCO
CCCOC(C)OC(C)C
CCCOC(C)OCCC
CCCOC(CC)(O)CC
CCCOC(CC)CCO
CCCOC(CO)CCC
CCCOC(O)C(C)(C)C
CCCOC(O)C(C)CC
CCCOC(O)CC(C)C
CCCOC(O)CCCC
CCCOC(OC)CCC
CCCOCC(C)(C)CO
CCCOCC(C)(O)CC
CCCOCC(C)C(O)C
CCCOCC(C)CCO
CCCOCC(CO)CC
CCCOCC(O)C(C)C
CCCOCC(O)CCC
CCCOCCC(C)(O)C
CCCOCCC(C)CO
CCCOCCC(O)CC
CCCOCCCC(O)C
CCCOCCCCCO
CCCOCCOC(C)C
CCCOCCOCCC
CCCOCOC(C)(C)C
CCCOCOC(C)CC
CCCOCOCC(C)C
CCCOCOCCCC
CCCOOC(C)(C)CC
CCCOOC(C)C(C)C
CCCOOC(C)CCC
CCCOOC(CC)CC
CCCOOCC(C)(C)C
CCCOOCC(C)CC
CCCOOCCC(C)C
CCCOOCCCCC
CCOC(C(C)(C)C)CO
CCOC(C(C)(O)C)CC
CCOC(C(C)C)(O)CC
CCOC(C(C)C)CCO
CCOC(C(C)C)OCC
CCOC(C(O)C)C(C)C
CCOC(C(O)C)CCC
CCOC(C)(C(C)C)CO
CCOC(C)(C(O)C)CC
CCOC(C)(C)C(C)(O)C
CCOC(C)(C)C(C)CO
CCOC(C)(C)C(O)CC
CCOC(C)(C)CC(O)C
CCOC(C)(C)CCCO
CCOC(C)(C)OC(C)C
CCOC(C)(C)OCCC
CCOC(C)(CC)CCO
CCOC(C)(CC)OCC
CCOC(C)(CO)CCC
CCOC(C)(O)C(C)(C)C
CCOC(C)(O)C(C)CC
CCOC(C)(O)CC(C)C
CCOC(C)(O)CCCC
CCOC(C)(OC)CCC
CCOC(C)C(C)(C)CO
CCOC(C)C(C)(O)CC
CCOC(C)C(C)C(O)C
CCOC(C)C(C)CCO
CCOC(C)C(C)OCC
CCOC(C)C(CO)CC
CCOC(C)C(O)C(C)C
CCOC(C)C(O)CCC
CCOC(C)CC(C)(O)C
CCOC(C)CC(C)CO
CCOC(C)CC(O)CC
CCOC(C)CCC(O)C
CCOC(C)CCCCO
CCOC(C)COC(C)C
CCOC(C)COCCC
CCOC(C)OC(C)(C)C
CCOC(C)OC(C)CC
CCOC(C)OCC(C)C
CCOC(C)OCCCC
CCOC(CC)(CO)CC
CCOC(CC)(O)CCC
CCOC(CC)C(C)CO
CCOC(CC)C(O)CC
CCOC(CC)CC(O)C
CCOC(CC)CCCO
CCOC(CC)OC(C)C
CCOC(CC)OCCC
CCOC(CCC)CCO
CCOC(CO)C(C)CC
CCOC(CO)CC(C)C
CCOC(CO)CCCC
CCOC(O)C(C)(C)CC
CCOC(O)C(C)C(C)C
CCOC(O)C(C)CCC
CCOC(O)C(CC)CC
CCOC(O)CC(C)(C)C
CCOC(O)CC(C)CC
CCOC(O)CCC(C)C
CCOC(O)CCCCC
CCOC(OC)C(C)CC
CCOC(OC)CC(C)C
CCOC(OC)CCCC
CCOC(OCC)CCC
CCOCC(C(C)C)CO
CCOCC(C(O)C)CC
CCOCC(C)(C)C(O)C
CCOCC(C)(C)CCO
CCOCC(C)(C)OCC
CCOCC(C)(CO)CC
CCOCC(C)(O)C(C)C
CCOCC(C)(O)CCC
CCOCC(C)C(C)(O)C
CCOCC(C)C(C)CO
CCOCC(C)C(O)CC
CCOCC(C)CC(O)C
CCOCC(C)CCCO
CCOCC(C)COCC
CCOCC(C)OC(C)C
CCOCC(C)OCCC
CCOCC(CC)(O)CC
CCOCC(CC)CCO
CCOCC(CC)OCC
CCOCC(CO)CCC
CCOCC(O)C(C)(C)C
CCOCC(O)C(C)CC
CCOCC(O)CC(C)C
CCOCC(O)CCCC
CCOCC(OC)CCC
CCOCCC(C)(C)CO
CCOCCC(C)(O)CC
CCOCCC(C)C(O)C
CCOCCC(C)CCO
CCOCCC(C)OCC
CCOCCC(CO)CC
CCOCCC(O)C(C)C
CCOCCC(O)CCC
CCOCCCC(C)(O)C
CCOCCCC(C)CO
CCOCCCC(O)CC
CCOCCCCC(O)C
CCOCCCCCCO
CCOCCCCOCC
CCOCCCOC(C)C
CCOCCCOCCC
CCOCCOC(C)(C)C
CCOCCOC(C)CC
CCOCCOCC(C)C
CCOCCOCCCC
CCOCOC(C)(C)CC
CCOCOC(C)C(C)C
CCOCOC(C)CCC
CCOCOC(CC)CC
CCOCOCC(C)(C)C
CCOCOCC(C)CC
CCOCOCCC(C)C
CCOCOCCCCC
CCOOC(C(C)C)CC
CCOOC(C)(C)C(C)C
CCOOC(C)(C)CCC
CCOOC(C)(CC)CC
CCOOC(C)C(C)(C)C
CCOOC(C)C(C)CC
CCOOC(C)CC(C)C
CCOOC(C)CCCC
CCOOC(CC)CCC
CCOOCC(C)(C)CC
CCOOCC(C)C(C)C
CCOOCC(C)CCC
CCOOCC(CC)CC
CCOOCCC(C)(C)C
CCOOCCC(C)CC
CCOOCCCC(C)C
CCOOCCCCCC
COC(C(C)(C)C)(O)CC
COC(C(C)(C)C)C(O)C
COC(C(C)(C)C)CCO
COC(C(C)(C)C)OCC
COC(C(C)(O)C)C(C)C
COC(C(C)(O)C)CCC
COC(C(C)C)(O)C(C)C
COC(C(C)C)(O)CCC
COC(C(C)C)(OC)CC
COC(C(C)C)C(C)CO
COC(C(C)C)C(C)OC
COC(C(C)C)C(O)CC
COC(C(C)C)CC(O)C
COC(C(C)C)CCCO
COC(C(C)C)COCC
COC(C(C)C)OC(C)C
COC(C(C)C)OCCC
COC(C(O)C)C(C)CC
COC(C(O)C)CC(C)C
COC(C(O)C)CCCC
COC(C)(C(C)(C)C)CO
COC(C)(C(C)(O)C)CC
COC(C)(C(C)C)CCO
COC(C)(C(C)C)OCC
COC(C)(C(O)C)C(C)C
COC(C)(C(O)C)CCC
COC(C)(C)C(C)(C)CO
COC(C)(C)C(C)(C)OC
COC(C)(C)C(C)(O)CC
COC(C)(C)C(C)C(O)C
COC(C)(C)C(C)CCO
COC(C)(C)C(C)OCC
COC(C)(C)C(CO)CC
COC(C)(C)C(O)C(C)C
COC(C)(C)C(O)CCC
COC(C)(C)CC(C)(O)C
COC(C)(C)CC(C)CO
COC(C)(C)CC(O)CC
COC(C)(C)CCC(O)C
COC(C)(C)CCCCO
COC(C)(C)CCOCC
COC(C)(C)COC(C)C
COC(C)(C)COCCC
COC(C)(C)OC(C)(C)C
COC(C)(C)OC(C)CC
COC(C)(C)OCC(C)C
COC(C)(C)OCCCC
COC(C)(CC)C(C)CO
COC(C)(CC)C(O)CC
COC(C)(CC)CC(O)C
COC(C)(CC)CCCO
COC(C)(CC)COCC
COC(C)(CC)OC(C)C
COC(C)(CC)OCCC
COC(C)(CO)C(C)CC
COC(C)(CO)CC(C)C
COC(C)(CO)CCCC
COC(C)(O)C(C)(C)CC
COC(C)(O)C(C)C(C)C
COC(C)(O)C(C)CCC
COC(C)(O)C(CC)CC
COC(C)(O)CC(C)(C)C
COC(C)(O)CC(C)CC
COC(C)(O)CCC(C)C
COC(C)(O)CCCCC
COC(C)(OC)C(C)(C)C
COC(C)(OC)C(C)CC
COC(C)(OC)CC(C)C
COC(C)(OC)CCCC
COC(C)C(C(C)C)CO
COC(C)C(C(O)C)CC
COC(C)C(C)(C)C(O)C
COC(C)C(C)(C)CCO
COC(C)C(C)(C)OCC
COC(C)C(C)(CO)CC
COC(C)C(C)(O)C(C)C
COC(C)C(C)(O)CCC
COC(C)C(C)(OC)CC
COC(C)C(C)C(C)(O)C
COC(C)C(C)C(C)CO
COC(C)C(C)C(C)OC
COC(C)C(C)C(O)CC
COC(C)C(C)CC(O)C
COC(C)C(C)CCCO
COC(C)C(C)COCC
COC(C)C(C)OC(C)C
COC(C)C(C)OCCC
COC(C)C(CC)(O)CC
COC(C)C(CC)CCO
COC(C)C(CC)OCC
COC(C)C(CO)CCC
COC(C)C(O)C(C)(C)C
COC(C)C(O)C(C)CC
COC(C)C(O)CC(C)C
COC(C)C(O)CCCC
COC(C)C(OC)CCC
COC(C)CC(C)(C)CO
COC(C)CC(C)(C)OC
COC(C)CC(C)(O)CC
COC(C)CC(C)C(O)C
COC(C)CC(C)CCO
COC(C)CC(C)OCC
COC(C)CC(CO)CC
COC(C)CC(O)C(C)C
COC(C)CC(O)CCC
COC(C)CCC(C)(O)C
COC(C)CCC(C)CO
COC(C)CCC(C)OC
COC(C)CCC(O)CC
COC(C)CCCC(O)C
COC(C)CCCCCO
COC(C)CCCOCC
COC(C)CCOC(C)C
COC(C)CCOCCC
COC(C)COC(C)(C)C
COC(C)COC(C)CC
COC(C)COCC(C)C
COC(C)COCCCC
COC(C)OC(C)(C)CC
COC(C)OC(C)C(C)C
COC(C)OC(C)CCC
COC(C)OC(CC)CC
COC(C)OCC(C)(C)C
COC(C)OCC(C)CC
COC(C)OCCC(C)C
COC(C)OCCCCC
COC(CC)(C(O)C)CC
COC(CC)(CC)CCO
COC(CC)(CC)OCC
COC(CC)(CO)CCC
COC(CC)(O)C(C)CC
COC(CC)(O)CC(C)C
COC(CC)(O)CCCC
COC(CC)(OC)CCC
COC(CC)C(C)(C)CO
COC(CC)C(C)(C)OC
COC(CC)C(C)(O)CC
COC(CC)C(C)C(O)C
COC(CC)C(C)CCO
COC(CC)C(C)OCC
COC(CC)C(CO)CC
COC(CC)C(O)C(C)C
COC(CC)C(O)CCC
COC(CC)C(OC)CC
COC(CC)CC(C)(O)C
COC(CC)CC(C)CO
COC(CC)CC(C)OC
COC(CC)CC(O)CC
COC(CC)CCC(O)C
COC(CC)CCCCO
COC(CC)CCOCC
COC(CC)COC(C)C
COC(CC)COCCC
COC(CC)OC(C)(C)C
COC(CC)OC(C)CC
COC(CC)OCC(C)C
COC(CC)OCCCC
COC(CO)(C(C)C)CC
COC(CO)C(C)(C)CC
COC(CO)C(C)C(C)C
COC(CO)C(C)CCC
COC(CO)C(CC)CC
COC(CO)CC(C)(C)C
COC(CO)CC(C)CC
COC(CO)CCC(C)C
COC(CO)CCCCC
COC(O)C(C(C)C)CC
COC(O)C(C)(C)C(C)C
COC(O)C(C)(C)CCC
COC(O)C(C)(CC)CC
COC(O)C(C)C(C)(C)C
COC(O)C(C)C(C)CC
COC(O)C(C)CC(C)C
COC(O)C(C)CCCC
COC(O)C(CC)CCC
COC(O)CC(C)(C)CC
COC(O)CC(C)C(C)C
COC(O)CC(C)CCC
COC(O)CC(CC)CC
COC(O)CCC(C)(C)C
COC(O)CCC(C)CC
COC(O)CCCC(C)C
COC(O)CCCCCC
COC(OC)C(C)(C)CC
COC(OC)C(C)C(C)C
COC(OC)C(C)CCC
COC(OC)C(CC)CC
COC(OC)CC(C)(C)C
COC(OC)CC(C)CC
COC(OC)CCC(C)C
COC(OC)CCCCC
COCC(C(C)(C)C)CO
COCC(C(C)(O)C)CC
COCC(C(C)C)(O)CC
COCC(C(C)C)CCO
COCC(C(C)C)COC
COCC(C(C)C)OCC
COCC(C(O)C)C(C)C
COCC(C(O)C)CCC
COCC(C)(C(C)C)CO
COCC(C)(C(O)C)CC
COCC(C)(C)C(C)(O)C
COCC(C)(C)C(C)CO
COCC(C)(C)C(C)OC
COCC(C)(C)C(O)CC
COCC(C)(C)CC(O)C
COCC(C)(C)CCCO
COCC(C)(C)COCC
COCC(C)(C)OC(C)C
COCC(C)(C)OCCC
COCC(C)(CC)CCO
COCC(C)(CC)COC
COCC(C)(CC)OCC
COCC(C)(CO)CCC
COCC(C)(O)C(C)(C)C
COCC(C)(O)C(C)CC
COCC(C)(O)CC(C)C
COCC(C)(O)CCCC
COCC(C)(OC)C(C)C
COCC(C)(OC)CCC
COCC(C)C(C)(C)CO
COCC(C)C(C)(C)OC
COCC(C)C(C)(O)CC
COCC(C)C(C)C(O)C
COCC(C)C(C)CCO
COCC(C)C(C)COC
COCC(C)C(C)OCC
COCC(C)C(CO)CC
COCC(C)C(O)C(C)C
COCC(C)C(O)CCC
COCC(C)C(OC)CC
COCC(C)CC(C)(O)C
COCC(C)CC(C)CO
COCC(C)CC(C)OC
COCC(C)CC(O)CC
COCC(C)CCC(O)C
COCC(C)CCCCO
COCC(C)CCOCC
COCC(C)COC(C)C
COCC(C)COCCC
COCC(C)OC(C)(C)C
COCC(C)OC(C)CC
COCC(C)OCC(C)C
COCC(C)OCCCC
COCC(CC)(CO)CC
COCC(CC)(O)CCC
COCC(CC)(OC)CC
COCC(CC)C(C)CO
COCC(CC)C(C)OC
COCC(CC)C(O)CC
COCC(CC)CC(O)C
COCC(CC)CCCO
COCC(CC)COCC
COCC(CC)OC(C)C
COCC(CC)OCCC
COCC(CCO)CCC
COCC(CO)C(C)CC
COCC(CO)CC(C)C
COCC(CO)CCCC
COCC(COC)CCC
COCC(O)C(C)(C)CC
COCC(O)C(C)C(C)C
COCC(O)C(C)CCC
COCC(O)C(CC)CC
COCC(O)CC(C)(C)C
COCC(O)CC(C)CC
COCC(O)CCC(C)C
COCC(O)CCCCC
COCC(OC)C(C)(C)C
COCC(OC)C(C)CC
COCC(OC)CC(C)C
COCC(OC)CCCC
COCC(OCC)CCC
COCCC(C(C)C)CO
COCCC(C(O)C)CC
COCCC(C)(C)C(O)C
COCCC(C)(C)CCO
COCCC(C)(C)COC
COCCC(C)(C)OCC
COCCC(C)(CO)CC
COCCC(C)(O)C(C)C
COCCC(C)(O)CCC
COCCC(C)(OC)CC
COCCC(C)C(C)(O)C
COCCC(C)C(C)CO
COCCC(C)C(C)OC
COCCC(C)C(O)CC
COCCC(C)CC(O)C
COCCC(C)CCCO
COCCC(C)CCOC
COCCC(C)COCC
COCCC(C)OC(C)C
COCCC(C)OCCC
COCCC(CC)(O)CC
COCCC(CC)CCO
COCCC(CC)COC
COCCC(CC)OCC
COCCC(CO)CCC
COCCC(O)C(C)(C)C
COCCC(O)C(C)CC
COCCC(O)CC(C)C
COCCC(O)CCCC
COCCC(OC)C(C)C
COCCC(OC)CCC
COCCCC(C)(C)CO
COCCCC(C)(C)OC
COCCCC(C)(O)CC
COCCCC(C)C(O)C
COCCCC(C)CCO
COCCCC(C)COC
COCCCC(C)OCC
COCCCC(CO)CC
COCCCC(O)C(C)C
COCCCC(O)CCC
COCCCC(OC)CC
COCCCCC(C)(O)C
COCCCCC(C)CO
COCCCCC(C)OC
COCCCCC(O)CC
COCCCCCC(O)C
COCCCCCCCO
COCCCCCCOC
COCCCCCOCC
COCCCCOC(C)C
COCCCCOCCC
COCCCOC(C)(C)C
COCCCOC(C)CC
COCCCOCC(C)C
COCCCOCCCC
COCCOC(C)(C)CC
COCCOC(C)C(C)C
COCCOC(C)CCC
COCCOC(CC)CC
COCCOCC(C)(C)C
COCCOCC(C)CC
COCCOCCC(C)C
COCCOCCCCC
COCOC(C(C)C)CC
COCOC(C)(C)C(C)C
COCOC(C)(C)CCC
COCOC(C)(CC)CC
COCOC(C)C(C)(C)C
COCOC(C)C(C)CC
COCOC(C)CC(C)C
COCOC(C)CCCC
COCOC(CC)CCC
COCOCC(C)(C)CC
COCOCC(C)C(C)C
COCOCC(C)CCC
COCOCC(CC)CC
COCOCCC(C)(C)C
COCOCCC(C)CC
COCOCCCC(C)C
COCOCCCCCC
COOC(C(C)(C)C)CC
COOC(C(C)C)C(C)C
COOC(C(C)C)CCC
COOC(C)(C(C)C)CC
COOC(C)(C)C(C)(C)C
COOC(C)(C)C(C)CC
COOC(C)(C)CC(C)C
COOC(C)(C)CCCC
COOC(C)(CC)CCC
COOC(C)C(C)(C)CC
COOC(C)C(C)C(C)C
COOC(C)C(C)CCC
COOC(C)C(CC)CC
COOC(C)CC(C)(C)C
COOC(C)CC(C)CC
COOC(C)CCC(C)C
COOC(C)CCCCC
COOC(CC)(CC)CC
COOC(CC)C(C)CC
COOC(CC)CC(C)C
COOC(CC)CCCC
COOC(CCC)CCC
COOCC(C(C)C)CC
COOCC(C)(C)C(C)C
COOCC(C)(C)CCC
COOCC(C)(CC)CC
COOCC(C)C(C)(C)C
COOCC(C)C(C)CC
COOCC(C)CC(C)C
COOCC(C)CCCC
COOCC(CC)CCC
COOCCC(C)(C)CC
COOCCC(C)C(C)C
COOCCC(C)CCC
COOCCC(CC)CC
COOCCCC(C)(C)C
COOCCCC(C)CC
COOCCCCC(C)C
COOCCCCCCC
OCC(C)(C)C(C)(C)CO
OCC(C)C(C)C(C)CO
OCC(C)CC(C)(C)CO
OCC(C)CCC(C)CO
OCCC(C(C)C)CCO
OCCC(C)(C)C(C)CO
OCCC(C)(CC)CCO
OCCC(C)C(C)(C)CO
OCCC(C)C(C)CCO
OCCC(C)CC(C)CO
OCCC(CC)C(C)CO
OCCCC(C)(C)CCO
OCCCC(C)C(C)CO
OCCCC(C)CCCO
OCCCC(CC)CCO
OCCCCC(C)(C)CO
OCCCCC(C)CCO
OCCCCCC(C)CO
OCCCCCCCCO
