CC(C)(C)C(C)(C)C(Si)Si
CC(C)(C)C(C)(C)CSiSi
CC(C)(C)C(C)(C)SiCSi
CC(C)(C)C(C)(CSi)CSi
CC(C)(C)C(C)(Si)CCSi
CC(C)(C)C(C)C(C)SiSi
CC(C)(C)C(C)C(Si)(Si)C
CC(C)(C)C(C)C(Si)CSi
CC(C)(C)C(C)CC(Si)Si
CC(C)(C)C(C)CCSiSi
CC(C)(C)C(C)CSiCSi
CC(C)(C)C(C)Si(C)CSi
CC(C)(C)C(C)SiCCSi
CC(C)(C)C(CSi)CCSi
CC(C)(C)C(Si)C(C)(Si)C
CC(C)(C)C(Si)C(C)CSi
CC(C)(C)C(Si)CCCSi
CC(C)(C)CC(C)(C)SiSi
CC(C)(C)CC(C)(Si)CSi
CC(C)(C)CC(C)C(Si)Si
CC(C)(C)CC(C)CSiSi
CC(C)(C)CC(C)SiCSi
CC(C)(C)CC(CSi)CSi
CC(C)(C)CC(Si)CCSi
CC(C)(C)CCC(C)SiSi
CC(C)(C)CCC(Si)(Si)C
CC(C)(C)CCC(Si)CSi
CC(C)(C)CCCC(Si)Si
CC(C)(C)CCCCSiSi
CC(C)(C)CCCSiCSi
CC(C)(C)CCSi(C)CSi
CC(C)(C)CCSiCCSi
CC(C)(C)CSi(C)(C)CSi
CC(C)(C)CSi(C)CCSi
CC(C)(C)CSiC(C)(Si)C
CC(C)(C)CSiC(C)CSi
CC(C)(C)CSiCCCSi
CC(C)(C)Si(C)(C)CCSi
CC(C)(C)Si(C)C(C)CSi
CC(C)(C)Si(C)CCCSi
CC(C)(C)Si(Si)C(C)(C)C
CC(C)(C)SiC(C)(C)CSi
CC(C)(C)SiC(C)CCSi
CC(C)(C)SiCC(C)CSi
CC(C)(C)SiCCCCSi
CC(C)(C)SiSiC(C)(C)C
CC(C)(Si)C(C)(C)CCSi
CC(C)(Si)C(C)C(C)(Si)C
CC(C)(Si)C(C)C(C)CSi
CC(C)(Si)C(C)CCCSi
CC(C)(Si)CC(C)(C)CSi
CC(C)(Si)CC(C)CCSi
CC(C)(Si)CCC(C)(Si)C
CC(C)(Si)CCC(C)CSi
CC(C)(Si)CCCCCSi
CC(C)(Si)CSiC(C)(C)C
CC(C)(Si)Si(C)C(C)(C)C
CC(C)C(C(C)(Si)C)CSi
CC(C)C(C(C)C)(Si)CSi
CC(C)C(C(C)C)CSiSi
CC(C)C(C(C)C)SiCSi
CC(C)C(C(Si)C)C(Si)C
CC(C)C(C(Si)C)CCSi
CC(C)C(C(Si)Si)C(C)C
CC(C)C(C)(C(Si)C)CSi
CC(C)C(C)(C)C(C)SiSi
CC(C)C(C)(C)C(Si)(Si)C
CC(C)C(C)(C)C(Si)CSi
CC(C)C(C)(C)CC(Si)Si
CC(C)C(C)(C)CCSiSi
CC(C)C(C)(C)CSiCSi
CC(C)C(C)(C)Si(C)CSi
CC(C)C(C)(C)SiCCSi
CC(C)C(C)(CSi)CCSi
CC(C)C(C)(Si)C(C)(Si)C
CC(C)C(C)(Si)C(C)CSi
CC(C)C(C)(Si)CC(Si)C
CC(C)C(C)(Si)CCCSi
CC(C)C(C)(Si)SiC(C)C
CC(C)C(C)(SiSi)C(C)C
CC(C)C(C)C(C)(C)SiSi
CC(C)C(C)C(C)(Si)CSi
CC(C)C(C)C(C)C(Si)Si
CC(C)C(C)C(C)CSiSi
CC(C)C(C)C(C)SiCSi
CC(C)C(C)C(CSi)CSi
CC(C)C(C)C(Si)C(Si)C
CC(C)C(C)C(Si)CCSi
CC(C)C(C)CC(C)SiSi
CC(C)C(C)CC(Si)(Si)C
CC(C)C(C)CC(Si)CSi
CC(C)C(C)CCC(Si)Si
CC(C)C(C)CCCSiSi
CC(C)C(C)CCSiCSi
CC(C)C(C)CSi(C)CSi
CC(C)C(C)CSiCCSi
CC(C)C(C)Si(C)(C)CSi
CC(C)C(C)Si(C)CCSi
CC(C)C(C)Si(Si)C(C)C
CC(C)C(C)SiC(C)(Si)C
CC(C)C(C)SiC(C)CSi
CC(C)C(C)SiCC(Si)C
CC(C)C(C)SiCCCSi
CC(C)C(C)SiSiC(C)C
CC(C)C(CSi)C(C)CSi
CC(C)C(CSi)CC(Si)C
CC(C)C(CSi)CCCSi
CC(C)C(CSi)SiC(C)C
CC(C)C(Si)(Si)C(C)(C)C
CC(C)C(Si)C(C)(C)CSi
CC(C)C(Si)C(C)C(Si)C
CC(C)C(Si)C(C)CCSi
CC(C)C(Si)C(Si)C(C)C
CC(C)C(Si)CC(C)(Si)C
CC(C)C(Si)CC(C)CSi
CC(C)C(Si)CCC(Si)C
CC(C)C(Si)CCCCSi
CC(C)C(Si)CSiC(C)C
CC(C)C(Si)Si(C)C(C)C
CC(C)C(Si)SiC(C)(C)C
CC(C)C(SiSi)C(C)(C)C
CC(C)CC(C(Si)C)CSi
CC(C)CC(C)(C)C(Si)Si
CC(C)CC(C)(C)CSiSi
CC(C)CC(C)(C)SiCSi
CC(C)CC(C)(CSi)CSi
CC(C)CC(C)(Si)C(Si)C
CC(C)CC(C)(Si)CCSi
CC(C)CC(C)C(C)SiSi
CC(C)CC(C)C(Si)(Si)C
CC(C)CC(C)C(Si)CSi
CC(C)CC(C)CC(Si)Si
CC(C)CC(C)CCSiSi
CC(C)CC(C)CSiCSi
CC(C)CC(C)Si(C)CSi
CC(C)CC(C)SiCCSi
CC(C)CC(CC)CSiSi
CC(C)CC(CC)SiCSi
CC(C)CC(CSi)CCSi
CC(C)CC(Si)(Si)C(C)C
CC(C)CC(Si)C(C)(Si)C
CC(C)CC(Si)C(C)CSi
CC(C)CC(Si)CC(Si)C
CC(C)CC(Si)CCCSi
CC(C)CC(Si)SiC(C)C
CC(C)CC(SiC)CCSi
CC(C)CC(SiSi)C(C)C
CC(C)CCC(C)(C)SiSi
CC(C)CCC(C)(Si)CSi
CC(C)CCC(C)C(Si)Si
CC(C)CCC(C)CSiSi
CC(C)CCC(C)SiCSi
CC(C)CCC(CSi)CSi
CC(C)CCC(Si)C(Si)C
CC(C)CCC(Si)CCSi
CC(C)CCCC(C)SiSi
CC(C)CCCC(Si)(Si)C
CC(C)CCCC(Si)CSi
CC(C)CCCCC(Si)Si
CC(C)CCCCCSiSi
CC(C)CCCCSiCSi
CC(C)CCCSi(C)CSi
CC(C)CCCSiCCSi
CC(C)CCSi(C)(C)CSi
CC(C)CCSi(C)CCSi
CC(C)CCSi(Si)C(C)C
CC(C)CCSiC(C)(Si)C
CC(C)CCSiC(C)CSi
CC(C)CCSiCC(Si)C
CC(C)CCSiCCCSi
CC(C)CCSiSiC(C)C
CC(C)CSi(C(C)C)CSi
CC(C)CSi(C)(C)CCSi
CC(C)CSi(C)(Si)C(C)C
CC(C)CSi(C)C(C)(Si)C
CC(C)CSi(C)C(C)CSi
CC(C)CSi(C)CC(Si)C
CC(C)CSi(C)CCCSi
CC(C)CSi(C)SiC(C)C
CC(C)CSi(CC)CCSi
CC(C)CSi(Si)C(C)(C)C
CC(C)CSi(Si)CC(C)C
CC(C)CSiC(C)(C)CSi
CC(C)CSiC(C)C(Si)C
CC(C)CSiC(C)CCSi
CC(C)CSiC(Si)C(C)C
CC(C)CSiCC(C)(Si)C
CC(C)CSiCC(C)CSi
CC(C)CSiCCC(Si)C
CC(C)CSiCCCCSi
CC(C)CSiCSiC(C)C
CC(C)CSiSi(C)C(C)C
CC(C)CSiSiC(C)(C)C
CC(C)CSiSiCC(C)C
CC(C)Si(C(C)(C)C)CSi
CC(C)Si(C(C)C)CCSi
CC(C)Si(C)(C(C)C)CSi
CC(C)Si(C)(C)C(C)(Si)C
CC(C)Si(C)(C)C(C)CSi
CC(C)Si(C)(C)CCCSi
CC(C)Si(C)(Si)C(C)(C)C
CC(C)Si(C)C(C)(C)CSi
CC(C)Si(C)C(C)C(Si)C
CC(C)Si(C)C(C)CCSi
CC(C)Si(C)CC(C)(Si)C
CC(C)Si(C)CC(C)CSi
CC(C)Si(C)CCCCSi
CC(C)Si(C)Si(C)C(C)C
CC(C)Si(C)SiC(C)(C)C
CC(C)Si(Si)CC(C)(C)C
CC(C)SiC(C)(C)C(Si)C
CC(C)SiC(C)(C)CCSi
CC(C)SiC(C)C(C)(Si)C
CC(C)SiC(C)C(C)CSi
CC(C)SiC(C)CC(Si)C
CC(C)SiC(C)CCCSi
CC(C)SiC(C)SiC(C)C
CC(C)SiC(CC)CCSi
CC(C)SiC(Si)C(C)(C)C
CC(C)SiCC(C)(C)CSi
CC(C)SiCC(C)C(Si)C
CC(C)SiCC(C)CCSi
CC(C)SiCCC(C)(Si)C
CC(C)SiCCC(C)CSi
CC(C)SiCCCCCSi
CC(C)SiCCSiC(C)C
CC(C)SiCSi(C)C(C)C
CC(C)SiCSiC(C)(C)C
CC(C)SiSi(C)(C)C(C)C
CC(C)SiSi(C)C(C)(C)C
CC(C)SiSiCC(C)(C)C
CC(Si)C(C(C)(C)C)CSi
CC(Si)C(C)(C)C(C)(Si)C
CC(Si)C(C)(C)C(C)CSi
CC(Si)C(C)(C)CCCSi
CC(Si)C(C)(Si)C(C)(C)C
CC(Si)C(C)C(C)(C)CSi
CC(Si)C(C)C(C)C(Si)C
CC(Si)C(C)C(C)CCSi
CC(Si)C(C)CC(C)(Si)C
CC(Si)C(C)CC(C)CSi
CC(Si)C(C)CCCCSi
CC(Si)C(C)SiC(C)(C)C
CC(Si)C(Si)CC(C)(C)C
CC(Si)CC(C)(C)C(Si)C
CC(Si)CC(C)(C)CCSi
CC(Si)CC(C)C(C)(Si)C
CC(Si)CC(C)C(C)CSi
CC(Si)CC(C)CC(Si)C
CC(Si)CC(C)CCCSi
CC(Si)CC(CC)CCSi
CC(Si)CC(Si)C(C)(C)C
CC(Si)CCC(C)(C)CSi
CC(Si)CCC(C)C(Si)C
CC(Si)CCC(C)CCSi
CC(Si)CCCC(C)(Si)C
CC(Si)CCCC(C)CSi
CC(Si)CCCCC(Si)C
CC(Si)CCCCCCSi
CC(Si)CCCSiC(C)C
CC(Si)CCSi(C)C(C)C
CC(Si)CCSiC(C)(C)C
CC(Si)CSi(C)(C)C(C)C
CC(Si)CSi(C)C(C)(C)C
CC(Si)CSiCC(C)(C)C
CC(Si)Si(C(C)C)C(C)C
CC(Si)Si(C)(C)C(C)(C)C
CC(Si)Si(C)(C)CC(C)C
CC(Si)Si(C)C(C)C(C)C
CC(Si)Si(C)CC(C)(C)C
CC(Si)Si(C)CCC(C)C
CC(Si)SiC(C)(C)C(C)C
CC(Si)SiC(C)C(C)(C)C
CC(Si)SiC(C)CC(C)C
CC(Si)SiCC(C)C(C)C
CC(Si)SiCCC(C)(C)C
CC(Si)SiCCCC(C)C
CCC(C(C)(C)C)(Si)CSi
CCC(C(C)(C)C)C(Si)Si
CCC(C(C)(C)C)CSiSi
CCC(C(C)(C)C)SiCSi
CCC(C(C)(Si)C)(Si)CC
CCC(C(C)(Si)C)C(Si)C
CCC(C(C)(Si)C)CCSi
CCC(C(C)C)(Si)CCSi
CCC(C(C)C)(SiSi)CC
CCC(C(C)C)C(C)SiSi
CCC(C(C)C)C(Si)CSi
CCC(C(C)C)CC(Si)Si
CCC(C(C)C)CCSiSi
CCC(C(C)C)CSiCSi
CCC(C(C)C)Si(C)CSi
CCC(C(C)C)SiC(Si)C
CCC(C(C)C)SiCCSi
CCC(C(Si)(Si)C)C(C)C
CCC(C(Si)C)(Si)C(C)C
CCC(C(Si)C)C(C)CSi
CCC(C(Si)C)C(Si)CC
CCC(C(Si)C)CC(Si)C
CCC(C(Si)C)CCCSi
CCC(C(Si)C)SiC(C)C
CCC(C(Si)Si)C(C)CC
CCC(C(Si)Si)CC(C)C
CCC(C)(C(C)(Si)C)CSi
CCC(C)(C(C)C)CSiSi
CCC(C)(C(C)C)SiCSi
CCC(C)(C(Si)(Si)C)CC
CCC(C)(C(Si)C)C(Si)C
CCC(C)(C(Si)C)CCSi
CCC(C)(C(Si)Si)C(C)C
CCC(C)(C)C(C)(C)SiSi
CCC(C)(C)C(C)(Si)CSi
CCC(C)(C)C(C)C(Si)Si
CCC(C)(C)C(C)CSiSi
CCC(C)(C)C(C)SiCSi
CCC(C)(C)C(CSi)CSi
CCC(C)(C)C(Si)(Si)CC
CCC(C)(C)C(Si)C(Si)C
CCC(C)(C)C(Si)CCSi
CCC(C)(C)CC(C)SiSi
CCC(C)(C)CC(Si)(Si)C
CCC(C)(C)CC(Si)CSi
CCC(C)(C)CCC(Si)Si
CCC(C)(C)CCCSiSi
CCC(C)(C)CCSiCSi
CCC(C)(C)CSi(C)CSi
CCC(C)(C)CSiC(Si)C
CCC(C)(C)CSiCCSi
CCC(C)(C)Si(C)(C)CSi
CCC(C)(C)Si(C)C(Si)C
CCC(C)(C)Si(C)CCSi
CCC(C)(C)Si(Si)C(C)C
CCC(C)(C)SiC(C)(Si)C
CCC(C)(C)SiC(C)CSi
CCC(C)(C)SiCC(Si)C
CCC(C)(C)SiCCCSi
CCC(C)(C)SiSiC(C)C
CCC(C)(CC)C(C)SiSi
CCC(C)(CC)C(Si)CSi
CCC(C)(CC)CC(Si)Si
CCC(C)(CC)CCSiSi
CCC(C)(CC)CSiCSi
CCC(C)(CC)Si(C)CSi
CCC(C)(CC)SiC(Si)C
CCC(C)(CC)SiCCSi
CCC(C)(CSi)C(C)CSi
CCC(C)(CSi)CC(Si)C
CCC(C)(CSi)CCCSi
CCC(C)(CSi)SiC(C)C
CCC(C)(Si)C(C)(C)CSi
CCC(C)(Si)C(C)(Si)CC
CCC(C)(Si)C(C)C(Si)C
CCC(C)(Si)C(C)CCSi
CCC(C)(Si)C(Si)C(C)C
CCC(C)(Si)CC(C)(Si)C
CCC(C)(Si)CC(C)CSi
CCC(C)(Si)CCC(Si)C
CCC(C)(Si)CCCCSi
CCC(C)(Si)CSiC(C)C
CCC(C)(Si)Si(C)C(C)C
CCC(C)(Si)SiC(C)(C)C
CCC(C)(Si)SiCC(C)C
CCC(C)(SiSi)C(C)(C)C
CCC(C)(SiSi)CC(C)C
CCC(C)C(C(Si)C)CSi
CCC(C)C(C)(C)C(Si)Si
CCC(C)C(C)(C)CSiSi
CCC(C)C(C)(C)SiCSi
CCC(C)C(C)(CSi)CSi
CCC(C)C(C)(Si)C(Si)C
CCC(C)C(C)(Si)CCSi
CCC(C)C(C)(SiSi)CC
CCC(C)C(C)C(C)SiSi
CCC(C)C(C)C(Si)(Si)C
CCC(C)C(C)C(Si)CSi
CCC(C)C(C)CC(Si)Si
CCC(C)C(C)CCSiSi
CCC(C)C(C)CSiCSi
CCC(C)C(C)Si(C)CSi
CCC(C)C(C)SiC(Si)C
CCC(C)C(C)SiCCSi
CCC(C)C(CC)CSiSi
CCC(C)C(CC)SiCSi
CCC(C)C(CSi)(Si)CC
CCC(C)C(CSi)CCSi
CCC(C)C(Si)(Si)C(C)C
CCC(C)C(Si)C(C)(Si)C
CCC(C)C(Si)C(C)CSi
CCC(C)C(Si)C(Si)CC
CCC(C)C(Si)CC(Si)C
CCC(C)C(Si)CCCSi
CCC(C)C(Si)SiC(C)C
CCC(C)C(SiC)CCSi
CCC(C)C(SiSi)C(C)C
CCC(C)CC(C)(C)SiSi
CCC(C)CC(C)(Si)CSi
CCC(C)CC(C)C(Si)Si
CCC(C)CC(C)CSiSi
CCC(C)CC(C)SiCSi
CCC(C)CC(CSi)CSi
CCC(C)CC(Si)(Si)CC
CCC(C)CC(Si)C(Si)C
CCC(C)CC(Si)CCSi
CCC(C)CC(SiSi)CC
CCC(C)CCC(C)SiSi
CCC(C)CCC(Si)(Si)C
CCC(C)CCC(Si)CSi
CCC(C)CCCC(Si)Si
CCC(C)CCCCSiSi
CCC(C)CCCSiCSi
CCC(C)CCSi(C)CSi
CCC(C)CCSiC(Si)C
CCC(C)CCSiCCSi
CCC(C)CSi(C)(C)CSi
CCC(C)CSi(C)C(Si)C
CCC(C)CSi(C)CCSi
CCC(C)CSi(Si)C(C)C
CCC(C)CSiC(C)(Si)C
CCC(C)CSiC(C)CSi
CCC(C)CSiCC(Si)C
CCC(C)CSiCCCSi
CCC(C)CSiSiC(C)C
CCC(C)Si(C(C)C)CSi
CCC(C)Si(C)(C)C(Si)C
CCC(C)Si(C)(C)CCSi
CCC(C)Si(C)(Si)C(C)C
CCC(C)Si(C)C(C)(Si)C
CCC(C)Si(C)C(C)CSi
CCC(C)Si(C)CC(Si)C
CCC(C)Si(C)CCCSi
CCC(C)Si(C)SiC(C)C
CCC(C)Si(CC)CCSi
CCC(C)Si(Si)C(C)(C)C
CCC(C)Si(Si)C(C)CC
CCC(C)Si(Si)CC(C)C
CCC(C)SiC(C)(C)CSi
CCC(C)SiC(C)(Si)CC
CCC(C)SiC(C)C(Si)C
CCC(C)SiC(C)CCSi
CCC(C)SiC(Si)C(C)C
CCC(C)SiCC(C)(Si)C
CCC(C)SiCC(C)CSi
CCC(C)SiCCC(Si)C
CCC(C)SiCCCCSi
CCC(C)SiCSiC(C)C
CCC(C)SiSi(C)C(C)C
CCC(C)SiSiC(C)(C)C
CCC(C)SiSiC(C)CC
CCC(C)SiSiCC(C)C
CCC(CC)(C(Si)Si)CC
CCC(CC)(CC)CSiSi
CCC(CC)(CC)SiCSi
CCC(CC)(CSi)CCSi
CCC(CC)(Si)C(C)CSi
CCC(CC)(Si)CC(Si)C
CCC(CC)(Si)CCCSi
CCC(CC)(Si)SiC(C)C
CCC(CC)C(C)(C)SiSi
CCC(CC)C(C)(Si)CSi
CCC(CC)C(C)C(Si)Si
CCC(CC)C(C)CSiSi
CCC(CC)C(C)SiCSi
CCC(CC)C(CSi)CSi
CCC(CC)C(Si)(Si)CC
CCC(CC)C(Si)C(Si)C
CCC(CC)C(Si)CCSi
CCC(CC)C(SiSi)CC
CCC(CC)CC(C)SiSi
CCC(CC)CC(Si)(Si)C
CCC(CC)CC(Si)CSi
CCC(CC)CCC(Si)Si
CCC(CC)CCCSiSi
CCC(CC)CCSiCSi
CCC(CC)CSi(C)CSi
CCC(CC)CSiC(Si)C
CCC(CC)CSiCCSi
CCC(CC)Si(C)(C)CSi
CCC(CC)Si(C)C(Si)C
CCC(CC)Si(C)CCSi
CCC(CC)Si(Si)C(C)C
CCC(CC)SiC(C)(Si)C
CCC(CC)SiC(C)CSi
CCC(CC)SiCC(Si)C
CCC(CC)SiCCCSi
CCC(CC)SiSiC(C)C
CCC(CSi)(C(C)C)CSi
CCC(CSi)(C(Si)C)CC
CCC(CSi)(Si)CC(C)C
CCC(CSi)C(C)(C)CSi
CCC(CSi)C(C)(Si)CC
CCC(CSi)C(C)C(Si)C
CCC(CSi)C(C)CCSi
CCC(CSi)C(CSi)CC
CCC(CSi)C(Si)C(C)C
CCC(CSi)CC(C)(Si)C
CCC(CSi)CC(C)CSi
CCC(CSi)CC(Si)CC
CCC(CSi)CCC(Si)C
CCC(CSi)CCCCSi
CCC(CSi)CSiC(C)C
CCC(CSi)Si(C)C(C)C
CCC(CSi)SiC(C)(C)C
CCC(CSi)SiC(C)CC
CCC(CSi)SiCC(C)C
CCC(Si)(Si)C(C)C(C)C
CCC(Si)(Si)CC(C)(C)C
CCC(Si)(Si)CCC(C)C
CCC(Si)C(C(C)C)CSi
CCC(Si)C(C)(C)C(Si)C
CCC(Si)C(C)(C)CCSi
CCC(Si)C(C)(CSi)CC
CCC(Si)C(C)(Si)C(C)C
CCC(Si)C(C)C(C)(Si)C
CCC(Si)C(C)C(C)CSi
CCC(Si)C(C)C(Si)CC
CCC(Si)C(C)CC(Si)C
CCC(Si)C(C)CCCSi
CCC(Si)C(C)SiC(C)C
CCC(Si)C(CC)(Si)CC
CCC(Si)C(CC)CCSi
CCC(Si)C(Si)C(C)(C)C
CCC(Si)C(Si)CC(C)C
CCC(Si)CC(C)(C)CSi
CCC(Si)CC(C)(Si)CC
CCC(Si)CC(C)C(Si)C
CCC(Si)CC(C)CCSi
CCC(Si)CC(Si)C(C)C
CCC(Si)CCC(C)(Si)C
CCC(Si)CCC(C)CSi
CCC(Si)CCC(Si)CC
CCC(Si)CCCC(Si)C
CCC(Si)CCCCCSi
CCC(Si)CCSiC(C)C
CCC(Si)CSi(C)C(C)C
CCC(Si)CSiC(C)(C)C
CCC(Si)CSiC(C)CC
CCC(Si)CSiCC(C)C
CCC(Si)Si(C)(C)C(C)C
CCC(Si)Si(C)C(C)(C)C
CCC(Si)Si(C)C(C)CC
CCC(Si)Si(C)CC(C)C
CCC(Si)SiC(C)(C)CC
CCC(Si)SiC(C)C(C)C
CCC(Si)SiC(CC)CC
CCC(Si)SiCC(C)(C)C
CCC(Si)SiCC(C)CC
CCC(Si)SiCCC(C)C
CCC(SiSi)C(C)(C)CC
CCC(SiSi)C(C)C(C)C
CCC(SiSi)CC(C)(C)C
CCC(SiSi)CCC(C)C
CCCC(C(C)(Si)C)CSi
CCCC(C(C)C)(Si)CSi
CCCC(C(C)C)CSiSi
CCCC(C(C)C)SiCSi
CCCC(C(Si)(Si)C)CC
CCCC(C(Si)C)(Si)CC
CCCC(C(Si)C)C(Si)C
CCCC(C(Si)C)CCSi
CCCC(C(Si)Si)C(C)C
CCCC(C(Si)Si)CCC
CCCC(C)(C(Si)C)CSi
CCCC(C)(C(Si)Si)CC
CCCC(C)(C)C(C)SiSi
CCCC(C)(C)C(Si)(Si)C
CCCC(C)(C)C(Si)CSi
CCCC(C)(C)CC(Si)Si
CCCC(C)(C)CCSiSi
CCCC(C)(C)CSiCSi
CCCC(C)(C)Si(C)CSi
CCCC(C)(C)SiC(Si)C
CCCC(C)(C)SiCCSi
CCCC(C)(CC)CSiSi
CCCC(C)(CC)SiCSi
CCCC(C)(CSi)CCSi
CCCC(C)(Si)C(C)(Si)C
CCCC(C)(Si)C(C)CSi
CCCC(C)(Si)C(Si)CC
CCCC(C)(Si)CC(Si)C
CCCC(C)(Si)CCCSi
CCCC(C)(Si)SiC(C)C
CCCC(C)(SiC)CCSi
CCCC(C)(SiSi)C(C)C
CCCC(C)(SiSi)CCC
CCCC(C)C(C)(C)SiSi
CCCC(C)C(C)(Si)CSi
CCCC(C)C(C)C(Si)Si
CCCC(C)C(C)CSiSi
CCCC(C)C(C)SiCSi
CCCC(C)C(CSi)CSi
CCCC(C)C(Si)(Si)CC
CCCC(C)C(Si)C(Si)C
CCCC(C)C(Si)CCSi
CCCC(C)C(SiSi)CC
CCCC(C)CC(C)SiSi
CCCC(C)CC(Si)(Si)C
CCCC(C)CC(Si)CSi
CCCC(C)CCC(Si)Si
CCCC(C)CCCSiSi
CCCC(C)CCSiCSi
CCCC(C)CSi(C)CSi
CCCC(C)CSiC(Si)C
CCCC(C)CSiCCSi
CCCC(C)Si(C)(C)CSi
CCCC(C)Si(C)C(Si)C
CCCC(C)Si(C)CCSi
CCCC(C)Si(Si)C(C)C
CCCC(C)SiC(C)(Si)C
CCCC(C)SiC(C)CSi
CCCC(C)SiC(Si)CC
CCCC(C)SiCC(Si)C
CCCC(C)SiCCCSi
CCCC(C)SiSiC(C)C
CCCC(CC)(Si)CCSi
CCCC(CC)(SiSi)CC
CCCC(CC)C(C)SiSi
CCCC(CC)C(Si)CSi
CCCC(CC)CC(Si)Si
CCCC(CC)CCSiSi
CCCC(CC)CSiCSi
CCCC(CC)Si(C)CSi
CCCC(CC)SiC(Si)C
CCCC(CC)SiCCSi
CCCC(CCSi)CCSi
CCCC(CSi)(CSi)CC
CCCC(CSi)(Si)CCC
CCCC(CSi)C(C)CSi
CCCC(CSi)C(Si)CC
CCCC(CSi)CC(Si)C
CCCC(CSi)CCCSi
CCCC(CSi)SiC(C)C
CCCC(CSiSi)CCC
CCCC(Si(C)C)CCSi
CCCC(Si(Si)C)CCC
CCCC(Si)(Si)C(C)(C)C
CCCC(Si)(Si)C(C)CC
CCCC(Si)(Si)CC(C)C
CCCC(Si)(SiC)CCC
CCCC(Si)C(C)(C)CSi
CCCC(Si)C(C)(Si)CC
CCCC(Si)C(C)C(Si)C
CCCC(Si)C(C)CCSi
CCCC(Si)C(CSi)CC
CCCC(Si)C(Si)C(C)C
CCCC(Si)C(Si)CCC
CCCC(Si)CC(C)(Si)C
CCCC(Si)CC(C)CSi
CCCC(Si)CC(Si)CC
CCCC(Si)CCC(Si)C
CCCC(Si)CCCCSi
CCCC(Si)CSiC(C)C
CCCC(Si)Si(C)C(C)C
CCCC(Si)SiC(C)(C)C
CCCC(Si)SiC(C)CC
CCCC(Si)SiCC(C)C
CCCC(SiC)C(C)CSi
CCCC(SiC)C(Si)CC
CCCC(SiC)CC(Si)C
CCCC(SiC)CCCSi
CCCC(SiC)SiC(C)C
CCCC(SiCSi)CCC
CCCC(SiSi)C(C)(C)C
CCCC(SiSi)C(C)CC
CCCC(SiSi)CC(C)C
CCCCC(C(Si)C)CSi
CCCCC(C(Si)Si)CC
CCCCC(C)(C)C(Si)Si
CCCCC(C)(C)CSiSi
CCCCC(C)(C)SiCSi
CCCCC(C)(CSi)CSi
CCCCC(C)(Si)C(Si)C
CCCCC(C)(Si)CCSi
CCCCC(C)(SiSi)CC
CCCCC(C)C(C)SiSi
CCCCC(C)C(Si)(Si)C
CCCCC(C)C(Si)CSi
CCCCC(C)CC(Si)Si
CCCCC(C)CCSiSi
CCCCC(C)CSiCSi
CCCCC(C)Si(C)CSi
CCCCC(C)SiC(Si)C
CCCCC(C)SiCCSi
CCCCC(CC)CSiSi
CCCCC(CC)SiCSi
CCCCC(CSi)(Si)CC
CCCCC(CSi)CCSi
CCCCC(Si)(Si)C(C)C
CCCCC(Si)(Si)CCC
CCCCC(Si)C(C)(Si)C
CCCCC(Si)C(C)CSi
CCCCC(Si)C(Si)CC
CCCCC(Si)CC(Si)C
CCCCC(Si)CCCSi
CCCCC(Si)SiC(C)C
CCCCC(SiC)CCSi
CCCCC(SiSi)C(C)C
CCCCC(SiSi)CCC
CCCCCC(C)(C)SiSi
CCCCCC(C)(Si)CSi
CCCCCC(C)C(Si)Si
CCCCCC(C)CSiSi
CCCCCC(C)SiCSi
CCCCCC(CSi)CSi
CCCCCC(Si)(Si)CC
CCCCCC(Si)C(Si)C
CCCCCC(Si)CCSi
CCCCCC(SiSi)CC
CCCCCCC(C)SiSi
CCCCCCC(Si)(Si)C
CCCCCCC(Si)CSi
CCCCCCCC(Si)Si
CCCCCCCCSiSi
CCCCCCCSiCSi
CCCCCCSi(C)CSi
CCCCCCSiC(Si)C
CCCCCCSiCCSi
CCCCCSi(C)(C)CSi
CCCCCSi(C)C(Si)C
CCCCCSi(C)CCSi
CCCCCSi(Si)C(C)C
CCCCCSiC(C)(Si)C
CCCCCSiC(C)CSi
CCCCCSiC(Si)CC
CCCCCSiCC(Si)C
CCCCCSiCCCSi
CCCCCSiSiC(C)C
CCCCSi(C(C)C)CSi
CCCCSi(C)(C)C(Si)C
CCCCSi(C)(C)CCSi
CCCCSi(C)(Si)C(C)C
CCCCSi(C)C(C)(Si)C
CCCCSi(C)C(C)CSi
CCCCSi(C)C(Si)CC
CCCCSi(C)CC(Si)C
CCCCSi(C)CCCSi
CCCCSi(C)SiC(C)C
CCCCSi(CC)CCSi
CCCCSi(Si)C(C)(C)C
CCCCSi(Si)C(C)CC
CCCCSi(Si)CC(C)C
CCCCSi(Si)CCCC
CCCCSiC(C)(C)CSi
CCCCSiC(C)(Si)CC
CCCCSiC(C)C(Si)C
CCCCSiC(C)CCSi
CCCCSiC(CSi)CC
CCCCSiC(Si)C(C)C
CCCCSiC(Si)CCC
CCCCSiCC(C)(Si)C
CCCCSiCC(C)CSi
CCCCSiCC(Si)CC
CCCCSiCCC(Si)C
CCCCSiCCCCSi
CCCCSiCSiC(C)C
CCCCSiSi(C)C(C)C
CCCCSiSiC(C)(C)C
CCCCSiSiC(C)CC
CCCCSiSiCC(C)C
CCCCSiSiCCCC
CCCSi(C(C)(C)C)CSi
CCCSi(C(C)C)C(Si)C
CCCSi(C(C)C)CCSi
CCCSi(C(Si)C)CCC
CCCSi(C)(C(C)C)CSi
CCCSi(C)(C)C(C)(Si)C
CCCSi(C)(C)C(C)CSi
CCCSi(C)(C)C(Si)CC
CCCSi(C)(C)CC(Si)C
CCCSi(C)(C)CCCSi
CCCSi(C)(C)SiC(C)C
CCCSi(C)(CC)CCSi
CCCSi(C)(CSi)CCC
CCCSi(C)(Si)C(C)(C)C
CCCSi(C)(Si)C(C)CC
CCCSi(C)(Si)CC(C)C
CCCSi(C)(Si)CCCC
CCCSi(C)(SiC)CCC
CCCSi(C)C(C)(C)CSi
CCCSi(C)C(C)(Si)CC
CCCSi(C)C(C)C(Si)C
CCCSi(C)C(C)CCSi
CCCSi(C)C(CSi)CC
CCCSi(C)C(Si)C(C)C
CCCSi(C)C(Si)CCC
CCCSi(C)CC(C)(Si)C
CCCSi(C)CC(C)CSi
CCCSi(C)CC(Si)CC
CCCSi(C)CCC(Si)C
CCCSi(C)CCCCSi
CCCSi(C)CSiC(C)C
CCCSi(C)Si(C)C(C)C
CCCSi(C)Si(C)CCC
CCCSi(C)SiC(C)(C)C
CCCSi(C)SiC(C)CC
CCCSi(C)SiCC(C)C
CCCSi(C)SiCCCC
CCCSi(CC)(Si)CCC
CCCSi(CC)C(C)CSi
CCCSi(CC)C(Si)CC
CCCSi(CC)CC(Si)C
CCCSi(CC)CCCSi
CCCSi(CC)SiC(C)C
CCCSi(CCSi)CCC
CCCSi(CSi)C(C)CC
CCCSi(CSi)CC(C)C
CCCSi(CSi)CCCC
CCCSi(Si(C)C)CCC
CCCSi(Si)C(C)(C)CC
CCCSi(Si)C(C)C(C)C
CCCSi(Si)C(C)CCC
CCCSi(Si)C(CC)CC
CCCSi(Si)CC(C)(C)C
CCCSi(Si)CC(C)CC
CCCSi(Si)CCC(C)C
CCCSi(Si)CCCCC
CCCSi(SiC)C(C)CC
CCCSi(SiC)CC(C)C
CCCSi(SiC)CCCC
CCCSiC(C(C)C)CSi
CCCSiC(C(Si)C)CC
CCCSiC(C)(C)C(Si)C
CCCSiC(C)(C)CCSi
CCCSiC(C)(CSi)CC
CCCSiC(C)(Si)C(C)C
CCCSiC(C)(Si)CCC
CCCSiC(C)C(C)(Si)C
CCCSiC(C)C(C)CSi
CCCSiC(C)C(Si)CC
CCCSiC(C)CC(Si)C
CCCSiC(C)CCCSi
CCCSiC(C)SiC(C)C
CCCSiC(C)SiCCC
CCCSiC(CC)(Si)CC
CCCSiC(CC)CCSi
CCCSiC(CSi)CCC
CCCSiC(Si)C(C)(C)C
CCCSiC(Si)C(C)CC
CCCSiC(Si)CC(C)C
CCCSiC(Si)CCCC
CCCSiC(SiC)CCC
CCCSiCC(C)(C)CSi
CCCSiCC(C)(Si)CC
CCCSiCC(C)C(Si)C
CCCSiCC(C)CCSi
CCCSiCC(CSi)CC
CCCSiCC(Si)C(C)C
CCCSiCC(Si)CCC
CCCSiCCC(C)(Si)C
CCCSiCCC(C)CSi
CCCSiCCC(Si)CC
CCCSiCCCC(Si)C
CCCSiCCCCCSi
CCCSiCCSiC(C)C
CCCSiCCSiCCC
CCCSiCSi(C)C(C)C
CCCSiCSi(C)CCC
CCCSiCSiC(C)(C)C
CCCSiCSiC(C)CC
CCCSiCSiCC(C)C
CCCSiCSiCCCC
CCCSiSi(C)(C)C(C)C
CCCSiSi(C)(C)CCC
CCCSiSi(C)C(C)(C)C
CCCSiSi(C)C(C)CC
CCCSiSi(C)CC(C)C
CCCSiSi(C)CCCC
CCCSiSi(CC)CCC
CCCSiSiC(C)(C)CC
CCCSiSiC(C)C(C)C
CCCSiSiC(C)CCC
CCCSiSiC(CC)CC
CCCSiSiCC(C)(C)C
CCCSiSiCC(C)CC
CCCSiSiCCC(C)C
CCCSiSiCCCCC
CCSi(C(C)(C)C)(Si)CC
CCSi(C(C)(C)C)C(Si)C
CCSi(C(C)(C)C)CCSi
CCSi(C(C)(Si)C)C(C)C
CCSi(C(C)(Si)C)CCC
CCSi(C(C)C)(Si)C(C)C
CCSi(C(C)C)(Si)CCC
CCSi(C(C)C)C(C)CSi
CCSi(C(C)C)C(Si)CC
CCSi(C(C)C)CC(Si)C
CCSi(C(C)C)CCCSi
CCSi(C(C)C)Si(C)CC
CCSi(C(C)C)SiC(C)C
CCSi(C(C)C)SiCCC
CCSi(C(Si)C)C(C)CC
CCSi(C(Si)C)CC(C)C
CCSi(C(Si)C)CCCC
CCSi(C)(C(C)(C)C)CSi
CCSi(C)(C(C)(Si)C)CC
CCSi(C)(C(C)C)C(Si)C
CCSi(C)(C(C)C)CCSi
CCSi(C)(C(Si)C)CCC
CCSi(C)(C)C(C)(C)CSi
CCSi(C)(C)C(C)(Si)CC
CCSi(C)(C)C(C)C(Si)C
CCSi(C)(C)C(C)CCSi
CCSi(C)(C)C(CSi)CC
CCSi(C)(C)C(Si)C(C)C
CCSi(C)(C)C(Si)CCC
CCSi(C)(C)CC(C)(Si)C
CCSi(C)(C)CC(C)CSi
CCSi(C)(C)CC(Si)CC
CCSi(C)(C)CCC(Si)C
CCSi(C)(C)CCCCSi
CCSi(C)(C)CSiC(C)C
CCSi(C)(C)CSiCCC
CCSi(C)(C)Si(C)(C)CC
CCSi(C)(C)Si(C)C(C)C
CCSi(C)(C)Si(C)CCC
CCSi(C)(C)SiC(C)(C)C
CCSi(C)(C)SiC(C)CC
CCSi(C)(C)SiCC(C)C
CCSi(C)(C)SiCCCC
CCSi(C)(CC)C(C)CSi
CCSi(C)(CC)C(Si)CC
CCSi(C)(CC)CC(Si)C
CCSi(C)(CC)CCCSi
CCSi(C)(CC)SiC(C)C
CCSi(C)(CC)SiCCC
CCSi(C)(CSi)C(C)CC
CCSi(C)(CSi)CC(C)C
CCSi(C)(CSi)CCCC
CCSi(C)(Si)C(C)(C)CC
CCSi(C)(Si)C(C)C(C)C
CCSi(C)(Si)C(C)CCC
CCSi(C)(Si)C(CC)CC
CCSi(C)(Si)CC(C)(C)C
CCSi(C)(Si)CC(C)CC
CCSi(C)(Si)CCC(C)C
CCSi(C)(Si)CCCCC
CCSi(C)C(C(C)C)CSi
CCSi(C)C(C(Si)C)CC
CCSi(C)C(C)(C)C(Si)C
CCSi(C)C(C)(C)CCSi
CCSi(C)C(C)(CSi)CC
CCSi(C)C(C)(Si)C(C)C
CCSi(C)C(C)(Si)CCC
CCSi(C)C(C)C(C)(Si)C
CCSi(C)C(C)C(C)CSi
CCSi(C)C(C)C(Si)CC
CCSi(C)C(C)CC(Si)C
CCSi(C)C(C)CCCSi
CCSi(C)C(C)Si(C)CC
CCSi(C)C(C)SiC(C)C
CCSi(C)C(C)SiCCC
CCSi(C)C(CC)(Si)CC
CCSi(C)C(CC)CCSi
CCSi(C)C(CSi)CCC
CCSi(C)C(Si)C(C)(C)C
CCSi(C)C(Si)C(C)CC
CCSi(C)C(Si)CC(C)C
CCSi(C)C(Si)CCCC
CCSi(C)C(SiC)CCC
CCSi(C)CC(C)(C)CSi
CCSi(C)CC(C)(Si)CC
CCSi(C)CC(C)C(Si)C
CCSi(C)CC(C)CCSi
CCSi(C)CC(CSi)CC
CCSi(C)CC(Si)C(C)C
CCSi(C)CC(Si)CCC
CCSi(C)CCC(C)(Si)C
CCSi(C)CCC(C)CSi
CCSi(C)CCC(Si)CC
CCSi(C)CCCC(Si)C
CCSi(C)CCCCCSi
CCSi(C)CCSi(C)CC
CCSi(C)CCSiC(C)C
CCSi(C)CCSiCCC
CCSi(C)CSi(C)(C)CC
CCSi(C)CSi(C)C(C)C
CCSi(C)CSi(C)CCC
CCSi(C)CSiC(C)(C)C
CCSi(C)CSiC(C)CC
CCSi(C)CSiCC(C)C
CCSi(C)CSiCCCC
CCSi(C)Si(C)(C)C(C)C
CCSi(C)Si(C)(C)CCC
CCSi(C)Si(C)(CC)CC
CCSi(C)Si(C)C(C)(C)C
CCSi(C)Si(C)C(C)CC
CCSi(C)Si(C)CC(C)C
CCSi(C)Si(C)CCCC
CCSi(C)Si(CC)CCC
CCSi(C)SiC(C)(C)CC
CCSi(C)SiC(C)C(C)C
CCSi(C)SiC(C)CCC
CCSi(C)SiC(CC)CC
CCSi(C)SiCC(C)(C)C
CCSi(C)SiCC(C)CC
CCSi(C)SiCCC(C)C
CCSi(C)SiCCCCC
CCSi(CC)(C(C)C)CSi
CCSi(CC)(C(Si)C)CC
CCSi(CC)(CC)CCSi
CCSi(CC)(Si)C(C)CC
CCSi(CC)(Si)CC(C)C
CCSi(CC)(Si)CCCC
CCSi(CC)C(C)(C)CSi
CCSi(CC)C(C)(Si)CC
CCSi(CC)C(C)C(Si)C
CCSi(CC)C(C)CCSi
CCSi(CC)C(CSi)CC
CCSi(CC)C(Si)C(C)C
CCSi(CC)C(Si)CCC
CCSi(CC)CC(C)(Si)C
CCSi(CC)CC(C)CSi
CCSi(CC)CC(Si)CC
CCSi(CC)CCC(Si)C
CCSi(CC)CCCCSi
CCSi(CC)CSi(C)CC
CCSi(CC)CSiC(C)C
CCSi(CC)CSiCCC
CCSi(CC)Si(C)(C)CC
CCSi(CC)Si(C)C(C)C
CCSi(CC)Si(C)CCC
CCSi(CC)Si(CC)CC
CCSi(CC)SiC(C)(C)C
CCSi(CC)SiC(C)CC
CCSi(CC)SiCC(C)C
CCSi(CC)SiCCCC
CCSi(CSi)(CC)CCC
CCSi(CSi)C(C)(C)CC
CCSi(CSi)C(C)C(C)C
CCSi(CSi)C(C)CCC
CCSi(CSi)C(CC)CC
CCSi(CSi)CC(C)(C)C
CCSi(CSi)CC(C)CC
CCSi(CSi)CCC(C)C
CCSi(CSi)CCCCC
CCSi(Si)C(C(C)C)CC
CCSi(Si)C(C)(C)C(C)C
CCSi(Si)C(C)(C)CCC
CCSi(Si)C(C)(CC)CC
CCSi(Si)C(C)C(C)(C)C
CCSi(Si)C(C)C(C)CC
CCSi(Si)C(C)CC(C)C
CCSi(Si)C(C)CCCC
CCSi(Si)C(CC)CCC
CCSi(Si)CC(C)(C)CC
CCSi(Si)CC(C)C(C)C
CCSi(Si)CC(C)CCC
CCSi(Si)CC(CC)CC
CCSi(Si)CCC(C)(C)C
CCSi(Si)CCC(C)CC
CCSi(Si)CCCC(C)C
CCSi(Si)CCCCCC
CCSiC(C(C)(C)C)CSi
CCSiC(C(C)(Si)C)CC
CCSiC(C(C)C)(Si)CC
CCSiC(C(C)C)CCSi
CCSiC(C(C)C)SiCC
CCSiC(C(Si)C)C(C)C
CCSiC(C(Si)C)CCC
CCSiC(C)(C(C)C)CSi
CCSiC(C)(C(Si)C)CC
CCSiC(C)(C)C(C)(Si)C
CCSiC(C)(C)C(C)CSi
CCSiC(C)(C)C(Si)CC
CCSiC(C)(C)CC(Si)C
CCSiC(C)(C)CCCSi
CCSiC(C)(C)Si(C)CC
CCSiC(C)(C)SiC(C)C
CCSiC(C)(C)SiCCC
CCSiC(C)(CC)CCSi
CCSiC(C)(CC)SiCC
CCSiC(C)(CSi)CCC
CCSiC(C)(Si)C(C)(C)C
CCSiC(C)(Si)C(C)CC
CCSiC(C)(Si)CC(C)C
CCSiC(C)(Si)CCCC
CCSiC(C)(SiC)CCC
CCSiC(C)C(C)(C)CSi
CCSiC(C)C(C)(Si)CC
CCSiC(C)C(C)C(Si)C
CCSiC(C)C(C)CCSi
CCSiC(C)C(C)SiCC
CCSiC(C)C(CSi)CC
CCSiC(C)C(Si)C(C)C
CCSiC(C)C(Si)CCC
CCSiC(C)CC(C)(Si)C
CCSiC(C)CC(C)CSi
CCSiC(C)CC(Si)CC
CCSiC(C)CCC(Si)C
CCSiC(C)CCCCSi
CCSiC(C)CSi(C)CC
CCSiC(C)CSiC(C)C
CCSiC(C)CSiCCC
CCSiC(C)Si(C)(C)CC
CCSiC(C)Si(C)C(C)C
CCSiC(C)Si(C)CCC
CCSiC(C)Si(CC)CC
CCSiC(C)SiC(C)(C)C
CCSiC(C)SiC(C)CC
CCSiC(C)SiCC(C)C
CCSiC(C)SiCCCC
CCSiC(CC)(CSi)CC
CCSiC(CC)(Si)CCC
CCSiC(CC)C(C)CSi
CCSiC(CC)C(Si)CC
CCSiC(CC)CC(Si)C
CCSiC(CC)CCCSi
CCSiC(CC)Si(C)CC
CCSiC(CC)SiC(C)C
CCSiC(CC)SiCCC
CCSiC(CCC)CCSi
CCSiC(CSi)C(C)CC
CCSiC(CSi)CC(C)C
CCSiC(CSi)CCCC
CCSiC(Si(C)C)CCC
CCSiC(Si)C(C)(C)CC
CCSiC(Si)C(C)C(C)C
CCSiC(Si)C(C)CCC
CCSiC(Si)C(CC)CC
CCSiC(Si)CC(C)(C)C
CCSiC(Si)CC(C)CC
CCSiC(Si)CCC(C)C
CCSiC(Si)CCCCC
CCSiC(SiC)C(C)CC
CCSiC(SiC)CC(C)C
CCSiC(SiC)CCCC
CCSiC(SiCC)CCC
CCSiCC(C(C)C)CSi
CCSiCC(C(Si)C)CC
CCSiCC(C)(C)C(Si)C
CCSiCC(C)(C)CCSi
CCSiCC(C)(C)SiCC
CCSiCC(C)(CSi)CC
CCSiCC(C)(Si)C(C)C
CCSiCC(C)(Si)CCC
CCSiCC(C)C(C)(Si)C
CCSiCC(C)C(C)CSi
CCSiCC(C)C(Si)CC
CCSiCC(C)CC(Si)C
CCSiCC(C)CCCSi
CCSiCC(C)CSiCC
CCSiCC(C)Si(C)CC
CCSiCC(C)SiC(C)C
CCSiCC(C)SiCCC
CCSiCC(CC)(Si)CC
CCSiCC(CC)CCSi
CCSiCC(CC)SiCC
CCSiCC(CSi)CCC
CCSiCC(Si)C(C)(C)C
CCSiCC(Si)C(C)CC
CCSiCC(Si)CC(C)C
CCSiCC(Si)CCCC
CCSiCC(SiC)CCC
CCSiCCC(C)(C)CSi
CCSiCCC(C)(Si)CC
CCSiCCC(C)C(Si)C
CCSiCCC(C)CCSi
CCSiCCC(C)SiCC
CCSiCCC(CSi)CC
CCSiCCC(Si)C(C)C
CCSiCCC(Si)CCC
CCSiCCCC(C)(Si)C
CCSiCCCC(C)CSi
CCSiCCCC(Si)CC
CCSiCCCCC(Si)C
CCSiCCCCCCSi
CCSiCCCCSiCC
CCSiCCCSi(C)CC
CCSiCCCSiC(C)C
CCSiCCCSiCCC
CCSiCCSi(C)(C)CC
CCSiCCSi(C)C(C)C
CCSiCCSi(C)CCC
CCSiCCSi(CC)CC
CCSiCCSiC(C)(C)C
CCSiCCSiC(C)CC
CCSiCCSiCC(C)C
CCSiCCSiCCCC
CCSiCSi(C(C)C)CC
CCSiCSi(C)(C)C(C)C
CCSiCSi(C)(C)CCC
CCSiCSi(C)(CC)CC
CCSiCSi(C)C(C)(C)C
CCSiCSi(C)C(C)CC
CCSiCSi(C)CC(C)C
CCSiCSi(C)CCCC
CCSiCSi(CC)CCC
CCSiCSiC(C)(C)CC
CCSiCSiC(C)C(C)C
CCSiCSiC(C)CCC
CCSiCSiC(CC)CC
CCSiCSiCC(C)(C)C
CCSiCSiCC(C)CC
CCSiCSiCCC(C)C
CCSiCSiCCCCC
CCSiSi(C(C)(C)C)CC
CCSiSi(C(C)C)C(C)C
CCSiSi(C(C)C)CCC
CCSiSi(C)(C(C)C)CC
CCSiSi(C)(C)C(C)(C)C
CCSiSi(C)(C)C(C)CC
CCSiSi(C)(C)CC(C)C
CCSiSi(C)(C)CCCC
CCSiSi(C)(CC)CCC
CCSiSi(C)C(C)(C)CC
CCSiSi(C)C(C)C(C)C
CCSiSi(C)C(C)CCC
CCSiSi(C)C(CC)CC
CCSiSi(C)CC(C)(C)C
CCSiSi(C)CC(C)CC
CCSiSi(C)CCC(C)C
CCSiSi(C)CCCCC
CCSiSi(CC)(CC)CC
CCSiSi(CC)C(C)CC
CCSiSi(CC)CC(C)C
CCSiSi(CC)CCCC
CCSiSi(CCC)CCC
CCSiSiC(C(C)C)CC
CCSiSiC(C)(C)C(C)C
CCSiSiC(C)(C)CCC
CCSiSiC(C)(CC)CC
CCSiSiC(C)C(C)(C)C
CCSiSiC(C)C(C)CC
CCSiSiC(C)CC(C)C
CCSiSiC(C)CCCC
CCSiSiC(CC)CCC
CCSiSiCC(C)(C)CC
CCSiSiCC(C)C(C)C
CCSiSiCC(C)CCC
CCSiSiCC(CC)CC
CCSiSiCCC(C)(C)C
CCSiSiCCC(C)CC
CCSiSiCCCC(C)C
CCSiSiCCCCCC
CSi(C)(C)C(C(C)C)CSi
CSi(C)(C)C(C(Si)C)CC
CSi(C)(C)C(C)(C)C(Si)C
CSi(C)(C)C(C)(C)CCSi
CSi(C)(C)C(C)(C)SiCC
CSi(C)(C)C(C)(CSi)CC
CSi(C)(C)C(C)(Si)C(C)C
CSi(C)(C)C(C)(Si)CCC
CSi(C)(C)C(C)C(C)(Si)C
CSi(C)(C)C(C)C(C)CSi
CSi(C)(C)C(C)C(Si)CC
CSi(C)(C)C(C)CC(Si)C
CSi(C)(C)C(C)CCCSi
CSi(C)(C)C(C)CSiCC
CSi(C)(C)C(C)Si(C)(C)C
CSi(C)(C)C(C)Si(C)CC
CSi(C)(C)C(C)SiC(C)C
CSi(C)(C)C(C)SiCCC
CSi(C)(C)C(CC)(Si)CC
CSi(C)(C)C(CC)CCSi
CSi(C)(C)C(CC)SiCC
CSi(C)(C)C(CSi)CCC
CSi(C)(C)C(Si)C(C)(C)C
CSi(C)(C)C(Si)C(C)CC
CSi(C)(C)C(Si)CC(C)C
CSi(C)(C)C(Si)CCCC
CSi(C)(C)CC(C)(C)CSi
CSi(C)(C)CC(C)(Si)CC
CSi(C)(C)CC(C)C(Si)C
CSi(C)(C)CC(C)CCSi
CSi(C)(C)CC(C)SiCC
CSi(C)(C)CC(CSi)CC
CSi(C)(C)CC(Si)C(C)C
CSi(C)(C)CC(Si)CCC
CSi(C)(C)CCC(C)(Si)C
CSi(C)(C)CCC(C)CSi
CSi(C)(C)CCC(Si)CC
CSi(C)(C)CCCC(Si)C
CSi(C)(C)CCCCCSi
CSi(C)(C)CCCSiCC
CSi(C)(C)CCSi(C)(C)C
CSi(C)(C)CCSi(C)CC
CSi(C)(C)CCSiC(C)C
CSi(C)(C)CCSiCCC
CSi(C)(C)CSi(C)(C)CC
CSi(C)(C)CSi(C)C(C)C
CSi(C)(C)CSi(C)CCC
CSi(C)(C)CSi(CC)CC
CSi(C)(C)CSiC(C)(C)C
CSi(C)(C)CSiC(C)CC
CSi(C)(C)CSiCC(C)C
CSi(C)(C)CSiCCCC
CSi(C)(C)Si(C(C)C)CC
CSi(C)(C)Si(C)(C)C(C)C
CSi(C)(C)Si(C)(C)CCC
CSi(C)(C)Si(C)(CC)CC
CSi(C)(C)Si(C)C(C)(C)C
CSi(C)(C)Si(C)C(C)CC
CSi(C)(C)Si(C)CC(C)C
CSi(C)(C)Si(C)CCCC
CSi(C)(C)Si(CC)CCC
CSi(C)(C)SiC(C)(C)CC
CSi(C)(C)SiC(C)C(C)C
CSi(C)(C)SiC(C)CCC
CSi(C)(C)SiC(CC)CC
CSi(C)(C)SiCC(C)(C)C
CSi(C)(C)SiCC(C)CC
CSi(C)(C)SiCCC(C)C
CSi(C)(C)SiCCCCC
CSi(C)(Si)C(C(C)C)CC
CSi(C)(Si)C(C)(C)C(C)C
CSi(C)(Si)C(C)(C)CCC
CSi(C)(Si)C(C)(CC)CC
CSi(C)(Si)C(C)C(C)(C)C
CSi(C)(Si)C(C)C(C)CC
CSi(C)(Si)C(C)CC(C)C
CSi(C)(Si)C(C)CCCC
CSi(C)(Si)C(CC)CCC
CSi(C)(Si)CC(C)(C)CC
CSi(C)(Si)CC(C)C(C)C
CSi(C)(Si)CC(C)CCC
CSi(C)(Si)CC(CC)CC
CSi(C)(Si)CCC(C)(C)C
CSi(C)(Si)CCC(C)CC
CSi(C)(Si)CCCC(C)C
CSi(C)(Si)CCCCCC
CSi(C)C(C(C)(C)C)CSi
CSi(C)C(C(C)(Si)C)CC
CSi(C)C(C(C)C)(Si)CC
CSi(C)C(C(C)C)CCSi
CSi(C)C(C(C)C)SiCC
CSi(C)C(C(Si)C)C(C)C
CSi(C)C(C(Si)C)CCC
CSi(C)C(C)(C(C)C)CSi
CSi(C)C(C)(C(Si)C)CC
CSi(C)C(C)(C)C(C)(Si)C
CSi(C)C(C)(C)C(C)CSi
CSi(C)C(C)(C)C(Si)CC
CSi(C)C(C)(C)CC(Si)C
CSi(C)C(C)(C)CCCSi
CSi(C)C(C)(C)CSiCC
CSi(C)C(C)(C)Si(C)(C)C
CSi(C)C(C)(C)Si(C)CC
CSi(C)C(C)(C)SiC(C)C
CSi(C)C(C)(C)SiCCC
CSi(C)C(C)(CC)CCSi
CSi(C)C(C)(CC)SiCC
CSi(C)C(C)(CSi)CCC
CSi(C)C(C)(Si(C)C)CC
CSi(C)C(C)(Si)C(C)(C)C
CSi(C)C(C)(Si)C(C)CC
CSi(C)C(C)(Si)CC(C)C
CSi(C)C(C)(Si)CCCC
CSi(C)C(C)C(C)(C)CSi
CSi(C)C(C)C(C)(Si)CC
CSi(C)C(C)C(C)C(Si)C
CSi(C)C(C)C(C)CCSi
CSi(C)C(C)C(C)Si(C)C
CSi(C)C(C)C(C)SiCC
CSi(C)C(C)C(CSi)CC
CSi(C)C(C)C(Si)C(C)C
CSi(C)C(C)C(Si)CCC
CSi(C)C(C)CC(C)(Si)C
CSi(C)C(C)CC(C)CSi
CSi(C)C(C)CC(Si)CC
CSi(C)C(C)CCC(Si)C
CSi(C)C(C)CCCCSi
CSi(C)C(C)CCSiCC
CSi(C)C(C)CSi(C)(C)C
CSi(C)C(C)CSi(C)CC
CSi(C)C(C)CSiC(C)C
CSi(C)C(C)CSiCCC
CSi(C)C(C)Si(C)(C)CC
CSi(C)C(C)Si(C)C(C)C
CSi(C)C(C)Si(C)CCC
CSi(C)C(C)Si(CC)CC
CSi(C)C(C)SiC(C)(C)C
CSi(C)C(C)SiC(C)CC
CSi(C)C(C)SiCC(C)C
CSi(C)C(C)SiCCCC
CSi(C)C(CC)(CSi)CC
CSi(C)C(CC)(Si)CCC
CSi(C)C(CC)C(C)CSi
CSi(C)C(CC)C(Si)CC
CSi(C)C(CC)CC(Si)C
CSi(C)C(CC)CCCSi
CSi(C)C(CC)CSiCC
CSi(C)C(CC)Si(C)CC
CSi(C)C(CC)SiC(C)C
CSi(C)C(CC)SiCCC
CSi(C)C(CSi)C(C)CC
CSi(C)C(CSi)CC(C)C
CSi(C)C(CSi)CCCC
CSi(C)C(Si(C)(C)C)CC
CSi(C)C(Si(C)C)C(C)C
CSi(C)C(Si(C)C)CCC
CSi(C)C(Si)C(C)(C)CC
CSi(C)C(Si)C(C)C(C)C
CSi(C)C(Si)C(C)CCC
CSi(C)C(Si)C(CC)CC
CSi(C)C(Si)CC(C)(C)C
CSi(C)C(Si)CC(C)CC
CSi(C)C(Si)CCC(C)C
CSi(C)C(Si)CCCCC
CSi(C)CC(C(C)C)CSi
CSi(C)CC(C(Si)C)CC
CSi(C)CC(C)(C)C(Si)C
CSi(C)CC(C)(C)CCSi
CSi(C)CC(C)(C)Si(C)C
CSi(C)CC(C)(C)SiCC
CSi(C)CC(C)(CSi)CC
CSi(C)CC(C)(Si)C(C)C
CSi(C)CC(C)(Si)CCC
CSi(C)CC(C)C(C)(Si)C
CSi(C)CC(C)C(C)CSi
CSi(C)CC(C)C(Si)CC
CSi(C)CC(C)CC(Si)C
CSi(C)CC(C)CCCSi
CSi(C)CC(C)CSi(C)C
CSi(C)CC(C)CSiCC
CSi(C)CC(C)Si(C)(C)C
CSi(C)CC(C)Si(C)CC
CSi(C)CC(C)SiC(C)C
CSi(C)CC(C)SiCCC
CSi(C)CC(CC)(Si)CC
CSi(C)CC(CC)CCSi
CSi(C)CC(CC)SiCC
CSi(C)CC(CSi)CCC
CSi(C)CC(Si(C)C)CC
CSi(C)CC(Si)C(C)(C)C
CSi(C)CC(Si)C(C)CC
CSi(C)CC(Si)CC(C)C
CSi(C)CC(Si)CCCC
CSi(C)CC(SiC)CCC
CSi(C)CCC(C)(C)CSi
CSi(C)CCC(C)(Si)CC
CSi(C)CCC(C)C(Si)C
CSi(C)CCC(C)CCSi
CSi(C)CCC(C)Si(C)C
CSi(C)CCC(C)SiCC
CSi(C)CCC(CSi)CC
CSi(C)CCC(Si)C(C)C
CSi(C)CCC(Si)CCC
CSi(C)CCCC(C)(Si)C
CSi(C)CCCC(C)CSi
CSi(C)CCCC(Si)CC
CSi(C)CCCCC(Si)C
CSi(C)CCCCCCSi
CSi(C)CCCCSi(C)C
CSi(C)CCCCSiCC
CSi(C)CCCSi(C)(C)C
CSi(C)CCCSi(C)CC
CSi(C)CCCSiC(C)C
CSi(C)CCCSiCCC
CSi(C)CCSi(C)(C)CC
CSi(C)CCSi(C)C(C)C
CSi(C)CCSi(C)CCC
CSi(C)CCSi(CC)CC
CSi(C)CCSiC(C)(C)C
CSi(C)CCSiC(C)CC
CSi(C)CCSiCC(C)C
CSi(C)CCSiCCCC
CSi(C)CSi(C(C)C)CC
CSi(C)CSi(C)(C)C(C)C
CSi(C)CSi(C)(C)CCC
CSi(C)CSi(C)(CC)CC
CSi(C)CSi(C)C(C)(C)C
CSi(C)CSi(C)C(C)CC
CSi(C)CSi(C)CC(C)C
CSi(C)CSi(C)CCCC
CSi(C)CSi(CC)CCC
CSi(C)CSiC(C)(C)CC
CSi(C)CSiC(C)C(C)C
CSi(C)CSiC(C)CCC
CSi(C)CSiC(CC)CC
CSi(C)CSiCC(C)(C)C
CSi(C)CSiCC(C)CC
CSi(C)CSiCCC(C)C
CSi(C)CSiCCCCC
CSi(C)Si(C(C)(C)C)CC
CSi(C)Si(C(C)C)C(C)C
CSi(C)Si(C(C)C)CCC
CSi(C)Si(C)(C(C)C)CC
CSi(C)Si(C)(C)C(C)(C)C
CSi(C)Si(C)(C)C(C)CC
CSi(C)Si(C)(C)CC(C)C
CSi(C)Si(C)(C)CCCC
CSi(C)Si(C)(CC)CCC
CSi(C)Si(C)C(C)(C)CC
CSi(C)Si(C)C(C)C(C)C
CSi(C)Si(C)C(C)CCC
CSi(C)Si(C)C(CC)CC
CSi(C)Si(C)CC(C)(C)C
CSi(C)Si(C)CC(C)CC
CSi(C)Si(C)CCC(C)C
CSi(C)Si(C)CCCCC
CSi(C)Si(CC)(CC)CC
CSi(C)Si(CC)C(C)CC
CSi(C)Si(CC)CC(C)C
CSi(C)Si(CC)CCCC
CSi(C)SiC(C(C)C)CC
CSi(C)SiC(C)(C)C(C)C
CSi(C)SiC(C)(C)CCC
CSi(C)SiC(C)(CC)CC
CSi(C)SiC(C)C(C)(C)C
CSi(C)SiC(C)C(C)CC
CSi(C)SiC(C)CC(C)C
CSi(C)SiC(C)CCCC
CSi(C)SiC(CC)CCC
CSi(C)SiCC(C)(C)CC
CSi(C)SiCC(C)C(C)C
CSi(C)SiCC(C)CCC
CSi(C)SiCC(CC)CC
CSi(C)SiCCC(C)(C)C
CSi(C)SiCCC(C)CC
CSi(C)SiCCCC(C)C
CSi(C)SiCCCCCC
CSi(Si)C(C(C)(C)C)CC
CSi(Si)C(C(C)C)C(C)C
CSi(Si)C(C(C)C)CCC
CSi(Si)C(C)(C(C)C)CC
CSi(Si)C(C)(C)C(C)(C)C
CSi(Si)C(C)(C)C(C)CC
CSi(Si)C(C)(C)CC(C)C
CSi(Si)C(C)(C)CCCC
CSi(Si)C(C)(CC)CCC
CSi(Si)C(C)C(C)(C)CC
CSi(Si)C(C)C(C)C(C)C
CSi(Si)C(C)C(C)CCC
CSi(Si)C(C)C(CC)CC
CSi(Si)C(C)CC(C)(C)C
CSi(Si)C(C)CC(C)CC
CSi(Si)C(C)CCC(C)C
CSi(Si)C(C)CCCCC
CSi(Si)C(CC)(CC)CC
CSi(Si)C(CC)C(C)CC
CSi(Si)C(CC)CC(C)C
CSi(Si)C(CC)CCCC
CSi(Si)CC(C(C)C)CC
CSi(Si)CC(C)(C)C(C)C
CSi(Si)CC(C)(C)CCC
CSi(Si)CC(C)(CC)CC
CSi(Si)CC(C)C(C)(C)C
CSi(Si)CC(C)C(C)CC
CSi(Si)CC(C)CC(C)C
CSi(Si)CC(C)CCCC
CSi(Si)CC(CC)CCC
CSi(Si)CCC(C)(C)CC
CSi(Si)CCC(C)C(C)C
CSi(Si)CCC(C)CCC
CSi(Si)CCC(CC)CC
CSi(Si)CCCC(C)(C)C
CSi(Si)CCCC(C)CC
CSi(Si)CCCCC(C)C
CSi(Si)CCCCCCC
CSiC(C(C)(C)C)(Si)CC
CSiC(C(C)(C)C)C(Si)C
CSiC(C(C)(C)C)CCSi
CSiC(C(C)(C)C)SiCC
CSiC(C(C)(Si)C)C(C)C
CSiC(C(C)(Si)C)CCC
CSiC(C(C)C)(Si)C(C)C
CSiC(C(C)C)(Si)CCC
CSiC(C(C)C)(SiC)CC
CSiC(C(C)C)C(C)CSi
CSiC(C(C)C)C(C)SiC
CSiC(C(C)C)C(Si)CC
CSiC(C(C)C)CC(Si)C
CSiC(C(C)C)CCCSi
CSiC(C(C)C)CSi(C)C
CSiC(C(C)C)CSiCC
CSiC(C(C)C)Si(C)CC
CSiC(C(C)C)SiC(C)C
CSiC(C(C)C)SiCCC
CSiC(C(Si)C)C(C)CC
CSiC(C(Si)C)CC(C)C
CSiC(C(Si)C)CCCC
CSiC(C)(C(C)(C)C)CSi
CSiC(C)(C(C)(Si)C)CC
CSiC(C)(C(C)C)CCSi
CSiC(C)(C(C)C)SiCC
CSiC(C)(C(Si)C)C(C)C
CSiC(C)(C(Si)C)CCC
CSiC(C)(C)C(C)(C)CSi
CSiC(C)(C)C(C)(C)SiC
CSiC(C)(C)C(C)(Si)CC
CSiC(C)(C)C(C)C(Si)C
CSiC(C)(C)C(C)CCSi
CSiC(C)(C)C(C)Si(C)C
CSiC(C)(C)C(C)SiCC
CSiC(C)(C)C(CSi)CC
CSiC(C)(C)C(Si)C(C)C
CSiC(C)(C)C(Si)CCC
CSiC(C)(C)CC(C)(Si)C
CSiC(C)(C)CC(C)CSi
CSiC(C)(C)CC(Si)CC
CSiC(C)(C)CCC(Si)C
CSiC(C)(C)CCCCSi
CSiC(C)(C)CCSi(C)C
CSiC(C)(C)CCSiCC
CSiC(C)(C)CSi(C)(C)C
CSiC(C)(C)CSi(C)CC
CSiC(C)(C)CSiC(C)C
CSiC(C)(C)CSiCCC
CSiC(C)(C)Si(C)(C)CC
CSiC(C)(C)Si(C)C(C)C
CSiC(C)(C)Si(C)CCC
CSiC(C)(C)Si(CC)CC
CSiC(C)(C)SiC(C)(C)C
CSiC(C)(C)SiC(C)CC
CSiC(C)(C)SiCC(C)C
CSiC(C)(C)SiCCCC
CSiC(C)(CC)C(C)CSi
CSiC(C)(CC)C(Si)CC
CSiC(C)(CC)CC(Si)C
CSiC(C)(CC)CCCSi
CSiC(C)(CC)CSi(C)C
CSiC(C)(CC)CSiCC
CSiC(C)(CC)Si(C)CC
CSiC(C)(CC)SiC(C)C
CSiC(C)(CC)SiCCC
CSiC(C)(CSi)C(C)CC
CSiC(C)(CSi)CC(C)C
CSiC(C)(CSi)CCCC
CSiC(C)(Si(C)(C)C)CC
CSiC(C)(Si(C)C)C(C)C
CSiC(C)(Si(C)C)CCC
CSiC(C)(Si)C(C)(C)CC
CSiC(C)(Si)C(C)C(C)C
CSiC(C)(Si)C(C)CCC
CSiC(C)(Si)C(CC)CC
CSiC(C)(Si)CC(C)(C)C
CSiC(C)(Si)CC(C)CC
CSiC(C)(Si)CCC(C)C
CSiC(C)(Si)CCCCC
CSiC(C)(SiC)C(C)(C)C
CSiC(C)(SiC)C(C)CC
CSiC(C)(SiC)CC(C)C
CSiC(C)(SiC)CCCC
CSiC(C)C(C(C)C)CSi
CSiC(C)C(C(Si)C)CC
CSiC(C)C(C)(C)C(Si)C
CSiC(C)C(C)(C)CCSi
CSiC(C)C(C)(C)Si(C)C
CSiC(C)C(C)(C)SiCC
CSiC(C)C(C)(CSi)CC
CSiC(C)C(C)(Si)C(C)C
CSiC(C)C(C)(Si)CCC
CSiC(C)C(C)(SiC)CC
CSiC(C)C(C)C(C)(Si)C
CSiC(C)C(C)C(C)CSi
CSiC(C)C(C)C(C)SiC
CSiC(C)C(C)C(Si)CC
CSiC(C)C(C)CC(Si)C
CSiC(C)C(C)CCCSi
CSiC(C)C(C)CSi(C)C
CSiC(C)C(C)CSiCC
CSiC(C)C(C)Si(C)(C)C
CSiC(C)C(C)Si(C)CC
CSiC(C)C(C)SiC(C)C
CSiC(C)C(C)SiCCC
CSiC(C)C(CC)(Si)CC
CSiC(C)C(CC)CCSi
CSiC(C)C(CC)SiCC
CSiC(C)C(CSi)CCC
CSiC(C)C(Si(C)C)CC
CSiC(C)C(Si)C(C)(C)C
CSiC(C)C(Si)C(C)CC
CSiC(C)C(Si)CC(C)C
CSiC(C)C(Si)CCCC
CSiC(C)C(SiC)CCC
CSiC(C)CC(C)(C)CSi
CSiC(C)CC(C)(C)SiC
CSiC(C)CC(C)(Si)CC
CSiC(C)CC(C)C(Si)C
CSiC(C)CC(C)CCSi
CSiC(C)CC(C)Si(C)C
CSiC(C)CC(C)SiCC
CSiC(C)CC(CSi)CC
CSiC(C)CC(Si)C(C)C
CSiC(C)CC(Si)CCC
CSiC(C)CCC(C)(Si)C
CSiC(C)CCC(C)CSi
CSiC(C)CCC(C)SiC
CSiC(C)CCC(Si)CC
CSiC(C)CCCC(Si)C
CSiC(C)CCCCCSi
CSiC(C)CCCSi(C)C
CSiC(C)CCCSiCC
CSiC(C)CCSi(C)(C)C
CSiC(C)CCSi(C)CC
CSiC(C)CCSiC(C)C
CSiC(C)CCSiCCC
CSiC(C)CSi(C)(C)CC
CSiC(C)CSi(C)C(C)C
CSiC(C)CSi(C)CCC
CSiC(C)CSi(CC)CC
CSiC(C)CSiC(C)(C)C
CSiC(C)CSiC(C)CC
CSiC(C)CSiCC(C)C
CSiC(C)CSiCCCC
CSiC(C)Si(C(C)C)CC
CSiC(C)Si(C)(C)C(C)C
CSiC(C)Si(C)(C)CCC
CSiC(C)Si(C)(CC)CC
CSiC(C)Si(C)C(C)(C)C
CSiC(C)Si(C)C(C)CC
CSiC(C)Si(C)CC(C)C
CSiC(C)Si(C)CCCC
CSiC(C)Si(CC)CCC
CSiC(C)SiC(C)(C)CC
CSiC(C)SiC(C)C(C)C
CSiC(C)SiC(C)CCC
CSiC(C)SiC(CC)CC
CSiC(C)SiCC(C)(C)C
CSiC(C)SiCC(C)CC
CSiC(C)SiCCC(C)C
CSiC(C)SiCCCCC
CSiC(CC)(C(Si)C)CC
CSiC(CC)(CC)CCSi
CSiC(CC)(CC)SiCC
CSiC(CC)(CSi)CCC
CSiC(CC)(Si(C)C)CC
CSiC(CC)(Si)C(C)CC
CSiC(CC)(Si)CC(C)C
CSiC(CC)(Si)CCCC
CSiC(CC)(SiC)CCC
CSiC(CC)C(C)(C)CSi
CSiC(CC)C(C)(C)SiC
CSiC(CC)C(C)(Si)CC
CSiC(CC)C(C)C(Si)C
CSiC(CC)C(C)CCSi
CSiC(CC)C(C)Si(C)C
CSiC(CC)C(C)SiCC
CSiC(CC)C(CSi)CC
CSiC(CC)C(Si)C(C)C
CSiC(CC)C(Si)CCC
CSiC(CC)C(SiC)CC
CSiC(CC)CC(C)(Si)C
CSiC(CC)CC(C)CSi
CSiC(CC)CC(C)SiC
CSiC(CC)CC(Si)CC
CSiC(CC)CCC(Si)C
CSiC(CC)CCCCSi
CSiC(CC)CCSi(C)C
CSiC(CC)CCSiCC
CSiC(CC)CSi(C)(C)C
CSiC(CC)CSi(C)CC
CSiC(CC)CSiC(C)C
CSiC(CC)CSiCCC
CSiC(CC)Si(C)(C)CC
CSiC(CC)Si(C)C(C)C
CSiC(CC)Si(C)CCC
CSiC(CC)Si(CC)CC
CSiC(CC)SiC(C)(C)C
CSiC(CC)SiC(C)CC
CSiC(CC)SiCC(C)C
CSiC(CC)SiCCCC
CSiC(CSi)(C(C)C)CC
CSiC(CSi)C(C)(C)CC
CSiC(CSi)C(C)C(C)C
CSiC(CSi)C(C)CCC
CSiC(CSi)C(CC)CC
CSiC(CSi)CC(C)(C)C
CSiC(CSi)CC(C)CC
CSiC(CSi)CCC(C)C
CSiC(CSi)CCCCC
CSiC(Si(C)(C)C)C(C)C
CSiC(Si(C)(C)C)CCC
CSiC(Si(C)C)C(C)(C)C
CSiC(Si(C)C)C(C)CC
CSiC(Si(C)C)CC(C)C
CSiC(Si(C)C)CCCC
CSiC(Si)C(C(C)C)CC
CSiC(Si)C(C)(C)C(C)C
CSiC(Si)C(C)(C)CCC
CSiC(Si)C(C)(CC)CC
CSiC(Si)C(C)C(C)(C)C
CSiC(Si)C(C)C(C)CC
CSiC(Si)C(C)CC(C)C
CSiC(Si)C(C)CCCC
CSiC(Si)C(CC)CCC
CSiC(Si)CC(C)(C)CC
CSiC(Si)CC(C)C(C)C
CSiC(Si)CC(C)CCC
CSiC(Si)CC(CC)CC
CSiC(Si)CCC(C)(C)C
CSiC(Si)CCC(C)CC
CSiC(Si)CCCC(C)C
CSiC(Si)CCCCCC
CSiC(SiC)C(C)(C)CC
CSiC(SiC)C(C)C(C)C
CSiC(SiC)C(C)CCC
CSiC(SiC)C(CC)CC
CSiC(SiC)CC(C)(C)C
CSiC(SiC)CC(C)CC
CSiC(SiC)CCC(C)C
CSiC(SiC)CCCCC
CSiCC(C(C)(C)C)CSi
CSiCC(C(C)(Si)C)CC
CSiCC(C(C)C)(Si)CC
CSiCC(C(C)C)CCSi
CSiCC(C(C)C)CSiC
CSiCC(C(C)C)SiCC
CSiCC(C(Si)C)C(C)C
CSiCC(C(Si)C)CCC
CSiCC(C)(C(C)C)CSi
CSiCC(C)(C(Si)C)CC
CSiCC(C)(C)C(C)(Si)C
CSiCC(C)(C)C(C)CSi
CSiCC(C)(C)C(C)SiC
CSiCC(C)(C)C(Si)CC
CSiCC(C)(C)CC(Si)C
CSiCC(C)(C)CCCSi
CSiCC(C)(C)CSi(C)C
CSiCC(C)(C)CSiCC
CSiCC(C)(C)Si(C)(C)C
CSiCC(C)(C)Si(C)CC
CSiCC(C)(C)SiC(C)C
CSiCC(C)(C)SiCCC
CSiCC(C)(CC)CCSi
CSiCC(C)(CC)CSiC
CSiCC(C)(CC)SiCC
CSiCC(C)(CSi)CCC
CSiCC(C)(Si(C)C)CC
CSiCC(C)(Si)C(C)(C)C
CSiCC(C)(Si)C(C)CC
CSiCC(C)(Si)CC(C)C
CSiCC(C)(Si)CCCC
CSiCC(C)(SiC)C(C)C
CSiCC(C)(SiC)CCC
CSiCC(C)C(C)(C)CSi
CSiCC(C)C(C)(C)SiC
CSiCC(C)C(C)(Si)CC
CSiCC(C)C(C)C(Si)C
CSiCC(C)C(C)CCSi
CSiCC(C)C(C)CSiC
CSiCC(C)C(C)Si(C)C
CSiCC(C)C(C)SiCC
CSiCC(C)C(CSi)CC
CSiCC(C)C(Si)C(C)C
CSiCC(C)C(Si)CCC
CSiCC(C)C(SiC)CC
CSiCC(C)CC(C)(Si)C
CSiCC(C)CC(C)CSi
CSiCC(C)CC(C)SiC
CSiCC(C)CC(Si)CC
CSiCC(C)CCC(Si)C
CSiCC(C)CCCCSi
CSiCC(C)CCSi(C)C
CSiCC(C)CCSiCC
CSiCC(C)CSi(C)(C)C
CSiCC(C)CSi(C)CC
CSiCC(C)CSiC(C)C
CSiCC(C)CSiCCC
CSiCC(C)Si(C)(C)CC
CSiCC(C)Si(C)C(C)C
CSiCC(C)Si(C)CCC
CSiCC(C)Si(CC)CC
CSiCC(C)SiC(C)(C)C
CSiCC(C)SiC(C)CC
CSiCC(C)SiCC(C)C
CSiCC(C)SiCCCC
CSiCC(CC)(CSi)CC
CSiCC(CC)(Si)CCC
CSiCC(CC)(SiC)CC
CSiCC(CC)C(C)CSi
CSiCC(CC)C(C)SiC
CSiCC(CC)C(Si)CC
CSiCC(CC)CC(Si)C
CSiCC(CC)CCCSi
CSiCC(CC)CSi(C)C
CSiCC(CC)CSiCC
CSiCC(CC)Si(C)CC
CSiCC(CC)SiC(C)C
CSiCC(CC)SiCCC
CSiCC(CCSi)CCC
CSiCC(CSi)C(C)CC
CSiCC(CSi)CC(C)C
CSiCC(CSi)CCCC
CSiCC(CSiC)CCC
CSiCC(Si(C)(C)C)CC
CSiCC(Si(C)C)C(C)C
CSiCC(Si(C)C)CCC
CSiCC(Si)C(C)(C)CC
CSiCC(Si)C(C)C(C)C
CSiCC(Si)C(C)CCC
CSiCC(Si)C(CC)CC
CSiCC(Si)CC(C)(C)C
CSiCC(Si)CC(C)CC
CSiCC(Si)CCC(C)C
CSiCC(Si)CCCCC
CSiCC(SiC)C(C)(C)C
CSiCC(SiC)C(C)CC
CSiCC(SiC)CC(C)C
CSiCC(SiC)CCCC
CSiCC(SiCC)CCC
CSiCCC(C(C)C)CSi
CSiCCC(C(Si)C)CC
CSiCCC(C)(C)C(Si)C
CSiCCC(C)(C)CCSi
CSiCCC(C)(C)CSiC
CSiCCC(C)(C)Si(C)C
CSiCCC(C)(C)SiCC
CSiCCC(C)(CSi)CC
CSiCCC(C)(Si)C(C)C
CSiCCC(C)(Si)CCC
CSiCCC(C)(SiC)CC
CSiCCC(C)C(C)(Si)C
CSiCCC(C)C(C)CSi
CSiCCC(C)C(C)SiC
CSiCCC(C)C(Si)CC
CSiCCC(C)CC(Si)C
CSiCCC(C)CCCSi
CSiCCC(C)CCSiC
CSiCCC(C)CSi(C)C
CSiCCC(C)CSiCC
CSiCCC(C)Si(C)(C)C
CSiCCC(C)Si(C)CC
CSiCCC(C)SiC(C)C
CSiCCC(C)SiCCC
CSiCCC(CC)(Si)CC
CSiCCC(CC)CCSi
CSiCCC(CC)CSiC
CSiCCC(CC)SiCC
CSiCCC(CSi)CCC
CSiCCC(Si(C)C)CC
CSiCCC(Si)C(C)(C)C
CSiCCC(Si)C(C)CC
CSiCCC(Si)CC(C)C
CSiCCC(Si)CCCC
CSiCCC(SiC)C(C)C
CSiCCC(SiC)CCC
CSiCCCC(C)(C)CSi
CSiCCCC(C)(C)SiC
CSiCCCC(C)(Si)CC
CSiCCCC(C)C(Si)C
CSiCCCC(C)CCSi
CSiCCCC(C)CSiC
CSiCCCC(C)Si(C)C
CSiCCCC(C)SiCC
CSiCCCC(CSi)CC
CSiCCCC(Si)C(C)C
CSiCCCC(Si)CCC
CSiCCCC(SiC)CC
CSiCCCCC(C)(Si)C
CSiCCCCC(C)CSi
CSiCCCCC(C)SiC
CSiCCCCC(Si)CC
CSiCCCCCC(Si)C
CSiCCCCCCCSi
CSiCCCCCCSiC
CSiCCCCCSi(C)C
CSiCCCCCSiCC
CSiCCCCSi(C)(C)C
CSiCCCCSi(C)CC
CSiCCCCSiC(C)C
CSiCCCCSiCCC
CSiCCCSi(C)(C)CC
CSiCCCSi(C)C(C)C
CSiCCCSi(C)CCC
CSiCCCSi(CC)CC
CSiCCCSiC(C)(C)C
CSiCCCSiC(C)CC
CSiCCCSiCC(C)C
CSiCCCSiCCCC
CSiCCSi(C(C)C)CC
CSiCCSi(C)(C)C(C)C
CSiCCSi(C)(C)CCC
CSiCCSi(C)(CC)CC
CSiCCSi(C)C(C)(C)C
CSiCCSi(C)C(C)CC
CSiCCSi(C)CC(C)C
CSiCCSi(C)CCCC
CSiCCSi(CC)CCC
CSiCCSiC(C)(C)CC
CSiCCSiC(C)C(C)C
CSiCCSiC(C)CCC
CSiCCSiC(CC)CC
CSiCCSiCC(C)(C)C
CSiCCSiCC(C)CC
CSiCCSiCCC(C)C
CSiCCSiCCCCC
CSiCSi(C(C)(C)C)CC
CSiCSi(C(C)C)C(C)C
CSiCSi(C(C)C)CCC
CSiCSi(C)(C(C)C)CC
CSiCSi(C)(C)C(C)(C)C
CSiCSi(C)(C)C(C)CC
CSiCSi(C)(C)CC(C)C
CSiCSi(C)(C)CCCC
CSiCSi(C)(CC)CCC
CSiCSi(C)C(C)(C)CC
CSiCSi(C)C(C)C(C)C
CSiCSi(C)C(C)CCC
CSiCSi(C)C(CC)CC
CSiCSi(C)CC(C)(C)C
CSiCSi(C)CC(C)CC
CSiCSi(C)CCC(C)C
CSiCSi(C)CCCCC
CSiCSi(CC)(CC)CC
CSiCSi(CC)C(C)CC
CSiCSi(CC)CC(C)C
CSiCSi(CC)CCCC
CSiCSi(CCC)CCC
CSiCSiC(C(C)C)CC
CSiCSiC(C)(C)C(C)C
CSiCSiC(C)(C)CCC
CSiCSiC(C)(CC)CC
CSiCSiC(C)C(C)(C)C
CSiCSiC(C)C(C)CC
CSiCSiC(C)CC(C)C
CSiCSiC(C)CCCC
CSiCSiC(CC)CCC
CSiCSiCC(C)(C)CC
CSiCSiCC(C)C(C)C
CSiCSiCC(C)CCC
CSiCSiCC(CC)CC
CSiCSiCCC(C)(C)C
CSiCSiCCC(C)CC
CSiCSiCCCC(C)C
CSiCSiCCCCCC
CSiSi(C(C)(C)C)C(C)C
CSiSi(C(C)(C)C)CCC
CSiSi(C(C)C)C(C)CC
CSiSi(C(C)C)CC(C)C
CSiSi(C(C)C)CCCC
CSiSi(C)(C(C)(C)C)CC
CSiSi(C)(C(C)C)C(C)C
CSiSi(C)(C(C)C)CCC
CSiSi(C)(C)C(C)(C)CC
CSiSi(C)(C)C(C)C(C)C
CSiSi(C)(C)C(C)CCC
CSiSi(C)(C)C(CC)CC
CSiSi(C)(C)CC(C)(C)C
CSiSi(C)(C)CC(C)CC
CSiSi(C)(C)CCC(C)C
CSiSi(C)(C)CCCCC
CSiSi(C)(CC)C(C)CC
CSiSi(C)(CC)CC(C)C
CSiSi(C)(CC)CCCC
CSiSi(C)C(C(C)C)CC
CSiSi(C)C(C)(C)C(C)C
CSiSi(C)C(C)(C)CCC
CSiSi(C)C(C)(CC)CC
CSiSi(C)C(C)C(C)(C)C
CSiSi(C)C(C)C(C)CC
CSiSi(C)C(C)CC(C)C
CSiSi(C)C(C)CCCC
CSiSi(C)C(CC)CCC
CSiSi(C)CC(C)(C)CC
CSiSi(C)CC(C)C(C)C
CSiSi(C)CC(C)CCC
CSiSi(C)CC(CC)CC
CSiSi(C)CCC(C)(C)C
CSiSi(C)CCC(C)CC
CSiSi(C)CCCC(C)C
CSiSi(C)CCCCCC
CSiSi(CC)(C(C)C)CC
CSiSi(CC)(CC)CCC
CSiSi(CC)C(C)(C)CC
CSiSi(CC)C(C)C(C)C
CSiSi(CC)C(C)CCC
CSiSi(CC)C(CC)CC
CSiSi(CC)CC(C)(C)C
CSiSi(CC)CC(C)CC
CSiSi(CC)CCC(C)C
CSiSi(CC)CCCCC
CSiSiC(C(C)(C)C)CC
CSiSiC(C(C)C)C(C)C
CSiSiC(C(C)C)CCC
CSiSiC(C)(C(C)C)CC
CSiSiC(C)(C)C(C)(C)C
CSiSiC(C)(C)C(C)CC
CSiSiC(C)(C)CC(C)C
CSiSiC(C)(C)CCCC
CSiSiC(C)(CC)CCC
CSiSiC(C)C(C)(C)CC
CSiSiC(C)C(C)C(C)C
CSiSiC(C)C(C)CCC
CSiSiC(C)C(CC)CC
CSiSiC(C)CC(C)(C)C
CSiSiC(C)CC(C)CC
CSiSiC(C)CCC(C)C
CSiSiC(C)CCCCC
CSiSiC(CC)(CC)CC
CSiSiC(CC)C(C)CC
CSiSiC(CC)CC(C)C
CSiSiC(CC)CCCC
CSiSiC(CCC)CCC
CSiSiCC(C(C)C)CC
CSiSiCC(C)(C)C(C)C
CSiSiCC(C)(C)CCC
CSiSiCC(C)(CC)CC
CSiSiCC(C)C(C)(C)C
CSiSiCC(C)C(C)CC
CSiSiCC(C)CC(C)C
CSiSiCC(C)CCCC
CSiSiCC(CC)CCC
CSiSiCCC(C)(C)CC
CSiSiCCC(C)C(C)C
CSiSiCCC(C)CCC
CSiSiCCC(CC)CC
CSiSiCCCC(C)(C)C
CSiSiCCCC(C)CC
CSiSiCCCCC(C)C
CSiSiCCCCCCC
SiCC(C)(C)C(C)(C)CSi
SiCC(C)C(C)C(C)CSi
SiCC(C)CC(C)(C)CSi
SiCC(C)CCC(C)CSi
SiCCC(C(C)C)CCSi
SiCCC(C)(C)C(C)CSi
SiCCC(C)(CC)CCSi
SiCCC(C)C(C)(C)CSi
SiCCC(C)C(C)CCSi
SiCCC(C)CC(C)CSi
SiCCC(CC)C(C)CSi
SiCCCC(C)(C)CCSi
SiCCCC(C)C(C)CSi
SiCCCC(C)CCCSi
SiCCCC(CC)CCSi
SiCCCCC(C)(C)CSi
SiCCCCC(C)CCSi
SiCCCCCC(C)CSi
SiCCCCCCCCSi
