CC(C)(C)C(C)(C)CCCl
CC(C)(C)C(C)C(C)(Cl)C
CC(C)(C)C(C)C(C)CCl
CC(C)(C)C(C)CCCCl
CC(C)(C)C(Cl)C(C)(C)C
CC(C)(C)CC(C)(C)CCl
CC(C)(C)CC(C)CCCl
CC(C)(C)CCC(C)(Cl)C
CC(C)(C)CCC(C)CCl
CC(C)(C)CCCCCCl
CC(C)C(C(C)(C)C)CCl
CC(C)C(C(C)C)CCCl
CC(C)C(C(Cl)C)C(C)C
CC(C)C(C)(C(C)C)CCl
CC(C)C(C)(C)C(C)(Cl)C
CC(C)C(C)(C)C(C)CCl
CC(C)C(C)(C)CC(Cl)C
CC(C)C(C)(C)CCCCl
CC(C)C(C)(Cl)C(C)(C)C
CC(C)C(C)C(C)(C)CCl
CC(C)C(C)C(C)C(Cl)C
CC(C)C(C)C(C)CCCl
CC(C)C(C)C(Cl)C(C)C
CC(C)C(C)CC(C)(Cl)C
CC(C)C(C)CC(C)CCl
CC(C)C(C)CCC(Cl)C
CC(C)C(C)CCCCCl
CC(C)C(Cl)CC(C)(C)C
CC(C)CC(C(C)C)CCl
CC(C)CC(C)(C)C(Cl)C
CC(C)CC(C)(C)CCCl
CC(C)CC(C)(Cl)C(C)C
CC(C)CC(C)C(C)(Cl)C
CC(C)CC(C)C(C)CCl
CC(C)CC(C)CC(Cl)C
CC(C)CC(C)CCCCl
CC(C)CC(CC)CCCl
CC(C)CC(Cl)C(C)(C)C
CC(C)CC(Cl)CC(C)C
CC(C)CCC(C)(C)CCl
CC(C)CCC(C)C(Cl)C
CC(C)CCC(C)CCCl
CC(C)CCC(Cl)C(C)C
CC(C)CCCC(C)(Cl)C
CC(C)CCCC(C)CCl
CC(C)CCCCC(Cl)C
CC(C)CCCCCCCl
CC(Cl)C(C)(C)C(C)(C)C
CC(Cl)C(C)CC(C)(C)C
CC(Cl)CC(C)C(C)(C)C
CC(Cl)CCCC(C)(C)C
CCC(C(C)(C)C)(Cl)CC
CCC(C(C)(C)C)C(Cl)C
CCC(C(C)(C)C)CCCl
CCC(C(C)(Cl)C)C(C)C
CCC(C(C)C)(Cl)C(C)C
CCC(C(C)C)C(C)CCl
CCC(C(C)C)C(Cl)CC
CCC(C(C)C)CC(Cl)C
CCC(C(C)C)CCCCl
CCC(C(Cl)C)C(C)CC
CCC(C(Cl)C)CC(C)C
CCC(C)(C(C)(C)C)CCl
CCC(C)(C(C)(Cl)C)CC
CCC(C)(C(C)C)CCCl
CCC(C)(C(Cl)C)C(C)C
CCC(C)(C)C(C)(C)CCl
CCC(C)(C)C(C)(Cl)CC
CCC(C)(C)C(C)C(Cl)C
CCC(C)(C)C(C)CCCl
CCC(C)(C)C(Cl)C(C)C
CCC(C)(C)CC(C)(Cl)C
CCC(C)(C)CC(C)CCl
CCC(C)(C)CCC(Cl)C
CCC(C)(C)CCCCCl
CCC(C)(CC)C(C)CCl
CCC(C)(CC)CC(Cl)C
CCC(C)(CC)CCCCl
CCC(C)(CCl)CC(C)C
CCC(C)(Cl)C(C)C(C)C
CCC(C)(Cl)CC(C)(C)C
CCC(C)(Cl)CCC(C)C
CCC(C)C(C(C)C)CCl
CCC(C)C(C)(C)C(Cl)C
CCC(C)C(C)(C)CCCl
CCC(C)C(C)(CCl)CC
CCC(C)C(C)(Cl)C(C)C
CCC(C)C(C)C(C)(Cl)C
CCC(C)C(C)C(C)CCl
CCC(C)C(C)C(Cl)CC
CCC(C)C(C)CC(Cl)C
CCC(C)C(C)CCCCl
CCC(C)C(CC)(Cl)CC
CCC(C)C(CC)CCCl
CCC(C)C(Cl)C(C)(C)C
CCC(C)C(Cl)C(C)CC
CCC(C)C(Cl)CC(C)C
CCC(C)CC(C)(C)CCl
CCC(C)CC(C)(Cl)CC
CCC(C)CC(C)C(Cl)C
CCC(C)CC(C)CCCl
CCC(C)CC(Cl)C(C)C
CCC(C)CCC(C)(Cl)C
CCC(C)CCC(C)CCl
CCC(C)CCC(Cl)CC
CCC(C)CCCC(Cl)C
CCC(C)CCCCCCl
CCC(CC)(C(Cl)C)CC
CCC(CC)(CC)CCCl
CCC(CC)(Cl)CC(C)C
CCC(CC)C(C)(C)CCl
CCC(CC)C(C)(Cl)CC
CCC(CC)C(C)C(Cl)C
CCC(CC)C(C)CCCl
CCC(CC)C(CCl)CC
CCC(CC)C(Cl)C(C)C
CCC(CC)CC(C)(Cl)C
CCC(CC)CC(C)CCl
CCC(CC)CC(Cl)CC
CCC(CC)CCC(Cl)C
CCC(CC)CCCCCl
CCC(CCl)(C(C)C)CC
CCC(CCl)C(C)(C)CC
CCC(CCl)C(C)C(C)C
CCC(CCl)CC(C)(C)C
CCC(CCl)CC(C)CC
CCC(CCl)CCC(C)C
CCC(Cl)C(C)(C)C(C)C
CCC(Cl)C(C)(CC)CC
CCC(Cl)C(C)C(C)(C)C
CCC(Cl)C(C)CC(C)C
CCC(Cl)CC(C)(C)CC
CCC(Cl)CC(C)C(C)C
CCC(Cl)CCC(C)(C)C
CCC(Cl)CCCC(C)C
CCCC(C(C)(C)C)CCl
CCCC(C(C)(Cl)C)CC
CCCC(C(C)C)(Cl)CC
CCCC(C(C)C)CCCl
CCCC(C(Cl)C)C(C)C
CCCC(C(Cl)C)CCC
CCCC(C)(C(C)C)CCl
CCCC(C)(C(Cl)C)CC
CCCC(C)(C)C(C)(Cl)C
CCCC(C)(C)C(C)CCl
CCCC(C)(C)C(Cl)CC
CCCC(C)(C)CC(Cl)C
CCCC(C)(C)CCCCl
CCCC(C)(CC)CCCl
CCCC(C)(CCl)CCC
CCCC(C)(Cl)C(C)(C)C
CCCC(C)(Cl)C(C)CC
CCCC(C)(Cl)CC(C)C
CCCC(C)C(C)(C)CCl
CCCC(C)C(C)(Cl)CC
CCCC(C)C(C)C(Cl)C
CCCC(C)C(C)CCCl
CCCC(C)C(CCl)CC
CCCC(C)C(Cl)C(C)C
CCCC(C)C(Cl)CCC
CCCC(C)CC(C)(Cl)C
CCCC(C)CC(C)CCl
CCCC(C)CC(Cl)CC
CCCC(C)CCC(Cl)C
CCCC(C)CCCCCl
CCCC(CC)(CCl)CC
CCCC(CC)(Cl)CCC
CCCC(CC)C(C)CCl
CCCC(CC)C(Cl)CC
CCCC(CC)CC(Cl)C
CCCC(CC)CCCCl
CCCC(CCCl)CCC
CCCC(CCl)C(C)CC
CCCC(CCl)CC(C)C
CCCC(Cl)C(C)(C)CC
CCCC(Cl)C(C)C(C)C
CCCC(Cl)C(CC)CC
CCCC(Cl)CC(C)(C)C
CCCC(Cl)CC(C)CC
CCCC(Cl)CCC(C)C
CCCCC(C(C)C)CCl
CCCCC(C(Cl)C)CC
CCCCC(C)(C)C(Cl)C
CCCCC(C)(C)CCCl
CCCCC(C)(CCl)CC
CCCCC(C)(Cl)C(C)C
CCCCC(C)(Cl)CCC
CCCCC(C)C(C)(Cl)C
CCCCC(C)C(C)CCl
CCCCC(C)C(Cl)CC
CCCCC(C)CC(Cl)C
CCCCC(C)CCCCl
CCCCC(CC)(Cl)CC
CCCCC(CC)CCCl
CCCCC(CCl)CCC
CCCCC(Cl)C(C)(C)C
CCCCC(Cl)C(C)CC
CCCCC(Cl)CC(C)C
CCCCC(Cl)CCCC
CCCCCC(C)(C)CCl
CCCCCC(C)(Cl)CC
CCCCCC(C)C(Cl)C
CCCCCC(C)CCCl
CCCCCC(CCl)CC
CCCCCC(Cl)C(C)C
CCCCCC(Cl)CCC
CCCCCCC(C)(Cl)C
CCCCCCC(C)CCl
CCCCCCC(Cl)CC
CCCCCCCC(Cl)C
CCCCCCCCCCl
