CC(C)(C)C(C)(C)CCN
CC(C)(C)C(C)(C)CNC
CC(C)(C)C(C)(C)N(C)C
CC(C)(C)C(C)C(C)(N)C
CC(C)(C)C(C)C(C)CN
CC(C)(C)C(C)C(C)NC
CC(C)(C)C(C)CCCN
CC(C)(C)C(C)CCNC
CC(C)(C)C(C)CN(C)C
CC(C)(C)C(N)C(C)(C)C
CC(C)(C)CC(C)(C)CN
CC(C)(C)CC(C)(C)NC
CC(C)(C)CC(C)CCN
CC(C)(C)CC(C)CNC
CC(C)(C)CC(C)N(C)C
CC(C)(C)CCC(C)(N)C
CC(C)(C)CCC(C)CN
CC(C)(C)CCC(C)NC
CC(C)(C)CCCCCN
CC(C)(C)CCCCNC
CC(C)(C)CCCN(C)C
CC(C)(C)CNC(C)(C)C
CC(C)(C)N(C)C(C)(C)C
CC(C)C(C(C)(C)C)CN
CC(C)C(C(C)C)CCN
CC(C)C(C(C)C)CNC
CC(C)C(C(N)C)C(C)C
CC(C)C(C)(C(C)C)CN
CC(C)C(C)(C)C(C)(N)C
CC(C)C(C)(C)C(C)CN
CC(C)C(C)(C)C(C)NC
CC(C)C(C)(C)CC(N)C
CC(C)C(C)(C)CCCN
CC(C)C(C)(C)CCNC
CC(C)C(C)(C)CN(C)C
CC(C)C(C)(C)NC(C)C
CC(C)C(C)(N)C(C)(C)C
CC(C)C(C)(NC)C(C)C
CC(C)C(C)C(C)(C)CN
CC(C)C(C)C(C)(C)NC
CC(C)C(C)C(C)C(N)C
CC(C)C(C)C(C)CCN
CC(C)C(C)C(C)CNC
CC(C)C(C)C(C)N(C)C
CC(C)C(C)C(N)C(C)C
CC(C)C(C)CC(C)(N)C
CC(C)C(C)CC(C)CN
CC(C)C(C)CC(C)NC
CC(C)C(C)CCC(N)C
CC(C)C(C)CCCCN
CC(C)C(C)CCCNC
CC(C)C(C)CCN(C)C
CC(C)C(C)CNC(C)C
CC(C)C(C)N(C)C(C)C
CC(C)C(C)NC(C)(C)C
CC(C)C(N(C)C)C(C)C
CC(C)C(N)CC(C)(C)C
CC(C)C(NC)C(C)(C)C
CC(C)CC(C(C)C)CN
CC(C)CC(C)(C)C(N)C
CC(C)CC(C)(C)CCN
CC(C)CC(C)(C)CNC
CC(C)CC(C)(C)N(C)C
CC(C)CC(C)(N)C(C)C
CC(C)CC(C)C(C)(N)C
CC(C)CC(C)C(C)CN
CC(C)CC(C)C(C)NC
CC(C)CC(C)CC(N)C
CC(C)CC(C)CCCN
CC(C)CC(C)CCNC
CC(C)CC(C)CN(C)C
CC(C)CC(C)NC(C)C
CC(C)CC(CC)CCN
CC(C)CC(CC)CNC
CC(C)CC(N)C(C)(C)C
CC(C)CC(N)CC(C)C
CC(C)CC(NC)C(C)C
CC(C)CCC(C)(C)CN
CC(C)CCC(C)(C)NC
CC(C)CCC(C)C(N)C
CC(C)CCC(C)CCN
CC(C)CCC(C)CNC
CC(C)CCC(C)N(C)C
CC(C)CCC(N)C(C)C
CC(C)CCCC(C)(N)C
CC(C)CCCC(C)CN
CC(C)CCCC(C)NC
CC(C)CCCCC(N)C
CC(C)CCCCCCN
CC(C)CCCCCNC
CC(C)CCCCN(C)C
CC(C)CCCNC(C)C
CC(C)CCN(C)C(C)C
CC(C)CCNC(C)(C)C
CC(C)CCNCC(C)C
CC(C)CN(C)C(C)(C)C
CC(C)CN(C)CC(C)C
CC(C)CNC(C)C(C)C
CC(C)CNCC(C)(C)C
CC(C)N(C(C)C)C(C)C
CC(C)N(C)CC(C)(C)C
CC(C)NC(C)C(C)(C)C
CC(C)NCCC(C)(C)C
CC(N)C(C)(C)C(C)(C)C
CC(N)C(C)CC(C)(C)C
CC(N)CC(C)C(C)(C)C
CC(N)CCCC(C)(C)C
CCC(C(C)(C)C)(N)CC
CCC(C(C)(C)C)C(N)C
CCC(C(C)(C)C)CCN
CCC(C(C)(C)C)CNC
CCC(C(C)(C)C)NCC
CCC(C(C)(N)C)C(C)C
CCC(C(C)C)(N)C(C)C
CCC(C(C)C)(NC)CC
CCC(C(C)C)C(C)CN
CCC(C(C)C)C(C)NC
CCC(C(C)C)C(N)CC
CCC(C(C)C)CC(N)C
CCC(C(C)C)CCCN
CCC(C(C)C)CCNC
CCC(C(C)C)CN(C)C
CCC(C(C)C)CNCC
CCC(C(C)C)N(C)CC
CCC(C(C)C)NC(C)C
CCC(C(N)C)C(C)CC
CCC(C(N)C)CC(C)C
CCC(C)(C(C)(C)C)CN
CCC(C)(C(C)(N)C)CC
CCC(C)(C(C)C)CCN
CCC(C)(C(C)C)CNC
CCC(C)(C(C)C)NCC
CCC(C)(C(N)C)C(C)C
CCC(C)(C)C(C)(C)CN
CCC(C)(C)C(C)(C)NC
CCC(C)(C)C(C)(N)CC
CCC(C)(C)C(C)C(N)C
CCC(C)(C)C(C)CCN
CCC(C)(C)C(C)CNC
CCC(C)(C)C(C)N(C)C
CCC(C)(C)C(C)NCC
CCC(C)(C)C(N)C(C)C
CCC(C)(C)CC(C)(N)C
CCC(C)(C)CC(C)CN
CCC(C)(C)CC(C)NC
CCC(C)(C)CCC(N)C
CCC(C)(C)CCCCN
CCC(C)(C)CCCNC
CCC(C)(C)CCN(C)C
CCC(C)(C)CCNCC
CCC(C)(C)CN(C)CC
CCC(C)(C)CNC(C)C
CCC(C)(C)N(C)C(C)C
CCC(C)(C)N(CC)CC
CCC(C)(C)NC(C)(C)C
CCC(C)(C)NCC(C)C
CCC(C)(CC)C(C)CN
CCC(C)(CC)C(C)NC
CCC(C)(CC)CC(N)C
CCC(C)(CC)CCCN
CCC(C)(CC)CCNC
CCC(C)(CC)CN(C)C
CCC(C)(CC)CNCC
CCC(C)(CC)N(C)CC
CCC(C)(CC)NC(C)C
CCC(C)(CN)CC(C)C
CCC(C)(N(C)C)C(C)C
CCC(C)(N)C(C)C(C)C
CCC(C)(N)CC(C)(C)C
CCC(C)(N)CCC(C)C
CCC(C)(NC)C(C)(C)C
CCC(C)(NC)CC(C)C
CCC(C)C(C(C)C)CN
CCC(C)C(C)(C)C(N)C
CCC(C)C(C)(C)CCN
CCC(C)C(C)(C)CNC
CCC(C)C(C)(C)N(C)C
CCC(C)C(C)(C)NCC
CCC(C)C(C)(CN)CC
CCC(C)C(C)(N)C(C)C
CCC(C)C(C)(NC)CC
CCC(C)C(C)C(C)(N)C
CCC(C)C(C)C(C)CN
CCC(C)C(C)C(C)NC
CCC(C)C(C)C(N)CC
CCC(C)C(C)CC(N)C
CCC(C)C(C)CCCN
CCC(C)C(C)CCNC
CCC(C)C(C)CN(C)C
CCC(C)C(C)CNCC
CCC(C)C(C)N(C)CC
CCC(C)C(C)NC(C)C
CCC(C)C(CC)(N)CC
CCC(C)C(CC)CCN
CCC(C)C(CC)CNC
CCC(C)C(CC)NCC
CCC(C)C(N(C)C)CC
CCC(C)C(N)C(C)(C)C
CCC(C)C(N)C(C)CC
CCC(C)C(N)CC(C)C
CCC(C)C(NC)C(C)C
CCC(C)CC(C)(C)CN
CCC(C)CC(C)(C)NC
CCC(C)CC(C)(N)CC
CCC(C)CC(C)C(N)C
CCC(C)CC(C)CCN
CCC(C)CC(C)CNC
CCC(C)CC(C)N(C)C
CCC(C)CC(C)NCC
CCC(C)CC(N)C(C)C
CCC(C)CC(NC)CC
CCC(C)CCC(C)(N)C
CCC(C)CCC(C)CN
CCC(C)CCC(C)NC
CCC(C)CCC(N)CC
CCC(C)CCCC(N)C
CCC(C)CCCCCN
CCC(C)CCCCNC
CCC(C)CCCN(C)C
CCC(C)CCCNCC
CCC(C)CCN(C)CC
CCC(C)CCNC(C)C
CCC(C)CN(C)C(C)C
CCC(C)CN(CC)CC
CCC(C)CNC(C)(C)C
CCC(C)CNC(C)CC
CCC(C)CNCC(C)C
CCC(C)N(C(C)C)CC
CCC(C)N(C)C(C)(C)C
CCC(C)N(C)C(C)CC
CCC(C)N(C)CC(C)C
CCC(C)NC(C)(C)CC
CCC(C)NC(C)C(C)C
CCC(C)NCC(C)(C)C
CCC(C)NCCC(C)C
CCC(CC)(C(N)C)CC
CCC(CC)(CC)CCN
CCC(CC)(CC)CNC
CCC(CC)(CC)NCC
CCC(CC)(N(C)C)CC
CCC(CC)(N)CC(C)C
CCC(CC)C(C)(C)CN
CCC(CC)C(C)(C)NC
CCC(CC)C(C)(N)CC
CCC(CC)C(C)C(N)C
CCC(CC)C(C)CCN
CCC(CC)C(C)CNC
CCC(CC)C(C)N(C)C
CCC(CC)C(C)NCC
CCC(CC)C(CN)CC
CCC(CC)C(N)C(C)C
CCC(CC)C(NC)CC
CCC(CC)CC(C)(N)C
CCC(CC)CC(C)CN
CCC(CC)CC(C)NC
CCC(CC)CC(N)CC
CCC(CC)CCC(N)C
CCC(CC)CCCCN
CCC(CC)CCCNC
CCC(CC)CCN(C)C
CCC(CC)CCNCC
CCC(CC)CN(C)CC
CCC(CC)CNC(C)C
CCC(CC)N(C)C(C)C
CCC(CC)N(CC)CC
CCC(CC)NC(C)(C)C
CCC(CC)NC(C)CC
CCC(CC)NCC(C)C
CCC(CN)(C(C)C)CC
CCC(CN)C(C)(C)CC
CCC(CN)C(C)C(C)C
CCC(CN)CC(C)(C)C
CCC(CN)CC(C)CC
CCC(CN)CCC(C)C
CCC(N(C)C)C(C)(C)C
CCC(N(C)C)CC(C)C
CCC(N)C(C)(C)C(C)C
CCC(N)C(C)(CC)CC
CCC(N)C(C)C(C)(C)C
CCC(N)C(C)CC(C)C
CCC(N)CC(C)(C)CC
CCC(N)CC(C)C(C)C
CCC(N)CCC(C)(C)C
CCC(N)CCCC(C)C
CCC(NC)C(C)(C)CC
CCC(NC)C(C)C(C)C
CCC(NC)CC(C)(C)C
CCC(NC)CCC(C)C
CCCC(C(C)(C)C)CN
CCCC(C(C)(N)C)CC
CCCC(C(C)C)(N)CC
CCCC(C(C)C)CCN
CCCC(C(C)C)CNC
CCCC(C(C)C)NCC
CCCC(C(N)C)C(C)C
CCCC(C(N)C)CCC
CCCC(C)(C(C)C)CN
CCCC(C)(C(N)C)CC
CCCC(C)(C)C(C)(N)C
CCCC(C)(C)C(C)CN
CCCC(C)(C)C(C)NC
CCCC(C)(C)C(N)CC
CCCC(C)(C)CC(N)C
CCCC(C)(C)CCCN
CCCC(C)(C)CCNC
CCCC(C)(C)CN(C)C
CCCC(C)(C)CNCC
CCCC(C)(C)N(C)CC
CCCC(C)(C)NC(C)C
CCCC(C)(C)NCCC
CCCC(C)(CC)CCN
CCCC(C)(CC)CNC
CCCC(C)(CC)NCC
CCCC(C)(CN)CCC
CCCC(C)(N(C)C)CC
CCCC(C)(N)C(C)(C)C
CCCC(C)(N)C(C)CC
CCCC(C)(N)CC(C)C
CCCC(C)(NC)C(C)C
CCCC(C)(NC)CCC
CCCC(C)C(C)(C)CN
CCCC(C)C(C)(C)NC
CCCC(C)C(C)(N)CC
CCCC(C)C(C)C(N)C
CCCC(C)C(C)CCN
CCCC(C)C(C)CNC
CCCC(C)C(C)N(C)C
CCCC(C)C(C)NCC
CCCC(C)C(CN)CC
CCCC(C)C(N)C(C)C
CCCC(C)C(N)CCC
CCCC(C)C(NC)CC
CCCC(C)CC(C)(N)C
CCCC(C)CC(C)CN
CCCC(C)CC(C)NC
CCCC(C)CC(N)CC
CCCC(C)CCC(N)C
CCCC(C)CCCCN
CCCC(C)CCCNC
CCCC(C)CCN(C)C
CCCC(C)CCNCC
CCCC(C)CN(C)CC
CCCC(C)CNC(C)C
CCCC(C)CNCCC
CCCC(C)N(C)C(C)C
CCCC(C)N(C)CCC
CCCC(C)N(CC)CC
CCCC(C)NC(C)(C)C
CCCC(C)NC(C)CC
CCCC(C)NCC(C)C
CCCC(CC)(CN)CC
CCCC(CC)(N)CCC
CCCC(CC)(NC)CC
CCCC(CC)C(C)CN
CCCC(CC)C(C)NC
CCCC(CC)C(N)CC
CCCC(CC)CC(N)C
CCCC(CC)CCCN
CCCC(CC)CCNC
CCCC(CC)CN(C)C
CCCC(CC)CNCC
CCCC(CC)N(C)CC
CCCC(CC)NC(C)C
CCCC(CC)NCCC
CCCC(CCN)CCC
CCCC(CN)C(C)CC
CCCC(CN)CC(C)C
CCCC(CNC)CCC
CCCC(N(C)C)C(C)C
CCCC(N(C)C)CCC
CCCC(N)C(C)(C)CC
CCCC(N)C(C)C(C)C
CCCC(N)C(CC)CC
CCCC(N)CC(C)(C)C
CCCC(N)CC(C)CC
CCCC(N)CCC(C)C
CCCC(NC)C(C)(C)C
CCCC(NC)C(C)CC
CCCC(NC)CC(C)C
CCCC(NCC)CCC
CCCCC(C(C)C)CN
CCCCC(C(N)C)CC
CCCCC(C)(C)C(N)C
CCCCC(C)(C)CCN
CCCCC(C)(C)CNC
CCCCC(C)(C)N(C)C
CCCCC(C)(C)NCC
CCCCC(C)(CN)CC
CCCCC(C)(N)C(C)C
CCCCC(C)(N)CCC
CCCCC(C)(NC)CC
CCCCC(C)C(C)(N)C
CCCCC(C)C(C)CN
CCCCC(C)C(C)NC
CCCCC(C)C(N)CC
CCCCC(C)CC(N)C
CCCCC(C)CCCN
CCCCC(C)CCNC
CCCCC(C)CN(C)C
CCCCC(C)CNCC
CCCCC(C)N(C)CC
CCCCC(C)NC(C)C
CCCCC(C)NCCC
CCCCC(CC)(N)CC
CCCCC(CC)CCN
CCCCC(CC)CNC
CCCCC(CC)NCC
CCCCC(CN)CCC
CCCCC(N(C)C)CC
CCCCC(N)C(C)(C)C
CCCCC(N)C(C)CC
CCCCC(N)CC(C)C
CCCCC(N)CCCC
CCCCC(NC)C(C)C
CCCCC(NC)CCC
CCCCCC(C)(C)CN
CCCCCC(C)(C)NC
CCCCCC(C)(N)CC
CCCCCC(C)C(N)C
CCCCCC(C)CCN
CCCCCC(C)CNC
CCCCCC(C)N(C)C
CCCCCC(C)NCC
CCCCCC(CN)CC
CCCCCC(N)C(C)C
CCCCCC(N)CCC
CCCCCC(NC)CC
CCCCCCC(C)(N)C
CCCCCCC(C)CN
CCCCCCC(C)NC
CCCCCCC(N)CC
CCCCCCCC(N)C
CCCCCCCCCN
CCCCCCCCNC
CCCCCCCN(C)C
CCCCCCCNCC
CCCCCCN(C)CC
CCCCCCNC(C)C
CCCCCCNCCC
CCCCCN(C)C(C)C
CCCCCN(C)CCC
CCCCCN(CC)CC
CCCCCNC(C)(C)C
CCCCCNC(C)CC
CCCCCNCC(C)C
CCCCCNCCCC
CCCCN(C(C)C)CC
CCCCN(C)C(C)(C)C
CCCCN(C)C(C)CC
CCCCN(C)CC(C)C
CCCCN(C)CCCC
CCCCN(CC)CCC
CCCCNC(C)(C)CC
CCCCNC(C)C(C)C
CCCCNC(C)CCC
CCCCNC(CC)CC
CCCCNCC(C)(C)C
CCCCNCC(C)CC
CCCCNCCC(C)C
CCCN(C(C)(C)C)CC
CCCN(C(C)C)C(C)C
CCCN(C(C)C)CCC
CCCN(C)C(C)(C)CC
CCCN(C)C(C)C(C)C
CCCN(C)C(CC)CC
CCCN(C)CC(C)(C)C
CCCN(C)CC(C)CC
CCCN(C)CCC(C)C
CCCN(CC)C(C)CC
CCCN(CC)CC(C)C
CCCN(CCC)CCC
CCCNC(C(C)C)CC
CCCNC(C)(C)C(C)C
CCCNC(C)(CC)CC
CCCNC(C)C(C)(C)C
CCCNC(C)C(C)CC
CCCNC(C)CC(C)C
CCCNCC(C)(C)CC
CCCNCC(C)C(C)C
CCCNCC(CC)CC
CCCNCCC(C)(C)C
CCCNCCC(C)CC
CCCNCCCC(C)C
CCN(C(C)(C)C)C(C)C
CCN(C(C)C)CC(C)C
CCN(C)C(C)(C)C(C)C
CCN(C)C(C)C(C)(C)C
CCN(C)C(C)CC(C)C
CCN(C)CC(C)C(C)C
CCN(C)CCC(C)(C)C
CCN(C)CCCC(C)C
CCN(CC)C(C)C(C)C
CCN(CC)CC(C)(C)C
CCN(CC)CCC(C)C
CCNC(C(C)C)C(C)C
CCNC(C)(C)C(C)(C)C
CCNC(C)(C)CC(C)C
CCNC(C)C(C)C(C)C
CCNC(C)CC(C)(C)C
CCNC(C)CCC(C)C
CCNC(CC)CC(C)C
CCNCC(C)(C)C(C)C
CCNCC(C)C(C)(C)C
CCNCC(C)CC(C)C
CCNCCC(C)C(C)C
CCNCCCC(C)(C)C
CCNCCCCC(C)C
