CC(C)(C)C(C)(C)CCO
CC(C)(C)C(C)C(C)(O)C
CC(C)(C)C(C)C(C)CO
CC(C)(C)C(C)CCCO
CC(C)(C)C(O)C(C)(C)C
CC(C)(C)CC(C)(C)CO
CC(C)(C)CC(C)CCO
CC(C)(C)CCC(C)(O)C
CC(C)(C)CCC(C)CO
CC(C)(C)CCCCCO
CC(C)(C)COC(C)(C)C
CC(C)C(C(C)(C)C)CO
CC(C)C(C(C)C)CCO
CC(C)C(C(O)C)C(C)C
CC(C)C(C)(C(C)C)CO
CC(C)C(C)(C)C(C)(O)C
CC(C)C(C)(C)C(C)CO
CC(C)C(C)(C)CC(O)C
CC(C)C(C)(C)CCCO
CC(C)C(C)(C)OC(C)C
CC(C)C(C)(O)C(C)(C)C
CC(C)C(C)C(C)(C)CO
CC(C)C(C)C(C)C(O)C
CC(C)C(C)C(C)CCO
CC(C)C(C)C(O)C(C)C
CC(C)C(C)CC(C)(O)C
CC(C)C(C)CC(C)CO
CC(C)C(C)CCC(O)C
CC(C)C(C)CCCCO
CC(C)C(C)COC(C)C
CC(C)C(C)OC(C)(C)C
CC(C)C(O)CC(C)(C)C
CC(C)CC(C(C)C)CO
CC(C)CC(C)(C)C(O)C
CC(C)CC(C)(C)CCO
CC(C)CC(C)(O)C(C)C
CC(C)CC(C)C(C)(O)C
CC(C)CC(C)C(C)CO
CC(C)CC(C)CC(O)C
CC(C)CC(C)CCCO
CC(C)CC(C)OC(C)C
CC(C)CC(CC)CCO
CC(C)CC(O)C(C)(C)C
CC(C)CC(O)CC(C)C
CC(C)CCC(C)(C)CO
CC(C)CCC(C)C(O)C
CC(C)CCC(C)CCO
CC(C)CCC(O)C(C)C
CC(C)CCCC(C)(O)C
CC(C)CCCC(C)CO
CC(C)CCCCC(O)C
CC(C)CCCCCCO
CC(C)CCCOC(C)C
CC(C)CCOC(C)(C)C
CC(C)COC(C)C(C)C
CC(C)COCC(C)(C)C
CC(C)COCCC(C)C
CC(C)OC(C)C(C)(C)C
CC(C)OCCC(C)(C)C
CC(O)C(C)(C)C(C)(C)C
CC(O)C(C)CC(C)(C)C
CC(O)CC(C)C(C)(C)C
CC(O)CCCC(C)(C)C
CCC(C(C)(C)C)(O)CC
CCC(C(C)(C)C)C(O)C
CCC(C(C)(C)C)CCO
CCC(C(C)(O)C)C(C)C
CCC(C(C)C)(O)C(C)C
CCC(C(C)C)C(C)CO
CCC(C(C)C)C(O)CC
CCC(C(C)C)CC(O)C
CCC(C(C)C)CCCO
CCC(C(C)C)OC(C)C
CCC(C(O)C)C(C)CC
CCC(C(O)C)CC(C)C
CCC(C)(C(C)(C)C)CO
CCC(C)(C(C)(O)C)CC
CCC(C)(C(C)C)CCO
CCC(C)(C(O)C)C(C)C
CCC(C)(C)C(C)(C)CO
CCC(C)(C)C(C)(O)CC
CCC(C)(C)C(C)C(O)C
CCC(C)(C)C(C)CCO
CCC(C)(C)C(O)C(C)C
CCC(C)(C)CC(C)(O)C
CCC(C)(C)CC(C)CO
CCC(C)(C)CCC(O)C
CCC(C)(C)CCCCO
CCC(C)(C)COC(C)C
CCC(C)(C)OC(C)(C)C
CCC(C)(C)OCC(C)C
CCC(C)(CC)C(C)CO
CCC(C)(CC)CC(O)C
CCC(C)(CC)CCCO
CCC(C)(CC)OC(C)C
CCC(C)(CO)CC(C)C
CCC(C)(O)C(C)C(C)C
CCC(C)(O)CC(C)(C)C
CCC(C)(O)CCC(C)C
CCC(C)C(C(C)C)CO
CCC(C)C(C)(C)C(O)C
CCC(C)C(C)(C)CCO
CCC(C)C(C)(CO)CC
CCC(C)C(C)(O)C(C)C
CCC(C)C(C)C(C)(O)C
CCC(C)C(C)C(C)CO
CCC(C)C(C)C(O)CC
CCC(C)C(C)CC(O)C
CCC(C)C(C)CCCO
CCC(C)C(C)OC(C)C
CCC(C)C(CC)(O)CC
CCC(C)C(CC)CCO
CCC(C)C(O)C(C)(C)C
CCC(C)C(O)C(C)CC
CCC(C)C(O)CC(C)C
CCC(C)CC(C)(C)CO
CCC(C)CC(C)(O)CC
CCC(C)CC(C)C(O)C
CCC(C)CC(C)CCO
CCC(C)CC(O)C(C)C
CCC(C)CCC(C)(O)C
CCC(C)CCC(C)CO
CCC(C)CCC(O)CC
CCC(C)CCCC(O)C
CCC(C)CCCCCO
CCC(C)CCOC(C)C
CCC(C)COC(C)(C)C
CCC(C)COC(C)CC
CCC(C)COCC(C)C
CCC(C)OC(C)(C)CC
CCC(C)OC(C)C(C)C
CCC(C)OCC(C)(C)C
CCC(C)OCCC(C)C
CCC(CC)(C(O)C)CC
CCC(CC)(CC)CCO
CCC(CC)(O)CC(C)C
CCC(CC)C(C)(C)CO
CCC(CC)C(C)(O)CC
CCC(CC)C(C)C(O)C
CCC(CC)C(C)CCO
CCC(CC)C(CO)CC
CCC(CC)C(O)C(C)C
CCC(CC)CC(C)(O)C
CCC(CC)CC(C)CO
CCC(CC)CC(O)CC
CCC(CC)CCC(O)C
CCC(CC)CCCCO
CCC(CC)COC(C)C
CCC(CC)OC(C)(C)C
CCC(CC)OC(C)CC
CCC(CC)OCC(C)C
CCC(CO)(C(C)C)CC
CCC(CO)C(C)(C)CC
CCC(CO)C(C)C(C)C
CCC(CO)CC(C)(C)C
CCC(CO)CC(C)CC
CCC(CO)CCC(C)C
CCC(O)C(C)(C)C(C)C
CCC(O)C(C)(CC)CC
CCC(O)C(C)C(C)(C)C
CCC(O)C(C)CC(C)C
CCC(O)CC(C)(C)CC
CCC(O)CC(C)C(C)C
CCC(O)CCC(C)(C)C
CCC(O)CCCC(C)C
CCCC(C(C)(C)C)CO
CCCC(C(C)(O)C)CC
CCCC(C(C)C)(O)CC
CCCC(C(C)C)CCO
CCCC(C(O)C)C(C)C
CCCC(C(O)C)CCC
CCCC(C)(C(C)C)CO
CCCC(C)(C(O)C)CC
CCCC(C)(C)C(C)(O)C
CCCC(C)(C)C(C)CO
CCCC(C)(C)C(O)CC
CCCC(C)(C)CC(O)C
CCCC(C)(C)CCCO
CCCC(C)(C)OC(C)C
CCCC(C)(CC)CCO
CCCC(C)(CO)CCC
CCCC(C)(O)C(C)(C)C
CCCC(C)(O)C(C)CC
CCCC(C)(O)CC(C)C
CCCC(C)(OC)CCC
CCCC(C)C(C)(C)CO
CCCC(C)C(C)(O)CC
CCCC(C)C(C)C(O)C
CCCC(C)C(C)CCO
CCCC(C)C(CO)CC
CCCC(C)C(O)C(C)C
CCCC(C)C(O)CCC
CCCC(C)CC(C)(O)C
CCCC(C)CC(C)CO
CCCC(C)CC(O)CC
CCCC(C)CCC(O)C
CCCC(C)CCCCO
CCCC(C)COC(C)C
CCCC(C)OC(C)(C)C
CCCC(C)OC(C)CC
CCCC(C)OCC(C)C
CCCC(CC)(CO)CC
CCCC(CC)(O)CCC
CCCC(CC)C(C)CO
CCCC(CC)C(O)CC
CCCC(CC)CC(O)C
CCCC(CC)CCCO
CCCC(CC)OC(C)C
CCCC(CCO)CCC
CCCC(CO)C(C)CC
CCCC(CO)CC(C)C
CCCC(O)C(C)(C)CC
CCCC(O)C(C)C(C)C
CCCC(O)C(CC)CC
CCCC(O)CC(C)(C)C
CCCC(O)CC(C)CC
CCCC(O)CCC(C)C
CCCC(OC)C(C)CC
CCCC(OC)CC(C)C
CCCCC(C(C)C)CO
CCCCC(C(O)C)CC
CCCCC(C)(C)C(O)C
CCCCC(C)(C)CCO
CCCCC(C)(CO)CC
CCCCC(C)(O)C(C)C
CCCCC(C)(O)CCC
CCCCC(C)C(C)(O)C
CCCCC(C)C(C)CO
CCCCC(C)C(O)CC
CCCCC(C)CC(O)C
CCCCC(C)CCCO
CCCCC(C)OC(C)C
CCCCC(CC)(O)CC
CCCCC(CC)CCO
CCCCC(CO)CCC
CCCCC(O)C(C)(C)C
CCCCC(O)C(C)CC
CCCCC(O)CC(C)C
CCCCC(O)CCCC
CCCCC(OC)CCC
CCCCCC(C)(C)CO
CCCCCC(C)(O)CC
CCCCCC(C)C(O)C
CCCCCC(C)CCO
CCCCCC(CO)CC
CCCCCC(O)C(C)C
CCCCCC(O)CCC
CCCCCCC(C)(O)C
CCCCCCC(C)CO
CCCCCCC(O)CC
CCCCCCCC(O)C
CCCCCCCCCO
CCCCCCOC(C)C
CCCCCOC(C)(C)C
CCCCCOC(C)CC
CCCCCOCC(C)C
CCCCOC(C)(C)CC
CCCCOC(C)C(C)C
CCCCOC(C)CCC
CCCCOC(CC)CC
CCCCOCC(C)(C)C
CCCCOCC(C)CC
CCCCOCCC(C)C
CCCCOCCCCC
CCCOC(C(C)C)CC
CCCOC(C)(C)C(C)C
CCCOC(C)(C)CCC
CCCOC(C)(CC)CC
CCCOC(C)C(C)(C)C
CCCOC(C)C(C)CC
CCCOC(C)CC(C)C
CCCOC(C)CCCC
CCCOC(CC)CCC
CCCOCC(C)(C)CC
CCCOCC(C)C(C)C
CCCOCC(C)CCC
CCCOCC(CC)CC
CCCOCCC(C)(C)C
CCCOCCC(C)CC
CCCOCCCC(C)C
CCCOCCCCCC
CCOC(C(C)(C)C)CC
CCOC(C(C)C)C(C)C
CCOC(C(C)C)CCC
CCOC(C)(C(C)C)CC
CCOC(C)(C)C(C)(C)C
CCOC(C)(C)C(C)CC
CCOC(C)(C)CC(C)C
CCOC(C)(C)CCCC
CCOC(C)(CC)CCC
CCOC(C)C(C)(C)CC
CCOC(C)C(C)C(C)C
CCOC(C)C(C)CCC
CCOC(C)C(CC)CC
CCOC(C)CC(C)(C)C
CCOC(C)CC(C)CC
CCOC(C)CCC(C)C
CCOC(C)CCCCC
CCOC(CC)(CC)CC
CCOC(CC)C(C)CC
CCOC(CC)CC(C)C
CCOC(CC)CCCC
CCOC(CCC)CCC
CCOCC(C(C)C)CC
CCOCC(C)(C)C(C)C
CCOCC(C)(C)CCC
CCOCC(C)(CC)CC
CCOCC(C)C(C)(C)C
CCOCC(C)C(C)CC
CCOCC(C)CC(C)C
CCOCC(C)CCCC
CCOCC(CC)CCC
CCOCCC(C)(C)CC
CCOCCC(C)C(C)C
CCOCCC(C)CCC
CCOCCC(CC)CC
CCOCCCC(C)(C)C
CCOCCCC(C)CC
CCOCCCCC(C)C
CCOCCCCCCC
COC(C(C)(C)C)C(C)C
COC(C(C)(C)C)CCC
COC(C(C)C)C(C)CC
COC(C(C)C)CC(C)C
COC(C(C)C)CCCC
COC(C)(C(C)(C)C)CC
COC(C)(C(C)C)C(C)C
COC(C)(C(C)C)CCC
COC(C)(C)C(C)(C)CC
COC(C)(C)C(C)C(C)C
COC(C)(C)C(C)CCC
COC(C)(C)C(CC)CC
COC(C)(C)CC(C)(C)C
COC(C)(C)CC(C)CC
COC(C)(C)CCC(C)C
COC(C)(C)CCCCC
COC(C)(CC)C(C)CC
COC(C)(CC)CC(C)C
COC(C)(CC)CCCC
COC(C)C(C(C)C)CC
COC(C)C(C)(C)C(C)C
COC(C)C(C)(C)CCC
COC(C)C(C)(CC)CC
COC(C)C(C)C(C)(C)C
COC(C)C(C)C(C)CC
COC(C)C(C)CC(C)C
COC(C)C(C)CCCC
COC(C)C(CC)CCC
COC(C)CC(C)(C)CC
COC(C)CC(C)C(C)C
COC(C)CC(C)CCC
COC(C)CC(CC)CC
COC(C)CCC(C)(C)C
COC(C)CCC(C)CC
COC(C)CCCC(C)C
COC(C)CCCCCC
COC(CC)(C(C)C)CC
COC(CC)(CC)CCC
COC(CC)C(C)(C)CC
COC(CC)C(C)C(C)C
COC(CC)C(C)CCC
COC(CC)C(CC)CC
COC(CC)CC(C)(C)C
COC(CC)CC(C)CC
COC(CC)CCC(C)C
COC(CC)CCCCC
COCC(C(C)(C)C)CC
COCC(C(C)C)C(C)C
COCC(C(C)C)CCC
COCC(C)(C(C)C)CC
COCC(C)(C)C(C)(C)C
COCC(C)(C)C(C)CC
COCC(C)(C)CC(C)C
COCC(C)(C)CCCC
COCC(C)(CC)CCC
COCC(C)C(C)(C)CC
COCC(C)C(C)C(C)C
COCC(C)C(C)CCC
COCC(C)C(CC)CC
COCC(C)CC(C)(C)C
COCC(C)CC(C)CC
COCC(C)CCC(C)C
COCC(C)CCCCC
COCC(CC)(CC)CC
COCC(CC)C(C)CC
COCC(CC)CC(C)C
COCC(CC)CCCC
COCC(CCC)CCC
COCCC(C(C)C)CC
COCCC(C)(C)C(C)C
COCCC(C)(C)CCC
COCCC(C)(CC)CC
COCCC(C)C(C)(C)C
COCCC(C)C(C)CC
COCCC(C)CC(C)C
COCCC(C)CCCC
COCCC(CC)CCC
COCCCC(C)(C)CC
COCCCC(C)C(C)C
COCCCC(C)CCC
COCCCC(CC)CC
COCCCCC(C)(C)C
COCCCCC(C)CC
COCCCCCC(C)C
COCCCCCCCC
