CC(C)(C)C(C)(C)CCSi
CC(C)(C)C(C)C(C)(Si)C
CC(C)(C)C(C)C(C)CSi
CC(C)(C)C(C)CCCSi
CC(C)(C)C(Si)C(C)(C)C
CC(C)(C)CC(C)(C)CSi
CC(C)(C)CC(C)CCSi
CC(C)(C)CCC(C)(Si)C
CC(C)(C)CCC(C)CSi
CC(C)(C)CCCCCSi
CC(C)(C)CSiC(C)(C)C
CC(C)(C)Si(C)C(C)(C)C
CC(C)C(C(C)(C)C)CSi
CC(C)C(C(C)C)CCSi
CC(C)C(C(Si)C)C(C)C
CC(C)C(C)(C(C)C)CSi
CC(C)C(C)(C)C(C)(Si)C
CC(C)C(C)(C)C(C)CSi
CC(C)C(C)(C)CC(Si)C
CC(C)C(C)(C)CCCSi
CC(C)C(C)(C)SiC(C)C
CC(C)C(C)(Si)C(C)(C)C
CC(C)C(C)C(C)(C)CSi
CC(C)C(C)C(C)C(Si)C
CC(C)C(C)C(C)CCSi
CC(C)C(C)C(Si)C(C)C
CC(C)C(C)CC(C)(Si)C
CC(C)C(C)CC(C)CSi
CC(C)C(C)CCC(Si)C
CC(C)C(C)CCCCSi
CC(C)C(C)CSiC(C)C
CC(C)C(C)Si(C)C(C)C
CC(C)C(C)SiC(C)(C)C
CC(C)C(Si)CC(C)(C)C
CC(C)CC(C(C)C)CSi
CC(C)CC(C)(C)C(Si)C
CC(C)CC(C)(C)CCSi
CC(C)CC(C)(Si)C(C)C
CC(C)CC(C)C(C)(Si)C
CC(C)CC(C)C(C)CSi
CC(C)CC(C)CC(Si)C
CC(C)CC(C)CCCSi
CC(C)CC(C)SiC(C)C
CC(C)CC(CC)CCSi
CC(C)CC(Si)C(C)(C)C
CC(C)CC(Si)CC(C)C
CC(C)CCC(C)(C)CSi
CC(C)CCC(C)C(Si)C
CC(C)CCC(C)CCSi
CC(C)CCC(Si)C(C)C
CC(C)CCCC(C)(Si)C
CC(C)CCCC(C)CSi
CC(C)CCCCC(Si)C
CC(C)CCCCCCSi
CC(C)CCCSiC(C)C
CC(C)CCSi(C)C(C)C
CC(C)CCSiC(C)(C)C
CC(C)CSi(C)(C)C(C)C
CC(C)CSi(C)C(C)(C)C
CC(C)CSi(C)CC(C)C
CC(C)CSiC(C)C(C)C
CC(C)CSiCC(C)(C)C
CC(C)CSiCCC(C)C
CC(C)Si(C(C)C)C(C)C
CC(C)Si(C)(C)C(C)(C)C
CC(C)Si(C)CC(C)(C)C
CC(C)SiC(C)C(C)(C)C
CC(C)SiCCC(C)(C)C
CC(Si)C(C)(C)C(C)(C)C
CC(Si)C(C)CC(C)(C)C
CC(Si)CC(C)C(C)(C)C
CC(Si)CCCC(C)(C)C
CCC(C(C)(C)C)(Si)CC
CCC(C(C)(C)C)C(Si)C
CCC(C(C)(C)C)CCSi
CCC(C(C)(Si)C)C(C)C
CCC(C(C)C)(Si)C(C)C
CCC(C(C)C)C(C)CSi
CCC(C(C)C)C(Si)CC
CCC(C(C)C)CC(Si)C
CCC(C(C)C)CCCSi
CCC(C(C)C)SiC(C)C
CCC(C(Si)C)C(C)CC
CCC(C(Si)C)CC(C)C
CCC(C)(C(C)(C)C)CSi
CCC(C)(C(C)(Si)C)CC
CCC(C)(C(C)C)CCSi
CCC(C)(C(Si)C)C(C)C
CCC(C)(C)C(C)(C)CSi
CCC(C)(C)C(C)(Si)CC
CCC(C)(C)C(C)C(Si)C
CCC(C)(C)C(C)CCSi
CCC(C)(C)C(Si)C(C)C
CCC(C)(C)CC(C)(Si)C
CCC(C)(C)CC(C)CSi
CCC(C)(C)CCC(Si)C
CCC(C)(C)CCCCSi
CCC(C)(C)CSiC(C)C
CCC(C)(C)Si(C)C(C)C
CCC(C)(C)SiC(C)(C)C
CCC(C)(C)SiCC(C)C
CCC(C)(CC)C(C)CSi
CCC(C)(CC)CC(Si)C
CCC(C)(CC)CCCSi
CCC(C)(CC)SiC(C)C
CCC(C)(CSi)CC(C)C
CCC(C)(Si)C(C)C(C)C
CCC(C)(Si)CC(C)(C)C
CCC(C)(Si)CCC(C)C
CCC(C)C(C(C)C)CSi
CCC(C)C(C)(C)C(Si)C
CCC(C)C(C)(C)CCSi
CCC(C)C(C)(CSi)CC
CCC(C)C(C)(Si)C(C)C
CCC(C)C(C)C(C)(Si)C
CCC(C)C(C)C(C)CSi
CCC(C)C(C)C(Si)CC
CCC(C)C(C)CC(Si)C
CCC(C)C(C)CCCSi
CCC(C)C(C)SiC(C)C
CCC(C)C(CC)(Si)CC
CCC(C)C(CC)CCSi
CCC(C)C(Si)C(C)(C)C
CCC(C)C(Si)C(C)CC
CCC(C)C(Si)CC(C)C
CCC(C)CC(C)(C)CSi
CCC(C)CC(C)(Si)CC
CCC(C)CC(C)C(Si)C
CCC(C)CC(C)CCSi
CCC(C)CC(Si)C(C)C
CCC(C)CCC(C)(Si)C
CCC(C)CCC(C)CSi
CCC(C)CCC(Si)CC
CCC(C)CCCC(Si)C
CCC(C)CCCCCSi
CCC(C)CCSiC(C)C
CCC(C)CSi(C)C(C)C
CCC(C)CSiC(C)(C)C
CCC(C)CSiC(C)CC
CCC(C)CSiCC(C)C
CCC(C)Si(C)(C)C(C)C
CCC(C)Si(C)C(C)(C)C
CCC(C)Si(C)C(C)CC
CCC(C)Si(C)CC(C)C
CCC(C)SiC(C)(C)CC
CCC(C)SiC(C)C(C)C
CCC(C)SiCC(C)(C)C
CCC(C)SiCCC(C)C
CCC(CC)(C(Si)C)CC
CCC(CC)(CC)CCSi
CCC(CC)(Si)CC(C)C
CCC(CC)C(C)(C)CSi
CCC(CC)C(C)(Si)CC
CCC(CC)C(C)C(Si)C
CCC(CC)C(C)CCSi
CCC(CC)C(CSi)CC
CCC(CC)C(Si)C(C)C
CCC(CC)CC(C)(Si)C
CCC(CC)CC(C)CSi
CCC(CC)CC(Si)CC
CCC(CC)CCC(Si)C
CCC(CC)CCCCSi
CCC(CC)CSiC(C)C
CCC(CC)Si(C)C(C)C
CCC(CC)SiC(C)(C)C
CCC(CC)SiC(C)CC
CCC(CC)SiCC(C)C
CCC(CSi)(C(C)C)CC
CCC(CSi)C(C)(C)CC
CCC(CSi)C(C)C(C)C
CCC(CSi)CC(C)(C)C
CCC(CSi)CC(C)CC
CCC(CSi)CCC(C)C
CCC(Si)C(C)(C)C(C)C
CCC(Si)C(C)(CC)CC
CCC(Si)C(C)C(C)(C)C
CCC(Si)C(C)CC(C)C
CCC(Si)CC(C)(C)CC
CCC(Si)CC(C)C(C)C
CCC(Si)CCC(C)(C)C
CCC(Si)CCCC(C)C
CCCC(C(C)(C)C)CSi
CCCC(C(C)(Si)C)CC
CCCC(C(C)C)(Si)CC
CCCC(C(C)C)CCSi
CCCC(C(Si)C)C(C)C
CCCC(C(Si)C)CCC
CCCC(C)(C(C)C)CSi
CCCC(C)(C(Si)C)CC
CCCC(C)(C)C(C)(Si)C
CCCC(C)(C)C(C)CSi
CCCC(C)(C)C(Si)CC
CCCC(C)(C)CC(Si)C
CCCC(C)(C)CCCSi
CCCC(C)(C)SiC(C)C
CCCC(C)(CC)CCSi
CCCC(C)(CSi)CCC
CCCC(C)(Si)C(C)(C)C
CCCC(C)(Si)C(C)CC
CCCC(C)(Si)CC(C)C
CCCC(C)(SiC)CCC
CCCC(C)C(C)(C)CSi
CCCC(C)C(C)(Si)CC
CCCC(C)C(C)C(Si)C
CCCC(C)C(C)CCSi
CCCC(C)C(CSi)CC
CCCC(C)C(Si)C(C)C
CCCC(C)C(Si)CCC
CCCC(C)CC(C)(Si)C
CCCC(C)CC(C)CSi
CCCC(C)CC(Si)CC
CCCC(C)CCC(Si)C
CCCC(C)CCCCSi
CCCC(C)CSiC(C)C
CCCC(C)Si(C)C(C)C
CCCC(C)SiC(C)(C)C
CCCC(C)SiC(C)CC
CCCC(C)SiCC(C)C
CCCC(CC)(CSi)CC
CCCC(CC)(Si)CCC
CCCC(CC)C(C)CSi
CCCC(CC)C(Si)CC
CCCC(CC)CC(Si)C
CCCC(CC)CCCSi
CCCC(CC)SiC(C)C
CCCC(CCSi)CCC
CCCC(CSi)C(C)CC
CCCC(CSi)CC(C)C
CCCC(Si(C)C)CCC
CCCC(Si)C(C)(C)CC
CCCC(Si)C(C)C(C)C
CCCC(Si)C(CC)CC
CCCC(Si)CC(C)(C)C
CCCC(Si)CC(C)CC
CCCC(Si)CCC(C)C
CCCC(SiC)C(C)CC
CCCC(SiC)CC(C)C
CCCCC(C(C)C)CSi
CCCCC(C(Si)C)CC
CCCCC(C)(C)C(Si)C
CCCCC(C)(C)CCSi
CCCCC(C)(CSi)CC
CCCCC(C)(Si)C(C)C
CCCCC(C)(Si)CCC
CCCCC(C)C(C)(Si)C
CCCCC(C)C(C)CSi
CCCCC(C)C(Si)CC
CCCCC(C)CC(Si)C
CCCCC(C)CCCSi
CCCCC(C)SiC(C)C
CCCCC(CC)(Si)CC
CCCCC(CC)CCSi
CCCCC(CSi)CCC
CCCCC(Si)C(C)(C)C
CCCCC(Si)C(C)CC
CCCCC(Si)CC(C)C
CCCCC(Si)CCCC
CCCCC(SiC)CCC
CCCCCC(C)(C)CSi
CCCCCC(C)(Si)CC
CCCCCC(C)C(Si)C
CCCCCC(C)CCSi
CCCCCC(CSi)CC
CCCCCC(Si)C(C)C
CCCCCC(Si)CCC
CCCCCCC(C)(Si)C
CCCCCCC(C)CSi
CCCCCCC(Si)CC
CCCCCCCC(Si)C
CCCCCCCCCSi
CCCCCCSiC(C)C
CCCCCSi(C)C(C)C
CCCCCSiC(C)(C)C
CCCCCSiC(C)CC
CCCCCSiCC(C)C
CCCCSi(C)(C)C(C)C
CCCCSi(C)C(C)(C)C
CCCCSi(C)C(C)CC
CCCCSi(C)CC(C)C
CCCCSi(C)CCCC
CCCCSiC(C)(C)CC
CCCCSiC(C)C(C)C
CCCCSiC(C)CCC
CCCCSiC(CC)CC
CCCCSiCC(C)(C)C
CCCCSiCC(C)CC
CCCCSiCCC(C)C
CCCCSiCCCCC
CCCSi(C(C)C)C(C)C
CCCSi(C(C)C)CCC
CCCSi(C)(C)C(C)(C)C
CCCSi(C)(C)C(C)CC
CCCSi(C)(C)CC(C)C
CCCSi(C)(C)CCCC
CCCSi(C)(CC)CCC
CCCSi(C)C(C)(C)CC
CCCSi(C)C(C)C(C)C
CCCSi(C)C(C)CCC
CCCSi(C)C(CC)CC
CCCSi(C)CC(C)(C)C
CCCSi(C)CC(C)CC
CCCSi(C)CCC(C)C
CCCSi(C)CCCCC
CCCSi(CC)C(C)CC
CCCSi(CC)CC(C)C
CCCSi(CC)CCCC
CCCSi(CCC)CCC
CCCSiC(C(C)C)CC
CCCSiC(C)(C)C(C)C
CCCSiC(C)(C)CCC
CCCSiC(C)(CC)CC
CCCSiC(C)C(C)(C)C
CCCSiC(C)C(C)CC
CCCSiC(C)CC(C)C
CCCSiC(C)CCCC
CCCSiC(CC)CCC
CCCSiCC(C)(C)CC
CCCSiCC(C)C(C)C
CCCSiCC(C)CCC
CCCSiCC(CC)CC
CCCSiCCC(C)(C)C
CCCSiCCC(C)CC
CCCSiCCCC(C)C
CCCSiCCCCCC
CCSi(C(C)(C)C)C(C)C
CCSi(C(C)(C)C)CCC
CCSi(C(C)C)C(C)CC
CCSi(C(C)C)CC(C)C
CCSi(C(C)C)CCCC
CCSi(C)(C(C)(C)C)CC
CCSi(C)(C(C)C)C(C)C
CCSi(C)(C(C)C)CCC
CCSi(C)(C)C(C)(C)CC
CCSi(C)(C)C(C)C(C)C
CCSi(C)(C)C(C)CCC
CCSi(C)(C)C(CC)CC
CCSi(C)(C)CC(C)(C)C
CCSi(C)(C)CC(C)CC
CCSi(C)(C)CCC(C)C
CCSi(C)(C)CCCCC
CCSi(C)(CC)C(C)CC
CCSi(C)(CC)CC(C)C
CCSi(C)(CC)CCCC
CCSi(C)C(C(C)C)CC
CCSi(C)C(C)(C)C(C)C
CCSi(C)C(C)(C)CCC
CCSi(C)C(C)(CC)CC
CCSi(C)C(C)C(C)(C)C
CCSi(C)C(C)C(C)CC
CCSi(C)C(C)CC(C)C
CCSi(C)C(C)CCCC
CCSi(C)C(CC)CCC
CCSi(C)CC(C)(C)CC
CCSi(C)CC(C)C(C)C
CCSi(C)CC(C)CCC
CCSi(C)CC(CC)CC
CCSi(C)CCC(C)(C)C
CCSi(C)CCC(C)CC
CCSi(C)CCCC(C)C
CCSi(C)CCCCCC
CCSi(CC)(C(C)C)CC
CCSi(CC)(CC)CCC
CCSi(CC)C(C)(C)CC
CCSi(CC)C(C)C(C)C
CCSi(CC)C(C)CCC
CCSi(CC)C(CC)CC
CCSi(CC)CC(C)(C)C
CCSi(CC)CC(C)CC
CCSi(CC)CCC(C)C
CCSi(CC)CCCCC
CCSiC(C(C)(C)C)CC
CCSiC(C(C)C)C(C)C
CCSiC(C(C)C)CCC
CCSiC(C)(C(C)C)CC
CCSiC(C)(C)C(C)(C)C
CCSiC(C)(C)C(C)CC
CCSiC(C)(C)CC(C)C
CCSiC(C)(C)CCCC
CCSiC(C)(CC)CCC
CCSiC(C)C(C)(C)CC
CCSiC(C)C(C)C(C)C
CCSiC(C)C(C)CCC
CCSiC(C)C(CC)CC
CCSiC(C)CC(C)(C)C
CCSiC(C)CC(C)CC
CCSiC(C)CCC(C)C
CCSiC(C)CCCCC
CCSiC(CC)(CC)CC
CCSiC(CC)C(C)CC
CCSiC(CC)CC(C)C
CCSiC(CC)CCCC
CCSiC(CCC)CCC
CCSiCC(C(C)C)CC
CCSiCC(C)(C)C(C)C
CCSiCC(C)(C)CCC
CCSiCC(C)(CC)CC
CCSiCC(C)C(C)(C)C
CCSiCC(C)C(C)CC
CCSiCC(C)CC(C)C
CCSiCC(C)CCCC
CCSiCC(CC)CCC
CCSiCCC(C)(C)CC
CCSiCCC(C)C(C)C
CCSiCCC(C)CCC
CCSiCCC(CC)CC
CCSiCCCC(C)(C)C
CCSiCCCC(C)CC
CCSiCCCCC(C)C
CCSiCCCCCCC
CSi(C)(C)C(C(C)C)CC
CSi(C)(C)C(C)(C)C(C)C
CSi(C)(C)C(C)(C)CCC
CSi(C)(C)C(C)(CC)CC
CSi(C)(C)C(C)C(C)(C)C
CSi(C)(C)C(C)C(C)CC
CSi(C)(C)C(C)CC(C)C
CSi(C)(C)C(C)CCCC
CSi(C)(C)C(CC)CCC
CSi(C)(C)CC(C)(C)CC
CSi(C)(C)CC(C)C(C)C
CSi(C)(C)CC(C)CCC
CSi(C)(C)CC(CC)CC
CSi(C)(C)CCC(C)(C)C
CSi(C)(C)CCC(C)CC
CSi(C)(C)CCCC(C)C
CSi(C)(C)CCCCCC
CSi(C)C(C(C)(C)C)CC
CSi(C)C(C(C)C)C(C)C
CSi(C)C(C(C)C)CCC
CSi(C)C(C)(C(C)C)CC
CSi(C)C(C)(C)C(C)(C)C
CSi(C)C(C)(C)C(C)CC
CSi(C)C(C)(C)CC(C)C
CSi(C)C(C)(C)CCCC
CSi(C)C(C)(CC)CCC
CSi(C)C(C)C(C)(C)CC
CSi(C)C(C)C(C)C(C)C
CSi(C)C(C)C(C)CCC
CSi(C)C(C)C(CC)CC
CSi(C)C(C)CC(C)(C)C
CSi(C)C(C)CC(C)CC
CSi(C)C(C)CCC(C)C
CSi(C)C(C)CCCCC
CSi(C)C(CC)(CC)CC
CSi(C)C(CC)C(C)CC
CSi(C)C(CC)CC(C)C
CSi(C)C(CC)CCCC
CSi(C)CC(C(C)C)CC
CSi(C)CC(C)(C)C(C)C
CSi(C)CC(C)(C)CCC
CSi(C)CC(C)(CC)CC
CSi(C)CC(C)C(C)(C)C
CSi(C)CC(C)C(C)CC
CSi(C)CC(C)CC(C)C
CSi(C)CC(C)CCCC
CSi(C)CC(CC)CCC
CSi(C)CCC(C)(C)CC
CSi(C)CCC(C)C(C)C
CSi(C)CCC(C)CCC
CSi(C)CCC(CC)CC
CSi(C)CCCC(C)(C)C
CSi(C)CCCC(C)CC
CSi(C)CCCCC(C)C
CSi(C)CCCCCCC
CSiC(C(C)(C)C)C(C)C
CSiC(C(C)(C)C)CCC
CSiC(C(C)C)C(C)CC
CSiC(C(C)C)CC(C)C
CSiC(C(C)C)CCCC
CSiC(C)(C(C)(C)C)CC
CSiC(C)(C(C)C)C(C)C
CSiC(C)(C(C)C)CCC
CSiC(C)(C)C(C)(C)CC
CSiC(C)(C)C(C)C(C)C
CSiC(C)(C)C(C)CCC
CSiC(C)(C)C(CC)CC
CSiC(C)(C)CC(C)(C)C
CSiC(C)(C)CC(C)CC
CSiC(C)(C)CCC(C)C
CSiC(C)(C)CCCCC
CSiC(C)(CC)C(C)CC
CSiC(C)(CC)CC(C)C
CSiC(C)(CC)CCCC
CSiC(C)C(C(C)C)CC
CSiC(C)C(C)(C)C(C)C
CSiC(C)C(C)(C)CCC
CSiC(C)C(C)(CC)CC
CSiC(C)C(C)C(C)(C)C
CSiC(C)C(C)C(C)CC
CSiC(C)C(C)CC(C)C
CSiC(C)C(C)CCCC
CSiC(C)C(CC)CCC
CSiC(C)CC(C)(C)CC
CSiC(C)CC(C)C(C)C
CSiC(C)CC(C)CCC
CSiC(C)CC(CC)CC
CSiC(C)CCC(C)(C)C
CSiC(C)CCC(C)CC
CSiC(C)CCCC(C)C
CSiC(C)CCCCCC
CSiC(CC)(C(C)C)CC
CSiC(CC)(CC)CCC
CSiC(CC)C(C)(C)CC
CSiC(CC)C(C)C(C)C
CSiC(CC)C(C)CCC
CSiC(CC)C(CC)CC
CSiC(CC)CC(C)(C)C
CSiC(CC)CC(C)CC
CSiC(CC)CCC(C)C
CSiC(CC)CCCCC
CSiCC(C(C)(C)C)CC
CSiCC(C(C)C)C(C)C
CSiCC(C(C)C)CCC
CSiCC(C)(C(C)C)CC
CSiCC(C)(C)C(C)(C)C
CSiCC(C)(C)C(C)CC
CSiCC(C)(C)CC(C)C
CSiCC(C)(C)CCCC
CSiCC(C)(CC)CCC
CSiCC(C)C(C)(C)CC
CSiCC(C)C(C)C(C)C
CSiCC(C)C(C)CCC
CSiCC(C)C(CC)CC
CSiCC(C)CC(C)(C)C
CSiCC(C)CC(C)CC
CSiCC(C)CCC(C)C
CSiCC(C)CCCCC
CSiCC(CC)(CC)CC
CSiCC(CC)C(C)CC
CSiCC(CC)CC(C)C
CSiCC(CC)CCCC
CSiCC(CCC)CCC
CSiCCC(C(C)C)CC
CSiCCC(C)(C)C(C)C
CSiCCC(C)(C)CCC
CSiCCC(C)(CC)CC
CSiCCC(C)C(C)(C)C
CSiCCC(C)C(C)CC
CSiCCC(C)CC(C)C
CSiCCC(C)CCCC
CSiCCC(CC)CCC
CSiCCCC(C)(C)CC
CSiCCCC(C)C(C)C
CSiCCCC(C)CCC
CSiCCCC(CC)CC
CSiCCCCC(C)(C)C
CSiCCCCC(C)CC
CSiCCCCCC(C)C
CSiCCCCCCCC
