NN(N)N(N(N)N)N(N)N
NN(N)N(N)N(N)N(N)N
NN(N)NN(N)NN(N)N
NN(N)NNN(N)N(N)N
NN(N)NNNNN(N)N
NNN(N(N)N)N(N)NN
NNN(N(N)N)NN(N)N
NNN(N)N(N)N(N)NN
NNN(N)N(N)NN(N)N
NNN(N)NN(N)N(N)N
NNN(N)NNN(N)NN
NNN(N)NNNN(N)N
NNN(NN)N(N)N(N)N
NNN(NN)N(NN)NN
NNN(NN)NN(N)NN
NNN(NN)NNN(N)N
NNNN(N(N)N)N(N)N
NNNN(N(N)N)NNN
NNNN(N)N(N)N(N)N
NNNN(N)N(N)NNN
NNNN(N)N(NN)NN
NNNN(N)NN(N)NN
NNNN(N)NNN(N)N
NNNN(NN)N(N)NN
NNNN(NN)NN(N)N
NNNN(NNN)NNN
NNNNN(N(N)N)NN
NNNNN(N)N(N)NN
NNNNN(N)NN(N)N
NNNNN(N)NNNN
NNNNN(NN)NNN
NNNNNN(N)N(N)N
NNNNNN(N)NNN
NNNNNN(NN)NN
NNNNNNN(N)NN
NNNNNNNN(N)N
NNNNNNNNNN
