SiSi(Si)(Si)Si(Si)Si(Si)(Si)Si
SiSi(Si)(Si)SiSiSi(Si)(Si)Si
SiSi(Si)Si(Si(Si)Si)Si(Si)Si
SiSi(Si)Si(Si)(Si)Si(Si)(Si)Si
SiSi(Si)Si(Si)Si(Si)Si(Si)Si
SiSi(Si)Si(Si)SiSi(Si)(Si)Si
SiSi(Si)SiSi(Si)(Si)Si(Si)Si
SiSi(Si)SiSi(Si)Si(Si)(Si)Si
SiSi(Si)SiSi(Si)SiSi(Si)Si
SiSi(Si)SiSiSi(Si)Si(Si)Si
SiSi(Si)SiSiSiSi(Si)(Si)Si
SiSi(Si)SiSiSiSiSi(Si)Si
SiSiSi(Si(Si)(Si)Si)Si(Si)Si
SiSiSi(Si(Si)Si)Si(Si)SiSi
SiSiSi(Si(Si)Si)SiSi(Si)Si
SiSiSi(Si)(Si(Si)(Si)Si)SiSi
SiSiSi(Si)(Si(Si)Si)Si(Si)Si
SiSiSi(Si)(Si)Si(Si)(Si)SiSi
SiSiSi(Si)(Si)Si(Si)Si(Si)Si
SiSiSi(Si)(Si)SiSi(Si)(Si)Si
SiSiSi(Si)(Si)SiSiSi(Si)Si
SiSiSi(Si)(SiSi)SiSi(Si)Si
SiSiSi(Si)Si(Si)(Si)Si(Si)Si
SiSiSi(Si)Si(Si)(SiSi)SiSi
SiSiSi(Si)Si(Si)Si(Si)(Si)Si
SiSiSi(Si)Si(Si)Si(Si)SiSi
SiSiSi(Si)Si(Si)SiSi(Si)Si
SiSiSi(Si)SiSi(Si)(Si)SiSi
SiSiSi(Si)SiSi(Si)Si(Si)Si
SiSiSi(Si)SiSiSi(Si)(Si)Si
SiSiSi(Si)SiSiSi(Si)SiSi
SiSiSi(Si)SiSiSiSi(Si)Si
SiSiSi(SiSi)(Si(Si)Si)SiSi
SiSiSi(SiSi)Si(Si)(Si)SiSi
SiSiSi(SiSi)Si(Si)Si(Si)Si
SiSiSi(SiSi)Si(SiSi)SiSi
SiSiSi(SiSi)SiSi(Si)(Si)Si
SiSiSi(SiSi)SiSi(Si)SiSi
SiSiSi(SiSi)SiSiSi(Si)Si
SiSiSiSi(Si(Si)(Si)Si)SiSi
SiSiSiSi(Si(Si)Si)Si(Si)Si
SiSiSiSi(Si(Si)Si)SiSiSi
SiSiSiSi(Si)(Si(Si)Si)SiSi
SiSiSiSi(Si)(Si)Si(Si)(Si)Si
SiSiSiSi(Si)(Si)Si(Si)SiSi
SiSiSiSi(Si)(Si)SiSi(Si)Si
SiSiSiSi(Si)(SiSi)SiSiSi
SiSiSiSi(Si)Si(Si)(Si)SiSi
SiSiSiSi(Si)Si(Si)Si(Si)Si
SiSiSiSi(Si)Si(Si)SiSiSi
SiSiSiSi(Si)Si(SiSi)SiSi
SiSiSiSi(Si)SiSi(Si)(Si)Si
SiSiSiSi(Si)SiSi(Si)SiSi
SiSiSiSi(Si)SiSiSi(Si)Si
SiSiSiSi(SiSi)(SiSi)SiSi
SiSiSiSi(SiSi)Si(Si)SiSi
SiSiSiSi(SiSi)SiSi(Si)Si
SiSiSiSi(SiSiSi)SiSiSi
SiSiSiSiSi(Si(Si)Si)SiSi
SiSiSiSiSi(Si)(Si)Si(Si)Si
SiSiSiSiSi(Si)(Si)SiSiSi
SiSiSiSiSi(Si)(SiSi)SiSi
SiSiSiSiSi(Si)Si(Si)(Si)Si
SiSiSiSiSi(Si)Si(Si)SiSi
SiSiSiSiSi(Si)SiSi(Si)Si
SiSiSiSiSi(Si)SiSiSiSi
SiSiSiSiSi(SiSi)SiSiSi
SiSiSiSiSiSi(Si)(Si)SiSi
SiSiSiSiSiSi(Si)Si(Si)Si
SiSiSiSiSiSi(Si)SiSiSi
SiSiSiSiSiSi(SiSi)SiSi
SiSiSiSiSiSiSi(Si)(Si)Si
SiSiSiSiSiSiSi(Si)SiSi
SiSiSiSiSiSiSiSi(Si)Si
SiSiSiSiSiSiSiSiSiSi
